Namespace(K=1, Ks='[20, 40, 60]', batch_size=2048, batch_test_flag=True, context_hops=3, cuda=True, data_path='data/', dataset='yelp2018', dim=64, edge_dropout=False, edge_dropout_rate=0.1, epoch=1000, eps=0.01, gnn='lightgcn', gpu_id=1, l2=0.009, lr=0.005, mess_dropout=False, mess_dropout_rate=0.1, n_negs=64, ns='mixgcf', out_dir='./weights/yelp2018/', pool='mean', save=False, test_batch_size=2048, test_flag='part')
reading train and test user-item set ...
building the adj mat ...
loading over ...
卷积器不需要第0层embedding
拿这个最难的neg_item去和pos_item在每一个维度上自适应权重......
start training ...
epoch: 0 s: 0 batch_loss 0.6931500434875488 BPR_loss 0.6931484937667847 reg_loss 1.5453002788490267e-06
epoch: 0 s: 256000 batch_loss 0.6931474804878235 BPR_loss 0.6931473016738892 reg_loss 1.9117346994335094e-07
epoch: 0 s: 512000 batch_loss 0.6931472420692444 BPR_loss 0.6931471824645996 reg_loss 6.04577223839442e-08
epoch: 0 s: 768000 batch_loss 0.6931472420692444 BPR_loss 0.6931471824645996 reg_loss 3.436325002326157e-08
epoch: 0 s: 1024000 batch_loss 0.6931471824645996 BPR_loss 0.6931471824645996 reg_loss 2.337841031874177e-08
+-------+--------------------+-------------------+------------------+------------------------------------+------------------------------------+------------------------------------+------------------------------------+
| Epoch |  training time(s)  |   tesing time(s)  |       Loss       |               recall               |                ndcg                |             precision              |             hit_ratio              |
+-------+--------------------+-------------------+------------------+------------------------------------+------------------------------------+------------------------------------+------------------------------------+
|   0   | 204.16769528388977 | 35.11160349845886 | 418.660400390625 | [0.00031066 0.00058555 0.00088256] | [0.00025962 0.00036331 0.00046951] | [0.00015789 0.00014605 0.00014684] | [0.00315776 0.00574713 0.00865227] |
+-------+--------------------+-------------------+------------------+------------------------------------+------------------------------------+------------------------------------+------------------------------------+
epoch: 1 s: 0 batch_loss 0.6931471824645996 BPR_loss 0.6931471824645996 reg_loss 1.7193382717550776e-08
epoch: 1 s: 256000 batch_loss 0.6931471824645996 BPR_loss 0.6931471824645996 reg_loss 1.440270303021407e-08
epoch: 1 s: 512000 batch_loss 0.6931471824645996 BPR_loss 0.6931471824645996 reg_loss 1.1475775885116946e-08
epoch: 1 s: 768000 batch_loss 0.6931471824645996 BPR_loss 0.6931471824645996 reg_loss 9.59594892435689e-09
epoch: 1 s: 1024000 batch_loss 0.6931471824645996 BPR_loss 0.6931471824645996 reg_loss 8.0990671946779e-09
+-------+--------------------+-------------------+-------------------+------------------------------------+------------------------------------+------------------------------------+------------------------------------+
| Epoch |  training time(s)  |   tesing time(s)  |        Loss       |               recall               |                ndcg                |             precision              |             hit_ratio              |
+-------+--------------------+-------------------+-------------------+------------------------------------+------------------------------------+------------------------------------+------------------------------------+
|   1   | 205.53287482261658 | 34.05065965652466 | 418.6601257324219 | [0.0004857  0.00080489 0.00109639] | [0.0003269  0.00045262 0.00055718] | [0.00020999 0.0001871  0.00017473] | [0.00416825 0.00738916 0.01038904] |
+-------+--------------------+-------------------+-------------------+------------------------------------+------------------------------------+------------------------------------+------------------------------------+
epoch: 2 s: 0 batch_loss 0.6931471824645996 BPR_loss 0.6931471824645996 reg_loss 6.85723211546474e-09
epoch: 2 s: 256000 batch_loss 0.6931471824645996 BPR_loss 0.6931471824645996 reg_loss 6.431562393771628e-09
epoch: 2 s: 512000 batch_loss 0.6931471824645996 BPR_loss 0.6931471824645996 reg_loss 5.726471741240857e-09
epoch: 2 s: 768000 batch_loss 0.6931471824645996 BPR_loss 0.6931471824645996 reg_loss 5.009546555356792e-09
epoch: 2 s: 1024000 batch_loss 0.6931471824645996 BPR_loss 0.6931471824645996 reg_loss 4.6527239838667356e-09
+-------+--------------------+--------------------+-------------------+------------------------------------+------------------------------------+------------------------------------+------------------------------------+
| Epoch |  training time(s)  |   tesing time(s)   |        Loss       |               recall               |                ndcg                |             precision              |             hit_ratio              |
+-------+--------------------+--------------------+-------------------+------------------------------------+------------------------------------+------------------------------------+------------------------------------+
|   2   | 203.20429801940918 | 33.797250747680664 | 418.6601257324219 | [0.00049551 0.00086112 0.00119636] | [0.00039391 0.00052878 0.0006499 ] | [0.00024788 0.00021157 0.00020104] | [0.00495769 0.0084628  0.01187318] |
+-------+--------------------+--------------------+-------------------+------------------------------------+------------------------------------+------------------------------------+------------------------------------+
epoch: 3 s: 0 batch_loss 0.6931471824645996 BPR_loss 0.6931471824645996 reg_loss 4.023449573509197e-09
epoch: 3 s: 256000 batch_loss 0.6931471824645996 BPR_loss 0.6931471824645996 reg_loss 3.752930854972192e-09
epoch: 3 s: 512000 batch_loss 0.6931471824645996 BPR_loss 0.6931471824645996 reg_loss 3.4866010079070975e-09
epoch: 3 s: 768000 batch_loss 0.6931471824645996 BPR_loss 0.6931471824645996 reg_loss 3.3297948842658798e-09
epoch: 3 s: 1024000 batch_loss 0.6931471824645996 BPR_loss 0.6931471824645996 reg_loss 3.0458355837481577e-09
+-------+--------------------+-------------------+-------------------+------------------------------------+------------------------------------+------------------------------------+------------------------------------+
| Epoch |  training time(s)  |   tesing time(s)  |        Loss       |               recall               |                ndcg                |             precision              |             hit_ratio              |
+-------+--------------------+-------------------+-------------------+------------------------------------+------------------------------------+------------------------------------+------------------------------------+
|   3   | 201.81794667243958 | 34.42147898674011 | 418.6601257324219 | [0.00051456 0.00093932 0.00123963] | [0.00041493 0.00056568 0.00067394] | [0.00025578 0.00022025 0.00020262] | [0.005084   0.008747   0.01193634] |
+-------+--------------------+-------------------+-------------------+------------------------------------+------------------------------------+------------------------------------+------------------------------------+
epoch: 4 s: 0 batch_loss 0.6931471824645996 BPR_loss 0.6931471824645996 reg_loss 2.661033615680708e-09
epoch: 4 s: 256000 batch_loss 0.6931471824645996 BPR_loss 0.6931471824645996 reg_loss 2.513229402367756e-09
epoch: 4 s: 512000 batch_loss 0.6931471824645996 BPR_loss 0.6931471824645996 reg_loss 2.5079909260483646e-09
epoch: 4 s: 768000 batch_loss 0.6931471824645996 BPR_loss 0.6931471824645996 reg_loss 2.2634916163610797e-09
epoch: 4 s: 1024000 batch_loss 0.6931471824645996 BPR_loss 0.6931471824645996 reg_loss 2.152810374411729e-09
+-------+--------------------+--------------------+-------------------+------------------------------------+------------------------------------+------------------------------------+------------------------------------+
| Epoch |  training time(s)  |   tesing time(s)   |        Loss       |               recall               |                ndcg                |             precision              |             hit_ratio              |
+-------+--------------------+--------------------+-------------------+------------------------------------+------------------------------------+------------------------------------+------------------------------------+
|   4   | 202.20852160453796 | 35.090795278549194 | 418.6601257324219 | [0.00053621 0.0009211  0.00133181] | [0.00042821 0.00057582 0.00072002] | [0.00026841 0.00023288 0.00022315] | [0.00527346 0.00915751 0.01288367] |
+-------+--------------------+--------------------+-------------------+------------------------------------+------------------------------------+------------------------------------+------------------------------------+
epoch: 5 s: 0 batch_loss 0.6931471824645996 BPR_loss 0.6931471824645996 reg_loss 1.995288156919628e-09
epoch: 5 s: 256000 batch_loss 0.6931471824645996 BPR_loss 0.6931471824645996 reg_loss 1.8967936110669825e-09
epoch: 5 s: 512000 batch_loss 0.6931471824645996 BPR_loss 0.6931471824645996 reg_loss 1.7911754301991323e-09
epoch: 5 s: 768000 batch_loss 0.6931471824645996 BPR_loss 0.6931471824645996 reg_loss 1.6941315017504621e-09
epoch: 5 s: 1024000 batch_loss 0.6931471824645996 BPR_loss 0.6931471824645996 reg_loss 1.6669869928875869e-09
+-------+--------------------+-------------------+-------------------+------------------------------------+------------------------------------+------------------------------------+------------------------------------+
| Epoch |  training time(s)  |   tesing time(s)  |        Loss       |               recall               |                ndcg                |             precision              |             hit_ratio              |
+-------+--------------------+-------------------+-------------------+------------------------------------+------------------------------------+------------------------------------+------------------------------------+
|   5   | 215.23154640197754 | 48.34773635864258 | 418.6601257324219 | [0.00053031 0.00089122 0.00136706] | [0.0004173  0.00055323 0.00071705] | [0.00026209 0.00022183 0.00022052] | [0.00517873 0.00868384 0.01285209] |
+-------+--------------------+-------------------+-------------------+------------------------------------+------------------------------------+------------------------------------+------------------------------------+
epoch: 6 s: 0 batch_loss 0.6931471824645996 BPR_loss 0.6931471824645996 reg_loss 1.4745205056954092e-09
epoch: 6 s: 256000 batch_loss 0.6931471824645996 BPR_loss 0.6931471824645996 reg_loss 1.5288543764313545e-09
epoch: 6 s: 512000 batch_loss 0.6931471824645996 BPR_loss 0.6931471824645996 reg_loss 1.3896342965225017e-09
epoch: 6 s: 768000 batch_loss 0.6931471824645996 BPR_loss 0.6931471824645996 reg_loss 1.3678778110204348e-09
epoch: 6 s: 1024000 batch_loss 0.6931471824645996 BPR_loss 0.6931471824645996 reg_loss 1.3323656622432622e-09
+-------+-------------------+-------------------+-------------------+------------------------------------+------------------------------------+------------------------------------+------------------------------------+
| Epoch |  training time(s) |   tesing time(s)  |        Loss       |               recall               |                ndcg                |             precision              |             hit_ratio              |
+-------+-------------------+-------------------+-------------------+------------------------------------+------------------------------------+------------------------------------+------------------------------------+
|   6   | 220.4701166152954 | 45.62107467651367 | 418.6601257324219 | [0.00053127 0.00096028 0.00135403] | [0.00043496 0.0005907  0.00072556] | [0.00028894 0.00025183 0.00023104] | [0.00562082 0.00975748 0.01338891] |
+-------+-------------------+-------------------+-------------------+------------------------------------+------------------------------------+------------------------------------+------------------------------------+
epoch: 7 s: 0 batch_loss 0.6931471824645996 BPR_loss 0.6931471824645996 reg_loss 1.157230644643903e-09
epoch: 7 s: 256000 batch_loss 0.6931471824645996 BPR_loss 0.6931471824645996 reg_loss 1.118428905044766e-09
epoch: 7 s: 512000 batch_loss 0.6931471824645996 BPR_loss 0.6931471824645996 reg_loss 1.0845063735942517e-09
epoch: 7 s: 768000 batch_loss 0.6931471824645996 BPR_loss 0.6931471824645996 reg_loss 1.0757921220516664e-09
epoch: 7 s: 1024000 batch_loss 0.6931471824645996 BPR_loss 0.6931471824645996 reg_loss 1.0766163516251481e-09
+-------+--------------------+-------------------+-------------------+------------------------------------+------------------------------------+------------------------------------+------------------------------------+
| Epoch |  training time(s)  |   tesing time(s)  |        Loss       |               recall               |                ndcg                |             precision              |             hit_ratio              |
+-------+--------------------+-------------------+-------------------+------------------------------------+------------------------------------+------------------------------------+------------------------------------+
|   7   | 220.25546526908875 | 44.86090874671936 | 418.6601257324219 | [0.0005892  0.00097145 0.0013316 ] | [0.00044695 0.00058791 0.00071111] | [0.00029525 0.00024236 0.00021999] | [0.00581028 0.00950486 0.01288367] |
+-------+--------------------+-------------------+-------------------+------------------------------------+------------------------------------+------------------------------------+------------------------------------+
epoch: 8 s: 0 batch_loss 0.6931471824645996 BPR_loss 0.6931471824645996 reg_loss 9.296584613238679e-10
epoch: 8 s: 256000 batch_loss 0.6931471824645996 BPR_loss 0.6931471824645996 reg_loss 9.875287254601517e-10
epoch: 8 s: 512000 batch_loss 0.6931471824645996 BPR_loss 0.6931471824645996 reg_loss 9.314001792048998e-10
epoch: 8 s: 768000 batch_loss 0.6931471824645996 BPR_loss 0.6931471824645996 reg_loss 8.948161656086029e-10
epoch: 8 s: 1024000 batch_loss 0.6931471824645996 BPR_loss 0.6931471824645996 reg_loss 8.778007765108953e-10
+-------+--------------------+-------------------+-------------------+------------------------------------+------------------------------------+------------------------------------+------------------------------------+
| Epoch |  training time(s)  |   tesing time(s)  |        Loss       |               recall               |                ndcg                |             precision              |             hit_ratio              |
+-------+--------------------+-------------------+-------------------+------------------------------------+------------------------------------+------------------------------------+------------------------------------+
|   8   | 228.81379795074463 | 46.02358675003052 | 418.6601257324219 | [0.00057614 0.00101145 0.0014483 ] | [0.00043823 0.00060527 0.00075605] | [0.00028104 0.00025104 0.00023894] | [0.00549451 0.0095996  0.01364153] |
+-------+--------------------+-------------------+-------------------+------------------------------------+------------------------------------+------------------------------------+------------------------------------+
epoch: 9 s: 0 batch_loss 0.6931471824645996 BPR_loss 0.6931471824645996 reg_loss 7.824422776359086e-10
epoch: 9 s: 256000 batch_loss 0.6931471824645996 BPR_loss 0.6931471824645996 reg_loss 8.417472829869155e-10
epoch: 9 s: 512000 batch_loss 0.6931471824645996 BPR_loss 0.6931471824645996 reg_loss 8.082540192688725e-10
epoch: 9 s: 768000 batch_loss 0.6931471824645996 BPR_loss 0.6931471824645996 reg_loss 7.490753017869167e-10
epoch: 9 s: 1024000 batch_loss 0.6931471824645996 BPR_loss 0.6931471824645996 reg_loss 7.551894665169812e-10
+-------+--------------------+-------------------+-------------------+------------------------------------+------------------------------------+------------------------------------+------------------------------------+
| Epoch |  training time(s)  |   tesing time(s)  |        Loss       |               recall               |                ndcg                |             precision              |             hit_ratio              |
+-------+--------------------+-------------------+-------------------+------------------------------------+------------------------------------+------------------------------------+------------------------------------+
|   9   | 226.11499047279358 | 64.07948756217957 | 418.6601257324219 | [0.00055776 0.00099951 0.00135266] | [0.00045496 0.00060892 0.00073315] | [0.00029683 0.00025104 0.00022999] | [0.00581028 0.00975748 0.01332575] |
+-------+--------------------+-------------------+-------------------+------------------------------------+------------------------------------+------------------------------------+------------------------------------+
epoch: 10 s: 0 batch_loss 0.6931471824645996 BPR_loss 0.6931471824645996 reg_loss 6.803297369906147e-10
epoch: 10 s: 256000 batch_loss 0.6931471824645996 BPR_loss 0.6931471824645996 reg_loss 6.995789503250194e-10
epoch: 10 s: 512000 batch_loss 0.6931471824645996 BPR_loss 0.6931471824645996 reg_loss 7.277358715640503e-10
epoch: 10 s: 768000 batch_loss 0.6931471824645996 BPR_loss 0.6931471824645996 reg_loss 6.907681093792917e-10
epoch: 10 s: 1024000 batch_loss 0.6931471824645996 BPR_loss 0.6931471824645996 reg_loss 6.43253450505199e-10
+-------+--------------------+-------------------+-------------------+------------------------------------+------------------------------------+------------------------------------+------------------------------------+
| Epoch |  training time(s)  |   tesing time(s)  |        Loss       |               recall               |                ndcg                |             precision              |             hit_ratio              |
+-------+--------------------+-------------------+-------------------+------------------------------------+------------------------------------+------------------------------------+------------------------------------+
|   10  | 232.38054537773132 | 82.21628880500793 | 418.6601257324219 | [0.00055701 0.00097127 0.00135583] | [0.00044695 0.00059363 0.00072949] | [0.0002842  0.0002392  0.00022473] | [0.00558924 0.00918909 0.01307313] |
+-------+--------------------+-------------------+-------------------+------------------------------------+------------------------------------+------------------------------------+------------------------------------+
epoch: 11 s: 0 batch_loss 0.6931471824645996 BPR_loss 0.6931471824645996 reg_loss 5.885916753989306e-10
epoch: 11 s: 256000 batch_loss 0.6931471824645996 BPR_loss 0.6931471824645996 reg_loss 6.22298435004609e-10
epoch: 11 s: 512000 batch_loss 0.6931471824645996 BPR_loss 0.6931471824645996 reg_loss 5.898665444981077e-10
epoch: 11 s: 768000 batch_loss 0.6931471824645996 BPR_loss 0.6931471824645996 reg_loss 5.766866428835726e-10
epoch: 11 s: 1024000 batch_loss 0.6931471824645996 BPR_loss 0.6931471824645996 reg_loss 5.62849378216157e-10
+-------+--------------------+-------------------+-------------------+------------------------------------+------------------------------------+------------------------------------+------------------------------------+
| Epoch |  training time(s)  |   tesing time(s)  |        Loss       |               recall               |                ndcg                |             precision              |             hit_ratio              |
+-------+--------------------+-------------------+-------------------+------------------------------------+------------------------------------+------------------------------------+------------------------------------+
|   11  | 237.35243821144104 | 57.61072373390198 | 418.6601257324219 | [0.00058441 0.00097468 0.0013996 ] | [0.00047319 0.00061168 0.0007565 ] | [0.00030788 0.00025499 0.00023788] | [0.00596817 0.00978906 0.01360995] |
+-------+--------------------+-------------------+-------------------+------------------------------------+------------------------------------+------------------------------------+------------------------------------+
epoch: 12 s: 0 batch_loss 0.6931471824645996 BPR_loss 0.6931471824645996 reg_loss 5.480780829181242e-10
epoch: 12 s: 256000 batch_loss 0.6931471824645996 BPR_loss 0.6931471824645996 reg_loss 5.50208378857775e-10
epoch: 12 s: 512000 batch_loss 0.6931471824645996 BPR_loss 0.6931471824645996 reg_loss 5.023254590064141e-10
epoch: 12 s: 768000 batch_loss 0.6931471824645996 BPR_loss 0.6931471824645996 reg_loss 5.288647297874149e-10
epoch: 12 s: 1024000 batch_loss 0.6931471824645996 BPR_loss 0.6931471824645996 reg_loss 5.096341126886728e-10
+-------+--------------------+--------------------+-------------------+------------------------------------+------------------------------------+------------------------------------+------------------------------------+
| Epoch |  training time(s)  |   tesing time(s)   |        Loss       |               recall               |                ndcg                |             precision              |             hit_ratio              |
+-------+--------------------+--------------------+-------------------+------------------------------------+------------------------------------+------------------------------------+------------------------------------+
|   12  | 242.34788370132446 | 52.327563524246216 | 418.6601257324219 | [0.00059652 0.0010598  0.00139206] | [0.00049813 0.00066065 0.00077633] | [0.00031736 0.00027078 0.00024104] | [0.00625237 0.01035746 0.01373626] |
+-------+--------------------+--------------------+-------------------+------------------------------------+------------------------------------+------------------------------------+------------------------------------+
epoch: 13 s: 0 batch_loss 0.6931471824645996 BPR_loss 0.6931471824645996 reg_loss 4.569539191479066e-10
epoch: 13 s: 256000 batch_loss 0.6931471824645996 BPR_loss 0.6931471824645996 reg_loss 4.68797833885759e-10
epoch: 13 s: 512000 batch_loss 0.6931471824645996 BPR_loss 0.6931471824645996 reg_loss 4.84863704741656e-10
epoch: 13 s: 768000 batch_loss 0.6931471824645996 BPR_loss 0.6931471824645996 reg_loss 4.4593892467581497e-10
epoch: 13 s: 1024000 batch_loss 0.6931471824645996 BPR_loss 0.6931471824645996 reg_loss 4.4432868495647426e-10
+-------+--------------------+-------------------+-------------------+------------------------------------+------------------------------------+------------------------------------+------------------------------------+
| Epoch |  training time(s)  |   tesing time(s)  |        Loss       |               recall               |                ndcg                |             precision              |             hit_ratio              |
+-------+--------------------+-------------------+-------------------+------------------------------------+------------------------------------+------------------------------------+------------------------------------+
|   13  | 251.45851111412048 | 64.01704478263855 | 418.6601257324219 | [0.00056886 0.00104063 0.0014724 ] | [0.00046867 0.00064538 0.00079794] | [0.00029367 0.00026683 0.00025367] | [0.00574713 0.01019957 0.01439939] |
+-------+--------------------+-------------------+-------------------+------------------------------------+------------------------------------+------------------------------------+------------------------------------+
epoch: 14 s: 0 batch_loss 0.6931471824645996 BPR_loss 0.6931471824645996 reg_loss 4.387925300886053e-10
epoch: 14 s: 256000 batch_loss 0.6931471824645996 BPR_loss 0.6931471824645996 reg_loss 4.230083505696314e-10
epoch: 14 s: 512000 batch_loss 0.6931471824645996 BPR_loss 0.6931471824645996 reg_loss 4.2652145704202837e-10
epoch: 14 s: 768000 batch_loss 0.6931471824645996 BPR_loss 0.6931471824645996 reg_loss 4.1258421679124524e-10
epoch: 14 s: 1024000 batch_loss 0.6931471824645996 BPR_loss 0.6931471824645996 reg_loss 4.2144088219231435e-10
+-------+-------------------+-------------------+-------------------+------------------------------------+------------------------------------+------------------------------------+------------------------------------+
| Epoch |  training time(s) |   tesing time(s)  |        Loss       |               recall               |                ndcg                |             precision              |             hit_ratio              |
+-------+-------------------+-------------------+-------------------+------------------------------------+------------------------------------+------------------------------------+------------------------------------+
|   14  | 240.9479386806488 | 73.29259848594666 | 418.6601257324219 | [0.00058388 0.00110877 0.00150753] | [0.00048794 0.00066839 0.00080698] | [0.00032525 0.00027788 0.00025736] | [0.00625237 0.01061008 0.01446255] |
+-------+-------------------+-------------------+-------------------+------------------------------------+------------------------------------+------------------------------------+------------------------------------+
epoch: 15 s: 0 batch_loss 0.6931471824645996 BPR_loss 0.6931471824645996 reg_loss 3.840802120791409e-10
epoch: 15 s: 256000 batch_loss 0.6931471824645996 BPR_loss 0.6931471824645996 reg_loss 3.807190951388151e-10
epoch: 15 s: 512000 batch_loss 0.6931471824645996 BPR_loss 0.6931471824645996 reg_loss 4.0758560415632417e-10
epoch: 15 s: 768000 batch_loss 0.6931471824645996 BPR_loss 0.6931471824645996 reg_loss 3.924217062412083e-10
epoch: 15 s: 1024000 batch_loss 0.6931471824645996 BPR_loss 0.6931471824645996 reg_loss 3.818873273164769e-10
+-------+-------------------+------------------+-------------------+------------------------------------+------------------------------------+------------------------------------+------------------------------------+
| Epoch |  training time(s) |  tesing time(s)  |        Loss       |               recall               |                ndcg                |             precision              |             hit_ratio              |
+-------+-------------------+------------------+-------------------+------------------------------------+------------------------------------+------------------------------------+------------------------------------+
|   15  | 227.3149905204773 | 66.6347906589508 | 418.6601257324219 | [0.00052048 0.00109282 0.00152251] | [0.00045588 0.00066801 0.00081321] | [0.00027473 0.00027236 0.00024841] | [0.00533662 0.01042061 0.01427308] |
+-------+-------------------+------------------+-------------------+------------------------------------+------------------------------------+------------------------------------+------------------------------------+
epoch: 16 s: 0 batch_loss 0.6931471824645996 BPR_loss 0.6931471824645996 reg_loss 3.657753544494824e-10
epoch: 16 s: 256000 batch_loss 0.6931471824645996 BPR_loss 0.6931471824645996 reg_loss 3.502022560830653e-10
epoch: 16 s: 512000 batch_loss 0.6931471824645996 BPR_loss 0.6931471824645996 reg_loss 3.517428570631864e-10
epoch: 16 s: 768000 batch_loss 0.6931471824645996 BPR_loss 0.6931471824645996 reg_loss 3.595499453723505e-10
epoch: 16 s: 1024000 batch_loss 0.6931471824645996 BPR_loss 0.6931471824645996 reg_loss 3.107355484033292e-10
+-------+--------------------+-------------------+-------------------+------------------------------------+------------------------------------+------------------------------------+------------------------------------+
| Epoch |  training time(s)  |   tesing time(s)  |        Loss       |               recall               |                ndcg                |             precision              |             hit_ratio              |
+-------+--------------------+-------------------+-------------------+------------------------------------+------------------------------------+------------------------------------+------------------------------------+
|   16  | 223.59291338920593 | 66.87979340553284 | 418.6601257324219 | [0.00055945 0.00107291 0.00149385] | [0.00045395 0.00064575 0.00078843] | [0.00029051 0.00026762 0.00024157] | [0.00571555 0.01026273 0.01389415] |
+-------+--------------------+-------------------+-------------------+------------------------------------+------------------------------------+------------------------------------+------------------------------------+
epoch: 17 s: 0 batch_loss 0.6931471824645996 BPR_loss 0.6931471824645996 reg_loss 3.2589750342815194e-10
epoch: 17 s: 256000 batch_loss 0.6931471824645996 BPR_loss 0.6931471824645996 reg_loss 3.098492573627709e-10
epoch: 17 s: 512000 batch_loss 0.6931471824645996 BPR_loss 0.6931471824645996 reg_loss 3.173751816909487e-10
epoch: 17 s: 768000 batch_loss 0.6931471824645996 BPR_loss 0.6931471824645996 reg_loss 3.134325021747486e-10
epoch: 17 s: 1024000 batch_loss 0.6931471824645996 BPR_loss 0.6931471824645996 reg_loss 3.183974472964479e-10
+-------+--------------------+-------------------+-------------------+------------------------------------+------------------------------------+------------------------------------+------------------------------------+
| Epoch |  training time(s)  |   tesing time(s)  |        Loss       |               recall               |                ndcg                |             precision              |             hit_ratio              |
+-------+--------------------+-------------------+-------------------+------------------------------------+------------------------------------+------------------------------------+------------------------------------+
|   17  | 226.87595200538635 | 48.54805326461792 | 418.6601257324219 | [0.0005823  0.00104738 0.00149808] | [0.00047988 0.00065116 0.00080553] | [0.00030315 0.00026525 0.00025104] | [0.00593659 0.0102943  0.01433624] |
+-------+--------------------+-------------------+-------------------+------------------------------------+------------------------------------+------------------------------------+------------------------------------+
epoch: 18 s: 0 batch_loss 0.6931471824645996 BPR_loss 0.6931471824645996 reg_loss 2.94573365700046e-10
epoch: 18 s: 256000 batch_loss 0.6931471824645996 BPR_loss 0.6931471824645996 reg_loss 2.8055102685442534e-10
epoch: 18 s: 512000 batch_loss 0.6931471824645996 BPR_loss 0.6931471824645996 reg_loss 3.064932474483584e-10
epoch: 18 s: 768000 batch_loss 0.6931471824645996 BPR_loss 0.6931471824645996 reg_loss 2.967902867911931e-10
epoch: 18 s: 1024000 batch_loss 0.6931471824645996 BPR_loss 0.6931471824645996 reg_loss 2.9515559440973504e-10
+-------+--------------------+--------------------+-------------------+------------------------------------+------------------------------------+------------------------------------+------------------------------------+
| Epoch |  training time(s)  |   tesing time(s)   |        Loss       |               recall               |                ndcg                |             precision              |             hit_ratio              |
+-------+--------------------+--------------------+-------------------+------------------------------------+------------------------------------+------------------------------------+------------------------------------+
|   18  | 232.97243928909302 | 42.205050468444824 | 418.6601257324219 | [0.00058453 0.00108851 0.00152338] | [0.00047846 0.00066339 0.00081351] | [0.00032209 0.00029367 0.00027209] | [0.00612606 0.01098901 0.01522041] |
+-------+--------------------+--------------------+-------------------+------------------------------------+------------------------------------+------------------------------------+------------------------------------+
epoch: 19 s: 0 batch_loss 0.6931471824645996 BPR_loss 0.6931471824645996 reg_loss 2.592921710675711e-10
epoch: 19 s: 256000 batch_loss 0.6931471824645996 BPR_loss 0.6931471824645996 reg_loss 2.6186364188163225e-10
epoch: 19 s: 512000 batch_loss 0.6931471824645996 BPR_loss 0.6931471824645996 reg_loss 2.645229590925169e-10
epoch: 19 s: 768000 batch_loss 0.6931471824645996 BPR_loss 0.6931471824645996 reg_loss 2.674165056060218e-10
epoch: 19 s: 1024000 batch_loss 0.6931471824645996 BPR_loss 0.6931471824645996 reg_loss 2.628312845143199e-10
+-------+--------------------+------------------+-------------------+------------------------------------+------------------------------------+------------------------------------+------------------------------------+
| Epoch |  training time(s)  |  tesing time(s)  |        Loss       |               recall               |                ndcg                |             precision              |             hit_ratio              |
+-------+--------------------+------------------+-------------------+------------------------------------+------------------------------------+------------------------------------+------------------------------------+
|   19  | 234.68227577209473 | 45.1710741519928 | 418.6601257324219 | [0.00055937 0.00116391 0.00159553] | [0.00048306 0.00070627 0.00085667] | [0.00030946 0.00030315 0.00027788] | [0.00599975 0.01158899 0.01582039] |
+-------+--------------------+------------------+-------------------+------------------------------------+------------------------------------+------------------------------------+------------------------------------+
epoch: 20 s: 0 batch_loss 0.6931471824645996 BPR_loss 0.6931471824645996 reg_loss 2.5593391295153367e-10
epoch: 20 s: 256000 batch_loss 0.6931471824645996 BPR_loss 0.6931471824645996 reg_loss 2.408651611496282e-10
epoch: 20 s: 512000 batch_loss 0.6931471824645996 BPR_loss 0.6931471824645996 reg_loss 2.612420280101446e-10
epoch: 20 s: 768000 batch_loss 0.6931471824645996 BPR_loss 0.6931471824645996 reg_loss 2.4384544383693196e-10
epoch: 20 s: 1024000 batch_loss 0.6931471824645996 BPR_loss 0.6931471824645996 reg_loss 2.6002558439763845e-10
+-------+-------------------+--------------------+-------------------+------------------------------------+------------------------------------+------------------------------------+------------------------------------+
| Epoch |  training time(s) |   tesing time(s)   |        Loss       |               recall               |                ndcg                |             precision              |             hit_ratio              |
+-------+-------------------+--------------------+-------------------+------------------------------------+------------------------------------+------------------------------------+------------------------------------+
|   20  | 231.4980652332306 | 57.601497173309326 | 418.6601257324219 | [0.00057184 0.00110444 0.00158206] | [0.00049142 0.00068817 0.00085239] | [0.00030946 0.00029209 0.00027473] | [0.00599975 0.01111532 0.01553619] |
+-------+-------------------+--------------------+-------------------+------------------------------------+------------------------------------+------------------------------------+------------------------------------+
epoch: 21 s: 0 batch_loss 0.6931471824645996 BPR_loss 0.6931471824645996 reg_loss 2.3117220637747238e-10
epoch: 21 s: 256000 batch_loss 0.6931471824645996 BPR_loss 0.6931471824645996 reg_loss 2.2495047491410958e-10
epoch: 21 s: 512000 batch_loss 0.6931471824645996 BPR_loss 0.6931471824645996 reg_loss 2.3591884001916696e-10
epoch: 21 s: 768000 batch_loss 0.6931471824645996 BPR_loss 0.6931471824645996 reg_loss 2.345812988302498e-10
epoch: 21 s: 1024000 batch_loss 0.6931471824645996 BPR_loss 0.6931471824645996 reg_loss 2.4369800621926174e-10
+-------+--------------------+-------------------+-------------------+------------------------------------+------------------------------------+------------------------------------+------------------------------------+
| Epoch |  training time(s)  |   tesing time(s)  |        Loss       |               recall               |                ndcg                |             precision              |             hit_ratio              |
+-------+--------------------+-------------------+-------------------+------------------------------------+------------------------------------+------------------------------------+------------------------------------+
|   21  | 226.14011025428772 | 65.82698845863342 | 418.6601257324219 | [0.00058668 0.00105902 0.00152559] | [0.00051075 0.00067762 0.00083574] | [0.00031893 0.00027551 0.00025736] | [0.00615764 0.01048377 0.01468359] |
+-------+--------------------+-------------------+-------------------+------------------------------------+------------------------------------+------------------------------------+------------------------------------+
epoch: 22 s: 0 batch_loss 0.6931471824645996 BPR_loss 0.6931471824645996 reg_loss 2.0913899778651768e-10
epoch: 22 s: 256000 batch_loss 0.6931471824645996 BPR_loss 0.6931471824645996 reg_loss 2.1834493935113386e-10
epoch: 22 s: 512000 batch_loss 0.6931471824645996 BPR_loss 0.6931471824645996 reg_loss 2.1881414735691607e-10
epoch: 22 s: 768000 batch_loss 0.6931471824645996 BPR_loss 0.6931471824645996 reg_loss 2.2017447587341366e-10
epoch: 22 s: 1024000 batch_loss 0.6931471824645996 BPR_loss 0.6931471824645996 reg_loss 2.3069321453128566e-10
+-------+--------------------+--------------------+-------------------+------------------------------------+------------------------------------+------------------------------------+------------------------------------+
| Epoch |  training time(s)  |   tesing time(s)   |        Loss       |               recall               |                ndcg                |             precision              |             hit_ratio              |
+-------+--------------------+--------------------+-------------------+------------------------------------+------------------------------------+------------------------------------+------------------------------------+
|   22  | 216.88182187080383 | 53.733492851257324 | 418.6601257324219 | [0.00060369 0.00109923 0.00150634] | [0.00051497 0.00069349 0.00082951] | [0.00031262 0.0002763  0.00024631] | [0.00599975 0.01067323 0.01427308] |
+-------+--------------------+--------------------+-------------------+------------------------------------+------------------------------------+------------------------------------+------------------------------------+
epoch: 23 s: 0 batch_loss 0.6931471824645996 BPR_loss 0.6931471824645996 reg_loss 2.1461039889647537e-10
epoch: 23 s: 256000 batch_loss 0.6931471824645996 BPR_loss 0.6931471824645996 reg_loss 2.0924668941990632e-10
epoch: 23 s: 512000 batch_loss 0.6931471824645996 BPR_loss 0.6931471824645996 reg_loss 2.1747176282005398e-10
epoch: 23 s: 768000 batch_loss 0.6931471824645996 BPR_loss 0.6931471824645996 reg_loss 2.134571686074338e-10
epoch: 23 s: 1024000 batch_loss 0.6931471824645996 BPR_loss 0.6931471824645996 reg_loss 1.999792553775137e-10
+-------+--------------------+-------------------+-------------------+------------------------------------+------------------------------------+------------------------------------+------------------------------------+
| Epoch |  training time(s)  |   tesing time(s)  |        Loss       |               recall               |                ndcg                |             precision              |             hit_ratio              |
+-------+--------------------+-------------------+-------------------+------------------------------------+------------------------------------+------------------------------------+------------------------------------+
|   23  | 217.64519095420837 | 43.88597774505615 | 418.6601257324219 | [0.00059415 0.00109353 0.00156041] | [0.00048958 0.00067552 0.00083802] | [0.00031578 0.00027788 0.00026315] | [0.00612606 0.01083112 0.01518883] |
+-------+--------------------+-------------------+-------------------+------------------------------------+------------------------------------+------------------------------------+------------------------------------+
epoch: 24 s: 0 batch_loss 0.6931471824645996 BPR_loss 0.6931471824645996 reg_loss 2.0111851073423281e-10
epoch: 24 s: 256000 batch_loss 0.6931471824645996 BPR_loss 0.6931471824645996 reg_loss 1.959042233989905e-10
epoch: 24 s: 512000 batch_loss 0.6931471824645996 BPR_loss 0.6931471824645996 reg_loss 1.8191913253584602e-10
epoch: 24 s: 768000 batch_loss 0.6931471824645996 BPR_loss 0.6931471824645996 reg_loss 1.953083944572498e-10
epoch: 24 s: 1024000 batch_loss 0.6931471824645996 BPR_loss 0.6931471824645996 reg_loss 1.9714957444350034e-10
+-------+--------------------+-------------------+-------------------+------------------------------------+------------------------------------+------------------------------------+------------------------------------+
| Epoch |  training time(s)  |   tesing time(s)  |        Loss       |               recall               |                ndcg                |             precision              |             hit_ratio              |
+-------+--------------------+-------------------+-------------------+------------------------------------+------------------------------------+------------------------------------+------------------------------------+
|   24  | 225.60496544837952 | 42.50863456726074 | 418.6601257324219 | [0.00061218 0.00113216 0.00149879] | [0.00051436 0.00070003 0.00082508] | [0.00033788 0.00029288 0.0002563 ] | [0.00644183 0.01111532 0.01455728] |
+-------+--------------------+-------------------+-------------------+------------------------------------+------------------------------------+------------------------------------+------------------------------------+
epoch: 25 s: 0 batch_loss 0.6931471824645996 BPR_loss 0.6931471824645996 reg_loss 1.886746731072364e-10
epoch: 25 s: 256000 batch_loss 0.6931471824645996 BPR_loss 0.6931471824645996 reg_loss 1.8775228594059001e-10
epoch: 25 s: 512000 batch_loss 0.6931471824645996 BPR_loss 0.6931471824645996 reg_loss 1.8031949544639048e-10
epoch: 25 s: 768000 batch_loss 0.6931471824645996 BPR_loss 0.6931471824645996 reg_loss 1.6894492749219836e-10
epoch: 25 s: 1024000 batch_loss 0.6931471824645996 BPR_loss 0.6931471824645996 reg_loss 1.9526939787350983e-10
+-------+-------------------+-------------------+-------------------+------------------------------------+------------------------------------+------------------------------------+------------------------------------+
| Epoch |  training time(s) |   tesing time(s)  |        Loss       |               recall               |                ndcg                |             precision              |             hit_ratio              |
+-------+-------------------+-------------------+-------------------+------------------------------------+------------------------------------+------------------------------------+------------------------------------+
|   25  | 224.3127462863922 | 48.28312373161316 | 418.6601257324219 | [0.00056647 0.0011073  0.00157362] | [0.00047897 0.0006781  0.00083711] | [0.00029841 0.00027867 0.00026052] | [0.0057787  0.01064166 0.01487306] |
+-------+-------------------+-------------------+-------------------+------------------------------------+------------------------------------+------------------------------------+------------------------------------+
epoch: 26 s: 0 batch_loss 0.6931471824645996 BPR_loss 0.6931471824645996 reg_loss 1.759406648149664e-10
epoch: 26 s: 256000 batch_loss 0.6931471824645996 BPR_loss 0.6931471824645996 reg_loss 1.7116935646654952e-10
epoch: 26 s: 512000 batch_loss 0.6931471824645996 BPR_loss 0.6931471824645996 reg_loss 1.7440622557263197e-10
epoch: 26 s: 768000 batch_loss 0.6931471824645996 BPR_loss 0.6931471824645996 reg_loss 1.7761753179357243e-10
epoch: 26 s: 1024000 batch_loss 0.6931471824645996 BPR_loss 0.6931471824645996 reg_loss 1.73968339733932e-10
+-------+--------------------+--------------------+-------------------+------------------------------------+------------------------------------+------------------------------------+------------------------------------+
| Epoch |  training time(s)  |   tesing time(s)   |        Loss       |               recall               |                ndcg                |             precision              |             hit_ratio              |
+-------+--------------------+--------------------+-------------------+------------------------------------+------------------------------------+------------------------------------+------------------------------------+
|   26  | 227.59975838661194 | 49.303775787353516 | 418.6601257324219 | [0.00062997 0.00114495 0.00157044] | [0.00051073 0.00069839 0.00084378] | [0.0003363  0.00029525 0.00026894] | [0.0063471  0.01130479 0.01534672] |
+-------+--------------------+--------------------+-------------------+------------------------------------+------------------------------------+------------------------------------+------------------------------------+
epoch: 27 s: 0 batch_loss 0.6931471824645996 BPR_loss 0.6931471824645996 reg_loss 1.596580367912992e-10
epoch: 27 s: 256000 batch_loss 0.6931471824645996 BPR_loss 0.6931471824645996 reg_loss 1.70254199627351e-10
epoch: 27 s: 512000 batch_loss 0.6931471824645996 BPR_loss 0.6931471824645996 reg_loss 1.6265941371607084e-10
epoch: 27 s: 768000 batch_loss 0.6931471824645996 BPR_loss 0.6931471824645996 reg_loss 1.6821001536104774e-10
epoch: 27 s: 1024000 batch_loss 0.6931471824645996 BPR_loss 0.6931471824645996 reg_loss 1.7335775870375159e-10
+-------+--------------------+--------------------+-------------------+------------------------------------+------------------------------------+------------------------------------+------------------------------------+
| Epoch |  training time(s)  |   tesing time(s)   |        Loss       |               recall               |                ndcg                |             precision              |             hit_ratio              |
+-------+--------------------+--------------------+-------------------+------------------------------------+------------------------------------+------------------------------------+------------------------------------+
|   27  | 224.76116728782654 | 63.160523891448975 | 418.6601257324219 | [0.00063518 0.00110054 0.00159017] | [0.00049709 0.00067999 0.00085275] | [0.00030946 0.00027709 0.00026683] | [0.0060629  0.01067323 0.01522041] |
+-------+--------------------+--------------------+-------------------+------------------------------------+------------------------------------+------------------------------------+------------------------------------+
epoch: 28 s: 0 batch_loss 0.6931471824645996 BPR_loss 0.6931471824645996 reg_loss 1.5186399360267444e-10
epoch: 28 s: 256000 batch_loss 0.6931471824645996 BPR_loss 0.6931471824645996 reg_loss 1.5735174274666974e-10
epoch: 28 s: 512000 batch_loss 0.6931471824645996 BPR_loss 0.6931471824645996 reg_loss 1.5388462726306784e-10
epoch: 28 s: 768000 batch_loss 0.6931471824645996 BPR_loss 0.6931471824645996 reg_loss 1.6357824816903843e-10
epoch: 28 s: 1024000 batch_loss 0.6931471824645996 BPR_loss 0.6931471824645996 reg_loss 1.5546738896254908e-10
+-------+--------------------+-------------------+-------------------+------------------------------------+------------------------------------+------------------------------------+------------------------------------+
| Epoch |  training time(s)  |   tesing time(s)  |        Loss       |               recall               |                ndcg                |             precision              |             hit_ratio              |
+-------+--------------------+-------------------+-------------------+------------------------------------+------------------------------------+------------------------------------+------------------------------------+
|   28  | 212.40604543685913 | 66.15427613258362 | 418.6601257324219 | [0.00067759 0.0010686  0.00153463] | [0.00052989 0.00067543 0.00083787] | [0.00033788 0.00027236 0.00026104] | [0.00644183 0.01016799 0.01471517] |
+-------+--------------------+-------------------+-------------------+------------------------------------+------------------------------------+------------------------------------+------------------------------------+
epoch: 29 s: 0 batch_loss 0.6931471824645996 BPR_loss 0.6931471824645996 reg_loss 1.5053686075461314e-10
epoch: 29 s: 256000 batch_loss 0.6931471824645996 BPR_loss 0.6931471824645996 reg_loss 1.4213195898005182e-10
epoch: 29 s: 512000 batch_loss 0.6931471824645996 BPR_loss 0.6931471824645996 reg_loss 1.5174374257131973e-10
epoch: 29 s: 768000 batch_loss 0.6931471824645996 BPR_loss 0.6931471824645996 reg_loss 1.4241760548650007e-10
epoch: 29 s: 1024000 batch_loss 0.6931471824645996 BPR_loss 0.6931471824645996 reg_loss 1.4059475805794364e-10
+-------+-------------------+-------------------+-------------------+------------------------------------+------------------------------------+------------------------------------+------------------------------------+
| Epoch |  training time(s) |   tesing time(s)  |        Loss       |               recall               |                ndcg                |             precision              |             hit_ratio              |
+-------+-------------------+-------------------+-------------------+------------------------------------+------------------------------------+------------------------------------+------------------------------------+
|   29  | 217.5525026321411 | 40.63665723800659 | 418.6601257324219 | [0.0006186  0.00111965 0.00155805] | [0.0004998  0.00069111 0.00084254] | [0.00031578 0.00029051 0.00026525] | [0.00603132 0.01095743 0.01503095] |
+-------+-------------------+-------------------+-------------------+------------------------------------+------------------------------------+------------------------------------+------------------------------------+
epoch: 30 s: 0 batch_loss 0.6931471824645996 BPR_loss 0.6931471824645996 reg_loss 1.297145585388293e-10
epoch: 30 s: 256000 batch_loss 0.6931471824645996 BPR_loss 0.6931471824645996 reg_loss 1.4643561363492097e-10
epoch: 30 s: 512000 batch_loss 0.6931471824645996 BPR_loss 0.6931471824645996 reg_loss 1.3705418744347497e-10
epoch: 30 s: 768000 batch_loss 0.6931471824645996 BPR_loss 0.6931471824645996 reg_loss 1.3983043889442826e-10
epoch: 30 s: 1024000 batch_loss 0.6931471824645996 BPR_loss 0.6931471824645996 reg_loss 1.4032638939731612e-10
+-------+--------------------+-------------------+-------------------+------------------------------------+------------------------------------+------------------------------------+------------------------------------+
| Epoch |  training time(s)  |   tesing time(s)  |        Loss       |               recall               |                ndcg                |             precision              |             hit_ratio              |
+-------+--------------------+-------------------+-------------------+------------------------------------+------------------------------------+------------------------------------+------------------------------------+
|   30  | 211.30517673492432 | 42.00412583351135 | 418.6601257324219 | [0.00062498 0.00111424 0.00156941] | [0.0005044  0.00068938 0.00084772] | [0.00031736 0.00028341 0.00026367] | [0.0060629  0.01076797 0.0150941 ] |
+-------+--------------------+-------------------+-------------------+------------------------------------+------------------------------------+------------------------------------+------------------------------------+
epoch: 31 s: 0 batch_loss 0.6931471824645996 BPR_loss 0.6931471824645996 reg_loss 1.372797847620788e-10
epoch: 31 s: 256000 batch_loss 0.6931471824645996 BPR_loss 0.6931471824645996 reg_loss 1.3238390939029898e-10
epoch: 31 s: 512000 batch_loss 0.6931471824645996 BPR_loss 0.6931471824645996 reg_loss 1.360362933411352e-10
epoch: 31 s: 768000 batch_loss 0.6931471824645996 BPR_loss 0.6931471824645996 reg_loss 1.347821437791552e-10
epoch: 31 s: 1024000 batch_loss 0.6931471824645996 BPR_loss 0.6931471824645996 reg_loss 1.3314377378392805e-10
+-------+--------------------+--------------------+-------------------+------------------------------------+------------------------------------+------------------------------------+------------------------------------+
| Epoch |  training time(s)  |   tesing time(s)   |        Loss       |               recall               |                ndcg                |             precision              |             hit_ratio              |
+-------+--------------------+--------------------+-------------------+------------------------------------+------------------------------------+------------------------------------+------------------------------------+
|   31  | 210.40299773216248 | 51.448554277420044 | 418.6601257324219 | [0.0006475  0.00111732 0.00155575] | [0.00053005 0.00069382 0.00084699] | [0.00035051 0.00028736 0.00026841] | [0.00675761 0.01102059 0.01512568] |
+-------+--------------------+--------------------+-------------------+------------------------------------+------------------------------------+------------------------------------+------------------------------------+
epoch: 32 s: 0 batch_loss 0.6931471824645996 BPR_loss 0.6931471824645996 reg_loss 1.2594798814991037e-10
epoch: 32 s: 256000 batch_loss 0.6931471824645996 BPR_loss 0.6931471824645996 reg_loss 1.279388261998804e-10
epoch: 32 s: 512000 batch_loss 0.6931471824645996 BPR_loss 0.6931471824645996 reg_loss 1.291753926047079e-10
epoch: 32 s: 768000 batch_loss 0.6931471824645996 BPR_loss 0.6931471824645996 reg_loss 1.2478493238710087e-10
epoch: 32 s: 1024000 batch_loss 0.6931471824645996 BPR_loss 0.6931471824645996 reg_loss 1.2797052306723344e-10
+-------+--------------------+-------------------+-------------------+------------------------------------+------------------------------------+------------------------------------+------------------------------------+
| Epoch |  training time(s)  |   tesing time(s)  |        Loss       |               recall               |                ndcg                |             precision              |             hit_ratio              |
+-------+--------------------+-------------------+-------------------+------------------------------------+------------------------------------+------------------------------------+------------------------------------+
|   32  | 205.94774866104126 | 51.94532799720764 | 418.6601257324219 | [0.00065002 0.00115907 0.00152559] | [0.0005304  0.00071877 0.00084396] | [0.00033788 0.00029683 0.00026157] | [0.00641026 0.01111532 0.01474675] |
+-------+--------------------+-------------------+-------------------+------------------------------------+------------------------------------+------------------------------------+------------------------------------+
epoch: 33 s: 0 batch_loss 0.6931471824645996 BPR_loss 0.6931471824645996 reg_loss 1.2292220019638478e-10
epoch: 33 s: 256000 batch_loss 0.6931471824645996 BPR_loss 0.6931471824645996 reg_loss 1.2327845688719918e-10
epoch: 33 s: 512000 batch_loss 0.6931471824645996 BPR_loss 0.6931471824645996 reg_loss 1.1892239970556773e-10
epoch: 33 s: 768000 batch_loss 0.6931471824645996 BPR_loss 0.6931471824645996 reg_loss 1.1828342472153253e-10
epoch: 33 s: 1024000 batch_loss 0.6931471824645996 BPR_loss 0.6931471824645996 reg_loss 1.2837947371835412e-10
+-------+--------------------+-------------------+-------------------+------------------------------------+------------------------------------+------------------------------------+------------------------------------+
| Epoch |  training time(s)  |   tesing time(s)  |        Loss       |               recall               |                ndcg                |             precision              |             hit_ratio              |
+-------+--------------------+-------------------+-------------------+------------------------------------+------------------------------------+------------------------------------+------------------------------------+
|   33  | 204.60766077041626 | 53.66464424133301 | 418.6601257324219 | [0.00064295 0.00111911 0.0015392 ] | [0.00050647 0.00068949 0.00083781] | [0.0003142  0.0002842  0.00026209] | [0.0060629  0.01092586 0.01496779] |
+-------+--------------------+-------------------+-------------------+------------------------------------+------------------------------------+------------------------------------+------------------------------------+
epoch: 34 s: 0 batch_loss 0.6931471824645996 BPR_loss 0.6931471824645996 reg_loss 1.2307060925920155e-10
epoch: 34 s: 256000 batch_loss 0.6931471824645996 BPR_loss 0.6931471824645996 reg_loss 1.1166832042386332e-10
epoch: 34 s: 512000 batch_loss 0.6931471824645996 BPR_loss 0.6931471824645996 reg_loss 1.2187471865043875e-10
epoch: 34 s: 768000 batch_loss 0.6931471824645996 BPR_loss 0.6931471824645996 reg_loss 1.1228910162808248e-10
epoch: 34 s: 1024000 batch_loss 0.6931471824645996 BPR_loss 0.6931471824645996 reg_loss 1.1971162949819814e-10
+-------+--------------------+-------------------+-------------------+------------------------------------+------------------------------------+------------------------------------+------------------------------------+
| Epoch |  training time(s)  |   tesing time(s)  |        Loss       |               recall               |                ndcg                |             precision              |             hit_ratio              |
+-------+--------------------+-------------------+-------------------+------------------------------------+------------------------------------+------------------------------------+------------------------------------+
|   34  | 203.60652208328247 | 47.17177438735962 | 418.6601257324219 | [0.00064025 0.00114815 0.00150619] | [0.00052771 0.00071557 0.00083933] | [0.00033156 0.00029367 0.00025999] | [0.00641026 0.01130479 0.01484148] |
+-------+--------------------+-------------------+-------------------+------------------------------------+------------------------------------+------------------------------------+------------------------------------+
epoch: 35 s: 0 batch_loss 0.6931471824645996 BPR_loss 0.6931471824645996 reg_loss 1.1154505791255431e-10
epoch: 35 s: 256000 batch_loss 0.6931471824645996 BPR_loss 0.6931471824645996 reg_loss 1.126215856683821e-10
epoch: 35 s: 512000 batch_loss 0.6931471824645996 BPR_loss 0.6931471824645996 reg_loss 1.1532384075474411e-10
epoch: 35 s: 768000 batch_loss 0.6931471824645996 BPR_loss 0.6931471824645996 reg_loss 1.254290976637762e-10
epoch: 35 s: 1024000 batch_loss 0.6931471824645996 BPR_loss 0.6931471824645996 reg_loss 1.1637778241091468e-10
+-------+--------------------+-------------------+-------------------+------------------------------------+------------------------------------+------------------------------------+------------------------------------+
| Epoch |  training time(s)  |   tesing time(s)  |        Loss       |               recall               |                ndcg                |             precision              |             hit_ratio              |
+-------+--------------------+-------------------+-------------------+------------------------------------+------------------------------------+------------------------------------+------------------------------------+
|   35  | 204.55432963371277 | 48.49969005584717 | 418.6601257324219 | [0.00067586 0.00105725 0.0014777 ] | [0.00055208 0.00069106 0.00083794] | [0.00033788 0.00027551 0.0002563 ] | [0.00653657 0.01045219 0.01449413] |
+-------+--------------------+-------------------+-------------------+------------------------------------+------------------------------------+------------------------------------+------------------------------------+
epoch: 36 s: 0 batch_loss 0.6931471824645996 BPR_loss 0.6931471824645996 reg_loss 1.0675701989093511e-10
epoch: 36 s: 256000 batch_loss 0.6931471824645996 BPR_loss 0.6931471824645996 reg_loss 1.1419165613091309e-10
epoch: 36 s: 512000 batch_loss 0.6931471824645996 BPR_loss 0.6931471824645996 reg_loss 1.0295028718410038e-10
epoch: 36 s: 768000 batch_loss 0.6931471824645996 BPR_loss 0.6931471824645996 reg_loss 1.0432209263111503e-10
epoch: 36 s: 1024000 batch_loss 0.6931471824645996 BPR_loss 0.6931471824645996 reg_loss 1.0900194635787841e-10
+-------+-------------------+-------------------+-------------------+------------------------------------+------------------------------------+------------------------------------+------------------------------------+
| Epoch |  training time(s) |   tesing time(s)  |        Loss       |               recall               |                ndcg                |             precision              |             hit_ratio              |
+-------+-------------------+-------------------+-------------------+------------------------------------+------------------------------------+------------------------------------+------------------------------------+
|   36  | 207.2011363506317 | 53.23622536659241 | 418.6601257324219 | [0.00066595 0.00112221 0.0015113 ] | [0.00055381 0.00071832 0.00085364] | [0.00033788 0.00028972 0.00026473] | [0.00653657 0.01095743 0.01490464] |
+-------+-------------------+-------------------+-------------------+------------------------------------+------------------------------------+------------------------------------+------------------------------------+
epoch: 37 s: 0 batch_loss 0.6931471824645996 BPR_loss 0.6931471824645996 reg_loss 9.810145751298904e-11
epoch: 37 s: 256000 batch_loss 0.6931471824645996 BPR_loss 0.6931471824645996 reg_loss 9.9510573392525e-11
epoch: 37 s: 512000 batch_loss 0.6931471824645996 BPR_loss 0.6931471824645996 reg_loss 1.0888567131273064e-10
epoch: 37 s: 768000 batch_loss 0.6931471824645996 BPR_loss 0.6931471824645996 reg_loss 1.0963586288825766e-10
epoch: 37 s: 1024000 batch_loss 0.6931471824645996 BPR_loss 0.6931471824645996 reg_loss 1.0563019903209181e-10
+-------+--------------------+--------------------+-------------------+------------------------------------+------------------------------------+------------------------------------+------------------------------------+
| Epoch |  training time(s)  |   tesing time(s)   |        Loss       |               recall               |                ndcg                |             precision              |             hit_ratio              |
+-------+--------------------+--------------------+-------------------+------------------------------------+------------------------------------+------------------------------------+------------------------------------+
|   37  | 209.04529666900635 | 50.107712507247925 | 418.6601257324219 | [0.00065802 0.00110875 0.00146181] | [0.00051396 0.00068807 0.00081229] | [0.00031736 0.0002763  0.00024683] | [0.0060629  0.01032588 0.013831  ] |
+-------+--------------------+--------------------+-------------------+------------------------------------+------------------------------------+------------------------------------+------------------------------------+
epoch: 38 s: 0 batch_loss 0.6931471824645996 BPR_loss 0.6931471824645996 reg_loss 9.979717746633199e-11
epoch: 38 s: 256000 batch_loss 0.6931471824645996 BPR_loss 0.6931471824645996 reg_loss 9.918953158827293e-11
epoch: 38 s: 512000 batch_loss 0.6931471824645996 BPR_loss 0.6931471824645996 reg_loss 9.606376805137984e-11
epoch: 38 s: 768000 batch_loss 0.6931471824645996 BPR_loss 0.6931471824645996 reg_loss 1.0009634787699895e-10
epoch: 38 s: 1024000 batch_loss 0.6931471824645996 BPR_loss 0.6931471824645996 reg_loss 1.0500484509678998e-10
+-------+-------------------+-------------------+-------------------+------------------------------------+------------------------------------+------------------------------------+------------------------------------+
| Epoch |  training time(s) |   tesing time(s)  |        Loss       |               recall               |                ndcg                |             precision              |             hit_ratio              |
+-------+-------------------+-------------------+-------------------+------------------------------------+------------------------------------+------------------------------------+------------------------------------+
|   38  | 209.9794569015503 | 40.96258592605591 | 418.6601257324219 | [0.00067274 0.00116982 0.00154566] | [0.00055223 0.00073389 0.00086329] | [0.00034735 0.0002992  0.00026578] | [0.00653657 0.01117848 0.01490464] |
+-------+-------------------+-------------------+-------------------+------------------------------------+------------------------------------+------------------------------------+------------------------------------+
Early stopping is trigger at step: 10 log:0.0006727366108674633
early stopping at 38, recall@20:0.0007
