Namespace(K=1, Ks='[20, 40, 60]', batch_size=2048, batch_test_flag=True, context_hops=3, cuda=True, data_path='data/', dataset='yelp2018', dim=64, edge_dropout=False, edge_dropout_rate=0.1, epoch=1000, eps=0.01, gnn='lightgcn', gpu_id=1, l2=0.007, lr=0.005, mess_dropout=False, mess_dropout_rate=0.1, n_negs=64, ns='mixgcf', out_dir='./weights/yelp2018/', pool='mean', save=False, test_batch_size=2048, test_flag='part')
reading train and test user-item set ...
building the adj mat ...
loading over ...
卷积器不需要第0层embedding
拿这个最难的neg_item去和pos_item在每一个维度上自适应权重......
start training ...
epoch: 0 s: 0 batch_loss 0.6931496858596802 BPR_loss 0.6931484937667847 reg_loss 1.2019003179375432e-06
epoch: 0 s: 256000 batch_loss 0.6931474804878235 BPR_loss 0.6931473016738892 reg_loss 1.9884886626186926e-07
epoch: 0 s: 512000 batch_loss 0.6931472420692444 BPR_loss 0.6931471824645996 reg_loss 5.989420515106758e-08
epoch: 0 s: 768000 batch_loss 0.6931472420692444 BPR_loss 0.6931471824645996 reg_loss 3.29486447014915e-08
epoch: 0 s: 1024000 batch_loss 0.6931471824645996 BPR_loss 0.6931471824645996 reg_loss 2.2373571439970874e-08
+-------+--------------------+--------------------+------------------+------------------------------------+------------------------------------+------------------------------------+------------------------------------+
| Epoch |  training time(s)  |   tesing time(s)   |       Loss       |               recall               |                ndcg                |             precision              |             hit_ratio              |
+-------+--------------------+--------------------+------------------+------------------------------------+------------------------------------+------------------------------------+------------------------------------+
|   0   | 203.22296333312988 | 37.149202823638916 | 418.660400390625 | [0.00029026 0.00061654 0.00090213] | [0.00021086 0.00033906 0.00044206] | [0.0001342  0.00014368 0.00014473] | [0.0026841  0.00571555 0.00862069] |
+-------+--------------------+--------------------+------------------+------------------------------------+------------------------------------+------------------------------------+------------------------------------+
epoch: 1 s: 0 batch_loss 0.6931471824645996 BPR_loss 0.6931471824645996 reg_loss 1.661039483735749e-08
epoch: 1 s: 256000 batch_loss 0.6931471824645996 BPR_loss 0.6931471824645996 reg_loss 1.4012798921214653e-08
epoch: 1 s: 512000 batch_loss 0.6931471824645996 BPR_loss 0.6931471824645996 reg_loss 1.1230087970659497e-08
epoch: 1 s: 768000 batch_loss 0.6931471824645996 BPR_loss 0.6931471824645996 reg_loss 9.487252761175569e-09
epoch: 1 s: 1024000 batch_loss 0.6931471824645996 BPR_loss 0.6931471824645996 reg_loss 8.049656941011563e-09
+-------+--------------------+--------------------+-------------------+------------------------------------+------------------------------------+------------------------------------+------------------------------------+
| Epoch |  training time(s)  |   tesing time(s)   |        Loss       |               recall               |                ndcg                |             precision              |             hit_ratio              |
+-------+--------------------+--------------------+-------------------+------------------------------------+------------------------------------+------------------------------------+------------------------------------+
|   1   | 203.45407009124756 | 37.394158363342285 | 418.6601257324219 | [0.00037784 0.00071676 0.00105241] | [0.00029662 0.00042677 0.00054231] | [0.00016578 0.00016026 0.00015736] | [0.00331565 0.00637868 0.00928382] |
+-------+--------------------+--------------------+-------------------+------------------------------------+------------------------------------+------------------------------------+------------------------------------+
epoch: 2 s: 0 batch_loss 0.6931471824645996 BPR_loss 0.6931471824645996 reg_loss 6.8781407236429e-09
epoch: 2 s: 256000 batch_loss 0.6931471824645996 BPR_loss 0.6931471824645996 reg_loss 6.4245626596459715e-09
epoch: 2 s: 512000 batch_loss 0.6931471824645996 BPR_loss 0.6931471824645996 reg_loss 5.763518551304969e-09
epoch: 2 s: 768000 batch_loss 0.6931471824645996 BPR_loss 0.6931471824645996 reg_loss 5.039916928240018e-09
epoch: 2 s: 1024000 batch_loss 0.6931471824645996 BPR_loss 0.6931471824645996 reg_loss 4.7080215281880555e-09
+-------+--------------------+-------------------+-------------------+------------------------------------+------------------------------------+------------------------------------+------------------------------------+
| Epoch |  training time(s)  |   tesing time(s)  |        Loss       |               recall               |                ndcg                |             precision              |             hit_ratio              |
+-------+--------------------+-------------------+-------------------+------------------------------------+------------------------------------+------------------------------------+------------------------------------+
|   2   | 201.31413650512695 | 37.05333065986633 | 418.6601257324219 | [0.00040589 0.00072604 0.001083  ] | [0.00034643 0.00046116 0.00058895] | [0.00019262 0.00016657 0.00017368] | [0.00382089 0.00656814 0.01023115] |
+-------+--------------------+-------------------+-------------------+------------------------------------+------------------------------------+------------------------------------+------------------------------------+
epoch: 3 s: 0 batch_loss 0.6931471824645996 BPR_loss 0.6931471824645996 reg_loss 4.124549146666823e-09
epoch: 3 s: 256000 batch_loss 0.6931471824645996 BPR_loss 0.6931471824645996 reg_loss 3.845446183703416e-09
epoch: 3 s: 512000 batch_loss 0.6931471824645996 BPR_loss 0.6931471824645996 reg_loss 3.6005698422769683e-09
epoch: 3 s: 768000 batch_loss 0.6931471824645996 BPR_loss 0.6931471824645996 reg_loss 3.4042091368036154e-09
epoch: 3 s: 1024000 batch_loss 0.6931471824645996 BPR_loss 0.6931471824645996 reg_loss 3.15497183933644e-09
+-------+--------------------+--------------------+-------------------+------------------------------------+------------------------------------+------------------------------------+------------------------------------+
| Epoch |  training time(s)  |   tesing time(s)   |        Loss       |               recall               |                ndcg                |             precision              |             hit_ratio              |
+-------+--------------------+--------------------+-------------------+------------------------------------+------------------------------------+------------------------------------+------------------------------------+
|   3   | 201.99809384346008 | 37.401676416397095 | 418.6601257324219 | [0.00045749 0.00081126 0.00112317] | [0.00034325 0.00048781 0.00060112] | [0.00020052 0.00019341 0.0001842 ] | [0.00397878 0.00761021 0.01083112] |
+-------+--------------------+--------------------+-------------------+------------------------------------+------------------------------------+------------------------------------+------------------------------------+
epoch: 4 s: 0 batch_loss 0.6931471824645996 BPR_loss 0.6931471824645996 reg_loss 2.7684108339087743e-09
epoch: 4 s: 256000 batch_loss 0.6931471824645996 BPR_loss 0.6931471824645996 reg_loss 2.6072384251563108e-09
epoch: 4 s: 512000 batch_loss 0.6931471824645996 BPR_loss 0.6931471824645996 reg_loss 2.62050958710347e-09
epoch: 4 s: 768000 batch_loss 0.6931471824645996 BPR_loss 0.6931471824645996 reg_loss 2.367388507451551e-09
epoch: 4 s: 1024000 batch_loss 0.6931471824645996 BPR_loss 0.6931471824645996 reg_loss 2.253473185831467e-09
+-------+--------------------+--------------------+-------------------+------------------------------------+------------------------------------+------------------------------------+------------------------------------+
| Epoch |  training time(s)  |   tesing time(s)   |        Loss       |               recall               |                ndcg                |             precision              |             hit_ratio              |
+-------+--------------------+--------------------+-------------------+------------------------------------+------------------------------------+------------------------------------+------------------------------------+
|   4   | 200.27186918258667 | 38.001182317733765 | 418.6601257324219 | [0.00047758 0.00088783 0.00128776] | [0.00038278 0.00053728 0.00067969] | [0.00022894 0.00021473 0.00021157] | [0.00448402 0.00849438 0.01241   ] |
+-------+--------------------+--------------------+-------------------+------------------------------------+------------------------------------+------------------------------------+------------------------------------+
epoch: 5 s: 0 batch_loss 0.6931471824645996 BPR_loss 0.6931471824645996 reg_loss 2.102503726675309e-09
epoch: 5 s: 256000 batch_loss 0.6931471824645996 BPR_loss 0.6931471824645996 reg_loss 1.9925054939307074e-09
epoch: 5 s: 512000 batch_loss 0.6931471824645996 BPR_loss 0.6931471824645996 reg_loss 1.8831132209129464e-09
epoch: 5 s: 768000 batch_loss 0.6931471824645996 BPR_loss 0.6931471824645996 reg_loss 1.7961342413386205e-09
epoch: 5 s: 1024000 batch_loss 0.6931471824645996 BPR_loss 0.6931471824645996 reg_loss 1.7597863166685102e-09
+-------+-------------------+-------------------+-------------------+------------------------------------+------------------------------------+------------------------------------+------------------------------------+
| Epoch |  training time(s) |   tesing time(s)  |        Loss       |               recall               |                ndcg                |             precision              |             hit_ratio              |
+-------+-------------------+-------------------+-------------------+------------------------------------+------------------------------------+------------------------------------+------------------------------------+
|   5   | 210.1848168373108 | 44.30923914909363 | 418.6601257324219 | [0.00049797 0.00095887 0.00132603] | [0.00040201 0.00057865 0.00070497] | [0.00024788 0.00023525 0.00021578] | [0.00492611 0.00928382 0.01263105] |
+-------+-------------------+-------------------+-------------------+------------------------------------+------------------------------------+------------------------------------+------------------------------------+
epoch: 6 s: 0 batch_loss 0.6931471824645996 BPR_loss 0.6931471824645996 reg_loss 1.5666772323896794e-09
epoch: 6 s: 256000 batch_loss 0.6931471824645996 BPR_loss 0.6931471824645996 reg_loss 1.6198840047110252e-09
epoch: 6 s: 512000 batch_loss 0.6931471824645996 BPR_loss 0.6931471824645996 reg_loss 1.4792754798875762e-09
epoch: 6 s: 768000 batch_loss 0.6931471824645996 BPR_loss 0.6931471824645996 reg_loss 1.4500921574622794e-09
epoch: 6 s: 1024000 batch_loss 0.6931471824645996 BPR_loss 0.6931471824645996 reg_loss 1.4155234762114333e-09
+-------+--------------------+-------------------+-------------------+------------------------------------+------------------------------------+------------------------------------+------------------------------------+
| Epoch |  training time(s)  |   tesing time(s)  |        Loss       |               recall               |                ndcg                |             precision              |             hit_ratio              |
+-------+--------------------+-------------------+-------------------+------------------------------------+------------------------------------+------------------------------------+------------------------------------+
|   6   | 218.22940731048584 | 49.02492427825928 | 418.6601257324219 | [0.00051414 0.00091202 0.00129921] | [0.0004271  0.00057348 0.00070839] | [0.00026209 0.00023446 0.00022262] | [0.00514715 0.00912593 0.01285209] |
+-------+--------------------+-------------------+-------------------+------------------------------------+------------------------------------+------------------------------------+------------------------------------+
epoch: 7 s: 0 batch_loss 0.6931471824645996 BPR_loss 0.6931471824645996 reg_loss 1.2385895642452738e-09
epoch: 7 s: 256000 batch_loss 0.6931471824645996 BPR_loss 0.6931471824645996 reg_loss 1.1960905599295302e-09
epoch: 7 s: 512000 batch_loss 0.6931471824645996 BPR_loss 0.6931471824645996 reg_loss 1.1579939229733327e-09
epoch: 7 s: 768000 batch_loss 0.6931471824645996 BPR_loss 0.6931471824645996 reg_loss 1.1501922747569893e-09
epoch: 7 s: 1024000 batch_loss 0.6931471824645996 BPR_loss 0.6931471824645996 reg_loss 1.1499594609887254e-09
+-------+--------------------+-------------------+-------------------+------------------------------------+------------------------------------+------------------------------------+------------------------------------+
| Epoch |  training time(s)  |   tesing time(s)  |        Loss       |               recall               |                ndcg                |             precision              |             hit_ratio              |
+-------+--------------------+-------------------+-------------------+------------------------------------+------------------------------------+------------------------------------+------------------------------------+
|   7   | 221.78293228149414 | 47.47177577018738 | 418.6601257324219 | [0.00049759 0.00096325 0.00128126] | [0.00042478 0.00060101 0.0007122 ] | [0.0002542  0.00023841 0.0002142 ] | [0.00505242 0.00934697 0.01256789] |
+-------+--------------------+-------------------+-------------------+------------------------------------+------------------------------------+------------------------------------+------------------------------------+
epoch: 8 s: 0 batch_loss 0.6931471824645996 BPR_loss 0.6931471824645996 reg_loss 1.0108696102406611e-09
epoch: 8 s: 256000 batch_loss 0.6931471824645996 BPR_loss 0.6931471824645996 reg_loss 1.0556717722209896e-09
epoch: 8 s: 512000 batch_loss 0.6931471824645996 BPR_loss 0.6931471824645996 reg_loss 1.0027851882199457e-09
epoch: 8 s: 768000 batch_loss 0.6931471824645996 BPR_loss 0.6931471824645996 reg_loss 9.575545911744143e-10
epoch: 8 s: 1024000 batch_loss 0.6931471824645996 BPR_loss 0.6931471824645996 reg_loss 9.37208977092041e-10
+-------+--------------------+-------------------+-------------------+------------------------------------+------------------------------------+------------------------------------+------------------------------------+
| Epoch |  training time(s)  |   tesing time(s)  |        Loss       |               recall               |                ndcg                |             precision              |             hit_ratio              |
+-------+--------------------+-------------------+-------------------+------------------------------------+------------------------------------+------------------------------------+------------------------------------+
|   8   | 226.85592436790466 | 54.97707533836365 | 418.6601257324219 | [0.00054592 0.00092825 0.00135957] | [0.00042872 0.00057672 0.00072316] | [0.00026683 0.00023762 0.00022683] | [0.00521031 0.00912593 0.0129784 ] |
+-------+--------------------+-------------------+-------------------+------------------------------------+------------------------------------+------------------------------------+------------------------------------+
epoch: 9 s: 0 batch_loss 0.6931471824645996 BPR_loss 0.6931471824645996 reg_loss 8.470562029572193e-10
epoch: 9 s: 256000 batch_loss 0.6931471824645996 BPR_loss 0.6931471824645996 reg_loss 9.059347716444677e-10
epoch: 9 s: 512000 batch_loss 0.6931471824645996 BPR_loss 0.6931471824645996 reg_loss 8.704134080161907e-10
epoch: 9 s: 768000 batch_loss 0.6931471824645996 BPR_loss 0.6931471824645996 reg_loss 8.077478685919459e-10
epoch: 9 s: 1024000 batch_loss 0.6931471824645996 BPR_loss 0.6931471824645996 reg_loss 8.126819772691363e-10
+-------+--------------------+-------------------+-------------------+------------------------------------+------------------------------------+------------------------------------+------------------------------------+
| Epoch |  training time(s)  |   tesing time(s)  |        Loss       |               recall               |                ndcg                |             precision              |             hit_ratio              |
+-------+--------------------+-------------------+-------------------+------------------------------------+------------------------------------+------------------------------------+------------------------------------+
|   9   | 218.26072669029236 | 67.21182918548584 | 418.6601257324219 | [0.00052595 0.00091973 0.00127544] | [0.00044919 0.00058877 0.00071333] | [0.00027788 0.00023683 0.00021946] | [0.00539977 0.00912593 0.0126942 ] |
+-------+--------------------+-------------------+-------------------+------------------------------------+------------------------------------+------------------------------------+------------------------------------+
epoch: 10 s: 0 batch_loss 0.6931471824645996 BPR_loss 0.6931471824645996 reg_loss 7.389104328403562e-10
epoch: 10 s: 256000 batch_loss 0.6931471824645996 BPR_loss 0.6931471824645996 reg_loss 7.577174443440526e-10
epoch: 10 s: 512000 batch_loss 0.6931471824645996 BPR_loss 0.6931471824645996 reg_loss 7.831028048244093e-10
epoch: 10 s: 768000 batch_loss 0.6931471824645996 BPR_loss 0.6931471824645996 reg_loss 7.439055482727497e-10
epoch: 10 s: 1024000 batch_loss 0.6931471824645996 BPR_loss 0.6931471824645996 reg_loss 6.931449303415604e-10
+-------+--------------------+-------------------+-------------------+------------------------------------+------------------------------------+------------------------------------+------------------------------------+
| Epoch |  training time(s)  |   tesing time(s)  |        Loss       |               recall               |                ndcg                |             precision              |             hit_ratio              |
+-------+--------------------+-------------------+-------------------+------------------------------------+------------------------------------+------------------------------------+------------------------------------+
|   10  | 232.55718731880188 | 60.08485174179077 | 418.6601257324219 | [0.00052478 0.00090088 0.00126722] | [0.00042764 0.0005638  0.00069109] | [0.00026683 0.00023131 0.00021736] | [0.00521031 0.00896804 0.01244158] |
+-------+--------------------+-------------------+-------------------+------------------------------------+------------------------------------+------------------------------------+------------------------------------+
epoch: 11 s: 0 batch_loss 0.6931471824645996 BPR_loss 0.6931471824645996 reg_loss 6.401977836745232e-10
epoch: 11 s: 256000 batch_loss 0.6931471824645996 BPR_loss 0.6931471824645996 reg_loss 6.727819967800031e-10
epoch: 11 s: 512000 batch_loss 0.6931471824645996 BPR_loss 0.6931471824645996 reg_loss 6.371566052543187e-10
epoch: 11 s: 768000 batch_loss 0.6931471824645996 BPR_loss 0.6931471824645996 reg_loss 6.275892028284602e-10
epoch: 11 s: 1024000 batch_loss 0.6931471824645996 BPR_loss 0.6931471824645996 reg_loss 6.115672968043384e-10
+-------+--------------------+--------------------+-------------------+------------------------------------+------------------------------------+------------------------------------+------------------------------------+
| Epoch |  training time(s)  |   tesing time(s)   |        Loss       |               recall               |                ndcg                |             precision              |             hit_ratio              |
+-------+--------------------+--------------------+-------------------+------------------------------------+------------------------------------+------------------------------------+------------------------------------+
|   11  | 245.78100633621216 | 53.207953691482544 | 418.6601257324219 | [0.00051535 0.00094731 0.00131657] | [0.00041875 0.00058433 0.00070646] | [0.00026209 0.00024788 0.00022157] | [0.00514715 0.00953644 0.01266262] |
+-------+--------------------+--------------------+-------------------+------------------------------------+------------------------------------+------------------------------------+------------------------------------+
epoch: 12 s: 0 batch_loss 0.6931471824645996 BPR_loss 0.6931471824645996 reg_loss 5.958938342764952e-10
epoch: 12 s: 256000 batch_loss 0.6931471824645996 BPR_loss 0.6931471824645996 reg_loss 5.966714344829427e-10
epoch: 12 s: 512000 batch_loss 0.6931471824645996 BPR_loss 0.6931471824645996 reg_loss 5.471455510885903e-10
epoch: 12 s: 768000 batch_loss 0.6931471824645996 BPR_loss 0.6931471824645996 reg_loss 5.755648180283401e-10
epoch: 12 s: 1024000 batch_loss 0.6931471824645996 BPR_loss 0.6931471824645996 reg_loss 5.501050726053336e-10
+-------+--------------------+-------------------+-------------------+------------------------------------+------------------------------------+------------------------------------+------------------------------------+
| Epoch |  training time(s)  |   tesing time(s)  |        Loss       |               recall               |                ndcg                |             precision              |             hit_ratio              |
+-------+--------------------+-------------------+-------------------+------------------------------------+------------------------------------+------------------------------------+------------------------------------+
|   12  | 240.93195033073425 | 64.88982629776001 | 418.6601257324219 | [0.00054281 0.00095917 0.00130318] | [0.00045365 0.00059851 0.00071959] | [0.00028578 0.00024157 0.0002242 ] | [0.00558924 0.00918909 0.01282051] |
+-------+--------------------+-------------------+-------------------+------------------------------------+------------------------------------+------------------------------------+------------------------------------+
epoch: 13 s: 0 batch_loss 0.6931471824645996 BPR_loss 0.6931471824645996 reg_loss 4.97570706858852e-10
epoch: 13 s: 256000 batch_loss 0.6931471824645996 BPR_loss 0.6931471824645996 reg_loss 5.095595057014179e-10
epoch: 13 s: 512000 batch_loss 0.6931471824645996 BPR_loss 0.6931471824645996 reg_loss 5.234798150510755e-10
epoch: 13 s: 768000 batch_loss 0.6931471824645996 BPR_loss 0.6931471824645996 reg_loss 4.825309596334648e-10
epoch: 13 s: 1024000 batch_loss 0.6931471824645996 BPR_loss 0.6931471824645996 reg_loss 4.840632339409012e-10
+-------+-------------------+-------------------+-------------------+------------------------------------+------------------------------------+------------------------------------+------------------------------------+
| Epoch |  training time(s) |   tesing time(s)  |        Loss       |               recall               |                ndcg                |             precision              |             hit_ratio              |
+-------+-------------------+-------------------+-------------------+------------------------------------+------------------------------------+------------------------------------+------------------------------------+
|   13  | 248.4694905281067 | 61.71379637718201 | 418.6601257324219 | [0.00055381 0.00095751 0.00129944] | [0.00045938 0.00060176 0.00071872] | [0.00029525 0.00024946 0.00022578] | [0.0057787  0.00950486 0.0129784 ] |
+-------+-------------------+-------------------+-------------------+------------------------------------+------------------------------------+------------------------------------+------------------------------------+
epoch: 14 s: 0 batch_loss 0.6931471824645996 BPR_loss 0.6931471824645996 reg_loss 4.747369164448401e-10
epoch: 14 s: 256000 batch_loss 0.6931471824645996 BPR_loss 0.6931471824645996 reg_loss 4.6047290980233413e-10
epoch: 14 s: 512000 batch_loss 0.6931471824645996 BPR_loss 0.6931471824645996 reg_loss 4.641310669128984e-10
epoch: 14 s: 768000 batch_loss 0.6931471824645996 BPR_loss 0.6931471824645996 reg_loss 4.483236559771342e-10
epoch: 14 s: 1024000 batch_loss 0.6931471824645996 BPR_loss 0.6931471824645996 reg_loss 4.5696532668948464e-10
+-------+--------------------+--------------------+-------------------+------------------------------------+------------------------------------+------------------------------------+------------------------------------+
| Epoch |  training time(s)  |   tesing time(s)   |        Loss       |               recall               |                ndcg                |             precision              |             hit_ratio              |
+-------+--------------------+--------------------+-------------------+------------------------------------+------------------------------------+------------------------------------+------------------------------------+
|   14  | 237.97582244873047 | 62.769434452056885 | 418.6601257324219 | [0.00055539 0.00099097 0.00139556] | [0.00047663 0.00062517 0.00076175] | [0.00030472 0.00025894 0.00024315] | [0.00590501 0.00963117 0.01345207] |
+-------+--------------------+--------------------+-------------------+------------------------------------+------------------------------------+------------------------------------+------------------------------------+
epoch: 15 s: 0 batch_loss 0.6931471824645996 BPR_loss 0.6931471824645996 reg_loss 4.1987077703531384e-10
epoch: 15 s: 256000 batch_loss 0.6931471824645996 BPR_loss 0.6931471824645996 reg_loss 4.169978529144913e-10
epoch: 15 s: 512000 batch_loss 0.6931471824645996 BPR_loss 0.6931471824645996 reg_loss 4.405989462163973e-10
epoch: 15 s: 768000 batch_loss 0.6931471824645996 BPR_loss 0.6931471824645996 reg_loss 4.2558762070044054e-10
epoch: 15 s: 1024000 batch_loss 0.6931471824645996 BPR_loss 0.6931471824645996 reg_loss 4.1791975435856443e-10
+-------+------------------+------------------+-------------------+------------------------------------+------------------------------------+------------------------------------+------------------------------------+
| Epoch | training time(s) |  tesing time(s)  |        Loss       |               recall               |                ndcg                |             precision              |             hit_ratio              |
+-------+------------------+------------------+-------------------+------------------------------------+------------------------------------+------------------------------------+------------------------------------+
|   15  | 235.884202003479 | 53.0753014087677 | 418.6601257324219 | [0.0005209  0.00101101 0.00135531] | [0.00043749 0.00061727 0.00073748] | [0.00027157 0.00025341 0.00023104] | [0.0053682  0.00975748 0.01313629] |
+-------+------------------+------------------+-------------------+------------------------------------+------------------------------------+------------------------------------+------------------------------------+
epoch: 16 s: 0 batch_loss 0.6931471824645996 BPR_loss 0.6931471824645996 reg_loss 3.9946948526825565e-10
epoch: 16 s: 256000 batch_loss 0.6931471824645996 BPR_loss 0.6931471824645996 reg_loss 3.81411235927942e-10
epoch: 16 s: 512000 batch_loss 0.6931471824645996 BPR_loss 0.6931471824645996 reg_loss 3.82728571057811e-10
epoch: 16 s: 768000 batch_loss 0.6931471824645996 BPR_loss 0.6931471824645996 reg_loss 3.911480028762071e-10
epoch: 16 s: 1024000 batch_loss 0.6931471824645996 BPR_loss 0.6931471824645996 reg_loss 3.404094506276323e-10
+-------+-------------------+-------------------+-------------------+------------------------------------+------------------------------------+------------------------------------+------------------------------------+
| Epoch |  training time(s) |   tesing time(s)  |        Loss       |               recall               |                ndcg                |             precision              |             hit_ratio              |
+-------+-------------------+-------------------+-------------------+------------------------------------+------------------------------------+------------------------------------+------------------------------------+
|   16  | 232.2406530380249 | 46.98793172836304 | 418.6601257324219 | [0.00057814 0.00102199 0.0013544 ] | [0.00044942 0.00061106 0.00072515] | [0.00029683 0.00025657 0.00022525] | [0.00590501 0.00991537 0.01300998] |
+-------+-------------------+-------------------+-------------------+------------------------------------+------------------------------------+------------------------------------+------------------------------------+
epoch: 17 s: 0 batch_loss 0.6931471824645996 BPR_loss 0.6931471824645996 reg_loss 3.5765140848909027e-10
epoch: 17 s: 256000 batch_loss 0.6931471824645996 BPR_loss 0.6931471824645996 reg_loss 3.384705848930025e-10
epoch: 17 s: 512000 batch_loss 0.6931471824645996 BPR_loss 0.6931471824645996 reg_loss 3.460352004935885e-10
epoch: 17 s: 768000 batch_loss 0.6931471824645996 BPR_loss 0.6931471824645996 reg_loss 3.432014394899596e-10
epoch: 17 s: 1024000 batch_loss 0.6931471824645996 BPR_loss 0.6931471824645996 reg_loss 3.4597974485350846e-10
+-------+--------------------+--------------------+-------------------+------------------------------------+------------------------------------+------------------------------------+------------------------------------+
| Epoch |  training time(s)  |   tesing time(s)   |        Loss       |               recall               |                ndcg                |             precision              |             hit_ratio              |
+-------+--------------------+--------------------+-------------------+------------------------------------+------------------------------------+------------------------------------+------------------------------------+
|   17  | 235.05713534355164 | 54.212138652801514 | 418.6601257324219 | [0.00058776 0.0010222  0.00145074] | [0.0004777  0.00063629 0.00078037] | [0.00029525 0.00025578 0.00023841] | [0.00581028 0.00985222 0.01360995] |
+-------+--------------------+--------------------+-------------------+------------------------------------+------------------------------------+------------------------------------+------------------------------------+
epoch: 18 s: 0 batch_loss 0.6931471824645996 BPR_loss 0.6931471824645996 reg_loss 3.1949781709172953e-10
epoch: 18 s: 256000 batch_loss 0.6931471824645996 BPR_loss 0.6931471824645996 reg_loss 3.0633068304197764e-10
epoch: 18 s: 512000 batch_loss 0.6931471824645996 BPR_loss 0.6931471824645996 reg_loss 3.336499965200801e-10
epoch: 18 s: 768000 batch_loss 0.6931471824645996 BPR_loss 0.6931471824645996 reg_loss 3.22628174176387e-10
epoch: 18 s: 1024000 batch_loss 0.6931471824645996 BPR_loss 0.6931471824645996 reg_loss 3.218002253557728e-10
+-------+-------------------+-------------------+-------------------+------------------------------------+------------------------------------+------------------------------------+------------------------------------+
| Epoch |  training time(s) |   tesing time(s)  |        Loss       |               recall               |                ndcg                |             precision              |             hit_ratio              |
+-------+-------------------+-------------------+-------------------+------------------------------------+------------------------------------+------------------------------------+------------------------------------+
|   18  | 228.6987805366516 | 47.74834394454956 | 418.6601257324219 | [0.00057668 0.00103985 0.00144583] | [0.00046099 0.00063629 0.00077316] | [0.00030315 0.00027788 0.00025315] | [0.00581028 0.01051535 0.01427308] |
+-------+-------------------+-------------------+-------------------+------------------------------------+------------------------------------+------------------------------------+------------------------------------+
epoch: 19 s: 0 batch_loss 0.6931471824645996 BPR_loss 0.6931471824645996 reg_loss 2.8538599261551667e-10
epoch: 19 s: 256000 batch_loss 0.6931471824645996 BPR_loss 0.6931471824645996 reg_loss 2.86628998313887e-10
epoch: 19 s: 512000 batch_loss 0.6931471824645996 BPR_loss 0.6931471824645996 reg_loss 2.8843094579400486e-10
epoch: 19 s: 768000 batch_loss 0.6931471824645996 BPR_loss 0.6931471824645996 reg_loss 2.928331466200973e-10
epoch: 19 s: 1024000 batch_loss 0.6931471824645996 BPR_loss 0.6931471824645996 reg_loss 2.879451677095801e-10
+-------+-------------------+-------------------+-------------------+------------------------------------+------------------------------------+------------------------------------+------------------------------------+
| Epoch |  training time(s) |   tesing time(s)  |        Loss       |               recall               |                ndcg                |             precision              |             hit_ratio              |
+-------+-------------------+-------------------+-------------------+------------------------------------+------------------------------------+------------------------------------+------------------------------------+
|   19  | 233.8277461528778 | 42.37179946899414 | 418.6601257324219 | [0.00057069 0.00110175 0.00151458] | [0.00048911 0.00067753 0.00081437] | [0.00032209 0.00028815 0.00025578] | [0.00631552 0.01111532 0.01465201] |
+-------+-------------------+-------------------+-------------------+------------------------------------+------------------------------------+------------------------------------+------------------------------------+
epoch: 20 s: 0 batch_loss 0.6931471824645996 BPR_loss 0.6931471824645996 reg_loss 2.8253419048773765e-10
epoch: 20 s: 256000 batch_loss 0.6931471824645996 BPR_loss 0.6931471824645996 reg_loss 2.634682749746986e-10
epoch: 20 s: 512000 batch_loss 0.6931471824645996 BPR_loss 0.6931471824645996 reg_loss 2.856068159751146e-10
epoch: 20 s: 768000 batch_loss 0.6931471824645996 BPR_loss 0.6931471824645996 reg_loss 2.675040189359379e-10
epoch: 20 s: 1024000 batch_loss 0.6931471824645996 BPR_loss 0.6931471824645996 reg_loss 2.8339139368505073e-10
+-------+--------------------+--------------------+-------------------+------------------------------------+------------------------------------+------------------------------------+------------------------------------+
| Epoch |  training time(s)  |   tesing time(s)   |        Loss       |               recall               |                ndcg                |             precision              |             hit_ratio              |
+-------+--------------------+--------------------+-------------------+------------------------------------+------------------------------------+------------------------------------+------------------------------------+
|   20  | 232.53456711769104 | 50.244813680648804 | 418.6601257324219 | [0.00053733 0.00114406 0.00153446] | [0.00046155 0.0006786  0.00081196] | [0.00030472 0.0002913  0.00025999] | [0.00590501 0.01121005 0.01490464] |
+-------+--------------------+--------------------+-------------------+------------------------------------+------------------------------------+------------------------------------+------------------------------------+
epoch: 21 s: 0 batch_loss 0.6931471824645996 BPR_loss 0.6931471824645996 reg_loss 2.535558429883622e-10
epoch: 21 s: 256000 batch_loss 0.6931471824645996 BPR_loss 0.6931471824645996 reg_loss 2.4710616886025605e-10
epoch: 21 s: 512000 batch_loss 0.6931471824645996 BPR_loss 0.6931471824645996 reg_loss 2.573502522196236e-10
epoch: 21 s: 768000 batch_loss 0.6931471824645996 BPR_loss 0.6931471824645996 reg_loss 2.5729457453493865e-10
epoch: 21 s: 1024000 batch_loss 0.6931471824645996 BPR_loss 0.6931471824645996 reg_loss 2.642243090988927e-10
+-------+--------------------+-------------------+-------------------+------------------------------------+------------------------------------+------------------------------------+------------------------------------+
| Epoch |  training time(s)  |   tesing time(s)  |        Loss       |               recall               |                ndcg                |             precision              |             hit_ratio              |
+-------+--------------------+-------------------+-------------------+------------------------------------+------------------------------------+------------------------------------+------------------------------------+
|   21  | 232.36865377426147 | 50.00345468521118 | 418.6601257324219 | [0.00050533 0.00108871 0.00156992] | [0.00045186 0.00066913 0.00083026] | [0.0002763  0.00028104 0.00026052] | [0.00533662 0.01076797 0.01477833] |
+-------+--------------------+-------------------+-------------------+------------------------------------+------------------------------------+------------------------------------+------------------------------------+
epoch: 22 s: 0 batch_loss 0.6931471824645996 BPR_loss 0.6931471824645996 reg_loss 2.2995284842952657e-10
epoch: 22 s: 256000 batch_loss 0.6931471824645996 BPR_loss 0.6931471824645996 reg_loss 2.386097985862534e-10
epoch: 22 s: 512000 batch_loss 0.6931471824645996 BPR_loss 0.6931471824645996 reg_loss 2.3852461672468905e-10
epoch: 22 s: 768000 batch_loss 0.6931471824645996 BPR_loss 0.6931471824645996 reg_loss 2.3980184504779345e-10
epoch: 22 s: 1024000 batch_loss 0.6931471824645996 BPR_loss 0.6931471824645996 reg_loss 2.5193841457493704e-10
+-------+--------------------+-------------------+-------------------+------------------------------------+------------------------------------+------------------------------------+------------------------------------+
| Epoch |  training time(s)  |   tesing time(s)  |        Loss       |               recall               |                ndcg                |             precision              |             hit_ratio              |
+-------+--------------------+-------------------+-------------------+------------------------------------+------------------------------------+------------------------------------+------------------------------------+
|   22  | 229.43060326576233 | 51.95357131958008 | 418.6601257324219 | [0.00055275 0.001105   0.00154447] | [0.00047273 0.00067015 0.00082057] | [0.00029683 0.00027394 0.00025525] | [0.0057787  0.01061008 0.01446255] |
+-------+--------------------+-------------------+-------------------+------------------------------------+------------------------------------+------------------------------------+------------------------------------+
epoch: 23 s: 0 batch_loss 0.6931471824645996 BPR_loss 0.6931471824645996 reg_loss 2.3552776395874275e-10
epoch: 23 s: 256000 batch_loss 0.6931471824645996 BPR_loss 0.6931471824645996 reg_loss 2.2849264147417614e-10
epoch: 23 s: 512000 batch_loss 0.6931471824645996 BPR_loss 0.6931471824645996 reg_loss 2.3661997361479337e-10
epoch: 23 s: 768000 batch_loss 0.6931471824645996 BPR_loss 0.6931471824645996 reg_loss 2.339621829605676e-10
epoch: 23 s: 1024000 batch_loss 0.6931471824645996 BPR_loss 0.6931471824645996 reg_loss 2.1755355850139324e-10
+-------+--------------------+-------------------+-------------------+------------------------------------+------------------------------------+------------------------------------+------------------------------------+
| Epoch |  training time(s)  |   tesing time(s)  |        Loss       |               recall               |                ndcg                |             precision              |             hit_ratio              |
+-------+--------------------+-------------------+-------------------+------------------------------------+------------------------------------+------------------------------------+------------------------------------+
|   23  | 222.76410937309265 | 51.24278974533081 | 418.6601257324219 | [0.00056422 0.00110659 0.00158433] | [0.0004736  0.00066946 0.0008295 ] | [0.0003063  0.00028104 0.00025999] | [0.00593659 0.01095743 0.01487306] |
+-------+--------------------+-------------------+-------------------+------------------------------------+------------------------------------+------------------------------------+------------------------------------+
epoch: 24 s: 0 batch_loss 0.6931471824645996 BPR_loss 0.6931471824645996 reg_loss 2.2068520622031684e-10
epoch: 24 s: 256000 batch_loss 0.6931471824645996 BPR_loss 0.6931471824645996 reg_loss 2.140609633993762e-10
epoch: 24 s: 512000 batch_loss 0.6931471824645996 BPR_loss 0.6931471824645996 reg_loss 1.9901770509367367e-10
epoch: 24 s: 768000 batch_loss 0.6931471824645996 BPR_loss 0.6931471824645996 reg_loss 2.134873527959158e-10
epoch: 24 s: 1024000 batch_loss 0.6931471824645996 BPR_loss 0.6931471824645996 reg_loss 2.1467654043316742e-10
+-------+--------------------+-------------------+-------------------+------------------------------------+------------------------------------+------------------------------------+------------------------------------+
| Epoch |  training time(s)  |   tesing time(s)  |        Loss       |               recall               |                ndcg                |             precision              |             hit_ratio              |
+-------+--------------------+-------------------+-------------------+------------------------------------+------------------------------------+------------------------------------+------------------------------------+
|   24  | 221.70944738388062 | 48.59445071220398 | 418.6601257324219 | [0.00052837 0.00101164 0.00151622] | [0.00046161 0.00063922 0.00080651] | [0.00029841 0.0002692  0.00025157] | [0.00565239 0.01026273 0.01433624] |
+-------+--------------------+-------------------+-------------------+------------------------------------+------------------------------------+------------------------------------+------------------------------------+
epoch: 25 s: 0 batch_loss 0.6931471824645996 BPR_loss 0.6931471824645996 reg_loss 2.0645556098042306e-10
epoch: 25 s: 256000 batch_loss 0.6931471824645996 BPR_loss 0.6931471824645996 reg_loss 2.054564851583507e-10
epoch: 25 s: 512000 batch_loss 0.6931471824645996 BPR_loss 0.6931471824645996 reg_loss 1.979546943031707e-10
epoch: 25 s: 768000 batch_loss 0.6931471824645996 BPR_loss 0.6931471824645996 reg_loss 1.8629144060700042e-10
epoch: 25 s: 1024000 batch_loss 0.6931471824645996 BPR_loss 0.6931471824645996 reg_loss 2.1141616235453853e-10
+-------+--------------------+------------------+-------------------+------------------------------------+------------------------------------+------------------------------------+------------------------------------+
| Epoch |  training time(s)  |  tesing time(s)  |        Loss       |               recall               |                ndcg                |             precision              |             hit_ratio              |
+-------+--------------------+------------------+-------------------+------------------------------------+------------------------------------+------------------------------------+------------------------------------+
|   25  | 223.18061804771423 | 47.5856146812439 | 418.6601257324219 | [0.0005365  0.0010592  0.00155369] | [0.0004672  0.00065682 0.00081865] | [0.00029367 0.00027394 0.00025578] | [0.00565239 0.01048377 0.01458886] |
+-------+--------------------+------------------+-------------------+------------------------------------+------------------------------------+------------------------------------+------------------------------------+
epoch: 26 s: 0 batch_loss 0.6931471824645996 BPR_loss 0.6931471824645996 reg_loss 1.9326745759329356e-10
epoch: 26 s: 256000 batch_loss 0.6931471824645996 BPR_loss 0.6931471824645996 reg_loss 1.8820109359829473e-10
epoch: 26 s: 512000 batch_loss 0.6931471824645996 BPR_loss 0.6931471824645996 reg_loss 1.9028817410671195e-10
epoch: 26 s: 768000 batch_loss 0.6931471824645996 BPR_loss 0.6931471824645996 reg_loss 1.9313135812826232e-10
epoch: 26 s: 1024000 batch_loss 0.6931471824645996 BPR_loss 0.6931471824645996 reg_loss 1.9031250186873905e-10
+-------+--------------------+--------------------+-------------------+------------------------------------+------------------------------------+------------------------------------+------------------------------------+
| Epoch |  training time(s)  |   tesing time(s)   |        Loss       |               recall               |                ndcg                |             precision              |             hit_ratio              |
+-------+--------------------+--------------------+-------------------+------------------------------------+------------------------------------+------------------------------------+------------------------------------+
|   26  | 224.01881170272827 | 57.353288412094116 | 418.6601257324219 | [0.00056399 0.00110816 0.00156466] | [0.00048595 0.00068548 0.00083502] | [0.00030472 0.00028894 0.00025999] | [0.00587344 0.01117848 0.01499937] |
+-------+--------------------+--------------------+-------------------+------------------------------------+------------------------------------+------------------------------------+------------------------------------+
epoch: 27 s: 0 batch_loss 0.6931471824645996 BPR_loss 0.6931471824645996 reg_loss 1.7540126295845226e-10
epoch: 27 s: 256000 batch_loss 0.6931471824645996 BPR_loss 0.6931471824645996 reg_loss 1.8674560509079896e-10
epoch: 27 s: 512000 batch_loss 0.6931471824645996 BPR_loss 0.6931471824645996 reg_loss 1.7769860582994568e-10
epoch: 27 s: 768000 batch_loss 0.6931471824645996 BPR_loss 0.6931471824645996 reg_loss 1.8421877912011553e-10
epoch: 27 s: 1024000 batch_loss 0.6931471824645996 BPR_loss 0.6931471824645996 reg_loss 1.8925684630577422e-10
+-------+--------------------+-------------------+-------------------+------------------------------------+------------------------------------+------------------------------------+------------------------------------+
| Epoch |  training time(s)  |   tesing time(s)  |        Loss       |               recall               |                ndcg                |             precision              |             hit_ratio              |
+-------+--------------------+-------------------+-------------------+------------------------------------+------------------------------------+------------------------------------+------------------------------------+
|   27  | 219.42974734306335 | 63.74269390106201 | 418.6601257324219 | [0.000574   0.00112867 0.00163524] | [0.00046492 0.00067717 0.00085006] | [0.00030472 0.00028972 0.00027051] | [0.00590501 0.01121005 0.01547303] |
+-------+--------------------+-------------------+-------------------+------------------------------------+------------------------------------+------------------------------------+------------------------------------+
Early stopping is trigger at step: 10 log:0.000574004183475259
early stopping at 27, recall@20:0.0006
