Namespace(K=1, Ks='[20, 40, 60]', batch_size=2048, batch_test_flag=True, context_hops=3, cuda=True, data_path='data/', dataset='gowalla', dim=64, edge_dropout=False, edge_dropout_rate=0.1, epoch=1000, eps=0.01, gnn='lightgcn', gpu_id=3, l2=0.0001, lr=0.006, mess_dropout=False, mess_dropout_rate=0.1, n_negs=16, ns='mixgcf', out_dir='./weights/yelp2018/', pool='mean', save=False, test_batch_size=2048, test_flag='part')
reading train and test user-item set ...
building the adj mat ...
loading over ...
卷积器不需要第0层embedding
拿这个最难的neg_item去和pos_item在每一个维度上自适应权重......
start training ...
epoch: 0 s: 0 batch_loss 0.6931487321853638 BPR_loss 0.6931487321853638 reg_loss 2.7992433260237704e-08
epoch: 0 s: 256000 batch_loss 0.5836820006370544 BPR_loss 0.5811289548873901 reg_loss 0.0025530685670673847
epoch: 0 s: 512000 batch_loss 0.5123384594917297 BPR_loss 0.5068608522415161 reg_loss 0.005477584898471832
epoch: 0 s: 768000 batch_loss 0.47443079948425293 BPR_loss 0.46708568930625916 reg_loss 0.007345100399106741
+-------+--------------------+--------------------+--------------------+------------------------------------+------------------------------------+------------------------------------+------------------------------------+
| Epoch |  training time(s)  |   tesing time(s)   |        Loss        |               recall               |                ndcg                |             precision              |             hit_ratio              |
+-------+--------------------+--------------------+--------------------+------------------------------------+------------------------------------+------------------------------------+------------------------------------+
|   0   | 41.199724435806274 | 40.641093492507935 | 219.67379760742188 | [0.1286451  0.18537001 0.22559864] | [0.10780201 0.12562625 0.13760581] | [0.04101078 0.02972235 0.02423192] | [0.47588586 0.58138522 0.64086677] |
+-------+--------------------+--------------------+--------------------+------------------------------------+------------------------------------+------------------------------------+------------------------------------+
epoch: 1 s: 0 batch_loss 0.4895291030406952 BPR_loss 0.48184192180633545 reg_loss 0.0076871756464242935
epoch: 1 s: 256000 batch_loss 0.44023075699806213 BPR_loss 0.4304075241088867 reg_loss 0.009823226369917393
epoch: 1 s: 512000 batch_loss 0.42384809255599976 BPR_loss 0.41236481070518494 reg_loss 0.011483285576105118
epoch: 1 s: 768000 batch_loss 0.3988349139690399 BPR_loss 0.38533228635787964 reg_loss 0.01350263599306345
+-------+-------------------+-------------------+--------------------+------------------------------------+------------------------------------+------------------------------------+------------------------------------+
| Epoch |  training time(s) |   tesing time(s)  |        Loss        |               recall               |                ndcg                |             precision              |             hit_ratio              |
+-------+-------------------+-------------------+--------------------+------------------------------------+------------------------------------+------------------------------------+------------------------------------+
|   1   | 41.37208008766174 | 37.52401399612427 | 175.42092895507812 | [0.13694785 0.19586563 0.23768431] | [0.11491963 0.13340163 0.14585852] | [0.043521   0.0312814  0.02547112] | [0.49511019 0.60215018 0.65948824] |
+-------+-------------------+-------------------+--------------------+------------------------------------+------------------------------------+------------------------------------+------------------------------------+
epoch: 2 s: 0 batch_loss 0.41589730978012085 BPR_loss 0.4025520086288452 reg_loss 0.013345290906727314
epoch: 2 s: 256000 batch_loss 0.4209284484386444 BPR_loss 0.40652966499328613 reg_loss 0.014398777857422829
epoch: 2 s: 512000 batch_loss 0.37953394651412964 BPR_loss 0.363025426864624 reg_loss 0.01650850847363472
epoch: 2 s: 768000 batch_loss 0.3691522181034088 BPR_loss 0.35091060400009155 reg_loss 0.018241608515381813
+-------+------------------+--------------------+--------------------+------------------------------------+------------------------------------+------------------------------------+------------------------------------+
| Epoch | training time(s) |   tesing time(s)   |        Loss        |               recall               |                ndcg                |             precision              |             hit_ratio              |
+-------+------------------+--------------------+--------------------+------------------------------------+------------------------------------+------------------------------------+------------------------------------+
|   2   | 41.4465434551239 | 40.138195753097534 | 155.62525939941406 | [0.14282416 0.20375118 0.24740759] | [0.12008139 0.13923583 0.15222128] | [0.04522239 0.03248124 0.02644685] | [0.50870788 0.61544645 0.67419117] |
+-------+------------------+--------------------+--------------------+------------------------------------+------------------------------------+------------------------------------+------------------------------------+
epoch: 3 s: 0 batch_loss 0.3695673942565918 BPR_loss 0.35068029165267944 reg_loss 0.018887104466557503
epoch: 3 s: 256000 batch_loss 0.36550775170326233 BPR_loss 0.34577053785324097 reg_loss 0.01973721943795681
epoch: 3 s: 512000 batch_loss 0.3449869751930237 BPR_loss 0.32354986667633057 reg_loss 0.021437106654047966
epoch: 3 s: 768000 batch_loss 0.34692615270614624 BPR_loss 0.3242206573486328 reg_loss 0.022705484181642532
+-------+-------------------+-------------------+--------------------+------------------------------------+------------------------------------+------------------------------------+------------------------------------+
| Epoch |  training time(s) |   tesing time(s)  |        Loss        |               recall               |                ndcg                |             precision              |             hit_ratio              |
+-------+-------------------+-------------------+--------------------+------------------------------------+------------------------------------+------------------------------------+------------------------------------+
|   3   | 41.67754340171814 | 46.94969344139099 | 141.28594970703125 | [0.14678146 0.2091498  0.25367155] | [0.12379726 0.14334846 0.15662118] | [0.0464867  0.03332524 0.02713901] | [0.51898989 0.62489115 0.68279858] |
+-------+-------------------+-------------------+--------------------+------------------------------------+------------------------------------+------------------------------------+------------------------------------+
epoch: 4 s: 0 batch_loss 0.3397408425807953 BPR_loss 0.3179052472114563 reg_loss 0.021835604682564735
epoch: 4 s: 256000 batch_loss 0.3239441514015198 BPR_loss 0.3004247546195984 reg_loss 0.02351939119398594
epoch: 4 s: 512000 batch_loss 0.3289969265460968 BPR_loss 0.30449339747428894 reg_loss 0.024503540247678757
epoch: 4 s: 768000 batch_loss 0.32631897926330566 BPR_loss 0.29992976784706116 reg_loss 0.0263892263174057
+-------+-------------------+-------------------+--------------------+------------------------------------+------------------------------------+------------------------------------+------------------------------------+
| Epoch |  training time(s) |   tesing time(s)  |        Loss        |               recall               |                ndcg                |             precision              |             hit_ratio              |
+-------+-------------------+-------------------+--------------------+------------------------------------+------------------------------------+------------------------------------+------------------------------------+
|   4   | 41.46358609199524 | 46.14887523651123 | 130.03921508789062 | [0.1508089  0.21401606 0.25929133] | [0.12717742 0.14692275 0.16042794] | [0.0476204  0.03401601 0.02769498] | [0.52897046 0.63299618 0.6896979 ] |
+-------+-------------------+-------------------+--------------------+------------------------------------+------------------------------------+------------------------------------+------------------------------------+
epoch: 5 s: 0 batch_loss 0.3124946355819702 BPR_loss 0.2867368459701538 reg_loss 0.025757789611816406
epoch: 5 s: 256000 batch_loss 0.31864312291145325 BPR_loss 0.29096871614456177 reg_loss 0.02767440676689148
epoch: 5 s: 512000 batch_loss 0.31337520480155945 BPR_loss 0.2844926118850708 reg_loss 0.028882579877972603
epoch: 5 s: 768000 batch_loss 0.2929480969905853 BPR_loss 0.262300580739975 reg_loss 0.030647527426481247
+-------+-------------------+-------------------+-------------------+------------------------------------+------------------------------------+------------------------------------+------------------------------------+
| Epoch |  training time(s) |   tesing time(s)  |        Loss       |               recall               |                ndcg                |             precision              |             hit_ratio              |
+-------+-------------------+-------------------+-------------------+------------------------------------+------------------------------------+------------------------------------+------------------------------------+
|   5   | 41.16928267478943 | 36.99406051635742 | 121.3665542602539 | [0.15248937 0.21695265 0.26252163] | [0.12893716 0.1491481  0.16274622] | [0.04810938 0.03447066 0.02801762] | [0.53148235 0.63567553 0.69274566] |
+-------+-------------------+-------------------+-------------------+------------------------------------+------------------------------------+------------------------------------+------------------------------------+
epoch: 6 s: 0 batch_loss 0.2894584536552429 BPR_loss 0.2584644556045532 reg_loss 0.030994011089205742
epoch: 6 s: 256000 batch_loss 0.26755988597869873 BPR_loss 0.23690789937973022 reg_loss 0.0306520015001297
epoch: 6 s: 512000 batch_loss 0.295439749956131 BPR_loss 0.2623295783996582 reg_loss 0.033110179007053375
epoch: 6 s: 768000 batch_loss 0.2910100817680359 BPR_loss 0.2571854591369629 reg_loss 0.033824622631073
+-------+-------------------+-------------------+--------------------+------------------------------------+------------------------------------+------------------------------------+------------------------------------+
| Epoch |  training time(s) |   tesing time(s)  |        Loss        |               recall               |                ndcg                |             precision              |             hit_ratio              |
+-------+-------------------+-------------------+--------------------+------------------------------------+------------------------------------+------------------------------------+------------------------------------+
|   6   | 41.31906723976135 | 41.11394238471985 | 113.90428924560547 | [0.1550998  0.21960426 0.26598427] | [0.1311245  0.15135767 0.16518633] | [0.04889644 0.03492196 0.02837989] | [0.53757787 0.64049836 0.69887467] |
+-------+-------------------+-------------------+--------------------+------------------------------------+------------------------------------+------------------------------------+------------------------------------+
epoch: 7 s: 0 batch_loss 0.2966913878917694 BPR_loss 0.26341864466667175 reg_loss 0.033272746950387955
epoch: 7 s: 256000 batch_loss 0.2782672345638275 BPR_loss 0.24418997764587402 reg_loss 0.03407726809382439
epoch: 7 s: 512000 batch_loss 0.27633434534072876 BPR_loss 0.23954974114894867 reg_loss 0.03678460419178009
epoch: 7 s: 768000 batch_loss 0.277798056602478 BPR_loss 0.24153830111026764 reg_loss 0.03625975176692009
+-------+------------------+-------------------+--------------------+------------------------------------+------------------------------------+------------------------------------+------------------------------------+
| Epoch | training time(s) |   tesing time(s)  |        Loss        |               recall               |                ndcg                |             precision              |             hit_ratio              |
+-------+------------------+-------------------+--------------------+------------------------------------+------------------------------------+------------------------------------+------------------------------------+
|   7   | 42.038578748703  | 40.34844088554382 | 107.99930572509766 | [0.15755052 0.22248474 0.26917785] | [0.13299546 0.15330535 0.16724346] | [0.04955121 0.03521837 0.02863331] | [0.54059214 0.64357961 0.70239132] |
+-------+------------------+-------------------+--------------------+------------------------------------+------------------------------------+------------------------------------+------------------------------------+
epoch: 8 s: 0 batch_loss 0.27057409286499023 BPR_loss 0.2339990735054016 reg_loss 0.036575011909008026
epoch: 8 s: 256000 batch_loss 0.2691380977630615 BPR_loss 0.23162004351615906 reg_loss 0.03751805052161217
epoch: 8 s: 512000 batch_loss 0.24479348957538605 BPR_loss 0.20566943287849426 reg_loss 0.039124052971601486
epoch: 8 s: 768000 batch_loss 0.23992091417312622 BPR_loss 0.20077431201934814 reg_loss 0.03914659470319748
+-------+-------------------+-------------------+--------------------+------------------------------------+------------------------------------+------------------------------------+------------------------------------+
| Epoch |  training time(s) |   tesing time(s)  |        Loss        |               recall               |                ndcg                |             precision              |             hit_ratio              |
+-------+-------------------+-------------------+--------------------+------------------------------------+------------------------------------+------------------------------------+------------------------------------+
|   8   | 41.42133903503418 | 41.57275319099426 | 102.76710510253906 | [0.15942086 0.22459659 0.27176883] | [0.13443113 0.15482339 0.16890957] | [0.04999498 0.03552063 0.02888617] | [0.54474513 0.64579007 0.705774  ] |
+-------+-------------------+-------------------+--------------------+------------------------------------+------------------------------------+------------------------------------+------------------------------------+
epoch: 9 s: 0 batch_loss 0.25986382365226746 BPR_loss 0.22137820720672607 reg_loss 0.038485605269670486
epoch: 9 s: 256000 batch_loss 0.259473979473114 BPR_loss 0.22049051523208618 reg_loss 0.038983479142189026
epoch: 9 s: 512000 batch_loss 0.2510617673397064 BPR_loss 0.21103975176811218 reg_loss 0.04002201929688454
epoch: 9 s: 768000 batch_loss 0.2306547462940216 BPR_loss 0.18829238414764404 reg_loss 0.04236236587166786
+-------+------------------+-------------------+-------------------+------------------------------------+------------------------------------+------------------------------------+------------------------------------+
| Epoch | training time(s) |   tesing time(s)  |        Loss       |               recall               |                ndcg                |             precision              |             hit_ratio              |
+-------+------------------+-------------------+-------------------+------------------------------------+------------------------------------+------------------------------------+------------------------------------+
|   9   | 40.966552734375  | 43.14722681045532 | 98.33557891845703 | [0.16090985 0.22686321 0.27393578] | [0.13579808 0.15646288 0.17051391] | [0.05044377 0.03586727 0.0290955 ] | [0.54839574 0.65047893 0.70932413] |
+-------+------------------+-------------------+-------------------+------------------------------------+------------------------------------+------------------------------------+------------------------------------+
epoch: 10 s: 0 batch_loss 0.25460556149482727 BPR_loss 0.2131037414073944 reg_loss 0.04150183126330376
epoch: 10 s: 256000 batch_loss 0.22015614807605743 BPR_loss 0.17918097972869873 reg_loss 0.040975164622068405
epoch: 10 s: 512000 batch_loss 0.2336825579404831 BPR_loss 0.1891149878501892 reg_loss 0.044567566365003586
epoch: 10 s: 768000 batch_loss 0.2230602353811264 BPR_loss 0.18079081177711487 reg_loss 0.042269427329301834
+-------+-------------------+--------------------+-------------------+------------------------------------+------------------------------------+------------------------------------+------------------------------------+
| Epoch |  training time(s) |   tesing time(s)   |        Loss       |               recall               |                ndcg                |             precision              |             hit_ratio              |
+-------+-------------------+--------------------+-------------------+------------------------------------+------------------------------------+------------------------------------+------------------------------------+
|   10  | 40.87225127220154 | 37.562663555145264 | 93.52466583251953 | [0.16176653 0.2283082  0.2760382 ] | [0.13639916 0.1572989  0.17150932] | [0.05060118 0.03605818 0.02923281] | [0.54879764 0.65302432 0.71086476] |
+-------+-------------------+--------------------+-------------------+------------------------------------+------------------------------------+------------------------------------+------------------------------------+
epoch: 11 s: 0 batch_loss 0.22599951922893524 BPR_loss 0.1814480423927307 reg_loss 0.04455148056149483
epoch: 11 s: 256000 batch_loss 0.2349093109369278 BPR_loss 0.1881740540266037 reg_loss 0.046735260635614395
epoch: 11 s: 512000 batch_loss 0.23160836100578308 BPR_loss 0.18618418276309967 reg_loss 0.04542417451739311
epoch: 11 s: 768000 batch_loss 0.21376243233680725 BPR_loss 0.16809988021850586 reg_loss 0.04566255211830139
+-------+--------------------+-------------------+-------------------+------------------------------------+------------------------------------+------------------------------------+------------------------------------+
| Epoch |  training time(s)  |   tesing time(s)  |        Loss       |               recall               |                ndcg                |             precision              |             hit_ratio              |
+-------+--------------------+-------------------+-------------------+------------------------------------+------------------------------------+------------------------------------+------------------------------------+
|   11  | 40.827030658721924 | 40.23235273361206 | 90.39774322509766 | [0.16339437 0.22915903 0.27782088] | [0.13748754 0.15817131 0.17268976] | [0.05098466 0.03616535 0.02941032] | [0.55090763 0.65406256 0.71287427] |
+-------+--------------------+-------------------+-------------------+------------------------------------+------------------------------------+------------------------------------+------------------------------------+
epoch: 12 s: 0 batch_loss 0.2309718281030655 BPR_loss 0.18588200211524963 reg_loss 0.04508982598781586
epoch: 12 s: 256000 batch_loss 0.22096660733222961 BPR_loss 0.17413429915905 reg_loss 0.04683231562376022
epoch: 12 s: 512000 batch_loss 0.2086510956287384 BPR_loss 0.16157746315002441 reg_loss 0.04707363620400429
epoch: 12 s: 768000 batch_loss 0.22660072147846222 BPR_loss 0.17764288187026978 reg_loss 0.048957835882902145
+-------+-------------------+-------------------+-------------------+------------------------------------+------------------------------------+------------------------------------+------------------------------------+
| Epoch |  training time(s) |   tesing time(s)  |        Loss       |               recall               |                ndcg                |             precision              |             hit_ratio              |
+-------+-------------------+-------------------+-------------------+------------------------------------+------------------------------------+------------------------------------+------------------------------------+
|   12  | 40.14057159423828 | 48.09568977355957 | 87.31488800048828 | [0.16416991 0.23107332 0.27937111] | [0.13843012 0.15943385 0.17387305] | [0.05128441 0.03640482 0.02958615] | [0.55439078 0.65634001 0.71448188] |
+-------+-------------------+-------------------+-------------------+------------------------------------+------------------------------------+------------------------------------+------------------------------------+
epoch: 13 s: 0 batch_loss 0.2000935971736908 BPR_loss 0.1515563577413559 reg_loss 0.0485372468829155
epoch: 13 s: 256000 batch_loss 0.21143709123134613 BPR_loss 0.16285213828086853 reg_loss 0.0485849492251873
epoch: 13 s: 512000 batch_loss 0.21724693477153778 BPR_loss 0.16871196031570435 reg_loss 0.048534974455833435
epoch: 13 s: 768000 batch_loss 0.23804330825805664 BPR_loss 0.18785595893859863 reg_loss 0.050187356770038605
+-------+-------------------+--------------------+-------------------+------------------------------------+------------------------------------+------------------------------------+------------------------------------+
| Epoch |  training time(s) |   tesing time(s)   |        Loss       |               recall               |                ndcg                |             precision              |             hit_ratio              |
+-------+-------------------+--------------------+-------------------+------------------------------------+------------------------------------+------------------------------------+------------------------------------+
|   13  | 42.92678737640381 | 43.016825914382935 | 84.49381256103516 | [0.16568388 0.23227899 0.28093954] | [0.13981015 0.16074209 0.17529284] | [0.05166957 0.03661247 0.02975919] | [0.55606538 0.65865095 0.71665885] |
+-------+-------------------+--------------------+-------------------+------------------------------------+------------------------------------+------------------------------------+------------------------------------+
epoch: 14 s: 0 batch_loss 0.19331613183021545 BPR_loss 0.14571650326251984 reg_loss 0.047599632292985916
epoch: 14 s: 256000 batch_loss 0.20342950522899628 BPR_loss 0.15482257306575775 reg_loss 0.048606932163238525
epoch: 14 s: 512000 batch_loss 0.20981943607330322 BPR_loss 0.1614348590373993 reg_loss 0.04838457703590393
epoch: 14 s: 768000 batch_loss 0.20241886377334595 BPR_loss 0.15092703700065613 reg_loss 0.05149181932210922
+-------+--------------------+-------------------+-------------------+------------------------------------+------------------------------------+------------------------------------+------------------------------------+
| Epoch |  training time(s)  |   tesing time(s)  |        Loss       |               recall               |                ndcg                |             precision              |             hit_ratio              |
+-------+--------------------+-------------------+-------------------+------------------------------------+------------------------------------+------------------------------------+------------------------------------+
|   14  | 41.448668003082275 | 40.53442597389221 | 81.97786712646484 | [0.16588958 0.23307823 0.28114981] | [0.139778   0.16094131 0.17529919] | [0.05170641 0.03674141 0.02975026] | [0.55660125 0.65888539 0.71709425] |
+-------+--------------------+-------------------+-------------------+------------------------------------+------------------------------------+------------------------------------+------------------------------------+
epoch: 15 s: 0 batch_loss 0.18842634558677673 BPR_loss 0.1376287192106247 reg_loss 0.05079763010144234
epoch: 15 s: 256000 batch_loss 0.2091677337884903 BPR_loss 0.1580786556005478 reg_loss 0.051089074462652206
epoch: 15 s: 512000 batch_loss 0.20757156610488892 BPR_loss 0.15430909395217896 reg_loss 0.05326247960329056
epoch: 15 s: 768000 batch_loss 0.19836881756782532 BPR_loss 0.1468920260667801 reg_loss 0.051476798951625824
+-------+--------------------+--------------------+-------------------+------------------------------------+------------------------------------+------------------------------------+------------------------------------+
| Epoch |  training time(s)  |   tesing time(s)   |        Loss       |               recall               |                ndcg                |             precision              |             hit_ratio              |
+-------+--------------------+--------------------+-------------------+------------------------------------+------------------------------------+------------------------------------+------------------------------------+
|   15  | 40.623363971710205 | 41.764795541763306 | 79.74453735351562 | [0.16659628 0.23394047 0.28202345] | [0.13993339 0.16117427 0.17556368] | [0.05177507 0.03674225 0.02978766] | [0.55733807 0.66035903 0.7176971 ] |
+-------+--------------------+--------------------+-------------------+------------------------------------+------------------------------------+------------------------------------+------------------------------------+
epoch: 16 s: 0 batch_loss 0.1885826587677002 BPR_loss 0.13556283712387085 reg_loss 0.05301982909440994
epoch: 16 s: 256000 batch_loss 0.2113017588853836 BPR_loss 0.15929120779037476 reg_loss 0.05201054736971855
epoch: 16 s: 512000 batch_loss 0.20440997183322906 BPR_loss 0.15251901745796204 reg_loss 0.05189095810055733
epoch: 16 s: 768000 batch_loss 0.1786266267299652 BPR_loss 0.12343940138816833 reg_loss 0.05518721789121628
+-------+-------------------+-------------------+-------------------+------------------------------------+------------------------------------+------------------------------------+------------------------------------+
| Epoch |  training time(s) |   tesing time(s)  |        Loss       |               recall               |                ndcg                |             precision              |             hit_ratio              |
+-------+-------------------+-------------------+-------------------+------------------------------------+------------------------------------+------------------------------------+------------------------------------+
|   16  | 41.12400794029236 | 37.00353980064392 | 77.65513610839844 | [0.16724243 0.23485125 0.28390451] | [0.14077668 0.16207882 0.17671503] | [0.0520564  0.03693064 0.02999754] | [0.55894568 0.66052649 0.72047692] |
+-------+-------------------+-------------------+-------------------+------------------------------------+------------------------------------+------------------------------------+------------------------------------+
epoch: 17 s: 0 batch_loss 0.19676056504249573 BPR_loss 0.14251218736171722 reg_loss 0.054248370230197906
epoch: 17 s: 256000 batch_loss 0.19664348661899567 BPR_loss 0.14349186420440674 reg_loss 0.05315162241458893
epoch: 17 s: 512000 batch_loss 0.20259207487106323 BPR_loss 0.1472122222185135 reg_loss 0.05537985637784004
epoch: 17 s: 768000 batch_loss 0.20473353564739227 BPR_loss 0.1506609469652176 reg_loss 0.05407259240746498
+-------+--------------------+------------------+------------------+------------------------------------+------------------------------------+------------------------------------+------------------------------------+
| Epoch |  training time(s)  |  tesing time(s)  |       Loss       |               recall               |                ndcg                |             precision              |             hit_ratio              |
+-------+--------------------+------------------+------------------+------------------------------------+------------------------------------+------------------------------------+------------------------------------+
|   17  | 41.480955362319946 | 36.9297251701355 | 76.0138168334961 | [0.16803472 0.2362541  0.28485279] | [0.14143466 0.1630101  0.1775309 ] | [0.05213343 0.03709559 0.0300556 ] | [0.55984996 0.6625695  0.72178311] |
+-------+--------------------+------------------+------------------+------------------------------------+------------------------------------+------------------------------------+------------------------------------+
epoch: 18 s: 0 batch_loss 0.18578942120075226 BPR_loss 0.1316589117050171 reg_loss 0.05413050577044487
epoch: 18 s: 256000 batch_loss 0.18196433782577515 BPR_loss 0.1265963613986969 reg_loss 0.055367980152368546
epoch: 18 s: 512000 batch_loss 0.17986126244068146 BPR_loss 0.12434995174407959 reg_loss 0.05551130697131157
epoch: 18 s: 768000 batch_loss 0.19105973839759827 BPR_loss 0.13347820937633514 reg_loss 0.05758152902126312
+-------+-------------------+-------------------+-------------------+------------------------------------+------------------------------------+------------------------------------+------------------------------------+
| Epoch |  training time(s) |   tesing time(s)  |        Loss       |               recall               |                ndcg                |             precision              |             hit_ratio              |
+-------+-------------------+-------------------+-------------------+------------------------------------+------------------------------------+------------------------------------+------------------------------------+
|   18  | 41.80552339553833 | 42.81108379364014 | 74.09416198730469 | [0.16833401 0.23693418 0.28549658] | [0.1413858  0.16308462 0.17764081] | [0.0521485  0.03712573 0.03010249] | [0.56098868 0.66424409 0.72188358] |
+-------+-------------------+-------------------+-------------------+------------------------------------+------------------------------------+------------------------------------+------------------------------------+
epoch: 19 s: 0 batch_loss 0.1909675896167755 BPR_loss 0.13487279415130615 reg_loss 0.05609478801488876
epoch: 19 s: 256000 batch_loss 0.17690424621105194 BPR_loss 0.11955422163009644 reg_loss 0.057350024580955505
epoch: 19 s: 512000 batch_loss 0.1790730059146881 BPR_loss 0.12462617456912994 reg_loss 0.05444683879613876
epoch: 19 s: 768000 batch_loss 0.1745716631412506 BPR_loss 0.11891713738441467 reg_loss 0.05565452203154564
+-------+-------------------+-------------------+-------------------+------------------------------------+------------------------------------+------------------------------------+------------------------------------+
| Epoch |  training time(s) |   tesing time(s)  |        Loss       |               recall               |                ndcg                |             precision              |             hit_ratio              |
+-------+-------------------+-------------------+-------------------+------------------------------------+------------------------------------+------------------------------------+------------------------------------+
|   19  | 42.14656352996826 | 39.96373009681702 | 72.58943939208984 | [0.16873482 0.23762176 0.28689359] | [0.1420837  0.16386005 0.17856595] | [0.05235615 0.03724211 0.03018845] | [0.56078773 0.6642106  0.72362516] |
+-------+-------------------+-------------------+-------------------+------------------------------------+------------------------------------+------------------------------------+------------------------------------+
epoch: 20 s: 0 batch_loss 0.183965802192688 BPR_loss 0.12841060757637024 reg_loss 0.05555519089102745
epoch: 20 s: 256000 batch_loss 0.17998431622982025 BPR_loss 0.12473824620246887 reg_loss 0.05524607375264168
epoch: 20 s: 512000 batch_loss 0.18413791060447693 BPR_loss 0.12550832331180573 reg_loss 0.058629583567380905
epoch: 20 s: 768000 batch_loss 0.1658145636320114 BPR_loss 0.10863418877124786 reg_loss 0.05718037113547325
+-------+-------------------+-------------------+-------------------+------------------------------------+------------------------------------+------------------------------------+------------------------------------+
| Epoch |  training time(s) |   tesing time(s)  |        Loss       |               recall               |                ndcg                |             precision              |             hit_ratio              |
+-------+-------------------+-------------------+-------------------+------------------------------------+------------------------------------+------------------------------------+------------------------------------+
|   20  | 40.85467553138733 | 39.87950611114502 | 70.97162628173828 | [0.16994406 0.23814699 0.28756414] | [0.14292826 0.16445511 0.17924828] | [0.05264753 0.03730826 0.03028278] | [0.56266327 0.66471297 0.72516578] |
+-------+-------------------+-------------------+-------------------+------------------------------------+------------------------------------+------------------------------------+------------------------------------+
epoch: 21 s: 0 batch_loss 0.1726038008928299 BPR_loss 0.11826152354478836 reg_loss 0.054342277348041534
epoch: 21 s: 256000 batch_loss 0.18685966730117798 BPR_loss 0.1306173950433731 reg_loss 0.05624227225780487
epoch: 21 s: 512000 batch_loss 0.17257824540138245 BPR_loss 0.11657293140888214 reg_loss 0.05600531026721001
epoch: 21 s: 768000 batch_loss 0.1696634590625763 BPR_loss 0.1114761009812355 reg_loss 0.05818736553192139
+-------+-------------------+-------------------+-------------------+------------------------------------+------------------------------------+------------------------------------+------------------------------------+
| Epoch |  training time(s) |   tesing time(s)  |        Loss       |               recall               |                ndcg                |             precision              |             hit_ratio              |
+-------+-------------------+-------------------+-------------------+------------------------------------+------------------------------------+------------------------------------+------------------------------------+
|   21  | 41.97206401824951 | 43.91053748130798 | 69.66010284423828 | [0.16953079 0.23826736 0.28816325] | [0.14258938 0.16428485 0.17924886] | [0.0524851  0.03723876 0.03030065] | [0.56199344 0.66638757 0.72529975] |
+-------+-------------------+-------------------+-------------------+------------------------------------+------------------------------------+------------------------------------+------------------------------------+
epoch: 22 s: 0 batch_loss 0.1651378870010376 BPR_loss 0.10715553164482117 reg_loss 0.057982347905635834
epoch: 22 s: 256000 batch_loss 0.1689898669719696 BPR_loss 0.1114056408405304 reg_loss 0.05758422613143921
epoch: 22 s: 512000 batch_loss 0.1664155125617981 BPR_loss 0.1089981198310852 reg_loss 0.05741739273071289
epoch: 22 s: 768000 batch_loss 0.17757976055145264 BPR_loss 0.12009508907794952 reg_loss 0.057484667748212814
+-------+--------------------+--------------------+-------------------+------------------------------------+------------------------------------+------------------------------------+------------------------------------+
| Epoch |  training time(s)  |   tesing time(s)   |        Loss       |               recall               |                ndcg                |             precision              |             hit_ratio              |
+-------+--------------------+--------------------+-------------------+------------------------------------+------------------------------------+------------------------------------+------------------------------------+
|   22  | 40.955631494522095 | 40.803048849105835 | 68.33824157714844 | [0.17024671 0.23863612 0.28855246] | [0.14281795 0.16450176 0.17942399] | [0.05260902 0.0373585  0.03032688] | [0.56340009 0.66772724 0.72519928] |
+-------+--------------------+--------------------+-------------------+------------------------------------+------------------------------------+------------------------------------+------------------------------------+
epoch: 23 s: 0 batch_loss 0.1760280281305313 BPR_loss 0.11853070557117462 reg_loss 0.05749732628464699
epoch: 23 s: 256000 batch_loss 0.16592538356781006 BPR_loss 0.10808920115232468 reg_loss 0.05783618614077568
epoch: 23 s: 512000 batch_loss 0.1679171621799469 BPR_loss 0.10941474884748459 reg_loss 0.05850241705775261
epoch: 23 s: 768000 batch_loss 0.16445349156856537 BPR_loss 0.10601025074720383 reg_loss 0.05844323709607124
+-------+--------------------+-------------------+------------------+------------------------------------+------------------------------------+------------------------------------+------------------------------------+
| Epoch |  training time(s)  |   tesing time(s)  |       Loss       |               recall               |                ndcg                |             precision              |             hit_ratio              |
+-------+--------------------+-------------------+------------------+------------------------------------+------------------------------------+------------------------------------+------------------------------------+
|   23  | 44.835227489471436 | 47.69599938392639 | 67.1866226196289 | [0.17106824 0.239383   0.29005058] | [0.14363009 0.16526964 0.18041221] | [0.05280662 0.03741627 0.03042791] | [0.56527564 0.66893295 0.72730926] |
+-------+--------------------+-------------------+------------------+------------------------------------+------------------------------------+------------------------------------+------------------------------------+
epoch: 24 s: 0 batch_loss 0.17090284824371338 BPR_loss 0.11242352426052094 reg_loss 0.05847933143377304
epoch: 24 s: 256000 batch_loss 0.15794527530670166 BPR_loss 0.10046781599521637 reg_loss 0.057477451860904694
epoch: 24 s: 512000 batch_loss 0.1712532639503479 BPR_loss 0.11150634288787842 reg_loss 0.059746917337179184
epoch: 24 s: 768000 batch_loss 0.16843466460704803 BPR_loss 0.10886133462190628 reg_loss 0.059573326259851456
+-------+-------------------+-------------------+-------------------+------------------------------------+------------------------------------+------------------------------------+------------------------------------+
| Epoch |  training time(s) |   tesing time(s)  |        Loss       |               recall               |                ndcg                |             precision              |             hit_ratio              |
+-------+-------------------+-------------------+-------------------+------------------------------------+------------------------------------+------------------------------------+------------------------------------+
|   24  | 45.00713562965393 | 41.16178297996521 | 65.98213958740234 | [0.17169619 0.23990558 0.29048789] | [0.14387668 0.16542533 0.18052026] | [0.05297073 0.03744809 0.03040503] | [0.56698372 0.6691339  0.72754371] |
+-------+-------------------+-------------------+-------------------+------------------------------------+------------------------------------+------------------------------------+------------------------------------+
epoch: 25 s: 0 batch_loss 0.16666625440120697 BPR_loss 0.10727272182703018 reg_loss 0.05939352884888649
epoch: 25 s: 256000 batch_loss 0.16443029046058655 BPR_loss 0.10462716221809387 reg_loss 0.05980313569307327
epoch: 25 s: 512000 batch_loss 0.1665959358215332 BPR_loss 0.10880374163389206 reg_loss 0.057792190462350845
epoch: 25 s: 768000 batch_loss 0.18194866180419922 BPR_loss 0.12042113393545151 reg_loss 0.06152752414345741
+-------+--------------------+--------------------+------------------+------------------------------------+------------------------------------+------------------------------------+------------------------------------+
| Epoch |  training time(s)  |   tesing time(s)   |       Loss       |               recall               |                ndcg                |             precision              |             hit_ratio              |
+-------+--------------------+--------------------+------------------+------------------------------------+------------------------------------+------------------------------------+------------------------------------+
|   25  | 44.735371112823486 | 47.615845680236816 | 65.0487289428711 | [0.170755   0.24064759 0.29085501] | [0.14341019 0.16553631 0.18052932] | [0.05266763 0.03752512 0.03045973] | [0.56470628 0.67067453 0.72848148] |
+-------+--------------------+--------------------+------------------+------------------------------------+------------------------------------+------------------------------------+------------------------------------+
epoch: 26 s: 0 batch_loss 0.14981822669506073 BPR_loss 0.09046538174152374 reg_loss 0.05935284122824669
epoch: 26 s: 256000 batch_loss 0.16846568882465363 BPR_loss 0.10842114686965942 reg_loss 0.0600445419549942
epoch: 26 s: 512000 batch_loss 0.16103427112102509 BPR_loss 0.10262813419103622 reg_loss 0.05840613692998886
epoch: 26 s: 768000 batch_loss 0.1556391417980194 BPR_loss 0.09623154997825623 reg_loss 0.05940758436918259
+-------+-------------------+--------------------+-------------------+------------------------------------+------------------------------------+------------------------------------+------------------------------------+
| Epoch |  training time(s) |   tesing time(s)   |        Loss       |               recall               |                ndcg                |             precision              |             hit_ratio              |
+-------+-------------------+--------------------+-------------------+------------------------------------+------------------------------------+------------------------------------+------------------------------------+
|   26  | 42.42275881767273 | 41.752116441726685 | 64.07840728759766 | [0.17146506 0.24050195 0.29088799] | [0.14374662 0.16561961 0.1806845 ] | [0.05276308 0.03746651 0.03044354] | [0.56681626 0.66990421 0.72848148] |
+-------+-------------------+--------------------+-------------------+------------------------------------+------------------------------------+------------------------------------+------------------------------------+
epoch: 27 s: 0 batch_loss 0.1587570756673813 BPR_loss 0.1002623438835144 reg_loss 0.05849473178386688
epoch: 27 s: 256000 batch_loss 0.1506919413805008 BPR_loss 0.09200245141983032 reg_loss 0.05868948996067047
epoch: 27 s: 512000 batch_loss 0.1623990535736084 BPR_loss 0.10229340195655823 reg_loss 0.06010565534234047
epoch: 27 s: 768000 batch_loss 0.16400688886642456 BPR_loss 0.10552676767110825 reg_loss 0.05848011374473572
+-------+-------------------+--------------------+-------------------+------------------------------------+------------------------------------+------------------------------------+------------------------------------+
| Epoch |  training time(s) |   tesing time(s)   |        Loss       |               recall               |                ndcg                |             precision              |             hit_ratio              |
+-------+-------------------+--------------------+-------------------+------------------------------------+------------------------------------+------------------------------------+------------------------------------+
|   27  | 44.41733431816101 | 41.742849349975586 | 63.05078887939453 | [0.17155273 0.24101425 0.29148449] | [0.14414667 0.16611693 0.18116628] | [0.05289705 0.03757954 0.03050104] | [0.56621341 0.670775   0.72928528] |
+-------+-------------------+--------------------+-------------------+------------------------------------+------------------------------------+------------------------------------+------------------------------------+
epoch: 28 s: 0 batch_loss 0.16653650999069214 BPR_loss 0.10718058794736862 reg_loss 0.059355929493904114
epoch: 28 s: 256000 batch_loss 0.1579764038324356 BPR_loss 0.09713302552700043 reg_loss 0.06084338203072548
epoch: 28 s: 512000 batch_loss 0.14519555866718292 BPR_loss 0.08417858183383942 reg_loss 0.061016976833343506
epoch: 28 s: 768000 batch_loss 0.14766636490821838 BPR_loss 0.08638468384742737 reg_loss 0.06128168851137161
+-------+-------------------+-------------------+-------------------+------------------------------------+------------------------------------+------------------------------------+------------------------------------+
| Epoch |  training time(s) |   tesing time(s)  |        Loss       |               recall               |                ndcg                |             precision              |             hit_ratio              |
+-------+-------------------+-------------------+-------------------+------------------------------------+------------------------------------+------------------------------------+------------------------------------+
|   28  | 45.00713491439819 | 60.92852425575256 | 62.27661895751953 | [0.17190193 0.24159507 0.29178588] | [0.14424177 0.16626185 0.18130998] | [0.05292216 0.03756447 0.03053509] | [0.56484024 0.67151182 0.72985465] |
+-------+-------------------+-------------------+-------------------+------------------------------------+------------------------------------+------------------------------------+------------------------------------+
epoch: 29 s: 0 batch_loss 0.15713588893413544 BPR_loss 0.09626474231481552 reg_loss 0.06087114289402962
epoch: 29 s: 256000 batch_loss 0.15253791213035583 BPR_loss 0.09229587763547897 reg_loss 0.06024203822016716
epoch: 29 s: 512000 batch_loss 0.1587240993976593 BPR_loss 0.09757170081138611 reg_loss 0.06115240231156349
epoch: 29 s: 768000 batch_loss 0.14889152348041534 BPR_loss 0.08818185329437256 reg_loss 0.06070966646075249
+-------+--------------------+-------------------+--------------------+------------------------------------+------------------------------------+------------------------------------+------------------------------------+
| Epoch |  training time(s)  |   tesing time(s)  |        Loss        |               recall               |                ndcg                |             precision              |             hit_ratio              |
+-------+--------------------+-------------------+--------------------+------------------------------------+------------------------------------+------------------------------------+------------------------------------+
|   29  | 48.422019720077515 | 45.07261824607849 | 61.404903411865234 | [0.17227151 0.24173729 0.2919688 ] | [0.1443179  0.16632401 0.18138767] | [0.05299082 0.03759378 0.03055407] | [0.56738563 0.67301896 0.73042401] |
+-------+--------------------+-------------------+--------------------+------------------------------------+------------------------------------+------------------------------------+------------------------------------+
epoch: 30 s: 0 batch_loss 0.15418623387813568 BPR_loss 0.09333263337612152 reg_loss 0.06085360422730446
epoch: 30 s: 256000 batch_loss 0.14484503865242004 BPR_loss 0.08225996047258377 reg_loss 0.06258508563041687
epoch: 30 s: 512000 batch_loss 0.1552392542362213 BPR_loss 0.09161415696144104 reg_loss 0.06362510472536087
epoch: 30 s: 768000 batch_loss 0.15481123328208923 BPR_loss 0.09406591951847076 reg_loss 0.06074531003832817
+-------+-------------------+------------------+-------------------+------------------------------------+------------------------------------+------------------------------------+------------------------------------+
| Epoch |  training time(s) |  tesing time(s)  |        Loss       |               recall               |                ndcg                |             precision              |             hit_ratio              |
+-------+-------------------+------------------+-------------------+------------------------------------+------------------------------------+------------------------------------+------------------------------------+
|   30  | 43.20876455307007 | 42.0346040725708 | 60.56682205200195 | [0.17211759 0.24184341 0.2918802 ] | [0.1439798  0.16616938 0.18112657] | [0.0527681  0.03759294 0.03048262] | [0.56587849 0.6724161  0.73035702] |
+-------+-------------------+------------------+-------------------+------------------------------------+------------------------------------+------------------------------------+------------------------------------+
epoch: 31 s: 0 batch_loss 0.1504022479057312 BPR_loss 0.09125272184610367 reg_loss 0.059149522334337234
epoch: 31 s: 256000 batch_loss 0.14604943990707397 BPR_loss 0.08328036963939667 reg_loss 0.06276906281709671
epoch: 31 s: 512000 batch_loss 0.16191796958446503 BPR_loss 0.10073279589414597 reg_loss 0.06118517741560936
epoch: 31 s: 768000 batch_loss 0.148349791765213 BPR_loss 0.08643315732479095 reg_loss 0.06191663816571236
+-------+-------------------+------------------+--------------------+------------------------------------+------------------------------------+------------------------------------+------------------------------------+
| Epoch |  training time(s) |  tesing time(s)  |        Loss        |               recall               |                ndcg                |             precision              |             hit_ratio              |
+-------+-------------------+------------------+--------------------+------------------------------------+------------------------------------+------------------------------------+------------------------------------+
|   31  | 44.61485743522644 | 46.1543288230896 | 60.079830169677734 | [0.17180868 0.24200516 0.29177864] | [0.14412274 0.16642373 0.18132787] | [0.05270949 0.03755024 0.03045973] | [0.56654833 0.67318642 0.73035702] |
+-------+-------------------+------------------+--------------------+------------------------------------+------------------------------------+------------------------------------+------------------------------------+
epoch: 32 s: 0 batch_loss 0.15187549591064453 BPR_loss 0.09127743542194366 reg_loss 0.06059805303812027
epoch: 32 s: 256000 batch_loss 0.15152877569198608 BPR_loss 0.08945855498313904 reg_loss 0.062070220708847046
epoch: 32 s: 512000 batch_loss 0.15162669122219086 BPR_loss 0.09043078124523163 reg_loss 0.06119591370224953
epoch: 32 s: 768000 batch_loss 0.15303750336170197 BPR_loss 0.08993417024612427 reg_loss 0.0631033331155777
+-------+-------------------+--------------------+--------------------+------------------------------------+------------------------------------+------------------------------------+------------------------------------+
| Epoch |  training time(s) |   tesing time(s)   |        Loss        |               recall               |                ndcg                |             precision              |             hit_ratio              |
+-------+-------------------+--------------------+--------------------+------------------------------------+------------------------------------+------------------------------------+------------------------------------+
|   32  | 45.65805745124817 | 43.403138160705566 | 59.074153900146484 | [0.17215408 0.24189288 0.29134773] | [0.14418288 0.16637247 0.18119907] | [0.05268102 0.03747321 0.03038828] | [0.56648135 0.67348784 0.7304575 ] |
+-------+-------------------+--------------------+--------------------+------------------------------------+------------------------------------+------------------------------------+------------------------------------+
epoch: 33 s: 0 batch_loss 0.1438543200492859 BPR_loss 0.08490200340747833 reg_loss 0.05895231291651726
epoch: 33 s: 256000 batch_loss 0.1349603235721588 BPR_loss 0.07360874116420746 reg_loss 0.06135157495737076
epoch: 33 s: 512000 batch_loss 0.14363545179367065 BPR_loss 0.08165911585092545 reg_loss 0.06197633966803551
epoch: 33 s: 768000 batch_loss 0.14776979386806488 BPR_loss 0.08758532255887985 reg_loss 0.06018447130918503
+-------+-------------------+-------------------+-------------------+------------------------------------+------------------------------------+------------------------------------+------------------------------------+
| Epoch |  training time(s) |   tesing time(s)  |        Loss       |               recall               |                ndcg                |             precision              |             hit_ratio              |
+-------+-------------------+-------------------+-------------------+------------------------------------+------------------------------------+------------------------------------+------------------------------------+
|   33  | 45.96925401687622 | 51.75747895240784 | 58.39543533325195 | [0.17275901 0.24237648 0.29186594] | [0.1446194  0.16679231 0.18163198] | [0.05285351 0.03761471 0.03048653] | [0.56818943 0.6748945  0.73072543] |
+-------+-------------------+-------------------+-------------------+------------------------------------+------------------------------------+------------------------------------+------------------------------------+
epoch: 34 s: 0 batch_loss 0.14946243166923523 BPR_loss 0.08691426366567612 reg_loss 0.06254816800355911
epoch: 34 s: 256000 batch_loss 0.14955508708953857 BPR_loss 0.08784402906894684 reg_loss 0.061711058020591736
epoch: 34 s: 512000 batch_loss 0.14335110783576965 BPR_loss 0.0834219753742218 reg_loss 0.059929125010967255
epoch: 34 s: 768000 batch_loss 0.1469113528728485 BPR_loss 0.0864265188574791 reg_loss 0.060484837740659714
+-------+------------------+-------------------+-------------------+------------------------------------+------------------------------------+------------------------------------+------------------------------------+
| Epoch | training time(s) |   tesing time(s)  |        Loss       |               recall               |                ndcg                |             precision              |             hit_ratio              |
+-------+------------------+-------------------+-------------------+------------------------------------+------------------------------------+------------------------------------+------------------------------------+
|   34  | 44.9017059803009 | 50.80175161361694 | 57.70345687866211 | [0.17179158 0.24175916 0.29172929] | [0.14356386 0.16591079 0.18086005] | [0.05239634 0.03743302 0.03037544] | [0.56597897 0.67204769 0.73025655] |
+-------+------------------+-------------------+-------------------+------------------------------------+------------------------------------+------------------------------------+------------------------------------+
epoch: 35 s: 0 batch_loss 0.14188675582408905 BPR_loss 0.0808040201663971 reg_loss 0.061082739382982254
epoch: 35 s: 256000 batch_loss 0.14179909229278564 BPR_loss 0.0817398726940155 reg_loss 0.06005921959877014
epoch: 35 s: 512000 batch_loss 0.14636273682117462 BPR_loss 0.08476811647415161 reg_loss 0.06159461662173271
epoch: 35 s: 768000 batch_loss 0.15017110109329224 BPR_loss 0.08820052444934845 reg_loss 0.061970580369234085
+-------+--------------------+-------------------+-------------------+------------------------------------+------------------------------------+------------------------------------+------------------------------------+
| Epoch |  training time(s)  |   tesing time(s)  |        Loss       |               recall               |                ndcg                |             precision              |             hit_ratio              |
+-------+--------------------+-------------------+-------------------+------------------------------------+------------------------------------+------------------------------------+------------------------------------+
|   35  | 48.035969257354736 | 54.24445843696594 | 57.21516418457031 | [0.17210391 0.2422799  0.29277374] | [0.14431197 0.16667447 0.18177228] | [0.05257552 0.0374799  0.03045024] | [0.56661531 0.67368879 0.73286891] |
+-------+--------------------+-------------------+-------------------+------------------------------------+------------------------------------+------------------------------------+------------------------------------+
epoch: 36 s: 0 batch_loss 0.14275327324867249 BPR_loss 0.08101794123649597 reg_loss 0.06173532456159592
epoch: 36 s: 256000 batch_loss 0.14345410466194153 BPR_loss 0.08132524788379669 reg_loss 0.062128856778144836
epoch: 36 s: 512000 batch_loss 0.1343427300453186 BPR_loss 0.07484841346740723 reg_loss 0.05949431657791138
epoch: 36 s: 768000 batch_loss 0.13673731684684753 BPR_loss 0.07600761204957962 reg_loss 0.06072970852255821
+-------+--------------------+------------------+------------------+------------------------------------+------------------------------------+------------------------------------+------------------------------------+
| Epoch |  training time(s)  |  tesing time(s)  |       Loss       |               recall               |                ndcg                |             precision              |             hit_ratio              |
+-------+--------------------+------------------+------------------+------------------------------------+------------------------------------+------------------------------------+------------------------------------+
|   36  | 45.794514894485474 | 55.1937792301178 | 56.7051887512207 | [0.17251798 0.24220694 0.29218139] | [0.14420934 0.1664282  0.18136745] | [0.05270949 0.03751088 0.03040894] | [0.56651484 0.67308594 0.73243352] |
+-------+--------------------+------------------+------------------+------------------------------------+------------------------------------+------------------------------------+------------------------------------+
epoch: 37 s: 0 batch_loss 0.1434677094221115 BPR_loss 0.08259324729442596 reg_loss 0.060874465852975845
epoch: 37 s: 256000 batch_loss 0.14480507373809814 BPR_loss 0.08506716787815094 reg_loss 0.0597379133105278
epoch: 37 s: 512000 batch_loss 0.1453583538532257 BPR_loss 0.08265860378742218 reg_loss 0.06269974261522293
epoch: 37 s: 768000 batch_loss 0.14083094894886017 BPR_loss 0.07771740108728409 reg_loss 0.06311354786157608
+-------+--------------------+-------------------+-------------------+------------------------------------+------------------------------------+------------------------------------+------------------------------------+
| Epoch |  training time(s)  |   tesing time(s)  |        Loss       |               recall               |                ndcg                |             precision              |             hit_ratio              |
+-------+--------------------+-------------------+-------------------+------------------------------------+------------------------------------+------------------------------------+------------------------------------+
|   37  | 45.893417835235596 | 59.22353506088257 | 56.07877731323242 | [0.17235214 0.24191805 0.2915633 ] | [0.14384728 0.16608858 0.18091874] | [0.05251189 0.03740539 0.03027608] | [0.56671579 0.67271753 0.73136178] |
+-------+--------------------+-------------------+-------------------+------------------------------------+------------------------------------+------------------------------------+------------------------------------+
epoch: 38 s: 0 batch_loss 0.14467771351337433 BPR_loss 0.0834832414984703 reg_loss 0.061194468289613724
epoch: 38 s: 256000 batch_loss 0.14327704906463623 BPR_loss 0.08229520916938782 reg_loss 0.06098183989524841
epoch: 38 s: 512000 batch_loss 0.13652804493904114 BPR_loss 0.07446128875017166 reg_loss 0.06206676363945007
epoch: 38 s: 768000 batch_loss 0.14198245108127594 BPR_loss 0.08087924122810364 reg_loss 0.0611032135784626
+-------+-------------------+--------------------+--------------------+------------------------------------+------------------------------------+------------------------------------+------------------------------------+
| Epoch |  training time(s) |   tesing time(s)   |        Loss        |               recall               |                ndcg                |             precision              |             hit_ratio              |
+-------+-------------------+--------------------+--------------------+------------------------------------+------------------------------------+------------------------------------+------------------------------------+
|   38  | 46.76269507408142 | 48.372631788253784 | 55.525604248046875 | [0.17236703 0.24200945 0.29150621] | [0.14395629 0.16611961 0.18093085] | [0.05267433 0.0374372  0.03034251] | [0.5674861  0.67291848 0.73116083] |
+-------+-------------------+--------------------+--------------------+------------------------------------+------------------------------------+------------------------------------+------------------------------------+
epoch: 39 s: 0 batch_loss 0.13536180555820465 BPR_loss 0.07442192733287811 reg_loss 0.06093987822532654
epoch: 39 s: 256000 batch_loss 0.1431802213191986 BPR_loss 0.08210235089063644 reg_loss 0.06107787415385246
epoch: 39 s: 512000 batch_loss 0.1326034665107727 BPR_loss 0.07246357202529907 reg_loss 0.060139890760183334
epoch: 39 s: 768000 batch_loss 0.14374011754989624 BPR_loss 0.08099007606506348 reg_loss 0.06275003403425217
+-------+-------------------+-------------------+-------------------+------------------------------------+------------------------------------+------------------------------------+------------------------------------+
| Epoch |  training time(s) |   tesing time(s)  |        Loss       |               recall               |                ndcg                |             precision              |             hit_ratio              |
+-------+-------------------+-------------------+-------------------+------------------------------------+------------------------------------+------------------------------------+------------------------------------+
|   39  | 44.96076726913452 | 46.32651472091675 | 55.25047302246094 | [0.17217723 0.24209064 0.29161628] | [0.14348824 0.1658449  0.18064519] | [0.05239634 0.03739952 0.03027497] | [0.56634738 0.67315292 0.73146225] |
+-------+-------------------+-------------------+-------------------+------------------------------------+------------------------------------+------------------------------------+------------------------------------+
epoch: 40 s: 0 batch_loss 0.14015734195709229 BPR_loss 0.07864873856306076 reg_loss 0.061508603394031525
epoch: 40 s: 256000 batch_loss 0.13067971169948578 BPR_loss 0.06975652277469635 reg_loss 0.06092319265007973
epoch: 40 s: 512000 batch_loss 0.13911615312099457 BPR_loss 0.07640667259693146 reg_loss 0.06270948052406311
epoch: 40 s: 768000 batch_loss 0.13901948928833008 BPR_loss 0.07758049666881561 reg_loss 0.06143900007009506
+-------+-------------------+------------------+-------------------+------------------------------------+------------------------------------+---------------------------------+------------------------------------+
| Epoch |  training time(s) |  tesing time(s)  |        Loss       |               recall               |                ndcg                |            precision            |             hit_ratio              |
+-------+-------------------+------------------+-------------------+------------------------------------+------------------------------------+---------------------------------+------------------------------------+
|   40  | 45.25279355049133 | 52.2225296497345 | 54.55921173095703 | [0.17190946 0.24208419 0.29117018] | [0.14339241 0.16578901 0.18047662] | [0.0523863 0.0373811 0.0302331] | [0.56517516 0.67265055 0.73072543] |
+-------+-------------------+------------------+-------------------+------------------------------------+------------------------------------+---------------------------------+------------------------------------+
epoch: 41 s: 0 batch_loss 0.14029492437839508 BPR_loss 0.07859772443771362 reg_loss 0.06169719621539116
epoch: 41 s: 256000 batch_loss 0.13655529916286469 BPR_loss 0.07454611361026764 reg_loss 0.062009189277887344
epoch: 41 s: 512000 batch_loss 0.13229341804981232 BPR_loss 0.07125142216682434 reg_loss 0.061041995882987976
epoch: 41 s: 768000 batch_loss 0.14085128903388977 BPR_loss 0.0809265673160553 reg_loss 0.05992472916841507
+-------+-------------------+--------------------+-------------------+------------------------------------+------------------------------------+------------------------------------+------------------------------------+
| Epoch |  training time(s) |   tesing time(s)   |        Loss       |               recall               |                ndcg                |             precision              |             hit_ratio              |
+-------+-------------------+--------------------+-------------------+------------------------------------+------------------------------------+------------------------------------+------------------------------------+
|   41  | 45.06429076194763 | 48.386444091796875 | 54.18317413330078 | [0.17204212 0.24237615 0.29136851] | [0.14388558 0.16633772 0.18101585] | [0.05236955 0.03737524 0.03023087] | [0.56594548 0.67315292 0.73095988] |
+-------+-------------------+--------------------+-------------------+------------------------------------+------------------------------------+------------------------------------+------------------------------------+
epoch: 42 s: 0 batch_loss 0.13749143481254578 BPR_loss 0.07650148868560791 reg_loss 0.060989946126937866
epoch: 42 s: 256000 batch_loss 0.14232754707336426 BPR_loss 0.07989964634180069 reg_loss 0.06242789328098297
epoch: 42 s: 512000 batch_loss 0.13457079231739044 BPR_loss 0.07237422466278076 reg_loss 0.06219656765460968
epoch: 42 s: 768000 batch_loss 0.13760653138160706 BPR_loss 0.07801207900047302 reg_loss 0.05959445610642433
+-------+-------------------+--------------------+-------------------+------------------------------------+------------------------------------+------------------------------------+------------------------------------+
| Epoch |  training time(s) |   tesing time(s)   |        Loss       |               recall               |                ndcg                |             precision              |             hit_ratio              |
+-------+-------------------+--------------------+-------------------+------------------------------------+------------------------------------+------------------------------------+------------------------------------+
|   42  | 44.29227685928345 | 52.609281063079834 | 53.75733947753906 | [0.17232145 0.24264729 0.29173387] | [0.14416624 0.16657985 0.18129638] | [0.05252864 0.03745897 0.03031237] | [0.5674861  0.6740907  0.73136178] |
+-------+-------------------+--------------------+-------------------+------------------------------------+------------------------------------+------------------------------------+------------------------------------+
epoch: 43 s: 0 batch_loss 0.14107069373130798 BPR_loss 0.0783543586730957 reg_loss 0.06271633505821228
epoch: 43 s: 256000 batch_loss 0.14154978096485138 BPR_loss 0.08199460804462433 reg_loss 0.05955517292022705
epoch: 43 s: 512000 batch_loss 0.13017144799232483 BPR_loss 0.06970233470201492 reg_loss 0.060469113290309906
epoch: 43 s: 768000 batch_loss 0.13373957574367523 BPR_loss 0.07041528820991516 reg_loss 0.06332428753376007
+-------+--------------------+-------------------+-------------------+------------------------------------+------------------------------------+------------------------------------+------------------------------------+
| Epoch |  training time(s)  |   tesing time(s)  |        Loss       |               recall               |                ndcg                |             precision              |             hit_ratio              |
+-------+--------------------+-------------------+-------------------+------------------------------------+------------------------------------+------------------------------------+------------------------------------+
|   43  | 45.693439960479736 | 48.33671498298645 | 53.45267105102539 | [0.17239186 0.24244333 0.29122037] | [0.14385498 0.1662033  0.18080996] | [0.05250352 0.0374305  0.03025097] | [0.56684976 0.67255007 0.72995512] |
+-------+--------------------+-------------------+-------------------+------------------------------------+------------------------------------+------------------------------------+------------------------------------+
Early stopping is trigger at step: 10 log:0.17239186307231358
early stopping at 43, recall@20:0.1728
