Namespace(K=1, Ks='[20, 40, 60]', batch_size=2048, batch_test_flag=True, context_hops=3, cuda=True, data_path='data/', dataset='yelp2018', dim=64, edge_dropout=False, edge_dropout_rate=0.1, epoch=1000, eps=0.01, gnn='lightgcn', gpu_id=1, l2=0.0001, lr=0.001, mess_dropout=False, mess_dropout_rate=0.1, n_negs=64, ns='mixgcf', out_dir='./weights/yelp2018/', pool='mean', save=False, test_batch_size=2048, test_flag='part')
reading train and test user-item set ...
building the adj mat ...
loading over ...
卷积器需要第0层embedding
拿这个最难的neg_item去和pos_item在每一个维度上自适应权重......
start training ...
epoch: 0 s: 0 batch_loss 0.693173348903656 BPR_loss 0.693172812461853 reg_loss 5.115257408760954e-07
epoch: 0 s: 256000 batch_loss 0.6931642889976501 BPR_loss 0.6931637525558472 reg_loss 5.07188076426246e-07
epoch: 0 s: 512000 batch_loss 0.6931635141372681 BPR_loss 0.6931629776954651 reg_loss 5.342155873222509e-07
epoch: 0 s: 768000 batch_loss 0.6931654810905457 BPR_loss 0.6931648254394531 reg_loss 6.801197400818637e-07
epoch: 0 s: 1024000 batch_loss 0.6931697130203247 BPR_loss 0.6931686401367188 reg_loss 1.0569058304099599e-06
+-------+------------------+-------------------+-------------------+------------------------------------+------------------------------------+------------------------------------+------------------------------------+
| Epoch | training time(s) |   tesing time(s)  |        Loss       |               recall               |                ndcg                |             precision              |             hit_ratio              |
+-------+------------------+-------------------+-------------------+------------------------------------+------------------------------------+------------------------------------+------------------------------------+
|   0   | 400.728878736496 | 67.29884243011475 | 418.6736145019531 | [0.0392793  0.06632869 0.08752391] | [0.03281777 0.04302205 0.050517  ] | [0.01871448 0.01584644 0.01403941] | [0.26774662 0.38508905 0.4589491 ] |
+-------+------------------+-------------------+-------------------+------------------------------------+------------------------------------+------------------------------------+------------------------------------+
epoch: 1 s: 0 batch_loss 0.6931624412536621 BPR_loss 0.6931607723236084 reg_loss 1.6560559288336663e-06
epoch: 1 s: 256000 batch_loss 0.6931451559066772 BPR_loss 0.6931418180465698 reg_loss 3.360807795615983e-06
epoch: 1 s: 512000 batch_loss 0.6931304931640625 BPR_loss 0.6931243538856506 reg_loss 6.160733846627409e-06
epoch: 1 s: 768000 batch_loss 0.6929413080215454 BPR_loss 0.6929305791854858 reg_loss 1.0712648872868158e-05
epoch: 1 s: 1024000 batch_loss 0.6926535964012146 BPR_loss 0.692636251449585 reg_loss 1.734943907649722e-05
+-------+--------------------+-------------------+-------------------+------------------------------------+------------------------------------+------------------------------------+------------------------------------+
| Epoch |  training time(s)  |   tesing time(s)  |        Loss       |               recall               |                ndcg                |             precision              |             hit_ratio              |
+-------+--------------------+-------------------+-------------------+------------------------------------+------------------------------------+------------------------------------+------------------------------------+
|   1   | 391.26973700523376 | 66.94475293159485 | 418.5635681152344 | [0.0530485  0.08798921 0.11722702] | [0.04353894 0.05668457 0.06696211] | [0.02467475 0.02061782 0.01840607] | [0.34214349 0.47694834 0.56350259] |
+-------+--------------------+-------------------+-------------------+------------------------------------+------------------------------------+------------------------------------+------------------------------------+
epoch: 2 s: 0 batch_loss 0.69230055809021 BPR_loss 0.6922760605812073 reg_loss 2.4521219529560767e-05
epoch: 2 s: 256000 batch_loss 0.6920681595802307 BPR_loss 0.6920337677001953 reg_loss 3.438823841861449e-05
epoch: 2 s: 512000 batch_loss 0.6925237774848938 BPR_loss 0.6924776434898376 reg_loss 4.6108150854706764e-05
epoch: 2 s: 768000 batch_loss 0.6912123560905457 BPR_loss 0.6911510229110718 reg_loss 6.131857662694529e-05
epoch: 2 s: 1024000 batch_loss 0.6887343525886536 BPR_loss 0.6886553764343262 reg_loss 7.897531031630933e-05
+-------+--------------------+-------------------+-------------------+------------------------------------+------------------------------------+------------------------------------+------------------------------------+
| Epoch |  training time(s)  |   tesing time(s)  |        Loss       |               recall               |                ndcg                |             precision              |             hit_ratio              |
+-------+--------------------+-------------------+-------------------+------------------------------------+------------------------------------+------------------------------------+------------------------------------+
|   2   | 388.04997754096985 | 68.38081908226013 | 417.4278564453125 | [0.055665   0.09432945 0.12468011] | [0.04595213 0.06048979 0.07115657] | [0.02583996 0.02186908 0.01943444] | [0.35546924 0.50322092 0.58810155] |
+-------+--------------------+-------------------+-------------------+------------------------------------+------------------------------------+------------------------------------+------------------------------------+
epoch: 3 s: 0 batch_loss 0.6888523697853088 BPR_loss 0.6887586116790771 reg_loss 9.374634100822732e-05
epoch: 3 s: 256000 batch_loss 0.6886544823646545 BPR_loss 0.6885439157485962 reg_loss 0.0001105510673369281
epoch: 3 s: 512000 batch_loss 0.6866340041160583 BPR_loss 0.6865032911300659 reg_loss 0.00013073414447717369
epoch: 3 s: 768000 batch_loss 0.687178373336792 BPR_loss 0.6870243549346924 reg_loss 0.0001540269877295941
epoch: 3 s: 1024000 batch_loss 0.6860309839248657 BPR_loss 0.685855507850647 reg_loss 0.0001754527911543846
+-------+--------------------+-------------------+-------------------+------------------------------------+------------------------------------+------------------------------------+------------------------------------+
| Epoch |  training time(s)  |   tesing time(s)  |        Loss       |               recall               |                ndcg                |             precision              |             hit_ratio              |
+-------+--------------------+-------------------+-------------------+------------------------------------+------------------------------------+------------------------------------+------------------------------------+
|   3   | 385.18631196022034 | 68.75363516807556 | 415.1063232421875 | [0.0576361  0.09667852 0.12814767] | [0.0474269  0.06216005 0.07320548] | [0.0266073  0.02245169 0.01995337] | [0.36465833 0.51124163 0.59962738] |
+-------+--------------------+-------------------+-------------------+------------------------------------+------------------------------------+------------------------------------+------------------------------------+
epoch: 4 s: 0 batch_loss 0.6832561492919922 BPR_loss 0.6830558776855469 reg_loss 0.00020026092533953488
epoch: 4 s: 256000 batch_loss 0.6819900274276733 BPR_loss 0.6817583441734314 reg_loss 0.00023168680490925908
epoch: 4 s: 512000 batch_loss 0.6828083992004395 BPR_loss 0.6825616359710693 reg_loss 0.00024678907357156277
epoch: 4 s: 768000 batch_loss 0.6812424063682556 BPR_loss 0.6809622645378113 reg_loss 0.00028011223184876144
epoch: 4 s: 1024000 batch_loss 0.6824816465377808 BPR_loss 0.6821783781051636 reg_loss 0.00030327687272801995
+-------+-------------------+-------------------+-----------------+------------------------------------+------------------------------------+------------------------------------+------------------------------------+
| Epoch |  training time(s) |   tesing time(s)  |       Loss      |               recall               |                ndcg                |             precision              |             hit_ratio              |
+-------+-------------------+-------------------+-----------------+------------------------------------+------------------------------------+------------------------------------+------------------------------------+
|   4   | 385.2723557949066 | 70.50380897521973 | 412.21435546875 | [0.05884399 0.09799282 0.12966497] | [0.04810048 0.06282261 0.07391347] | [0.02708886 0.02266957 0.02010179] | [0.37012126 0.51629405 0.6043956 ] |
+-------+-------------------+-------------------+-----------------+------------------------------------+------------------------------------+------------------------------------+------------------------------------+
epoch: 5 s: 0 batch_loss 0.6802024841308594 BPR_loss 0.6798718571662903 reg_loss 0.00033064003218896687
epoch: 5 s: 256000 batch_loss 0.6780543923377991 BPR_loss 0.6776900291442871 reg_loss 0.0003643585951067507
epoch: 5 s: 512000 batch_loss 0.6786543130874634 BPR_loss 0.6782710552215576 reg_loss 0.0003832692455034703
epoch: 5 s: 768000 batch_loss 0.677163302898407 BPR_loss 0.6767563819885254 reg_loss 0.00040693458868190646
epoch: 5 s: 1024000 batch_loss 0.676227867603302 BPR_loss 0.6757855415344238 reg_loss 0.0004423436475917697
+-------+--------------------+------------------+-------------------+------------------------------------+------------------------------------+------------------------------------+------------------------------------+
| Epoch |  training time(s)  |  tesing time(s)  |        Loss       |               recall               |                ndcg                |             precision              |             hit_ratio              |
+-------+--------------------+------------------+-------------------+------------------------------------+------------------------------------+------------------------------------+------------------------------------+
|   5   | 383.61237120628357 | 69.5912401676178 | 408.9954528808594 | [0.05929158 0.09871983 0.13047249] | [0.04852272 0.06333992 0.07449643] | [0.02734148 0.02282509 0.02025915] | [0.37236327 0.51768347 0.6046798 ] |
+-------+--------------------+------------------+-------------------+------------------------------------+------------------------------------+------------------------------------+------------------------------------+
epoch: 6 s: 0 batch_loss 0.6720854043960571 BPR_loss 0.6716030836105347 reg_loss 0.00048233880079351366
epoch: 6 s: 256000 batch_loss 0.6738073229789734 BPR_loss 0.6733018755912781 reg_loss 0.0005054682842455804
epoch: 6 s: 512000 batch_loss 0.668067455291748 BPR_loss 0.6675214767456055 reg_loss 0.000545973889529705
epoch: 6 s: 768000 batch_loss 0.6708421111106873 BPR_loss 0.6702752709388733 reg_loss 0.0005668658996000886
epoch: 6 s: 1024000 batch_loss 0.6714835166931152 BPR_loss 0.6708874106407166 reg_loss 0.0005961068090982735
+-------+-------------------+-------------------+--------------------+------------------------------------+------------------------------------+------------------------------------+------------------------------------+
| Epoch |  training time(s) |   tesing time(s)  |        Loss        |               recall               |                ndcg                |             precision              |             hit_ratio              |
+-------+-------------------+-------------------+--------------------+------------------------------------+------------------------------------+------------------------------------+------------------------------------+
|   6   | 382.1719341278076 | 72.59059309959412 | 405.60443115234375 | [0.06001497 0.09962995 0.13163418] | [0.04900082 0.06389963 0.07511267] | [0.02759094 0.02300903 0.02038756] | [0.3754263  0.52043072 0.60840596] |
+-------+-------------------+-------------------+--------------------+------------------------------------+------------------------------------+------------------------------------+------------------------------------+
epoch: 7 s: 0 batch_loss 0.6675955653190613 BPR_loss 0.6669602394104004 reg_loss 0.0006352961645461619
epoch: 7 s: 256000 batch_loss 0.6649026870727539 BPR_loss 0.6642161011695862 reg_loss 0.0006865745526738465
epoch: 7 s: 512000 batch_loss 0.6629564166069031 BPR_loss 0.6622270345687866 reg_loss 0.000729374005459249
epoch: 7 s: 768000 batch_loss 0.6640656590461731 BPR_loss 0.6633152365684509 reg_loss 0.0007504423265345395
epoch: 7 s: 1024000 batch_loss 0.666106641292572 BPR_loss 0.66533362865448 reg_loss 0.00077303487341851
+-------+--------------------+-------------------+-------------------+------------------------------------+------------------------------------+------------------------------------+------------------------------------+
| Epoch |  training time(s)  |   tesing time(s)  |        Loss       |               recall               |                ndcg                |             precision              |             hit_ratio              |
+-------+--------------------+-------------------+-------------------+------------------------------------+------------------------------------+------------------------------------+------------------------------------+
|   7   | 388.79650020599365 | 70.59941577911377 | 402.2157897949219 | [0.06017695 0.10025005 0.13220699] | [0.04937891 0.06444416 0.07565324] | [0.02771252 0.02317323 0.02052229] | [0.37567892 0.52283062 0.60865858] |
+-------+--------------------+-------------------+-------------------+------------------------------------+------------------------------------+------------------------------------+------------------------------------+
epoch: 8 s: 0 batch_loss 0.6621301174163818 BPR_loss 0.6613200902938843 reg_loss 0.0008100479026325047
epoch: 8 s: 256000 batch_loss 0.6612213253974915 BPR_loss 0.6603748202323914 reg_loss 0.0008464856073260307
epoch: 8 s: 512000 batch_loss 0.6576110124588013 BPR_loss 0.6566977500915527 reg_loss 0.0009132538689300418
epoch: 8 s: 768000 batch_loss 0.6524860858917236 BPR_loss 0.6515591144561768 reg_loss 0.0009269827860407531
epoch: 8 s: 1024000 batch_loss 0.6575101613998413 BPR_loss 0.6565304398536682 reg_loss 0.000979726784862578
+-------+--------------------+------------------+-----------------+------------------------------------+------------------------------------+------------------------------------+------------------------------------+
| Epoch |  training time(s)  |  tesing time(s)  |       Loss      |               recall               |                ndcg                |             precision              |             hit_ratio              |
+-------+--------------------+------------------+-----------------+------------------------------------+------------------------------------+------------------------------------+------------------------------------+
|   8   | 379.54786443710327 | 68.0242121219635 | 398.73388671875 | [0.06044481 0.10058317 0.13349759] | [0.04951512 0.06464003 0.07617649] | [0.02772831 0.02320481 0.02066229] | [0.37615258 0.52333586 0.61191108] |
+-------+--------------------+------------------+-----------------+------------------------------------+------------------------------------+------------------------------------+------------------------------------+
epoch: 9 s: 0 batch_loss 0.6528044939041138 BPR_loss 0.6517755389213562 reg_loss 0.0010289540514349937
epoch: 9 s: 256000 batch_loss 0.6599739789962769 BPR_loss 0.6589391231536865 reg_loss 0.001034867367707193
epoch: 9 s: 512000 batch_loss 0.6528390049934387 BPR_loss 0.6517589688301086 reg_loss 0.0010800251038745046
epoch: 9 s: 768000 batch_loss 0.6516263484954834 BPR_loss 0.650514543056488 reg_loss 0.0011117797112092376
epoch: 9 s: 1024000 batch_loss 0.6476002931594849 BPR_loss 0.6464253664016724 reg_loss 0.0011749471304938197
+-------+--------------------+-------------------+-------------------+------------------------------------+------------------------------------+------------------------------------+------------------------------------+
| Epoch |  training time(s)  |   tesing time(s)  |        Loss       |               recall               |                ndcg                |             precision              |             hit_ratio              |
+-------+--------------------+-------------------+-------------------+------------------------------------+------------------------------------+------------------------------------+------------------------------------+
|   9   | 387.90915417671204 | 70.83674144744873 | 395.1911926269531 | [0.06067365 0.10125088 0.13395772] | [0.04974154 0.06503272 0.07648314] | [0.0278562  0.02334296 0.02070018] | [0.37773146 0.52541998 0.61153215] |
+-------+--------------------+-------------------+-------------------+------------------------------------+------------------------------------+------------------------------------+------------------------------------+
epoch: 10 s: 0 batch_loss 0.6556159853935242 BPR_loss 0.6543954610824585 reg_loss 0.0012205486418679357
epoch: 10 s: 256000 batch_loss 0.6491922736167908 BPR_loss 0.6479655504226685 reg_loss 0.0012267340207472444
epoch: 10 s: 512000 batch_loss 0.6495583653450012 BPR_loss 0.6482837200164795 reg_loss 0.0012746575521305203
epoch: 10 s: 768000 batch_loss 0.645966112613678 BPR_loss 0.6446516513824463 reg_loss 0.0013144577387720346
epoch: 10 s: 1024000 batch_loss 0.6503617167472839 BPR_loss 0.6490257978439331 reg_loss 0.0013359353179112077
+-------+--------------------+------------------+-------------------+------------------------------------+------------------------------------+------------------------------------+------------------------------------+
| Epoch |  training time(s)  |  tesing time(s)  |        Loss       |               recall               |                ndcg                |             precision              |             hit_ratio              |
+-------+--------------------+------------------+-------------------+------------------------------------+------------------------------------+------------------------------------+------------------------------------+
|   10  | 380.68438696861267 | 69.9668231010437 | 391.6427001953125 | [0.06091192 0.10136837 0.13451277] | [0.04996859 0.0652288  0.07680098] | [0.02796356 0.02341638 0.02076649] | [0.37902615 0.5265252  0.61380573] |
+-------+--------------------+------------------+-------------------+------------------------------------+------------------------------------+------------------------------------+------------------------------------+
epoch: 11 s: 0 batch_loss 0.6455262303352356 BPR_loss 0.6441270112991333 reg_loss 0.0013992253225296736
epoch: 11 s: 256000 batch_loss 0.6448046565055847 BPR_loss 0.643369197845459 reg_loss 0.00143547507468611
epoch: 11 s: 512000 batch_loss 0.6410671472549438 BPR_loss 0.6395853757858276 reg_loss 0.001481744577176869
epoch: 11 s: 768000 batch_loss 0.6395927667617798 BPR_loss 0.638079822063446 reg_loss 0.001512923394329846
epoch: 11 s: 1024000 batch_loss 0.6440248489379883 BPR_loss 0.6424645185470581 reg_loss 0.0015603062929585576
+-------+--------------------+-------------------+-------------------+------------------------------------+------------------------------------+------------------------------------+------------------------------------+
| Epoch |  training time(s)  |   tesing time(s)  |        Loss       |               recall               |                ndcg                |             precision              |             hit_ratio              |
+-------+--------------------+-------------------+-------------------+------------------------------------+------------------------------------+------------------------------------+------------------------------------+
|   11  | 384.39848041534424 | 71.22246766090393 | 388.0696105957031 | [0.06126517 0.10209519 0.13493084] | [0.05023965 0.06565134 0.07715262] | [0.02806303 0.02353717 0.02086491] | [0.38006821 0.5294935  0.61570039] |
+-------+--------------------+-------------------+-------------------+------------------------------------+------------------------------------+------------------------------------+------------------------------------+
epoch: 12 s: 0 batch_loss 0.640805721282959 BPR_loss 0.6391921043395996 reg_loss 0.0016135997138917446
epoch: 12 s: 256000 batch_loss 0.6333373188972473 BPR_loss 0.6316882967948914 reg_loss 0.001649032928980887
epoch: 12 s: 512000 batch_loss 0.6360980272293091 BPR_loss 0.6343854665756226 reg_loss 0.00171257508918643
epoch: 12 s: 768000 batch_loss 0.6352595090866089 BPR_loss 0.6335510611534119 reg_loss 0.0017084231367334723
epoch: 12 s: 1024000 batch_loss 0.6263779997825623 BPR_loss 0.6245953440666199 reg_loss 0.0017826736439019442
+-------+--------------------+-------------------+--------------------+------------------------------------+------------------------------------+------------------------------------+------------------------------------+
| Epoch |  training time(s)  |   tesing time(s)  |        Loss        |               recall               |                ndcg                |             precision              |             hit_ratio              |
+-------+--------------------+-------------------+--------------------+------------------------------------+------------------------------------+------------------------------------+------------------------------------+
|   12  | 379.80210542678833 | 70.23670816421509 | 384.60577392578125 | [0.06157239 0.1025005  0.13537151] | [0.05048916 0.06590461 0.07742898] | [0.02820671 0.02358848 0.02092543] | [0.38145762 0.53053556 0.61680561] |
+-------+--------------------+-------------------+--------------------+------------------------------------+------------------------------------+------------------------------------+------------------------------------+
epoch: 13 s: 0 batch_loss 0.6298637986183167 BPR_loss 0.6280136108398438 reg_loss 0.001850214321166277
epoch: 13 s: 256000 batch_loss 0.6349092721939087 BPR_loss 0.6330516934394836 reg_loss 0.001857606228441
epoch: 13 s: 512000 batch_loss 0.6352676749229431 BPR_loss 0.6333543062210083 reg_loss 0.0019133937312290072
epoch: 13 s: 768000 batch_loss 0.6278583407402039 BPR_loss 0.6258733868598938 reg_loss 0.001984968315809965
epoch: 13 s: 1024000 batch_loss 0.6376736760139465 BPR_loss 0.6356908082962036 reg_loss 0.001982864225283265
+-------+------------------+-------------------+-------------------+------------------------------------+------------------------------------+------------------------------------+------------------------------------+
| Epoch | training time(s) |   tesing time(s)  |        Loss       |               recall               |                ndcg                |             precision              |             hit_ratio              |
+-------+------------------+-------------------+-------------------+------------------------------------+------------------------------------+------------------------------------+------------------------------------+
|   13  | 382.138592004776 | 70.11092901229858 | 381.0882873535156 | [0.0614884  0.10252945 0.13576292] | [0.05048942 0.06594346 0.07757713] | [0.02823039 0.02360901 0.02095964] | [0.38253126 0.53097764 0.61787925] |
+-------+------------------+-------------------+-------------------+------------------------------------+------------------------------------+------------------------------------+------------------------------------+
epoch: 14 s: 0 batch_loss 0.6229435205459595 BPR_loss 0.6208828687667847 reg_loss 0.00206063617952168
epoch: 14 s: 256000 batch_loss 0.6221342086791992 BPR_loss 0.6200461387634277 reg_loss 0.00208807154558599
epoch: 14 s: 512000 batch_loss 0.6272022128105164 BPR_loss 0.6250734329223633 reg_loss 0.002128767082467675
epoch: 14 s: 768000 batch_loss 0.625466525554657 BPR_loss 0.6232969760894775 reg_loss 0.0021695394534617662
epoch: 14 s: 1024000 batch_loss 0.6258609294891357 BPR_loss 0.6236255764961243 reg_loss 0.0022353660315275192
+-------+--------------------+-------------------+--------------------+------------------------------------+------------------------------------+------------------------------------+------------------------------------+
| Epoch |  training time(s)  |   tesing time(s)  |        Loss        |               recall               |                ndcg                |             precision              |             hit_ratio              |
+-------+--------------------+-------------------+--------------------+------------------------------------+------------------------------------+------------------------------------+------------------------------------+
|   14  | 387.32178497314453 | 68.93306851387024 | 377.46087646484375 | [0.06192899 0.10271205 0.13573499] | [0.05074913 0.06610019 0.0776879 ] | [0.02832039 0.02361058 0.02095385] | [0.38319439 0.53110395 0.61750032] |
+-------+--------------------+-------------------+--------------------+------------------------------------+------------------------------------+------------------------------------+------------------------------------+
epoch: 15 s: 0 batch_loss 0.6233851313591003 BPR_loss 0.6210796236991882 reg_loss 0.002305534202605486
epoch: 15 s: 256000 batch_loss 0.6258123517036438 BPR_loss 0.6234942674636841 reg_loss 0.0023180607240647078
epoch: 15 s: 512000 batch_loss 0.6242861151695251 BPR_loss 0.6218840479850769 reg_loss 0.0024020655546337366
epoch: 15 s: 768000 batch_loss 0.6173100471496582 BPR_loss 0.6149029731750488 reg_loss 0.0024070460349321365
epoch: 15 s: 1024000 batch_loss 0.6220539808273315 BPR_loss 0.6196329593658447 reg_loss 0.0024210026022046804
+-------+--------------------+-------------------+-----------------+------------------------------------+------------------------------------+------------------------------------+------------------------------------+
| Epoch |  training time(s)  |   tesing time(s)  |       Loss      |               recall               |                ndcg                |             precision              |             hit_ratio              |
+-------+--------------------+-------------------+-----------------+------------------------------------+------------------------------------+------------------------------------+------------------------------------+
|   15  | 385.94129180908203 | 71.77603030204773 | 374.13623046875 | [0.0621856  0.10305924 0.13637257] | [0.05093779 0.06631057 0.07800368] | [0.02841196 0.02366427 0.0210349 ] | [0.38540483 0.53239864 0.61996337] |
+-------+--------------------+-------------------+-----------------+------------------------------------+------------------------------------+------------------------------------+------------------------------------+
epoch: 16 s: 0 batch_loss 0.61368727684021 BPR_loss 0.6111544966697693 reg_loss 0.002532751066610217
epoch: 16 s: 256000 batch_loss 0.610080897808075 BPR_loss 0.6075326204299927 reg_loss 0.0025482617784291506
epoch: 16 s: 512000 batch_loss 0.6139134764671326 BPR_loss 0.6112772226333618 reg_loss 0.0026362761855125427
epoch: 16 s: 768000 batch_loss 0.6110154986381531 BPR_loss 0.6083739995956421 reg_loss 0.00264147249981761
epoch: 16 s: 1024000 batch_loss 0.6104871034622192 BPR_loss 0.6077313423156738 reg_loss 0.00275573693215847
+-------+--------------------+-------------------+-------------------+------------------------------------+------------------------------------+------------------------------------+------------------------------------+
| Epoch |  training time(s)  |   tesing time(s)  |        Loss       |               recall               |                ndcg                |             precision              |             hit_ratio              |
+-------+--------------------+-------------------+-------------------+------------------------------------+------------------------------------+------------------------------------+------------------------------------+
|   16  | 390.69102668762207 | 72.70831871032715 | 370.6585388183594 | [0.06228013 0.10325247 0.13691537] | [0.05101135 0.06640033 0.07819953] | [0.02850196 0.02371163 0.02110174] | [0.38647846 0.53331439 0.62078439] |
+-------+--------------------+-------------------+-------------------+------------------------------------+------------------------------------+------------------------------------+------------------------------------+
epoch: 17 s: 0 batch_loss 0.6100847125053406 BPR_loss 0.6074175834655762 reg_loss 0.0026671329978853464
epoch: 17 s: 256000 batch_loss 0.6135668158531189 BPR_loss 0.610741913318634 reg_loss 0.0028248773887753487
epoch: 17 s: 512000 batch_loss 0.6081802845001221 BPR_loss 0.6053566932678223 reg_loss 0.0028235847130417824
epoch: 17 s: 768000 batch_loss 0.6100961565971375 BPR_loss 0.6072041392326355 reg_loss 0.0028920236509293318
epoch: 17 s: 1024000 batch_loss 0.6095893383026123 BPR_loss 0.6066367626190186 reg_loss 0.0029526022262871265
+-------+-------------------+-------------------+-------------------+------------------------------------+------------------------------------+------------------------------------+------------------------------------+
| Epoch |  training time(s) |   tesing time(s)  |        Loss       |               recall               |                ndcg                |             precision              |             hit_ratio              |
+-------+-------------------+-------------------+-------------------+------------------------------------+------------------------------------+------------------------------------+------------------------------------+
|   17  | 387.1738266944885 | 69.08065342903137 | 367.4383850097656 | [0.06231791 0.1036625  0.13682196] | [0.05108138 0.0666046  0.07826967] | [0.02850669 0.02376058 0.02111385] | [0.38568902 0.53385121 0.61974233] |
+-------+-------------------+-------------------+-------------------+------------------------------------+------------------------------------+------------------------------------+------------------------------------+
epoch: 18 s: 0 batch_loss 0.6048529148101807 BPR_loss 0.6018334031105042 reg_loss 0.003019490744918585
epoch: 18 s: 256000 batch_loss 0.604143500328064 BPR_loss 0.6010830402374268 reg_loss 0.003060433082282543
epoch: 18 s: 512000 batch_loss 0.602517306804657 BPR_loss 0.5994535684585571 reg_loss 0.003063749521970749
epoch: 18 s: 768000 batch_loss 0.6070391535758972 BPR_loss 0.6039575934410095 reg_loss 0.003081586444750428
epoch: 18 s: 1024000 batch_loss 0.602922260761261 BPR_loss 0.5997723340988159 reg_loss 0.003149924101307988
+-------+-------------------+-------------------+--------------------+------------------------------------+------------------------------------+------------------------------------+------------------------------------+
| Epoch |  training time(s) |   tesing time(s)  |        Loss        |               recall               |                ndcg                |             precision              |             hit_ratio              |
+-------+-------------------+-------------------+--------------------+------------------------------------+------------------------------------+------------------------------------+------------------------------------+
|   18  | 390.4722902774811 | 69.40931844711304 | 364.08770751953125 | [0.06230172 0.10382049 0.13732214] | [0.05116511 0.06677069 0.07851332] | [0.02850512 0.02381426 0.02115543] | [0.3865732  0.53375647 0.62037388] |
+-------+-------------------+-------------------+--------------------+------------------------------------+------------------------------------+------------------------------------+------------------------------------+
epoch: 19 s: 0 batch_loss 0.5971635580062866 BPR_loss 0.5939600467681885 reg_loss 0.003203539177775383
epoch: 19 s: 256000 batch_loss 0.600644588470459 BPR_loss 0.5973401069641113 reg_loss 0.0033045096788555384
epoch: 19 s: 512000 batch_loss 0.5990096926689148 BPR_loss 0.5956916809082031 reg_loss 0.0033180220052599907
epoch: 19 s: 768000 batch_loss 0.600196123123169 BPR_loss 0.5968445539474487 reg_loss 0.0033515715040266514
epoch: 19 s: 1024000 batch_loss 0.5890505313873291 BPR_loss 0.5855588912963867 reg_loss 0.0034916389267891645
+-------+--------------------+------------------+-------------------+------------------------------------+------------------------------------+------------------------------------+------------------------------------+
| Epoch |  training time(s)  |  tesing time(s)  |        Loss       |               recall               |                ndcg                |             precision              |             hit_ratio              |
+-------+--------------------+------------------+-------------------+------------------------------------+------------------------------------+------------------------------------+------------------------------------+
|   19  | 381.97865056991577 | 70.2797384262085 | 360.6675109863281 | [0.06256686 0.10397361 0.13733993] | [0.05130155 0.06686767 0.0785724 ] | [0.02857143 0.02383321 0.02116437] | [0.38723633 0.5344196  0.62008968] |
+-------+--------------------+------------------+-------------------+------------------------------------+------------------------------------+------------------------------------+------------------------------------+
epoch: 20 s: 0 batch_loss 0.5963866114616394 BPR_loss 0.5929281115531921 reg_loss 0.0034584819804877043
epoch: 20 s: 256000 batch_loss 0.5937591195106506 BPR_loss 0.5901740193367004 reg_loss 0.0035851222928613424
epoch: 20 s: 512000 batch_loss 0.5860611200332642 BPR_loss 0.5825045108795166 reg_loss 0.003556588664650917
epoch: 20 s: 768000 batch_loss 0.5869263410568237 BPR_loss 0.5833023190498352 reg_loss 0.003624044358730316
epoch: 20 s: 1024000 batch_loss 0.5872797966003418 BPR_loss 0.5835338830947876 reg_loss 0.0037459025625139475
+-------+--------------------+-------------------+-------------------+------------------------------------+------------------------------------+------------------------------------+------------------------------------+
| Epoch |  training time(s)  |   tesing time(s)  |        Loss       |               recall               |                ndcg                |             precision              |             hit_ratio              |
+-------+--------------------+-------------------+-------------------+------------------------------------+------------------------------------+------------------------------------+------------------------------------+
|   20  | 392.40973472595215 | 69.40116429328918 | 357.3670959472656 | [0.06226879 0.10425018 0.1373798 ] | [0.05119653 0.06700157 0.0786262 ] | [0.0284388  0.02387505 0.02114543] | [0.38616269 0.53536693 0.62053177] |
+-------+--------------------+-------------------+-------------------+------------------------------------+------------------------------------+------------------------------------+------------------------------------+
epoch: 21 s: 0 batch_loss 0.585037350654602 BPR_loss 0.5812101364135742 reg_loss 0.003827193286269903
epoch: 21 s: 256000 batch_loss 0.5894284844398499 BPR_loss 0.5855699777603149 reg_loss 0.003858520882204175
epoch: 21 s: 512000 batch_loss 0.5833594799041748 BPR_loss 0.579481303691864 reg_loss 0.003878201125189662
epoch: 21 s: 768000 batch_loss 0.5790964365005493 BPR_loss 0.575219988822937 reg_loss 0.003876468865200877
epoch: 21 s: 1024000 batch_loss 0.5838514566421509 BPR_loss 0.5798904299736023 reg_loss 0.00396100664511323
+-------+-------------------+-------------------+--------------------+------------------------------------+------------------------------------+------------------------------------+------------------------------------+
| Epoch |  training time(s) |   tesing time(s)  |        Loss        |               recall               |                ndcg                |             precision              |             hit_ratio              |
+-------+-------------------+-------------------+--------------------+------------------------------------+------------------------------------+------------------------------------+------------------------------------+
|   21  | 390.1034309864044 | 70.70687198638916 | 354.26861572265625 | [0.06242509 0.10435333 0.13767572] | [0.05128342 0.06706195 0.07876274] | [0.02847512 0.02388373 0.02119069] | [0.3857206  0.53438803 0.62128963] |
+-------+-------------------+-------------------+--------------------+------------------------------------+------------------------------------+------------------------------------+------------------------------------+
epoch: 22 s: 0 batch_loss 0.5878400802612305 BPR_loss 0.5839324593544006 reg_loss 0.003907631617039442
epoch: 22 s: 256000 batch_loss 0.5857335329055786 BPR_loss 0.5816692113876343 reg_loss 0.004064310807734728
epoch: 22 s: 512000 batch_loss 0.5822005867958069 BPR_loss 0.5781687498092651 reg_loss 0.004031854216009378
epoch: 22 s: 768000 batch_loss 0.59110426902771 BPR_loss 0.5869419574737549 reg_loss 0.004162329714745283
epoch: 22 s: 1024000 batch_loss 0.5874315500259399 BPR_loss 0.5833193063735962 reg_loss 0.004112246446311474
+-------+-------------------+------------------+-------------------+------------------------------------+------------------------------------+------------------------------------+------------------------------------+
| Epoch |  training time(s) |  tesing time(s)  |        Loss       |               recall               |                ndcg                |             precision              |             hit_ratio              |
+-------+-------------------+------------------+-------------------+------------------------------------+------------------------------------+------------------------------------+------------------------------------+
|   22  | 397.5446300506592 | 71.1728184223175 | 351.1164855957031 | [0.06264984 0.10419961 0.13781564] | [0.05147379 0.06709598 0.07890047] | [0.02863774 0.02388768 0.02123437] | [0.38748895 0.53448276 0.62040546] |
+-------+-------------------+------------------+-------------------+------------------------------------+------------------------------------+------------------------------------+------------------------------------+
epoch: 23 s: 0 batch_loss 0.572005569934845 BPR_loss 0.5677677392959595 reg_loss 0.004237815737724304
epoch: 23 s: 256000 batch_loss 0.5882967114448547 BPR_loss 0.584026575088501 reg_loss 0.004270155448466539
epoch: 23 s: 512000 batch_loss 0.5765894651412964 BPR_loss 0.5722031593322754 reg_loss 0.0043862792663276196
epoch: 23 s: 768000 batch_loss 0.583612859249115 BPR_loss 0.5792605876922607 reg_loss 0.004352245945483446
epoch: 23 s: 1024000 batch_loss 0.5602574348449707 BPR_loss 0.5557293891906738 reg_loss 0.004528015851974487
+-------+-------------------+-------------------+-------------------+------------------------------------+------------------------------------+------------------------------------+------------------------------------+
| Epoch |  training time(s) |   tesing time(s)  |        Loss       |               recall               |                ndcg                |             precision              |             hit_ratio              |
+-------+-------------------+-------------------+-------------------+------------------------------------+------------------------------------+------------------------------------+------------------------------------+
|   23  | 385.3399679660797 | 73.81112337112427 | 347.9584045410156 | [0.06285486 0.1044807  0.13789734] | [0.05157739 0.06720838 0.07893422] | [0.02872616 0.0239382  0.02123805] | [0.38865732 0.53558798 0.62116332] |
+-------+-------------------+-------------------+-------------------+------------------------------------+------------------------------------+------------------------------------+------------------------------------+
epoch: 24 s: 0 batch_loss 0.5732650756835938 BPR_loss 0.5688093900680542 reg_loss 0.0044557033106684685
epoch: 24 s: 256000 batch_loss 0.5747406482696533 BPR_loss 0.5702297687530518 reg_loss 0.004510906059294939
epoch: 24 s: 512000 batch_loss 0.5698719620704651 BPR_loss 0.5652576684951782 reg_loss 0.004614290781319141
epoch: 24 s: 768000 batch_loss 0.5740604400634766 BPR_loss 0.5694670081138611 reg_loss 0.004593459889292717
epoch: 24 s: 1024000 batch_loss 0.5744634866714478 BPR_loss 0.5697569847106934 reg_loss 0.004706505686044693
+-------+-------------------+-------------------+-------------------+------------------------------------+------------------------------------+------------------------------------+------------------------------------+
| Epoch |  training time(s) |   tesing time(s)  |        Loss       |               recall               |                ndcg                |             precision              |             hit_ratio              |
+-------+-------------------+-------------------+-------------------+------------------------------------+------------------------------------+------------------------------------+------------------------------------+
|   24  | 429.7100646495819 | 61.88533282279968 | 344.9053039550781 | [0.06286632 0.10425954 0.13819104] | [0.05173088 0.06729264 0.07916849] | [0.02871511 0.0239161  0.02125489] | [0.38849943 0.53539851 0.62315271] |
+-------+-------------------+-------------------+-------------------+------------------------------------+------------------------------------+------------------------------------+------------------------------------+
epoch: 25 s: 0 batch_loss 0.5671412944793701 BPR_loss 0.5622920989990234 reg_loss 0.0048491922207176685
epoch: 25 s: 256000 batch_loss 0.5786622166633606 BPR_loss 0.5737996101379395 reg_loss 0.004862595349550247
epoch: 25 s: 512000 batch_loss 0.565455436706543 BPR_loss 0.5605294704437256 reg_loss 0.004925936460494995
epoch: 25 s: 768000 batch_loss 0.5580753684043884 BPR_loss 0.5530753135681152 reg_loss 0.005000080447643995
epoch: 25 s: 1024000 batch_loss 0.5656899809837341 BPR_loss 0.5606403350830078 reg_loss 0.00504965940490365
+-------+--------------------+--------------------+-------------------+------------------------------------+------------------------------------+------------------------------------+------------------------------------+
| Epoch |  training time(s)  |   tesing time(s)   |        Loss       |               recall               |                ndcg                |             precision              |             hit_ratio              |
+-------+--------------------+--------------------+-------------------+------------------------------------+------------------------------------+------------------------------------+------------------------------------+
|   25  | 287.21662735939026 | 48.971752405166626 | 341.7952575683594 | [0.06295751 0.10423048 0.13829574] | [0.05173344 0.06727829 0.07921329] | [0.02868511 0.02389557 0.02127174] | [0.38830997 0.53448276 0.62381584] |
+-------+--------------------+--------------------+-------------------+------------------------------------+------------------------------------+------------------------------------+------------------------------------+
epoch: 26 s: 0 batch_loss 0.565156102180481 BPR_loss 0.5601193308830261 reg_loss 0.0050367447547614574
epoch: 26 s: 256000 batch_loss 0.5635484457015991 BPR_loss 0.5583707690238953 reg_loss 0.005177700892090797
epoch: 26 s: 512000 batch_loss 0.5543840527534485 BPR_loss 0.5492019057273865 reg_loss 0.005182161927223206
epoch: 26 s: 768000 batch_loss 0.5647230744361877 BPR_loss 0.5595188140869141 reg_loss 0.005204282235354185
epoch: 26 s: 1024000 batch_loss 0.5557833909988403 BPR_loss 0.5505499839782715 reg_loss 0.005233419593423605
+-------+-------------------+-------------------+--------------------+------------------------------------+------------------------------------+------------------------------------+------------------------------------+
| Epoch |  training time(s) |   tesing time(s)  |        Loss        |               recall               |                ndcg                |             precision              |             hit_ratio              |
+-------+-------------------+-------------------+--------------------+------------------------------------+------------------------------------+------------------------------------+------------------------------------+
|   26  | 259.6373014450073 | 48.41586709022522 | 338.92816162109375 | [0.06282643 0.10427039 0.1384304 ] | [0.0516648  0.06727752 0.07924496] | [0.02864564 0.02390505 0.02128752] | [0.38821523 0.53397752 0.62204749] |
+-------+-------------------+-------------------+--------------------+------------------------------------+------------------------------------+------------------------------------+------------------------------------+
epoch: 27 s: 0 batch_loss 0.5525229573249817 BPR_loss 0.5471318960189819 reg_loss 0.0053910426795482635
epoch: 27 s: 256000 batch_loss 0.5639962553977966 BPR_loss 0.5587279796600342 reg_loss 0.005268303211778402
epoch: 27 s: 512000 batch_loss 0.5619282126426697 BPR_loss 0.5565261840820312 reg_loss 0.005402034614235163
epoch: 27 s: 768000 batch_loss 0.5607590675354004 BPR_loss 0.5553388595581055 reg_loss 0.005420209374278784
epoch: 27 s: 1024000 batch_loss 0.5544373989105225 BPR_loss 0.5489478707313538 reg_loss 0.005489531904459
+-------+-------------------+-------------------+-------------------+------------------------------------+------------------------------------+------------------------------------+------------------------------------+
| Epoch |  training time(s) |   tesing time(s)  |        Loss       |               recall               |                ndcg                |             precision              |             hit_ratio              |
+-------+-------------------+-------------------+-------------------+------------------------------------+------------------------------------+------------------------------------+------------------------------------+
|   27  | 335.6416828632355 | 73.41687893867493 | 335.9661560058594 | [0.06318925 0.10456926 0.13858982] | [0.05185694 0.06742112 0.07934052] | [0.02877195 0.02394294 0.02129595] | [0.3893836  0.5355564  0.62305798] |
+-------+-------------------+-------------------+-------------------+------------------------------------+------------------------------------+------------------------------------+------------------------------------+
epoch: 28 s: 0 batch_loss 0.5548349618911743 BPR_loss 0.5492910146713257 reg_loss 0.005543951876461506
epoch: 28 s: 256000 batch_loss 0.5548902750015259 BPR_loss 0.5491849780082703 reg_loss 0.005705292336642742
epoch: 28 s: 512000 batch_loss 0.5461381673812866 BPR_loss 0.5405885577201843 reg_loss 0.005549607332795858
epoch: 28 s: 768000 batch_loss 0.5518612861633301 BPR_loss 0.5461796522140503 reg_loss 0.005681657698005438
epoch: 28 s: 1024000 batch_loss 0.5490291714668274 BPR_loss 0.5431959629058838 reg_loss 0.005833206232637167
+-------+--------------------+-------------------+-------------------+------------------------------------+------------------------------------+------------------------------------+------------------------------------+
| Epoch |  training time(s)  |   tesing time(s)  |        Loss       |               recall               |                ndcg                |             precision              |             hit_ratio              |
+-------+--------------------+-------------------+-------------------+------------------------------------+------------------------------------+------------------------------------+------------------------------------+
|   28  | 383.10616159439087 | 74.29856300354004 | 333.1833190917969 | [0.06314238 0.10463318 0.13840892] | [0.05195414 0.06756953 0.07943086] | [0.02874037 0.02394215 0.02129595] | [0.38982569 0.53543009 0.62207907] |
+-------+--------------------+-------------------+-------------------+------------------------------------+------------------------------------+------------------------------------+------------------------------------+
epoch: 29 s: 0 batch_loss 0.5481534600257874 BPR_loss 0.5423274040222168 reg_loss 0.005826049018651247
epoch: 29 s: 256000 batch_loss 0.5377512574195862 BPR_loss 0.5319352746009827 reg_loss 0.005815974902361631
epoch: 29 s: 512000 batch_loss 0.5545163154602051 BPR_loss 0.5486881732940674 reg_loss 0.0058281561359763145
epoch: 29 s: 768000 batch_loss 0.5488352179527283 BPR_loss 0.5427796840667725 reg_loss 0.006055543199181557
epoch: 29 s: 1024000 batch_loss 0.55181884765625 BPR_loss 0.5457707643508911 reg_loss 0.006048079580068588
+-------+--------------------+-------------------+-------------------+------------------------------------+------------------------------------+------------------------------------+------------------------------------+
| Epoch |  training time(s)  |   tesing time(s)  |        Loss       |               recall               |                ndcg                |             precision              |             hit_ratio              |
+-------+--------------------+-------------------+-------------------+------------------------------------+------------------------------------+------------------------------------+------------------------------------+
|   29  | 393.83116698265076 | 73.99823093414307 | 330.2611389160156 | [0.06324217 0.10463733 0.13858563] | [0.05196938 0.06753401 0.07942833] | [0.02885247 0.02397689 0.02129752] | [0.39029936 0.53517747 0.62308955] |
+-------+--------------------+-------------------+-------------------+------------------------------------+------------------------------------+------------------------------------+------------------------------------+
epoch: 30 s: 0 batch_loss 0.5432813167572021 BPR_loss 0.5371455550193787 reg_loss 0.006135784555226564
epoch: 30 s: 256000 batch_loss 0.5420729517936707 BPR_loss 0.5358920693397522 reg_loss 0.006180873606353998
epoch: 30 s: 512000 batch_loss 0.5432507395744324 BPR_loss 0.5370879173278809 reg_loss 0.006162834353744984
epoch: 30 s: 768000 batch_loss 0.5416311025619507 BPR_loss 0.5353280305862427 reg_loss 0.006303044036030769
epoch: 30 s: 1024000 batch_loss 0.5430541038513184 BPR_loss 0.5368069410324097 reg_loss 0.0062471600249409676
+-------+-------------------+-------------------+-----------------+------------------------------------+------------------------------------+------------------------------------+------------------------------------+
| Epoch |  training time(s) |   tesing time(s)  |       Loss      |               recall               |                ndcg                |             precision              |             hit_ratio              |
+-------+-------------------+-------------------+-----------------+------------------------------------+------------------------------------+------------------------------------+------------------------------------+
|   30  | 367.5389983654022 | 64.58782458305359 | 327.82763671875 | [0.06329928 0.10475981 0.13879094] | [0.05202035 0.0676499  0.07956368] | [0.02881616 0.02400136 0.02131963] | [0.39070986 0.53618795 0.62230011] |
+-------+-------------------+-------------------+-----------------+------------------------------------+------------------------------------+------------------------------------+------------------------------------+
epoch: 31 s: 0 batch_loss 0.5385168790817261 BPR_loss 0.532164990901947 reg_loss 0.00635190773755312
epoch: 31 s: 256000 batch_loss 0.5348225235939026 BPR_loss 0.5283830165863037 reg_loss 0.006439489778131247
epoch: 31 s: 512000 batch_loss 0.5336830019950867 BPR_loss 0.5271645784378052 reg_loss 0.006518418900668621
epoch: 31 s: 768000 batch_loss 0.5307583808898926 BPR_loss 0.524223804473877 reg_loss 0.00653459969907999
epoch: 31 s: 1024000 batch_loss 0.5274732112884521 BPR_loss 0.520892858505249 reg_loss 0.006580345798283815
+-------+-------------------+------------------+-------------------+------------------------------------+------------------------------------+------------------------------------+------------------------------------+
| Epoch |  training time(s) |  tesing time(s)  |        Loss       |               recall               |                ndcg                |             precision              |             hit_ratio              |
+-------+-------------------+------------------+-------------------+------------------------------------+------------------------------------+------------------------------------+------------------------------------+
|   31  | 364.0170419216156 | 69.5223536491394 | 325.0205383300781 | [0.06331709 0.10496105 0.13875873] | [0.05208401 0.06776312 0.07960382] | [0.02884615 0.02403609 0.02132279] | [0.39058355 0.53697739 0.62283693] |
+-------+-------------------+------------------+-------------------+------------------------------------+------------------------------------+------------------------------------+------------------------------------+
epoch: 32 s: 0 batch_loss 0.531022846698761 BPR_loss 0.5243409276008606 reg_loss 0.006681925151497126
epoch: 32 s: 256000 batch_loss 0.5389813780784607 BPR_loss 0.532361626625061 reg_loss 0.006619774270802736
epoch: 32 s: 512000 batch_loss 0.5350974202156067 BPR_loss 0.5283191204071045 reg_loss 0.006778276059776545
epoch: 32 s: 768000 batch_loss 0.5298707485198975 BPR_loss 0.5230146646499634 reg_loss 0.006856061983853579
epoch: 32 s: 1024000 batch_loss 0.5383034348487854 BPR_loss 0.5314736366271973 reg_loss 0.006829798687249422
+-------+--------------------+-------------------+-------------------+------------------------------------+------------------------------------+------------------------------------+------------------------------------+
| Epoch |  training time(s)  |   tesing time(s)  |        Loss       |               recall               |                ndcg                |             precision              |             hit_ratio              |
+-------+--------------------+-------------------+-------------------+------------------------------------+------------------------------------+------------------------------------+------------------------------------+
|   32  | 359.16986560821533 | 61.92962670326233 | 322.3761901855469 | [0.0633505  0.10485488 0.13898712] | [0.05207515 0.06772588 0.07966604] | [0.02883037 0.02402978 0.02134436] | [0.39020462 0.53590375 0.62419477] |
+-------+--------------------+-------------------+-------------------+------------------------------------+------------------------------------+------------------------------------+------------------------------------+
epoch: 33 s: 0 batch_loss 0.534320056438446 BPR_loss 0.5275923013687134 reg_loss 0.006727754138410091
epoch: 33 s: 256000 batch_loss 0.5307601094245911 BPR_loss 0.5238078236579895 reg_loss 0.0069523039273917675
epoch: 33 s: 512000 batch_loss 0.5214778184890747 BPR_loss 0.5145214796066284 reg_loss 0.0069563123397529125
epoch: 33 s: 768000 batch_loss 0.5275060534477234 BPR_loss 0.5205013155937195 reg_loss 0.007004742044955492
epoch: 33 s: 1024000 batch_loss 0.5372393727302551 BPR_loss 0.5301429033279419 reg_loss 0.00709648709744215
+-------+--------------------+-------------------+-------------------+------------------------------------+------------------------------------+------------------------------------+------------------------------------+
| Epoch |  training time(s)  |   tesing time(s)  |        Loss       |               recall               |                ndcg                |             precision              |             hit_ratio              |
+-------+--------------------+-------------------+-------------------+------------------------------------+------------------------------------+------------------------------------+------------------------------------+
|   33  | 364.38321900367737 | 62.51145386695862 | 319.6748962402344 | [0.06357185 0.10496419 0.13889094] | [0.05222596 0.06780791 0.07968748] | [0.02891247 0.02404715 0.02133489] | [0.39096249 0.53609322 0.62362637] |
+-------+--------------------+-------------------+-------------------+------------------------------------+------------------------------------+------------------------------------+------------------------------------+
epoch: 34 s: 0 batch_loss 0.5318485498428345 BPR_loss 0.5247782468795776 reg_loss 0.0070702750235795975
epoch: 34 s: 256000 batch_loss 0.5229352116584778 BPR_loss 0.515754222869873 reg_loss 0.007180978078395128
epoch: 34 s: 512000 batch_loss 0.5295172929763794 BPR_loss 0.5222692489624023 reg_loss 0.007248032372444868
epoch: 34 s: 768000 batch_loss 0.5268781185150146 BPR_loss 0.5196237564086914 reg_loss 0.007254339288920164
epoch: 34 s: 1024000 batch_loss 0.5158078670501709 BPR_loss 0.5084943771362305 reg_loss 0.007313483860343695
+-------+--------------------+-------------------+-------------------+------------------------------------+------------------------------------+------------------------------------+------------------------------------+
| Epoch |  training time(s)  |   tesing time(s)  |        Loss       |               recall               |                ndcg                |             precision              |             hit_ratio              |
+-------+--------------------+-------------------+-------------------+------------------------------------+------------------------------------+------------------------------------+------------------------------------+
|   34  | 358.43524718284607 | 65.10141515731812 | 317.2635192871094 | [0.06337766 0.10494404 0.13880548] | [0.05210926 0.06775923 0.07961923] | [0.02882721 0.02401873 0.02131858] | [0.38992042 0.53634584 0.62337375] |
+-------+--------------------+-------------------+-------------------+------------------------------------+------------------------------------+------------------------------------+------------------------------------+
epoch: 35 s: 0 batch_loss 0.513595461845398 BPR_loss 0.5062562823295593 reg_loss 0.007339182309806347
epoch: 35 s: 256000 batch_loss 0.5286626219749451 BPR_loss 0.5212211012840271 reg_loss 0.007441493682563305
epoch: 35 s: 512000 batch_loss 0.5267667770385742 BPR_loss 0.5192385911941528 reg_loss 0.007528207264840603
epoch: 35 s: 768000 batch_loss 0.5263630151748657 BPR_loss 0.5187657475471497 reg_loss 0.007597251795232296
epoch: 35 s: 1024000 batch_loss 0.524208664894104 BPR_loss 0.5167406797409058 reg_loss 0.007468011230230331
+-------+--------------------+-------------------+--------------------+------------------------------------+------------------------------------+------------------------------------+------------------------------------+
| Epoch |  training time(s)  |   tesing time(s)  |        Loss        |               recall               |                ndcg                |             precision              |             hit_ratio              |
+-------+--------------------+-------------------+--------------------+------------------------------------+------------------------------------+------------------------------------+------------------------------------+
|   35  | 369.76541805267334 | 61.66926550865173 | 314.61883544921875 | [0.06368442 0.10498365 0.13876066] | [0.05224394 0.06782215 0.07963309] | [0.02889984 0.02407478 0.0213191 ] | [0.39026778 0.53666161 0.62220538] |
+-------+--------------------+-------------------+--------------------+------------------------------------+------------------------------------+------------------------------------+------------------------------------+
epoch: 36 s: 0 batch_loss 0.5146908164024353 BPR_loss 0.5069108605384827 reg_loss 0.007779945153743029
epoch: 36 s: 256000 batch_loss 0.5112377405166626 BPR_loss 0.5035707950592041 reg_loss 0.007666958495974541
epoch: 36 s: 512000 batch_loss 0.514246940612793 BPR_loss 0.5064559578895569 reg_loss 0.007790963631123304
epoch: 36 s: 768000 batch_loss 0.5261748433113098 BPR_loss 0.5183608531951904 reg_loss 0.0078140152618289
epoch: 36 s: 1024000 batch_loss 0.5230951309204102 BPR_loss 0.5152587294578552 reg_loss 0.007836387492716312
+-------+------------------+-------------------+-------------------+------------------------------------+------------------------------------+------------------------------------+------------------------------------+
| Epoch | training time(s) |   tesing time(s)  |        Loss       |               recall               |                ndcg                |             precision              |             hit_ratio              |
+-------+------------------+-------------------+-------------------+------------------------------------+------------------------------------+------------------------------------+------------------------------------+
|   36  | 371.290399312973 | 63.51452112197876 | 312.2513427734375 | [0.0635149  0.10508503 0.13869967] | [0.05210414 0.06778473 0.07955917] | [0.02880984 0.02404557 0.02130068] | [0.38935203 0.53669319 0.62242642] |
+-------+------------------+-------------------+-------------------+------------------------------------+------------------------------------+------------------------------------+------------------------------------+
epoch: 37 s: 0 batch_loss 0.5089002847671509 BPR_loss 0.5010029077529907 reg_loss 0.007897359319031239
epoch: 37 s: 256000 batch_loss 0.5080540776252747 BPR_loss 0.5000410079956055 reg_loss 0.0080130435526371
epoch: 37 s: 512000 batch_loss 0.500289797782898 BPR_loss 0.4922041893005371 reg_loss 0.008085581474006176
epoch: 37 s: 768000 batch_loss 0.515376627445221 BPR_loss 0.507236123085022 reg_loss 0.008140488527715206
epoch: 37 s: 1024000 batch_loss 0.5140616297721863 BPR_loss 0.5060752630233765 reg_loss 0.007986373268067837
+-------+--------------------+--------------------+--------------------+------------------------------------+------------------------------------+------------------------------------+------------------------------------+
| Epoch |  training time(s)  |   tesing time(s)   |        Loss        |               recall               |                ndcg                |             precision              |             hit_ratio              |
+-------+--------------------+--------------------+--------------------+------------------------------------+------------------------------------+------------------------------------+------------------------------------+
|   37  | 365.03798270225525 | 60.395535469055176 | 310.01019287109375 | [0.06351864 0.10520832 0.13874538] | [0.05216205 0.06787419 0.07962287] | [0.02886036 0.02408504 0.02132068] | [0.38960465 0.53678792 0.62280536] |
+-------+--------------------+--------------------+--------------------+------------------------------------+------------------------------------+------------------------------------+------------------------------------+
epoch: 38 s: 0 batch_loss 0.5164341926574707 BPR_loss 0.5083937644958496 reg_loss 0.008040426298975945
epoch: 38 s: 256000 batch_loss 0.5084972381591797 BPR_loss 0.5002131462097168 reg_loss 0.00828407984226942
epoch: 38 s: 512000 batch_loss 0.5030587911605835 BPR_loss 0.4945986568927765 reg_loss 0.008460130542516708
epoch: 38 s: 768000 batch_loss 0.5083380341529846 BPR_loss 0.5000565052032471 reg_loss 0.008281507529318333
epoch: 38 s: 1024000 batch_loss 0.5154889822006226 BPR_loss 0.5071011781692505 reg_loss 0.008387826383113861
+-------+-------------------+-------------------+-------------------+------------------------------------+------------------------------------+------------------------------------+------------------------------------+
| Epoch |  training time(s) |   tesing time(s)  |        Loss       |               recall               |                ndcg                |             precision              |             hit_ratio              |
+-------+-------------------+-------------------+-------------------+------------------------------------+------------------------------------+------------------------------------+------------------------------------+
|   38  | 361.4701569080353 | 61.92700791358948 | 307.6566467285156 | [0.06354665 0.10506027 0.13880555] | [0.05215426 0.06779614 0.07961694] | [0.02886984 0.02404478 0.02131647] | [0.38941518 0.53723001 0.62403688] |
+-------+-------------------+-------------------+-------------------+------------------------------------+------------------------------------+------------------------------------+------------------------------------+
epoch: 39 s: 0 batch_loss 0.49571651220321655 BPR_loss 0.4872288703918457 reg_loss 0.008487630635499954
epoch: 39 s: 256000 batch_loss 0.5047687292098999 BPR_loss 0.49629855155944824 reg_loss 0.008470156230032444
epoch: 39 s: 512000 batch_loss 0.5099682807922363 BPR_loss 0.5015333890914917 reg_loss 0.008434891700744629
epoch: 39 s: 768000 batch_loss 0.49188220500946045 BPR_loss 0.4833080470561981 reg_loss 0.00857415422797203
epoch: 39 s: 1024000 batch_loss 0.5028146505355835 BPR_loss 0.494155615568161 reg_loss 0.008659014478325844
+-------+-------------------+--------------------+--------------------+------------------------------------+------------------------------------+------------------------------------+------------------------------------+
| Epoch |  training time(s) |   tesing time(s)   |        Loss        |               recall               |                ndcg                |             precision              |             hit_ratio              |
+-------+-------------------+--------------------+--------------------+------------------------------------+------------------------------------+------------------------------------+------------------------------------+
|   39  | 356.9217174053192 | 62.031861305236816 | 305.17547607421875 | [0.06339564 0.10510301 0.13885452] | [0.05207825 0.06781507 0.07963217] | [0.02878458 0.02405346 0.02131437] | [0.38979411 0.53659846 0.62381584] |
+-------+-------------------+--------------------+--------------------+------------------------------------+------------------------------------+------------------------------------+------------------------------------+
epoch: 40 s: 0 batch_loss 0.4955129623413086 BPR_loss 0.48679155111312866 reg_loss 0.008721425198018551
epoch: 40 s: 256000 batch_loss 0.4930107891559601 BPR_loss 0.48418131470680237 reg_loss 0.008829467929899693
epoch: 40 s: 512000 batch_loss 0.5028952360153198 BPR_loss 0.4942397475242615 reg_loss 0.008655508048832417
epoch: 40 s: 768000 batch_loss 0.4989325702190399 BPR_loss 0.48997098207473755 reg_loss 0.008961591869592667
epoch: 40 s: 1024000 batch_loss 0.5102909207344055 BPR_loss 0.5014306306838989 reg_loss 0.00886029377579689
+-------+-------------------+-------------------+-------------------+------------------------------------+------------------------------------+------------------------------------+------------------------------------+
| Epoch |  training time(s) |   tesing time(s)  |        Loss       |               recall               |                ndcg                |             precision              |             hit_ratio              |
+-------+-------------------+-------------------+-------------------+------------------------------------+------------------------------------+------------------------------------+------------------------------------+
|   40  | 359.7210211753845 | 65.88925576210022 | 303.1921081542969 | [0.06351965 0.10533172 0.13883349] | [0.05216893 0.0679111  0.07964618] | [0.02883668 0.02406293 0.02128647] | [0.39083618 0.53890363 0.62296324] |
+-------+-------------------+-------------------+-------------------+------------------------------------+------------------------------------+------------------------------------+------------------------------------+
epoch: 41 s: 0 batch_loss 0.4906299114227295 BPR_loss 0.4817221164703369 reg_loss 0.00890780333429575
epoch: 41 s: 256000 batch_loss 0.5026915073394775 BPR_loss 0.4934712052345276 reg_loss 0.009220299310982227
epoch: 41 s: 512000 batch_loss 0.5088332891464233 BPR_loss 0.49980151653289795 reg_loss 0.00903176236897707
epoch: 41 s: 768000 batch_loss 0.4984249472618103 BPR_loss 0.4893527626991272 reg_loss 0.009072191081941128
epoch: 41 s: 1024000 batch_loss 0.48740890622138977 BPR_loss 0.47820526361465454 reg_loss 0.009203650057315826
+-------+-------------------+-------------------+-------------------+------------------------------------+------------------------------------+------------------------------------+------------------------------------+
| Epoch |  training time(s) |   tesing time(s)  |        Loss       |               recall               |                ndcg                |             precision              |             hit_ratio              |
+-------+-------------------+-------------------+-------------------+------------------------------------+------------------------------------+------------------------------------+------------------------------------+
|   41  | 363.3536605834961 | 64.48936009407043 | 300.8861389160156 | [0.06355848 0.10539755 0.13893676] | [0.05222673 0.06797591 0.07971979] | [0.02886826 0.02408583 0.02130173] | [0.39181508 0.5379563  0.62353164] |
+-------+-------------------+-------------------+-------------------+------------------------------------+------------------------------------+------------------------------------+------------------------------------+
epoch: 42 s: 0 batch_loss 0.4888794720172882 BPR_loss 0.47970032691955566 reg_loss 0.009179137647151947
epoch: 42 s: 256000 batch_loss 0.4864617884159088 BPR_loss 0.4770142734050751 reg_loss 0.009447511285543442
epoch: 42 s: 512000 batch_loss 0.48845338821411133 BPR_loss 0.4791789650917053 reg_loss 0.009274428710341454
epoch: 42 s: 768000 batch_loss 0.5030104517936707 BPR_loss 0.4937398433685303 reg_loss 0.009270630776882172
epoch: 42 s: 1024000 batch_loss 0.48792657256126404 BPR_loss 0.47832319140434265 reg_loss 0.00960337184369564
+-------+--------------------+-------------------+-------------------+------------------------------------+------------------------------------+------------------------------------+------------------------------------+
| Epoch |  training time(s)  |   tesing time(s)  |        Loss       |               recall               |                ndcg                |             precision              |             hit_ratio              |
+-------+--------------------+-------------------+-------------------+------------------------------------+------------------------------------+------------------------------------+------------------------------------+
|   42  | 360.60886216163635 | 64.28024244308472 | 298.6861877441406 | [0.06347776 0.10525813 0.13908345] | [0.05219456 0.06792705 0.07976645] | [0.028813   0.02404872 0.02131542] | [0.39067829 0.53685108 0.62406846] |
+-------+--------------------+-------------------+-------------------+------------------------------------+------------------------------------+------------------------------------+------------------------------------+
epoch: 43 s: 0 batch_loss 0.49402761459350586 BPR_loss 0.48459261655807495 reg_loss 0.009434986859560013
epoch: 43 s: 256000 batch_loss 0.5003465414047241 BPR_loss 0.4909185767173767 reg_loss 0.009427979588508606
epoch: 43 s: 512000 batch_loss 0.4887329638004303 BPR_loss 0.4791852533817291 reg_loss 0.009547724388539791
epoch: 43 s: 768000 batch_loss 0.4947376847267151 BPR_loss 0.48507124185562134 reg_loss 0.009666448459029198
epoch: 43 s: 1024000 batch_loss 0.4824579954147339 BPR_loss 0.47262847423553467 reg_loss 0.009829509072005749
+-------+--------------------+-------------------+-------------------+------------------------------------+------------------------------------+------------------------------------+------------------------------------+
| Epoch |  training time(s)  |   tesing time(s)  |        Loss       |               recall               |                ndcg                |             precision              |             hit_ratio              |
+-------+--------------------+-------------------+-------------------+------------------------------------+------------------------------------+------------------------------------+------------------------------------+
|   43  | 362.38272881507874 | 65.04933452606201 | 296.6763610839844 | [0.06359394 0.10521899 0.13907278] | [0.05228987 0.06794498 0.07979465] | [0.02889194 0.02403688 0.02130963] | [0.39099406 0.53644057 0.62419477] |
+-------+--------------------+-------------------+-------------------+------------------------------------+------------------------------------+------------------------------------+------------------------------------+
epoch: 44 s: 0 batch_loss 0.4828566312789917 BPR_loss 0.473137766122818 reg_loss 0.009718868881464005
epoch: 44 s: 256000 batch_loss 0.4815545678138733 BPR_loss 0.4719269573688507 reg_loss 0.009627608582377434
epoch: 44 s: 512000 batch_loss 0.4868062436580658 BPR_loss 0.4768622815608978 reg_loss 0.009943971410393715
epoch: 44 s: 768000 batch_loss 0.49266794323921204 BPR_loss 0.4825369715690613 reg_loss 0.010130968876183033
epoch: 44 s: 1024000 batch_loss 0.4833248257637024 BPR_loss 0.4735312759876251 reg_loss 0.009793544188141823
+-------+-------------------+-------------------+-------------------+------------------------------------+------------------------------------+------------------------------------+------------------------------------+
| Epoch |  training time(s) |   tesing time(s)  |        Loss       |               recall               |                ndcg                |             precision              |             hit_ratio              |
+-------+-------------------+-------------------+-------------------+------------------------------------+------------------------------------+------------------------------------+------------------------------------+
|   44  | 362.9770247936249 | 64.24490594863892 | 294.6004943847656 | [0.06355397 0.10517357 0.13888759] | [0.0522573  0.06792731 0.07974708] | [0.02885089 0.02403372 0.02129805] | [0.39055198 0.53697739 0.62406846] |
+-------+-------------------+-------------------+-------------------+------------------------------------+------------------------------------+------------------------------------+------------------------------------+
epoch: 45 s: 0 batch_loss 0.48908108472824097 BPR_loss 0.47918039560317993 reg_loss 0.009900697506964207
epoch: 45 s: 256000 batch_loss 0.4879242181777954 BPR_loss 0.47782447934150696 reg_loss 0.010099724866449833
epoch: 45 s: 512000 batch_loss 0.4894880950450897 BPR_loss 0.47941628098487854 reg_loss 0.010071814060211182
epoch: 45 s: 768000 batch_loss 0.477854460477829 BPR_loss 0.46741950511932373 reg_loss 0.010434966534376144
epoch: 45 s: 1024000 batch_loss 0.48281991481781006 BPR_loss 0.47256532311439514 reg_loss 0.010254603810608387
+-------+-------------------+-------------------+-------------------+------------------------------------+------------------------------------+------------------------------------+------------------------------------+
| Epoch |  training time(s) |   tesing time(s)  |        Loss       |               recall               |                ndcg                |             precision              |             hit_ratio              |
+-------+-------------------+-------------------+-------------------+------------------------------------+------------------------------------+------------------------------------+------------------------------------+
|   45  | 366.5288963317871 | 65.86348581314087 | 292.4914245605469 | [0.06354701 0.10516806 0.13889234] | [0.05220334 0.06785127 0.07967335] | [0.02885878 0.02400925 0.02129752] | [0.39083618 0.53640899 0.62340533] |
+-------+-------------------+-------------------+-------------------+------------------------------------+------------------------------------+------------------------------------+------------------------------------+
Early stopping is trigger at step: 10 log:0.06354701219424469
early stopping at 45, recall@20:0.0637
