Namespace(K=1, Ks='[20, 40, 60]', batch_size=2048, batch_test_flag=True, context_hops=3, cuda=True, data_path='data/', dataset='yelp2018', dim=64, edge_dropout=False, edge_dropout_rate=0.1, epoch=1000, eps=0.01, gnn='lightgcn', gpu_id=2, l2=0.0001, lr=0.001, mess_dropout=False, mess_dropout_rate=0.1, n_negs=64, ns='mixgcf', out_dir='./weights/yelp2018/', pool='mean', save=False, test_batch_size=2048, test_flag='part')
reading train and test user-item set ...
building the adj mat ...
loading over ...
卷积器不需要第0层embedding
拿这个最难的neg_item去和pos_item在每一个维度上自适应权重......
start training ...
epoch: 0 s: 0 batch_loss 0.6931484937667847 BPR_loss 0.6931484937667847 reg_loss 1.5583776047378706e-08
epoch: 0 s: 256000 batch_loss 0.6931476593017578 BPR_loss 0.6931476593017578 reg_loss 1.3048862435027786e-08
epoch: 0 s: 512000 batch_loss 0.6931464076042175 BPR_loss 0.6931463479995728 reg_loss 5.5483052818772194e-08
epoch: 0 s: 768000 batch_loss 0.6931184530258179 BPR_loss 0.6931174993515015 reg_loss 9.456990142098221e-07
epoch: 0 s: 1024000 batch_loss 0.6927628517150879 BPR_loss 0.6927512884140015 reg_loss 1.157781298388727e-05
+-------+--------------------+--------------------+-------------------+------------------------------------+------------------------------------+------------------------------------+------------------------------------+
| Epoch |  training time(s)  |   tesing time(s)   |        Loss       |               recall               |                ndcg                |             precision              |             hit_ratio              |
+-------+--------------------+--------------------+-------------------+------------------------------------+------------------------------------+------------------------------------+------------------------------------+
|   0   | 194.78550124168396 | 44.162383794784546 | 418.5611877441406 | [0.05561968 0.09288916 0.12290249] | [0.04564646 0.05961802 0.07009124] | [0.02562524 0.02143094 0.01898183] | [0.35382721 0.49750537 0.58383858] |
+-------+--------------------+--------------------+-------------------+------------------------------------+------------------------------------+------------------------------------+------------------------------------+
epoch: 1 s: 0 batch_loss 0.6917487382888794 BPR_loss 0.6917083263397217 reg_loss 4.0439241274725646e-05
epoch: 1 s: 256000 batch_loss 0.6889030933380127 BPR_loss 0.6887941360473633 reg_loss 0.0001089688012143597
epoch: 1 s: 512000 batch_loss 0.6868869662284851 BPR_loss 0.6866760849952698 reg_loss 0.00021090013615321368
epoch: 1 s: 768000 batch_loss 0.6817838549613953 BPR_loss 0.6814534664154053 reg_loss 0.0003303913399577141
epoch: 1 s: 1024000 batch_loss 0.6783199906349182 BPR_loss 0.6778397560119629 reg_loss 0.00048025278374552727
using time 197.8559s, training loss at epoch 1: 413.7396
epoch: 2 s: 0 batch_loss 0.674955427646637 BPR_loss 0.674369215965271 reg_loss 0.0005862386315129697
epoch: 2 s: 256000 batch_loss 0.6729702353477478 BPR_loss 0.6722405552864075 reg_loss 0.0007297041593119502
epoch: 2 s: 512000 batch_loss 0.670900821685791 BPR_loss 0.6700064539909363 reg_loss 0.0008943487191572785
epoch: 2 s: 768000 batch_loss 0.6652655005455017 BPR_loss 0.6641596555709839 reg_loss 0.0011058717500418425
epoch: 2 s: 1024000 batch_loss 0.6543894410133362 BPR_loss 0.6531435251235962 reg_loss 0.0012459037825465202
using time 194.8844s, training loss at epoch 2: 402.5302
epoch: 3 s: 0 batch_loss 0.6533802151679993 BPR_loss 0.6519339084625244 reg_loss 0.0014463114785030484
epoch: 3 s: 256000 batch_loss 0.654853880405426 BPR_loss 0.6532430052757263 reg_loss 0.0016108835116028786
epoch: 3 s: 512000 batch_loss 0.6448366641998291 BPR_loss 0.6430961489677429 reg_loss 0.0017405200051143765
epoch: 3 s: 768000 batch_loss 0.6434217691421509 BPR_loss 0.6413964629173279 reg_loss 0.0020252838730812073
epoch: 3 s: 1024000 batch_loss 0.6417429447174072 BPR_loss 0.6396363377571106 reg_loss 0.0021066046319901943
using time 194.4099s, training loss at epoch 3: 390.2162
epoch: 4 s: 0 batch_loss 0.6344081163406372 BPR_loss 0.6320563554763794 reg_loss 0.0023517771624028683
epoch: 4 s: 256000 batch_loss 0.6269874572753906 BPR_loss 0.6244325041770935 reg_loss 0.0025549728889018297
epoch: 4 s: 512000 batch_loss 0.6294925808906555 BPR_loss 0.6268364191055298 reg_loss 0.0026561771519482136
epoch: 4 s: 768000 batch_loss 0.6229409575462341 BPR_loss 0.6199763417243958 reg_loss 0.0029646174516528845
epoch: 4 s: 1024000 batch_loss 0.6245185732841492 BPR_loss 0.6214666366577148 reg_loss 0.003051937557756901
using time 195.9849s, training loss at epoch 4: 378.2460
epoch: 5 s: 0 batch_loss 0.6190012097358704 BPR_loss 0.6157376766204834 reg_loss 0.003263511462137103
epoch: 5 s: 256000 batch_loss 0.6048343181610107 BPR_loss 0.6013073921203613 reg_loss 0.003526946995407343
epoch: 5 s: 512000 batch_loss 0.6152113080024719 BPR_loss 0.6115953326225281 reg_loss 0.0036159995943307877
epoch: 5 s: 768000 batch_loss 0.6039812564849854 BPR_loss 0.6002224087715149 reg_loss 0.0037588197737932205
epoch: 5 s: 1024000 batch_loss 0.6020508408546448 BPR_loss 0.5980148315429688 reg_loss 0.004036006983369589
+-------+--------------------+-------------------+--------------------+------------------------------------+------------------------------------+------------------------------------+------------------------------------+
| Epoch |  training time(s)  |   tesing time(s)  |        Loss        |               recall               |                ndcg                |             precision              |             hit_ratio              |
+-------+--------------------+-------------------+--------------------+------------------------------------+------------------------------------+------------------------------------+------------------------------------+
|   5   | 194.74496865272522 | 46.49884653091431 | 366.99652099609375 | [0.06054875 0.10068588 0.132557  ] | [0.04958943 0.06474532 0.07589288] | [0.02754673 0.02307377 0.02038072] | [0.37703676 0.52573576 0.61042693] |
+-------+--------------------+-------------------+--------------------+------------------------------------+------------------------------------+------------------------------------+------------------------------------+
epoch: 6 s: 0 batch_loss 0.594393253326416 BPR_loss 0.5901651978492737 reg_loss 0.004228085279464722
epoch: 6 s: 256000 batch_loss 0.5975721478462219 BPR_loss 0.593375563621521 reg_loss 0.004196581896394491
epoch: 6 s: 512000 batch_loss 0.5837260484695435 BPR_loss 0.5790344476699829 reg_loss 0.00469162268564105
epoch: 6 s: 768000 batch_loss 0.587492048740387 BPR_loss 0.5829196572303772 reg_loss 0.004572408739477396
epoch: 6 s: 1024000 batch_loss 0.5880573987960815 BPR_loss 0.5831800699234009 reg_loss 0.004877336788922548
using time 195.3301s, training loss at epoch 6: 356.5517
epoch: 7 s: 0 batch_loss 0.5808712244033813 BPR_loss 0.5757390260696411 reg_loss 0.005132228136062622
epoch: 7 s: 256000 batch_loss 0.5721012353897095 BPR_loss 0.5667108297348022 reg_loss 0.005390412174165249
epoch: 7 s: 512000 batch_loss 0.5670697689056396 BPR_loss 0.5614256858825684 reg_loss 0.005644087214022875
epoch: 7 s: 768000 batch_loss 0.5723035335540771 BPR_loss 0.5666518211364746 reg_loss 0.005651704967021942
epoch: 7 s: 1024000 batch_loss 0.5724135041236877 BPR_loss 0.5665293335914612 reg_loss 0.005884142126888037
using time 194.3619s, training loss at epoch 7: 347.1668
epoch: 8 s: 0 batch_loss 0.5696231722831726 BPR_loss 0.5635861754417419 reg_loss 0.006037015467882156
epoch: 8 s: 256000 batch_loss 0.5610679388046265 BPR_loss 0.5548155307769775 reg_loss 0.006252404768019915
epoch: 8 s: 512000 batch_loss 0.5542299151420593 BPR_loss 0.5475683212280273 reg_loss 0.006661601830273867
epoch: 8 s: 768000 batch_loss 0.5466235280036926 BPR_loss 0.5400683879852295 reg_loss 0.006555164232850075
epoch: 8 s: 1024000 batch_loss 0.5491392612457275 BPR_loss 0.5421757698059082 reg_loss 0.006963470950722694
using time 193.7672s, training loss at epoch 8: 338.3432
epoch: 9 s: 0 batch_loss 0.5442551970481873 BPR_loss 0.5369018316268921 reg_loss 0.007353358902037144
epoch: 9 s: 256000 batch_loss 0.55934077501297 BPR_loss 0.5521417856216431 reg_loss 0.0071989730931818485
epoch: 9 s: 512000 batch_loss 0.544685423374176 BPR_loss 0.537269115447998 reg_loss 0.007416290696710348
epoch: 9 s: 768000 batch_loss 0.5369728207588196 BPR_loss 0.5293525457382202 reg_loss 0.007620254531502724
epoch: 9 s: 1024000 batch_loss 0.5358058214187622 BPR_loss 0.5279030799865723 reg_loss 0.007902716286480427
using time 194.8990s, training loss at epoch 9: 330.1122
epoch: 10 s: 0 batch_loss 0.5428836345672607 BPR_loss 0.5347656607627869 reg_loss 0.008117945864796638
epoch: 10 s: 256000 batch_loss 0.5333617925643921 BPR_loss 0.5251696705818176 reg_loss 0.008192113600671291
epoch: 10 s: 512000 batch_loss 0.543349027633667 BPR_loss 0.5351904630661011 reg_loss 0.008158579468727112
epoch: 10 s: 768000 batch_loss 0.5317825675010681 BPR_loss 0.5232807397842407 reg_loss 0.008501834236085415
epoch: 10 s: 1024000 batch_loss 0.5339068174362183 BPR_loss 0.5254043340682983 reg_loss 0.008502509444952011
+-------+--------------------+--------------------+-------------------+------------------------------------+------------------------------------+------------------------------------+------------------------------------+
| Epoch |  training time(s)  |   tesing time(s)   |        Loss       |               recall               |                ndcg                |             precision              |             hit_ratio              |
+-------+--------------------+--------------------+-------------------+------------------------------------+------------------------------------+------------------------------------+------------------------------------+
|   10  | 194.46976017951965 | 46.988752365112305 | 322.5440673828125 | [0.06259829 0.10303326 0.13671241] | [0.05116892 0.06646882 0.07819276] | [0.02830618 0.02356638 0.02088859] | [0.38651004 0.53299861 0.61942655] |
+-------+--------------------+--------------------+-------------------+------------------------------------+------------------------------------+------------------------------------+------------------------------------+
epoch: 11 s: 0 batch_loss 0.536354124546051 BPR_loss 0.5275745987892151 reg_loss 0.008779539726674557
epoch: 11 s: 256000 batch_loss 0.5252380967140198 BPR_loss 0.5161663293838501 reg_loss 0.009071777574717999
epoch: 11 s: 512000 batch_loss 0.5200056433677673 BPR_loss 0.5109432935714722 reg_loss 0.009062334895133972
epoch: 11 s: 768000 batch_loss 0.520419180393219 BPR_loss 0.5113826990127563 reg_loss 0.009036497212946415
epoch: 11 s: 1024000 batch_loss 0.5188249349594116 BPR_loss 0.5091127753257751 reg_loss 0.009712152183055878
using time 194.1667s, training loss at epoch 11: 315.3515
epoch: 12 s: 0 batch_loss 0.5245735049247742 BPR_loss 0.5148347616195679 reg_loss 0.00973871722817421
epoch: 12 s: 256000 batch_loss 0.5059442520141602 BPR_loss 0.4961675703525543 reg_loss 0.009776703082025051
epoch: 12 s: 512000 batch_loss 0.5074840188026428 BPR_loss 0.4974621832370758 reg_loss 0.01002182811498642
epoch: 12 s: 768000 batch_loss 0.5146822333335876 BPR_loss 0.5047409534454346 reg_loss 0.009941257536411285
epoch: 12 s: 1024000 batch_loss 0.49268999695777893 BPR_loss 0.4820438325405121 reg_loss 0.010646175593137741
using time 193.8047s, training loss at epoch 12: 308.7297
epoch: 13 s: 0 batch_loss 0.49853745102882385 BPR_loss 0.4878086745738983 reg_loss 0.010728774592280388
epoch: 13 s: 256000 batch_loss 0.504708468914032 BPR_loss 0.494113564491272 reg_loss 0.010594921186566353
epoch: 13 s: 512000 batch_loss 0.509419322013855 BPR_loss 0.4984910488128662 reg_loss 0.010928296484053135
epoch: 13 s: 768000 batch_loss 0.4955918788909912 BPR_loss 0.4845200181007385 reg_loss 0.011071846820414066
epoch: 13 s: 1024000 batch_loss 0.5088242888450623 BPR_loss 0.49807584285736084 reg_loss 0.010748447850346565
using time 194.0798s, training loss at epoch 13: 302.5614
epoch: 14 s: 0 batch_loss 0.4907367527484894 BPR_loss 0.4793304204940796 reg_loss 0.011406335048377514
epoch: 14 s: 256000 batch_loss 0.4854925572872162 BPR_loss 0.4740927815437317 reg_loss 0.011399763636291027
epoch: 14 s: 512000 batch_loss 0.48672962188720703 BPR_loss 0.4749814569950104 reg_loss 0.01174816396087408
epoch: 14 s: 768000 batch_loss 0.4926241338253021 BPR_loss 0.4808473289012909 reg_loss 0.011776793748140335
epoch: 14 s: 1024000 batch_loss 0.4887582063674927 BPR_loss 0.47657960653305054 reg_loss 0.012178601697087288
using time 194.4293s, training loss at epoch 14: 296.4074
epoch: 15 s: 0 batch_loss 0.4901493191719055 BPR_loss 0.4780780076980591 reg_loss 0.012071307748556137
epoch: 15 s: 256000 batch_loss 0.48528626561164856 BPR_loss 0.472978413105011 reg_loss 0.012307853437960148
epoch: 15 s: 512000 batch_loss 0.48790955543518066 BPR_loss 0.4754655361175537 reg_loss 0.012444011867046356
epoch: 15 s: 768000 batch_loss 0.48161637783050537 BPR_loss 0.46945831179618835 reg_loss 0.012158052995800972
epoch: 15 s: 1024000 batch_loss 0.4836413562297821 BPR_loss 0.47093483805656433 reg_loss 0.01270652562379837
+-------+-------------------+--------------------+------------------+------------------------------------+------------------------------------+------------------------------------+------------------------------------+
| Epoch |  training time(s) |   tesing time(s)   |       Loss       |               recall               |                ndcg                |             precision              |             hit_ratio              |
+-------+-------------------+--------------------+------------------+------------------------------------+------------------------------------+------------------------------------+------------------------------------+
|   15  | 194.5145537853241 | 43.671955585479736 | 290.996337890625 | [0.06395323 0.1048303  0.13875783] | [0.05219264 0.06761702 0.07944935] | [0.02885563 0.02389478 0.02115385] | [0.39200455 0.53839838 0.62394215] |
+-------+-------------------+--------------------+------------------+------------------------------------+------------------------------------+------------------------------------+------------------------------------+
epoch: 16 s: 0 batch_loss 0.47007083892822266 BPR_loss 0.45709311962127686 reg_loss 0.012977720238268375
epoch: 16 s: 256000 batch_loss 0.4677417576313019 BPR_loss 0.4549051821231842 reg_loss 0.012836568988859653
epoch: 16 s: 512000 batch_loss 0.47516581416130066 BPR_loss 0.46165943145751953 reg_loss 0.013506378047168255
epoch: 16 s: 768000 batch_loss 0.473293662071228 BPR_loss 0.45985209941864014 reg_loss 0.013441571034491062
epoch: 16 s: 1024000 batch_loss 0.46769797801971436 BPR_loss 0.45353031158447266 reg_loss 0.01416765246540308
using time 193.2262s, training loss at epoch 16: 285.4547
epoch: 17 s: 0 batch_loss 0.4702419936656952 BPR_loss 0.456760048866272 reg_loss 0.013481950387358665
epoch: 17 s: 256000 batch_loss 0.47012659907341003 BPR_loss 0.4561125636100769 reg_loss 0.014014022424817085
epoch: 17 s: 512000 batch_loss 0.46092748641967773 BPR_loss 0.44682925939559937 reg_loss 0.01409823913127184
epoch: 17 s: 768000 batch_loss 0.4763593077659607 BPR_loss 0.4619472920894623 reg_loss 0.014412005431950092
epoch: 17 s: 1024000 batch_loss 0.46813496947288513 BPR_loss 0.45398378372192383 reg_loss 0.014151171781122684
using time 196.0977s, training loss at epoch 17: 280.7074
epoch: 18 s: 0 batch_loss 0.4637131094932556 BPR_loss 0.4490536153316498 reg_loss 0.014659489504992962
epoch: 18 s: 256000 batch_loss 0.4606766104698181 BPR_loss 0.44581538438796997 reg_loss 0.0148612130433321
epoch: 18 s: 512000 batch_loss 0.4597989320755005 BPR_loss 0.4450717866420746 reg_loss 0.014727157540619373
epoch: 18 s: 768000 batch_loss 0.46560999751091003 BPR_loss 0.45155999064445496 reg_loss 0.0140500133857131
epoch: 18 s: 1024000 batch_loss 0.4568180441856384 BPR_loss 0.44179245829582214 reg_loss 0.015025576576590538
using time 195.0381s, training loss at epoch 18: 275.9215
epoch: 19 s: 0 batch_loss 0.4519362449645996 BPR_loss 0.4367305636405945 reg_loss 0.015205668285489082
epoch: 19 s: 256000 batch_loss 0.4509146213531494 BPR_loss 0.4354383051395416 reg_loss 0.015476305969059467
epoch: 19 s: 512000 batch_loss 0.44306883215904236 BPR_loss 0.42792198061943054 reg_loss 0.015146862715482712
epoch: 19 s: 768000 batch_loss 0.4560478925704956 BPR_loss 0.44076550006866455 reg_loss 0.015282406471669674
epoch: 19 s: 1024000 batch_loss 0.43729615211486816 BPR_loss 0.42116934061050415 reg_loss 0.01612682268023491
using time 193.6017s, training loss at epoch 19: 271.0694
epoch: 20 s: 0 batch_loss 0.45164328813552856 BPR_loss 0.43606990575790405 reg_loss 0.015573394484817982
epoch: 20 s: 256000 batch_loss 0.44381439685821533 BPR_loss 0.42738276720046997 reg_loss 0.016431638970971107
epoch: 20 s: 512000 batch_loss 0.43567320704460144 BPR_loss 0.4194842576980591 reg_loss 0.016188960522413254
epoch: 20 s: 768000 batch_loss 0.4354127049446106 BPR_loss 0.41892722249031067 reg_loss 0.01648547686636448
epoch: 20 s: 1024000 batch_loss 0.43621349334716797 BPR_loss 0.41941797733306885 reg_loss 0.016795529052615166
+-------+--------------------+-------------------+-------------------+------------------------------------+------------------------------------+------------------------------------+------------------------------------+
| Epoch |  training time(s)  |   tesing time(s)  |        Loss       |               recall               |                ndcg                |             precision              |             hit_ratio              |
+-------+--------------------+-------------------+-------------------+------------------------------------+------------------------------------+------------------------------------+------------------------------------+
|   20  | 193.94964599609375 | 43.84418725967407 | 266.3939208984375 | [0.064628   0.10590785 0.14028842] | [0.05276188 0.06833233 0.08033219] | [0.02907667 0.02406925 0.02135542] | [0.39430971 0.54139826 0.62785777] |
+-------+--------------------+-------------------+-------------------+------------------------------------+------------------------------------+------------------------------------+------------------------------------+
epoch: 21 s: 0 batch_loss 0.4301883578300476 BPR_loss 0.41306328773498535 reg_loss 0.01712508127093315
epoch: 21 s: 256000 batch_loss 0.4378964900970459 BPR_loss 0.4207058250904083 reg_loss 0.017190659418702126
epoch: 21 s: 512000 batch_loss 0.42446368932724 BPR_loss 0.4069671034812927 reg_loss 0.017496587708592415
epoch: 21 s: 768000 batch_loss 0.4296872615814209 BPR_loss 0.41285043954849243 reg_loss 0.016836822032928467
epoch: 21 s: 1024000 batch_loss 0.43053555488586426 BPR_loss 0.4130029082298279 reg_loss 0.017532631754875183
using time 193.8914s, training loss at epoch 21: 262.4516
epoch: 22 s: 0 batch_loss 0.4295409321784973 BPR_loss 0.41238972544670105 reg_loss 0.017151199281215668
epoch: 22 s: 256000 batch_loss 0.4327770471572876 BPR_loss 0.41503065824508667 reg_loss 0.017746398225426674
epoch: 22 s: 512000 batch_loss 0.4268748164176941 BPR_loss 0.40891557931900024 reg_loss 0.017959246411919594
epoch: 22 s: 768000 batch_loss 0.436655730009079 BPR_loss 0.41834700107574463 reg_loss 0.018308725208044052
epoch: 22 s: 1024000 batch_loss 0.436960369348526 BPR_loss 0.41944748163223267 reg_loss 0.017512880265712738
using time 194.5700s, training loss at epoch 22: 258.3807
epoch: 23 s: 0 batch_loss 0.4196346402168274 BPR_loss 0.4016280770301819 reg_loss 0.018006548285484314
epoch: 23 s: 256000 batch_loss 0.438203901052475 BPR_loss 0.42032599449157715 reg_loss 0.017877910286188126
epoch: 23 s: 512000 batch_loss 0.4262022078037262 BPR_loss 0.4077247381210327 reg_loss 0.01847747713327408
epoch: 23 s: 768000 batch_loss 0.4324660003185272 BPR_loss 0.4143889248371124 reg_loss 0.01807708665728569
epoch: 23 s: 1024000 batch_loss 0.40170085430145264 BPR_loss 0.3825284242630005 reg_loss 0.01917242631316185
using time 196.2596s, training loss at epoch 23: 254.4200
epoch: 24 s: 0 batch_loss 0.4140774607658386 BPR_loss 0.3953329920768738 reg_loss 0.01874447427690029
epoch: 24 s: 256000 batch_loss 0.4206884205341339 BPR_loss 0.40179240703582764 reg_loss 0.018896013498306274
epoch: 24 s: 512000 batch_loss 0.39952996373176575 BPR_loss 0.3807803988456726 reg_loss 0.018749553710222244
epoch: 24 s: 768000 batch_loss 0.4209722876548767 BPR_loss 0.40168267488479614 reg_loss 0.01928962580859661
epoch: 24 s: 1024000 batch_loss 0.4172564744949341 BPR_loss 0.39811497926712036 reg_loss 0.019141508266329765
using time 194.2325s, training loss at epoch 24: 250.6514
epoch: 25 s: 0 batch_loss 0.4147277772426605 BPR_loss 0.39439141750335693 reg_loss 0.020336352288722992
epoch: 25 s: 256000 batch_loss 0.4262499213218689 BPR_loss 0.4064655601978302 reg_loss 0.019784362986683846
epoch: 25 s: 512000 batch_loss 0.412081778049469 BPR_loss 0.39230960607528687 reg_loss 0.019772164523601532
epoch: 25 s: 768000 batch_loss 0.39192691445350647 BPR_loss 0.3719247579574585 reg_loss 0.020002156496047974
epoch: 25 s: 1024000 batch_loss 0.4147787392139435 BPR_loss 0.3941250443458557 reg_loss 0.020653707906603813
+-------+--------------------+--------------------+--------------------+------------------------------------+------------------------------------+------------------------------------+------------------------------------+
| Epoch |  training time(s)  |   tesing time(s)   |        Loss        |               recall               |                ndcg                |             precision              |             hit_ratio              |
+-------+--------------------+--------------------+--------------------+------------------------------------+------------------------------------+------------------------------------+------------------------------------+
|   25  | 195.38598370552063 | 42.745312213897705 | 246.99795532226562 | [0.06507444 0.10671872 0.14132411] | [0.05320463 0.06894516 0.08101603] | [0.02923298 0.02422872 0.02147594] | [0.39592017 0.54322976 0.62940508] |
+-------+--------------------+--------------------+--------------------+------------------------------------+------------------------------------+------------------------------------+------------------------------------+
epoch: 26 s: 0 batch_loss 0.4134552478790283 BPR_loss 0.39299139380455017 reg_loss 0.020463846623897552
epoch: 26 s: 256000 batch_loss 0.405891478061676 BPR_loss 0.3853732943534851 reg_loss 0.020518172532320023
epoch: 26 s: 512000 batch_loss 0.3960461914539337 BPR_loss 0.37500452995300293 reg_loss 0.021041668951511383
epoch: 26 s: 768000 batch_loss 0.4088085889816284 BPR_loss 0.3885236978530884 reg_loss 0.020284904167056084
epoch: 26 s: 1024000 batch_loss 0.3993372619152069 BPR_loss 0.37829792499542236 reg_loss 0.021039333194494247
using time 195.0472s, training loss at epoch 26: 243.4249
epoch: 27 s: 0 batch_loss 0.3922319710254669 BPR_loss 0.3709048330783844 reg_loss 0.021327132359147072
epoch: 27 s: 256000 batch_loss 0.4046099781990051 BPR_loss 0.38406431674957275 reg_loss 0.020545657724142075
epoch: 27 s: 512000 batch_loss 0.40146303176879883 BPR_loss 0.3802921175956726 reg_loss 0.021170929074287415
epoch: 27 s: 768000 batch_loss 0.39942091703414917 BPR_loss 0.37847012281417847 reg_loss 0.020950784906744957
epoch: 27 s: 1024000 batch_loss 0.4017617404460907 BPR_loss 0.3801443576812744 reg_loss 0.021617384627461433
using time 194.6186s, training loss at epoch 27: 239.9492
epoch: 28 s: 0 batch_loss 0.40017929673194885 BPR_loss 0.37856560945510864 reg_loss 0.021613696590065956
epoch: 28 s: 256000 batch_loss 0.39208853244781494 BPR_loss 0.36992767453193665 reg_loss 0.02216087095439434
epoch: 28 s: 512000 batch_loss 0.3864932954311371 BPR_loss 0.36430680751800537 reg_loss 0.022186478599905968
epoch: 28 s: 768000 batch_loss 0.39416560530662537 BPR_loss 0.3729463219642639 reg_loss 0.021219292655587196
epoch: 28 s: 1024000 batch_loss 0.38547641038894653 BPR_loss 0.3636338412761688 reg_loss 0.021842574700713158
using time 194.9440s, training loss at epoch 28: 236.9155
epoch: 29 s: 0 batch_loss 0.3917042911052704 BPR_loss 0.36919063329696655 reg_loss 0.022513650357723236
epoch: 29 s: 256000 batch_loss 0.37598347663879395 BPR_loss 0.35376620292663574 reg_loss 0.022217262536287308
epoch: 29 s: 512000 batch_loss 0.40271279215812683 BPR_loss 0.38075149059295654 reg_loss 0.02196129970252514
epoch: 29 s: 768000 batch_loss 0.3817104399204254 BPR_loss 0.35853517055511475 reg_loss 0.02317526377737522
epoch: 29 s: 1024000 batch_loss 0.39259448647499084 BPR_loss 0.36992257833480835 reg_loss 0.022671911865472794
using time 194.8534s, training loss at epoch 29: 233.7579
epoch: 30 s: 0 batch_loss 0.3832164406776428 BPR_loss 0.36010032892227173 reg_loss 0.023116113618016243
epoch: 30 s: 256000 batch_loss 0.3769649267196655 BPR_loss 0.3540579676628113 reg_loss 0.02290695160627365
epoch: 30 s: 512000 batch_loss 0.3913153409957886 BPR_loss 0.36824220418930054 reg_loss 0.023073121905326843
epoch: 30 s: 768000 batch_loss 0.3824394643306732 BPR_loss 0.3592669367790222 reg_loss 0.0231725312769413
epoch: 30 s: 1024000 batch_loss 0.380718857049942 BPR_loss 0.3573322892189026 reg_loss 0.02338656783103943
+-------+-------------------+-------------------+--------------------+------------------------------------+------------------------------------+------------------------------------+------------------------------------+
| Epoch |  training time(s) |   tesing time(s)  |        Loss        |               recall               |                ndcg                |             precision              |             hit_ratio              |
+-------+-------------------+-------------------+--------------------+------------------------------------+------------------------------------+------------------------------------+------------------------------------+
|   30  | 195.7840712070465 | 46.78066396713257 | 231.13491821289062 | [0.0655085  0.10746489 0.1420513 ] | [0.05354169 0.06937687 0.08147579] | [0.02938929 0.02432898 0.02156751] | [0.39847796 0.54420866 0.63098396] |
+-------+-------------------+-------------------+--------------------+------------------------------------+------------------------------------+------------------------------------+------------------------------------+
epoch: 31 s: 0 batch_loss 0.3732560873031616 BPR_loss 0.3496781289577484 reg_loss 0.023577947169542313
epoch: 31 s: 256000 batch_loss 0.37780654430389404 BPR_loss 0.3543139398097992 reg_loss 0.023492619395256042
epoch: 31 s: 512000 batch_loss 0.3714624345302582 BPR_loss 0.3473382294178009 reg_loss 0.02412419207394123
epoch: 31 s: 768000 batch_loss 0.37148094177246094 BPR_loss 0.34771499037742615 reg_loss 0.023765956982970238
epoch: 31 s: 1024000 batch_loss 0.36842232942581177 BPR_loss 0.34440839290618896 reg_loss 0.024013929069042206
using time 195.1476s, training loss at epoch 31: 227.9197
epoch: 32 s: 0 batch_loss 0.36437949538230896 BPR_loss 0.3398486375808716 reg_loss 0.02453085035085678
epoch: 32 s: 256000 batch_loss 0.371182382106781 BPR_loss 0.3468323051929474 reg_loss 0.024350086227059364
epoch: 32 s: 512000 batch_loss 0.37760287523269653 BPR_loss 0.353145569562912 reg_loss 0.02445731684565544
epoch: 32 s: 768000 batch_loss 0.36874446272850037 BPR_loss 0.3440897762775421 reg_loss 0.024654695764183998
epoch: 32 s: 1024000 batch_loss 0.37438005208969116 BPR_loss 0.35004669427871704 reg_loss 0.024333348497748375
using time 194.6715s, training loss at epoch 32: 225.0519
epoch: 33 s: 0 batch_loss 0.3711561858654022 BPR_loss 0.3472139835357666 reg_loss 0.023942213505506516
epoch: 33 s: 256000 batch_loss 0.363895058631897 BPR_loss 0.3388223946094513 reg_loss 0.025072673335671425
epoch: 33 s: 512000 batch_loss 0.3632235527038574 BPR_loss 0.3389737606048584 reg_loss 0.024249788373708725
epoch: 33 s: 768000 batch_loss 0.366351455450058 BPR_loss 0.3413776457309723 reg_loss 0.024973802268505096
epoch: 33 s: 1024000 batch_loss 0.38040173053741455 BPR_loss 0.3555992543697357 reg_loss 0.024802466854453087
using time 194.5153s, training loss at epoch 33: 222.2624
epoch: 34 s: 0 batch_loss 0.37098705768585205 BPR_loss 0.3456794023513794 reg_loss 0.02530764415860176
epoch: 34 s: 256000 batch_loss 0.36043301224708557 BPR_loss 0.3350086212158203 reg_loss 0.025424379855394363
epoch: 34 s: 512000 batch_loss 0.36960864067077637 BPR_loss 0.3442624807357788 reg_loss 0.025346150621771812
epoch: 34 s: 768000 batch_loss 0.36759206652641296 BPR_loss 0.3418145775794983 reg_loss 0.02577749267220497
epoch: 34 s: 1024000 batch_loss 0.35071077942848206 BPR_loss 0.3253815174102783 reg_loss 0.02532925270497799
using time 194.2147s, training loss at epoch 34: 219.6725
epoch: 35 s: 0 batch_loss 0.35507723689079285 BPR_loss 0.3298798203468323 reg_loss 0.025197429582476616
epoch: 35 s: 256000 batch_loss 0.36405709385871887 BPR_loss 0.338029682636261 reg_loss 0.02602740377187729
epoch: 35 s: 512000 batch_loss 0.3572503626346588 BPR_loss 0.3316132426261902 reg_loss 0.025637120008468628
epoch: 35 s: 768000 batch_loss 0.36497753858566284 BPR_loss 0.3388896882534027 reg_loss 0.026087846606969833
epoch: 35 s: 1024000 batch_loss 0.36123624444007874 BPR_loss 0.33518192172050476 reg_loss 0.02605433203279972
+-------+------------------+-------------------+--------------------+------------------------------------+------------------------------------+------------------------------------+------------------------------------+
| Epoch | training time(s) |   tesing time(s)  |        Loss        |               recall               |                ndcg                |             precision              |             hit_ratio              |
+-------+------------------+-------------------+--------------------+------------------------------------+------------------------------------+------------------------------------+------------------------------------+
|   35  | 194.101304769516 | 44.31740856170654 | 217.03594970703125 | [0.06564526 0.10818342 0.14270231] | [0.05374794 0.06979764 0.0818777 ] | [0.02946508 0.02446239 0.02166435] | [0.39876216 0.54610332 0.6323418 ] |
+-------+------------------+-------------------+--------------------+------------------------------------+------------------------------------+------------------------------------+------------------------------------+
epoch: 36 s: 0 batch_loss 0.3605099320411682 BPR_loss 0.3336549401283264 reg_loss 0.0268549881875515
epoch: 36 s: 256000 batch_loss 0.3528033196926117 BPR_loss 0.32549071311950684 reg_loss 0.027312612161040306
epoch: 36 s: 512000 batch_loss 0.3427464962005615 BPR_loss 0.316243976354599 reg_loss 0.026502519845962524
epoch: 36 s: 768000 batch_loss 0.3723997175693512 BPR_loss 0.3452973961830139 reg_loss 0.027102330699563026
epoch: 36 s: 1024000 batch_loss 0.35749518871307373 BPR_loss 0.3309568166732788 reg_loss 0.026538359001278877
using time 195.2242s, training loss at epoch 36: 214.4491
epoch: 37 s: 0 batch_loss 0.3445437550544739 BPR_loss 0.31765416264533997 reg_loss 0.026889605447649956
epoch: 37 s: 256000 batch_loss 0.34864574670791626 BPR_loss 0.32113826274871826 reg_loss 0.02750748209655285
epoch: 37 s: 512000 batch_loss 0.3366951644420624 BPR_loss 0.30985066294670105 reg_loss 0.02684449404478073
epoch: 37 s: 768000 batch_loss 0.35383254289627075 BPR_loss 0.32634228467941284 reg_loss 0.027490263804793358
epoch: 37 s: 1024000 batch_loss 0.36207374930381775 BPR_loss 0.335783988237381 reg_loss 0.026289770379662514
using time 194.4661s, training loss at epoch 37: 212.4767
epoch: 38 s: 0 batch_loss 0.35627415776252747 BPR_loss 0.3296065628528595 reg_loss 0.026667604222893715
epoch: 38 s: 256000 batch_loss 0.34818464517593384 BPR_loss 0.3198090195655823 reg_loss 0.02837563492357731
epoch: 38 s: 512000 batch_loss 0.34067797660827637 BPR_loss 0.31183063983917236 reg_loss 0.02884732373058796
epoch: 38 s: 768000 batch_loss 0.35023635625839233 BPR_loss 0.3224116563796997 reg_loss 0.027824703603982925
epoch: 38 s: 1024000 batch_loss 0.35996192693710327 BPR_loss 0.3318748474121094 reg_loss 0.02808709256350994
using time 195.7020s, training loss at epoch 38: 209.8109
epoch: 39 s: 0 batch_loss 0.3409211337566376 BPR_loss 0.3126929998397827 reg_loss 0.02822813019156456
epoch: 39 s: 256000 batch_loss 0.34869667887687683 BPR_loss 0.3206903040409088 reg_loss 0.02800636738538742
epoch: 39 s: 512000 batch_loss 0.35077035427093506 BPR_loss 0.3220968246459961 reg_loss 0.028673531487584114
epoch: 39 s: 768000 batch_loss 0.3412305414676666 BPR_loss 0.3131314218044281 reg_loss 0.028099114075303078
epoch: 39 s: 1024000 batch_loss 0.334973007440567 BPR_loss 0.30667054653167725 reg_loss 0.028302468359470367
using time 196.1085s, training loss at epoch 39: 207.4178
epoch: 40 s: 0 batch_loss 0.33235737681388855 BPR_loss 0.30393776297569275 reg_loss 0.028419621288776398
epoch: 40 s: 256000 batch_loss 0.3398745059967041 BPR_loss 0.3110361099243164 reg_loss 0.0288383848965168
epoch: 40 s: 512000 batch_loss 0.342940092086792 BPR_loss 0.3143464922904968 reg_loss 0.028593599796295166
epoch: 40 s: 768000 batch_loss 0.3412729501724243 BPR_loss 0.3114141523838043 reg_loss 0.0298587828874588
epoch: 40 s: 1024000 batch_loss 0.35172510147094727 BPR_loss 0.32262122631073 reg_loss 0.029103871434926987
+-------+--------------------+-------------------+-------------------+------------------------------------+------------------------------------+------------------------------------+------------------------------------+
| Epoch |  training time(s)  |   tesing time(s)  |        Loss       |               recall               |                ndcg                |             precision              |             hit_ratio              |
+-------+--------------------+-------------------+-------------------+------------------------------------+------------------------------------+------------------------------------+------------------------------------+
|   40  | 193.04208874702454 | 47.40518641471863 | 205.3822784423828 | [0.06604178 0.10870699 0.14305004] | [0.05409893 0.07018156 0.08218777] | [0.0295977  0.02454765 0.02167646] | [0.40043577 0.54682961 0.6330365 ] |
+-------+--------------------+-------------------+-------------------+------------------------------------+------------------------------------+------------------------------------+------------------------------------+
epoch: 41 s: 0 batch_loss 0.3306165933609009 BPR_loss 0.30119362473487854 reg_loss 0.02942296303808689
epoch: 41 s: 256000 batch_loss 0.3380281329154968 BPR_loss 0.307963490486145 reg_loss 0.030064642429351807
epoch: 41 s: 512000 batch_loss 0.34463822841644287 BPR_loss 0.3156910836696625 reg_loss 0.0289471298456192
epoch: 41 s: 768000 batch_loss 0.3275335431098938 BPR_loss 0.29845479130744934 reg_loss 0.029078762978315353
epoch: 41 s: 1024000 batch_loss 0.3247334361076355 BPR_loss 0.2955803871154785 reg_loss 0.029153060168027878
using time 194.2753s, training loss at epoch 41: 203.1573
epoch: 42 s: 0 batch_loss 0.33147573471069336 BPR_loss 0.30216601490974426 reg_loss 0.029309729114174843
epoch: 42 s: 256000 batch_loss 0.3239802420139313 BPR_loss 0.29312559962272644 reg_loss 0.030854646116495132
epoch: 42 s: 512000 batch_loss 0.3333278298377991 BPR_loss 0.30377840995788574 reg_loss 0.029549412429332733
epoch: 42 s: 768000 batch_loss 0.34503409266471863 BPR_loss 0.3151300549507141 reg_loss 0.029904039576649666
epoch: 42 s: 1024000 batch_loss 0.3363562226295471 BPR_loss 0.30541926622390747 reg_loss 0.03093695640563965
using time 193.6375s, training loss at epoch 42: 201.1225
epoch: 43 s: 0 batch_loss 0.33216673135757446 BPR_loss 0.30293408036231995 reg_loss 0.029232656583189964
epoch: 43 s: 256000 batch_loss 0.3358860909938812 BPR_loss 0.30568844079971313 reg_loss 0.030197646468877792
epoch: 43 s: 512000 batch_loss 0.3241851329803467 BPR_loss 0.2939344346523285 reg_loss 0.03025069832801819
epoch: 43 s: 768000 batch_loss 0.3341134488582611 BPR_loss 0.30381762981414795 reg_loss 0.03029581904411316
epoch: 43 s: 1024000 batch_loss 0.3201712965965271 BPR_loss 0.28869950771331787 reg_loss 0.03147177770733833
using time 194.7098s, training loss at epoch 43: 199.2510
epoch: 44 s: 0 batch_loss 0.3292125165462494 BPR_loss 0.2982771396636963 reg_loss 0.0309353806078434
epoch: 44 s: 256000 batch_loss 0.3174346387386322 BPR_loss 0.2870599627494812 reg_loss 0.03037468157708645
epoch: 44 s: 512000 batch_loss 0.32905176281929016 BPR_loss 0.2981504499912262 reg_loss 0.03090132586658001
epoch: 44 s: 768000 batch_loss 0.33455690741539 BPR_loss 0.30335259437561035 reg_loss 0.031204307451844215
epoch: 44 s: 1024000 batch_loss 0.3185218572616577 BPR_loss 0.2877892851829529 reg_loss 0.03073258325457573
using time 194.1033s, training loss at epoch 44: 197.0439
epoch: 45 s: 0 batch_loss 0.32667070627212524 BPR_loss 0.2957361936569214 reg_loss 0.030934523791074753
epoch: 45 s: 256000 batch_loss 0.3247445821762085 BPR_loss 0.2935655117034912 reg_loss 0.03117908164858818
epoch: 45 s: 512000 batch_loss 0.3239801228046417 BPR_loss 0.29335513710975647 reg_loss 0.03062499687075615
epoch: 45 s: 768000 batch_loss 0.3216701149940491 BPR_loss 0.2893267273902893 reg_loss 0.032343387603759766
epoch: 45 s: 1024000 batch_loss 0.32343095541000366 BPR_loss 0.2915893793106079 reg_loss 0.03184158727526665
+-------+--------------------+-------------------+--------------------+------------------------------------+------------------------------------+------------------------------------+------------------------------------+
| Epoch |  training time(s)  |   tesing time(s)  |        Loss        |               recall               |                ndcg                |             precision              |             hit_ratio              |
+-------+--------------------+-------------------+--------------------+------------------------------------+------------------------------------+------------------------------------+------------------------------------+
|   45  | 194.32397723197937 | 46.73736810684204 | 195.19895935058594 | [0.06620954 0.10889651 0.14329869] | [0.05430601 0.07038153 0.08243371] | [0.02965296 0.02454765 0.02170909] | [0.40037262 0.54784009 0.63373121] |
+-------+--------------------+-------------------+--------------------+------------------------------------+------------------------------------+------------------------------------+------------------------------------+
epoch: 46 s: 0 batch_loss 0.3228233754634857 BPR_loss 0.2908632159233093 reg_loss 0.03196015581488609
epoch: 46 s: 256000 batch_loss 0.3104191720485687 BPR_loss 0.27838245034217834 reg_loss 0.03203671798110008
epoch: 46 s: 512000 batch_loss 0.31466642022132874 BPR_loss 0.28186047077178955 reg_loss 0.032805945724248886
epoch: 46 s: 768000 batch_loss 0.3101624548435211 BPR_loss 0.27738624811172485 reg_loss 0.03277621418237686
epoch: 46 s: 1024000 batch_loss 0.30675241351127625 BPR_loss 0.27365535497665405 reg_loss 0.033097051084041595
using time 194.8646s, training loss at epoch 46: 193.2997
epoch: 47 s: 0 batch_loss 0.31359830498695374 BPR_loss 0.2814350426197052 reg_loss 0.03216326981782913
epoch: 47 s: 256000 batch_loss 0.32374459505081177 BPR_loss 0.29179903864860535 reg_loss 0.031945545226335526
epoch: 47 s: 512000 batch_loss 0.3096623718738556 BPR_loss 0.2773756682872772 reg_loss 0.03228670731186867
epoch: 47 s: 768000 batch_loss 0.30341657996177673 BPR_loss 0.2702144682407379 reg_loss 0.03320211544632912
epoch: 47 s: 1024000 batch_loss 0.3218487501144409 BPR_loss 0.28999340534210205 reg_loss 0.03185534477233887
using time 194.1124s, training loss at epoch 47: 191.4357
epoch: 48 s: 0 batch_loss 0.32287126779556274 BPR_loss 0.2898688018321991 reg_loss 0.03300246223807335
epoch: 48 s: 256000 batch_loss 0.3171643316745758 BPR_loss 0.2848901152610779 reg_loss 0.03227420523762703
epoch: 48 s: 512000 batch_loss 0.3106597363948822 BPR_loss 0.27751708030700684 reg_loss 0.03314265236258507
epoch: 48 s: 768000 batch_loss 0.3113142251968384 BPR_loss 0.2780553698539734 reg_loss 0.03325884789228439
epoch: 48 s: 1024000 batch_loss 0.30506080389022827 BPR_loss 0.27224573493003845 reg_loss 0.03281506896018982
using time 194.4086s, training loss at epoch 48: 189.6947
epoch: 49 s: 0 batch_loss 0.30998313426971436 BPR_loss 0.2769290804862976 reg_loss 0.033054038882255554
epoch: 49 s: 256000 batch_loss 0.3001844584941864 BPR_loss 0.2659667730331421 reg_loss 0.034217678010463715
epoch: 49 s: 512000 batch_loss 0.31619495153427124 BPR_loss 0.28278377652168274 reg_loss 0.0334111750125885
epoch: 49 s: 768000 batch_loss 0.3078541159629822 BPR_loss 0.2750193476676941 reg_loss 0.03283475711941719
epoch: 49 s: 1024000 batch_loss 0.3120763897895813 BPR_loss 0.27895388007164 reg_loss 0.03312251344323158
using time 194.9447s, training loss at epoch 49: 188.0374
epoch: 50 s: 0 batch_loss 0.30539554357528687 BPR_loss 0.27176570892333984 reg_loss 0.03362981975078583
epoch: 50 s: 256000 batch_loss 0.2895095646381378 BPR_loss 0.25565919280052185 reg_loss 0.03385038301348686
epoch: 50 s: 512000 batch_loss 0.3272557258605957 BPR_loss 0.2932433784008026 reg_loss 0.03401235491037369
epoch: 50 s: 768000 batch_loss 0.30189648270606995 BPR_loss 0.26815032958984375 reg_loss 0.0337461419403553
epoch: 50 s: 1024000 batch_loss 0.3045235276222229 BPR_loss 0.2710452079772949 reg_loss 0.03347831964492798
+-------+--------------------+-------------------+--------------------+------------------------------------+------------------------------------+------------------------------------+------------------------------------+
| Epoch |  training time(s)  |   tesing time(s)  |        Loss        |               recall               |                ndcg                |             precision              |             hit_ratio              |
+-------+--------------------+-------------------+--------------------+------------------------------------+------------------------------------+------------------------------------+------------------------------------+
|   50  | 193.04021048545837 | 46.93845057487488 | 186.25967407226562 | [0.06634424 0.10910249 0.14344422] | [0.05444038 0.07055424 0.08256729] | [0.02969559 0.02460212 0.02170803] | [0.40078312 0.54784009 0.63411014] |
+-------+--------------------+-------------------+--------------------+------------------------------------+------------------------------------+------------------------------------+------------------------------------+
epoch: 51 s: 0 batch_loss 0.2937830686569214 BPR_loss 0.2597614526748657 reg_loss 0.034021615982055664
epoch: 51 s: 256000 batch_loss 0.2947719991207123 BPR_loss 0.25987476110458374 reg_loss 0.034897226840257645
epoch: 51 s: 512000 batch_loss 0.3035346567630768 BPR_loss 0.27004119753837585 reg_loss 0.03349345549941063
epoch: 51 s: 768000 batch_loss 0.3094760477542877 BPR_loss 0.275221049785614 reg_loss 0.0342550091445446
epoch: 51 s: 1024000 batch_loss 0.3038727641105652 BPR_loss 0.26967716217041016 reg_loss 0.034195609390735626
using time 195.3690s, training loss at epoch 51: 184.4190
epoch: 52 s: 0 batch_loss 0.3069256842136383 BPR_loss 0.2724737823009491 reg_loss 0.03445190191268921
epoch: 52 s: 256000 batch_loss 0.309768408536911 BPR_loss 0.2750808894634247 reg_loss 0.03468751162290573
epoch: 52 s: 512000 batch_loss 0.297218382358551 BPR_loss 0.26211458444595337 reg_loss 0.03510378673672676
epoch: 52 s: 768000 batch_loss 0.29772093892097473 BPR_loss 0.2628430426120758 reg_loss 0.03487788513302803
epoch: 52 s: 1024000 batch_loss 0.3102395832538605 BPR_loss 0.27526792883872986 reg_loss 0.03497166559100151
using time 194.9584s, training loss at epoch 52: 182.6871
epoch: 53 s: 0 batch_loss 0.294185608625412 BPR_loss 0.25846898555755615 reg_loss 0.035716619342565536
epoch: 53 s: 256000 batch_loss 0.3005383610725403 BPR_loss 0.2645125091075897 reg_loss 0.03602586314082146
epoch: 53 s: 512000 batch_loss 0.30855265259742737 BPR_loss 0.2737339437007904 reg_loss 0.03481872007250786
epoch: 53 s: 768000 batch_loss 0.30301928520202637 BPR_loss 0.26793310046195984 reg_loss 0.03508617356419563
epoch: 53 s: 1024000 batch_loss 0.29590699076652527 BPR_loss 0.26069897413253784 reg_loss 0.035208020359277725
using time 193.9720s, training loss at epoch 53: 181.2662
epoch: 54 s: 0 batch_loss 0.3009082078933716 BPR_loss 0.2657264471054077 reg_loss 0.03518176078796387
epoch: 54 s: 256000 batch_loss 0.3047838807106018 BPR_loss 0.2693379521369934 reg_loss 0.0354459173977375
epoch: 54 s: 512000 batch_loss 0.2870020270347595 BPR_loss 0.25131458044052124 reg_loss 0.03568744286894798
epoch: 54 s: 768000 batch_loss 0.29998651146888733 BPR_loss 0.263886958360672 reg_loss 0.03609955310821533
epoch: 54 s: 1024000 batch_loss 0.2938378155231476 BPR_loss 0.2589071989059448 reg_loss 0.034930627793073654
using time 194.6922s, training loss at epoch 54: 179.7815
epoch: 55 s: 0 batch_loss 0.3049953877925873 BPR_loss 0.26902198791503906 reg_loss 0.03597339242696762
epoch: 55 s: 256000 batch_loss 0.2925887703895569 BPR_loss 0.2557997405529022 reg_loss 0.03678902983665466
epoch: 55 s: 512000 batch_loss 0.29646819829940796 BPR_loss 0.25968271493911743 reg_loss 0.036785487085580826
epoch: 55 s: 768000 batch_loss 0.3053278625011444 BPR_loss 0.26767751574516296 reg_loss 0.03765033930540085
epoch: 55 s: 1024000 batch_loss 0.2910136580467224 BPR_loss 0.2552560567855835 reg_loss 0.03575759753584862
+-------+--------------------+--------------------+--------------------+------------------------------------+------------------------------------+------------------------------------+------------------------------------+
| Epoch |  training time(s)  |   tesing time(s)   |        Loss        |               recall               |                ndcg                |             precision              |             hit_ratio              |
+-------+--------------------+--------------------+--------------------+------------------------------------+------------------------------------+------------------------------------+------------------------------------+
|   55  | 193.68611359596252 | 47.276633501052856 | 178.03216552734375 | [0.06630935 0.10936207 0.14361535] | [0.0545005  0.07071299 0.08269207] | [0.02969401 0.02463765 0.02172277] | [0.40100417 0.54885057 0.63423645] |
+-------+--------------------+--------------------+--------------------+------------------------------------+------------------------------------+------------------------------------+------------------------------------+
epoch: 56 s: 0 batch_loss 0.2929043173789978 BPR_loss 0.25595974922180176 reg_loss 0.03694455325603485
epoch: 56 s: 256000 batch_loss 0.2981480658054352 BPR_loss 0.2613217830657959 reg_loss 0.03682628646492958
epoch: 56 s: 512000 batch_loss 0.3022902309894562 BPR_loss 0.2665117383003235 reg_loss 0.03577850013971329
epoch: 56 s: 768000 batch_loss 0.2948003113269806 BPR_loss 0.2576372027397156 reg_loss 0.03716311976313591
epoch: 56 s: 1024000 batch_loss 0.30344831943511963 BPR_loss 0.26739996671676636 reg_loss 0.036048345267772675
using time 195.1749s, training loss at epoch 56: 176.8012
epoch: 57 s: 0 batch_loss 0.29530563950538635 BPR_loss 0.25812333822250366 reg_loss 0.03718230128288269
epoch: 57 s: 256000 batch_loss 0.28502607345581055 BPR_loss 0.2483537793159485 reg_loss 0.03667229786515236
epoch: 57 s: 512000 batch_loss 0.2887742519378662 BPR_loss 0.2516580820083618 reg_loss 0.03711618483066559
epoch: 57 s: 768000 batch_loss 0.29670777916908264 BPR_loss 0.2604607939720154 reg_loss 0.03624698519706726
epoch: 57 s: 1024000 batch_loss 0.2841683328151703 BPR_loss 0.24708764255046844 reg_loss 0.03708069398999214
using time 195.1434s, training loss at epoch 57: 175.4392
epoch: 58 s: 0 batch_loss 0.2879526615142822 BPR_loss 0.2513038218021393 reg_loss 0.03664883226156235
epoch: 58 s: 256000 batch_loss 0.30280569195747375 BPR_loss 0.26569104194641113 reg_loss 0.037114642560482025
epoch: 58 s: 512000 batch_loss 0.2755400538444519 BPR_loss 0.23880831897258759 reg_loss 0.036731746047735214
epoch: 58 s: 768000 batch_loss 0.29009148478507996 BPR_loss 0.25268054008483887 reg_loss 0.03741093724966049
epoch: 58 s: 1024000 batch_loss 0.28701478242874146 BPR_loss 0.24930959939956665 reg_loss 0.0377051942050457
using time 194.1067s, training loss at epoch 58: 173.5931
epoch: 59 s: 0 batch_loss 0.2917039692401886 BPR_loss 0.25528484582901 reg_loss 0.03641911596059799
epoch: 59 s: 256000 batch_loss 0.2864410877227783 BPR_loss 0.2493591010570526 reg_loss 0.03708198294043541
epoch: 59 s: 512000 batch_loss 0.28366899490356445 BPR_loss 0.24604882299900055 reg_loss 0.03762016445398331
epoch: 59 s: 768000 batch_loss 0.28718802332878113 BPR_loss 0.24938906729221344 reg_loss 0.03779896721243858
epoch: 59 s: 1024000 batch_loss 0.2919035255908966 BPR_loss 0.2548024654388428 reg_loss 0.03710104897618294
using time 196.4343s, training loss at epoch 59: 172.4410
epoch: 60 s: 0 batch_loss 0.2807701528072357 BPR_loss 0.24252265691757202 reg_loss 0.038247495889663696
epoch: 60 s: 256000 batch_loss 0.29053112864494324 BPR_loss 0.253069669008255 reg_loss 0.03746145963668823
epoch: 60 s: 512000 batch_loss 0.27543818950653076 BPR_loss 0.23726990818977356 reg_loss 0.038168277591466904
epoch: 60 s: 768000 batch_loss 0.2823806405067444 BPR_loss 0.24524855613708496 reg_loss 0.037132084369659424
epoch: 60 s: 1024000 batch_loss 0.27739211916923523 BPR_loss 0.23863911628723145 reg_loss 0.038752999156713486
+-------+--------------------+-------------------+-------------------+------------------------------------+------------------------------------+------------------------------------+------------------------------------+
| Epoch |  training time(s)  |   tesing time(s)  |        Loss       |               recall               |                ndcg                |             precision              |             hit_ratio              |
+-------+--------------------+-------------------+-------------------+------------------------------------+------------------------------------+------------------------------------+------------------------------------+
|   60  | 194.42070055007935 | 43.02134871482849 | 171.0538330078125 | [0.06652    0.10906711 0.14376475] | [0.05465227 0.07067918 0.08281971] | [0.02974138 0.0245666  0.02173435] | [0.40147783 0.54714538 0.63429961] |
+-------+--------------------+-------------------+-------------------+------------------------------------+------------------------------------+------------------------------------+------------------------------------+
epoch: 61 s: 0 batch_loss 0.2754260301589966 BPR_loss 0.23711201548576355 reg_loss 0.03831401839852333
epoch: 61 s: 256000 batch_loss 0.2706229090690613 BPR_loss 0.23216404020786285 reg_loss 0.038458868861198425
epoch: 61 s: 512000 batch_loss 0.2767774760723114 BPR_loss 0.23809799551963806 reg_loss 0.03867948427796364
epoch: 61 s: 768000 batch_loss 0.2887234687805176 BPR_loss 0.25032278895378113 reg_loss 0.03840068727731705
epoch: 61 s: 1024000 batch_loss 0.28166434168815613 BPR_loss 0.2428707331418991 reg_loss 0.038793615996837616
using time 195.4342s, training loss at epoch 61: 169.7256
epoch: 62 s: 0 batch_loss 0.2785314619541168 BPR_loss 0.239926278591156 reg_loss 0.03860519453883171
epoch: 62 s: 256000 batch_loss 0.2808740735054016 BPR_loss 0.24101148545742035 reg_loss 0.039862602949142456
epoch: 62 s: 512000 batch_loss 0.2852257192134857 BPR_loss 0.24553710222244263 reg_loss 0.03968862071633339
epoch: 62 s: 768000 batch_loss 0.2664937973022461 BPR_loss 0.22672507166862488 reg_loss 0.03976873680949211
epoch: 62 s: 1024000 batch_loss 0.29013532400131226 BPR_loss 0.25154149532318115 reg_loss 0.03859381750226021
using time 195.5663s, training loss at epoch 62: 168.2410
epoch: 63 s: 0 batch_loss 0.27336379885673523 BPR_loss 0.23501256108283997 reg_loss 0.03835124894976616
epoch: 63 s: 256000 batch_loss 0.2931140661239624 BPR_loss 0.25335749983787537 reg_loss 0.03975657746195793
epoch: 63 s: 512000 batch_loss 0.267408162355423 BPR_loss 0.22889316082000732 reg_loss 0.03851500153541565
epoch: 63 s: 768000 batch_loss 0.27512383460998535 BPR_loss 0.23561643064022064 reg_loss 0.039507415145635605
epoch: 63 s: 1024000 batch_loss 0.2683977484703064 BPR_loss 0.22883334755897522 reg_loss 0.03956438601016998
using time 193.5150s, training loss at epoch 63: 167.0495
epoch: 64 s: 0 batch_loss 0.2747201919555664 BPR_loss 0.2350713014602661 reg_loss 0.039648883044719696
epoch: 64 s: 256000 batch_loss 0.2874622344970703 BPR_loss 0.24738183617591858 reg_loss 0.04008038714528084
epoch: 64 s: 512000 batch_loss 0.2784786820411682 BPR_loss 0.2386152297258377 reg_loss 0.039863452315330505
epoch: 64 s: 768000 batch_loss 0.27805525064468384 BPR_loss 0.23903164267539978 reg_loss 0.03902362287044525
epoch: 64 s: 1024000 batch_loss 0.27202293276786804 BPR_loss 0.23183545470237732 reg_loss 0.04018748179078102
using time 195.9839s, training loss at epoch 64: 165.9664
epoch: 65 s: 0 batch_loss 0.2748316824436188 BPR_loss 0.23511064052581787 reg_loss 0.03972103074193001
epoch: 65 s: 256000 batch_loss 0.2808384597301483 BPR_loss 0.2405526489019394 reg_loss 0.04028581455349922
epoch: 65 s: 512000 batch_loss 0.2749517560005188 BPR_loss 0.23476940393447876 reg_loss 0.04018234834074974
epoch: 65 s: 768000 batch_loss 0.27535396814346313 BPR_loss 0.2364528775215149 reg_loss 0.03890109807252884
epoch: 65 s: 1024000 batch_loss 0.27419841289520264 BPR_loss 0.2340429127216339 reg_loss 0.04015548899769783
+-------+--------------------+-------------------+--------------------+------------------------------------+------------------------------------+------------------------------------+------------------------------------+
| Epoch |  training time(s)  |   tesing time(s)  |        Loss        |               recall               |                ndcg                |             precision              |             hit_ratio              |
+-------+--------------------+-------------------+--------------------+------------------------------------+------------------------------------+------------------------------------+------------------------------------+
|   65  | 195.56793975830078 | 45.39249038696289 | 164.52711486816406 | [0.06651913 0.10911873 0.14361299] | [0.05462479 0.07067503 0.08273352] | [0.02973191 0.02458318 0.0217054 ] | [0.40173045 0.5469875  0.63439434] |
+-------+--------------------+-------------------+--------------------+------------------------------------+------------------------------------+------------------------------------+------------------------------------+
epoch: 66 s: 0 batch_loss 0.25564906001091003 BPR_loss 0.21479357779026031 reg_loss 0.040855493396520615
epoch: 66 s: 256000 batch_loss 0.26600486040115356 BPR_loss 0.22548316419124603 reg_loss 0.040521688759326935
epoch: 66 s: 512000 batch_loss 0.2554803788661957 BPR_loss 0.21497909724712372 reg_loss 0.04050128161907196
epoch: 66 s: 768000 batch_loss 0.2706097662448883 BPR_loss 0.2303759753704071 reg_loss 0.0402338020503521
epoch: 66 s: 1024000 batch_loss 0.2744613289833069 BPR_loss 0.2335772067308426 reg_loss 0.0408841110765934
using time 191.6730s, training loss at epoch 66: 163.6631
epoch: 67 s: 0 batch_loss 0.2681153118610382 BPR_loss 0.22645573318004608 reg_loss 0.04165957495570183
epoch: 67 s: 256000 batch_loss 0.25718259811401367 BPR_loss 0.2168409824371338 reg_loss 0.040341611951589584
epoch: 67 s: 512000 batch_loss 0.27699488401412964 BPR_loss 0.23620596528053284 reg_loss 0.0407889261841774
epoch: 67 s: 768000 batch_loss 0.2740170359611511 BPR_loss 0.23449134826660156 reg_loss 0.039525676518678665
epoch: 67 s: 1024000 batch_loss 0.26487234234809875 BPR_loss 0.22389662265777588 reg_loss 0.04097570851445198
using time 191.5675s, training loss at epoch 67: 162.0481
epoch: 68 s: 0 batch_loss 0.2715965509414673 BPR_loss 0.23120112717151642 reg_loss 0.04039541631937027
epoch: 68 s: 256000 batch_loss 0.26439398527145386 BPR_loss 0.22291091084480286 reg_loss 0.04148305952548981
epoch: 68 s: 512000 batch_loss 0.2638367712497711 BPR_loss 0.22218799591064453 reg_loss 0.041648779064416885
epoch: 68 s: 768000 batch_loss 0.26354214549064636 BPR_loss 0.22231948375701904 reg_loss 0.041222669184207916
epoch: 68 s: 1024000 batch_loss 0.277923047542572 BPR_loss 0.23636490106582642 reg_loss 0.04155814275145531
using time 191.6143s, training loss at epoch 68: 160.9079
epoch: 69 s: 0 batch_loss 0.28017961978912354 BPR_loss 0.23930326104164124 reg_loss 0.040876373648643494
epoch: 69 s: 256000 batch_loss 0.26644593477249146 BPR_loss 0.22549724578857422 reg_loss 0.040948692709207535
epoch: 69 s: 512000 batch_loss 0.25832808017730713 BPR_loss 0.21744903922080994 reg_loss 0.040879055857658386
epoch: 69 s: 768000 batch_loss 0.2669139802455902 BPR_loss 0.2256188988685608 reg_loss 0.04129508510231972
epoch: 69 s: 1024000 batch_loss 0.2558504343032837 BPR_loss 0.21511735022068024 reg_loss 0.040733080357313156
using time 191.7240s, training loss at epoch 69: 159.9635
epoch: 70 s: 0 batch_loss 0.25587552785873413 BPR_loss 0.2141072154045105 reg_loss 0.04176831617951393
epoch: 70 s: 256000 batch_loss 0.25628405809402466 BPR_loss 0.21462482213974 reg_loss 0.04165924713015556
epoch: 70 s: 512000 batch_loss 0.26171886920928955 BPR_loss 0.22095099091529846 reg_loss 0.04076789319515228
epoch: 70 s: 768000 batch_loss 0.25792357325553894 BPR_loss 0.2161908745765686 reg_loss 0.041732702404260635
epoch: 70 s: 1024000 batch_loss 0.2584851384162903 BPR_loss 0.2160346955060959 reg_loss 0.042450450360774994
+-------+--------------------+-------------------+--------------------+------------------------------------+------------------------------------+------------------------------------+------------------------------------+
| Epoch |  training time(s)  |   tesing time(s)  |        Loss        |               recall               |                ndcg                |             precision              |             hit_ratio              |
+-------+--------------------+-------------------+--------------------+------------------------------------+------------------------------------+------------------------------------+------------------------------------+
|   70  | 191.91776371002197 | 41.38251209259033 | 158.64212036132812 | [0.06662092 0.10917356 0.14386953] | [0.05481258 0.0708484  0.08297303] | [0.02974296 0.02458633 0.02173119] | [0.40258305 0.547398   0.63565745] |
+-------+--------------------+-------------------+--------------------+------------------------------------+------------------------------------+------------------------------------+------------------------------------+
epoch: 71 s: 0 batch_loss 0.2572915554046631 BPR_loss 0.21457518637180328 reg_loss 0.042716383934020996
epoch: 71 s: 256000 batch_loss 0.27119773626327515 BPR_loss 0.2296796441078186 reg_loss 0.041518088430166245
epoch: 71 s: 512000 batch_loss 0.2668919861316681 BPR_loss 0.22344782948493958 reg_loss 0.04344415292143822
epoch: 71 s: 768000 batch_loss 0.2648785710334778 BPR_loss 0.2221592664718628 reg_loss 0.042719289660453796
epoch: 71 s: 1024000 batch_loss 0.25734850764274597 BPR_loss 0.2142947018146515 reg_loss 0.043053802102804184
using time 191.4478s, training loss at epoch 71: 157.7249
epoch: 72 s: 0 batch_loss 0.2545655071735382 BPR_loss 0.21373310685157776 reg_loss 0.040832389146089554
epoch: 72 s: 256000 batch_loss 0.253425270318985 BPR_loss 0.21086490154266357 reg_loss 0.042560361325740814
epoch: 72 s: 512000 batch_loss 0.253199964761734 BPR_loss 0.21055231988430023 reg_loss 0.04264764115214348
epoch: 72 s: 768000 batch_loss 0.27020928263664246 BPR_loss 0.22832897305488586 reg_loss 0.04188031330704689
epoch: 72 s: 1024000 batch_loss 0.2633174955844879 BPR_loss 0.21984314918518066 reg_loss 0.04347434639930725
using time 191.7629s, training loss at epoch 72: 156.6105
epoch: 73 s: 0 batch_loss 0.26112276315689087 BPR_loss 0.21996337175369263 reg_loss 0.04115938022732735
epoch: 73 s: 256000 batch_loss 0.24833039939403534 BPR_loss 0.2047504037618637 reg_loss 0.04357999190688133
epoch: 73 s: 512000 batch_loss 0.263523668050766 BPR_loss 0.22013524174690247 reg_loss 0.04338841512799263
epoch: 73 s: 768000 batch_loss 0.255452424287796 BPR_loss 0.21221064031124115 reg_loss 0.043241776525974274
epoch: 73 s: 1024000 batch_loss 0.26104071736335754 BPR_loss 0.21707278490066528 reg_loss 0.04396792873740196
using time 191.8977s, training loss at epoch 73: 155.6053
epoch: 74 s: 0 batch_loss 0.2569129765033722 BPR_loss 0.21442662179470062 reg_loss 0.04248636215925217
epoch: 74 s: 256000 batch_loss 0.25576621294021606 BPR_loss 0.21318000555038452 reg_loss 0.04258621111512184
epoch: 74 s: 512000 batch_loss 0.2588868737220764 BPR_loss 0.21640729904174805 reg_loss 0.04247958958148956
epoch: 74 s: 768000 batch_loss 0.2701685428619385 BPR_loss 0.2274257242679596 reg_loss 0.04274282231926918
epoch: 74 s: 1024000 batch_loss 0.25602906942367554 BPR_loss 0.2113877534866333 reg_loss 0.04464132711291313
using time 192.4106s, training loss at epoch 74: 154.5024
epoch: 75 s: 0 batch_loss 0.25891053676605225 BPR_loss 0.21554574370384216 reg_loss 0.043364789336919785
epoch: 75 s: 256000 batch_loss 0.2578173577785492 BPR_loss 0.2144714742898941 reg_loss 0.04334589093923569
epoch: 75 s: 512000 batch_loss 0.2669370472431183 BPR_loss 0.22422173619270325 reg_loss 0.042715318500995636
epoch: 75 s: 768000 batch_loss 0.27007949352264404 BPR_loss 0.22646105289459229 reg_loss 0.04361843690276146
epoch: 75 s: 1024000 batch_loss 0.25614818930625916 BPR_loss 0.21276433765888214 reg_loss 0.04338386282324791
+-------+--------------------+-------------------+--------------------+------------------------------------+------------------------------------+------------------------------------+------------------------------------+
| Epoch |  training time(s)  |   tesing time(s)  |        Loss        |               recall               |                ndcg                |             precision              |             hit_ratio              |
+-------+--------------------+-------------------+--------------------+------------------------------------+------------------------------------+------------------------------------+------------------------------------+
|   75  | 191.61032128334045 | 40.88160800933838 | 153.30125427246094 | [0.06657429 0.1092391  0.14408346] | [0.05475789 0.07085586 0.08299611] | [0.02973191 0.02460765 0.02173224] | [0.40217254 0.54717696 0.63698371] |
+-------+--------------------+-------------------+--------------------+------------------------------------+------------------------------------+------------------------------------+------------------------------------+
epoch: 76 s: 0 batch_loss 0.2630619704723358 BPR_loss 0.21922598779201508 reg_loss 0.04383599013090134
epoch: 76 s: 256000 batch_loss 0.26094475388526917 BPR_loss 0.2176937758922577 reg_loss 0.04325097054243088
epoch: 76 s: 512000 batch_loss 0.25361692905426025 BPR_loss 0.20938828587532043 reg_loss 0.044228650629520416
epoch: 76 s: 768000 batch_loss 0.24438396096229553 BPR_loss 0.1997944414615631 reg_loss 0.04458952695131302
epoch: 76 s: 1024000 batch_loss 0.25764474272727966 BPR_loss 0.21356549859046936 reg_loss 0.0440792515873909
using time 191.7012s, training loss at epoch 76: 152.3885
epoch: 77 s: 0 batch_loss 0.25216543674468994 BPR_loss 0.20643620193004608 reg_loss 0.045729245990514755
epoch: 77 s: 256000 batch_loss 0.25210559368133545 BPR_loss 0.20830178260803223 reg_loss 0.043803825974464417
epoch: 77 s: 512000 batch_loss 0.24970734119415283 BPR_loss 0.2049332857131958 reg_loss 0.044774048030376434
epoch: 77 s: 768000 batch_loss 0.24017956852912903 BPR_loss 0.1967131495475769 reg_loss 0.04346642270684242
epoch: 77 s: 1024000 batch_loss 0.248147115111351 BPR_loss 0.20391130447387695 reg_loss 0.04423581436276436
using time 191.0056s, training loss at epoch 77: 151.4003
epoch: 78 s: 0 batch_loss 0.2569068968296051 BPR_loss 0.21274980902671814 reg_loss 0.04415707662701607
epoch: 78 s: 256000 batch_loss 0.24880599975585938 BPR_loss 0.20509035885334015 reg_loss 0.043715640902519226
epoch: 78 s: 512000 batch_loss 0.2528074383735657 BPR_loss 0.20909959077835083 reg_loss 0.043707847595214844
epoch: 78 s: 768000 batch_loss 0.24317601323127747 BPR_loss 0.19898080825805664 reg_loss 0.04419520124793053
epoch: 78 s: 1024000 batch_loss 0.26448869705200195 BPR_loss 0.22046048939228058 reg_loss 0.04402819648385048
using time 192.1556s, training loss at epoch 78: 150.4192
epoch: 79 s: 0 batch_loss 0.24860045313835144 BPR_loss 0.2032950073480606 reg_loss 0.045305438339710236
epoch: 79 s: 256000 batch_loss 0.24271535873413086 BPR_loss 0.1985510289669037 reg_loss 0.044164322316646576
epoch: 79 s: 512000 batch_loss 0.25598564743995667 BPR_loss 0.21189704537391663 reg_loss 0.04408859834074974
epoch: 79 s: 768000 batch_loss 0.25074902176856995 BPR_loss 0.20614781975746155 reg_loss 0.0446011908352375
epoch: 79 s: 1024000 batch_loss 0.25110480189323425 BPR_loss 0.20689918100833893 reg_loss 0.04420560970902443
using time 191.4450s, training loss at epoch 79: 149.3634
epoch: 80 s: 0 batch_loss 0.2370244562625885 BPR_loss 0.19235698878765106 reg_loss 0.04466746747493744
epoch: 80 s: 256000 batch_loss 0.2616458535194397 BPR_loss 0.21733295917510986 reg_loss 0.04431290924549103
epoch: 80 s: 512000 batch_loss 0.2527560591697693 BPR_loss 0.20811688899993896 reg_loss 0.044639166444540024
epoch: 80 s: 768000 batch_loss 0.2544078230857849 BPR_loss 0.2096196711063385 reg_loss 0.044788144528865814
epoch: 80 s: 1024000 batch_loss 0.24682286381721497 BPR_loss 0.20134475827217102 reg_loss 0.04547811299562454
+-------+--------------------+--------------------+------------------+------------------------------------+------------------------------------+------------------------------------+------------------------------------+
| Epoch |  training time(s)  |   tesing time(s)   |       Loss       |               recall               |                ndcg                |             precision              |             hit_ratio              |
+-------+--------------------+--------------------+------------------+------------------------------------+------------------------------------+------------------------------------+------------------------------------+
|   80  | 191.82597136497498 | 44.657601833343506 | 148.578369140625 | [0.06656078 0.10905607 0.14375662] | [0.05466232 0.07071274 0.08279303] | [0.02970033 0.02456975 0.02167014] | [0.4019515  0.54648225 0.63701528] |
+-------+--------------------+--------------------+------------------+------------------------------------+------------------------------------+------------------------------------+------------------------------------+
epoch: 81 s: 0 batch_loss 0.2371472716331482 BPR_loss 0.19262269139289856 reg_loss 0.04452458769083023
epoch: 81 s: 256000 batch_loss 0.23602256178855896 BPR_loss 0.18940487504005432 reg_loss 0.04661767929792404
epoch: 81 s: 512000 batch_loss 0.2389456331729889 BPR_loss 0.19386151432991028 reg_loss 0.04508411884307861
epoch: 81 s: 768000 batch_loss 0.24500280618667603 BPR_loss 0.19948701560497284 reg_loss 0.045515790581703186
epoch: 81 s: 1024000 batch_loss 0.2434992790222168 BPR_loss 0.19853639602661133 reg_loss 0.04496287554502487
using time 192.0066s, training loss at epoch 81: 147.6451
epoch: 82 s: 0 batch_loss 0.25024279952049255 BPR_loss 0.20515574514865875 reg_loss 0.0450870543718338
epoch: 82 s: 256000 batch_loss 0.24485252797603607 BPR_loss 0.19969365000724792 reg_loss 0.04515887796878815
epoch: 82 s: 512000 batch_loss 0.24063147604465485 BPR_loss 0.19476181268692017 reg_loss 0.04586965963244438
epoch: 82 s: 768000 batch_loss 0.24163539707660675 BPR_loss 0.19499440491199493 reg_loss 0.04664098843932152
epoch: 82 s: 1024000 batch_loss 0.24022716283798218 BPR_loss 0.19532188773155212 reg_loss 0.04490526765584946
using time 191.9320s, training loss at epoch 82: 146.5324
epoch: 83 s: 0 batch_loss 0.24419212341308594 BPR_loss 0.19762316346168518 reg_loss 0.04656895995140076
epoch: 83 s: 256000 batch_loss 0.23919208347797394 BPR_loss 0.19339792430400848 reg_loss 0.045794155448675156
epoch: 83 s: 512000 batch_loss 0.24033068120479584 BPR_loss 0.19483396410942078 reg_loss 0.04549671337008476
epoch: 83 s: 768000 batch_loss 0.23345261812210083 BPR_loss 0.18580254912376404 reg_loss 0.047650061547756195
epoch: 83 s: 1024000 batch_loss 0.24457499384880066 BPR_loss 0.19882455468177795 reg_loss 0.045750442892313004
using time 191.9655s, training loss at epoch 83: 145.9702
epoch: 84 s: 0 batch_loss 0.22867627441883087 BPR_loss 0.18354839086532593 reg_loss 0.045127879828214645
epoch: 84 s: 256000 batch_loss 0.23876646161079407 BPR_loss 0.19278527796268463 reg_loss 0.04598117992281914
epoch: 84 s: 512000 batch_loss 0.22767053544521332 BPR_loss 0.1820467710494995 reg_loss 0.045623764395713806
epoch: 84 s: 768000 batch_loss 0.24870416522026062 BPR_loss 0.2032986581325531 reg_loss 0.04540550336241722
epoch: 84 s: 1024000 batch_loss 0.23758964240550995 BPR_loss 0.19093365967273712 reg_loss 0.046655986458063126
using time 191.5224s, training loss at epoch 84: 144.9936
epoch: 85 s: 0 batch_loss 0.2361195832490921 BPR_loss 0.19019487500190735 reg_loss 0.04592471197247505
epoch: 85 s: 256000 batch_loss 0.23647767305374146 BPR_loss 0.19147205352783203 reg_loss 0.04500561207532883
epoch: 85 s: 512000 batch_loss 0.23441261053085327 BPR_loss 0.18846313655376434 reg_loss 0.045949481427669525
epoch: 85 s: 768000 batch_loss 0.23563170433044434 BPR_loss 0.18992173671722412 reg_loss 0.045709967613220215
epoch: 85 s: 1024000 batch_loss 0.23571111261844635 BPR_loss 0.1899372637271881 reg_loss 0.04577384516596794
+-------+--------------------+-------------------+--------------------+------------------------------------+------------------------------------+------------------------------------+------------------------------------+
| Epoch |  training time(s)  |   tesing time(s)  |        Loss        |               recall               |                ndcg                |             precision              |             hit_ratio              |
+-------+--------------------+-------------------+--------------------+------------------------------------+------------------------------------+------------------------------------+------------------------------------+
|   85  | 191.09700059890747 | 40.87086772918701 | 144.09768676757812 | [0.06657068 0.10900928 0.14349157] | [0.05471462 0.07073678 0.08273434] | [0.0297177  0.02458081 0.02163225] | [0.40169888 0.54667172 0.63594164] |
+-------+--------------------+-------------------+--------------------+------------------------------------+------------------------------------+------------------------------------+------------------------------------+
epoch: 86 s: 0 batch_loss 0.24040283262729645 BPR_loss 0.19449201226234436 reg_loss 0.04591081663966179
epoch: 86 s: 256000 batch_loss 0.24832159280776978 BPR_loss 0.20124098658561707 reg_loss 0.04708060622215271
epoch: 86 s: 512000 batch_loss 0.23729310929775238 BPR_loss 0.1902349293231964 reg_loss 0.04705818369984627
epoch: 86 s: 768000 batch_loss 0.2357061207294464 BPR_loss 0.18929767608642578 reg_loss 0.04640844464302063
epoch: 86 s: 1024000 batch_loss 0.23544995486736298 BPR_loss 0.18839819729328156 reg_loss 0.04705176129937172
using time 192.4655s, training loss at epoch 86: 143.3382
epoch: 87 s: 0 batch_loss 0.23199984431266785 BPR_loss 0.18532857298851013 reg_loss 0.04667127504944801
epoch: 87 s: 256000 batch_loss 0.235142320394516 BPR_loss 0.1871185302734375 reg_loss 0.048023782670497894
epoch: 87 s: 512000 batch_loss 0.24110986292362213 BPR_loss 0.1948120892047882 reg_loss 0.04629777744412422
epoch: 87 s: 768000 batch_loss 0.24750980734825134 BPR_loss 0.20073290169239044 reg_loss 0.0467769019305706
epoch: 87 s: 1024000 batch_loss 0.2286011278629303 BPR_loss 0.18205729126930237 reg_loss 0.04654383286833763
using time 191.8116s, training loss at epoch 87: 142.1825
epoch: 88 s: 0 batch_loss 0.23934200406074524 BPR_loss 0.19367218017578125 reg_loss 0.04566982388496399
epoch: 88 s: 256000 batch_loss 0.2423577457666397 BPR_loss 0.19483959674835205 reg_loss 0.04751815274357796
epoch: 88 s: 512000 batch_loss 0.23167729377746582 BPR_loss 0.1852518618106842 reg_loss 0.04642543941736221
epoch: 88 s: 768000 batch_loss 0.23537033796310425 BPR_loss 0.18781568109989166 reg_loss 0.047554660588502884
epoch: 88 s: 1024000 batch_loss 0.2304219901561737 BPR_loss 0.18235966563224792 reg_loss 0.04806232824921608
using time 191.2877s, training loss at epoch 88: 141.5761
epoch: 89 s: 0 batch_loss 0.2382853776216507 BPR_loss 0.19118769466876984 reg_loss 0.04709767922759056
epoch: 89 s: 256000 batch_loss 0.22856326401233673 BPR_loss 0.18068638443946838 reg_loss 0.04787687957286835
epoch: 89 s: 512000 batch_loss 0.22802482545375824 BPR_loss 0.1808633655309677 reg_loss 0.04716145619750023
epoch: 89 s: 768000 batch_loss 0.23111578822135925 BPR_loss 0.18402637541294098 reg_loss 0.04708942025899887
epoch: 89 s: 1024000 batch_loss 0.23341768980026245 BPR_loss 0.1861451268196106 reg_loss 0.04727257043123245
using time 191.5155s, training loss at epoch 89: 141.1661
epoch: 90 s: 0 batch_loss 0.22206613421440125 BPR_loss 0.17422594130039215 reg_loss 0.04784020036458969
epoch: 90 s: 256000 batch_loss 0.23789101839065552 BPR_loss 0.19019834697246552 reg_loss 0.0476926751434803
epoch: 90 s: 512000 batch_loss 0.23884066939353943 BPR_loss 0.18970555067062378 reg_loss 0.049135126173496246
epoch: 90 s: 768000 batch_loss 0.23055152595043182 BPR_loss 0.1825551688671112 reg_loss 0.04799635335803032
epoch: 90 s: 1024000 batch_loss 0.22565782070159912 BPR_loss 0.1778908371925354 reg_loss 0.047766976058483124
+-------+--------------------+-------------------+--------------------+------------------------------------+------------------------------------+------------------------------------+------------------------------------+
| Epoch |  training time(s)  |   tesing time(s)  |        Loss        |               recall               |                ndcg                |             precision              |             hit_ratio              |
+-------+--------------------+-------------------+--------------------+------------------------------------+------------------------------------+------------------------------------+------------------------------------+
|   90  | 191.69795179367065 | 44.72431683540344 | 140.04689025878906 | [0.06638983 0.10877281 0.14325857] | [0.05460363 0.07062828 0.08264061] | [0.0296056  0.02451844 0.02159804] | [0.40097259 0.54474548 0.63502589] |
+-------+--------------------+-------------------+--------------------+------------------------------------+------------------------------------+------------------------------------+------------------------------------+
epoch: 91 s: 0 batch_loss 0.23137591779232025 BPR_loss 0.18335884809494019 reg_loss 0.048017069697380066
epoch: 91 s: 256000 batch_loss 0.22804483771324158 BPR_loss 0.17951977252960205 reg_loss 0.04852505773305893
epoch: 91 s: 512000 batch_loss 0.23442375659942627 BPR_loss 0.18818563222885132 reg_loss 0.04623812809586525
epoch: 91 s: 768000 batch_loss 0.22419428825378418 BPR_loss 0.1769675612449646 reg_loss 0.04722671955823898
epoch: 91 s: 1024000 batch_loss 0.23295530676841736 BPR_loss 0.18429848551750183 reg_loss 0.048656828701496124
using time 191.7439s, training loss at epoch 91: 139.1180
epoch: 92 s: 0 batch_loss 0.2262575924396515 BPR_loss 0.17925339937210083 reg_loss 0.04700419679284096
epoch: 92 s: 256000 batch_loss 0.22585734724998474 BPR_loss 0.17807623744010925 reg_loss 0.04778110980987549
epoch: 92 s: 512000 batch_loss 0.23040743172168732 BPR_loss 0.1828327775001526 reg_loss 0.04757465422153473
epoch: 92 s: 768000 batch_loss 0.22704675793647766 BPR_loss 0.17988038063049316 reg_loss 0.047166381031274796
epoch: 92 s: 1024000 batch_loss 0.23547425866127014 BPR_loss 0.18706592917442322 reg_loss 0.048408329486846924
using time 191.9502s, training loss at epoch 92: 138.3603
epoch: 93 s: 0 batch_loss 0.2252482920885086 BPR_loss 0.17640018463134766 reg_loss 0.04884811118245125
epoch: 93 s: 256000 batch_loss 0.22671416401863098 BPR_loss 0.1785396933555603 reg_loss 0.04817446321249008
epoch: 93 s: 512000 batch_loss 0.2220284342765808 BPR_loss 0.1743515133857727 reg_loss 0.047676924616098404
epoch: 93 s: 768000 batch_loss 0.22452253103256226 BPR_loss 0.17564892768859863 reg_loss 0.048873599618673325
epoch: 93 s: 1024000 batch_loss 0.23436248302459717 BPR_loss 0.1857617050409317 reg_loss 0.04860078543424606
using time 191.2538s, training loss at epoch 93: 137.5668
epoch: 94 s: 0 batch_loss 0.2223356068134308 BPR_loss 0.17278297245502472 reg_loss 0.049552638083696365
epoch: 94 s: 256000 batch_loss 0.21977804601192474 BPR_loss 0.17160792648792267 reg_loss 0.048170123249292374
epoch: 94 s: 512000 batch_loss 0.2293372005224228 BPR_loss 0.18077610433101654 reg_loss 0.04856109991669655
epoch: 94 s: 768000 batch_loss 0.2227683961391449 BPR_loss 0.1741877794265747 reg_loss 0.048580609261989594
epoch: 94 s: 1024000 batch_loss 0.22250185906887054 BPR_loss 0.17358985543251038 reg_loss 0.04891200363636017
using time 191.7328s, training loss at epoch 94: 136.6925
epoch: 95 s: 0 batch_loss 0.222025066614151 BPR_loss 0.17342454195022583 reg_loss 0.048600517213344574
epoch: 95 s: 256000 batch_loss 0.22590599954128265 BPR_loss 0.17592617869377136 reg_loss 0.04997982084751129
epoch: 95 s: 512000 batch_loss 0.21344515681266785 BPR_loss 0.16556206345558167 reg_loss 0.04788309335708618
epoch: 95 s: 768000 batch_loss 0.2216024398803711 BPR_loss 0.17427000403404236 reg_loss 0.04733242839574814
epoch: 95 s: 1024000 batch_loss 0.22891119122505188 BPR_loss 0.17976483702659607 reg_loss 0.04914636164903641
+-------+-------------------+-------------------+--------------------+------------------------------------+------------------------------------+------------------------------------+------------------------------------+
| Epoch |  training time(s) |   tesing time(s)  |        Loss        |               recall               |                ndcg                |             precision              |             hit_ratio              |
+-------+-------------------+-------------------+--------------------+------------------------------------+------------------------------------+------------------------------------+------------------------------------+
|   95  | 191.6220784187317 | 41.27875232696533 | 135.96725463867188 | [0.06634929 0.10849164 0.14331026] | [0.05459458 0.07052736 0.08266511] | [0.02959454 0.02444897 0.02161277] | [0.39996211 0.54382973 0.63452065] |
+-------+-------------------+-------------------+--------------------+------------------------------------+------------------------------------+------------------------------------+------------------------------------+
epoch: 96 s: 0 batch_loss 0.22618097066879272 BPR_loss 0.17777276039123535 reg_loss 0.04840821400284767
epoch: 96 s: 256000 batch_loss 0.2206418514251709 BPR_loss 0.17204217612743378 reg_loss 0.048599667847156525
epoch: 96 s: 512000 batch_loss 0.22084110975265503 BPR_loss 0.1710776686668396 reg_loss 0.04976343736052513
epoch: 96 s: 768000 batch_loss 0.21579746901988983 BPR_loss 0.16683009266853333 reg_loss 0.048967376351356506
epoch: 96 s: 1024000 batch_loss 0.22952863574028015 BPR_loss 0.1799791157245636 reg_loss 0.04954952001571655
using time 192.4783s, training loss at epoch 96: 135.4049
epoch: 97 s: 0 batch_loss 0.22215887904167175 BPR_loss 0.17419111728668213 reg_loss 0.047967758029699326
epoch: 97 s: 256000 batch_loss 0.21821382641792297 BPR_loss 0.16841721534729004 reg_loss 0.04979660362005234
epoch: 97 s: 512000 batch_loss 0.21772277355194092 BPR_loss 0.16918760538101196 reg_loss 0.04853516072034836
epoch: 97 s: 768000 batch_loss 0.22013041377067566 BPR_loss 0.17207588255405426 reg_loss 0.0480545274913311
epoch: 97 s: 1024000 batch_loss 0.2172156125307083 BPR_loss 0.16676433384418488 reg_loss 0.05045127868652344
using time 192.3156s, training loss at epoch 97: 134.6727
epoch: 98 s: 0 batch_loss 0.21669495105743408 BPR_loss 0.16756367683410645 reg_loss 0.049131281673908234
epoch: 98 s: 256000 batch_loss 0.21863692998886108 BPR_loss 0.16878582537174225 reg_loss 0.04985109716653824
epoch: 98 s: 512000 batch_loss 0.22241204977035522 BPR_loss 0.17378832399845123 reg_loss 0.04862372204661369
epoch: 98 s: 768000 batch_loss 0.23491820693016052 BPR_loss 0.1857110857963562 reg_loss 0.04920712858438492
epoch: 98 s: 1024000 batch_loss 0.2174389809370041 BPR_loss 0.16716763377189636 reg_loss 0.05027134343981743
using time 192.4675s, training loss at epoch 98: 133.9536
epoch: 99 s: 0 batch_loss 0.21978303790092468 BPR_loss 0.1703168749809265 reg_loss 0.049466170370578766
epoch: 99 s: 256000 batch_loss 0.23020093142986298 BPR_loss 0.1806250959634781 reg_loss 0.04957583546638489
epoch: 99 s: 512000 batch_loss 0.21942266821861267 BPR_loss 0.16933640837669373 reg_loss 0.05008625611662865
epoch: 99 s: 768000 batch_loss 0.21626494824886322 BPR_loss 0.16732776165008545 reg_loss 0.04893718659877777
epoch: 99 s: 1024000 batch_loss 0.22759507596492767 BPR_loss 0.17825794219970703 reg_loss 0.04933713376522064
using time 192.0998s, training loss at epoch 99: 133.2623
epoch: 100 s: 0 batch_loss 0.21858474612236023 BPR_loss 0.1689317524433136 reg_loss 0.04965298995375633
epoch: 100 s: 256000 batch_loss 0.21471954882144928 BPR_loss 0.16339129209518433 reg_loss 0.051328253000974655
epoch: 100 s: 512000 batch_loss 0.2153542935848236 BPR_loss 0.16543623805046082 reg_loss 0.049918048083782196
epoch: 100 s: 768000 batch_loss 0.2151050865650177 BPR_loss 0.16382429003715515 reg_loss 0.05128079652786255
epoch: 100 s: 1024000 batch_loss 0.2170770764350891 BPR_loss 0.1674121618270874 reg_loss 0.04966491088271141
+-------+--------------------+-------------------+-------------------+------------------------------------+------------------------------------+------------------------------------+------------------------------------+
| Epoch |  training time(s)  |   tesing time(s)  |        Loss       |               recall               |                ndcg                |             precision              |             hit_ratio              |
+-------+--------------------+-------------------+-------------------+------------------------------------+------------------------------------+------------------------------------+------------------------------------+
|  100  | 192.05620908737183 | 42.65050435066223 | 132.2953643798828 | [0.06639623 0.10886524 0.14292374] | [0.0546489  0.07066775 0.08256138] | [0.0296277  0.02450502 0.02157278] | [0.40037262 0.54562966 0.63291019] |
+-------+--------------------+-------------------+-------------------+------------------------------------+------------------------------------+------------------------------------+------------------------------------+
epoch: 101 s: 0 batch_loss 0.21199309825897217 BPR_loss 0.16153189539909363 reg_loss 0.05046121031045914
epoch: 101 s: 256000 batch_loss 0.22436709702014923 BPR_loss 0.17362844944000244 reg_loss 0.05073865130543709
epoch: 101 s: 512000 batch_loss 0.22331854701042175 BPR_loss 0.17327293753623962 reg_loss 0.05004560574889183
epoch: 101 s: 768000 batch_loss 0.21915578842163086 BPR_loss 0.16804414987564087 reg_loss 0.05111164599657059
epoch: 101 s: 1024000 batch_loss 0.21745164692401886 BPR_loss 0.16758188605308533 reg_loss 0.04986976087093353
using time 191.7515s, training loss at epoch 101: 132.0005
epoch: 102 s: 0 batch_loss 0.22614124417304993 BPR_loss 0.1773097962141037 reg_loss 0.048831451684236526
epoch: 102 s: 256000 batch_loss 0.22213131189346313 BPR_loss 0.17155545949935913 reg_loss 0.05057584494352341
epoch: 102 s: 512000 batch_loss 0.21321651339530945 BPR_loss 0.16316546499729156 reg_loss 0.05005104839801788
epoch: 102 s: 768000 batch_loss 0.21665117144584656 BPR_loss 0.16532878577709198 reg_loss 0.05132238566875458
epoch: 102 s: 1024000 batch_loss 0.21728339791297913 BPR_loss 0.16631340980529785 reg_loss 0.05096999183297157
using time 191.7506s, training loss at epoch 102: 131.2597
epoch: 103 s: 0 batch_loss 0.22143833339214325 BPR_loss 0.17109337449073792 reg_loss 0.05034496262669563
epoch: 103 s: 256000 batch_loss 0.2200496345758438 BPR_loss 0.16935108602046967 reg_loss 0.05069854483008385
epoch: 103 s: 512000 batch_loss 0.20640036463737488 BPR_loss 0.1549936681985855 reg_loss 0.051406700164079666
epoch: 103 s: 768000 batch_loss 0.21448923647403717 BPR_loss 0.164330393075943 reg_loss 0.050158847123384476
epoch: 103 s: 1024000 batch_loss 0.21736717224121094 BPR_loss 0.1673346757888794 reg_loss 0.05003250017762184
using time 191.6049s, training loss at epoch 103: 130.4640
epoch: 104 s: 0 batch_loss 0.21697595715522766 BPR_loss 0.1654580533504486 reg_loss 0.051517900079488754
epoch: 104 s: 256000 batch_loss 0.21165907382965088 BPR_loss 0.15882375836372375 reg_loss 0.052835315465927124
epoch: 104 s: 512000 batch_loss 0.22181394696235657 BPR_loss 0.17054352164268494 reg_loss 0.05127042159438133
epoch: 104 s: 768000 batch_loss 0.21371597051620483 BPR_loss 0.1634192168712616 reg_loss 0.05029675364494324
epoch: 104 s: 1024000 batch_loss 0.21241243183612823 BPR_loss 0.16132721304893494 reg_loss 0.0510852225124836
using time 191.4603s, training loss at epoch 104: 129.9511
epoch: 105 s: 0 batch_loss 0.20752549171447754 BPR_loss 0.15726926922798157 reg_loss 0.05025622993707657
epoch: 105 s: 256000 batch_loss 0.20621098577976227 BPR_loss 0.1562151163816452 reg_loss 0.04999586567282677
epoch: 105 s: 512000 batch_loss 0.2079286277294159 BPR_loss 0.15682701766490936 reg_loss 0.051101602613925934
epoch: 105 s: 768000 batch_loss 0.21374639868736267 BPR_loss 0.16327697038650513 reg_loss 0.05046943202614784
epoch: 105 s: 1024000 batch_loss 0.21482184529304504 BPR_loss 0.16382135450839996 reg_loss 0.05100048705935478
+-------+--------------------+------------------+--------------------+------------------------------------+------------------------------------+------------------------------------+------------------------------------+
| Epoch |  training time(s)  |  tesing time(s)  |        Loss        |               recall               |                ndcg                |             precision              |             hit_ratio              |
+-------+--------------------+------------------+--------------------+------------------------------------+------------------------------------+------------------------------------+------------------------------------+
|  105  | 191.49041414260864 | 42.4536247253418 | 129.15338134765625 | [0.06600115 0.10860053 0.14268325] | [0.05438366 0.07047515 0.08238446] | [0.02944455 0.02444029 0.02153804] | [0.39892005 0.54493495 0.63212075] |
+-------+--------------------+------------------+--------------------+------------------------------------+------------------------------------+------------------------------------+------------------------------------+
epoch: 106 s: 0 batch_loss 0.20551471412181854 BPR_loss 0.15485703945159912 reg_loss 0.05065767839550972
epoch: 106 s: 256000 batch_loss 0.20704272389411926 BPR_loss 0.15542413294315338 reg_loss 0.051618583500385284
epoch: 106 s: 512000 batch_loss 0.20746564865112305 BPR_loss 0.15570540726184845 reg_loss 0.0517602413892746
epoch: 106 s: 768000 batch_loss 0.2105739712715149 BPR_loss 0.15948531031608582 reg_loss 0.05108865350484848
epoch: 106 s: 1024000 batch_loss 0.22082412242889404 BPR_loss 0.1703910231590271 reg_loss 0.050433091819286346
using time 192.0841s, training loss at epoch 106: 128.5445
epoch: 107 s: 0 batch_loss 0.22374479472637177 BPR_loss 0.17296287417411804 reg_loss 0.050781916826963425
epoch: 107 s: 256000 batch_loss 0.20864230394363403 BPR_loss 0.15781286358833313 reg_loss 0.0508294403553009
epoch: 107 s: 512000 batch_loss 0.21679545938968658 BPR_loss 0.1656581312417984 reg_loss 0.05113733187317848
epoch: 107 s: 768000 batch_loss 0.2105000764131546 BPR_loss 0.15960508584976196 reg_loss 0.05089499056339264
epoch: 107 s: 1024000 batch_loss 0.21020367741584778 BPR_loss 0.15917310118675232 reg_loss 0.05103056877851486
using time 191.2283s, training loss at epoch 107: 128.1275
epoch: 108 s: 0 batch_loss 0.20903292298316956 BPR_loss 0.1573711782693863 reg_loss 0.051661740988492966
epoch: 108 s: 256000 batch_loss 0.22189615666866302 BPR_loss 0.17094005644321442 reg_loss 0.05095610395073891
epoch: 108 s: 512000 batch_loss 0.21005843579769135 BPR_loss 0.15730838477611542 reg_loss 0.052750054746866226
epoch: 108 s: 768000 batch_loss 0.2083454430103302 BPR_loss 0.15627321600914001 reg_loss 0.05207222327589989
epoch: 108 s: 1024000 batch_loss 0.20182061195373535 BPR_loss 0.15007279813289642 reg_loss 0.05174781382083893
using time 191.1815s, training loss at epoch 108: 127.4894
epoch: 109 s: 0 batch_loss 0.20870265364646912 BPR_loss 0.15742048621177673 reg_loss 0.05128217115998268
epoch: 109 s: 256000 batch_loss 0.21949809789657593 BPR_loss 0.1665949523448944 reg_loss 0.05290314927697182
epoch: 109 s: 512000 batch_loss 0.20272640883922577 BPR_loss 0.149878591299057 reg_loss 0.052847813814878464
epoch: 109 s: 768000 batch_loss 0.21082919836044312 BPR_loss 0.15934789180755615 reg_loss 0.051481302827596664
epoch: 109 s: 1024000 batch_loss 0.2143256664276123 BPR_loss 0.16269412636756897 reg_loss 0.051631540060043335
using time 191.9193s, training loss at epoch 109: 126.9877
epoch: 110 s: 0 batch_loss 0.21016865968704224 BPR_loss 0.15850728750228882 reg_loss 0.05166136473417282
epoch: 110 s: 256000 batch_loss 0.22515247762203217 BPR_loss 0.1728057861328125 reg_loss 0.052346691489219666
epoch: 110 s: 512000 batch_loss 0.2114141285419464 BPR_loss 0.15969577431678772 reg_loss 0.05171835049986839
epoch: 110 s: 768000 batch_loss 0.20963311195373535 BPR_loss 0.15730664134025574 reg_loss 0.05232646316289902
epoch: 110 s: 1024000 batch_loss 0.20280718803405762 BPR_loss 0.1511792242527008 reg_loss 0.05162797123193741
+-------+-------------------+-------------------+--------------------+------------------------------------+------------------------------------+------------------------------------+------------------------------------+
| Epoch |  training time(s) |   tesing time(s)  |        Loss        |               recall               |                ndcg                |             precision              |             hit_ratio              |
+-------+-------------------+-------------------+--------------------+------------------------------------+------------------------------------+------------------------------------+------------------------------------+
|  110  | 192.0095934867859 | 41.12996816635132 | 126.28494262695312 | [0.06584741 0.10827701 0.14250728] | [0.0541797  0.07019658 0.08214656] | [0.02942087 0.02438582 0.02150488] | [0.39832007 0.54424024 0.63167867] |
+-------+-------------------+-------------------+--------------------+------------------------------------+------------------------------------+------------------------------------+------------------------------------+
epoch: 111 s: 0 batch_loss 0.20525598526000977 BPR_loss 0.15381893515586853 reg_loss 0.05143705755472183
epoch: 111 s: 256000 batch_loss 0.2077954262495041 BPR_loss 0.15537536144256592 reg_loss 0.05242006108164787
epoch: 111 s: 512000 batch_loss 0.2113410234451294 BPR_loss 0.15990707278251648 reg_loss 0.05143395811319351
epoch: 111 s: 768000 batch_loss 0.20271536707878113 BPR_loss 0.15248149633407593 reg_loss 0.0502338670194149
epoch: 111 s: 1024000 batch_loss 0.20400796830654144 BPR_loss 0.15278609097003937 reg_loss 0.05122187361121178
using time 191.5761s, training loss at epoch 111: 125.6814
epoch: 112 s: 0 batch_loss 0.2107618749141693 BPR_loss 0.1588638871908188 reg_loss 0.051897983998060226
epoch: 112 s: 256000 batch_loss 0.20366428792476654 BPR_loss 0.15103375911712646 reg_loss 0.052630528807640076
epoch: 112 s: 512000 batch_loss 0.21336044371128082 BPR_loss 0.16009274125099182 reg_loss 0.0532676987349987
epoch: 112 s: 768000 batch_loss 0.21324197947978973 BPR_loss 0.15941038727760315 reg_loss 0.05383159592747688
epoch: 112 s: 1024000 batch_loss 0.20051437616348267 BPR_loss 0.1481432020664215 reg_loss 0.052371177822351456
using time 191.6766s, training loss at epoch 112: 125.0489
epoch: 113 s: 0 batch_loss 0.20502494275569916 BPR_loss 0.1532655656337738 reg_loss 0.051759373396635056
epoch: 113 s: 256000 batch_loss 0.21744848787784576 BPR_loss 0.1649908423423767 reg_loss 0.052457645535469055
epoch: 113 s: 512000 batch_loss 0.21029585599899292 BPR_loss 0.15747308731079102 reg_loss 0.0528227761387825
epoch: 113 s: 768000 batch_loss 0.21279782056808472 BPR_loss 0.15978866815567017 reg_loss 0.05300914868712425
epoch: 113 s: 1024000 batch_loss 0.2078697234392166 BPR_loss 0.15645289421081543 reg_loss 0.05141683295369148
using time 191.8372s, training loss at epoch 113: 124.7475
epoch: 114 s: 0 batch_loss 0.20814864337444305 BPR_loss 0.1557382494211197 reg_loss 0.05241039767861366
epoch: 114 s: 256000 batch_loss 0.21022237837314606 BPR_loss 0.15837517380714417 reg_loss 0.05184720829129219
epoch: 114 s: 512000 batch_loss 0.19370916485786438 BPR_loss 0.14134258031845093 reg_loss 0.052366580814123154
epoch: 114 s: 768000 batch_loss 0.20778971910476685 BPR_loss 0.15529683232307434 reg_loss 0.052492883056402206
epoch: 114 s: 1024000 batch_loss 0.20759141445159912 BPR_loss 0.1544124186038971 reg_loss 0.05317900329828262
using time 192.0689s, training loss at epoch 114: 124.1102
epoch: 115 s: 0 batch_loss 0.20167556405067444 BPR_loss 0.14899985492229462 reg_loss 0.05267571285367012
epoch: 115 s: 256000 batch_loss 0.20611199736595154 BPR_loss 0.15338966250419617 reg_loss 0.05272234231233597
epoch: 115 s: 512000 batch_loss 0.203636035323143 BPR_loss 0.15188294649124146 reg_loss 0.05175308883190155
epoch: 115 s: 768000 batch_loss 0.19617611169815063 BPR_loss 0.14364054799079895 reg_loss 0.052535563707351685
epoch: 115 s: 1024000 batch_loss 0.19430679082870483 BPR_loss 0.14204451441764832 reg_loss 0.05226228013634682
+-------+--------------------+--------------------+--------------------+------------------------------------+------------------------------------+------------------------------------+------------------------------------+
| Epoch |  training time(s)  |   tesing time(s)   |        Loss        |               recall               |                ndcg                |             precision              |             hit_ratio              |
+-------+--------------------+--------------------+--------------------+------------------------------------+------------------------------------+------------------------------------+------------------------------------+
|  115  | 192.15091514587402 | 40.983049631118774 | 123.62711334228516 | [0.065699   0.10826439 0.14212181] | [0.0540951  0.07014476 0.08196371] | [0.02939718 0.02437003 0.02144278] | [0.39825692 0.54367185 0.63076292] |
+-------+--------------------+--------------------+--------------------+------------------------------------+------------------------------------+------------------------------------+------------------------------------+
epoch: 116 s: 0 batch_loss 0.20587274432182312 BPR_loss 0.15258686244487762 reg_loss 0.053285885602235794
epoch: 116 s: 256000 batch_loss 0.20718832314014435 BPR_loss 0.15476606786251068 reg_loss 0.052422259002923965
epoch: 116 s: 512000 batch_loss 0.21132613718509674 BPR_loss 0.15859746932983398 reg_loss 0.052728671580553055
epoch: 116 s: 768000 batch_loss 0.20066653192043304 BPR_loss 0.14793582260608673 reg_loss 0.05273071303963661
epoch: 116 s: 1024000 batch_loss 0.19331428408622742 BPR_loss 0.13921473920345306 reg_loss 0.05409954860806465
using time 191.7803s, training loss at epoch 116: 123.0931
epoch: 117 s: 0 batch_loss 0.20650224387645721 BPR_loss 0.1533236801624298 reg_loss 0.0531785674393177
epoch: 117 s: 256000 batch_loss 0.20613539218902588 BPR_loss 0.15281495451927185 reg_loss 0.053320445120334625
epoch: 117 s: 512000 batch_loss 0.19273683428764343 BPR_loss 0.1400795429944992 reg_loss 0.05265729874372482
epoch: 117 s: 768000 batch_loss 0.217629075050354 BPR_loss 0.16470454633235931 reg_loss 0.05292452126741409
epoch: 117 s: 1024000 batch_loss 0.2093297690153122 BPR_loss 0.15652135014533997 reg_loss 0.05280841514468193
using time 192.0240s, training loss at epoch 117: 122.6101
epoch: 118 s: 0 batch_loss 0.21200460195541382 BPR_loss 0.15991559624671936 reg_loss 0.05208900198340416
epoch: 118 s: 256000 batch_loss 0.2046016901731491 BPR_loss 0.15069031715393066 reg_loss 0.05391137674450874
epoch: 118 s: 512000 batch_loss 0.2126845270395279 BPR_loss 0.15879210829734802 reg_loss 0.05389241874217987
epoch: 118 s: 768000 batch_loss 0.21264638006687164 BPR_loss 0.1598699986934662 reg_loss 0.052776385098695755
epoch: 118 s: 1024000 batch_loss 0.19939187169075012 BPR_loss 0.14570440351963043 reg_loss 0.05368747562170029
using time 191.2365s, training loss at epoch 118: 122.0234
epoch: 119 s: 0 batch_loss 0.2002183198928833 BPR_loss 0.14574605226516724 reg_loss 0.05447227507829666
epoch: 119 s: 256000 batch_loss 0.20341362059116364 BPR_loss 0.14994162321090698 reg_loss 0.05347200110554695
epoch: 119 s: 512000 batch_loss 0.20239591598510742 BPR_loss 0.14957837760448456 reg_loss 0.05281754583120346
epoch: 119 s: 768000 batch_loss 0.1929469108581543 BPR_loss 0.13827893137931824 reg_loss 0.05466797947883606
epoch: 119 s: 1024000 batch_loss 0.20080265402793884 BPR_loss 0.1470862179994583 reg_loss 0.05371643975377083
using time 192.0206s, training loss at epoch 119: 121.2077
epoch: 120 s: 0 batch_loss 0.2031017243862152 BPR_loss 0.14872527122497559 reg_loss 0.054376449435949326
epoch: 120 s: 256000 batch_loss 0.2032412886619568 BPR_loss 0.14975568652153015 reg_loss 0.053485602140426636
epoch: 120 s: 512000 batch_loss 0.2040964514017105 BPR_loss 0.1505950540304184 reg_loss 0.05350140109658241
epoch: 120 s: 768000 batch_loss 0.20260734856128693 BPR_loss 0.1481875777244568 reg_loss 0.05441977456212044
epoch: 120 s: 1024000 batch_loss 0.19430683553218842 BPR_loss 0.14019675552845 reg_loss 0.054110076278448105
+-------+--------------------+-------------------+--------------------+------------------------------------+------------------------------------+------------------------------------+------------------------------------+
| Epoch |  training time(s)  |   tesing time(s)  |        Loss        |               recall               |                ndcg                |             precision              |             hit_ratio              |
+-------+--------------------+-------------------+--------------------+------------------------------------+------------------------------------+------------------------------------+------------------------------------+
|  120  | 192.16055488586426 | 45.06808543205261 | 120.76367950439453 | [0.06561407 0.1082345  0.14196908] | [0.05401546 0.07007262 0.0818565 ] | [0.02935771 0.02435661 0.02142015] | [0.39753063 0.54304029 0.6299419 ] |
+-------+--------------------+-------------------+--------------------+------------------------------------+------------------------------------+------------------------------------+------------------------------------+
Early stopping is trigger at step: 10 log:0.06561406989938913
early stopping at 120, recall@20:0.0666
