Namespace(K=1, Ks='[20, 40, 60]', batch_size=2048, batch_test_flag=True, context_hops=3, cuda=True, data_path='data/', dataset='amazon', dim=64, edge_dropout=False, edge_dropout_rate=0.1, epoch=1000, eps=0.01, gnn='lightgcn', gpu_id=3, l2=0.0001, lr=0.001, mess_dropout=False, mess_dropout_rate=0.1, n_negs=16, ns='mixgcf', out_dir='./weights/yelp2018/', pool='mean', save=False, test_batch_size=2048, test_flag='part')
reading train and test user-item set ...
building the adj mat ...
loading over ...
卷积器不需要第0层embedding
拿这个最难的neg_item去和pos_item在每一个维度上自适应权重......
start training ...
epoch: 0 s: 0 batch_loss 0.6931480169296265 BPR_loss 0.6931480169296265 reg_loss 1.3972920598348537e-08
epoch: 0 s: 256000 batch_loss 0.6931473612785339 BPR_loss 0.6931473016738892 reg_loss 4.5336641107951436e-08
epoch: 0 s: 512000 batch_loss 0.6931449770927429 BPR_loss 0.6931447982788086 reg_loss 1.648364360562482e-07
epoch: 0 s: 768000 batch_loss 0.6931293606758118 BPR_loss 0.6931283473968506 reg_loss 9.876739568426274e-07
epoch: 0 s: 1024000 batch_loss 0.6930476427078247 BPR_loss 0.6930422782897949 reg_loss 5.3640246733266395e-06
epoch: 0 s: 1280000 batch_loss 0.6928003430366516 BPR_loss 0.6927787065505981 reg_loss 2.1632889911415987e-05
+-------+-------------------+-------------------+-------------------+------------------------------------+------------------------------------+------------------------------------+------------------------------------+
| Epoch |  training time(s) |   tesing time(s)  |        Loss       |               recall               |                ndcg                |             precision              |             hit_ratio              |
+-------+-------------------+-------------------+-------------------+------------------------------------+------------------------------------+------------------------------------+------------------------------------+
|   0   | 78.75844836235046 | 314.5759086608887 | 462.2760314941406 | [0.03671577 0.0577599  0.0727543 ] | [0.01671043 0.02113708 0.02387992] | [0.00208587 0.00165577 0.00139667] | [0.04110409 0.06470481 0.0815802 ] |
|   0   | 78.75844836235046 | 267.1444489955902 | 462.2760314941406 | [0.05293247 0.07508902 0.09302268] | [0.02323807 0.02791786 0.03120368] | [0.00308403 0.00219554 0.00182006] | [0.06032554 0.08544214 0.10557166] |
+-------+-------------------+-------------------+-------------------+------------------------------------+------------------------------------+------------------------------------+------------------------------------+
epoch: 1 s: 0 batch_loss 0.6924635171890259 BPR_loss 0.6924312114715576 reg_loss 3.232106246287003e-05
epoch: 1 s: 256000 batch_loss 0.6916683912277222 BPR_loss 0.6915878057479858 reg_loss 8.060682739596814e-05
epoch: 1 s: 512000 batch_loss 0.6899871230125427 BPR_loss 0.6898149251937866 reg_loss 0.00017219998699147254
epoch: 1 s: 768000 batch_loss 0.6876277923583984 BPR_loss 0.6873511672019958 reg_loss 0.0002766424440778792
epoch: 1 s: 1024000 batch_loss 0.6848166584968567 BPR_loss 0.684387743473053 reg_loss 0.00042891473276540637
epoch: 1 s: 1280000 batch_loss 0.6817910075187683 BPR_loss 0.6811736226081848 reg_loss 0.000617374200373888
using time 72.1315s, training loss at epoch 1: 458.9008
epoch: 2 s: 0 batch_loss 0.6803833246231079 BPR_loss 0.6797215938568115 reg_loss 0.0006617558537982404
epoch: 2 s: 256000 batch_loss 0.6764937043190002 BPR_loss 0.675643801689148 reg_loss 0.0008498826064169407
epoch: 2 s: 512000 batch_loss 0.6746262311935425 BPR_loss 0.6735617518424988 reg_loss 0.001064493553712964
epoch: 2 s: 768000 batch_loss 0.6667114496231079 BPR_loss 0.6654652953147888 reg_loss 0.001246124622412026
epoch: 2 s: 1024000 batch_loss 0.6641422510147095 BPR_loss 0.6625661849975586 reg_loss 0.0015760837122797966
epoch: 2 s: 1280000 batch_loss 0.6572834253311157 BPR_loss 0.6554552912712097 reg_loss 0.001828105072490871
using time 70.9806s, training loss at epoch 2: 446.9537
epoch: 3 s: 0 batch_loss 0.6561285853385925 BPR_loss 0.6541235446929932 reg_loss 0.002005012007430196
epoch: 3 s: 256000 batch_loss 0.6492999792098999 BPR_loss 0.6471269130706787 reg_loss 0.002173088723793626
epoch: 3 s: 512000 batch_loss 0.6458858251571655 BPR_loss 0.6433976888656616 reg_loss 0.002488139783963561
epoch: 3 s: 768000 batch_loss 0.646625816822052 BPR_loss 0.6439841389656067 reg_loss 0.0026416629552841187
epoch: 3 s: 1024000 batch_loss 0.6396529078483582 BPR_loss 0.6367110013961792 reg_loss 0.00294188573025167
epoch: 3 s: 1280000 batch_loss 0.6362335085868835 BPR_loss 0.6331546306610107 reg_loss 0.0030788832809776068
using time 71.2620s, training loss at epoch 3: 431.1471
epoch: 4 s: 0 batch_loss 0.6353124976158142 BPR_loss 0.6319741606712341 reg_loss 0.0033383406698703766
epoch: 4 s: 256000 batch_loss 0.6244534254074097 BPR_loss 0.6205525398254395 reg_loss 0.003900890937075019
epoch: 4 s: 512000 batch_loss 0.6226106286048889 BPR_loss 0.618793249130249 reg_loss 0.003817368298768997
epoch: 4 s: 768000 batch_loss 0.6218796372413635 BPR_loss 0.6176283359527588 reg_loss 0.0042513092048466206
epoch: 4 s: 1024000 batch_loss 0.6181673407554626 BPR_loss 0.6136726140975952 reg_loss 0.00449471827596426
epoch: 4 s: 1280000 batch_loss 0.6087567210197449 BPR_loss 0.6040839552879333 reg_loss 0.004672740586102009
using time 70.5332s, training loss at epoch 4: 414.6442
epoch: 5 s: 0 batch_loss 0.6100921034812927 BPR_loss 0.6053224802017212 reg_loss 0.0047696433030068874
epoch: 5 s: 256000 batch_loss 0.6000766754150391 BPR_loss 0.5948066711425781 reg_loss 0.005270009394735098
epoch: 5 s: 512000 batch_loss 0.6036290526390076 BPR_loss 0.597926676273346 reg_loss 0.005702379159629345
epoch: 5 s: 768000 batch_loss 0.5961461663246155 BPR_loss 0.5905148386955261 reg_loss 0.005631349980831146
epoch: 5 s: 1024000 batch_loss 0.5896297693252563 BPR_loss 0.5835425853729248 reg_loss 0.006087210029363632
epoch: 5 s: 1280000 batch_loss 0.5841699242591858 BPR_loss 0.5780713558197021 reg_loss 0.006098567042499781
+-------+-------------------+-------------------+-----------------+------------------------------------+------------------------------------+------------------------------------+------------------------------------+
| Epoch |  training time(s) |   tesing time(s)  |       Loss      |               recall               |                ndcg                |             precision              |             hit_ratio              |
+-------+-------------------+-------------------+-----------------+------------------------------------+------------------------------------+------------------------------------+------------------------------------+
|   5   | 75.96053862571716 | 319.8736729621887 | 398.24658203125 | [0.04344952 0.06516842 0.08222007] | [0.01969997 0.02425869 0.02737702] | [0.00245427 0.00185567 0.00156949] | [0.04838439 0.07259849 0.09182519] |
|   5   | 75.96053862571716 | 255.8751664161682 | 398.24658203125 | [0.06088164 0.08789795 0.1076459 ] | [0.02711811 0.03280551 0.03642691] | [0.00350592 0.00254061 0.00208635] | [0.06875551 0.09894586 0.12121045] |
+-------+-------------------+-------------------+-----------------+------------------------------------+------------------------------------+------------------------------------+------------------------------------+
epoch: 6 s: 0 batch_loss 0.5763293504714966 BPR_loss 0.5699353814125061 reg_loss 0.006393975578248501
epoch: 6 s: 256000 batch_loss 0.5816597938537598 BPR_loss 0.5751557946205139 reg_loss 0.006504009012132883
epoch: 6 s: 512000 batch_loss 0.5719122290611267 BPR_loss 0.5645201802253723 reg_loss 0.0073920669965445995
epoch: 6 s: 768000 batch_loss 0.5737285614013672 BPR_loss 0.5667069554328918 reg_loss 0.007021618541330099
epoch: 6 s: 1024000 batch_loss 0.5668339133262634 BPR_loss 0.5595400333404541 reg_loss 0.007293865084648132
epoch: 6 s: 1280000 batch_loss 0.5569406151771545 BPR_loss 0.5492197275161743 reg_loss 0.0077208904549479485
using time 71.7645s, training loss at epoch 6: 382.3578
epoch: 7 s: 0 batch_loss 0.5522823333740234 BPR_loss 0.5442742109298706 reg_loss 0.00800812616944313
epoch: 7 s: 256000 batch_loss 0.5549911856651306 BPR_loss 0.5466179847717285 reg_loss 0.008373182266950607
epoch: 7 s: 512000 batch_loss 0.5580487847328186 BPR_loss 0.550042986869812 reg_loss 0.008005826734006405
epoch: 7 s: 768000 batch_loss 0.5468420386314392 BPR_loss 0.5383954644203186 reg_loss 0.008446584455668926
epoch: 7 s: 1024000 batch_loss 0.5424811244010925 BPR_loss 0.5334948897361755 reg_loss 0.00898623839020729
epoch: 7 s: 1280000 batch_loss 0.5386760830879211 BPR_loss 0.5298947691917419 reg_loss 0.008781340904533863
using time 71.9219s, training loss at epoch 7: 367.1577
epoch: 8 s: 0 batch_loss 0.5454728007316589 BPR_loss 0.5361541509628296 reg_loss 0.009318658150732517
epoch: 8 s: 256000 batch_loss 0.5337318778038025 BPR_loss 0.5239995718002319 reg_loss 0.009732292033731937
epoch: 8 s: 512000 batch_loss 0.5319927334785461 BPR_loss 0.5226606726646423 reg_loss 0.009332059882581234
epoch: 8 s: 768000 batch_loss 0.5333653688430786 BPR_loss 0.5233234167098999 reg_loss 0.010041946545243263
epoch: 8 s: 1024000 batch_loss 0.5347118377685547 BPR_loss 0.5244502425193787 reg_loss 0.01026157010346651
epoch: 8 s: 1280000 batch_loss 0.520118772983551 BPR_loss 0.5092136859893799 reg_loss 0.010905076749622822
using time 71.6701s, training loss at epoch 8: 352.3757
epoch: 9 s: 0 batch_loss 0.5316035151481628 BPR_loss 0.5211732387542725 reg_loss 0.010430285707116127
epoch: 9 s: 256000 batch_loss 0.510566234588623 BPR_loss 0.4992743730545044 reg_loss 0.011291848495602608
epoch: 9 s: 512000 batch_loss 0.5062394142150879 BPR_loss 0.4951154887676239 reg_loss 0.011123948730528355
epoch: 9 s: 768000 batch_loss 0.5044792890548706 BPR_loss 0.49303513765335083 reg_loss 0.011444132775068283
epoch: 9 s: 1024000 batch_loss 0.49387410283088684 BPR_loss 0.4823608100414276 reg_loss 0.011513288132846355
epoch: 9 s: 1280000 batch_loss 0.5109496116638184 BPR_loss 0.4989783763885498 reg_loss 0.011971225962042809
using time 69.4590s, training loss at epoch 9: 338.1525
epoch: 10 s: 0 batch_loss 0.4986285865306854 BPR_loss 0.48651671409606934 reg_loss 0.012111874297261238
epoch: 10 s: 256000 batch_loss 0.48734331130981445 BPR_loss 0.47521716356277466 reg_loss 0.012126133777201176
epoch: 10 s: 512000 batch_loss 0.4906114339828491 BPR_loss 0.47773808240890503 reg_loss 0.012873358093202114
epoch: 10 s: 768000 batch_loss 0.4768840968608856 BPR_loss 0.4640659689903259 reg_loss 0.012818126007914543
epoch: 10 s: 1024000 batch_loss 0.48135441541671753 BPR_loss 0.46862584352493286 reg_loss 0.012728557921946049
epoch: 10 s: 1280000 batch_loss 0.4795931577682495 BPR_loss 0.46658557653427124 reg_loss 0.013007568195462227
+-------+-------------------+--------------------+-------------------+------------------------------------+------------------------------------+------------------------------------+------------------------------------+
| Epoch |  training time(s) |   tesing time(s)   |        Loss       |               recall               |                ndcg                |             precision              |             hit_ratio              |
+-------+-------------------+--------------------+-------------------+------------------------------------+------------------------------------+------------------------------------+------------------------------------+
|   10  | 72.13972973823547 | 336.77030968666077 | 324.5506286621094 | [0.04505337 0.06741439 0.08377922] | [0.02048673 0.0251871  0.02817849] | [0.00253642 0.00191555 0.00159699] | [0.05010041 0.07505933 0.0935412 ] |
|   10  | 72.13972973823547 | 257.5809063911438  | 324.5506286621094 | [0.06258237 0.08994039 0.11014876] | [0.02799613 0.03374712 0.03744998] | [0.00359298 0.00259044 0.00212798] | [0.07047302 0.10097851 0.12370005] |
+-------+-------------------+--------------------+-------------------+------------------------------------+------------------------------------+------------------------------------+------------------------------------+
epoch: 11 s: 0 batch_loss 0.4759708046913147 BPR_loss 0.4625628590583801 reg_loss 0.013407949358224869
epoch: 11 s: 256000 batch_loss 0.4737864136695862 BPR_loss 0.46014025807380676 reg_loss 0.013646166771650314
epoch: 11 s: 512000 batch_loss 0.4669683873653412 BPR_loss 0.45288193225860596 reg_loss 0.014086449518799782
epoch: 11 s: 768000 batch_loss 0.471931129693985 BPR_loss 0.4578912854194641 reg_loss 0.014039849862456322
epoch: 11 s: 1024000 batch_loss 0.469487726688385 BPR_loss 0.45493847131729126 reg_loss 0.014549248851835728
epoch: 11 s: 1280000 batch_loss 0.4510146379470825 BPR_loss 0.436206579208374 reg_loss 0.014808057807385921
using time 72.8150s, training loss at epoch 11: 311.9768
epoch: 12 s: 0 batch_loss 0.4644245207309723 BPR_loss 0.4495967626571655 reg_loss 0.014827767387032509
epoch: 12 s: 256000 batch_loss 0.4484628438949585 BPR_loss 0.4331972002983093 reg_loss 0.015265635214745998
epoch: 12 s: 512000 batch_loss 0.4441388249397278 BPR_loss 0.42863428592681885 reg_loss 0.01550452969968319
epoch: 12 s: 768000 batch_loss 0.45178303122520447 BPR_loss 0.4363909661769867 reg_loss 0.01539206225425005
epoch: 12 s: 1024000 batch_loss 0.440466970205307 BPR_loss 0.4245022237300873 reg_loss 0.015964748337864876
epoch: 12 s: 1280000 batch_loss 0.4362417459487915 BPR_loss 0.4199749827384949 reg_loss 0.016266752034425735
using time 72.3628s, training loss at epoch 12: 299.2961
epoch: 13 s: 0 batch_loss 0.4349319040775299 BPR_loss 0.41887199878692627 reg_loss 0.01605989597737789
epoch: 13 s: 256000 batch_loss 0.4308337867259979 BPR_loss 0.4149726927280426 reg_loss 0.015861088410019875
epoch: 13 s: 512000 batch_loss 0.43455612659454346 BPR_loss 0.4185384511947632 reg_loss 0.016017664223909378
epoch: 13 s: 768000 batch_loss 0.42804330587387085 BPR_loss 0.4113312363624573 reg_loss 0.01671207882463932
epoch: 13 s: 1024000 batch_loss 0.42780032753944397 BPR_loss 0.4107905626296997 reg_loss 0.017009766772389412
epoch: 13 s: 1280000 batch_loss 0.4188869297504425 BPR_loss 0.40127962827682495 reg_loss 0.0176073145121336
using time 72.5927s, training loss at epoch 13: 287.5274
epoch: 14 s: 0 batch_loss 0.4163932502269745 BPR_loss 0.39867502450942993 reg_loss 0.017718227580189705
epoch: 14 s: 256000 batch_loss 0.42260289192199707 BPR_loss 0.404828816652298 reg_loss 0.01777406968176365
epoch: 14 s: 512000 batch_loss 0.4193783700466156 BPR_loss 0.40148043632507324 reg_loss 0.017897937446832657
epoch: 14 s: 768000 batch_loss 0.4077085256576538 BPR_loss 0.38957202434539795 reg_loss 0.018136490136384964
epoch: 14 s: 1024000 batch_loss 0.40335631370544434 BPR_loss 0.3848256766796112 reg_loss 0.018530625849962234
epoch: 14 s: 1280000 batch_loss 0.40434330701828003 BPR_loss 0.38619500398635864 reg_loss 0.01814831793308258
using time 69.2763s, training loss at epoch 14: 275.9602
epoch: 15 s: 0 batch_loss 0.3978798985481262 BPR_loss 0.3793182969093323 reg_loss 0.01856158673763275
epoch: 15 s: 256000 batch_loss 0.38884422183036804 BPR_loss 0.3699469566345215 reg_loss 0.01889726333320141
epoch: 15 s: 512000 batch_loss 0.4098755121231079 BPR_loss 0.3918710947036743 reg_loss 0.018004409968852997
epoch: 15 s: 768000 batch_loss 0.4002891182899475 BPR_loss 0.3809371292591095 reg_loss 0.01935199834406376
epoch: 15 s: 1024000 batch_loss 0.38629019260406494 BPR_loss 0.36598557233810425 reg_loss 0.02030463144183159
epoch: 15 s: 1280000 batch_loss 0.3949825167655945 BPR_loss 0.37553009390830994 reg_loss 0.01945243775844574
+-------+-------------------+--------------------+-------------------+------------------------------------+------------------------------------+------------------------------------+------------------------------------+
| Epoch |  training time(s) |   tesing time(s)   |        Loss       |               recall               |                ndcg                |             precision              |             hit_ratio              |
+-------+-------------------+--------------------+-------------------+------------------------------------+------------------------------------+------------------------------------+------------------------------------+
|   15  | 71.63674736022949 | 325.31662917137146 | 265.0238952636719 | [0.04585917 0.06812137 0.08409201] | [0.02090595 0.02558382 0.02850771] | [0.00257403 0.00192924 0.0015993 ] | [0.05091825 0.07573844 0.0938479 ] |
|   15  | 71.63674736022949 | 262.5364465713501  | 265.0238952636719 | [0.06287798 0.08972552 0.11012191] | [0.02822074 0.03386447 0.037601  ] | [0.00359692 0.0025804  0.00212312] | [0.0705912  0.10066337 0.12343218] |
+-------+-------------------+--------------------+-------------------+------------------------------------+------------------------------------+------------------------------------+------------------------------------+
epoch: 16 s: 0 batch_loss 0.385377436876297 BPR_loss 0.36596399545669556 reg_loss 0.019413450732827187
epoch: 16 s: 256000 batch_loss 0.38879355788230896 BPR_loss 0.36873888969421387 reg_loss 0.020054658874869347
epoch: 16 s: 512000 batch_loss 0.38153988122940063 BPR_loss 0.36107176542282104 reg_loss 0.020468126982450485
epoch: 16 s: 768000 batch_loss 0.3767522871494293 BPR_loss 0.3557877838611603 reg_loss 0.020964516326785088
epoch: 16 s: 1024000 batch_loss 0.3815727233886719 BPR_loss 0.36106550693511963 reg_loss 0.02050722762942314
epoch: 16 s: 1280000 batch_loss 0.3769989311695099 BPR_loss 0.3566223978996277 reg_loss 0.020376522094011307
using time 71.1704s, training loss at epoch 16: 254.7423
epoch: 17 s: 0 batch_loss 0.3664363920688629 BPR_loss 0.34563350677490234 reg_loss 0.020802892744541168
epoch: 17 s: 256000 batch_loss 0.37185147404670715 BPR_loss 0.3504570722579956 reg_loss 0.021394405514001846
epoch: 17 s: 512000 batch_loss 0.36019450426101685 BPR_loss 0.3391900360584259 reg_loss 0.021004464477300644
epoch: 17 s: 768000 batch_loss 0.3594166934490204 BPR_loss 0.33767420053482056 reg_loss 0.021742500364780426
epoch: 17 s: 1024000 batch_loss 0.36167019605636597 BPR_loss 0.34027618169784546 reg_loss 0.021393999457359314
epoch: 17 s: 1280000 batch_loss 0.3588969111442566 BPR_loss 0.33714601397514343 reg_loss 0.021750900894403458
using time 73.0270s, training loss at epoch 17: 244.5612
epoch: 18 s: 0 batch_loss 0.36689963936805725 BPR_loss 0.3450359106063843 reg_loss 0.02186371572315693
epoch: 18 s: 256000 batch_loss 0.350502610206604 BPR_loss 0.3286541998386383 reg_loss 0.021848395466804504
epoch: 18 s: 512000 batch_loss 0.3604167699813843 BPR_loss 0.3377534747123718 reg_loss 0.022663304582238197
epoch: 18 s: 768000 batch_loss 0.35494890809059143 BPR_loss 0.3326575756072998 reg_loss 0.02229134552180767
epoch: 18 s: 1024000 batch_loss 0.33522936701774597 BPR_loss 0.3122153878211975 reg_loss 0.023013969883322716
epoch: 18 s: 1280000 batch_loss 0.3541596233844757 BPR_loss 0.3315269947052002 reg_loss 0.022632628679275513
using time 74.5667s, training loss at epoch 18: 235.6974
epoch: 19 s: 0 batch_loss 0.34829089045524597 BPR_loss 0.32563430070877075 reg_loss 0.022656576707959175
epoch: 19 s: 256000 batch_loss 0.3357604742050171 BPR_loss 0.31198686361312866 reg_loss 0.02377360500395298
epoch: 19 s: 512000 batch_loss 0.3331094980239868 BPR_loss 0.3099430203437805 reg_loss 0.023166479542851448
epoch: 19 s: 768000 batch_loss 0.33899518847465515 BPR_loss 0.31523412466049194 reg_loss 0.02376105822622776
epoch: 19 s: 1024000 batch_loss 0.3441227674484253 BPR_loss 0.3201563060283661 reg_loss 0.023966452106833458
epoch: 19 s: 1280000 batch_loss 0.33483725786209106 BPR_loss 0.31090742349624634 reg_loss 0.023929838091135025
using time 70.0351s, training loss at epoch 19: 226.7205
epoch: 20 s: 0 batch_loss 0.33973321318626404 BPR_loss 0.316418319940567 reg_loss 0.023314889520406723
epoch: 20 s: 256000 batch_loss 0.32520976662635803 BPR_loss 0.3009513020515442 reg_loss 0.024258453398942947
epoch: 20 s: 512000 batch_loss 0.323857843875885 BPR_loss 0.299631267786026 reg_loss 0.024226561188697815
epoch: 20 s: 768000 batch_loss 0.3239561915397644 BPR_loss 0.2996062934398651 reg_loss 0.024349883198738098
epoch: 20 s: 1024000 batch_loss 0.32994550466537476 BPR_loss 0.3053598999977112 reg_loss 0.024585606530308723
epoch: 20 s: 1280000 batch_loss 0.3246181905269623 BPR_loss 0.3001789152622223 reg_loss 0.024439284577965736
+-------+-------------------+-------------------+--------------------+------------------------------------+------------------------------------+------------------------------------+------------------------------------+
| Epoch |  training time(s) |   tesing time(s)  |        Loss        |               recall               |                ndcg                |             precision              |             hit_ratio              |
+-------+-------------------+-------------------+--------------------+------------------------------------+------------------------------------+------------------------------------+------------------------------------+
|   20  | 72.34747576713562 |  317.042432308197 | 218.31246948242188 | [0.04562359 0.06796924 0.0836833 ] | [0.02090722 0.02560833 0.02847317] | [0.00255358 0.00192176 0.00158446] | [0.05048742 0.07549016 0.09305926] |
|   20  | 72.34747576713562 | 282.3763015270233 | 218.31246948242188 | [0.06270599 0.08969329 0.10972245] | [0.02821076 0.03388041 0.03754313] | [0.00358353 0.00257784 0.00211367] | [0.07033121 0.10060034 0.12295947] |
+-------+-------------------+-------------------+--------------------+------------------------------------+------------------------------------+------------------------------------+------------------------------------+
epoch: 21 s: 0 batch_loss 0.31874194741249084 BPR_loss 0.29367950558662415 reg_loss 0.025062447413802147
epoch: 21 s: 256000 batch_loss 0.30930235981941223 BPR_loss 0.2846272885799408 reg_loss 0.02467508427798748
epoch: 21 s: 512000 batch_loss 0.31657400727272034 BPR_loss 0.29135966300964355 reg_loss 0.025214357301592827
epoch: 21 s: 768000 batch_loss 0.3065973222255707 BPR_loss 0.28078693151474 reg_loss 0.025810401886701584
epoch: 21 s: 1024000 batch_loss 0.3165144920349121 BPR_loss 0.290949285030365 reg_loss 0.025565197691321373
epoch: 21 s: 1280000 batch_loss 0.30663272738456726 BPR_loss 0.2814488410949707 reg_loss 0.02518388070166111
using time 68.7345s, training loss at epoch 21: 210.4168
epoch: 22 s: 0 batch_loss 0.3114211857318878 BPR_loss 0.2851974070072174 reg_loss 0.026223784312605858
epoch: 22 s: 256000 batch_loss 0.30062755942344666 BPR_loss 0.27520617842674255 reg_loss 0.02542138658463955
epoch: 22 s: 512000 batch_loss 0.31047695875167847 BPR_loss 0.284934401512146 reg_loss 0.025542553514242172
epoch: 22 s: 768000 batch_loss 0.3010198175907135 BPR_loss 0.27520492672920227 reg_loss 0.025814885273575783
epoch: 22 s: 1024000 batch_loss 0.3009507358074188 BPR_loss 0.2745046615600586 reg_loss 0.026446063071489334
epoch: 22 s: 1280000 batch_loss 0.2971515655517578 BPR_loss 0.2700071334838867 reg_loss 0.027144426479935646
using time 71.6550s, training loss at epoch 22: 203.1332
epoch: 23 s: 0 batch_loss 0.2987959384918213 BPR_loss 0.27168041467666626 reg_loss 0.027115533128380775
epoch: 23 s: 256000 batch_loss 0.29537469148635864 BPR_loss 0.26857468485832214 reg_loss 0.026800017803907394
epoch: 23 s: 512000 batch_loss 0.2872406840324402 BPR_loss 0.25980105996131897 reg_loss 0.027439633384346962
epoch: 23 s: 768000 batch_loss 0.2919531464576721 BPR_loss 0.2643585205078125 reg_loss 0.027594633400440216
epoch: 23 s: 1024000 batch_loss 0.29549258947372437 BPR_loss 0.2681184411048889 reg_loss 0.027374133467674255
epoch: 23 s: 1280000 batch_loss 0.2840390205383301 BPR_loss 0.25663524866104126 reg_loss 0.02740376815199852
using time 71.8271s, training loss at epoch 23: 195.6746
epoch: 24 s: 0 batch_loss 0.2826155126094818 BPR_loss 0.2554606795310974 reg_loss 0.0271548330783844
epoch: 24 s: 256000 batch_loss 0.2817962169647217 BPR_loss 0.2543921172618866 reg_loss 0.02740410342812538
epoch: 24 s: 512000 batch_loss 0.2772555947303772 BPR_loss 0.2493220716714859 reg_loss 0.02793353796005249
epoch: 24 s: 768000 batch_loss 0.27827340364456177 BPR_loss 0.24960865080356598 reg_loss 0.02866474539041519
epoch: 24 s: 1024000 batch_loss 0.2764928340911865 BPR_loss 0.24787402153015137 reg_loss 0.02861880697309971
epoch: 24 s: 1280000 batch_loss 0.27976930141448975 BPR_loss 0.25085628032684326 reg_loss 0.02891300618648529
using time 69.2451s, training loss at epoch 24: 189.2286
epoch: 25 s: 0 batch_loss 0.2703782916069031 BPR_loss 0.242019921541214 reg_loss 0.02835836447775364
epoch: 25 s: 256000 batch_loss 0.29210165143013 BPR_loss 0.263319194316864 reg_loss 0.028782470151782036
epoch: 25 s: 512000 batch_loss 0.27787744998931885 BPR_loss 0.2493869513273239 reg_loss 0.028490502387285233
epoch: 25 s: 768000 batch_loss 0.28130844235420227 BPR_loss 0.2518829107284546 reg_loss 0.02942552976310253
epoch: 25 s: 1024000 batch_loss 0.2702332139015198 BPR_loss 0.2413206398487091 reg_loss 0.02891257219016552
epoch: 25 s: 1280000 batch_loss 0.2694776952266693 BPR_loss 0.2399851232767105 reg_loss 0.02949257381260395
+-------+-------------------+-------------------+--------------------+------------------------------------+------------------------------------+------------------------------------+------------------------------------+
| Epoch |  training time(s) |   tesing time(s)  |        Loss        |               recall               |                ndcg                |             precision              |             hit_ratio              |
+-------+-------------------+-------------------+--------------------+------------------------------------+------------------------------------+------------------------------------+------------------------------------+
|   25  | 75.00951600074768 | 308.5170600414276 | 183.53509521484375 | [0.04544967 0.06712511 0.08241675] | [0.02085092 0.02540429 0.02819724] | [0.00254044 0.0018951  0.0015606 ] | [0.05026836 0.07456278 0.09174486] |
|   25  | 75.00951600074768 |  293.494912147522 | 183.53509521484375 | [0.06159493 0.08831437 0.10842263] | [0.02788115 0.03349711 0.03717312] | [0.00352405 0.00253825 0.0020874 ] | [0.0691652  0.09905616 0.1214862 ] |
+-------+-------------------+-------------------+--------------------+------------------------------------+------------------------------------+------------------------------------+------------------------------------+
epoch: 26 s: 0 batch_loss 0.2697276175022125 BPR_loss 0.24028411507606506 reg_loss 0.029443498700857162
epoch: 26 s: 256000 batch_loss 0.26487189531326294 BPR_loss 0.2349066138267517 reg_loss 0.02996528521180153
epoch: 26 s: 512000 batch_loss 0.2707515358924866 BPR_loss 0.24108216166496277 reg_loss 0.02966938354074955
epoch: 26 s: 768000 batch_loss 0.26406413316726685 BPR_loss 0.23411360383033752 reg_loss 0.029950523748993874
epoch: 26 s: 1024000 batch_loss 0.26708588004112244 BPR_loss 0.23722437024116516 reg_loss 0.029861517250537872
epoch: 26 s: 1280000 batch_loss 0.26028919219970703 BPR_loss 0.2303287833929062 reg_loss 0.029960405081510544
using time 68.3198s, training loss at epoch 26: 177.1166
epoch: 27 s: 0 batch_loss 0.25910648703575134 BPR_loss 0.2294645607471466 reg_loss 0.02964193932712078
epoch: 27 s: 256000 batch_loss 0.267154723405838 BPR_loss 0.2373848855495453 reg_loss 0.029769841581583023
epoch: 27 s: 512000 batch_loss 0.2570931613445282 BPR_loss 0.22717279195785522 reg_loss 0.029920367524027824
epoch: 27 s: 768000 batch_loss 0.2562180459499359 BPR_loss 0.22662901878356934 reg_loss 0.029589029029011726
epoch: 27 s: 1024000 batch_loss 0.2594243586063385 BPR_loss 0.22823448479175568 reg_loss 0.03118988499045372
epoch: 27 s: 1280000 batch_loss 0.26094287633895874 BPR_loss 0.2309836745262146 reg_loss 0.029959190636873245
using time 69.5819s, training loss at epoch 27: 171.7660
epoch: 28 s: 0 batch_loss 0.24660436809062958 BPR_loss 0.21652662754058838 reg_loss 0.030077746137976646
epoch: 28 s: 256000 batch_loss 0.24895557761192322 BPR_loss 0.21833401918411255 reg_loss 0.030621562153100967
epoch: 28 s: 512000 batch_loss 0.24969099462032318 BPR_loss 0.21835626661777496 reg_loss 0.03133472800254822
epoch: 28 s: 768000 batch_loss 0.24993807077407837 BPR_loss 0.21866664290428162 reg_loss 0.031271424144506454
epoch: 28 s: 1024000 batch_loss 0.24593114852905273 BPR_loss 0.21486052870750427 reg_loss 0.031070616096258163
epoch: 28 s: 1280000 batch_loss 0.25144505500793457 BPR_loss 0.21938787400722504 reg_loss 0.03205719590187073
using time 71.8816s, training loss at epoch 28: 166.2796
epoch: 29 s: 0 batch_loss 0.24610379338264465 BPR_loss 0.21396543085575104 reg_loss 0.032138366252183914
epoch: 29 s: 256000 batch_loss 0.23766712844371796 BPR_loss 0.206485778093338 reg_loss 0.031181352213025093
epoch: 29 s: 512000 batch_loss 0.240992471575737 BPR_loss 0.20938259363174438 reg_loss 0.03160988166928291
epoch: 29 s: 768000 batch_loss 0.23496249318122864 BPR_loss 0.20307691395282745 reg_loss 0.03188558667898178
epoch: 29 s: 1024000 batch_loss 0.24386917054653168 BPR_loss 0.21192190051078796 reg_loss 0.03194727003574371
epoch: 29 s: 1280000 batch_loss 0.2403775453567505 BPR_loss 0.20839664340019226 reg_loss 0.031980909407138824
using time 69.3116s, training loss at epoch 29: 161.4780
epoch: 30 s: 0 batch_loss 0.23122505843639374 BPR_loss 0.19908683001995087 reg_loss 0.03213822469115257
epoch: 30 s: 256000 batch_loss 0.23047733306884766 BPR_loss 0.19808430969715118 reg_loss 0.032393015921115875
epoch: 30 s: 512000 batch_loss 0.23754560947418213 BPR_loss 0.20538480579853058 reg_loss 0.03216080740094185
epoch: 30 s: 768000 batch_loss 0.23771345615386963 BPR_loss 0.2037041038274765 reg_loss 0.034009356051683426
epoch: 30 s: 1024000 batch_loss 0.22521311044692993 BPR_loss 0.19192923605442047 reg_loss 0.03328387811779976
epoch: 30 s: 1280000 batch_loss 0.2255755513906479 BPR_loss 0.19259652495384216 reg_loss 0.032979030162096024
+-------+-------------------+--------------------+--------------------+------------------------------------+------------------------------------+------------------------------------+------------------------------------+
| Epoch |  training time(s) |   tesing time(s)   |        Loss        |               recall               |                ndcg                |             precision              |             hit_ratio              |
+-------+-------------------+--------------------+--------------------+------------------------------------+------------------------------------+------------------------------------+------------------------------------+
|   30  | 72.56059074401855 | 304.4829304218292  | 156.76480102539062 | [0.04478728 0.06599353 0.08128533] | [0.02061457 0.02507371 0.02786469] | [0.00250466 0.00186188 0.00153784] | [0.04956734 0.07326299 0.09042316] |
|   30  | 72.56059074401855 | 303.14205527305603 | 156.76480102539062 | [0.06129071 0.08797443 0.10767924] | [0.02789973 0.03350819 0.03711258] | [0.00350356 0.00252761 0.0020748 ] | [0.06879491 0.09870163 0.12080865] |
+-------+-------------------+--------------------+--------------------+------------------------------------+------------------------------------+------------------------------------+------------------------------------+
epoch: 31 s: 0 batch_loss 0.23743271827697754 BPR_loss 0.2045639157295227 reg_loss 0.03286879509687424
epoch: 31 s: 256000 batch_loss 0.2400626242160797 BPR_loss 0.2074325680732727 reg_loss 0.03263004869222641
epoch: 31 s: 512000 batch_loss 0.23633426427841187 BPR_loss 0.20421954989433289 reg_loss 0.03211471438407898
epoch: 31 s: 768000 batch_loss 0.22651109099388123 BPR_loss 0.19297702610492706 reg_loss 0.03353406861424446
epoch: 31 s: 1024000 batch_loss 0.22912774980068207 BPR_loss 0.19561752676963806 reg_loss 0.03351021930575371
epoch: 31 s: 1280000 batch_loss 0.2304116189479828 BPR_loss 0.1976463347673416 reg_loss 0.03276527673006058
using time 68.7579s, training loss at epoch 31: 152.7245
epoch: 32 s: 0 batch_loss 0.22264757752418518 BPR_loss 0.18909358978271484 reg_loss 0.033553991466760635
epoch: 32 s: 256000 batch_loss 0.2273915410041809 BPR_loss 0.19371961057186127 reg_loss 0.033671922981739044
epoch: 32 s: 512000 batch_loss 0.22479704022407532 BPR_loss 0.18988394737243652 reg_loss 0.03491309657692909
epoch: 32 s: 768000 batch_loss 0.21155697107315063 BPR_loss 0.17768597602844238 reg_loss 0.033870987594127655
epoch: 32 s: 1024000 batch_loss 0.21981607377529144 BPR_loss 0.18628916144371033 reg_loss 0.033526916056871414
epoch: 32 s: 1280000 batch_loss 0.2206231951713562 BPR_loss 0.18647092580795288 reg_loss 0.03415226191282272
using time 68.9828s, training loss at epoch 32: 148.4319
epoch: 33 s: 0 batch_loss 0.21681079268455505 BPR_loss 0.18293675780296326 reg_loss 0.0338740348815918
epoch: 33 s: 256000 batch_loss 0.2196478545665741 BPR_loss 0.18475081026554108 reg_loss 0.03489705175161362
epoch: 33 s: 512000 batch_loss 0.2189447581768036 BPR_loss 0.1843816637992859 reg_loss 0.0345631018280983
epoch: 33 s: 768000 batch_loss 0.22162145376205444 BPR_loss 0.18643471598625183 reg_loss 0.03518673777580261
epoch: 33 s: 1024000 batch_loss 0.21450687944889069 BPR_loss 0.18037858605384827 reg_loss 0.03412829339504242
epoch: 33 s: 1280000 batch_loss 0.20932738482952118 BPR_loss 0.17418569326400757 reg_loss 0.03514169156551361
using time 69.9790s, training loss at epoch 33: 144.1850
epoch: 34 s: 0 batch_loss 0.22080515325069427 BPR_loss 0.18625344336032867 reg_loss 0.0345517136156559
epoch: 34 s: 256000 batch_loss 0.21156442165374756 BPR_loss 0.1762182116508484 reg_loss 0.03534621000289917
epoch: 34 s: 512000 batch_loss 0.20987899601459503 BPR_loss 0.17612414062023163 reg_loss 0.0337548591196537
epoch: 34 s: 768000 batch_loss 0.2093653678894043 BPR_loss 0.17430123686790466 reg_loss 0.03506412357091904
epoch: 34 s: 1024000 batch_loss 0.20644479990005493 BPR_loss 0.1703488528728485 reg_loss 0.03609595075249672
epoch: 34 s: 1280000 batch_loss 0.20886138081550598 BPR_loss 0.17476806044578552 reg_loss 0.03409331664443016
using time 69.7333s, training loss at epoch 34: 140.5358
epoch: 35 s: 0 batch_loss 0.2088743895292282 BPR_loss 0.17409412562847137 reg_loss 0.03478026017546654
epoch: 35 s: 256000 batch_loss 0.2098502218723297 BPR_loss 0.17368833720684052 reg_loss 0.036161888390779495
epoch: 35 s: 512000 batch_loss 0.2070540338754654 BPR_loss 0.1713523268699646 reg_loss 0.03570170700550079
epoch: 35 s: 768000 batch_loss 0.20975548028945923 BPR_loss 0.17406108975410461 reg_loss 0.03569439426064491
epoch: 35 s: 1024000 batch_loss 0.1995299607515335 BPR_loss 0.16358530521392822 reg_loss 0.035944659262895584
epoch: 35 s: 1280000 batch_loss 0.20802246034145355 BPR_loss 0.17223696410655975 reg_loss 0.0357854999601841
+-------+-------------------+--------------------+--------------------+------------------------------------+------------------------------------+------------------------------------+------------------------------------+
| Epoch |  training time(s) |   tesing time(s)   |        Loss        |               recall               |                ndcg                |             precision              |             hit_ratio              |
+-------+-------------------+--------------------+--------------------+------------------------------------+------------------------------------+------------------------------------+------------------------------------+
|   35  | 70.91434216499329 |  289.119500875473  | 137.21151733398438 | [0.04437109 0.06489403 0.07972639] | [0.02036204 0.0246716  0.02737487] | [0.00248238 0.00183048 0.00150705] | [0.04912921 0.07208003 0.08872175] |
|   35  | 70.91434216499329 | 280.98353147506714 | 137.21151733398438 | [0.06039778 0.0869451  0.10647915] | [0.0274687  0.03305162 0.03663387] | [0.00345038 0.00249846 0.00205313] | [0.06781798 0.09753561 0.11958748] |
+-------+-------------------+--------------------+--------------------+------------------------------------+------------------------------------+------------------------------------+------------------------------------+
epoch: 36 s: 0 batch_loss 0.19973213970661163 BPR_loss 0.16393083333969116 reg_loss 0.03580130636692047
epoch: 36 s: 256000 batch_loss 0.19999364018440247 BPR_loss 0.16409587860107422 reg_loss 0.035897765308618546
epoch: 36 s: 512000 batch_loss 0.1891193985939026 BPR_loss 0.1536714732646942 reg_loss 0.03544792905449867
epoch: 36 s: 768000 batch_loss 0.19488905370235443 BPR_loss 0.1597408652305603 reg_loss 0.03514818474650383
epoch: 36 s: 1024000 batch_loss 0.19511105120182037 BPR_loss 0.1589282751083374 reg_loss 0.03618277609348297
epoch: 36 s: 1280000 batch_loss 0.20393908023834229 BPR_loss 0.16806575655937195 reg_loss 0.03587331995368004
using time 70.6509s, training loss at epoch 36: 133.6892
epoch: 37 s: 0 batch_loss 0.1966029703617096 BPR_loss 0.15986427664756775 reg_loss 0.036738693714141846
epoch: 37 s: 256000 batch_loss 0.1975245177745819 BPR_loss 0.1621033251285553 reg_loss 0.035421185195446014
epoch: 37 s: 512000 batch_loss 0.19015096127986908 BPR_loss 0.1540631502866745 reg_loss 0.03608781471848488
epoch: 37 s: 768000 batch_loss 0.20251420140266418 BPR_loss 0.1654171347618103 reg_loss 0.03709706664085388
epoch: 37 s: 1024000 batch_loss 0.19078654050827026 BPR_loss 0.15335117280483246 reg_loss 0.0374353751540184
epoch: 37 s: 1280000 batch_loss 0.18800309300422668 BPR_loss 0.15175366401672363 reg_loss 0.03624942898750305
using time 68.5330s, training loss at epoch 37: 130.9600
epoch: 38 s: 0 batch_loss 0.19112646579742432 BPR_loss 0.1543656885623932 reg_loss 0.036760780960321426
epoch: 38 s: 256000 batch_loss 0.19232070446014404 BPR_loss 0.15583094954490662 reg_loss 0.03648975118994713
epoch: 38 s: 512000 batch_loss 0.18823112547397614 BPR_loss 0.15083765983581543 reg_loss 0.03739346191287041
epoch: 38 s: 768000 batch_loss 0.2008918821811676 BPR_loss 0.16413241624832153 reg_loss 0.03675946593284607
epoch: 38 s: 1024000 batch_loss 0.18574973940849304 BPR_loss 0.14864587783813477 reg_loss 0.037103861570358276
epoch: 38 s: 1280000 batch_loss 0.18785713613033295 BPR_loss 0.15033680200576782 reg_loss 0.037520334124565125
using time 68.5756s, training loss at epoch 38: 127.8048
epoch: 39 s: 0 batch_loss 0.18804176151752472 BPR_loss 0.15001967549324036 reg_loss 0.038022082298994064
epoch: 39 s: 256000 batch_loss 0.17728778719902039 BPR_loss 0.13866959512233734 reg_loss 0.03861819952726364
epoch: 39 s: 512000 batch_loss 0.18416525423526764 BPR_loss 0.1470753401517868 reg_loss 0.03708991780877113
epoch: 39 s: 768000 batch_loss 0.19232046604156494 BPR_loss 0.15471604466438293 reg_loss 0.03760441765189171
epoch: 39 s: 1024000 batch_loss 0.17939963936805725 BPR_loss 0.14168119430541992 reg_loss 0.03771844133734703
epoch: 39 s: 1280000 batch_loss 0.18386536836624146 BPR_loss 0.1463344544172287 reg_loss 0.03753090649843216
using time 67.4262s, training loss at epoch 39: 125.1175
epoch: 40 s: 0 batch_loss 0.18584197759628296 BPR_loss 0.14768655598163605 reg_loss 0.03815541788935661
epoch: 40 s: 256000 batch_loss 0.17814692854881287 BPR_loss 0.14017155766487122 reg_loss 0.03797537833452225
epoch: 40 s: 512000 batch_loss 0.17450261116027832 BPR_loss 0.13639631867408752 reg_loss 0.038106292486190796
epoch: 40 s: 768000 batch_loss 0.1882885992527008 BPR_loss 0.15075373649597168 reg_loss 0.037534862756729126
epoch: 40 s: 1024000 batch_loss 0.17944224178791046 BPR_loss 0.14166688919067383 reg_loss 0.03777535259723663
epoch: 40 s: 1280000 batch_loss 0.18291962146759033 BPR_loss 0.1440526247024536 reg_loss 0.03886699676513672
+-------+------------------+--------------------+-------------------+------------------------------------+------------------------------------+------------------------------------+------------------------------------+
| Epoch | training time(s) |   tesing time(s)   |        Loss       |               recall               |                ndcg                |             precision              |             hit_ratio              |
+-------+------------------+--------------------+-------------------+------------------------------------+------------------------------------+------------------------------------+------------------------------------+
|   40  | 66.4066379070282 | 263.47285532951355 | 122.1671371459961 | [0.04423241 0.0642126  0.07853476] | [0.02028131 0.02447837 0.02709107] | [0.00247618 0.00181332 0.00148648] | [0.04902698 0.07141553 0.08751689] |
|   40  | 66.4066379070282 | 254.7618625164032  | 122.1671371459961 | [0.06003167 0.08591233 0.10502141] | [0.0274373  0.03287895 0.03638156] | [0.00343344 0.00247266 0.00202687] | [0.06744769 0.09647202 0.11801966] |
+-------+------------------+--------------------+-------------------+------------------------------------+------------------------------------+------------------------------------+------------------------------------+
epoch: 41 s: 0 batch_loss 0.17064987123012543 BPR_loss 0.1327541470527649 reg_loss 0.03789572790265083
epoch: 41 s: 256000 batch_loss 0.17951223254203796 BPR_loss 0.14236484467983246 reg_loss 0.03714738041162491
epoch: 41 s: 512000 batch_loss 0.17090490460395813 BPR_loss 0.13272228837013245 reg_loss 0.03818262368440628
epoch: 41 s: 768000 batch_loss 0.1817511022090912 BPR_loss 0.143249049782753 reg_loss 0.0385020449757576
epoch: 41 s: 1024000 batch_loss 0.18127518892288208 BPR_loss 0.14348238706588745 reg_loss 0.03779280185699463
epoch: 41 s: 1280000 batch_loss 0.17816230654716492 BPR_loss 0.13903775811195374 reg_loss 0.03912455216050148
using time 69.1224s, training loss at epoch 41: 119.9006
epoch: 42 s: 0 batch_loss 0.18096251785755157 BPR_loss 0.142978698015213 reg_loss 0.03798382356762886
epoch: 42 s: 256000 batch_loss 0.18097864091396332 BPR_loss 0.14135310053825378 reg_loss 0.039625540375709534
epoch: 42 s: 512000 batch_loss 0.17175421118736267 BPR_loss 0.13343366980552673 reg_loss 0.038320545107126236
epoch: 42 s: 768000 batch_loss 0.172464057803154 BPR_loss 0.13402296602725983 reg_loss 0.03844108805060387
epoch: 42 s: 1024000 batch_loss 0.17843034863471985 BPR_loss 0.13993339240550995 reg_loss 0.0384969525039196
epoch: 42 s: 1280000 batch_loss 0.17387574911117554 BPR_loss 0.13508667051792145 reg_loss 0.03878907486796379
using time 67.5797s, training loss at epoch 42: 117.3841
epoch: 43 s: 0 batch_loss 0.17042727768421173 BPR_loss 0.13181699812412262 reg_loss 0.03861028328537941
epoch: 43 s: 256000 batch_loss 0.17233185470104218 BPR_loss 0.1324739158153534 reg_loss 0.03985793516039848
epoch: 43 s: 512000 batch_loss 0.18194450438022614 BPR_loss 0.14217039942741394 reg_loss 0.039774104952812195
epoch: 43 s: 768000 batch_loss 0.17677117884159088 BPR_loss 0.13702787458896637 reg_loss 0.03974330797791481
epoch: 43 s: 1024000 batch_loss 0.1779860109090805 BPR_loss 0.1385273039340973 reg_loss 0.039458706974983215
epoch: 43 s: 1280000 batch_loss 0.17376400530338287 BPR_loss 0.13481809198856354 reg_loss 0.038945917040109634
using time 66.2997s, training loss at epoch 43: 115.2898
epoch: 44 s: 0 batch_loss 0.17105606198310852 BPR_loss 0.13099578022956848 reg_loss 0.04006027802824974
epoch: 44 s: 256000 batch_loss 0.16359540820121765 BPR_loss 0.12469232827425003 reg_loss 0.03890308737754822
epoch: 44 s: 512000 batch_loss 0.1699310839176178 BPR_loss 0.13122335076332092 reg_loss 0.03870772570371628
epoch: 44 s: 768000 batch_loss 0.16575267910957336 BPR_loss 0.12638592720031738 reg_loss 0.039366744458675385
epoch: 44 s: 1024000 batch_loss 0.1719529628753662 BPR_loss 0.13266965746879578 reg_loss 0.039283305406570435
epoch: 44 s: 1280000 batch_loss 0.16110803186893463 BPR_loss 0.12152060866355896 reg_loss 0.03958741948008537
using time 66.1011s, training loss at epoch 44: 113.2294
epoch: 45 s: 0 batch_loss 0.16424904763698578 BPR_loss 0.12482739239931107 reg_loss 0.03942165523767471
epoch: 45 s: 256000 batch_loss 0.16341829299926758 BPR_loss 0.12397374957799911 reg_loss 0.039444539695978165
epoch: 45 s: 512000 batch_loss 0.15931658446788788 BPR_loss 0.11958242952823639 reg_loss 0.03973415493965149
epoch: 45 s: 768000 batch_loss 0.1648648977279663 BPR_loss 0.12484419345855713 reg_loss 0.04002070799469948
epoch: 45 s: 1024000 batch_loss 0.1676531732082367 BPR_loss 0.12737888097763062 reg_loss 0.04027428850531578
epoch: 45 s: 1280000 batch_loss 0.16299709677696228 BPR_loss 0.12354874610900879 reg_loss 0.039448343217372894
+-------+------------------+--------------------+--------------------+------------------------------------+------------------------------------+------------------------------------+------------------------------------+
| Epoch | training time(s) |   tesing time(s)   |        Loss        |               recall               |                ndcg                |             precision              |             hit_ratio              |
+-------+------------------+--------------------+--------------------+------------------------------------+------------------------------------+------------------------------------+------------------------------------+
|   45  | 66.376535654068  | 252.98716711997986 | 111.00099182128906 | [0.0434768  0.06299889 0.0771134 ] | [0.01994306 0.02404531 0.02662155] | [0.00242689 0.00177517 0.00145691] | [0.04804118 0.06991858 0.08578626] |
|   45  | 66.376535654068  | 253.94702863693237 | 111.00099182128906 | [0.05953121 0.08487993 0.10374295] | [0.02715997 0.03249678 0.03595146] | [0.00340153 0.00244607 0.00200429] | [0.06684892 0.09543993 0.11661729] |
+-------+------------------+--------------------+--------------------+------------------------------------+------------------------------------+------------------------------------+------------------------------------+
epoch: 46 s: 0 batch_loss 0.1638481169939041 BPR_loss 0.12440123409032822 reg_loss 0.039446886628866196
epoch: 46 s: 256000 batch_loss 0.1565077006816864 BPR_loss 0.11626514792442322 reg_loss 0.040242552757263184
epoch: 46 s: 512000 batch_loss 0.16894279420375824 BPR_loss 0.1297142505645752 reg_loss 0.039228543639183044
epoch: 46 s: 768000 batch_loss 0.15606772899627686 BPR_loss 0.11537782847881317 reg_loss 0.040689896792173386
epoch: 46 s: 1024000 batch_loss 0.1590607464313507 BPR_loss 0.11858387291431427 reg_loss 0.04047686606645584
epoch: 46 s: 1280000 batch_loss 0.16421887278556824 BPR_loss 0.12461930513381958 reg_loss 0.039599575102329254
using time 67.9990s, training loss at epoch 46: 109.0506
epoch: 47 s: 0 batch_loss 0.158347487449646 BPR_loss 0.11827746033668518 reg_loss 0.04007001966238022
epoch: 47 s: 256000 batch_loss 0.15897917747497559 BPR_loss 0.11965825408697128 reg_loss 0.0393209233880043
epoch: 47 s: 512000 batch_loss 0.15637925267219543 BPR_loss 0.11548466235399246 reg_loss 0.040894582867622375
epoch: 47 s: 768000 batch_loss 0.1574614942073822 BPR_loss 0.11668907105922699 reg_loss 0.040772419422864914
epoch: 47 s: 1024000 batch_loss 0.15142574906349182 BPR_loss 0.11236526817083359 reg_loss 0.03906048461794853
epoch: 47 s: 1280000 batch_loss 0.1638364940881729 BPR_loss 0.12337645143270493 reg_loss 0.040460046380758286
using time 67.8994s, training loss at epoch 47: 106.9257
epoch: 48 s: 0 batch_loss 0.16003495454788208 BPR_loss 0.11933015286922455 reg_loss 0.04070479795336723
epoch: 48 s: 256000 batch_loss 0.15077459812164307 BPR_loss 0.11037112772464752 reg_loss 0.040403470396995544
epoch: 48 s: 512000 batch_loss 0.16124357283115387 BPR_loss 0.11970637738704681 reg_loss 0.041537199169397354
epoch: 48 s: 768000 batch_loss 0.1637289673089981 BPR_loss 0.12285982072353363 reg_loss 0.040869150310754776
epoch: 48 s: 1024000 batch_loss 0.15334732830524445 BPR_loss 0.11327125132083893 reg_loss 0.040076080709695816
epoch: 48 s: 1280000 batch_loss 0.16070544719696045 BPR_loss 0.12035172432661057 reg_loss 0.04035372659564018
using time 68.3655s, training loss at epoch 48: 105.1241
epoch: 49 s: 0 batch_loss 0.153694286942482 BPR_loss 0.11270467191934586 reg_loss 0.04098961502313614
epoch: 49 s: 256000 batch_loss 0.14708533883094788 BPR_loss 0.10631134361028671 reg_loss 0.04077399894595146
epoch: 49 s: 512000 batch_loss 0.16640141606330872 BPR_loss 0.12501859664916992 reg_loss 0.041382819414138794
epoch: 49 s: 768000 batch_loss 0.15507817268371582 BPR_loss 0.11445988714694977 reg_loss 0.04061829298734665
epoch: 49 s: 1024000 batch_loss 0.15062525868415833 BPR_loss 0.10974957048892975 reg_loss 0.040875691920518875
epoch: 49 s: 1280000 batch_loss 0.15226426720619202 BPR_loss 0.11146938800811768 reg_loss 0.04079487919807434
using time 66.2020s, training loss at epoch 49: 103.6907
epoch: 50 s: 0 batch_loss 0.1516137719154358 BPR_loss 0.10999199002981186 reg_loss 0.041621774435043335
epoch: 50 s: 256000 batch_loss 0.1548072248697281 BPR_loss 0.11358989775180817 reg_loss 0.04121732339262962
epoch: 50 s: 512000 batch_loss 0.1480078250169754 BPR_loss 0.1076173186302185 reg_loss 0.040390510112047195
epoch: 50 s: 768000 batch_loss 0.14222875237464905 BPR_loss 0.10156014561653137 reg_loss 0.04066860303282738
epoch: 50 s: 1024000 batch_loss 0.15473517775535583 BPR_loss 0.11483082175254822 reg_loss 0.03990435227751732
epoch: 50 s: 1280000 batch_loss 0.150980606675148 BPR_loss 0.11030593514442444 reg_loss 0.04067466780543327
+-------+-------------------+--------------------+-------------------+------------------------------------+------------------------------------+------------------------------------+------------------------------------+
| Epoch |  training time(s) |   tesing time(s)   |        Loss       |               recall               |                ndcg                |             precision              |             hit_ratio              |
+-------+-------------------+--------------------+-------------------+------------------------------------+------------------------------------+------------------------------------+------------------------------------+
|   50  | 66.30037498474121 | 247.29272532463074 | 101.8747787475586 | [0.04323001 0.06235917 0.07643273] | [0.0198254  0.02385157 0.02642074] | [0.00241009 0.00175837 0.00144547] | [0.04771989 0.06928329 0.08516558] |
|   50  | 66.30037498474121 | 247.2785050868988  | 101.8747787475586 | [0.05887345 0.08371293 0.10261772] | [0.02687832 0.03211338 0.03557357] | [0.00336175 0.00241397 0.0019817 ] | [0.06608471 0.09414786 0.11536462] |
+-------+-------------------+--------------------+-------------------+------------------------------------+------------------------------------+------------------------------------+------------------------------------+
epoch: 51 s: 0 batch_loss 0.14006084203720093 BPR_loss 0.09932368993759155 reg_loss 0.04073715582489967
epoch: 51 s: 256000 batch_loss 0.14854463934898376 BPR_loss 0.10710247606039047 reg_loss 0.04144216701388359
epoch: 51 s: 512000 batch_loss 0.15144166350364685 BPR_loss 0.11045189946889877 reg_loss 0.04098976403474808
epoch: 51 s: 768000 batch_loss 0.15415216982364655 BPR_loss 0.11275351047515869 reg_loss 0.04139866307377815
epoch: 51 s: 1024000 batch_loss 0.14989331364631653 BPR_loss 0.10864685475826263 reg_loss 0.04124646633863449
epoch: 51 s: 1280000 batch_loss 0.14827117323875427 BPR_loss 0.10683728009462357 reg_loss 0.04143389314413071
using time 67.9504s, training loss at epoch 51: 100.4693
epoch: 52 s: 0 batch_loss 0.14282500743865967 BPR_loss 0.10160917043685913 reg_loss 0.04121583327651024
epoch: 52 s: 256000 batch_loss 0.14631535112857819 BPR_loss 0.10649877786636353 reg_loss 0.03981657698750496
epoch: 52 s: 512000 batch_loss 0.14202304184436798 BPR_loss 0.09962335228919983 reg_loss 0.04239969328045845
epoch: 52 s: 768000 batch_loss 0.150300994515419 BPR_loss 0.1097756028175354 reg_loss 0.04052538797259331
epoch: 52 s: 1024000 batch_loss 0.14509880542755127 BPR_loss 0.10280777513980865 reg_loss 0.04229103401303291
epoch: 52 s: 1280000 batch_loss 0.15545661747455597 BPR_loss 0.11459776759147644 reg_loss 0.04085884615778923
using time 67.6208s, training loss at epoch 52: 98.8669
epoch: 53 s: 0 batch_loss 0.14406070113182068 BPR_loss 0.10271991789340973 reg_loss 0.04134078323841095
epoch: 53 s: 256000 batch_loss 0.13969476521015167 BPR_loss 0.09794431924819946 reg_loss 0.04175044596195221
epoch: 53 s: 512000 batch_loss 0.14324015378952026 BPR_loss 0.10146230459213257 reg_loss 0.04177785664796829
epoch: 53 s: 768000 batch_loss 0.15228617191314697 BPR_loss 0.10955700278282166 reg_loss 0.04272916167974472
epoch: 53 s: 1024000 batch_loss 0.1433342546224594 BPR_loss 0.1021793931722641 reg_loss 0.04115486517548561
epoch: 53 s: 1280000 batch_loss 0.14392878115177155 BPR_loss 0.10248414427042007 reg_loss 0.04144463688135147
using time 67.9761s, training loss at epoch 53: 97.3897
epoch: 54 s: 0 batch_loss 0.1386861503124237 BPR_loss 0.0961502194404602 reg_loss 0.0425359345972538
epoch: 54 s: 256000 batch_loss 0.15411376953125 BPR_loss 0.11186213791370392 reg_loss 0.04225163534283638
epoch: 54 s: 512000 batch_loss 0.15290403366088867 BPR_loss 0.11097195744514465 reg_loss 0.04193207249045372
epoch: 54 s: 768000 batch_loss 0.14234331250190735 BPR_loss 0.1013002097606659 reg_loss 0.04104311019182205
epoch: 54 s: 1024000 batch_loss 0.1433664858341217 BPR_loss 0.10178260505199432 reg_loss 0.04158387333154678
epoch: 54 s: 1280000 batch_loss 0.14967745542526245 BPR_loss 0.1081400066614151 reg_loss 0.04153744503855705
using time 67.5887s, training loss at epoch 54: 96.1347
epoch: 55 s: 0 batch_loss 0.1384955495595932 BPR_loss 0.09765175729990005 reg_loss 0.040843792259693146
epoch: 55 s: 256000 batch_loss 0.149659663438797 BPR_loss 0.10749620199203491 reg_loss 0.042163461446762085
epoch: 55 s: 512000 batch_loss 0.14454862475395203 BPR_loss 0.10268784314393997 reg_loss 0.04186078533530235
epoch: 55 s: 768000 batch_loss 0.1339488923549652 BPR_loss 0.0918535590171814 reg_loss 0.04209534078836441
epoch: 55 s: 1024000 batch_loss 0.14915138483047485 BPR_loss 0.1061682254076004 reg_loss 0.04298315942287445
epoch: 55 s: 1280000 batch_loss 0.13905851542949677 BPR_loss 0.09614893049001694 reg_loss 0.04290958121418953
+-------+-------------------+--------------------+-------------------+------------------------------------+------------------------------------+------------------------------------+------------------------------------+
| Epoch |  training time(s) |   tesing time(s)   |        Loss       |               recall               |                ndcg                |             precision              |             hit_ratio              |
+-------+-------------------+--------------------+-------------------+------------------------------------+------------------------------------+------------------------------------+------------------------------------+
|   55  | 66.57519888877869 | 251.74280786514282 | 94.59589385986328 | [0.04281017 0.06150587 0.07555385] | [0.01968416 0.02362229 0.02618377] | [0.00238782 0.00173482 0.00142758] | [0.04731096 0.0683413  0.08411406] |
|   55  | 66.57519888877869 | 245.4713649749756  | 94.59589385986328 | [0.05822904 0.08257038 0.1015709 ] | [0.02653456 0.03166837 0.0351518 ] | [0.00332393 0.00238029 0.00196319] | [0.06532838 0.09287155 0.11434041] |
+-------+-------------------+--------------------+-------------------+------------------------------------+------------------------------------+------------------------------------+------------------------------------+
epoch: 56 s: 0 batch_loss 0.13185729086399078 BPR_loss 0.08967790007591248 reg_loss 0.04217939451336861
epoch: 56 s: 256000 batch_loss 0.13294290006160736 BPR_loss 0.09097229689359665 reg_loss 0.04197060689330101
epoch: 56 s: 512000 batch_loss 0.14140519499778748 BPR_loss 0.09904846549034119 reg_loss 0.042356736958026886
epoch: 56 s: 768000 batch_loss 0.14332489669322968 BPR_loss 0.10167676955461502 reg_loss 0.04164813086390495
epoch: 56 s: 1024000 batch_loss 0.1362234354019165 BPR_loss 0.09373090416193008 reg_loss 0.04249252751469612
epoch: 56 s: 1280000 batch_loss 0.14126113057136536 BPR_loss 0.09828262031078339 reg_loss 0.04297851398587227
using time 68.2828s, training loss at epoch 56: 93.6433
epoch: 57 s: 0 batch_loss 0.14071089029312134 BPR_loss 0.09927955269813538 reg_loss 0.04143133386969566
epoch: 57 s: 256000 batch_loss 0.14291596412658691 BPR_loss 0.10121384263038635 reg_loss 0.04170212522149086
epoch: 57 s: 512000 batch_loss 0.1479741483926773 BPR_loss 0.10530228167772293 reg_loss 0.042671870440244675
epoch: 57 s: 768000 batch_loss 0.13963273167610168 BPR_loss 0.0975242555141449 reg_loss 0.042108483612537384
epoch: 57 s: 1024000 batch_loss 0.1324901431798935 BPR_loss 0.08976691961288452 reg_loss 0.04272322356700897
epoch: 57 s: 1280000 batch_loss 0.15238051116466522 BPR_loss 0.11007250845432281 reg_loss 0.042308006435632706
using time 67.5246s, training loss at epoch 57: 92.4666
epoch: 58 s: 0 batch_loss 0.14042547345161438 BPR_loss 0.09869541227817535 reg_loss 0.04173005744814873
epoch: 58 s: 256000 batch_loss 0.13681834936141968 BPR_loss 0.09411966800689697 reg_loss 0.042698681354522705
epoch: 58 s: 512000 batch_loss 0.141176238656044 BPR_loss 0.09848985821008682 reg_loss 0.042686380445957184
epoch: 58 s: 768000 batch_loss 0.14256596565246582 BPR_loss 0.09997805953025818 reg_loss 0.04258790984749794
epoch: 58 s: 1024000 batch_loss 0.1350174844264984 BPR_loss 0.09268243610858917 reg_loss 0.04233504459261894
epoch: 58 s: 1280000 batch_loss 0.1337285190820694 BPR_loss 0.09121770411729813 reg_loss 0.04251081496477127
using time 67.7307s, training loss at epoch 58: 91.2578
epoch: 59 s: 0 batch_loss 0.13986995816230774 BPR_loss 0.09749504923820496 reg_loss 0.04237491264939308
epoch: 59 s: 256000 batch_loss 0.13287639617919922 BPR_loss 0.09008854627609253 reg_loss 0.04278784617781639
epoch: 59 s: 512000 batch_loss 0.13649910688400269 BPR_loss 0.09372253715991974 reg_loss 0.042776573449373245
epoch: 59 s: 768000 batch_loss 0.13104401528835297 BPR_loss 0.08839647471904755 reg_loss 0.04264754429459572
epoch: 59 s: 1024000 batch_loss 0.12934117019176483 BPR_loss 0.08621159940958023 reg_loss 0.0431295707821846
epoch: 59 s: 1280000 batch_loss 0.13937115669250488 BPR_loss 0.09667675942182541 reg_loss 0.042694393545389175
using time 67.0922s, training loss at epoch 59: 90.1585
epoch: 60 s: 0 batch_loss 0.14410656690597534 BPR_loss 0.10190729796886444 reg_loss 0.042199261486530304
epoch: 60 s: 256000 batch_loss 0.1347179263830185 BPR_loss 0.09306914359331131 reg_loss 0.041648779064416885
epoch: 60 s: 512000 batch_loss 0.12394401431083679 BPR_loss 0.08088542520999908 reg_loss 0.04305858537554741
epoch: 60 s: 768000 batch_loss 0.12928885221481323 BPR_loss 0.0862422063946724 reg_loss 0.04304664209485054
epoch: 60 s: 1024000 batch_loss 0.12859240174293518 BPR_loss 0.08591976761817932 reg_loss 0.04267262667417526
epoch: 60 s: 1280000 batch_loss 0.1356627643108368 BPR_loss 0.09197650104761124 reg_loss 0.04368625953793526
+-------+------------------+-------------------+-------------------+------------------------------------+------------------------------------+------------------------------------+------------------------------------+
| Epoch | training time(s) |   tesing time(s)  |        Loss       |               recall               |                ndcg                |             precision              |             hit_ratio              |
+-------+------------------+-------------------+-------------------+------------------------------------+------------------------------------+------------------------------------+------------------------------------+
|   60  | 67.2513279914856 | 248.9230387210846 | 88.98456573486328 | [0.0424989  0.06128872 0.07445808] | [0.0195353  0.02348911 0.02589538] | [0.00236993 0.0017277  0.00140799] | [0.04696046 0.06808573 0.08290189] |
|   60  | 67.2513279914856 | 245.6508400440216 | 88.98456573486328 | [0.0577189  0.08177173 0.10076354] | [0.02622469 0.03129577 0.03477238] | [0.00329675 0.00235901 0.00194704] | [0.06481627 0.09204431 0.113395  ] |
+-------+------------------+-------------------+-------------------+------------------------------------+------------------------------------+------------------------------------+------------------------------------+
epoch: 61 s: 0 batch_loss 0.12615875899791718 BPR_loss 0.08277496695518494 reg_loss 0.04338378831744194
epoch: 61 s: 256000 batch_loss 0.142377108335495 BPR_loss 0.0994931161403656 reg_loss 0.04288399592041969
epoch: 61 s: 512000 batch_loss 0.12849706411361694 BPR_loss 0.08520784974098206 reg_loss 0.04328920692205429
epoch: 61 s: 768000 batch_loss 0.1289159208536148 BPR_loss 0.08628810197114944 reg_loss 0.04262781888246536
epoch: 61 s: 1024000 batch_loss 0.1389511227607727 BPR_loss 0.09627918154001236 reg_loss 0.042671941220760345
epoch: 61 s: 1280000 batch_loss 0.13652154803276062 BPR_loss 0.09349523484706879 reg_loss 0.04302630573511124
using time 71.4735s, training loss at epoch 61: 88.0333
epoch: 62 s: 0 batch_loss 0.12570375204086304 BPR_loss 0.0827537551522255 reg_loss 0.042949989438056946
epoch: 62 s: 256000 batch_loss 0.12376753985881805 BPR_loss 0.08092967420816422 reg_loss 0.04283786192536354
epoch: 62 s: 512000 batch_loss 0.12698282301425934 BPR_loss 0.08344481140375137 reg_loss 0.043538011610507965
epoch: 62 s: 768000 batch_loss 0.12653149664402008 BPR_loss 0.08408327400684357 reg_loss 0.042448222637176514
epoch: 62 s: 1024000 batch_loss 0.14297054708003998 BPR_loss 0.09951096773147583 reg_loss 0.04345957562327385
epoch: 62 s: 1280000 batch_loss 0.12917424738407135 BPR_loss 0.08610747754573822 reg_loss 0.04306676983833313
using time 77.1516s, training loss at epoch 62: 86.9704
epoch: 63 s: 0 batch_loss 0.12763474881649017 BPR_loss 0.08440174907445908 reg_loss 0.0432329997420311
epoch: 63 s: 256000 batch_loss 0.13793867826461792 BPR_loss 0.09491874277591705 reg_loss 0.04301993176341057
epoch: 63 s: 512000 batch_loss 0.12396396696567535 BPR_loss 0.08113247156143188 reg_loss 0.04283149540424347
epoch: 63 s: 768000 batch_loss 0.13070443272590637 BPR_loss 0.08773696422576904 reg_loss 0.04296746850013733
epoch: 63 s: 1024000 batch_loss 0.13270466029644012 BPR_loss 0.08899383246898651 reg_loss 0.04371082782745361
epoch: 63 s: 1280000 batch_loss 0.12150631844997406 BPR_loss 0.07853904366493225 reg_loss 0.04296727851033211
using time 70.4185s, training loss at epoch 63: 86.0500
epoch: 64 s: 0 batch_loss 0.13020965456962585 BPR_loss 0.08692517131567001 reg_loss 0.04328448697924614
epoch: 64 s: 256000 batch_loss 0.12626107037067413 BPR_loss 0.08343763649463654 reg_loss 0.0428234301507473
epoch: 64 s: 512000 batch_loss 0.11870936304330826 BPR_loss 0.07576292753219604 reg_loss 0.04294643551111221
epoch: 64 s: 768000 batch_loss 0.12318265438079834 BPR_loss 0.07983901351690292 reg_loss 0.043343640863895416
epoch: 64 s: 1024000 batch_loss 0.12711533904075623 BPR_loss 0.0831151157617569 reg_loss 0.04400021582841873
epoch: 64 s: 1280000 batch_loss 0.12329728901386261 BPR_loss 0.0800798311829567 reg_loss 0.04321746155619621
using time 71.6808s, training loss at epoch 64: 85.2702
epoch: 65 s: 0 batch_loss 0.12232743203639984 BPR_loss 0.07959889620542526 reg_loss 0.04272853210568428
epoch: 65 s: 256000 batch_loss 0.12313111126422882 BPR_loss 0.08027660101652145 reg_loss 0.04285451024770737
epoch: 65 s: 512000 batch_loss 0.1281910091638565 BPR_loss 0.08505457639694214 reg_loss 0.04313642904162407
epoch: 65 s: 768000 batch_loss 0.12701287865638733 BPR_loss 0.08395498991012573 reg_loss 0.0430578850209713
epoch: 65 s: 1024000 batch_loss 0.1270560920238495 BPR_loss 0.08310124278068542 reg_loss 0.04395485296845436
epoch: 65 s: 1280000 batch_loss 0.12375422567129135 BPR_loss 0.08069606125354767 reg_loss 0.04305816441774368
+-------+------------------+--------------------+-------------------+------------------------------------+------------------------------------+------------------------------------+------------------------------------+
| Epoch | training time(s) |   tesing time(s)   |        Loss       |               recall               |                ndcg                |             precision              |             hit_ratio              |
+-------+------------------+--------------------+-------------------+------------------------------------+------------------------------------+------------------------------------+------------------------------------+
|   65  | 72.0736575126648 | 267.1412672996521  | 84.18759155273438 | [0.04220164 0.06031082 0.07355552] | [0.01933313 0.02313531 0.02555592] | [0.00235423 0.00169831 0.00138997] | [0.04666837 0.06693198 0.08188689] |
|   65  | 72.0736575126648 | 247.94940304756165 | 84.18759155273438 | [0.05718467 0.08138895 0.09983879] | [0.02606743 0.0311748  0.03455175] | [0.00326642 0.00234818 0.00192957] | [0.064186   0.09162675 0.11233928] |
+-------+------------------+--------------------+-------------------+------------------------------------+------------------------------------+------------------------------------+------------------------------------+
Early stopping is trigger at step: 10 log:0.057184669322831554
early stopping at 65, recall@20:0.0629
