Namespace(K=1, Ks='[20, 40, 60]', batch_size=2048, batch_test_flag=True, context_hops=3, cuda=True, data_path='data/', dataset='ifashion', dim=64, edge_dropout=False, edge_dropout_rate=0.1, epoch=1000, eps=0.01, gnn='lightgcn', gpu_id=1, l2=0.0001, lr=0.001, mess_dropout=False, mess_dropout_rate=0.1, n_negs=16, ns='mixgcf', out_dir='./weights/yelp2018/', pool='mean', save=False, test_batch_size=2048, test_flag='part')
reading train and test user-item set ...
building the adj mat ...
loading over ...
这是最原始版本的MixGCF...

start training ...
epoch: 0 s: 0 batch_loss 0.6931487917900085 BPR_loss 0.6931486129760742 reg_loss 1.537081857350131e-07
epoch: 0 s: 256000 batch_loss 0.6880820393562317 BPR_loss 0.6880722045898438 reg_loss 9.808832146518398e-06
epoch: 0 s: 512000 batch_loss 0.654272198677063 BPR_loss 0.6542016267776489 reg_loss 7.057143375277519e-05
epoch: 0 s: 768000 batch_loss 0.6337755918502808 BPR_loss 0.6336395740509033 reg_loss 0.00013599869271274656
epoch: 0 s: 1024000 batch_loss 0.5975035429000854 BPR_loss 0.5972906947135925 reg_loss 0.00021285106777213514
+-------+-------------------+--------------------+--------------------+------------------------------------+------------------------------------+------------------------------------+------------------------------------+
| Epoch |  training time(s) |   tesing time(s)   |        Loss        |               recall               |                ndcg                |             precision              |             hit_ratio              |
+-------+-------------------+--------------------+--------------------+------------------------------------+------------------------------------+------------------------------------+------------------------------------+
|   0   | 132.0004904270172 | 1053.0620293617249 | 395.90411376953125 | [0.05187578 0.08020331 0.10292529] | [0.02275464 0.02881571 0.03304221] | [0.00323288 0.00251267 0.00215804] | [0.06338177 0.09749411 0.12456899] |
|   0   | 132.0004904270172 |  925.534033536911  | 395.90411376953125 | [0.05187578 0.08020331 0.10292529] | [0.02275464 0.02881571 0.03304221] | [0.00323288 0.00251267 0.00215804] | [0.06338177 0.09749411 0.12456899] |
+-------+-------------------+--------------------+--------------------+------------------------------------+------------------------------------+------------------------------------+------------------------------------+
epoch: 1 s: 0 batch_loss 0.5859178900718689 BPR_loss 0.5856524109840393 reg_loss 0.00026546945446170866
epoch: 1 s: 256000 batch_loss 0.589208722114563 BPR_loss 0.588900089263916 reg_loss 0.00030861663981340826
epoch: 1 s: 512000 batch_loss 0.569098949432373 BPR_loss 0.568718671798706 reg_loss 0.00038026052061468363
epoch: 1 s: 768000 batch_loss 0.5694249272346497 BPR_loss 0.5689971446990967 reg_loss 0.00042777604539878666
epoch: 1 s: 1024000 batch_loss 0.5653154850006104 BPR_loss 0.5648280382156372 reg_loss 0.0004874483565799892
+-------+-------------------+--------------------+-------------------+------------------------------------+------------------------------------+------------------------------------+------------------------------------+
| Epoch |  training time(s) |   tesing time(s)   |        Loss       |               recall               |                ndcg                |             precision              |             hit_ratio              |
+-------+-------------------+--------------------+-------------------+------------------------------------+------------------------------------+------------------------------------+------------------------------------+
|   1   | 132.4563705921173 | 1191.4340007305145 | 350.0670166015625 | [0.0602892  0.0924903  0.11776576] | [0.02662935 0.03353505 0.03823668] | [0.00375864 0.00290137 0.00247055] | [0.07352137 0.1122274  0.14206593] |
|   1   | 132.4563705921173 | 1178.3619976043701 | 350.0670166015625 | [0.0602892  0.0924903  0.11776576] | [0.02662935 0.03353505 0.03823668] | [0.00375864 0.00290137 0.00247055] | [0.07352137 0.1122274  0.14206593] |
+-------+-------------------+--------------------+-------------------+------------------------------------+------------------------------------+------------------------------------+------------------------------------+
epoch: 2 s: 0 batch_loss 0.5536572337150574 BPR_loss 0.5531328320503235 reg_loss 0.0005244144704192877
epoch: 2 s: 256000 batch_loss 0.5401776432991028 BPR_loss 0.5396196246147156 reg_loss 0.0005580346332862973
epoch: 2 s: 512000 batch_loss 0.5229352116584778 BPR_loss 0.5222856998443604 reg_loss 0.0006495319539681077
epoch: 2 s: 768000 batch_loss 0.5280120372772217 BPR_loss 0.5273432731628418 reg_loss 0.0006687626009806991
epoch: 2 s: 1024000 batch_loss 0.5155472159385681 BPR_loss 0.5148297548294067 reg_loss 0.0007174611673690379
+-------+--------------------+--------------------+-------------------+------------------------------------+------------------------------------+------------------------------------+------------------------------------+
| Epoch |  training time(s)  |   tesing time(s)   |        Loss       |               recall               |                ndcg                |             precision              |             hit_ratio              |
+-------+--------------------+--------------------+-------------------+------------------------------------+------------------------------------+------------------------------------+------------------------------------+
|   2   | 130.90928292274475 | 1168.3265619277954 | 325.5798645019531 | [0.0668041  0.10165183 0.12812358] | [0.02973789 0.03720601 0.04213577] | [0.0041717  0.00319048 0.00269106] | [0.08143665 0.12292865 0.15413972] |
|   2   | 130.90928292274475 | 1173.7666385173798 | 325.5798645019531 | [0.0668041  0.10165183 0.12812358] | [0.02973789 0.03720601 0.04213577] | [0.0041717  0.00319048 0.00269106] | [0.08143665 0.12292865 0.15413972] |
+-------+--------------------+--------------------+-------------------+------------------------------------+------------------------------------+------------------------------------+------------------------------------+
epoch: 3 s: 0 batch_loss 0.5165181756019592 BPR_loss 0.5157711505889893 reg_loss 0.0007469981792382896
epoch: 3 s: 256000 batch_loss 0.5045775771141052 BPR_loss 0.5037497282028198 reg_loss 0.0008278273162432015
epoch: 3 s: 512000 batch_loss 0.5184428691864014 BPR_loss 0.5176119804382324 reg_loss 0.000830908480565995
epoch: 3 s: 768000 batch_loss 0.502409815788269 BPR_loss 0.5015254616737366 reg_loss 0.0008843675605021417
epoch: 3 s: 1024000 batch_loss 0.49235573410987854 BPR_loss 0.49145275354385376 reg_loss 0.0009029663051478565
+-------+--------------------+--------------------+--------------------+------------------------------------+------------------------------------+------------------------------------+------------------------------------+
| Epoch |  training time(s)  |   tesing time(s)   |        Loss        |               recall               |                ndcg                |             precision              |             hit_ratio              |
+-------+--------------------+--------------------+--------------------+------------------------------------+------------------------------------+------------------------------------+------------------------------------+
|   3   | 124.93551254272461 | 1183.5880982875824 | 307.18890380859375 | [0.07239082 0.10933116 0.13685064] | [0.03247769 0.04040069 0.04552943] | [0.00451465 0.00343178 0.0028776 ] | [0.08804636 0.13194494 0.16425699] |
|   3   | 124.93551254272461 | 1151.8723821640015 | 307.18890380859375 | [0.07239082 0.10933116 0.13685064] | [0.03247769 0.04040069 0.04552943] | [0.00451465 0.00343178 0.0028776 ] | [0.08804636 0.13194494 0.16425699] |
+-------+--------------------+--------------------+--------------------+------------------------------------+------------------------------------+------------------------------------+------------------------------------+
epoch: 4 s: 0 batch_loss 0.48606497049331665 BPR_loss 0.48511284589767456 reg_loss 0.0009521182510070503
epoch: 4 s: 256000 batch_loss 0.48179930448532104 BPR_loss 0.4807949960231781 reg_loss 0.0010043054353445768
epoch: 4 s: 512000 batch_loss 0.4753744900226593 BPR_loss 0.474323570728302 reg_loss 0.0010509316343814135
epoch: 4 s: 768000 batch_loss 0.472475528717041 BPR_loss 0.4714217185974121 reg_loss 0.0010538034839555621
epoch: 4 s: 1024000 batch_loss 0.4654850959777832 BPR_loss 0.4643923044204712 reg_loss 0.0010927882976830006
+-------+--------------------+--------------------+-------------------+------------------------------------+------------------------------------+------------------------------------+------------------------------------+
| Epoch |  training time(s)  |   tesing time(s)   |        Loss       |               recall               |                ndcg                |             precision              |             hit_ratio              |
+-------+--------------------+--------------------+-------------------+------------------------------------+------------------------------------+------------------------------------+------------------------------------+
|   4   | 118.43877077102661 | 1195.0725512504578 | 291.0853576660156 | [0.07699797 0.11557543 0.1444989 ] | [0.03475998 0.04303806 0.04843135] | [0.00480441 0.00363022 0.00304089] | [0.09349556 0.13925393 0.17305754] |
|   4   | 118.43877077102661 | 1139.9759142398834 | 291.0853576660156 | [0.07699797 0.11557543 0.1444989 ] | [0.03475998 0.04303806 0.04843135] | [0.00480441 0.00363022 0.00304089] | [0.09349556 0.13925393 0.17305754] |
+-------+--------------------+--------------------+-------------------+------------------------------------+------------------------------------+------------------------------------+------------------------------------+
epoch: 5 s: 0 batch_loss 0.4633339047431946 BPR_loss 0.4622155427932739 reg_loss 0.0011183558963239193
epoch: 5 s: 256000 batch_loss 0.45441970229148865 BPR_loss 0.45325782895088196 reg_loss 0.0011618782300502062
epoch: 5 s: 512000 batch_loss 0.4564056098461151 BPR_loss 0.45522528886795044 reg_loss 0.0011803342495113611
epoch: 5 s: 768000 batch_loss 0.4611416459083557 BPR_loss 0.459906667470932 reg_loss 0.001234975061379373
epoch: 5 s: 1024000 batch_loss 0.43714219331741333 BPR_loss 0.43586617708206177 reg_loss 0.0012760042445734143
+-------+--------------------+--------------------+-------------------+------------------------------------+------------------------------------+------------------------------------+------------------------------------+
| Epoch |  training time(s)  |   tesing time(s)   |        Loss       |               recall               |                ndcg                |             precision              |             hit_ratio              |
+-------+--------------------+--------------------+-------------------+------------------------------------+------------------------------------+------------------------------------+------------------------------------+
|   5   | 119.44990611076355 | 1178.2459454536438 | 277.0652160644531 | [0.08153563 0.12118791 0.15087452] | [0.03684722 0.04535454 0.05088897] | [0.00508672 0.0038109  0.00317709] | [0.09882945 0.14587107 0.18039628] |
|   5   | 119.44990611076355 | 1137.2144384384155 | 277.0652160644531 | [0.08153563 0.12118791 0.15087452] | [0.03684722 0.04535454 0.05088897] | [0.00508672 0.0038109  0.00317709] | [0.09882945 0.14587107 0.18039628] |
+-------+--------------------+--------------------+-------------------+------------------------------------+------------------------------------+------------------------------------+------------------------------------+
epoch: 6 s: 0 batch_loss 0.4435538947582245 BPR_loss 0.44223833084106445 reg_loss 0.0013155617052689195
epoch: 6 s: 256000 batch_loss 0.43521687388420105 BPR_loss 0.4338860511779785 reg_loss 0.0013308351626619697
epoch: 6 s: 512000 batch_loss 0.4305039644241333 BPR_loss 0.42915087938308716 reg_loss 0.0013530936557799578
epoch: 6 s: 768000 batch_loss 0.437453955411911 BPR_loss 0.43604251742362976 reg_loss 0.0014114250661805272
epoch: 6 s: 1024000 batch_loss 0.42333120107650757 BPR_loss 0.42192625999450684 reg_loss 0.001404938055202365
+-------+--------------------+--------------------+-------------------+------------------------------------+------------------------------------+------------------------------------+------------------------------------+
| Epoch |  training time(s)  |   tesing time(s)   |        Loss       |               recall               |                ndcg                |             precision              |             hit_ratio              |
+-------+--------------------+--------------------+-------------------+------------------------------------+------------------------------------+------------------------------------+------------------------------------+
|   6   | 124.76983857154846 | 1155.0871472358704 | 263.9998779296875 | [0.08499477 0.12571805 0.1560759 ] | [0.03867168 0.04741951 0.05308486] | [0.00530246 0.00395448 0.00328892] | [0.10285776 0.15111941 0.18636622] |
|   6   | 124.76983857154846 | 1147.897924900055  | 263.9998779296875 | [0.08499477 0.12571805 0.1560759 ] | [0.03867168 0.04741951 0.05308486] | [0.00530246 0.00395448 0.00328892] | [0.10285776 0.15111941 0.18636622] |
+-------+--------------------+--------------------+-------------------+------------------------------------+------------------------------------+------------------------------------+------------------------------------+
epoch: 7 s: 0 batch_loss 0.4230424463748932 BPR_loss 0.42160218954086304 reg_loss 0.0014402493834495544
epoch: 7 s: 256000 batch_loss 0.41943541169166565 BPR_loss 0.4179236888885498 reg_loss 0.0015117345610633492
epoch: 7 s: 512000 batch_loss 0.39367055892944336 BPR_loss 0.3920876979827881 reg_loss 0.0015828642062842846
epoch: 7 s: 768000 batch_loss 0.39502570033073425 BPR_loss 0.3934352993965149 reg_loss 0.0015903989551588893
epoch: 7 s: 1024000 batch_loss 0.4116250276565552 BPR_loss 0.41007059812545776 reg_loss 0.001554436283186078
+-------+--------------------+--------------------+--------------------+------------------------------------+------------------------------------+------------------------------------+------------------------------------+
| Epoch |  training time(s)  |   tesing time(s)   |        Loss        |               recall               |                ndcg                |             precision              |             hit_ratio              |
+-------+--------------------+--------------------+--------------------+------------------------------------+------------------------------------+------------------------------------+------------------------------------+
|   7   | 125.46988010406494 | 1167.4889302253723 | 251.35768127441406 | [0.08817009 0.1298128  0.16076268] | [0.04042531 0.04937731 0.05515368] | [0.00550536 0.00408894 0.00339109] | [0.10673357 0.15594743 0.19178938] |
|   7   | 125.46988010406494 | 1159.4774866104126 | 251.35768127441406 | [0.08817009 0.1298128  0.16076268] | [0.04042531 0.04937731 0.05515368] | [0.00550536 0.00408894 0.00339109] | [0.10673357 0.15594743 0.19178938] |
+-------+--------------------+--------------------+--------------------+------------------------------------+------------------------------------+------------------------------------+------------------------------------+
epoch: 8 s: 0 batch_loss 0.4024850130081177 BPR_loss 0.40084362030029297 reg_loss 0.0016414038836956024
epoch: 8 s: 256000 batch_loss 0.38115909695625305 BPR_loss 0.3794730305671692 reg_loss 0.0016860588220879436
epoch: 8 s: 512000 batch_loss 0.3720647990703583 BPR_loss 0.3703203797340393 reg_loss 0.0017444276018068194
epoch: 8 s: 768000 batch_loss 0.3945287764072418 BPR_loss 0.39280009269714355 reg_loss 0.0017286725342273712
epoch: 8 s: 1024000 batch_loss 0.36780640482902527 BPR_loss 0.36600589752197266 reg_loss 0.0018004932207986712
+-------+--------------------+--------------------+-------------------+------------------------------------+------------------------------------+------------------------------------+------------------------------------+
| Epoch |  training time(s)  |   tesing time(s)   |        Loss       |               recall               |                ndcg                |             precision              |             hit_ratio              |
+-------+--------------------+--------------------+-------------------+------------------------------------+------------------------------------+------------------------------------+------------------------------------+
|   8   | 118.92001843452454 | 1176.5326011180878 | 239.3202667236328 | [0.09096742 0.13349511 0.16484456] | [0.04188033 0.05102466 0.05687591] | [0.00568595 0.00420704 0.00347918] | [0.11013327 0.16023984 0.19656905] |
|   8   | 118.92001843452454 | 1145.3675644397736 | 239.3202667236328 | [0.09096742 0.13349511 0.16484456] | [0.04188033 0.05102466 0.05687591] | [0.00568595 0.00420704 0.00347918] | [0.11013327 0.16023984 0.19656905] |
+-------+--------------------+--------------------+-------------------+------------------------------------+------------------------------------+------------------------------------+------------------------------------+
epoch: 9 s: 0 batch_loss 0.37750518321990967 BPR_loss 0.37565433979034424 reg_loss 0.0018508504144847393
epoch: 9 s: 256000 batch_loss 0.3677337169647217 BPR_loss 0.3659054636955261 reg_loss 0.0018282632809132338
epoch: 9 s: 512000 batch_loss 0.370022177696228 BPR_loss 0.368171364068985 reg_loss 0.0018507987260818481
epoch: 9 s: 768000 batch_loss 0.373547226190567 BPR_loss 0.37164103984832764 reg_loss 0.0019061877392232418
epoch: 9 s: 1024000 batch_loss 0.3583005368709564 BPR_loss 0.3563145101070404 reg_loss 0.0019860300235450268
+-------+--------------------+--------------------+--------------------+------------------------------------+------------------------------------+------------------------------------+------------------------------------+
| Epoch |  training time(s)  |   tesing time(s)   |        Loss        |               recall               |                ndcg                |             precision              |             hit_ratio              |
+-------+--------------------+--------------------+--------------------+------------------------------------+------------------------------------+------------------------------------+------------------------------------+
|   9   | 122.98387384414673 |  1167.68474817276  | 227.90623474121094 | [0.09377603 0.13671743 0.16835712] | [0.04337024 0.05261085 0.05851938] | [0.00586114 0.0043123  0.00355617] | [0.11335444 0.16407473 0.20072383] |
|   9   | 122.98387384414673 | 1142.8866393566132 | 227.90623474121094 | [0.09377603 0.13671743 0.16835712] | [0.04337024 0.05261085 0.05851938] | [0.00586114 0.0043123  0.00355617] | [0.11335444 0.16407473 0.20072383] |
+-------+--------------------+--------------------+--------------------+------------------------------------+------------------------------------+------------------------------------+------------------------------------+
epoch: 10 s: 0 batch_loss 0.36886489391326904 BPR_loss 0.36692458391189575 reg_loss 0.0019403052283450961
epoch: 10 s: 256000 batch_loss 0.36741864681243896 BPR_loss 0.36544379591941833 reg_loss 0.00197485345415771
epoch: 10 s: 512000 batch_loss 0.3502422869205475 BPR_loss 0.34822678565979004 reg_loss 0.0020155012607574463
epoch: 10 s: 768000 batch_loss 0.3627683222293854 BPR_loss 0.3607085347175598 reg_loss 0.002059781923890114
epoch: 10 s: 1024000 batch_loss 0.3604833781719208 BPR_loss 0.35836315155029297 reg_loss 0.002120238495990634
+-------+--------------------+--------------------+-------------+------------------------------------+------------------------------------+------------------------------------+------------------------------------+
| Epoch |  training time(s)  |   tesing time(s)   |     Loss    |               recall               |                ndcg                |             precision              |             hit_ratio              |
+-------+--------------------+--------------------+-------------+------------------------------------+------------------------------------+------------------------------------+------------------------------------+
|   10  | 125.44811415672302 | 1181.2728762626648 | 216.7421875 | [0.09634945 0.13954401 0.17179166] | [0.04465582 0.05395958 0.05998606] | [0.00602183 0.00440483 0.00363143] | [0.1163859  0.16738517 0.20468519] |
|   10  | 125.44811415672302 | 1155.604219198227  | 216.7421875 | [0.09634945 0.13954401 0.17179166] | [0.04465582 0.05395958 0.05998606] | [0.00602183 0.00440483 0.00363143] | [0.1163859  0.16738517 0.20468519] |
+-------+--------------------+--------------------+-------------+------------------------------------+------------------------------------+------------------------------------+------------------------------------+
epoch: 11 s: 0 batch_loss 0.3519875109195709 BPR_loss 0.34987303614616394 reg_loss 0.0021144866477698088
epoch: 11 s: 256000 batch_loss 0.33990684151649475 BPR_loss 0.33774882555007935 reg_loss 0.0021580129396170378
epoch: 11 s: 512000 batch_loss 0.32725971937179565 BPR_loss 0.3250361680984497 reg_loss 0.002223550109192729
epoch: 11 s: 768000 batch_loss 0.3355408310890198 BPR_loss 0.33337587118148804 reg_loss 0.0021649568807333708
epoch: 11 s: 1024000 batch_loss 0.3236280679702759 BPR_loss 0.3213924467563629 reg_loss 0.0022356128320097923
+-------+--------------------+--------------------+-------------------+------------------------------------+------------------------------------+------------------------------------+------------------------------------+
| Epoch |  training time(s)  |   tesing time(s)   |        Loss       |               recall               |                ndcg                |             precision              |             hit_ratio              |
+-------+--------------------+--------------------+-------------------+------------------------------------+------------------------------------+------------------------------------+------------------------------------+
|   11  | 123.03571486473083 | 1192.996827840805  | 206.3838348388672 | [0.09832632 0.1425484  0.17504686] | [0.04574899 0.05526781 0.06134185] | [0.00615052 0.00449959 0.00370242] | [0.11875156 0.17081091 0.20841966] |
|   11  | 123.03571486473083 | 1158.5190923213959 | 206.3838348388672 | [0.09832632 0.1425484  0.17504686] | [0.04574899 0.05526781 0.06134185] | [0.00615052 0.00449959 0.00370242] | [0.11875156 0.17081091 0.20841966] |
+-------+--------------------+--------------------+-------------------+------------------------------------+------------------------------------+------------------------------------+------------------------------------+
epoch: 12 s: 0 batch_loss 0.3291843831539154 BPR_loss 0.3268895745277405 reg_loss 0.0022948188707232475
epoch: 12 s: 256000 batch_loss 0.3200521767139435 BPR_loss 0.3176855742931366 reg_loss 0.0023666026536375284
epoch: 12 s: 512000 batch_loss 0.3179432451725006 BPR_loss 0.3156055510044098 reg_loss 0.002337682293727994
epoch: 12 s: 768000 batch_loss 0.32671573758125305 BPR_loss 0.324306845664978 reg_loss 0.0024089026264846325
epoch: 12 s: 1024000 batch_loss 0.31757375597953796 BPR_loss 0.3151526153087616 reg_loss 0.0024211471900343895
+-------+--------------------+--------------------+--------------------+------------------------------------+------------------------------------+------------------------------------+------------------------------------+
| Epoch |  training time(s)  |   tesing time(s)   |        Loss        |               recall               |                ndcg                |             precision              |             hit_ratio              |
+-------+--------------------+--------------------+--------------------+------------------------------------+------------------------------------+------------------------------------+------------------------------------+
|   12  | 122.57950711250305 | 1157.5864012241364 | 195.64312744140625 | [0.10032754 0.14488071 0.17768587] | [0.04676412 0.05636235 0.06249505] | [0.00627606 0.00457816 0.00376075] | [0.12110606 0.173582   0.21143996] |
|   12  | 122.57950711250305 | 1136.521601676941  | 195.64312744140625 | [0.10032754 0.14488071 0.17768587] | [0.04676412 0.05636235 0.06249505] | [0.00627606 0.00457816 0.00376075] | [0.12110606 0.173582   0.21143996] |
+-------+--------------------+--------------------+--------------------+------------------------------------+------------------------------------+------------------------------------+------------------------------------+
epoch: 13 s: 0 batch_loss 0.3030146658420563 BPR_loss 0.30053314566612244 reg_loss 0.0024815325159579515
epoch: 13 s: 256000 batch_loss 0.29786422848701477 BPR_loss 0.2952998876571655 reg_loss 0.0025643508415669203
epoch: 13 s: 512000 batch_loss 0.31623682379722595 BPR_loss 0.31371885538101196 reg_loss 0.002517962595447898
epoch: 13 s: 768000 batch_loss 0.2866593301296234 BPR_loss 0.2840609550476074 reg_loss 0.0025983615778386593
epoch: 13 s: 1024000 batch_loss 0.29201555252075195 BPR_loss 0.2894250452518463 reg_loss 0.002590513089671731
+-------+--------------------+--------------------+--------------------+------------------------------------+------------------------------------+------------------------------------+------------------------------------+
| Epoch |  training time(s)  |   tesing time(s)   |        Loss        |               recall               |                ndcg                |             precision              |             hit_ratio              |
+-------+--------------------+--------------------+--------------------+------------------------------------+------------------------------------+------------------------------------+------------------------------------+
|   13  | 120.57002854347229 | 1184.6551039218903 | 186.00808715820312 | [0.10195251 0.14723299 0.1802066 ] | [0.04768518 0.05743649 0.06360646] | [0.00638486 0.00465432 0.00381902] | [0.12311835 0.17634565 0.21432264] |
|   13  | 120.57002854347229 | 892.9386224746704  | 186.00808715820312 | [0.10195251 0.14723299 0.1802066 ] | [0.04768518 0.05743649 0.06360646] | [0.00638486 0.00465432 0.00381902] | [0.12311835 0.17634565 0.21432264] |
+-------+--------------------+--------------------+--------------------+------------------------------------+------------------------------------+------------------------------------+------------------------------------+
epoch: 14 s: 0 batch_loss 0.2867271900177002 BPR_loss 0.2840613126754761 reg_loss 0.002665875246748328
epoch: 14 s: 256000 batch_loss 0.2928682565689087 BPR_loss 0.2902126908302307 reg_loss 0.0026555738877505064
epoch: 14 s: 512000 batch_loss 0.29541945457458496 BPR_loss 0.29278242588043213 reg_loss 0.0026370352134108543
epoch: 14 s: 768000 batch_loss 0.28208762407302856 BPR_loss 0.27935144305229187 reg_loss 0.0027361682150512934
epoch: 14 s: 1024000 batch_loss 0.2896561026573181 BPR_loss 0.28694137930870056 reg_loss 0.0027147140353918076
+-------+-------------------+-------------------+--------------------+------------------------------------+------------------------------------+------------------------------------+------------------------------------+
| Epoch |  training time(s) |   tesing time(s)  |        Loss        |               recall               |                ndcg                |             precision              |             hit_ratio              |
+-------+-------------------+-------------------+--------------------+------------------------------------+------------------------------------+------------------------------------+------------------------------------+
|   14  | 75.75838422775269 | 722.7285349369049 | 176.28817749023438 | [0.1034802  0.14934914 0.18242813] | [0.04849486 0.05837029 0.06456275] | [0.00648566 0.00472137 0.00386744] | [0.12495955 0.17871503 0.2168594 ] |
|   14  | 75.75838422775269 |  729.963915348053 | 176.28817749023438 | [0.1034802  0.14934914 0.18242813] | [0.04849486 0.05837029 0.06456275] | [0.00648566 0.00472137 0.00386744] | [0.12495955 0.17871503 0.2168594 ] |
+-------+-------------------+-------------------+--------------------+------------------------------------+------------------------------------+------------------------------------+------------------------------------+
epoch: 15 s: 0 batch_loss 0.2853698432445526 BPR_loss 0.2825821340084076 reg_loss 0.0027877017855644226
epoch: 15 s: 256000 batch_loss 0.2720772325992584 BPR_loss 0.26923614740371704 reg_loss 0.002841072855517268
epoch: 15 s: 512000 batch_loss 0.28666675090789795 BPR_loss 0.2838350534439087 reg_loss 0.0028317077085375786
epoch: 15 s: 768000 batch_loss 0.2794452905654907 BPR_loss 0.2765560448169708 reg_loss 0.0028892557602375746
epoch: 15 s: 1024000 batch_loss 0.26653528213500977 BPR_loss 0.2636072337627411 reg_loss 0.0029280425515025854
+-------+-------------------+-------------------+--------------------+------------------------------------+------------------------------------+------------------------------------+------------------------------------+
| Epoch |  training time(s) |   tesing time(s)  |        Loss        |               recall               |                ndcg                |             precision              |             hit_ratio              |
+-------+-------------------+-------------------+--------------------+------------------------------------+------------------------------------+------------------------------------+------------------------------------+
|   15  | 65.13553500175476 | 727.9462537765503 | 167.26231384277344 | [0.10497007 0.15112768 0.18451787] | [0.04928033 0.05922187 0.06546848] | [0.00658144 0.00478199 0.00391245] | [0.12671148 0.18082032 0.21909488] |
|   15  | 65.13553500175476 | 705.9922921657562 | 167.26231384277344 | [0.10497007 0.15112768 0.18451787] | [0.04928033 0.05922187 0.06546848] | [0.00658144 0.00478199 0.00391245] | [0.12671148 0.18082032 0.21909488] |
+-------+-------------------+-------------------+--------------------+------------------------------------+------------------------------------+------------------------------------+------------------------------------+
epoch: 16 s: 0 batch_loss 0.263455331325531 BPR_loss 0.26050978899002075 reg_loss 0.002945556538179517
epoch: 16 s: 256000 batch_loss 0.2697920799255371 BPR_loss 0.2667967975139618 reg_loss 0.0029952856712043285
epoch: 16 s: 512000 batch_loss 0.26763972640037537 BPR_loss 0.26463496685028076 reg_loss 0.0030047514010220766
epoch: 16 s: 768000 batch_loss 0.2551073729991913 BPR_loss 0.25207144021987915 reg_loss 0.0030359462834894657
epoch: 16 s: 1024000 batch_loss 0.2524000406265259 BPR_loss 0.24927186965942383 reg_loss 0.0031281784176826477
+-------+-------------------+-------------------+--------------------+------------------------------------+------------------------------------+------------------------------------+------------------------------------+
| Epoch |  training time(s) |   tesing time(s)  |        Loss        |               recall               |                ndcg                |             precision              |             hit_ratio              |
+-------+-------------------+-------------------+--------------------+------------------------------------+------------------------------------+------------------------------------+------------------------------------+
|   16  | 64.67577362060547 | 719.9854507446289 | 158.41358947753906 | [0.10629376 0.15240623 0.18604144] | [0.04990242 0.05984633 0.06613982] | [0.00665899 0.00482589 0.00394667] | [0.12814724 0.1824123  0.22081704] |
|   16  | 64.67577362060547 | 714.6671862602234 | 158.41358947753906 | [0.10629376 0.15240623 0.18604144] | [0.04990242 0.05984633 0.06613982] | [0.00665899 0.00482589 0.00394667] | [0.12814724 0.1824123  0.22081704] |
+-------+-------------------+-------------------+--------------------+------------------------------------+------------------------------------+------------------------------------+------------------------------------+
epoch: 17 s: 0 batch_loss 0.246897354722023 BPR_loss 0.24376662075519562 reg_loss 0.003130734898149967
epoch: 17 s: 256000 batch_loss 0.25549691915512085 BPR_loss 0.25236526131629944 reg_loss 0.003131647128611803
epoch: 17 s: 512000 batch_loss 0.2510095536708832 BPR_loss 0.24781908094882965 reg_loss 0.003190472722053528
epoch: 17 s: 768000 batch_loss 0.2323845624923706 BPR_loss 0.22915519773960114 reg_loss 0.0032293624244630337
epoch: 17 s: 1024000 batch_loss 0.2486230432987213 BPR_loss 0.2453654408454895 reg_loss 0.0032575996592640877
+-------+-------------------+-------------------+--------------------+------------------------------------+------------------------------------+------------------------------------+------------------------------------+
| Epoch |  training time(s) |   tesing time(s)  |        Loss        |               recall               |                ndcg                |             precision              |             hit_ratio              |
+-------+-------------------+-------------------+--------------------+------------------------------------+------------------------------------+------------------------------------+------------------------------------+
|   17  | 64.76025748252869 | 746.4548754692078 | 149.68756103515625 | [0.10702054 0.15370645 0.18730999] | [0.05044441 0.0605156  0.06680404] | [0.00671032 0.00486875 0.00397636] | [0.12906969 0.18387038 0.22233092] |
|   17  | 64.76025748252869 | 709.8767304420471 | 149.68756103515625 | [0.10702054 0.15370645 0.18730999] | [0.05044441 0.0605156  0.06680404] | [0.00671032 0.00486875 0.00397636] | [0.12906969 0.18387038 0.22233092] |
+-------+-------------------+-------------------+--------------------+------------------------------------+------------------------------------+------------------------------------+------------------------------------+
epoch: 18 s: 0 batch_loss 0.23510223627090454 BPR_loss 0.23183484375476837 reg_loss 0.0032673946116119623
epoch: 18 s: 256000 batch_loss 0.2292841523885727 BPR_loss 0.22597765922546387 reg_loss 0.003306488273665309
epoch: 18 s: 512000 batch_loss 0.22601595520973206 BPR_loss 0.22268855571746826 reg_loss 0.003327395534142852
epoch: 18 s: 768000 batch_loss 0.22725659608840942 BPR_loss 0.22387540340423584 reg_loss 0.0033811908215284348
epoch: 18 s: 1024000 batch_loss 0.23075371980667114 BPR_loss 0.22733066976070404 reg_loss 0.0034230498131364584
+-------+-------------------+-------------------+--------------------+------------------------------------+------------------------------------+------------------------------------+------------------------------------+
| Epoch |  training time(s) |   tesing time(s)  |        Loss        |               recall               |                ndcg                |             precision              |             hit_ratio              |
+-------+-------------------+-------------------+--------------------+------------------------------------+------------------------------------+------------------------------------+------------------------------------+
|   18  | 64.81405353546143 | 733.0615637302399 | 141.82904052734375 | [0.10805776 0.15481765 0.18822204] | [0.05096206 0.06104565 0.06729569] | [0.00677839 0.00490502 0.00399502] | [0.13030832 0.18513876 0.22327569] |
|   18  | 64.81405353546143 | 725.7256870269775 | 141.82904052734375 | [0.10805776 0.15481765 0.18822204] | [0.05096206 0.06104565 0.06729569] | [0.00677839 0.00490502 0.00399502] | [0.13030832 0.18513876 0.22327569] |
+-------+-------------------+-------------------+--------------------+------------------------------------+------------------------------------+------------------------------------+------------------------------------+
epoch: 19 s: 0 batch_loss 0.22793005406856537 BPR_loss 0.22450342774391174 reg_loss 0.0034266235306859016
epoch: 19 s: 256000 batch_loss 0.22335052490234375 BPR_loss 0.2198413610458374 reg_loss 0.0035091713070869446
epoch: 19 s: 512000 batch_loss 0.23117391765117645 BPR_loss 0.22765636444091797 reg_loss 0.0035175466910004616
epoch: 19 s: 768000 batch_loss 0.222549170255661 BPR_loss 0.21901094913482666 reg_loss 0.003538221586495638
epoch: 19 s: 1024000 batch_loss 0.2180376797914505 BPR_loss 0.21451464295387268 reg_loss 0.0035230303183197975
+-------+-------------------+-------------------+--------------------+------------------------------------+------------------------------------+------------------------------------+------------------------------------+
| Epoch |  training time(s) |   tesing time(s)  |        Loss        |               recall               |                ndcg                |             precision              |             hit_ratio              |
+-------+-------------------+-------------------+--------------------+------------------------------------+------------------------------------+------------------------------------+------------------------------------+
|   19  | 64.89241003990173 | 737.8839104175568 | 134.40875244140625 | [0.10869079 0.15561672 0.18914821] | [0.05141112 0.06153558 0.06781085] | [0.00682005 0.00493357 0.00401722] | [0.13106339 0.1860389  0.2244548 ] |
|   19  | 64.89241003990173 |  732.689651966095 | 134.40875244140625 | [0.10869079 0.15561672 0.18914821] | [0.05141112 0.06153558 0.06781085] | [0.00682005 0.00493357 0.00401722] | [0.13106339 0.1860389  0.2244548 ] |
+-------+-------------------+-------------------+--------------------+------------------------------------+------------------------------------+------------------------------------+------------------------------------+
epoch: 20 s: 0 batch_loss 0.203883558511734 BPR_loss 0.20025688409805298 reg_loss 0.003626680700108409
epoch: 20 s: 256000 batch_loss 0.20509976148605347 BPR_loss 0.20144474506378174 reg_loss 0.003655015956610441
epoch: 20 s: 512000 batch_loss 0.22111530601978302 BPR_loss 0.21748709678649902 reg_loss 0.0036282138898968697
epoch: 20 s: 768000 batch_loss 0.20103615522384644 BPR_loss 0.19736523926258087 reg_loss 0.0036709189880639315
epoch: 20 s: 1024000 batch_loss 0.19951635599136353 BPR_loss 0.19583576917648315 reg_loss 0.003680581459775567
+-------+-------------------+-------------------+--------------------+------------------------------------+------------------------------------+------------------------------------+------------------------------------+
| Epoch |  training time(s) |   tesing time(s)  |        Loss        |               recall               |                ndcg                |             precision              |             hit_ratio              |
+-------+-------------------+-------------------+--------------------+------------------------------------+------------------------------------+------------------------------------+------------------------------------+
|   20  | 64.76631689071655 | 733.6689200401306 | 127.38249969482422 | [0.10949317 0.15636606 0.1896628 ] | [0.05183882 0.06195294 0.06818719] | [0.00687064 0.00495737 0.00402912] | [0.13198957 0.18690556 0.22491603] |
|   20  | 64.76631689071655 | 721.5926654338837 | 127.38249969482422 | [0.10949317 0.15636606 0.1896628 ] | [0.05183882 0.06195294 0.06818719] | [0.00687064 0.00495737 0.00402912] | [0.13198957 0.18690556 0.22491603] |
+-------+-------------------+-------------------+--------------------+------------------------------------+------------------------------------+------------------------------------+------------------------------------+
epoch: 21 s: 0 batch_loss 0.2013355791568756 BPR_loss 0.1975867748260498 reg_loss 0.0037487978115677834
epoch: 21 s: 256000 batch_loss 0.19410131871700287 BPR_loss 0.190269336104393 reg_loss 0.0038319765590131283
epoch: 21 s: 512000 batch_loss 0.19544734060764313 BPR_loss 0.19165337085723877 reg_loss 0.0037939753383398056
epoch: 21 s: 768000 batch_loss 0.18823212385177612 BPR_loss 0.18435098230838776 reg_loss 0.0038811485283076763
epoch: 21 s: 1024000 batch_loss 0.18359734117984772 BPR_loss 0.1797235608100891 reg_loss 0.0038737787399441004
+-------+-------------------+-------------------+-------------------+------------------------------------+------------------------------------+------------------------------------+------------------------------------+
| Epoch |  training time(s) |   tesing time(s)  |        Loss       |               recall               |                ndcg                |             precision              |             hit_ratio              |
+-------+-------------------+-------------------+-------------------+------------------------------------+------------------------------------+------------------------------------+------------------------------------+
|   21  | 65.09335851669312 | 717.6029109954834 | 120.5637435913086 | [0.11003713 0.1568918  0.19046073] | [0.05216678 0.06227691 0.06856231] | [0.00690783 0.00497644 0.00404784] | [0.13268141 0.18756393 0.22580129] |
|   21  | 65.09335851669312 | 708.2217133045197 | 120.5637435913086 | [0.11003713 0.1568918  0.19046073] | [0.05216678 0.06227691 0.06856231] | [0.00690783 0.00497644 0.00404784] | [0.13268141 0.18756393 0.22580129] |
+-------+-------------------+-------------------+-------------------+------------------------------------+------------------------------------+------------------------------------+------------------------------------+
epoch: 22 s: 0 batch_loss 0.2007424533367157 BPR_loss 0.19679436087608337 reg_loss 0.003948097117245197
epoch: 22 s: 256000 batch_loss 0.1893075704574585 BPR_loss 0.1853729486465454 reg_loss 0.003934615757316351
epoch: 22 s: 512000 batch_loss 0.17560838162899017 BPR_loss 0.17160218954086304 reg_loss 0.004006197210401297
epoch: 22 s: 768000 batch_loss 0.1773114800453186 BPR_loss 0.1732718050479889 reg_loss 0.004039678256958723
epoch: 22 s: 1024000 batch_loss 0.17818161845207214 BPR_loss 0.17411960661411285 reg_loss 0.004062016028910875
+-------+-------------------+-------------------+--------------+------------------------------------+------------------------------------+------------------------------------+------------------------------------+
| Epoch |  training time(s) |   tesing time(s)  |     Loss     |               recall               |                ndcg                |             precision              |             hit_ratio              |
+-------+-------------------+-------------------+--------------+------------------------------------+------------------------------------+------------------------------------+------------------------------------+
|   22  | 64.62466502189636 | 731.6916861534119 | 113.97265625 | [0.11051124 0.15756944 0.19110447] | [0.05239409 0.06254739 0.06882556] | [0.00693703 0.00499764 0.00406235] | [0.13318356 0.18829669 0.2264857 ] |
|   22  | 64.62466502189636 | 724.7578828334808 | 113.97265625 | [0.11051124 0.15756944 0.19110447] | [0.05239409 0.06254739 0.06882556] | [0.00693703 0.00499764 0.00406235] | [0.13318356 0.18829669 0.2264857 ] |
+-------+-------------------+-------------------+--------------+------------------------------------+------------------------------------+------------------------------------+------------------------------------+
epoch: 23 s: 0 batch_loss 0.1830299198627472 BPR_loss 0.17893806099891663 reg_loss 0.0040918514132499695
epoch: 23 s: 256000 batch_loss 0.16560278832912445 BPR_loss 0.16143977642059326 reg_loss 0.004163008648902178
epoch: 23 s: 512000 batch_loss 0.18517348170280457 BPR_loss 0.18109750747680664 reg_loss 0.004075971897691488
epoch: 23 s: 768000 batch_loss 0.1846114695072174 BPR_loss 0.18038174510002136 reg_loss 0.00422971835359931
epoch: 23 s: 1024000 batch_loss 0.1675719916820526 BPR_loss 0.1633797287940979 reg_loss 0.00419226847589016
+-------+-------------------+-------------------+--------------------+------------------------------------+------------------------------------+------------------------------------+------------------------------------+
| Epoch |  training time(s) |   tesing time(s)  |        Loss        |               recall               |                ndcg                |             precision              |             hit_ratio              |
+-------+-------------------+-------------------+--------------------+------------------------------------+------------------------------------+------------------------------------+------------------------------------+
|   23  | 64.38082003593445 | 725.9998273849487 | 108.19534301757812 | [0.11090733 0.15785224 0.19136675] | [0.0525911  0.06272599 0.06899669] | [0.00696102 0.00500833 0.00406706] | [0.1336671  0.18862773 0.22673863] |
|   23  | 64.38082003593445 | 674.7402231693268 | 108.19534301757812 | [0.11090733 0.15785224 0.19136675] | [0.0525911  0.06272599 0.06899669] | [0.00696102 0.00500833 0.00406706] | [0.1336671  0.18862773 0.22673863] |
+-------+-------------------+-------------------+--------------------+------------------------------------+------------------------------------+------------------------------------+------------------------------------+
epoch: 24 s: 0 batch_loss 0.1691713184118271 BPR_loss 0.16490527987480164 reg_loss 0.004266040865331888
epoch: 24 s: 256000 batch_loss 0.17650245130062103 BPR_loss 0.1722448617219925 reg_loss 0.00425758957862854
epoch: 24 s: 512000 batch_loss 0.1741005927324295 BPR_loss 0.16984835267066956 reg_loss 0.004252234008163214
epoch: 24 s: 768000 batch_loss 0.16446255147457123 BPR_loss 0.16007544100284576 reg_loss 0.004387108609080315
epoch: 24 s: 1024000 batch_loss 0.16339652240276337 BPR_loss 0.15908655524253845 reg_loss 0.0043099685572087765
+-------+--------------------+-------------------+--------------------+------------------------------------+------------------------------------+------------------------------------+------------------------------------+
| Epoch |  training time(s)  |   tesing time(s)  |        Loss        |               recall               |                ndcg                |             precision              |             hit_ratio              |
+-------+--------------------+-------------------+--------------------+------------------------------------+------------------------------------+------------------------------------+------------------------------------+
|   24  | 62.992945194244385 | 641.5852932929993 | 102.57921600341797 | [0.11110172 0.15827324 0.19150021] | [0.05273699 0.06291348 0.06913432] | [0.00697943 0.00502191 0.00407158] | [0.13396467 0.18916335 0.22686881] |
|   24  | 62.992945194244385 | 650.7156019210815 | 102.57921600341797 | [0.11110172 0.15827324 0.19150021] | [0.05273699 0.06291348 0.06913432] | [0.00697943 0.00502191 0.00407158] | [0.13396467 0.18916335 0.22686881] |
+-------+--------------------+-------------------+--------------------+------------------------------------+------------------------------------+------------------------------------+------------------------------------+
epoch: 25 s: 0 batch_loss 0.1704469621181488 BPR_loss 0.166094109416008 reg_loss 0.004352855496108532
epoch: 25 s: 256000 batch_loss 0.15512248873710632 BPR_loss 0.15074211359024048 reg_loss 0.004380371887236834
epoch: 25 s: 512000 batch_loss 0.1573038548231125 BPR_loss 0.15289857983589172 reg_loss 0.0044052801094949245
epoch: 25 s: 768000 batch_loss 0.15470337867736816 BPR_loss 0.1502029001712799 reg_loss 0.0045004840940237045
epoch: 25 s: 1024000 batch_loss 0.15860863029956818 BPR_loss 0.15417800843715668 reg_loss 0.004430621396750212
+-------+-------------------+-------------------+-------------------+------------------------------------+------------------------------------+------------------------------------+------------------------------------+
| Epoch |  training time(s) |   tesing time(s)  |        Loss       |               recall               |                ndcg                |             precision              |             hit_ratio              |
+-------+-------------------+-------------------+-------------------+------------------------------------+------------------------------------+------------------------------------+------------------------------------+
|   25  | 63.17269420623779 | 646.3075206279755 | 97.39739227294922 | [0.11143176 0.15833608 0.19139304] | [0.05291704 0.06303686 0.06923558] | [0.00700343 0.00502191 0.0040714 ] | [0.13436639 0.18916707 0.22680558] |
|   25  | 63.17269420623779 | 651.0558443069458 | 97.39739227294922 | [0.11143176 0.15833608 0.19139304] | [0.05291704 0.06303686 0.06923558] | [0.00700343 0.00502191 0.0040714 ] | [0.13436639 0.18916707 0.22680558] |
+-------+-------------------+-------------------+-------------------+------------------------------------+------------------------------------+------------------------------------+------------------------------------+
epoch: 26 s: 0 batch_loss 0.15813453495502472 BPR_loss 0.15358200669288635 reg_loss 0.00455252593383193
epoch: 26 s: 256000 batch_loss 0.13825665414333344 BPR_loss 0.13367560505867004 reg_loss 0.004581042565405369
epoch: 26 s: 512000 batch_loss 0.1507912576198578 BPR_loss 0.1461961567401886 reg_loss 0.004595098551362753
epoch: 26 s: 768000 batch_loss 0.1567527800798416 BPR_loss 0.15213105082511902 reg_loss 0.004621724132448435
epoch: 26 s: 1024000 batch_loss 0.15203343331813812 BPR_loss 0.14737240970134735 reg_loss 0.004661020822823048
+-------+-------------------+-------------------+---------------+------------------------------------+------------------------------------+------------------------------------+------------------------------------+
| Epoch |  training time(s) |   tesing time(s)  |      Loss     |               recall               |                ndcg                |             precision              |             hit_ratio              |
+-------+-------------------+-------------------+---------------+------------------------------------+------------------------------------+------------------------------------+------------------------------------+
|   26  | 62.69677114486694 | 640.0947897434235 | 92.5400390625 | [0.11151297 0.1583936  0.19143615] | [0.05300654 0.06311854 0.06931624] | [0.00701031 0.00502405 0.00407468] | [0.13447797 0.18924518 0.22690229] |
|   26  | 62.69677114486694 | 633.3517773151398 | 92.5400390625 | [0.11151297 0.1583936  0.19143615] | [0.05300654 0.06311854 0.06931624] | [0.00701031 0.00502405 0.00407468] | [0.13447797 0.18924518 0.22690229] |
+-------+-------------------+-------------------+---------------+------------------------------------+------------------------------------+------------------------------------+------------------------------------+
epoch: 27 s: 0 batch_loss 0.1424015760421753 BPR_loss 0.13771553337574005 reg_loss 0.00468604126945138
epoch: 27 s: 256000 batch_loss 0.16481547057628632 BPR_loss 0.16017663478851318 reg_loss 0.004638829734176397
epoch: 27 s: 512000 batch_loss 0.14318306744098663 BPR_loss 0.1384040266275406 reg_loss 0.004779042676091194
epoch: 27 s: 768000 batch_loss 0.12959125638008118 BPR_loss 0.12486109137535095 reg_loss 0.004730162676423788
epoch: 27 s: 1024000 batch_loss 0.13952851295471191 BPR_loss 0.13476689159870148 reg_loss 0.004761628806591034
+-------+-------------------+-------------------+-------------------+------------------------------------+------------------------------------+------------------------------------+------------------------------------+
| Epoch |  training time(s) |   tesing time(s)  |        Loss       |               recall               |                ndcg                |             precision              |             hit_ratio              |
+-------+-------------------+-------------------+-------------------+------------------------------------+------------------------------------+------------------------------------+------------------------------------+
|   27  | 62.83153057098389 | 631.8104865550995 | 88.00013732910156 | [0.11157385 0.15850686 0.19131041] | [0.05308214 0.06319764 0.06934842] | [0.00701719 0.00502749 0.00407053] | [0.13457468 0.18931214 0.22672747] |
|   27  | 62.83153057098389 |  633.571298122406 | 88.00013732910156 | [0.11157385 0.15850686 0.19131041] | [0.05308214 0.06319764 0.06934842] | [0.00701719 0.00502749 0.00407053] | [0.13457468 0.18931214 0.22672747] |
+-------+-------------------+-------------------+-------------------+------------------------------------+------------------------------------+------------------------------------+------------------------------------+
epoch: 28 s: 0 batch_loss 0.13384543359279633 BPR_loss 0.1289760172367096 reg_loss 0.004869415890425444
epoch: 28 s: 256000 batch_loss 0.15477874875068665 BPR_loss 0.15000715851783752 reg_loss 0.004771588370203972
epoch: 28 s: 512000 batch_loss 0.12637017667293549 BPR_loss 0.12146695703268051 reg_loss 0.004903224762529135
epoch: 28 s: 768000 batch_loss 0.14230339229106903 BPR_loss 0.13744856417179108 reg_loss 0.004854829981923103
epoch: 28 s: 1024000 batch_loss 0.13540183007717133 BPR_loss 0.13048097491264343 reg_loss 0.004920853767544031
+-------+-------------------+-------------------+-------------------+------------------------------------+------------------------------------+------------------------------------+------------------------------------+
| Epoch |  training time(s) |   tesing time(s)  |        Loss       |               recall               |                ndcg                |             precision              |             hit_ratio              |
+-------+-------------------+-------------------+-------------------+------------------------------------+------------------------------------+------------------------------------+------------------------------------+
|   28  | 62.72756266593933 | 642.7254595756531 | 83.52490997314453 | [0.1114233  0.15842571 0.19111492] | [0.05309497 0.06323277 0.06936549] | [0.00700863 0.00502553 0.0040678 ] | [0.13439614 0.18915963 0.22656753] |
|   28  | 62.72756266593933 | 640.3718154430389 | 83.52490997314453 | [0.1114233  0.15842571 0.19111492] | [0.05309497 0.06323277 0.06936549] | [0.00700863 0.00502553 0.0040678 ] | [0.13439614 0.18915963 0.22656753] |
+-------+-------------------+-------------------+-------------------+------------------------------------+------------------------------------+------------------------------------+------------------------------------+
epoch: 29 s: 0 batch_loss 0.13049927353858948 BPR_loss 0.12551355361938477 reg_loss 0.004985720384865999
epoch: 29 s: 256000 batch_loss 0.13656233251094818 BPR_loss 0.13157305121421814 reg_loss 0.004989274311810732
epoch: 29 s: 512000 batch_loss 0.12916235625743866 BPR_loss 0.12411381304264069 reg_loss 0.005048538092523813
epoch: 29 s: 768000 batch_loss 0.13218440115451813 BPR_loss 0.1271621584892273 reg_loss 0.005022249650210142
epoch: 29 s: 1024000 batch_loss 0.13441455364227295 BPR_loss 0.1293247938156128 reg_loss 0.0050897663459181786
+-------+-------------------+-------------------+-------------------+------------------------------------+------------------------------------+------------------------------------+------------------------------------+
| Epoch |  training time(s) |   tesing time(s)  |        Loss       |               recall               |                ndcg                |             precision              |             hit_ratio              |
+-------+-------------------+-------------------+-------------------+------------------------------------+------------------------------------+------------------------------------+------------------------------------+
|   29  | 62.59188890457153 |  623.299563407898 | 79.55342864990234 | [0.11165777 0.15821825 0.1907498 ] | [0.05316389 0.06320316 0.06930894] | [0.00702742 0.00502079 0.0040616 ] | [0.13470487 0.1889625  0.22615093] |
|   29  | 62.59188890457153 | 632.3250203132629 | 79.55342864990234 | [0.11165777 0.15821825 0.1907498 ] | [0.05316389 0.06320316 0.06930894] | [0.00702742 0.00502079 0.0040616 ] | [0.13470487 0.1889625  0.22615093] |
+-------+-------------------+-------------------+-------------------+------------------------------------+------------------------------------+------------------------------------+------------------------------------+
epoch: 30 s: 0 batch_loss 0.12712928652763367 BPR_loss 0.12201381474733353 reg_loss 0.005115468520671129
epoch: 30 s: 256000 batch_loss 0.11767186969518661 BPR_loss 0.11252991110086441 reg_loss 0.0051419613882899284
epoch: 30 s: 512000 batch_loss 0.1301402896642685 BPR_loss 0.12498214095830917 reg_loss 0.005158153362572193
epoch: 30 s: 768000 batch_loss 0.11650126427412033 BPR_loss 0.11124834418296814 reg_loss 0.0052529205568134785
epoch: 30 s: 1024000 batch_loss 0.12383292615413666 BPR_loss 0.11865483969449997 reg_loss 0.005178085062652826
+-------+--------------------+-------------------+-------------------+------------------------------------+------------------------------------+------------------------------------+------------------------------------+
| Epoch |  training time(s)  |   tesing time(s)  |        Loss       |               recall               |                ndcg                |             precision              |             hit_ratio              |
+-------+--------------------+-------------------+-------------------+------------------------------------+------------------------------------+------------------------------------+------------------------------------+
|   30  | 62.919819355010986 | 641.7158250808716 | 75.66878509521484 | [0.11165841 0.15799775 0.190309  ] | [0.05319899 0.06319112 0.06925855] | [0.00702723 0.00501307 0.0040533 ] | [0.13474207 0.18866493 0.22565251] |
|   30  | 62.919819355010986 | 646.6987361907959 | 75.66878509521484 | [0.11165841 0.15799775 0.190309  ] | [0.05319899 0.06319112 0.06925855] | [0.00702723 0.00501307 0.0040533 ] | [0.13474207 0.18866493 0.22565251] |
+-------+--------------------+-------------------+-------------------+------------------------------------+------------------------------------+------------------------------------+------------------------------------+
epoch: 31 s: 0 batch_loss 0.1251431256532669 BPR_loss 0.11989553272724152 reg_loss 0.005247595254331827
epoch: 31 s: 256000 batch_loss 0.11362048238515854 BPR_loss 0.10827773809432983 reg_loss 0.005342744290828705
epoch: 31 s: 512000 batch_loss 0.11743095517158508 BPR_loss 0.112098328769207 reg_loss 0.005332626402378082
epoch: 31 s: 768000 batch_loss 0.1187766045331955 BPR_loss 0.11340520530939102 reg_loss 0.005371402017772198
epoch: 31 s: 1024000 batch_loss 0.11421095579862595 BPR_loss 0.10884647071361542 reg_loss 0.005364481825381517
+-------+-------------------+-------------------+------------------+------------------------------------+------------------------------------+------------------------------------+------------------------------------+
| Epoch |  training time(s) |   tesing time(s)  |       Loss       |               recall               |                ndcg                |             precision              |             hit_ratio              |
+-------+-------------------+-------------------+------------------+------------------------------------+------------------------------------+------------------------------------+------------------------------------+
|   31  | 62.80402970314026 | 631.0714128017426 | 72.3155517578125 | [0.11160531 0.15790774 0.1899266 ] | [0.05316132 0.06315192 0.06916473] | [0.00702035 0.00501447 0.00404797] | [0.13465651 0.18866865 0.22525079] |
|   31  | 62.80402970314026 | 640.5271103382111 | 72.3155517578125 | [0.11160531 0.15790774 0.1899266 ] | [0.05316132 0.06315192 0.06916473] | [0.00702035 0.00501447 0.00404797] | [0.13465651 0.18866865 0.22525079] |
+-------+-------------------+-------------------+------------------+------------------------------------+------------------------------------+------------------------------------+------------------------------------+
epoch: 32 s: 0 batch_loss 0.1150926798582077 BPR_loss 0.10972215235233307 reg_loss 0.00537052471190691
epoch: 32 s: 256000 batch_loss 0.1138644739985466 BPR_loss 0.10840457677841187 reg_loss 0.005459899082779884
epoch: 32 s: 512000 batch_loss 0.10725516080856323 BPR_loss 0.10176968574523926 reg_loss 0.005485476925969124
epoch: 32 s: 768000 batch_loss 0.11005870997905731 BPR_loss 0.1045871451497078 reg_loss 0.0054715657606720924
epoch: 32 s: 1024000 batch_loss 0.11040414124727249 BPR_loss 0.10486466437578201 reg_loss 0.005539476405829191
+-------+--------------------+-------------------+-------------------+------------------------------------+------------------------------------+------------------------------------+------------------------------------+
| Epoch |  training time(s)  |   tesing time(s)  |        Loss       |               recall               |                ndcg                |             precision              |             hit_ratio              |
+-------+--------------------+-------------------+-------------------+------------------------------------+------------------------------------+------------------------------------+------------------------------------+
|   32  | 62.914549827575684 | 630.6706330776215 | 68.97498321533203 | [0.11125932 0.15754362 0.18962237] | [0.05313636 0.06313284 0.06915573] | [0.00699933 0.0050035  0.00404121] | [0.13425852 0.18819626 0.22484536] |
|   32  | 62.914549827575684 | 642.6273820400238 | 68.97498321533203 | [0.11125932 0.15754362 0.18962237] | [0.05313636 0.06313284 0.06915573] | [0.00699933 0.0050035  0.00404121] | [0.13425852 0.18819626 0.22484536] |
+-------+--------------------+-------------------+-------------------+------------------------------------+------------------------------------+------------------------------------+------------------------------------+
epoch: 33 s: 0 batch_loss 0.11184530705213547 BPR_loss 0.10627737641334534 reg_loss 0.005567930638790131
epoch: 33 s: 256000 batch_loss 0.10831714421510696 BPR_loss 0.10278265178203583 reg_loss 0.005534493830054998
epoch: 33 s: 512000 batch_loss 0.10462551563978195 BPR_loss 0.09907592833042145 reg_loss 0.0055495877750217915
epoch: 33 s: 768000 batch_loss 0.10314727574586868 BPR_loss 0.09754129499197006 reg_loss 0.005605978425592184
epoch: 33 s: 1024000 batch_loss 0.09350091964006424 BPR_loss 0.08783093094825745 reg_loss 0.005669987294822931
+-------+-------------------+-------------------+------------------+------------------------------------+------------------------------------+------------------------------------+------------------------------------+
| Epoch |  training time(s) |   tesing time(s)  |       Loss       |               recall               |                ndcg                |             precision              |             hit_ratio              |
+-------+-------------------+-------------------+------------------+------------------------------------+------------------------------------+------------------------------------+------------------------------------+
|   33  | 62.83152961730957 | 642.7751822471619 | 66.0682601928711 | [0.11121287 0.15714416 0.18903411] | [0.05310988 0.06302514 0.06901514] | [0.00700194 0.00499131 0.00403042] | [0.13425108 0.18769784 0.22423907] |
|   33  | 62.83152961730957 |  638.208279132843 | 66.0682601928711 | [0.11121287 0.15714416 0.18903411] | [0.05310988 0.06302514 0.06901514] | [0.00700194 0.00499131 0.00403042] | [0.13425108 0.18769784 0.22423907] |
+-------+-------------------+-------------------+------------------+------------------------------------+------------------------------------+------------------------------------+------------------------------------+
epoch: 34 s: 0 batch_loss 0.10712295770645142 BPR_loss 0.10141190141439438 reg_loss 0.00571105582639575
epoch: 34 s: 256000 batch_loss 0.10805705189704895 BPR_loss 0.10235767066478729 reg_loss 0.0056993779726326466
epoch: 34 s: 512000 batch_loss 0.11232025921344757 BPR_loss 0.1066247820854187 reg_loss 0.0056954785250127316
epoch: 34 s: 768000 batch_loss 0.10716739296913147 BPR_loss 0.10139578580856323 reg_loss 0.005771609488874674
epoch: 34 s: 1024000 batch_loss 0.10809282213449478 BPR_loss 0.10228750109672546 reg_loss 0.005805318709462881
+-------+-------------------+-------------------+-------------------+------------------------------------+------------------------------------+------------------------------------+------------------------------------+
| Epoch |  training time(s) |   tesing time(s)  |        Loss       |               recall               |                ndcg                |             precision              |             hit_ratio              |
+-------+-------------------+-------------------+-------------------+------------------------------------+------------------------------------+------------------------------------+------------------------------------+
|   34  | 62.14080858230591 | 636.0304207801819 | 63.14415740966797 | [0.11119444 0.15670368 0.18844792] | [0.05307404 0.06289837 0.06885805] | [0.00699971 0.00498034 0.00401852] | [0.13422132 0.18726636 0.22352118] |
|   34  | 62.14080858230591 | 636.7412612438202 | 63.14415740966797 | [0.11119444 0.15670368 0.18844792] | [0.05307404 0.06289837 0.06885805] | [0.00699971 0.00498034 0.00401852] | [0.13422132 0.18726636 0.22352118] |
+-------+-------------------+-------------------+-------------------+------------------------------------+------------------------------------+------------------------------------+------------------------------------+
epoch: 35 s: 0 batch_loss 0.09389838576316833 BPR_loss 0.08816373348236084 reg_loss 0.00573465321213007
epoch: 35 s: 256000 batch_loss 0.09970653057098389 BPR_loss 0.09386248141527176 reg_loss 0.005844051018357277
epoch: 35 s: 512000 batch_loss 0.0966300293803215 BPR_loss 0.09077289700508118 reg_loss 0.005857129581272602
epoch: 35 s: 768000 batch_loss 0.10326853394508362 BPR_loss 0.09735310077667236 reg_loss 0.005915429443120956
epoch: 35 s: 1024000 batch_loss 0.09323441982269287 BPR_loss 0.0873042419552803 reg_loss 0.005930175073444843
+-------+------------------+-------------------+-------------------+------------------------------------+------------------------------------+------------------------------------+------------------------------------+
| Epoch | training time(s) |   tesing time(s)  |        Loss       |               recall               |                ndcg                |             precision              |             hit_ratio              |
+-------+------------------+-------------------+-------------------+------------------------------------+------------------------------------+------------------------------------+------------------------------------+
|   35  | 63.4978129863739 | 642.1515460014343 | 60.36191940307617 | [0.11108398 0.15634873 0.18789062] | [0.05304576 0.06281776 0.0687428 ] | [0.00699041 0.00496881 0.00400736] | [0.13405022 0.18681629 0.22287026] |
|   35  | 63.4978129863739 | 652.7651398181915 | 60.36191940307617 | [0.11108398 0.15634873 0.18789062] | [0.05304576 0.06281776 0.0687428 ] | [0.00699041 0.00496881 0.00400736] | [0.13405022 0.18681629 0.22287026] |
+-------+------------------+-------------------+-------------------+------------------------------------+------------------------------------+------------------------------------+------------------------------------+
epoch: 36 s: 0 batch_loss 0.10124793648719788 BPR_loss 0.0953640416264534 reg_loss 0.005883892998099327
epoch: 36 s: 256000 batch_loss 0.09453608840703964 BPR_loss 0.08857160806655884 reg_loss 0.005964481271803379
epoch: 36 s: 512000 batch_loss 0.08835764974355698 BPR_loss 0.08229734003543854 reg_loss 0.006060310173779726
epoch: 36 s: 768000 batch_loss 0.10124199092388153 BPR_loss 0.09522555768489838 reg_loss 0.0060164351016283035
epoch: 36 s: 1024000 batch_loss 0.0930091142654419 BPR_loss 0.08694806694984436 reg_loss 0.006061045452952385
+-------+-------------------+-------------------+------------------+------------------------------------+------------------------------------+------------------------------------+------------------------------------+
| Epoch |  training time(s) |   tesing time(s)  |       Loss       |               recall               |                ndcg                |             precision              |             hit_ratio              |
+-------+-------------------+-------------------+------------------+------------------------------------+------------------------------------+------------------------------------+------------------------------------+
|   36  | 62.74242329597473 | 642.9317452907562 | 58.0729866027832 | [0.11085087 0.15573614 0.18727543] | [0.05296482 0.06266372 0.06858308] | [0.00697869 0.00495393 0.00399465] | [0.13381589 0.18618396 0.22214494] |
|   36  | 62.74242329597473 | 628.0688893795013 | 58.0729866027832 | [0.11085087 0.15573614 0.18727543] | [0.05296482 0.06266372 0.06858308] | [0.00697869 0.00495393 0.00399465] | [0.13381589 0.18618396 0.22214494] |
+-------+-------------------+-------------------+------------------+------------------------------------+------------------------------------+------------------------------------+------------------------------------+
epoch: 37 s: 0 batch_loss 0.0875171422958374 BPR_loss 0.08144427835941315 reg_loss 0.006072867661714554
epoch: 37 s: 256000 batch_loss 0.09826187789440155 BPR_loss 0.09213563799858093 reg_loss 0.0061262380331754684
epoch: 37 s: 512000 batch_loss 0.07919798791408539 BPR_loss 0.07304855436086655 reg_loss 0.00614943215623498
epoch: 37 s: 768000 batch_loss 0.08188340812921524 BPR_loss 0.07573193311691284 reg_loss 0.006151477340608835
epoch: 37 s: 1024000 batch_loss 0.09245666861534119 BPR_loss 0.08627642691135406 reg_loss 0.006180237978696823
+-------+-------------------+-------------------+-------------------+------------------------------------+------------------------------------+------------------------------------+------------------------------------+
| Epoch |  training time(s) |   tesing time(s)  |        Loss       |               recall               |                ndcg                |             precision              |             hit_ratio              |
+-------+-------------------+-------------------+-------------------+------------------------------------+------------------------------------+------------------------------------+------------------------------------+
|   37  | 63.04442024230957 | 629.1834254264832 | 55.69577407836914 | [0.11065287 0.1552277  0.18670413] | [0.05292075 0.06255342 0.0684649 ] | [0.00696883 0.00493924 0.00398455] | [0.13362991 0.18563346 0.22147169] |
|   37  | 63.04442024230957 | 649.5626907348633 | 55.69577407836914 | [0.11065287 0.1552277  0.18670413] | [0.05292075 0.06255342 0.0684649 ] | [0.00696883 0.00493924 0.00398455] | [0.13362991 0.18563346 0.22147169] |
+-------+-------------------+-------------------+-------------------+------------------------------------+------------------------------------+------------------------------------+------------------------------------+
epoch: 38 s: 0 batch_loss 0.08644000440835953 BPR_loss 0.08017328381538391 reg_loss 0.006266721524298191
epoch: 38 s: 256000 batch_loss 0.0880480632185936 BPR_loss 0.08176815509796143 reg_loss 0.006279907654970884
epoch: 38 s: 512000 batch_loss 0.07591347396373749 BPR_loss 0.0696696862578392 reg_loss 0.006243784911930561
epoch: 38 s: 768000 batch_loss 0.08466263115406036 BPR_loss 0.07837395370006561 reg_loss 0.006288675591349602
epoch: 38 s: 1024000 batch_loss 0.08079179376363754 BPR_loss 0.07446444034576416 reg_loss 0.006327353417873383
+-------+-------------------+-------------------+------------------+------------------------------------+------------------------------------+------------------------------------+------------------------------------+
| Epoch |  training time(s) |   tesing time(s)  |       Loss       |               recall               |                ndcg                |             precision              |             hit_ratio              |
+-------+-------------------+-------------------+------------------+------------------------------------+------------------------------------+------------------------------------+------------------------------------+
|   38  | 62.92089104652405 | 637.8131535053253 | 53.3350715637207 | [0.11038251 0.15502311 0.18627091] | [0.05282594 0.06246493 0.06833048] | [0.00695079 0.00493003 0.0039737 ] | [0.13322819 0.18534334 0.22089888] |
|   38  | 62.92089104652405 | 648.1516673564911 | 53.3350715637207 | [0.11038251 0.15502311 0.18627091] | [0.05282594 0.06246493 0.06833048] | [0.00695079 0.00493003 0.0039737 ] | [0.13322819 0.18534334 0.22089888] |
+-------+-------------------+-------------------+------------------+------------------------------------+------------------------------------+------------------------------------+------------------------------------+
epoch: 39 s: 0 batch_loss 0.08710628747940063 BPR_loss 0.08075080811977386 reg_loss 0.006355482153594494
epoch: 39 s: 256000 batch_loss 0.08682733029127121 BPR_loss 0.08048608899116516 reg_loss 0.006341242231428623
epoch: 39 s: 512000 batch_loss 0.07951725274324417 BPR_loss 0.07317966967821121 reg_loss 0.006337584462016821
epoch: 39 s: 768000 batch_loss 0.08152548968791962 BPR_loss 0.07509013265371323 reg_loss 0.006435358431190252
epoch: 39 s: 1024000 batch_loss 0.09171700477600098 BPR_loss 0.08530891686677933 reg_loss 0.006408090703189373
+-------+-------------------+-------------------+-------------------+------------------------------------+------------------------------------+------------------------------------+------------------------------------+
| Epoch |  training time(s) |   tesing time(s)  |        Loss       |               recall               |                ndcg                |             precision              |             hit_ratio              |
+-------+-------------------+-------------------+-------------------+------------------------------------+------------------------------------+------------------------------------+------------------------------------+
|   39  | 62.68302536010742 | 630.0425250530243 | 51.40532684326172 | [0.11018447 0.15466567 0.1852896 ] | [0.05275715 0.06236146 0.06811095] | [0.00694205 0.00492353 0.00395622] | [0.13310917 0.18506065 0.21988343] |
|   39  | 62.68302536010742 | 633.5858762264252 | 51.40532684326172 | [0.11018447 0.15466567 0.1852896 ] | [0.05275715 0.06236146 0.06811095] | [0.00694205 0.00492353 0.00395622] | [0.13310917 0.18506065 0.21988343] |
+-------+-------------------+-------------------+-------------------+------------------------------------+------------------------------------+------------------------------------+------------------------------------+
epoch: 40 s: 0 batch_loss 0.09035371989011765 BPR_loss 0.08391912281513214 reg_loss 0.006434597074985504
epoch: 40 s: 256000 batch_loss 0.06993836909532547 BPR_loss 0.06347818672657013 reg_loss 0.0064601837657392025
epoch: 40 s: 512000 batch_loss 0.07723492383956909 BPR_loss 0.07074028253555298 reg_loss 0.006494642700999975
epoch: 40 s: 768000 batch_loss 0.08476489782333374 BPR_loss 0.07821004092693329 reg_loss 0.006554859224706888
epoch: 40 s: 1024000 batch_loss 0.07947076112031937 BPR_loss 0.07293075323104858 reg_loss 0.006540009751915932
+-------+-------------------+-------------------+--------------------+------------------------------------+------------------------------------+------------------------------------+------------------------------------+
| Epoch |  training time(s) |   tesing time(s)  |        Loss        |               recall               |                ndcg                |             precision              |             hit_ratio              |
+-------+-------------------+-------------------+--------------------+------------------------------------+------------------------------------+------------------------------------+------------------------------------+
|   40  | 62.79781770706177 |  649.414243221283 | 49.425331115722656 | [0.10999316 0.1540607  0.18473266] | [0.05266902 0.06218887 0.06794817] | [0.0069335  0.00490586 0.00394555] | [0.13287855 0.18429069 0.21928457] |
|   40  | 62.79781770706177 | 657.6706519126892 | 49.425331115722656 | [0.10999316 0.1540607  0.18473266] | [0.05266902 0.06218887 0.06794817] | [0.0069335  0.00490586 0.00394555] | [0.13287855 0.18429069 0.21928457] |
+-------+-------------------+-------------------+--------------------+------------------------------------+------------------------------------+------------------------------------+------------------------------------+
Early stopping is trigger at step: 10 log:0.1099931616404047
early stopping at 40, recall@20:0.1117
