Namespace(K=1, Ks='[20, 40, 60]', batch_size=2048, batch_test_flag=True, context_hops=3, cuda=True, data_path='data/', dataset='ifashion', dim=64, edge_dropout=False, edge_dropout_rate=0.1, epoch=1000, eps=0.01, gnn='lightgcn', gpu_id=2, l2=1e-07, lr=0.001, mess_dropout=False, mess_dropout_rate=0.1, n_negs=16, ns='mixgcf', out_dir='./weights/yelp2018/', pool='mean', save=False, test_batch_size=2048, test_flag='part')
reading train and test user-item set ...
building the adj mat ...
loading over ...
卷积器不需要第0层embedding
拿这个最难的neg_item去和pos_item在每一个维度上自适应权重......
start training ...
epoch: 0 s: 0 batch_loss 0.693148136138916 BPR_loss 0.693148136138916 reg_loss 3.214209454149852e-11
epoch: 0 s: 256000 batch_loss 0.6931405067443848 BPR_loss 0.6931405067443848 reg_loss 5.655808599236423e-10
epoch: 0 s: 512000 batch_loss 0.6930544972419739 BPR_loss 0.6930544972419739 reg_loss 6.0243272592686026e-09
epoch: 0 s: 768000 batch_loss 0.6926513910293579 BPR_loss 0.6926513314247131 reg_loss 3.703254947140522e-08
epoch: 0 s: 1024000 batch_loss 0.6912722587585449 BPR_loss 0.6912721395492554 reg_loss 1.4323882169264834e-07
+-------+--------------------+--------------------+-------------------+------------------------------------+------------------------------------+------------------------------------+------------------------------------+
| Epoch |  training time(s)  |   tesing time(s)   |        Loss       |               recall               |                ndcg                |             precision              |             hit_ratio              |
+-------+--------------------+--------------------+-------------------+------------------------------------+------------------------------------+------------------------------------+------------------------------------+
|   0   | 100.65980195999146 | 2047.9772844314575 | 424.4021911621094 | [0.07664202 0.11459554 0.14319874] | [0.03497516 0.0431237  0.04846317] | [0.00478172 0.00360242 0.00301764] | [0.09299341 0.13810829 0.17150647] |
|   0   | 100.65980195999146 | 1861.9370210170746 | 424.4021911621094 | [0.07664202 0.11459554 0.14319874] | [0.03497516 0.0431237  0.04846317] | [0.00478172 0.00360242 0.00301764] | [0.09299341 0.13810829 0.17150647] |
+-------+--------------------+--------------------+-------------------+------------------------------------+------------------------------------+------------------------------------+------------------------------------+
epoch: 1 s: 0 batch_loss 0.6884658336639404 BPR_loss 0.6884654760360718 reg_loss 3.549621396814473e-07
epoch: 1 s: 256000 batch_loss 0.6844860911369324 BPR_loss 0.6844854354858398 reg_loss 6.692069405289658e-07
epoch: 1 s: 512000 batch_loss 0.6785140037536621 BPR_loss 0.6785128116607666 reg_loss 1.2087423328921432e-06
epoch: 1 s: 768000 batch_loss 0.6724773645401001 BPR_loss 0.6724755764007568 reg_loss 1.8029509192274418e-06
epoch: 1 s: 1024000 batch_loss 0.6657305359840393 BPR_loss 0.665727972984314 reg_loss 2.538331045798259e-06
+-------+--------------------+--------------------+--------------------+------------------------------------+------------------------------------+------------------------------------+------------------------------------+
| Epoch |  training time(s)  |   tesing time(s)   |        Loss        |               recall               |                ndcg                |             precision              |             hit_ratio              |
+-------+--------------------+--------------------+--------------------+------------------------------------+------------------------------------+------------------------------------+------------------------------------+
|   1   | 100.29194259643555 | 2162.824384212494  | 413.67218017578125 | [0.08252881 0.12254038 0.1522168 ] | [0.03765552 0.04624266 0.05178587] | [0.00514196 0.00384577 0.00320368] | [0.09989325 0.14715805 0.1817279 ] |
|   1   | 100.29194259643555 | 1905.1021101474762 | 413.67218017578125 | [0.08252881 0.12254038 0.1522168 ] | [0.03765552 0.04624266 0.05178587] | [0.00514196 0.00384577 0.00320368] | [0.09989325 0.14715805 0.1817279 ] |
+-------+--------------------+--------------------+--------------------+------------------------------------+------------------------------------+------------------------------------+------------------------------------+
epoch: 2 s: 0 batch_loss 0.6576473712921143 BPR_loss 0.6576442122459412 reg_loss 3.172004653606564e-06
epoch: 2 s: 256000 batch_loss 0.6478981375694275 BPR_loss 0.6478942632675171 reg_loss 3.893617304129293e-06
epoch: 2 s: 512000 batch_loss 0.637173056602478 BPR_loss 0.6371676921844482 reg_loss 5.341726136975922e-06
epoch: 2 s: 768000 batch_loss 0.6294491291046143 BPR_loss 0.6294432878494263 reg_loss 5.863006208528532e-06
epoch: 2 s: 1024000 batch_loss 0.6162769794464111 BPR_loss 0.6162700057029724 reg_loss 6.970002687012311e-06
+-------+-------------------+--------------------+----------------+------------------------------------+------------------------------------+------------------------------------+------------------------------------+
| Epoch |  training time(s) |   tesing time(s)   |      Loss      |               recall               |                ndcg                |             precision              |             hit_ratio              |
+-------+-------------------+--------------------+----------------+------------------------------------+------------------------------------+------------------------------------+------------------------------------+
|   2   | 91.28932690620422 | 2190.7592644691467 | 388.1689453125 | [0.0860367  0.12711705 0.15775987] | [0.03937516 0.04819687 0.05391979] | [0.00536662 0.00399605 0.00332556] | [0.10407406 0.15252169 0.18819254] |
|   2   | 91.28932690620422 | 1885.4391815662384 | 388.1689453125 | [0.0860367  0.12711705 0.15775987] | [0.03937516 0.04819687 0.05391979] | [0.00536662 0.00399605 0.00332556] | [0.10407406 0.15252169 0.18819254] |
+-------+-------------------+--------------------+----------------+------------------------------------+------------------------------------+------------------------------------+------------------------------------+
epoch: 3 s: 0 batch_loss 0.6088671684265137 BPR_loss 0.6088594198226929 reg_loss 7.730756806267891e-06
epoch: 3 s: 256000 batch_loss 0.6031320095062256 BPR_loss 0.6031230092048645 reg_loss 9.005954780150205e-06
epoch: 3 s: 512000 batch_loss 0.5916431546211243 BPR_loss 0.5916334390640259 reg_loss 9.707135177450255e-06
epoch: 3 s: 768000 batch_loss 0.5835031867027283 BPR_loss 0.5834925174713135 reg_loss 1.0685710549296346e-05
epoch: 3 s: 1024000 batch_loss 0.5720458030700684 BPR_loss 0.5720341205596924 reg_loss 1.1679157978505827e-05
+-------+-------------------+--------------------+--------------------+------------------------------------+------------------------------------+------------------------------------+------------------------------------+
| Epoch |  training time(s) |   tesing time(s)   |        Loss        |               recall               |                ndcg                |             precision              |             hit_ratio              |
+-------+-------------------+--------------------+--------------------+------------------------------------+------------------------------------+------------------------------------+------------------------------------+
|   3   | 90.35919880867004 | 2185.7527029514313 | 359.34014892578125 | [0.08857355 0.13018642 0.16167814] | [0.04074012 0.0496828  0.05556547] | [0.00552582 0.0040935  0.00340906] | [0.10712785 0.15609622 0.19276019] |
|   3   | 90.35919880867004 | 1937.5236840248108 | 359.34014892578125 | [0.08857355 0.13018642 0.16167814] | [0.04074012 0.0496828  0.05556547] | [0.00552582 0.0040935  0.00340906] | [0.10712785 0.15609622 0.19276019] |
+-------+-------------------+--------------------+--------------------+------------------------------------+------------------------------------+------------------------------------+------------------------------------+
epoch: 4 s: 0 batch_loss 0.5629348754882812 BPR_loss 0.5629227161407471 reg_loss 1.2140576473029796e-05
epoch: 4 s: 256000 batch_loss 0.5524435043334961 BPR_loss 0.5524301528930664 reg_loss 1.335664728685515e-05
epoch: 4 s: 512000 batch_loss 0.5420676469802856 BPR_loss 0.5420526266098022 reg_loss 1.500494090578286e-05
epoch: 4 s: 768000 batch_loss 0.5329608917236328 BPR_loss 0.5329457521438599 reg_loss 1.5155841538216919e-05
epoch: 4 s: 1024000 batch_loss 0.5241208672523499 BPR_loss 0.52410489320755 reg_loss 1.5953180991346017e-05
+-------+-------------------+-------------------+--------------------+------------------------------------+------------------------------------+------------------------------------+------------------------------------+
| Epoch |  training time(s) |   tesing time(s)  |        Loss        |               recall               |                ndcg                |             precision              |             hit_ratio              |
+-------+-------------------+-------------------+--------------------+------------------------------------+------------------------------------+------------------------------------+------------------------------------+
|   4   | 92.69605946540833 | 2191.038106918335 | 331.73004150390625 | [0.0907308  0.13315143 0.16418847] | [0.04167315 0.05078903 0.05659183] | [0.00566084 0.00419049 0.0034669 ] | [0.10960137 0.1596447  0.19575074] |
|   4   | 92.69605946540833 | 1945.946570634842 | 331.73004150390625 | [0.0907308  0.13315143 0.16418847] | [0.04167315 0.05078903 0.05659183] | [0.00566084 0.00419049 0.0034669 ] | [0.10960137 0.1596447  0.19575074] |
+-------+-------------------+-------------------+--------------------+------------------------------------+------------------------------------+------------------------------------+------------------------------------+
epoch: 5 s: 0 batch_loss 0.5169803500175476 BPR_loss 0.5169638991355896 reg_loss 1.6467827663291246e-05
epoch: 5 s: 256000 batch_loss 0.5147755146026611 BPR_loss 0.5147576332092285 reg_loss 1.787921428331174e-05
epoch: 5 s: 512000 batch_loss 0.5094258785247803 BPR_loss 0.5094075202941895 reg_loss 1.8352646293351427e-05
epoch: 5 s: 768000 batch_loss 0.4996679425239563 BPR_loss 0.4996480345726013 reg_loss 1.9893243006663397e-05
epoch: 5 s: 1024000 batch_loss 0.48177456855773926 BPR_loss 0.4817540645599365 reg_loss 2.0511763068498112e-05
+-------+-------------------+--------------------+--------------------+------------------------------------+------------------------------------+------------------------------------+------------------------------------+
| Epoch |  training time(s) |   tesing time(s)   |        Loss        |               recall               |                ndcg                |             precision              |             hit_ratio              |
+-------+-------------------+--------------------+--------------------+------------------------------------+------------------------------------+------------------------------------+------------------------------------+
|   5   | 88.21970438957214 | 2189.0622882843018 | 307.18756103515625 | [0.092383   0.13515042 0.16666409] | [0.04253282 0.05173256 0.05761815] | [0.00576499 0.00425642 0.00352003] | [0.11159135 0.16204756 0.19859995] |
|   5   | 88.21970438957214 | 1981.6957352161407 | 307.18756103515625 | [0.092383   0.13515042 0.16666409] | [0.04253282 0.05173256 0.05761815] | [0.00576499 0.00425642 0.00352003] | [0.11159135 0.16204756 0.19859995] |
+-------+-------------------+--------------------+--------------------+------------------------------------+------------------------------------+------------------------------------+------------------------------------+
epoch: 6 s: 0 batch_loss 0.4831625819206238 BPR_loss 0.48314112424850464 reg_loss 2.1463110897457227e-05
epoch: 6 s: 256000 batch_loss 0.47233664989471436 BPR_loss 0.4723148047924042 reg_loss 2.1836962332599796e-05
epoch: 6 s: 512000 batch_loss 0.46818962693214417 BPR_loss 0.4681670367717743 reg_loss 2.258948006783612e-05
epoch: 6 s: 768000 batch_loss 0.46496516466140747 BPR_loss 0.4649411737918854 reg_loss 2.4004897568374872e-05
epoch: 6 s: 1024000 batch_loss 0.4513873755931854 BPR_loss 0.45136314630508423 reg_loss 2.4219851184170693e-05
+-------+--------------------+--------------------+-----------------+------------------------------------+------------------------------------+------------------------------------+------------------------------------+
| Epoch |  training time(s)  |   tesing time(s)   |       Loss      |               recall               |                ndcg                |             precision              |             hit_ratio              |
+-------+--------------------+--------------------+-----------------+------------------------------------+------------------------------------+------------------------------------+------------------------------------+
|   6   | 139.21672415733337 | 2426.6952481269836 | 285.39794921875 | [0.09356584 0.1369546  0.16826182] | [0.04318605 0.05251914 0.05837604] | [0.00584068 0.00431398 0.00355673] | [0.11295644 0.16417888 0.20051925] |
|   6   | 139.21672415733337 | 2289.661865711212  | 285.39794921875 | [0.09356584 0.1369546  0.16826182] | [0.04318605 0.05251914 0.05837604] | [0.00584068 0.00431398 0.00355673] | [0.11295644 0.16417888 0.20051925] |
+-------+--------------------+--------------------+-----------------+------------------------------------+------------------------------------+------------------------------------+------------------------------------+
epoch: 7 s: 0 batch_loss 0.4536907374858856 BPR_loss 0.45366573333740234 reg_loss 2.4989381927298382e-05
epoch: 7 s: 256000 batch_loss 0.4430871903896332 BPR_loss 0.4430612623691559 reg_loss 2.591754855529871e-05
epoch: 7 s: 512000 batch_loss 0.42799291014671326 BPR_loss 0.4279657006263733 reg_loss 2.7213354769628495e-05
epoch: 7 s: 768000 batch_loss 0.4198072552680969 BPR_loss 0.41977840662002563 reg_loss 2.8849295631516725e-05
epoch: 7 s: 1024000 batch_loss 0.42582282423973083 BPR_loss 0.4257954955101013 reg_loss 2.7342684916220605e-05
+-------+-------------------+--------------------+--------------------+------------------------------------+------------------------------------+------------------------------------+------------------------------------+
| Epoch |  training time(s) |   tesing time(s)   |        Loss        |               recall               |                ndcg                |             precision              |             hit_ratio              |
+-------+-------------------+--------------------+--------------------+------------------------------------+------------------------------------+------------------------------------+------------------------------------+
|   7   | 140.7314097881317 | 2480.8482055664062 | 265.44134521484375 | [0.0946178  0.13824053 0.16953961] | [0.04370981 0.05309602 0.0589502 ] | [0.00591117 0.00435592 0.00358395] | [0.11426945 0.16570391 0.20192154] |
|   7   | 140.7314097881317 | 2305.4549431800842 | 265.44134521484375 | [0.0946178  0.13824053 0.16953961] | [0.04370981 0.05309602 0.0589502 ] | [0.00591117 0.00435592 0.00358395] | [0.11426945 0.16570391 0.20192154] |
+-------+-------------------+--------------------+--------------------+------------------------------------+------------------------------------+------------------------------------+------------------------------------+
epoch: 8 s: 0 batch_loss 0.4161279499530792 BPR_loss 0.4160979390144348 reg_loss 3.0016415621503256e-05
epoch: 8 s: 256000 batch_loss 0.4015399217605591 BPR_loss 0.40151047706604004 reg_loss 2.9445574909914285e-05
epoch: 8 s: 512000 batch_loss 0.3917933404445648 BPR_loss 0.3917619585990906 reg_loss 3.139508771710098e-05
epoch: 8 s: 768000 batch_loss 0.40951764583587646 BPR_loss 0.4094870686531067 reg_loss 3.0570485250791535e-05
epoch: 8 s: 1024000 batch_loss 0.38391241431236267 BPR_loss 0.3838801383972168 reg_loss 3.227639899705537e-05
+-------+-------------------+--------------------+--------------------+------------------------------------+------------------------------------+------------------------------------+------------------------------------+
| Epoch |  training time(s) |   tesing time(s)   |        Loss        |               recall               |                ndcg                |             precision              |             hit_ratio              |
+-------+-------------------+--------------------+--------------------+------------------------------------+------------------------------------+------------------------------------+------------------------------------+
|   8   | 155.1066131591797 | 2481.7694976329803 | 247.39425659179688 | [0.09557201 0.13916119 0.1707129 ] | [0.04411342 0.05349828 0.05939525] | [0.00596733 0.0043866  0.00360788] | [0.11535929 0.16671192 0.20325315] |
|   8   | 155.1066131591797 | 2289.6672043800354 | 247.39425659179688 | [0.09557201 0.13916119 0.1707129 ] | [0.04411342 0.05349828 0.05939525] | [0.00596733 0.0043866  0.00360788] | [0.11535929 0.16671192 0.20325315] |
+-------+-------------------+--------------------+--------------------+------------------------------------+------------------------------------+------------------------------------+------------------------------------+
epoch: 9 s: 0 batch_loss 0.38970690965652466 BPR_loss 0.38967281579971313 reg_loss 3.409551936783828e-05
epoch: 9 s: 256000 batch_loss 0.37420207262039185 BPR_loss 0.374168336391449 reg_loss 3.3735290344338864e-05
epoch: 9 s: 512000 batch_loss 0.37566521763801575 BPR_loss 0.3756326138973236 reg_loss 3.261154779465869e-05
epoch: 9 s: 768000 batch_loss 0.37577369809150696 BPR_loss 0.3757399320602417 reg_loss 3.377162283868529e-05
epoch: 9 s: 1024000 batch_loss 0.3654336929321289 BPR_loss 0.3653978109359741 reg_loss 3.588528488762677e-05
+-------+--------------------+--------------------+-------------------+------------------------------------+------------------------------------+------------------------------------+------------------------------------+
| Epoch |  training time(s)  |   tesing time(s)   |        Loss       |               recall               |                ndcg                |             precision              |             hit_ratio              |
+-------+--------------------+--------------------+-------------------+------------------------------------+------------------------------------+------------------------------------+------------------------------------+
|   9   | 152.60589838027954 |  2416.57777428627  | 231.7344207763672 | [0.09619859 0.14019756 0.17170349] | [0.04446478 0.05393559 0.05982372] | [0.00601346 0.00442138 0.00363106] | [0.11620736 0.16795426 0.20437275] |
|   9   | 152.60589838027954 | 2319.6116421222687 | 231.7344207763672 | [0.09619859 0.14019756 0.17170349] | [0.04446478 0.05393559 0.05982372] | [0.00601346 0.00442138 0.00363106] | [0.11620736 0.16795426 0.20437275] |
+-------+--------------------+--------------------+-------------------+------------------------------------+------------------------------------+------------------------------------+------------------------------------+
epoch: 10 s: 0 batch_loss 0.37488532066345215 BPR_loss 0.3748512864112854 reg_loss 3.404860763112083e-05
epoch: 10 s: 256000 batch_loss 0.377483606338501 BPR_loss 0.37744802236557007 reg_loss 3.5592180211097e-05
epoch: 10 s: 512000 batch_loss 0.3499721884727478 BPR_loss 0.34993481636047363 reg_loss 3.737290171557106e-05
epoch: 10 s: 768000 batch_loss 0.3583061099052429 BPR_loss 0.3582688570022583 reg_loss 3.7257912481436506e-05
epoch: 10 s: 1024000 batch_loss 0.3501431345939636 BPR_loss 0.3501036763191223 reg_loss 3.945480057154782e-05
+-------+-------------------+--------------------+------------------+------------------------------------+------------------------------------+------------------------------------+------------------------------------+
| Epoch |  training time(s) |   tesing time(s)   |       Loss       |               recall               |                ndcg                |             precision              |             hit_ratio              |
+-------+-------------------+--------------------+------------------+------------------------------------+------------------------------------+------------------------------------+------------------------------------+
|   10  | 140.4524803161621 | 2394.2234556674957 | 217.172607421875 | [0.0969647  0.14063817 0.17238658] | [0.04482236 0.05422636 0.06015442] | [0.00606665 0.00444007 0.00364495] | [0.11718189 0.16859403 0.20508691] |
|   10  | 140.4524803161621 | 2355.3064997196198 | 217.172607421875 | [0.0969647  0.14063817 0.17238658] | [0.04482236 0.05422636 0.06015442] | [0.00606665 0.00444007 0.00364495] | [0.11718189 0.16859403 0.20508691] |
+-------+-------------------+--------------------+------------------+------------------------------------+------------------------------------+------------------------------------+------------------------------------+
epoch: 11 s: 0 batch_loss 0.3577638268470764 BPR_loss 0.35772427916526794 reg_loss 3.953524719690904e-05
epoch: 11 s: 256000 batch_loss 0.34275493025779724 BPR_loss 0.3427169919013977 reg_loss 3.794102303800173e-05
epoch: 11 s: 512000 batch_loss 0.3230443298816681 BPR_loss 0.3230021893978119 reg_loss 4.214806904201396e-05
epoch: 11 s: 768000 batch_loss 0.33600929379463196 BPR_loss 0.3359696865081787 reg_loss 3.9610582462046295e-05
epoch: 11 s: 1024000 batch_loss 0.3314024806022644 BPR_loss 0.331362247467041 reg_loss 4.023931614938192e-05
+-------+--------------------+--------------------+-------------------+------------------------------------+---------------------------------+------------------------------------+------------------------------------+
| Epoch |  training time(s)  |   tesing time(s)   |        Loss       |               recall               |               ndcg              |             precision              |             hit_ratio              |
+-------+--------------------+--------------------+-------------------+------------------------------------+---------------------------------+------------------------------------+------------------------------------+
|   11  | 147.18000864982605 | 2442.9736099243164 | 204.4672393798828 | [0.09761871 0.14106281 0.17286236] | [0.0452107 0.0545731 0.0605102] | [0.00610533 0.00445774 0.00365772] | [0.11791093 0.16915197 0.20571924] |
|   11  | 147.18000864982605 | 2325.530416250229  | 204.4672393798828 | [0.09761871 0.14106281 0.17286236] | [0.0452107 0.0545731 0.0605102] | [0.00610533 0.00445774 0.00365772] | [0.11791093 0.16915197 0.20571924] |
+-------+--------------------+--------------------+-------------------+------------------------------------+---------------------------------+------------------------------------+------------------------------------+
epoch: 12 s: 0 batch_loss 0.3263282775878906 BPR_loss 0.326285719871521 reg_loss 4.255600651958957e-05
epoch: 12 s: 256000 batch_loss 0.3276873826980591 BPR_loss 0.3276450037956238 reg_loss 4.237101893522777e-05
epoch: 12 s: 512000 batch_loss 0.31378087401390076 BPR_loss 0.3137392997741699 reg_loss 4.156016439083032e-05
epoch: 12 s: 768000 batch_loss 0.3064402639865875 BPR_loss 0.30639588832855225 reg_loss 4.438614996615797e-05
epoch: 12 s: 1024000 batch_loss 0.3090980052947998 BPR_loss 0.30905425548553467 reg_loss 4.375994831207208e-05
+-------+-------------------+--------------------+------------------+------------------------------------+------------------------------------+------------------------------------+------------------------------------+
| Epoch |  training time(s) |   tesing time(s)   |       Loss       |               recall               |                ndcg                |             precision              |             hit_ratio              |
+-------+-------------------+--------------------+------------------+------------------------------------+------------------------------------+------------------------------------+------------------------------------+
|   12  | 153.4109423160553 | 2458.1719493865967 | 192.455322265625 | [0.09796904 0.14147665 0.17303148] | [0.04546988 0.05483858 0.06074133] | [0.00613434 0.00446899 0.00366417] | [0.11838704 0.16952393 0.20593869] |
|   12  | 153.4109423160553 | 2332.423173427582  | 192.455322265625 | [0.09796904 0.14147665 0.17303148] | [0.04546988 0.05483858 0.06074133] | [0.00613434 0.00446899 0.00366417] | [0.11838704 0.16952393 0.20593869] |
+-------+-------------------+--------------------+------------------+------------------------------------+------------------------------------+------------------------------------+------------------------------------+
epoch: 13 s: 0 batch_loss 0.2988712191581726 BPR_loss 0.2988262474536896 reg_loss 4.497223562793806e-05
epoch: 13 s: 256000 batch_loss 0.2969737946987152 BPR_loss 0.2969256639480591 reg_loss 4.8137197154574096e-05
epoch: 13 s: 512000 batch_loss 0.31897982954978943 BPR_loss 0.31893470883369446 reg_loss 4.510941289481707e-05
epoch: 13 s: 768000 batch_loss 0.28320014476776123 BPR_loss 0.2831520140171051 reg_loss 4.811912731383927e-05
epoch: 13 s: 1024000 batch_loss 0.28917452692985535 BPR_loss 0.28912675380706787 reg_loss 4.775980414706282e-05
+-------+-------------------+-------------------+--------------------+------------------------------------+------------------------------------+------------------------------------+------------------------------------+
| Epoch |  training time(s) |   tesing time(s)  |        Loss        |               recall               |                ndcg                |             precision              |             hit_ratio              |
+-------+-------------------+-------------------+--------------------+------------------------------------+------------------------------------+------------------------------------+------------------------------------+
|   13  | 155.1849822998047 |  2428.36852312088 | 182.00686645507812 | [0.09824386 0.14176556 0.17361086] | [0.0457213  0.05509395 0.06105188] | [0.00615685 0.00448015 0.00367991] | [0.11874784 0.16985869 0.20665285] |
|   13  | 155.1849822998047 | 2331.814647436142 | 182.00686645507812 | [0.09824386 0.14176556 0.17361086] | [0.0457213  0.05509395 0.06105188] | [0.00615685 0.00448015 0.00367991] | [0.11874784 0.16985869 0.20665285] |
+-------+-------------------+-------------------+--------------------+------------------------------------+------------------------------------+------------------------------------+------------------------------------+
epoch: 14 s: 0 batch_loss 0.27626845240592957 BPR_loss 0.2762213349342346 reg_loss 4.711505971499719e-05
epoch: 14 s: 256000 batch_loss 0.28459346294403076 BPR_loss 0.2845456004142761 reg_loss 4.786071804119274e-05
epoch: 14 s: 512000 batch_loss 0.2874138057231903 BPR_loss 0.28736618161201477 reg_loss 4.7634624934289604e-05
epoch: 14 s: 768000 batch_loss 0.2803610563278198 BPR_loss 0.2803118824958801 reg_loss 4.916524267173372e-05
epoch: 14 s: 1024000 batch_loss 0.2719736099243164 BPR_loss 0.27192431688308716 reg_loss 4.93059451400768e-05
+-------+--------------------+--------------------+--------------------+------------------------------------+------------------------------------+------------------------------------+------------------------------------+
| Epoch |  training time(s)  |   tesing time(s)   |        Loss        |               recall               |                ndcg                |             precision              |             hit_ratio              |
+-------+--------------------+--------------------+--------------------+------------------------------------+------------------------------------+------------------------------------+------------------------------------+
|   14  | 140.62704610824585 | 2432.015184879303  | 171.72068786621094 | [0.09863858 0.1420203  0.17346382] | [0.04590816 0.05525156 0.0611381 ] | [0.00618363 0.00449001 0.00367948] | [0.11918675 0.17018974 0.20648919] |
|   14  | 140.62704610824585 | 2295.8050141334534 | 171.72068786621094 | [0.09863858 0.1420203  0.17346382] | [0.04590816 0.05525156 0.0611381 ] | [0.00618363 0.00449001 0.00367948] | [0.11918675 0.17018974 0.20648919] |
+-------+--------------------+--------------------+--------------------+------------------------------------+------------------------------------+------------------------------------+------------------------------------+
epoch: 15 s: 0 batch_loss 0.27336135506629944 BPR_loss 0.27331143617630005 reg_loss 4.9914029659703374e-05
epoch: 15 s: 256000 batch_loss 0.2618352770805359 BPR_loss 0.2617834806442261 reg_loss 5.178245919523761e-05
epoch: 15 s: 512000 batch_loss 0.2686018645763397 BPR_loss 0.26855045557022095 reg_loss 5.139721906743944e-05
epoch: 15 s: 768000 batch_loss 0.2625456750392914 BPR_loss 0.2624938488006592 reg_loss 5.182847962714732e-05
epoch: 15 s: 1024000 batch_loss 0.2712429165840149 BPR_loss 0.2711903750896454 reg_loss 5.2532337576849386e-05
+-------+--------------------+--------------------+-------------------+------------------------------------+------------------------------------+------------------------------------+------------------------------------+
| Epoch |  training time(s)  |   tesing time(s)   |        Loss       |               recall               |                ndcg                |             precision              |             hit_ratio              |
+-------+--------------------+--------------------+-------------------+------------------------------------+------------------------------------+------------------------------------+------------------------------------+
|   15  | 169.65914916992188 | 2476.713866710663  | 162.8722686767578 | [0.09870664 0.14197688 0.17338255] | [0.04604183 0.0553689  0.0612493 ] | [0.00619479 0.00449308 0.00367929] | [0.11936529 0.17020089 0.2063962 ] |
|   15  | 169.65914916992188 | 2257.8229920864105 | 162.8722686767578 | [0.09870664 0.14197688 0.17338255] | [0.04604183 0.0553689  0.0612493 ] | [0.00619479 0.00449308 0.00367929] | [0.11936529 0.17020089 0.2063962 ] |
+-------+--------------------+--------------------+-------------------+------------------------------------+------------------------------------+------------------------------------+------------------------------------+
epoch: 16 s: 0 batch_loss 0.2554619312286377 BPR_loss 0.25540944933891296 reg_loss 5.248132220003754e-05
epoch: 16 s: 256000 batch_loss 0.2733894884586334 BPR_loss 0.2733392119407654 reg_loss 5.0273873057449237e-05
epoch: 16 s: 512000 batch_loss 0.2614891231060028 BPR_loss 0.2614373564720154 reg_loss 5.1757819164777175e-05
epoch: 16 s: 768000 batch_loss 0.24996250867843628 BPR_loss 0.24990864098072052 reg_loss 5.387348210206255e-05
epoch: 16 s: 1024000 batch_loss 0.25301361083984375 BPR_loss 0.2529565989971161 reg_loss 5.7006134738912806e-05
+-------+--------------------+--------------------+--------------------+------------------------------------+------------------------------------+------------------------------------+------------------------------------+
| Epoch |  training time(s)  |   tesing time(s)   |        Loss        |               recall               |                ndcg                |             precision              |             hit_ratio              |
+-------+--------------------+--------------------+--------------------+------------------------------------+------------------------------------+------------------------------------+------------------------------------+
|   16  | 155.11879658699036 | 2478.5959560871124 | 154.40402221679688 | [0.09888031 0.14199641 0.17320708] | [0.04616964 0.05546808 0.06130991] | [0.00620502 0.00449559 0.0036765 ] | [0.11953267 0.17029017 0.20615071] |
|   16  | 155.11879658699036 | 2288.4600195884705 | 154.40402221679688 | [0.09888031 0.14199641 0.17320708] | [0.04616964 0.05546808 0.06130991] | [0.00620502 0.00449559 0.0036765 ] | [0.11953267 0.17029017 0.20615071] |
+-------+--------------------+--------------------+--------------------+------------------------------------+------------------------------------+------------------------------------+------------------------------------+
epoch: 17 s: 0 batch_loss 0.24077515304088593 BPR_loss 0.24071986973285675 reg_loss 5.528245310415514e-05
epoch: 17 s: 256000 batch_loss 0.24078801274299622 BPR_loss 0.24073362350463867 reg_loss 5.4383010137826204e-05
epoch: 17 s: 512000 batch_loss 0.25016534328460693 BPR_loss 0.2501075267791748 reg_loss 5.782108200946823e-05
epoch: 17 s: 768000 batch_loss 0.22384585440158844 BPR_loss 0.22378945350646973 reg_loss 5.6399538152618334e-05
epoch: 17 s: 1024000 batch_loss 0.2388095259666443 BPR_loss 0.23875212669372559 reg_loss 5.7398243370698765e-05
+-------+--------------------+-------------------+--------------------+------------------------------------+------------------------------------+------------------------------------+------------------------------------+
| Epoch |  training time(s)  |   tesing time(s)  |        Loss        |               recall               |                ndcg                |             precision              |             hit_ratio              |
+-------+--------------------+-------------------+--------------------+------------------------------------+------------------------------------+------------------------------------+------------------------------------+
|   17  | 139.89908599853516 | 2423.204711675644 | 145.94361877441406 | [0.09924688 0.14208773 0.17316019] | [0.04631307 0.05554231 0.06136262] | [0.00622678 0.00449717 0.00367632] | [0.11994555 0.17027901 0.20611351] |
|   17  | 139.89908599853516 | 2144.758311986923 | 145.94361877441406 | [0.09924688 0.14208773 0.17316019] | [0.04631307 0.05554231 0.06136262] | [0.00622678 0.00449717 0.00367632] | [0.11994555 0.17027901 0.20611351] |
+-------+--------------------+-------------------+--------------------+------------------------------------+------------------------------------+------------------------------------+------------------------------------+
epoch: 18 s: 0 batch_loss 0.22609463334083557 BPR_loss 0.22603599727153778 reg_loss 5.862905891262926e-05
epoch: 18 s: 256000 batch_loss 0.23251429200172424 BPR_loss 0.23245814442634583 reg_loss 5.6148317526094615e-05
epoch: 18 s: 512000 batch_loss 0.23556235432624817 BPR_loss 0.23550380766391754 reg_loss 5.85504385526292e-05
epoch: 18 s: 768000 batch_loss 0.2144816517829895 BPR_loss 0.21442173421382904 reg_loss 5.992103979224339e-05
epoch: 18 s: 1024000 batch_loss 0.2163868248462677 BPR_loss 0.21632802486419678 reg_loss 5.879868695046753e-05
+-------+--------------------+--------------------+--------------------+------------------------------------+------------------------------------+------------------------------------+------------------------------------+
| Epoch |  training time(s)  |   tesing time(s)   |        Loss        |               recall               |                ndcg                |             precision              |             hit_ratio              |
+-------+--------------------+--------------------+--------------------+------------------------------------+------------------------------------+------------------------------------+------------------------------------+
|   18  | 100.13249588012695 |  2174.36314368248  | 138.87828063964844 | [0.09912224 0.14212831 0.17288509] | [0.0463576  0.05562832 0.0613897 ] | [0.00622008 0.00450154 0.00367272] | [0.11978188 0.17034968 0.20584198] |
|   18  | 100.13249588012695 | 1949.2003688812256 | 138.87828063964844 | [0.09912224 0.14212831 0.17288509] | [0.0463576  0.05562832 0.0613897 ] | [0.00622008 0.00450154 0.00367272] | [0.11978188 0.17034968 0.20584198] |
+-------+--------------------+--------------------+--------------------+------------------------------------+------------------------------------+------------------------------------+------------------------------------+
epoch: 19 s: 0 batch_loss 0.23529280722141266 BPR_loss 0.2352340668439865 reg_loss 5.874599810340442e-05
epoch: 19 s: 256000 batch_loss 0.2252504974603653 BPR_loss 0.22519056499004364 reg_loss 5.9934656746918336e-05
epoch: 19 s: 512000 batch_loss 0.23956528306007385 BPR_loss 0.23950502276420593 reg_loss 6.0257214499870315e-05
epoch: 19 s: 768000 batch_loss 0.2120252102613449 BPR_loss 0.2119632065296173 reg_loss 6.20002465439029e-05
epoch: 19 s: 1024000 batch_loss 0.2074873149394989 BPR_loss 0.20742905139923096 reg_loss 5.825797779834829e-05
+-------+-------------------+-------------------+--------------------+------------------------------------+------------------------------------+------------------------------------+------------------------------------+
| Epoch |  training time(s) |   tesing time(s)  |        Loss        |               recall               |                ndcg                |             precision              |             hit_ratio              |
+-------+-------------------+-------------------+--------------------+------------------------------------+------------------------------------+------------------------------------+------------------------------------+
|   19  | 99.68916487693787 | 2128.348438978195 | 132.29969787597656 | [0.09902903 0.14205366 0.1726337 ] | [0.04637221 0.055646   0.06137344] | [0.00621841 0.00450145 0.00366739] | [0.11974469 0.17028645 0.20551466] |
|   19  | 99.68916487693787 | 1948.938062429428 | 132.29969787597656 | [0.09902903 0.14205366 0.1726337 ] | [0.04637221 0.055646   0.06137344] | [0.00621841 0.00450145 0.00366739] | [0.11974469 0.17028645 0.20551466] |
+-------+-------------------+-------------------+--------------------+------------------------------------+------------------------------------+------------------------------------+------------------------------------+
epoch: 20 s: 0 batch_loss 0.21298080682754517 BPR_loss 0.21291705965995789 reg_loss 6.374636723194271e-05
epoch: 20 s: 256000 batch_loss 0.2110065519809723 BPR_loss 0.21094262599945068 reg_loss 6.392750947270542e-05
epoch: 20 s: 512000 batch_loss 0.2227969616651535 BPR_loss 0.22273468971252441 reg_loss 6.227595440577716e-05
epoch: 20 s: 768000 batch_loss 0.2103855311870575 BPR_loss 0.21032269299030304 reg_loss 6.283719994826242e-05
epoch: 20 s: 1024000 batch_loss 0.20023493468761444 BPR_loss 0.20017164945602417 reg_loss 6.328905146801844e-05
+-------+-------------------+--------------------+--------------------+------------------------------------+------------------------------------+------------------------------------+------------------------------------+
| Epoch |  training time(s) |   tesing time(s)   |        Loss        |               recall               |                ndcg                |             precision              |             hit_ratio              |
+-------+-------------------+--------------------+--------------------+------------------------------------+------------------------------------+------------------------------------+------------------------------------+
|   20  | 96.81719994544983 | 2140.292491912842  | 126.41936492919922 | [0.09892197 0.14180449 0.17213456] | [0.04638276 0.05562947 0.06131207] | [0.00621022 0.00449401 0.00365846] | [0.11955871 0.16996284 0.2049902 ] |
|   20  | 96.81719994544983 | 1661.8552651405334 | 126.41936492919922 | [0.09892197 0.14180449 0.17213456] | [0.04638276 0.05562947 0.06131207] | [0.00621022 0.00449401 0.00365846] | [0.11955871 0.16996284 0.2049902 ] |
+-------+-------------------+--------------------+--------------------+------------------------------------+------------------------------------+------------------------------------+------------------------------------+
epoch: 21 s: 0 batch_loss 0.20428378880023956 BPR_loss 0.20421969890594482 reg_loss 6.409297930076718e-05
epoch: 21 s: 256000 batch_loss 0.1939026117324829 BPR_loss 0.1938362419605255 reg_loss 6.636510079260916e-05
epoch: 21 s: 512000 batch_loss 0.19063910841941833 BPR_loss 0.19057416915893555 reg_loss 6.494283297797665e-05
epoch: 21 s: 768000 batch_loss 0.19012151658535004 BPR_loss 0.19005444645881653 reg_loss 6.706707790726796e-05
epoch: 21 s: 1024000 batch_loss 0.18024443089962006 BPR_loss 0.18017730116844177 reg_loss 6.712976028211415e-05
+-------+-------------------+--------------------+--------------------+------------------------------------+------------------------------------+------------------------------------+------------------------------------+
| Epoch |  training time(s) |   tesing time(s)   |        Loss        |               recall               |                ndcg                |             precision              |             hit_ratio              |
+-------+-------------------+--------------------+--------------------+------------------------------------+------------------------------------+------------------------------------+------------------------------------+
|   21  | 85.73031783103943 | 1501.7951629161835 | 120.82947540283203 | [0.09861842 0.14174531 0.17172742] | [0.04633244 0.05563028 0.06124639] | [0.0061959  0.00449252 0.00365003] | [0.11924998 0.16989961 0.20448805] |
|   21  | 85.73031783103943 | 1434.3519818782806 | 120.82947540283203 | [0.09861842 0.14174531 0.17172742] | [0.04633244 0.05563028 0.06124639] | [0.0061959  0.00449252 0.00365003] | [0.11924998 0.16989961 0.20448805] |
+-------+-------------------+--------------------+--------------------+------------------------------------+------------------------------------+------------------------------------+------------------------------------+
epoch: 22 s: 0 batch_loss 0.2075234204530716 BPR_loss 0.2074565440416336 reg_loss 6.687995482934639e-05
epoch: 22 s: 256000 batch_loss 0.1826431006193161 BPR_loss 0.1825786978006363 reg_loss 6.4399246184621e-05
epoch: 22 s: 512000 batch_loss 0.18282818794250488 BPR_loss 0.18275922536849976 reg_loss 6.89570588292554e-05
epoch: 22 s: 768000 batch_loss 0.18082354962825775 BPR_loss 0.18075576424598694 reg_loss 6.777972885174677e-05
epoch: 22 s: 1024000 batch_loss 0.1817697435617447 BPR_loss 0.1816970705986023 reg_loss 7.267374166985974e-05
+-------+------------------+--------------------+--------------------+------------------------------------+------------------------------------+------------------------------------+------------------------------------+
| Epoch | training time(s) |   tesing time(s)   |        Loss        |               recall               |                ndcg                |             precision              |             hit_ratio              |
+-------+------------------+--------------------+--------------------+------------------------------------+------------------------------------+------------------------------------+------------------------------------+
|   22  | 79.9315550327301 | 1528.5232458114624 | 115.41079711914062 | [0.09853015 0.14142434 0.17175773] | [0.04627865 0.05552426 0.06120343] | [0.00618939 0.00448433 0.00365177] | [0.11913468 0.16957228 0.20452897] |
|   22  | 79.9315550327301 | 1415.6518816947937 | 115.41079711914062 | [0.09853015 0.14142434 0.17175773] | [0.04627865 0.05552426 0.06120343] | [0.00618939 0.00448433 0.00365177] | [0.11913468 0.16957228 0.20452897] |
+-------+------------------+--------------------+--------------------+------------------------------------+------------------------------------+------------------------------------+------------------------------------+
epoch: 23 s: 0 batch_loss 0.1858934611082077 BPR_loss 0.1858266443014145 reg_loss 6.681400554953143e-05
epoch: 23 s: 256000 batch_loss 0.1763308048248291 BPR_loss 0.17625859379768372 reg_loss 7.220885891001672e-05
epoch: 23 s: 512000 batch_loss 0.18524964153766632 BPR_loss 0.18518143892288208 reg_loss 6.82093741488643e-05
epoch: 23 s: 768000 batch_loss 0.17078739404678345 BPR_loss 0.17071746289730072 reg_loss 6.993069109739736e-05
epoch: 23 s: 1024000 batch_loss 0.16060474514961243 BPR_loss 0.1605364978313446 reg_loss 6.824609590694308e-05
+-------+-------------------+--------------------+--------------------+------------------------------------+------------------------------------+------------------------------------+------------------------------------+
| Epoch |  training time(s) |   tesing time(s)   |        Loss        |               recall               |                ndcg                |             precision              |             hit_ratio              |
+-------+-------------------+--------------------+--------------------+------------------------------------+------------------------------------+------------------------------------+------------------------------------+
|   23  | 77.56871104240417 | 1536.5109028816223 | 110.59770965576172 | [0.09846246 0.14124958 0.17139548] | [0.04627385 0.0554961  0.06114004] | [0.00618381 0.00447829 0.00364365] | [0.11902681 0.16935655 0.20401567] |
|   23  | 77.56871104240417 | 1428.5986111164093 | 110.59770965576172 | [0.09846246 0.14124958 0.17139548] | [0.04627385 0.0554961  0.06114004] | [0.00618381 0.00447829 0.00364365] | [0.11902681 0.16935655 0.20401567] |
+-------+-------------------+--------------------+--------------------+------------------------------------+------------------------------------+------------------------------------+------------------------------------+
epoch: 24 s: 0 batch_loss 0.17857787013053894 BPR_loss 0.17850607633590698 reg_loss 7.179845124483109e-05
epoch: 24 s: 256000 batch_loss 0.17759966850280762 BPR_loss 0.17752930521965027 reg_loss 7.036306487862021e-05
epoch: 24 s: 512000 batch_loss 0.18238197267055511 BPR_loss 0.1823071837425232 reg_loss 7.479325722670183e-05
epoch: 24 s: 768000 batch_loss 0.1695292592048645 BPR_loss 0.16945502161979675 reg_loss 7.424299838021398e-05
epoch: 24 s: 1024000 batch_loss 0.16530638933181763 BPR_loss 0.16523513197898865 reg_loss 7.12583860149607e-05
+-------+-------------------+--------------------+--------------------+------------------------------------+------------------------------------+------------------------------------+------------------------------------+
| Epoch |  training time(s) |   tesing time(s)   |        Loss        |               recall               |                ndcg                |             precision              |             hit_ratio              |
+-------+-------------------+--------------------+--------------------+------------------------------------+------------------------------------+------------------------------------+------------------------------------+
|   24  | 80.18953084945679 | 1501.6917383670807 | 106.07530975341797 | [0.09820829 0.14067699 0.17077912] | [0.04621981 0.05538189 0.06101713] | [0.00617024 0.0044649  0.00363212] | [0.11881851 0.16878373 0.20339822] |
|   24  | 80.18953084945679 | 1470.3916132450104 | 106.07530975341797 | [0.09820829 0.14067699 0.17077912] | [0.04621981 0.05538189 0.06101713] | [0.00617024 0.0044649  0.00363212] | [0.11881851 0.16878373 0.20339822] |
+-------+-------------------+--------------------+--------------------+------------------------------------+------------------------------------+------------------------------------+------------------------------------+
epoch: 25 s: 0 batch_loss 0.17807985842227936 BPR_loss 0.1780097633600235 reg_loss 7.009694672888145e-05
epoch: 25 s: 256000 batch_loss 0.15709525346755981 BPR_loss 0.15702229738235474 reg_loss 7.295902469195426e-05
epoch: 25 s: 512000 batch_loss 0.15589386224746704 BPR_loss 0.1558210551738739 reg_loss 7.280824502231553e-05
epoch: 25 s: 768000 batch_loss 0.15788458287715912 BPR_loss 0.1578109711408615 reg_loss 7.360511517617851e-05
epoch: 25 s: 1024000 batch_loss 0.15881136059761047 BPR_loss 0.1587373912334442 reg_loss 7.39729730412364e-05
+-------+-------------------+--------------------+--------------------+------------------------------------+------------------------------------+------------------------------------+------------------------------------+
| Epoch |  training time(s) |   tesing time(s)   |        Loss        |               recall               |                ndcg                |             precision              |             hit_ratio              |
+-------+-------------------+--------------------+--------------------+------------------------------------+------------------------------------+------------------------------------+------------------------------------+
|   25  | 79.78086447715759 | 1533.4270765781403 | 101.92572784423828 | [0.09801668 0.14020841 0.17042985] | [0.04614272 0.0552496  0.06090953] | [0.00615871 0.00445123 0.00362598] | [0.11856186 0.16830019 0.20306717] |
|   25  | 79.78086447715759 | 1430.430541753769  | 101.92572784423828 | [0.09801668 0.14020841 0.17042985] | [0.04614272 0.0552496  0.06090953] | [0.00615871 0.00445123 0.00362598] | [0.11856186 0.16830019 0.20306717] |
+-------+-------------------+--------------------+--------------------+------------------------------------+------------------------------------+------------------------------------+------------------------------------+
epoch: 26 s: 0 batch_loss 0.16499945521354675 BPR_loss 0.16492542624473572 reg_loss 7.403093331959099e-05
epoch: 26 s: 256000 batch_loss 0.15214352309703827 BPR_loss 0.1520671248435974 reg_loss 7.639085379196331e-05
epoch: 26 s: 512000 batch_loss 0.1542929708957672 BPR_loss 0.15421953797340393 reg_loss 7.342828757828102e-05
epoch: 26 s: 768000 batch_loss 0.1723417490720749 BPR_loss 0.17226365208625793 reg_loss 7.809809176251292e-05
epoch: 26 s: 1024000 batch_loss 0.16864675283432007 BPR_loss 0.16857317090034485 reg_loss 7.358531001955271e-05
+-------+-------------------+-------------------+-------------------+------------------------------------+------------------------------------+------------------------------------+------------------------------------+
| Epoch |  training time(s) |   tesing time(s)  |        Loss       |               recall               |                ndcg                |             precision              |             hit_ratio              |
+-------+-------------------+-------------------+-------------------+------------------------------------+------------------------------------+------------------------------------+------------------------------------+
|   26  | 77.30462121963501 | 1268.538496017456 | 98.01126098632812 | [0.0976017  0.14003221 0.16987124] | [0.04600267 0.05515918 0.06074648] | [0.00613155 0.00444454 0.00361439] | [0.11801136 0.16804353 0.20235301] |
|   26  | 77.30462121963501 | 931.7883043289185 | 98.01126098632812 | [0.0976017  0.14003221 0.16987124] | [0.04600267 0.05515918 0.06074648] | [0.00613155 0.00444454 0.00361439] | [0.11801136 0.16804353 0.20235301] |
+-------+-------------------+-------------------+-------------------+------------------------------------+------------------------------------+------------------------------------+------------------------------------+
epoch: 27 s: 0 batch_loss 0.15828944742679596 BPR_loss 0.15821483731269836 reg_loss 7.461351196980104e-05
epoch: 27 s: 256000 batch_loss 0.17039263248443604 BPR_loss 0.17031744122505188 reg_loss 7.518720667576417e-05
epoch: 27 s: 512000 batch_loss 0.15267178416252136 BPR_loss 0.1525929719209671 reg_loss 7.880842167651281e-05
epoch: 27 s: 768000 batch_loss 0.1447562575340271 BPR_loss 0.14467892050743103 reg_loss 7.733787060715258e-05
epoch: 27 s: 1024000 batch_loss 0.15704797208309174 BPR_loss 0.15697342157363892 reg_loss 7.454720616806298e-05
+-------+-------------------+-------------------+-------------------+------------------------------------+------------------------------------+------------------------------------+------------------------------------+
| Epoch |  training time(s) |   tesing time(s)  |        Loss       |               recall               |                ndcg                |             precision              |             hit_ratio              |
+-------+-------------------+-------------------+-------------------+------------------------------------+------------------------------------+------------------------------------+------------------------------------+
|   27  | 65.06446433067322 | 740.9778985977173 | 94.14884185791016 | [0.09755608 0.13981139 0.16940272] | [0.04598634 0.05510296 0.0606413 ] | [0.006131   0.00443951 0.00360496] | [0.11797044 0.16777572 0.20186946] |
|   27  | 65.06446433067322 | 717.2114782333374 | 94.14884185791016 | [0.09755608 0.13981139 0.16940272] | [0.04598634 0.05510296 0.0606413 ] | [0.006131   0.00443951 0.00360496] | [0.11797044 0.16777572 0.20186946] |
+-------+-------------------+-------------------+-------------------+------------------------------------+------------------------------------+------------------------------------+------------------------------------+
Early stopping is trigger at step: 10 log:0.09755608249774221
early stopping at 27, recall@20:0.0992
