Namespace(K=1, Ks='[20, 40, 60]', batch_size=2048, batch_test_flag=True, context_hops=3, cuda=True, data_path='data/', dataset='ifashion', dim=64, edge_dropout=False, edge_dropout_rate=0.1, epoch=1000, eps=0.01, gnn='lightgcn', gpu_id=2, l2=1e-06, lr=0.001, mess_dropout=False, mess_dropout_rate=0.1, n_negs=16, ns='mixgcf', out_dir='./weights/yelp2018/', pool='mean', save=False, test_batch_size=2048, test_flag='part')
reading train and test user-item set ...
building the adj mat ...
loading over ...
卷积器不需要第0层embedding
拿这个最难的neg_item去和pos_item在每一个维度上自适应权重......
start training ...
epoch: 0 s: 0 batch_loss 0.693148136138916 BPR_loss 0.693148136138916 reg_loss 3.2142094541498523e-10
epoch: 0 s: 256000 batch_loss 0.6931408047676086 BPR_loss 0.6931408047676086 reg_loss 5.581242135122011e-09
epoch: 0 s: 512000 batch_loss 0.6930540800094604 BPR_loss 0.6930540204048157 reg_loss 5.965810601082921e-08
epoch: 0 s: 768000 batch_loss 0.6926637291908264 BPR_loss 0.6926633715629578 reg_loss 3.629118907610973e-07
epoch: 0 s: 1024000 batch_loss 0.6913210153579712 BPR_loss 0.6913195848464966 reg_loss 1.4038026847629226e-06
+-------+-------------------+--------------------+-------------------+------------------------------------+------------------------------------+------------------------------------+------------------------------------+
| Epoch |  training time(s) |   tesing time(s)   |        Loss       |               recall               |                ndcg                |             precision              |             hit_ratio              |
+-------+-------------------+--------------------+-------------------+------------------------------------+------------------------------------+------------------------------------+------------------------------------+
|   0   | 92.62459397315979 | 2058.0232541561127 | 424.4084167480469 | [0.07675147 0.11514224 0.14354383] | [0.0351557  0.04340239 0.04870055] | [0.00479232 0.00361972 0.00302495] | [0.09322775 0.13869599 0.17189331] |
|   0   | 92.62459397315979 | 1873.0141062736511 | 424.4084167480469 | [0.07675147 0.11514224 0.14354383] | [0.0351557  0.04340239 0.04870055] | [0.00479232 0.00361972 0.00302495] | [0.09322775 0.13869599 0.17189331] |
+-------+-------------------+--------------------+-------------------+------------------------------------+------------------------------------+------------------------------------+------------------------------------+
epoch: 1 s: 0 batch_loss 0.6884597539901733 BPR_loss 0.6884562969207764 reg_loss 3.466946282060235e-06
epoch: 1 s: 256000 batch_loss 0.6845573782920837 BPR_loss 0.6845507621765137 reg_loss 6.601762834179681e-06
epoch: 1 s: 512000 batch_loss 0.678575336933136 BPR_loss 0.6785634160041809 reg_loss 1.1892790098499972e-05
epoch: 1 s: 768000 batch_loss 0.6727924942970276 BPR_loss 0.6727746725082397 reg_loss 1.7820819266489707e-05
epoch: 1 s: 1024000 batch_loss 0.6664356589317322 BPR_loss 0.6664105653762817 reg_loss 2.5122462830040604e-05
+-------+-------------------+--------------------+-------------------+------------------------------------+------------------------------------+------------------------------------+------------------------------------+
| Epoch |  training time(s) |   tesing time(s)   |        Loss       |               recall               |                ndcg                |             precision              |             hit_ratio              |
+-------+-------------------+--------------------+-------------------+------------------------------------+------------------------------------+------------------------------------+------------------------------------+
|   1   | 91.26731896400452 | 2148.1700093746185 | 413.7539367675781 | [0.08282375 0.12288782 0.15249179] | [0.0378034  0.04640555 0.05193025] | [0.00515888 0.00386177 0.00321106] | [0.10023545 0.14769739 0.18217797] |
|   1   | 91.26731896400452 | 1901.2574095726013 | 413.7539367675781 | [0.08282375 0.12288782 0.15249179] | [0.0378034  0.04640555 0.05193025] | [0.00515888 0.00386177 0.00321106] | [0.10023545 0.14769739 0.18217797] |
+-------+-------------------+--------------------+-------------------+------------------------------------+------------------------------------+------------------------------------+------------------------------------+
epoch: 2 s: 0 batch_loss 0.6580994725227356 BPR_loss 0.658068060874939 reg_loss 3.1436222343472764e-05
epoch: 2 s: 256000 batch_loss 0.6481752395629883 BPR_loss 0.6481367349624634 reg_loss 3.8509690057253465e-05
epoch: 2 s: 512000 batch_loss 0.6378816962242126 BPR_loss 0.6378285884857178 reg_loss 5.3109662985662e-05
epoch: 2 s: 768000 batch_loss 0.6280874609947205 BPR_loss 0.6280291080474854 reg_loss 5.835179763380438e-05
epoch: 2 s: 1024000 batch_loss 0.6169772744178772 BPR_loss 0.6169078350067139 reg_loss 6.944131018826738e-05
+-------+-------------------+--------------------+-------------------+------------------------------------+------------------------------------+------------------------------------+------------------------------------+
| Epoch |  training time(s) |   tesing time(s)   |        Loss       |               recall               |                ndcg                |             precision              |             hit_ratio              |
+-------+-------------------+--------------------+-------------------+------------------------------------+------------------------------------+------------------------------------+------------------------------------+
|   2   | 85.54181146621704 | 2197.3436465263367 | 388.2291564941406 | [0.08613842 0.127517   0.15785945] | [0.03953195 0.04842736 0.05409779] | [0.00536644 0.00400665 0.00332792] | [0.10416333 0.15304616 0.18837852] |
|   2   | 85.54181146621704 | 1900.9834716320038 | 388.2291564941406 | [0.08613842 0.127517   0.15785945] | [0.03953195 0.04842736 0.05409779] | [0.00536644 0.00400665 0.00332792] | [0.10416333 0.15304616 0.18837852] |
+-------+-------------------+--------------------+-------------------+------------------------------------+------------------------------------+------------------------------------+------------------------------------+
epoch: 3 s: 0 batch_loss 0.6093368530273438 BPR_loss 0.609259843826294 reg_loss 7.701644790358841e-05
epoch: 3 s: 256000 batch_loss 0.6018825769424438 BPR_loss 0.6017926931381226 reg_loss 8.988779882201925e-05
epoch: 3 s: 512000 batch_loss 0.5910962224006653 BPR_loss 0.5909992456436157 reg_loss 9.696320921648294e-05
epoch: 3 s: 768000 batch_loss 0.5826229453086853 BPR_loss 0.5825164318084717 reg_loss 0.00010650326294125989
epoch: 3 s: 1024000 batch_loss 0.5712876319885254 BPR_loss 0.5711713433265686 reg_loss 0.0001162858898169361
+-------+-------------------+--------------------+-------------------+------------------------------------+------------------------------------+------------------------------------+------------------------------------+
| Epoch |  training time(s) |   tesing time(s)   |        Loss       |               recall               |                ndcg                |             precision              |             hit_ratio              |
+-------+-------------------+--------------------+-------------------+------------------------------------+------------------------------------+------------------------------------+------------------------------------+
|   3   | 91.92898321151733 | 2157.732820749283  | 359.4763488769531 | [0.0888767  0.13072172 0.16164302] | [0.0409092  0.04990237 0.05567879] | [0.00554274 0.0041108  0.00341018] | [0.10742169 0.15684386 0.19273788] |
|   3   | 91.92898321151733 | 1965.4465794563293 | 359.4763488769531 | [0.0888767  0.13072172 0.16164302] | [0.0409092  0.04990237 0.05567879] | [0.00554274 0.0041108  0.00341018] | [0.10742169 0.15684386 0.19273788] |
+-------+-------------------+--------------------+-------------------+------------------------------------+------------------------------------+------------------------------------+------------------------------------+
epoch: 4 s: 0 batch_loss 0.5624089241027832 BPR_loss 0.5622880458831787 reg_loss 0.0001208610920002684
epoch: 4 s: 256000 batch_loss 0.5530388355255127 BPR_loss 0.5529053211212158 reg_loss 0.0001335342094535008
epoch: 4 s: 512000 batch_loss 0.542417049407959 BPR_loss 0.5422675609588623 reg_loss 0.00014949688920751214
epoch: 4 s: 768000 batch_loss 0.5327096581459045 BPR_loss 0.5325585603713989 reg_loss 0.00015109972446225584
epoch: 4 s: 1024000 batch_loss 0.5248922109603882 BPR_loss 0.5247327089309692 reg_loss 0.00015950622037053108
+-------+-------------------+--------------------+-------------------+------------------------------------+------------------------------------+------------------------------------+------------------------------------+
| Epoch |  training time(s) |   tesing time(s)   |        Loss       |               recall               |                ndcg                |             precision              |             hit_ratio              |
+-------+-------------------+--------------------+-------------------+------------------------------------+------------------------------------+------------------------------------+------------------------------------+
|   4   | 94.90940928459167 | 2175.3446826934814 | 331.9178771972656 | [0.09099519 0.13298947 0.16432882] | [0.04189895 0.05093934 0.05679793] | [0.00567219 0.00418779 0.00347038] | [0.10988034 0.15967446 0.19594044] |
|   4   | 94.90940928459167 | 1930.8316345214844 | 331.9178771972656 | [0.09099519 0.13298947 0.16432882] | [0.04189895 0.05093934 0.05679793] | [0.00567219 0.00418779 0.00347038] | [0.10988034 0.15967446 0.19594044] |
+-------+-------------------+--------------------+-------------------+------------------------------------+------------------------------------+------------------------------------+------------------------------------+
epoch: 5 s: 0 batch_loss 0.5176477432250977 BPR_loss 0.5174838304519653 reg_loss 0.000163895936566405
epoch: 5 s: 256000 batch_loss 0.5138483643531799 BPR_loss 0.5136702656745911 reg_loss 0.00017811600991990417
epoch: 5 s: 512000 batch_loss 0.5082533359527588 BPR_loss 0.5080697536468506 reg_loss 0.0001835576695157215
epoch: 5 s: 768000 batch_loss 0.4992252290248871 BPR_loss 0.4990272521972656 reg_loss 0.00019797528511844575
epoch: 5 s: 1024000 batch_loss 0.48133584856987 BPR_loss 0.48113158345222473 reg_loss 0.00020425088587217033
+-------+-------------------+--------------------+-------------------+------------------------------------+------------------------------------+------------------------------------+------------------------------------+
| Epoch |  training time(s) |   tesing time(s)   |        Loss       |               recall               |                ndcg                |             precision              |             hit_ratio              |
+-------+-------------------+--------------------+-------------------+------------------------------------+------------------------------------+------------------------------------+------------------------------------+
|   5   | 98.12953734397888 | 2145.7211904525757 | 307.4253845214844 | [0.09266726 0.13526383 0.166884  ] | [0.04269424 0.05186493 0.05777475] | [0.00578061 0.00426153 0.00352667] | [0.11183312 0.16225586 0.19884544] |
|   5   | 98.12953734397888 | 1995.3472745418549 | 307.4253845214844 | [0.09266726 0.13526383 0.166884  ] | [0.04269424 0.05186493 0.05777475] | [0.00578061 0.00426153 0.00352667] | [0.11183312 0.16225586 0.19884544] |
+-------+-------------------+--------------------+-------------------+------------------------------------+------------------------------------+------------------------------------+------------------------------------+
epoch: 6 s: 0 batch_loss 0.4851607084274292 BPR_loss 0.48494625091552734 reg_loss 0.00021446667960844934
epoch: 6 s: 256000 batch_loss 0.46912795305252075 BPR_loss 0.4689099192619324 reg_loss 0.00021804030984640121
epoch: 6 s: 512000 batch_loss 0.4693862497806549 BPR_loss 0.4691603183746338 reg_loss 0.00022591820743400604
epoch: 6 s: 768000 batch_loss 0.46446406841278076 BPR_loss 0.46422475576400757 reg_loss 0.0002393056347500533
epoch: 6 s: 1024000 batch_loss 0.45316752791404724 BPR_loss 0.4529259204864502 reg_loss 0.00024159486929420382
+-------+------------------+-------------------+--------------------+------------------------------------+------------------------------------+------------------------------------+------------------------------------+
| Epoch | training time(s) |   tesing time(s)  |        Loss        |               recall               |                ndcg                |             precision              |             hit_ratio              |
+-------+------------------+-------------------+--------------------+------------------------------------+------------------------------------+------------------------------------+------------------------------------+
|   6   | 164.152526140213 | 2467.024406671524 | 285.74700927734375 | [0.09393429 0.13702097 0.16859012] | [0.04329513 0.05257216 0.05846897] | [0.00585947 0.004319   0.00356113] | [0.11328376 0.16434254 0.20086146] |
|   6   | 164.152526140213 | 2334.252328634262 | 285.74700927734375 | [0.09393429 0.13702097 0.16859012] | [0.04329513 0.05257216 0.05846897] | [0.00585947 0.004319   0.00356113] | [0.11328376 0.16434254 0.20086146] |
+-------+------------------+-------------------+--------------------+------------------------------------+------------------------------------+------------------------------------+------------------------------------+
epoch: 7 s: 0 batch_loss 0.45486634969711304 BPR_loss 0.454616904258728 reg_loss 0.00024945143377408385
epoch: 7 s: 256000 batch_loss 0.4470762312412262 BPR_loss 0.44681790471076965 reg_loss 0.0002583408204372972
epoch: 7 s: 512000 batch_loss 0.4292183518409729 BPR_loss 0.4289458990097046 reg_loss 0.0002724466030485928
epoch: 7 s: 768000 batch_loss 0.41811859607696533 BPR_loss 0.4178301990032196 reg_loss 0.00028840580489486456
epoch: 7 s: 1024000 batch_loss 0.4277206063270569 BPR_loss 0.42744770646095276 reg_loss 0.00027291380683891475
+-------+-------------------+--------------------+-------------------+------------------------------------+------------------------------------+------------------------------------+------------------------------------+
| Epoch |  training time(s) |   tesing time(s)   |        Loss       |               recall               |                ndcg                |             precision              |             hit_ratio              |
+-------+-------------------+--------------------+-------------------+------------------------------------+------------------------------------+------------------------------------+------------------------------------+
|   7   | 144.6055076122284 | 2434.7832815647125 | 265.7712707519531 | [0.09484733 0.13844989 0.17002111] | [0.0437097  0.05309358 0.05898998] | [0.00592326 0.00436438 0.00359188] | [0.11448891 0.1660052  0.20243484] |
|   7   | 144.6055076122284 | 2302.9971027374268 | 265.7712707519531 | [0.09484733 0.13844989 0.17002111] | [0.0437097  0.05309358 0.05898998] | [0.00592326 0.00436438 0.00359188] | [0.11448891 0.1660052  0.20243484] |
+-------+-------------------+--------------------+-------------------+------------------------------------+------------------------------------+------------------------------------+------------------------------------+
epoch: 8 s: 0 batch_loss 0.4190940856933594 BPR_loss 0.4187943637371063 reg_loss 0.0002997158153448254
epoch: 8 s: 256000 batch_loss 0.4017244577407837 BPR_loss 0.4014299511909485 reg_loss 0.00029451490263454616
epoch: 8 s: 512000 batch_loss 0.3931550979614258 BPR_loss 0.3928406238555908 reg_loss 0.0003144818765576929
epoch: 8 s: 768000 batch_loss 0.4106919765472412 BPR_loss 0.41038596630096436 reg_loss 0.0003060105664189905
epoch: 8 s: 1024000 batch_loss 0.3836994767189026 BPR_loss 0.3833765983581543 reg_loss 0.00032288269721902907
+-------+--------------------+--------------------+--------------------+------------------------------------+------------------------------------+------------------------------------+------------------------------------+
| Epoch |  training time(s)  |   tesing time(s)   |        Loss        |               recall               |                ndcg                |             precision              |             hit_ratio              |
+-------+--------------------+--------------------+--------------------+------------------------------------+------------------------------------+------------------------------------+------------------------------------+
|   8   | 158.51405572891235 | 2484.9333469867706 | 247.69044494628906 | [0.09546489 0.13938272 0.1710643 ] | [0.04407314 0.05352828 0.05944952] | [0.00596547 0.00439525 0.0036155 ] | [0.11528862 0.16700949 0.20362883] |
|   8   | 158.51405572891235 | 2327.833219051361  | 247.69044494628906 | [0.09546489 0.13938272 0.1710643 ] | [0.04407314 0.05352828 0.05944952] | [0.00596547 0.00439525 0.0036155 ] | [0.11528862 0.16700949 0.20362883] |
+-------+--------------------+--------------------+--------------------+------------------------------------+------------------------------------+------------------------------------+------------------------------------+
epoch: 9 s: 0 batch_loss 0.38752272725105286 BPR_loss 0.3871828317642212 reg_loss 0.0003398945846129209
epoch: 9 s: 256000 batch_loss 0.374516099691391 BPR_loss 0.37417930364608765 reg_loss 0.0003368108591530472
epoch: 9 s: 512000 batch_loss 0.37626025080680847 BPR_loss 0.3759341239929199 reg_loss 0.000326118286466226
epoch: 9 s: 768000 batch_loss 0.37658971548080444 BPR_loss 0.37625354528427124 reg_loss 0.00033617980079725385
epoch: 9 s: 1024000 batch_loss 0.3629372715950012 BPR_loss 0.3625791370868683 reg_loss 0.000358123448677361
+-------+--------------------+-------------------+-------------------+------------------------------------+------------------------------------+------------------------------------+------------------------------------+
| Epoch |  training time(s)  |   tesing time(s)  |        Loss       |               recall               |                ndcg                |             precision              |             hit_ratio              |
+-------+--------------------+-------------------+-------------------+------------------------------------+------------------------------------+------------------------------------+------------------------------------+
|   9   | 154.89933681488037 | 2450.743965625763 | 232.2165985107422 | [0.0964267  0.14046502 0.17208685] | [0.044496   0.05397484 0.05988536] | [0.0060302  0.00443273 0.00364073] | [0.11646773 0.16835226 0.20484142] |
|   9   | 154.89933681488037 | 2307.902739048004 | 232.2165985107422 | [0.0964267  0.14046502 0.17208685] | [0.044496   0.05397484 0.05988536] | [0.0060302  0.00443273 0.00364073] | [0.11646773 0.16835226 0.20484142] |
+-------+--------------------+-------------------+-------------------+------------------------------------+------------------------------------+------------------------------------+------------------------------------+
epoch: 10 s: 0 batch_loss 0.3809240758419037 BPR_loss 0.3805844187736511 reg_loss 0.00033965797047130764
epoch: 10 s: 256000 batch_loss 0.3774601221084595 BPR_loss 0.37710487842559814 reg_loss 0.00035522907273843884
epoch: 10 s: 512000 batch_loss 0.3524714708328247 BPR_loss 0.3520997166633606 reg_loss 0.00037174197495914996
epoch: 10 s: 768000 batch_loss 0.35701414942741394 BPR_loss 0.3566419780254364 reg_loss 0.00037217375938780606
epoch: 10 s: 1024000 batch_loss 0.3480544090270996 BPR_loss 0.347660630941391 reg_loss 0.00039379028021357954
+-------+--------------------+--------------------+-----------------+------------------------------------+------------------------------------+------------------------------------+------------------------------------+
| Epoch |  training time(s)  |   tesing time(s)   |       Loss      |               recall               |                ndcg                |             precision              |             hit_ratio              |
+-------+--------------------+--------------------+-----------------+------------------------------------+------------------------------------+------------------------------------+------------------------------------+
|   10  | 150.47630047798157 | 2391.875223875046  | 217.76513671875 | [0.09703142 0.1411167  0.1731104 ] | [0.04484502 0.05433624 0.06031466] | [0.0060713  0.00445486 0.00366423] | [0.1171261  0.16909246 0.20600193] |
|   10  | 150.47630047798157 | 2320.5826437473297 | 217.76513671875 | [0.09703142 0.1411167  0.1731104 ] | [0.04484502 0.05433624 0.06031466] | [0.0060713  0.00445486 0.00366423] | [0.1171261  0.16909246 0.20600193] |
+-------+--------------------+--------------------+-----------------+------------------------------------+------------------------------------+------------------------------------+------------------------------------+
epoch: 11 s: 0 batch_loss 0.3577200770378113 BPR_loss 0.3573252856731415 reg_loss 0.00039478865801356733
epoch: 11 s: 256000 batch_loss 0.3444482386112213 BPR_loss 0.34406980872154236 reg_loss 0.0003784225264098495
epoch: 11 s: 512000 batch_loss 0.32550403475761414 BPR_loss 0.32508528232574463 reg_loss 0.0004187655868008733
epoch: 11 s: 768000 batch_loss 0.3384125232696533 BPR_loss 0.3380180299282074 reg_loss 0.0003944859781768173
epoch: 11 s: 1024000 batch_loss 0.33127573132514954 BPR_loss 0.33087319135665894 reg_loss 0.00040253522456623614
+-------+--------------------+--------------------+------------------+------------------------------------+------------------------------------+------------------------------------+------------------------------------+
| Epoch |  training time(s)  |   tesing time(s)   |       Loss       |               recall               |                ndcg                |             precision              |             hit_ratio              |
+-------+--------------------+--------------------+------------------+------------------------------------+------------------------------------+------------------------------------+------------------------------------+
|   11  | 146.05042695999146 | 2425.430282831192  | 204.986572265625 | [0.09758846 0.14164543 0.17344472] | [0.0452026  0.05468732 0.06063349] | [0.00610942 0.0044729  0.00367247] | [0.1178477  0.16966527 0.20642968] |
|   11  | 146.05042695999146 | 2320.5698733329773 | 204.986572265625 | [0.09758846 0.14164543 0.17344472] | [0.0452026  0.05468732 0.06063349] | [0.00610942 0.0044729  0.00367247] | [0.1178477  0.16966527 0.20642968] |
+-------+--------------------+--------------------+------------------+------------------------------------+------------------------------------+------------------------------------+------------------------------------+
epoch: 12 s: 0 batch_loss 0.32752594351768494 BPR_loss 0.32710105180740356 reg_loss 0.0004248785553500056
epoch: 12 s: 256000 batch_loss 0.3248414397239685 BPR_loss 0.32441914081573486 reg_loss 0.0004222898278385401
epoch: 12 s: 512000 batch_loss 0.3170166015625 BPR_loss 0.31660276651382446 reg_loss 0.0004138245712965727
epoch: 12 s: 768000 batch_loss 0.3101962208747864 BPR_loss 0.3097538948059082 reg_loss 0.00044231401989236474
epoch: 12 s: 1024000 batch_loss 0.31549012660980225 BPR_loss 0.31505337357521057 reg_loss 0.0004367583023849875
+-------+--------------------+--------------------+---------------+------------------------------------+------------------------------------+------------------------------------+------------------------------------+
| Epoch |  training time(s)  |   tesing time(s)   |      Loss     |               recall               |                ndcg                |             precision              |             hit_ratio              |
+-------+--------------------+--------------------+---------------+------------------------------------+------------------------------------+------------------------------------+------------------------------------+
|   12  | 147.95074605941772 | 2430.746551513672  | 193.076171875 | [0.09813461 0.14192217 0.17377152] | [0.04549021 0.05491791 0.06087847] | [0.00614606 0.00448433 0.00368208] | [0.11848375 0.17001864 0.20685743] |
|   12  | 147.95074605941772 | 2382.6821715831757 | 193.076171875 | [0.09813461 0.14192217 0.17377152] | [0.04549021 0.05491791 0.06087847] | [0.00614606 0.00448433 0.00368208] | [0.11848375 0.17001864 0.20685743] |
+-------+--------------------+--------------------+---------------+------------------------------------+------------------------------------+------------------------------------+------------------------------------+
epoch: 13 s: 0 batch_loss 0.2984679341316223 BPR_loss 0.2980192303657532 reg_loss 0.0004487152327783406
epoch: 13 s: 256000 batch_loss 0.3001246154308319 BPR_loss 0.2996458411216736 reg_loss 0.00047878612531349063
epoch: 13 s: 512000 batch_loss 0.30967602133750916 BPR_loss 0.3092263340950012 reg_loss 0.0004496802284847945
epoch: 13 s: 768000 batch_loss 0.28581541776657104 BPR_loss 0.28533250093460083 reg_loss 0.0004829300451092422
epoch: 13 s: 1024000 batch_loss 0.2937930226325989 BPR_loss 0.29331672191619873 reg_loss 0.0004763069737236947
+-------+--------------------+-------------------+--------------------+------------------------------------+------------------------------------+------------------------------------+------------------------------------+
| Epoch |  training time(s)  |   tesing time(s)  |        Loss        |               recall               |                ndcg                |             precision              |             hit_ratio              |
+-------+--------------------+-------------------+--------------------+------------------------------------+------------------------------------+------------------------------------+------------------------------------+
|   13  | 145.55016231536865 |  2407.32354927063 | 182.54244995117188 | [0.09862124 0.14246066 0.17387593] | [0.04580008 0.05523497 0.06111206] | [0.00618288 0.00450414 0.00368667] | [0.11909748 0.17066956 0.20696158] |
|   13  | 145.55016231536865 | 2327.355471134186 | 182.54244995117188 | [0.09862124 0.14246066 0.17387593] | [0.04580008 0.05523497 0.06111206] | [0.00618288 0.00450414 0.00368667] | [0.11909748 0.17066956 0.20696158] |
+-------+--------------------+-------------------+--------------------+------------------------------------+------------------------------------+------------------------------------+------------------------------------+
epoch: 14 s: 0 batch_loss 0.2833341956138611 BPR_loss 0.28286439180374146 reg_loss 0.00046979275066405535
epoch: 14 s: 256000 batch_loss 0.28777390718460083 BPR_loss 0.2872964143753052 reg_loss 0.0004774813132826239
epoch: 14 s: 512000 batch_loss 0.29259249567985535 BPR_loss 0.29211804270744324 reg_loss 0.0004744622274301946
epoch: 14 s: 768000 batch_loss 0.2739246189594269 BPR_loss 0.2734341621398926 reg_loss 0.0004904708475805819
epoch: 14 s: 1024000 batch_loss 0.27555525302886963 BPR_loss 0.27506327629089355 reg_loss 0.0004919660277664661
+-------+--------------------+--------------------+-------------------+------------------------------------+------------------------------------+------------------------------------+------------------------------------+
| Epoch |  training time(s)  |   tesing time(s)   |        Loss       |               recall               |                ndcg                |             precision              |             hit_ratio              |
+-------+--------------------+--------------------+-------------------+------------------------------------+------------------------------------+------------------------------------+------------------------------------+
|   14  | 147.84490871429443 | 2406.554774045944  | 172.3716583251953 | [0.09890674 0.14249031 0.17383434] | [0.0459845  0.05537005 0.06123448] | [0.00620446 0.00450851 0.00368766] | [0.11949548 0.17078115 0.20698762] |
|   14  | 147.84490871429443 | 2330.7671282291412 | 172.3716583251953 | [0.09890674 0.14249031 0.17383434] | [0.0459845  0.05537005 0.06123448] | [0.00620446 0.00450851 0.00368766] | [0.11949548 0.17078115 0.20698762] |
+-------+--------------------+--------------------+-------------------+------------------------------------+------------------------------------+------------------------------------+------------------------------------+
epoch: 15 s: 0 batch_loss 0.2760067582130432 BPR_loss 0.2755090892314911 reg_loss 0.0004976767231710255
epoch: 15 s: 256000 batch_loss 0.2626168429851532 BPR_loss 0.26210087537765503 reg_loss 0.0005159744177944958
epoch: 15 s: 512000 batch_loss 0.26903238892555237 BPR_loss 0.2685210704803467 reg_loss 0.0005113293882459402
epoch: 15 s: 768000 batch_loss 0.267644464969635 BPR_loss 0.2671296298503876 reg_loss 0.000514846236910671
epoch: 15 s: 1024000 batch_loss 0.2683221995830536 BPR_loss 0.26779788732528687 reg_loss 0.0005243258783593774
+-------+-------------------+--------------------+--------------------+------------------------------------+------------------------------------+------------------------------------+------------------------------------+
| Epoch |  training time(s) |   tesing time(s)   |        Loss        |               recall               |                ndcg                |             precision              |             hit_ratio              |
+-------+-------------------+--------------------+--------------------+------------------------------------+------------------------------------+------------------------------------+------------------------------------+
|   15  | 174.3482735157013 | 2450.401521921158  | 163.38706970214844 | [0.09907057 0.14263715 0.17400153] | [0.04616639 0.05555176 0.06142169] | [0.00621562 0.00451511 0.00369268] | [0.11968889 0.17091134 0.20710292] |
|   15  | 174.3482735157013 | 2308.8261477947235 | 163.38706970214844 | [0.09907057 0.14263715 0.17400153] | [0.04616639 0.05555176 0.06142169] | [0.00621562 0.00451511 0.00369268] | [0.11968889 0.17091134 0.20710292] |
+-------+-------------------+--------------------+--------------------+------------------------------------+------------------------------------+------------------------------------+------------------------------------+
epoch: 16 s: 0 batch_loss 0.2566207945346832 BPR_loss 0.25609737634658813 reg_loss 0.0005234279669821262
epoch: 16 s: 256000 batch_loss 0.2723102867603302 BPR_loss 0.2718102037906647 reg_loss 0.0005000772071070969
epoch: 16 s: 512000 batch_loss 0.25814270973205566 BPR_loss 0.25762641429901123 reg_loss 0.0005162851302884519
epoch: 16 s: 768000 batch_loss 0.25147610902786255 BPR_loss 0.2509421706199646 reg_loss 0.0005339279887266457
epoch: 16 s: 1024000 batch_loss 0.24425558745861053 BPR_loss 0.24368856847286224 reg_loss 0.000567012233659625
+-------+--------------------+--------------------+-------------------+------------------------------------+------------------------------------+------------------------------------+------------------------------------+
| Epoch |  training time(s)  |   tesing time(s)   |        Loss       |               recall               |                ndcg                |             precision              |             hit_ratio              |
+-------+--------------------+--------------------+-------------------+------------------------------------+------------------------------------+------------------------------------+------------------------------------+
|   16  | 153.08916020393372 | 2414.5874502658844 | 155.0789031982422 | [0.09927216 0.14265209 0.17391897] | [0.04623777 0.05558966 0.06144168] | [0.00622808 0.00451865 0.0036925 ] | [0.1199567  0.17100805 0.20700622] |
|   16  | 153.08916020393372 | 2252.4879443645477 | 155.0789031982422 | [0.09927216 0.14265209 0.17391897] | [0.04623777 0.05558966 0.06144168] | [0.00622808 0.00451865 0.0036925 ] | [0.1199567  0.17100805 0.20700622] |
+-------+--------------------+--------------------+-------------------+------------------------------------+------------------------------------+------------------------------------+------------------------------------+
epoch: 17 s: 0 batch_loss 0.24296344816684723 BPR_loss 0.24241115152835846 reg_loss 0.0005522939609363675
epoch: 17 s: 256000 batch_loss 0.24063239991664886 BPR_loss 0.240089550614357 reg_loss 0.0005428554723039269
epoch: 17 s: 512000 batch_loss 0.25203269720077515 BPR_loss 0.2514587342739105 reg_loss 0.000573956873267889
epoch: 17 s: 768000 batch_loss 0.2226298302412033 BPR_loss 0.22206711769104004 reg_loss 0.000562711269594729
epoch: 17 s: 1024000 batch_loss 0.2445582151412964 BPR_loss 0.24398648738861084 reg_loss 0.0005717287422157824
+-------+--------------------+--------------------+--------------------+------------------------------------+------------------------------------+------------------------------------+------------------------------------+
| Epoch |  training time(s)  |   tesing time(s)   |        Loss        |               recall               |                ndcg                |             precision              |             hit_ratio              |
+-------+--------------------+--------------------+--------------------+------------------------------------+------------------------------------+------------------------------------+------------------------------------+
|   17  | 154.08494973182678 | 2421.2825446128845 | 146.78445434570312 | [0.09930194 0.14253675 0.1738036 ] | [0.0463445  0.05567034 0.06152184] | [0.00623273 0.0045166  0.00369157] | [0.12001994 0.1709039  0.20689091] |
|   17  | 154.08494973182678 | 2165.868264436722  | 146.78445434570312 | [0.09930194 0.14253675 0.1738036 ] | [0.0463445  0.05567034 0.06152184] | [0.00623273 0.0045166  0.00369157] | [0.12001994 0.1709039  0.20689091] |
+-------+--------------------+--------------------+--------------------+------------------------------------+------------------------------------+------------------------------------+------------------------------------+
epoch: 18 s: 0 batch_loss 0.22841835021972656 BPR_loss 0.22783495485782623 reg_loss 0.0005833994364365935
epoch: 18 s: 256000 batch_loss 0.23386558890342712 BPR_loss 0.2333037555217743 reg_loss 0.00056183006381616
epoch: 18 s: 512000 batch_loss 0.2293829321861267 BPR_loss 0.2288002371788025 reg_loss 0.0005826972774229944
epoch: 18 s: 768000 batch_loss 0.22112813591957092 BPR_loss 0.22052986919879913 reg_loss 0.0005982653237879276
epoch: 18 s: 1024000 batch_loss 0.2185247242450714 BPR_loss 0.2179381400346756 reg_loss 0.0005865885177627206
+-------+--------------------+--------------------+--------------------+------------------------------------+------------------------------------+------------------------------------+------------------------------------+
| Epoch |  training time(s)  |   tesing time(s)   |        Loss        |               recall               |                ndcg                |             precision              |             hit_ratio              |
+-------+--------------------+--------------------+--------------------+------------------------------------+------------------------------------+------------------------------------+------------------------------------+
|   18  | 100.34570932388306 | 2167.4332983493805 | 139.54896545410156 | [0.09914569 0.1426663  0.17357636] | [0.04632547 0.05571168 0.06149661] | [0.00622157 0.0045206  0.00368593] | [0.11984512 0.17100061 0.20657102] |
|   18  | 100.34570932388306 | 1948.4517970085144 | 139.54896545410156 | [0.09914569 0.1426663  0.17357636] | [0.04632547 0.05571168 0.06149661] | [0.00622157 0.0045206  0.00368593] | [0.11984512 0.17100061 0.20657102] |
+-------+--------------------+--------------------+--------------------+------------------------------------+------------------------------------+------------------------------------+------------------------------------+
epoch: 19 s: 0 batch_loss 0.23309732973575592 BPR_loss 0.23251178860664368 reg_loss 0.000585544912610203
epoch: 19 s: 256000 batch_loss 0.22694703936576843 BPR_loss 0.22635075449943542 reg_loss 0.0005962876603007317
epoch: 19 s: 512000 batch_loss 0.24565833806991577 BPR_loss 0.24505935609340668 reg_loss 0.000598979473579675
epoch: 19 s: 768000 batch_loss 0.21130794286727905 BPR_loss 0.21069076657295227 reg_loss 0.0006171725108288229
epoch: 19 s: 1024000 batch_loss 0.21049775183200836 BPR_loss 0.20991499722003937 reg_loss 0.0005827490240335464
+-------+-------------------+--------------------+-------------------+------------------------------------+------------------------------------+------------------------------------+------------------------------------+
| Epoch |  training time(s) |   tesing time(s)   |        Loss       |               recall               |                ndcg                |             precision              |             hit_ratio              |
+-------+-------------------+--------------------+-------------------+------------------------------------+------------------------------------+------------------------------------+------------------------------------+
|   19  | 98.00543546676636 | 2114.3346512317657 | 133.1436767578125 | [0.09941159 0.14237862 0.17334125] | [0.04642288 0.05568467 0.06147883] | [0.00624184 0.00451335 0.00368196] | [0.12014268 0.17068816 0.2062809 ] |
|   19  | 98.00543546676636 | 1971.1114358901978 | 133.1436767578125 | [0.09941159 0.14237862 0.17334125] | [0.04642288 0.05568467 0.06147883] | [0.00624184 0.00451335 0.00368196] | [0.12014268 0.17068816 0.2062809 ] |
+-------+-------------------+--------------------+-------------------+------------------------------------+------------------------------------+------------------------------------+------------------------------------+
epoch: 20 s: 0 batch_loss 0.20569191873073578 BPR_loss 0.20505620539188385 reg_loss 0.0006357188685797155
epoch: 20 s: 256000 batch_loss 0.21145498752593994 BPR_loss 0.21081897616386414 reg_loss 0.0006360055413097143
epoch: 20 s: 512000 batch_loss 0.2229435294866562 BPR_loss 0.22232294082641602 reg_loss 0.0006205940153449774
epoch: 20 s: 768000 batch_loss 0.2134433388710022 BPR_loss 0.2128201127052307 reg_loss 0.0006232205196283758
epoch: 20 s: 1024000 batch_loss 0.20611849427223206 BPR_loss 0.20548781752586365 reg_loss 0.0006306712748482823
+-------+-------------------+--------------------+--------------------+------------------------------------+------------------------------------+------------------------------------+------------------------------------+
| Epoch |  training time(s) |   tesing time(s)   |        Loss        |               recall               |                ndcg                |             precision              |             hit_ratio              |
+-------+-------------------+--------------------+--------------------+------------------------------------+------------------------------------+------------------------------------+------------------------------------+
|   20  | 97.02617502212524 | 2155.7362101078033 | 127.01287078857422 | [0.09939846 0.14212905 0.17310439] | [0.04644871 0.05566135 0.06145877] | [0.0062424  0.00450675 0.00367818] | [0.12019848 0.17037944 0.20605772] |
|   20  | 97.02617502212524 | 1673.9406080245972 | 127.01287078857422 | [0.09939846 0.14212905 0.17310439] | [0.04644871 0.05566135 0.06145877] | [0.0062424  0.00450675 0.00367818] | [0.12019848 0.17037944 0.20605772] |
+-------+-------------------+--------------------+--------------------+------------------------------------+------------------------------------+------------------------------------+------------------------------------+
epoch: 21 s: 0 batch_loss 0.2044641673564911 BPR_loss 0.20382696390151978 reg_loss 0.0006372076459228992
epoch: 21 s: 256000 batch_loss 0.19366854429244995 BPR_loss 0.1930103302001953 reg_loss 0.0006582076312042773
epoch: 21 s: 512000 batch_loss 0.1967480480670929 BPR_loss 0.19610252976417542 reg_loss 0.0006455210968852043
epoch: 21 s: 768000 batch_loss 0.19437909126281738 BPR_loss 0.193712055683136 reg_loss 0.0006670348229818046
epoch: 21 s: 1024000 batch_loss 0.17231708765029907 BPR_loss 0.17164745926856995 reg_loss 0.000669626344460994
+-------+-------------------+--------------------+-------------------+------------------------------------+------------------------------------+------------------------------------+------------------------------------+
| Epoch |  training time(s) |   tesing time(s)   |        Loss       |               recall               |                ndcg                |             precision              |             hit_ratio              |
+-------+-------------------+--------------------+-------------------+------------------------------------+------------------------------------+------------------------------------+------------------------------------+
|   21  | 86.71703672409058 | 1473.7993566989899 | 121.4733657836914 | [0.09919935 0.14188659 0.17281548] | [0.04648545 0.05569256 0.0614748 ] | [0.00623105 0.00450089 0.0036713 ] | [0.11988603 0.17011162 0.20565601] |
|   21  | 86.71703672409058 | 1418.9693796634674 | 121.4733657836914 | [0.09919935 0.14188659 0.17281548] | [0.04648545 0.05569256 0.0614748 ] | [0.00623105 0.00450089 0.0036713 ] | [0.11988603 0.17011162 0.20565601] |
+-------+-------------------+--------------------+-------------------+------------------------------------+------------------------------------+------------------------------------+------------------------------------+
epoch: 22 s: 0 batch_loss 0.2060071974992752 BPR_loss 0.2053423374891281 reg_loss 0.0006648556445725262
epoch: 22 s: 256000 batch_loss 0.18831771612167358 BPR_loss 0.18767619132995605 reg_loss 0.000641518912743777
epoch: 22 s: 512000 batch_loss 0.17972446978092194 BPR_loss 0.17903679609298706 reg_loss 0.0006876663537696004
epoch: 22 s: 768000 batch_loss 0.18245889246463776 BPR_loss 0.1817825436592102 reg_loss 0.0006763508426956832
epoch: 22 s: 1024000 batch_loss 0.1876937597990036 BPR_loss 0.18697324395179749 reg_loss 0.0007205110741779208
+-------+-------------------+--------------------+--------------------+------------------------------------+------------------------------------+------------------------------------+------------------------------------+
| Epoch |  training time(s) |   tesing time(s)   |        Loss        |               recall               |                ndcg                |             precision              |             hit_ratio              |
+-------+-------------------+--------------------+--------------------+------------------------------------+------------------------------------+------------------------------------+------------------------------------+
|   22  | 83.59036421775818 | 1486.0100872516632 | 115.98603057861328 | [0.09922883 0.14178589 0.17260418] | [0.04647842 0.05564718 0.06141   ] | [0.00623384 0.00449652 0.00366727] | [0.11991579 0.16997772 0.2053324 ] |
|   22  | 83.59036421775818 | 1424.5654163360596 | 115.98603057861328 | [0.09922883 0.14178589 0.17260418] | [0.04647842 0.05564718 0.06141   ] | [0.00623384 0.00449652 0.00366727] | [0.11991579 0.16997772 0.2053324 ] |
+-------+-------------------+--------------------+--------------------+------------------------------------+------------------------------------+------------------------------------+------------------------------------+
epoch: 23 s: 0 batch_loss 0.1842866986989975 BPR_loss 0.18361812829971313 reg_loss 0.0006685765692964196
epoch: 23 s: 256000 batch_loss 0.17962855100631714 BPR_loss 0.17890934646129608 reg_loss 0.000719205301720649
epoch: 23 s: 512000 batch_loss 0.19327065348625183 BPR_loss 0.1925918310880661 reg_loss 0.0006788234459236264
epoch: 23 s: 768000 batch_loss 0.1746867299079895 BPR_loss 0.17398720979690552 reg_loss 0.0006995254661887884
epoch: 23 s: 1024000 batch_loss 0.15762266516685486 BPR_loss 0.1569444239139557 reg_loss 0.000678241194691509
+-------+-------------------+--------------------+--------------------+------------------------------------+------------------------------------+------------------------------------+------------------------------------+
| Epoch |  training time(s) |   tesing time(s)   |        Loss        |               recall               |                ndcg                |             precision              |             hit_ratio              |
+-------+-------------------+--------------------+--------------------+------------------------------------+------------------------------------+------------------------------------+------------------------------------+
|   23  | 81.95712900161743 | 1473.6859378814697 | 111.41880798339844 | [0.09920929 0.14135663 0.17200926] | [0.04643784 0.05551752 0.06125464] | [0.00623607 0.00448406 0.0036571 ] | [0.1199567  0.1694607  0.20462196] |
|   23  | 81.95712900161743 | 1429.1973297595978 | 111.41880798339844 | [0.09920929 0.14135663 0.17200926] | [0.04643784 0.05551752 0.06125464] | [0.00623607 0.00448406 0.0036571 ] | [0.1199567  0.1694607  0.20462196] |
+-------+-------------------+--------------------+--------------------+------------------------------------+------------------------------------+------------------------------------+------------------------------------+
epoch: 24 s: 0 batch_loss 0.1798238903284073 BPR_loss 0.17910853028297424 reg_loss 0.0007153580081649125
epoch: 24 s: 256000 batch_loss 0.17276327311992645 BPR_loss 0.1720638871192932 reg_loss 0.0006993853603489697
epoch: 24 s: 512000 batch_loss 0.1842423677444458 BPR_loss 0.18350064754486084 reg_loss 0.0007417161832563579
epoch: 24 s: 768000 batch_loss 0.1675643026828766 BPR_loss 0.1668260097503662 reg_loss 0.0007382924668490887
epoch: 24 s: 1024000 batch_loss 0.17279298603534698 BPR_loss 0.17208361625671387 reg_loss 0.0007093733875080943
+-------+-------------------+--------------------+--------------------+------------------------------------+------------------------------------+------------------------------------+------------------------------------+
| Epoch |  training time(s) |   tesing time(s)   |        Loss        |               recall               |                ndcg                |             precision              |             hit_ratio              |
+-------+-------------------+--------------------+--------------------+------------------------------------+------------------------------------+------------------------------------+------------------------------------+
|   24  | 83.61972904205322 | 1468.3927421569824 | 106.79721069335938 | [0.09884867 0.14096378 0.17154764] | [0.04633884 0.05542257 0.06114556] | [0.00621506 0.00447392 0.00364873] | [0.11954755 0.16913337 0.20406402] |
|   24  | 83.61972904205322 | 1459.2667286396027 | 106.79721069335938 | [0.09884867 0.14096378 0.17154764] | [0.04633884 0.05542257 0.06114556] | [0.00621506 0.00447392 0.00364873] | [0.11954755 0.16913337 0.20406402] |
+-------+-------------------+--------------------+--------------------+------------------------------------+------------------------------------+------------------------------------+------------------------------------+
epoch: 25 s: 0 batch_loss 0.17422352731227875 BPR_loss 0.17352449893951416 reg_loss 0.0006990222609601915
epoch: 25 s: 256000 batch_loss 0.1607183963060379 BPR_loss 0.15999341011047363 reg_loss 0.0007249813061207533
epoch: 25 s: 512000 batch_loss 0.15790191292762756 BPR_loss 0.15717682242393494 reg_loss 0.0007250922499224544
epoch: 25 s: 768000 batch_loss 0.16013266146183014 BPR_loss 0.1593974530696869 reg_loss 0.0007352020475082099
epoch: 25 s: 1024000 batch_loss 0.1588761955499649 BPR_loss 0.15814048051834106 reg_loss 0.0007357178837992251
+-------+-------------------+--------------------+--------------------+------------------------------------+------------------------------------+------------------------------------+------------------------------------+
| Epoch |  training time(s) |   tesing time(s)   |        Loss        |               recall               |                ndcg                |             precision              |             hit_ratio              |
+-------+-------------------+--------------------+--------------------+------------------------------------+------------------------------------+------------------------------------+------------------------------------+
|   25  | 95.58249044418335 | 1467.4927337169647 | 102.79750061035156 | [0.09875267 0.14078408 0.17117549] | [0.04626877 0.05533358 0.06102677] | [0.00620818 0.00446797 0.00364352] | [0.11940249 0.16888788 0.20376273] |
|   25  | 95.58249044418335 | 1454.5247311592102 | 102.79750061035156 | [0.09875267 0.14078408 0.17117549] | [0.04626877 0.05533358 0.06102677] | [0.00620818 0.00446797 0.00364352] | [0.11940249 0.16888788 0.20376273] |
+-------+-------------------+--------------------+--------------------+------------------------------------+------------------------------------+------------------------------------+------------------------------------+
epoch: 26 s: 0 batch_loss 0.166107177734375 BPR_loss 0.1653725653886795 reg_loss 0.0007346156053245068
epoch: 26 s: 256000 batch_loss 0.15193745493888855 BPR_loss 0.15117688477039337 reg_loss 0.0007605760474689305
epoch: 26 s: 512000 batch_loss 0.15414321422576904 BPR_loss 0.15341296792030334 reg_loss 0.0007302458398044109
epoch: 26 s: 768000 batch_loss 0.17292286455631256 BPR_loss 0.17214584350585938 reg_loss 0.0007770243100821972
epoch: 26 s: 1024000 batch_loss 0.164555162191391 BPR_loss 0.16382348537445068 reg_loss 0.000731682637706399
+-------+-------------------+--------------------+------------------+------------------------------------+------------------------------------+------------------------------------+------------------------------------+
| Epoch |  training time(s) |   tesing time(s)   |       Loss       |               recall               |                ndcg                |             precision              |             hit_ratio              |
+-------+-------------------+--------------------+------------------+------------------------------------+------------------------------------+------------------------------------+------------------------------------+
|   26  | 86.17881727218628 | 1239.7700471878052 | 98.7085189819336 | [0.09864029 0.14044506 0.17070704] | [0.04627263 0.05528659 0.06095522] | [0.00619851 0.00445653 0.00363311] | [0.11919791 0.16845641 0.20319736] |
|   26  | 86.17881727218628 | 1017.280415058136  | 98.7085189819336 | [0.09864029 0.14044506 0.17070704] | [0.04627263 0.05528659 0.06095522] | [0.00619851 0.00445653 0.00363311] | [0.11919791 0.16845641 0.20319736] |
+-------+-------------------+--------------------+------------------+------------------------------------+------------------------------------+------------------------------------+------------------------------------+
epoch: 27 s: 0 batch_loss 0.1620023101568222 BPR_loss 0.16125918924808502 reg_loss 0.0007431171834468842
epoch: 27 s: 256000 batch_loss 0.1791975200176239 BPR_loss 0.17845089733600616 reg_loss 0.0007466204697266221
epoch: 27 s: 512000 batch_loss 0.15250104665756226 BPR_loss 0.15172013640403748 reg_loss 0.0007809068774804473
epoch: 27 s: 768000 batch_loss 0.15047520399093628 BPR_loss 0.1497068554162979 reg_loss 0.0007683411822654307
epoch: 27 s: 1024000 batch_loss 0.15361912548542023 BPR_loss 0.15287703275680542 reg_loss 0.0007420934271067381
+-------+-------------------+------------------+-------------------+------------------------------------+------------------------------------+------------------------------------+------------------------------------+
| Epoch |  training time(s) |  tesing time(s)  |        Loss       |               recall               |                ndcg                |             precision              |             hit_ratio              |
+-------+-------------------+------------------+-------------------+------------------------------------+------------------------------------+------------------------------------+------------------------------------+
|   27  | 69.56797528266907 | 733.05552983284  | 95.06217956542969 | [0.09824274 0.14014608 0.16997667] | [0.0461294  0.05516789 0.06075858] | [0.00618009 0.00445067 0.00362015] | [0.118759   0.16812165 0.20236045] |
|   27  | 69.56797528266907 | 731.608855009079 | 95.06217956542969 | [0.09824274 0.14014608 0.16997667] | [0.0461294  0.05516789 0.06075858] | [0.00618009 0.00445067 0.00362015] | [0.118759   0.16812165 0.20236045] |
+-------+-------------------+------------------+-------------------+------------------------------------+------------------------------------+------------------------------------+------------------------------------+
epoch: 28 s: 0 batch_loss 0.1503770351409912 BPR_loss 0.14959841966629028 reg_loss 0.0007786136702634394
epoch: 28 s: 256000 batch_loss 0.16711969673633575 BPR_loss 0.16638126969337463 reg_loss 0.0007384225609712303
epoch: 28 s: 512000 batch_loss 0.1340218037366867 BPR_loss 0.13327068090438843 reg_loss 0.0007511242874898016
epoch: 28 s: 768000 batch_loss 0.15034054219722748 BPR_loss 0.14960364997386932 reg_loss 0.0007368959486484528
epoch: 28 s: 1024000 batch_loss 0.1569547802209854 BPR_loss 0.15619751811027527 reg_loss 0.0007572673493996263
+-------+-------------------+-------------------+-------------------+------------------------------------+------------------------------------+------------------------------------+------------------------------------+
| Epoch |  training time(s) |   tesing time(s)  |        Loss       |               recall               |                ndcg                |             precision              |             hit_ratio              |
+-------+-------------------+-------------------+-------------------+------------------------------------+------------------------------------+------------------------------------+------------------------------------+
|   28  | 65.95677089691162 | 657.1337056159973 | 91.32806396484375 | [0.09813988 0.13980988 0.16958462] | [0.04607146 0.05506329 0.06064707] | [0.00616856 0.00443942 0.0036116 ] | [0.11859533 0.16770877 0.2019327 ] |
|   28  | 65.95677089691162 | 654.3527035713196 | 91.32806396484375 | [0.09813988 0.13980988 0.16958462] | [0.04607146 0.05506329 0.06064707] | [0.00616856 0.00443942 0.0036116 ] | [0.11859533 0.16770877 0.2019327 ] |
+-------+-------------------+-------------------+-------------------+------------------------------------+------------------------------------+------------------------------------+------------------------------------+
epoch: 29 s: 0 batch_loss 0.15564993023872375 BPR_loss 0.1548546552658081 reg_loss 0.0007952775340527296
epoch: 29 s: 256000 batch_loss 0.14825013279914856 BPR_loss 0.14746400713920593 reg_loss 0.0007861264748498797
epoch: 29 s: 512000 batch_loss 0.1446608453989029 BPR_loss 0.1438429057598114 reg_loss 0.0008179360302165151
epoch: 29 s: 768000 batch_loss 0.14472836256027222 BPR_loss 0.14391908049583435 reg_loss 0.0008092822972685099
epoch: 29 s: 1024000 batch_loss 0.15131789445877075 BPR_loss 0.15052035450935364 reg_loss 0.000797539425548166
+-------+--------------------+-------------------+------------------+------------------------------------+------------------------------------+------------------------------------+------------------------------------+
| Epoch |  training time(s)  |   tesing time(s)  |       Loss       |               recall               |                ndcg                |             precision              |             hit_ratio              |
+-------+--------------------+-------------------+------------------+------------------------------------+------------------------------------+------------------------------------+------------------------------------+
|   29  | 63.749971866607666 | 651.9605627059937 | 87.9643325805664 | [0.09792084 0.13951917 0.16930985] | [0.04603008 0.05500392 0.06058689] | [0.00615759 0.00443133 0.00360577] | [0.11840936 0.16740748 0.20161653] |
|   29  | 63.749971866607666 | 655.4554927349091 | 87.9643325805664 | [0.09792084 0.13951917 0.16930985] | [0.04603008 0.05500392 0.06058689] | [0.00615759 0.00443133 0.00360577] | [0.11840936 0.16740748 0.20161653] |
+-------+--------------------+-------------------+------------------+------------------------------------+------------------------------------+------------------------------------+------------------------------------+
Early stopping is trigger at step: 10 log:0.09792084264664007
early stopping at 29, recall@20:0.0994
