Namespace(K=1, Ks='[20, 40, 60]', batch_size=2048, batch_test_flag=True, context_hops=3, cuda=True, data_path='data/', dataset='ifashion', dim=64, edge_dropout=False, edge_dropout_rate=0.1, epoch=1000, eps=0.01, gnn='lightgcn', gpu_id=2, l2=0.0005, lr=0.001, mess_dropout=False, mess_dropout_rate=0.1, n_negs=16, ns='mixgcf', out_dir='./weights/yelp2018/', pool='mean', save=False, test_batch_size=2048, test_flag='part')
reading train and test user-item set ...
building the adj mat ...
loading over ...
卷积器不需要第0层embedding
拿这个最难的neg_item去和pos_item在每一个维度上自适应权重......
start training ...
epoch: 0 s: 0 batch_loss 0.6931483149528503 BPR_loss 0.693148136138916 reg_loss 1.6071048491994588e-07
epoch: 0 s: 256000 batch_loss 0.6931445598602295 BPR_loss 0.6931430101394653 reg_loss 1.552947878735722e-06
epoch: 0 s: 512000 batch_loss 0.6931093335151672 BPR_loss 0.6930988430976868 reg_loss 1.0470665074535646e-05
epoch: 0 s: 768000 batch_loss 0.6929715871810913 BPR_loss 0.6929259300231934 reg_loss 4.567531868815422e-05
epoch: 0 s: 1024000 batch_loss 0.6925269961357117 BPR_loss 0.6923848986625671 reg_loss 0.00014212717360351235
+-------+-------------------+--------------------+-------------------+------------------------------------+------------------------------------+------------------------------------+------------------------------------+
| Epoch |  training time(s) |   tesing time(s)   |        Loss       |               recall               |                ndcg                |             precision              |             hit_ratio              |
+-------+-------------------+--------------------+-------------------+------------------------------------+------------------------------------+------------------------------------+------------------------------------+
|   0   | 78.78819441795349 | 1191.4200627803802 | 424.7380065917969 | [0.07599038 0.11254284 0.1396118 ] | [0.03513007 0.04300029 0.04805236] | [0.00474247 0.00355109 0.00294982] | [0.09217882 0.13577983 0.16742608] |
|   0   | 78.78819441795349 | 1152.260170698166  | 424.7380065917969 | [0.07599038 0.11254284 0.1396118 ] | [0.03513007 0.04300029 0.04805236] | [0.00474247 0.00355109 0.00294982] | [0.09217882 0.13577983 0.16742608] |
+-------+-------------------+--------------------+-------------------+------------------------------------+------------------------------------+------------------------------------+------------------------------------+
epoch: 1 s: 0 batch_loss 0.6915502548217773 BPR_loss 0.691246747970581 reg_loss 0.0003034828696399927
epoch: 1 s: 256000 batch_loss 0.690237283706665 BPR_loss 0.6896636486053467 reg_loss 0.0005736546590924263
epoch: 1 s: 512000 batch_loss 0.6882230043411255 BPR_loss 0.6872202157974243 reg_loss 0.0010027956450358033
epoch: 1 s: 768000 batch_loss 0.6859365701675415 BPR_loss 0.6844320297241211 reg_loss 0.0015045426553115249
epoch: 1 s: 1024000 batch_loss 0.6832104325294495 BPR_loss 0.6811219453811646 reg_loss 0.0020884659606963396
+-------+------------------+--------------------+--------------------+------------------------------------+------------------------------------+------------------------------------+------------------------------------+
| Epoch | training time(s) |   tesing time(s)   |        Loss        |               recall               |                ndcg                |             precision              |             hit_ratio              |
+-------+------------------+--------------------+--------------------+------------------------------------+------------------------------------+------------------------------------+------------------------------------+
|   1   | 74.7631185054779 | 1267.2028138637543 | 420.94342041015625 | [0.08226601 0.12062005 0.14912574] | [0.03807661 0.04633254 0.05165555] | [0.00513303 0.00380077 0.00314913] | [0.09954733 0.1452499  0.17847698] |
|   1   | 74.7631185054779 | 1183.9530243873596 | 420.94342041015625 | [0.08226601 0.12062005 0.14912574] | [0.03807661 0.04633254 0.05165555] | [0.00513303 0.00380077 0.00314913] | [0.09954733 0.1452499  0.17847698] |
+-------+------------------+--------------------+--------------------+------------------------------------+------------------------------------+------------------------------------+------------------------------------+
epoch: 2 s: 0 batch_loss 0.679427444934845 BPR_loss 0.6766769886016846 reg_loss 0.0027504728641361
epoch: 2 s: 256000 batch_loss 0.6749053597450256 BPR_loss 0.6714545488357544 reg_loss 0.003450836753472686
epoch: 2 s: 512000 batch_loss 0.6705266237258911 BPR_loss 0.6660059690475464 reg_loss 0.004520651418715715
epoch: 2 s: 768000 batch_loss 0.6658143997192383 BPR_loss 0.660557746887207 reg_loss 0.005256641656160355
epoch: 2 s: 1024000 batch_loss 0.6606171727180481 BPR_loss 0.6542882919311523 reg_loss 0.006328898947685957
+-------+-------------------+--------------------+-------------------+------------------------------------+------------------------------------+------------------------------------+------------------------------------+
| Epoch |  training time(s) |   tesing time(s)   |        Loss       |               recall               |                ndcg                |             precision              |             hit_ratio              |
+-------+-------------------+--------------------+-------------------+------------------------------------+------------------------------------+------------------------------------+------------------------------------+
|   2   | 73.83513474464417 | 1249.2315483093262 | 409.6069641113281 | [0.08457248 0.12358121 0.15229816] | [0.03924466 0.04763283 0.05300081] | [0.00527995 0.00389645 0.00322091] | [0.10228494 0.14865704 0.18220772] |
|   2   | 73.83513474464417 | 1179.2489693164825 | 409.6069641113281 | [0.08457248 0.12358121 0.15229816] | [0.03924466 0.04763283 0.05300081] | [0.00527995 0.00389645 0.00322091] | [0.10228494 0.14865704 0.18220772] |
+-------+-------------------+--------------------+-------------------+------------------------------------+------------------------------------+------------------------------------+------------------------------------+
epoch: 3 s: 0 batch_loss 0.6550163626670837 BPR_loss 0.6479238271713257 reg_loss 0.007092529907822609
epoch: 3 s: 256000 batch_loss 0.6506036520004272 BPR_loss 0.6422488689422607 reg_loss 0.008354776538908482
epoch: 3 s: 512000 batch_loss 0.6458868980407715 BPR_loss 0.6366119384765625 reg_loss 0.00927493255585432
epoch: 3 s: 768000 batch_loss 0.6391148567199707 BPR_loss 0.6287134885787964 reg_loss 0.010401356965303421
epoch: 3 s: 1024000 batch_loss 0.6340214014053345 BPR_loss 0.622602105140686 reg_loss 0.011419285088777542
+-------+-------------------+--------------------+-------------------+------------------------------------+------------------------------------+------------------------------------+------------------------------------+
| Epoch |  training time(s) |   tesing time(s)   |        Loss       |               recall               |                ndcg                |             precision              |             hit_ratio              |
+-------+-------------------+--------------------+-------------------+------------------------------------+------------------------------------+------------------------------------+------------------------------------+
|   3   | 74.97987270355225 | 1230.8213646411896 | 393.5061950683594 | [0.08597675 0.12555017 0.1542717 ] | [0.04018052 0.04869585 0.05406866] | [0.00537369 0.00395857 0.0032627 ] | [0.10401455 0.15097063 0.18433533] |
|   3   | 74.97987270355225 | 1209.9906656742096 | 393.5061950683594 | [0.08597675 0.12555017 0.1542717 ] | [0.04018052 0.04869585 0.05406866] | [0.00537369 0.00395857 0.0032627 ] | [0.10401455 0.15097063 0.18433533] |
+-------+-------------------+--------------------+-------------------+------------------------------------+------------------------------------+------------------------------------+------------------------------------+
epoch: 4 s: 0 batch_loss 0.6268092393875122 BPR_loss 0.6144854426383972 reg_loss 0.012323766946792603
epoch: 4 s: 256000 batch_loss 0.6195690631866455 BPR_loss 0.6058121919631958 reg_loss 0.013756844215095043
epoch: 4 s: 512000 batch_loss 0.612399697303772 BPR_loss 0.5972853302955627 reg_loss 0.015114356763660908
epoch: 4 s: 768000 batch_loss 0.6078994870185852 BPR_loss 0.5921136140823364 reg_loss 0.01578587107360363
epoch: 4 s: 1024000 batch_loss 0.6019816994667053 BPR_loss 0.5849146842956543 reg_loss 0.017066998407244682
+-------+-------------------+--------------------+-----------------+------------------------------------+------------------------------------+------------------------------------+------------------------------------+
| Epoch |  training time(s) |   tesing time(s)   |       Loss      |               recall               |                ndcg                |             precision              |             hit_ratio              |
+-------+-------------------+--------------------+-----------------+------------------------------------+------------------------------------+------------------------------------+------------------------------------+
|   4   | 75.57258653640747 | 1263.9613497257233 | 375.41455078125 | [0.08770818 0.12753013 0.15638821] | [0.04082353 0.04939795 0.05479244] | [0.00548602 0.00402478 0.00330975] | [0.10616447 0.15331769 0.18682373] |
|   4   | 75.57258653640747 | 1196.5510308742523 | 375.41455078125 | [0.08770818 0.12753013 0.15638821] | [0.04082353 0.04939795 0.05479244] | [0.00548602 0.00402478 0.00330975] | [0.10616447 0.15331769 0.18682373] |
+-------+-------------------+--------------------+-----------------+------------------------------------+------------------------------------+------------------------------------+------------------------------------+
epoch: 5 s: 0 batch_loss 0.5948373079299927 BPR_loss 0.5771576166152954 reg_loss 0.017679670825600624
epoch: 5 s: 256000 batch_loss 0.5905064940452576 BPR_loss 0.5713249444961548 reg_loss 0.019181521609425545
epoch: 5 s: 512000 batch_loss 0.5857817530632019 BPR_loss 0.5654588937759399 reg_loss 0.020322833210229874
epoch: 5 s: 768000 batch_loss 0.5808866024017334 BPR_loss 0.5594465732574463 reg_loss 0.02144002541899681
epoch: 5 s: 1024000 batch_loss 0.567559003829956 BPR_loss 0.5447565913200378 reg_loss 0.022802412509918213
+-------+-------------------+--------------------+-------------------+------------------------------------+------------------------------------+------------------------------------+------------------------------------+
| Epoch |  training time(s) |   tesing time(s)   |        Loss       |               recall               |                ndcg                |             precision              |             hit_ratio              |
+-------+-------------------+--------------------+-------------------+------------------------------------+------------------------------------+------------------------------------+------------------------------------+
|   5   | 76.18692660331726 | 1249.4394812583923 | 357.3695068359375 | [0.08894508 0.12850249 0.15758716] | [0.04157523 0.05008993 0.05553378] | [0.00556395 0.00405584 0.00333808] | [0.10770066 0.15441496 0.1882037 ] |
|   5   | 76.18692660331726 | 1212.5599958896637 | 357.3695068359375 | [0.08894508 0.12850249 0.15758716] | [0.04157523 0.05008993 0.05553378] | [0.00556395 0.00405584 0.00333808] | [0.10770066 0.15441496 0.1882037 ] |
+-------+-------------------+--------------------+-------------------+------------------------------------+------------------------------------+------------------------------------+------------------------------------+
epoch: 6 s: 0 batch_loss 0.5697311758995056 BPR_loss 0.5460883975028992 reg_loss 0.023642797023057938
epoch: 6 s: 256000 batch_loss 0.560451865196228 BPR_loss 0.5358642339706421 reg_loss 0.024587659165263176
epoch: 6 s: 512000 batch_loss 0.5572482347488403 BPR_loss 0.5320000648498535 reg_loss 0.025248181074857712
epoch: 6 s: 768000 batch_loss 0.5569127798080444 BPR_loss 0.5297743678092957 reg_loss 0.02713843621313572
epoch: 6 s: 1024000 batch_loss 0.545732855796814 BPR_loss 0.5181312561035156 reg_loss 0.027601582929491997
+-------+-------------------+--------------------+-------------------+------------------------------------+------------------------------------+------------------------------------+------------------------------------+
| Epoch |  training time(s) |   tesing time(s)   |        Loss       |               recall               |                ndcg                |             precision              |             hit_ratio              |
+-------+-------------------+--------------------+-------------------+------------------------------------+------------------------------------+------------------------------------+------------------------------------+
|   6   | 74.81273651123047 | 1231.1435737609863 | 339.9912414550781 | [0.08953478 0.12964399 0.15859864] | [0.04188654 0.05051405 0.055931  ] | [0.00560784 0.00409387 0.00335817] | [0.10841854 0.15576517 0.18934561] |
|   6   | 74.81273651123047 | 1142.893862247467  | 339.9912414550781 | [0.08953478 0.12964399 0.15859864] | [0.04188654 0.05051405 0.055931  ] | [0.00560784 0.00409387 0.00335817] | [0.10841854 0.15576517 0.18934561] |
+-------+-------------------+--------------------+-------------------+------------------------------------+------------------------------------+------------------------------------+------------------------------------+
epoch: 7 s: 0 batch_loss 0.5384203791618347 BPR_loss 0.5098536610603333 reg_loss 0.02856673114001751
epoch: 7 s: 256000 batch_loss 0.5371555685997009 BPR_loss 0.5070561170578003 reg_loss 0.030099445953965187
epoch: 7 s: 512000 batch_loss 0.5275998115539551 BPR_loss 0.49611636996269226 reg_loss 0.03148343414068222
epoch: 7 s: 768000 batch_loss 0.5205481052398682 BPR_loss 0.4877588152885437 reg_loss 0.03278927505016327
epoch: 7 s: 1024000 batch_loss 0.5209069848060608 BPR_loss 0.4882512092590332 reg_loss 0.03265579044818878
+-------+-------------------+--------------------+-------------------+------------------------------------+------------------------------------+------------------------------------+------------------------------------+
| Epoch |  training time(s) |   tesing time(s)   |        Loss       |               recall               |                ndcg                |             precision              |             hit_ratio              |
+-------+-------------------+--------------------+-------------------+------------------------------------+------------------------------------+------------------------------------+------------------------------------+
|   7   | 77.66425347328186 | 1263.3716101646423 | 323.5029602050781 | [0.09036363 0.13018414 0.15915729] | [0.04232372 0.05090037 0.05632613] | [0.00565768 0.00411275 0.00337422] | [0.10934472 0.15653885 0.19021228] |
|   7   | 77.66425347328186 | 1184.0056691169739 | 323.5029602050781 | [0.09036363 0.13018414 0.15915729] | [0.04232372 0.05090037 0.05632613] | [0.00565768 0.00411275 0.00337422] | [0.10934472 0.15653885 0.19021228] |
+-------+-------------------+--------------------+-------------------+------------------------------------+------------------------------------+------------------------------------+------------------------------------+
epoch: 8 s: 0 batch_loss 0.515217661857605 BPR_loss 0.4811130166053772 reg_loss 0.03410462290048599
epoch: 8 s: 256000 batch_loss 0.5020286440849304 BPR_loss 0.4668385684490204 reg_loss 0.035190071910619736
epoch: 8 s: 512000 batch_loss 0.49582481384277344 BPR_loss 0.45899996161460876 reg_loss 0.036824844777584076
epoch: 8 s: 768000 batch_loss 0.500555694103241 BPR_loss 0.4635274410247803 reg_loss 0.03702826425433159
epoch: 8 s: 1024000 batch_loss 0.4889456033706665 BPR_loss 0.4501919150352478 reg_loss 0.038753692060709
+-------+-------------------+--------------------+-------------------+------------------------------------+------------------------------------+------------------------------------+------------------------------------+
| Epoch |  training time(s) |   tesing time(s)   |        Loss       |               recall               |                ndcg                |             precision              |             hit_ratio              |
+-------+-------------------+--------------------+-------------------+------------------------------------+------------------------------------+------------------------------------+------------------------------------+
|   8   | 80.05107116699219 | 1249.0495386123657 | 308.1644592285156 | [0.09035657 0.13068828 0.15974183] | [0.04241709 0.05110159 0.05654089] | [0.00566121 0.0041307  0.00338786] | [0.10943027 0.1571191  0.19082601] |
|   8   | 80.05107116699219 | 1199.728007555008  | 308.1644592285156 | [0.09035657 0.13068828 0.15974183] | [0.04241709 0.05110159 0.05654089] | [0.00566121 0.0041307  0.00338786] | [0.10943027 0.1571191  0.19082601] |
+-------+-------------------+--------------------+-------------------+------------------------------------+------------------------------------+------------------------------------+------------------------------------+
epoch: 9 s: 0 batch_loss 0.4904829263687134 BPR_loss 0.45057499408721924 reg_loss 0.03990791738033295
epoch: 9 s: 256000 batch_loss 0.47715994715690613 BPR_loss 0.43739086389541626 reg_loss 0.03976907208561897
epoch: 9 s: 512000 batch_loss 0.47839146852493286 BPR_loss 0.4383121132850647 reg_loss 0.04007934406399727
epoch: 9 s: 768000 batch_loss 0.4774376153945923 BPR_loss 0.4363028109073639 reg_loss 0.04113480821251869
epoch: 9 s: 1024000 batch_loss 0.4667031764984131 BPR_loss 0.4232848882675171 reg_loss 0.0434182770550251
+-------+-------------------+--------------------+-------------------+------------------------------------+------------------------------------+------------------------------------+------------------------------------+
| Epoch |  training time(s) |   tesing time(s)   |        Loss       |               recall               |                ndcg                |             precision              |             hit_ratio              |
+-------+-------------------+--------------------+-------------------+------------------------------------+------------------------------------+------------------------------------+------------------------------------+
|   9   | 80.12738537788391 | 1260.8327457904816 | 294.3758544921875 | [0.0908515  0.13112857 0.16003908] | [0.04259598 0.05126133 0.05667863] | [0.00569673 0.00414464 0.00339642] | [0.11002169 0.15753942 0.19121285] |
|   9   | 80.12738537788391 | 1175.8447160720825 | 294.3758544921875 | [0.0908515  0.13112857 0.16003908] | [0.04259598 0.05126133 0.05667863] | [0.00569673 0.00414464 0.00339642] | [0.11002169 0.15753942 0.19121285] |
+-------+-------------------+--------------------+-------------------+------------------------------------+------------------------------------+------------------------------------+------------------------------------+
epoch: 10 s: 0 batch_loss 0.47548162937164307 BPR_loss 0.4332122206687927 reg_loss 0.04226940497756004
epoch: 10 s: 256000 batch_loss 0.47284600138664246 BPR_loss 0.4292127788066864 reg_loss 0.04363322630524635
epoch: 10 s: 512000 batch_loss 0.45790088176727295 BPR_loss 0.412602961063385 reg_loss 0.04529792070388794
epoch: 10 s: 768000 batch_loss 0.46190011501312256 BPR_loss 0.41644853353500366 reg_loss 0.045451585203409195
epoch: 10 s: 1024000 batch_loss 0.4565858840942383 BPR_loss 0.40954092144966125 reg_loss 0.04704497382044792
+-------+-------------------+--------------------+--------------------+------------------------------------+------------------------------------+------------------------------------+------------------------------------+
| Epoch |  training time(s) |   tesing time(s)   |        Loss        |               recall               |                ndcg                |             precision              |             hit_ratio              |
+-------+-------------------+--------------------+--------------------+------------------------------------+------------------------------------+------------------------------------+------------------------------------+
|   10  | 85.91309356689453 | 1221.3235485553741 | 281.67059326171875 | [0.09102269 0.13095304 0.16009425] | [0.04268227 0.05128037 0.05674292] | [0.00571013 0.00414353 0.00339977] | [0.11030065 0.15743899 0.1912612 ] |
|   10  | 85.91309356689453 | 1196.7709727287292 | 281.67059326171875 | [0.09102269 0.13095304 0.16009425] | [0.04268227 0.05128037 0.05674292] | [0.00571013 0.00414353 0.00339977] | [0.11030065 0.15743899 0.1912612 ] |
+-------+-------------------+--------------------+--------------------+------------------------------------+------------------------------------+------------------------------------+------------------------------------+
epoch: 11 s: 0 batch_loss 0.4527524411678314 BPR_loss 0.405337929725647 reg_loss 0.04741450771689415
epoch: 11 s: 256000 batch_loss 0.4493383765220642 BPR_loss 0.4015882909297943 reg_loss 0.047750093042850494
epoch: 11 s: 512000 batch_loss 0.4346249997615814 BPR_loss 0.38499510288238525 reg_loss 0.04962990805506706
epoch: 11 s: 768000 batch_loss 0.44130921363830566 BPR_loss 0.39245182275772095 reg_loss 0.04885740578174591
epoch: 11 s: 1024000 batch_loss 0.4323807954788208 BPR_loss 0.3825800120830536 reg_loss 0.04980078712105751
+-------+-------------------+--------------------+-------------------+------------------------------------+------------------------------------+------------------------------------+------------------------------------+
| Epoch |  training time(s) |   tesing time(s)   |        Loss       |               recall               |                ndcg                |             precision              |             hit_ratio              |
+-------+-------------------+--------------------+-------------------+------------------------------------+------------------------------------+------------------------------------+------------------------------------+
|   11  | 80.41649532318115 | 1244.1443891525269 | 270.4300537109375 | [0.09106197 0.13090355 0.15994268] | [0.04285999 0.05144744 0.05689104] | [0.00571831 0.00414632 0.00339939] | [0.11040108 0.15746131 0.1911087 ] |
|   11  | 80.41649532318115 | 1217.1811339855194 | 270.4300537109375 | [0.09106197 0.13090355 0.15994268] | [0.04285999 0.05144744 0.05689104] | [0.00571831 0.00414632 0.00339939] | [0.11040108 0.15746131 0.1911087 ] |
+-------+-------------------+--------------------+-------------------+------------------------------------+------------------------------------+------------------------------------+------------------------------------+
epoch: 12 s: 0 batch_loss 0.4329197406768799 BPR_loss 0.3807891309261322 reg_loss 0.052130624651908875
epoch: 12 s: 256000 batch_loss 0.42991143465042114 BPR_loss 0.3774760365486145 reg_loss 0.05243540182709694
epoch: 12 s: 512000 batch_loss 0.4299759864807129 BPR_loss 0.3777642250061035 reg_loss 0.05221176892518997
epoch: 12 s: 768000 batch_loss 0.4206981658935547 BPR_loss 0.36692115664482117 reg_loss 0.053777001798152924
epoch: 12 s: 1024000 batch_loss 0.4228326678276062 BPR_loss 0.36932137608528137 reg_loss 0.05351129546761513
+-------+-------------------+--------------------+--------------------+------------------------------------+------------------------------------+------------------------------------+------------------------------------+
| Epoch |  training time(s) |   tesing time(s)   |        Loss        |               recall               |                ndcg                |             precision              |             hit_ratio              |
+-------+-------------------+--------------------+--------------------+------------------------------------+------------------------------------+------------------------------------+------------------------------------+
|   12  | 79.95515275001526 | 1258.6055445671082 | 259.78021240234375 | [0.09084526 0.13103091 0.15989953] | [0.04286846 0.05153101 0.05693979] | [0.00570696 0.00415171 0.00339865] | [0.11017419 0.15764357 0.19108266] |
|   12  | 79.95515275001526 | 1204.5042481422424 | 259.78021240234375 | [0.09084526 0.13103091 0.15989953] | [0.04286846 0.05153101 0.05693979] | [0.00570696 0.00415171 0.00339865] | [0.11017419 0.15764357 0.19108266] |
+-------+-------------------+--------------------+--------------------+------------------------------------+------------------------------------+------------------------------------+------------------------------------+
epoch: 13 s: 0 batch_loss 0.4132285714149475 BPR_loss 0.35799819231033325 reg_loss 0.055230386555194855
epoch: 13 s: 256000 batch_loss 0.40535587072372437 BPR_loss 0.3484615981578827 reg_loss 0.05689428001642227
epoch: 13 s: 512000 batch_loss 0.4200502336025238 BPR_loss 0.3645869791507721 reg_loss 0.05546325817704201
epoch: 13 s: 768000 batch_loss 0.4024565815925598 BPR_loss 0.3447134792804718 reg_loss 0.05774309113621712
epoch: 13 s: 1024000 batch_loss 0.4017407298088074 BPR_loss 0.3440936803817749 reg_loss 0.05764704942703247
+-------+-------------------+--------------------+--------------------+------------------------------------+------------------------------------+------------------------------------+------------------------------------+
| Epoch |  training time(s) |   tesing time(s)   |        Loss        |               recall               |                ndcg                |             precision              |             hit_ratio              |
+-------+-------------------+--------------------+--------------------+------------------------------------+------------------------------------+------------------------------------+------------------------------------+
|   13  | 81.07193970680237 | 1230.834111213684  | 250.53085327148438 | [0.09081243 0.13101281 0.15977079] | [0.04276991 0.05142516 0.05681583] | [0.00570566 0.00414883 0.00339617] | [0.11012955 0.15748362 0.19094504] |
|   13  | 81.07193970680237 | 1161.2384951114655 | 250.53085327148438 | [0.09081243 0.13101281 0.15977079] | [0.04276991 0.05142516 0.05681583] | [0.00570566 0.00414883 0.00339617] | [0.11012955 0.15748362 0.19094504] |
+-------+-------------------+--------------------+--------------------+------------------------------------+------------------------------------+------------------------------------+------------------------------------+
epoch: 14 s: 0 batch_loss 0.40142765641212463 BPR_loss 0.3432670831680298 reg_loss 0.05816057696938515
epoch: 14 s: 256000 batch_loss 0.4018527567386627 BPR_loss 0.34253203868865967 reg_loss 0.05932072550058365
epoch: 14 s: 512000 batch_loss 0.4040183126926422 BPR_loss 0.34600573778152466 reg_loss 0.05801256373524666
epoch: 14 s: 768000 batch_loss 0.3908683657646179 BPR_loss 0.33076146245002747 reg_loss 0.06010691449046135
epoch: 14 s: 1024000 batch_loss 0.3921748995780945 BPR_loss 0.3313710391521454 reg_loss 0.0608038455247879
+-------+-------------------+--------------------+--------------------+------------------------------------+------------------------------------+------------------------------------+------------------------------------+
| Epoch |  training time(s) |   tesing time(s)   |        Loss        |               recall               |                ndcg                |             precision              |             hit_ratio              |
+-------+-------------------+--------------------+--------------------+------------------------------------+------------------------------------+------------------------------------+------------------------------------+
|   14  | 80.56074953079224 | 1261.2103559970856 | 241.87095642089844 | [0.09091757 0.13079254 0.15947531] | [0.04278093 0.05136973 0.05674768] | [0.00571161 0.00414371 0.00339276] | [0.11019279 0.15726045 0.19068466] |
|   14  | 80.56074953079224 | 1191.2748765945435 | 241.87095642089844 | [0.09091757 0.13079254 0.15947531] | [0.04278093 0.05136973 0.05674768] | [0.00571161 0.00414371 0.00339276] | [0.11019279 0.15726045 0.19068466] |
+-------+-------------------+--------------------+--------------------+------------------------------------+------------------------------------+------------------------------------+------------------------------------+
epoch: 15 s: 0 batch_loss 0.3915709853172302 BPR_loss 0.330976277589798 reg_loss 0.060594718903303146
epoch: 15 s: 256000 batch_loss 0.38406893610954285 BPR_loss 0.32160964608192444 reg_loss 0.06245928630232811
epoch: 15 s: 512000 batch_loss 0.3811832070350647 BPR_loss 0.3188931941986084 reg_loss 0.0622900053858757
epoch: 15 s: 768000 batch_loss 0.38501399755477905 BPR_loss 0.3221398591995239 reg_loss 0.06287415325641632
epoch: 15 s: 1024000 batch_loss 0.38227999210357666 BPR_loss 0.31867337226867676 reg_loss 0.0636066198348999
+-------+-------------------+--------------------+--------------------+------------------------------------+------------------------------------+------------------------------------+------------------------------------+
| Epoch |  training time(s) |   tesing time(s)   |        Loss        |               recall               |                ndcg                |             precision              |             hit_ratio              |
+-------+-------------------+--------------------+--------------------+------------------------------------+------------------------------------+------------------------------------+------------------------------------+
|   15  | 80.77208399772644 | 1252.7227952480316 | 234.15834045410156 | [0.09063044 0.13054117 0.15924862] | [0.04277648 0.05137911 0.05676358] | [0.00569692 0.00413637 0.00338873] | [0.10993985 0.15702983 0.19039082] |
|   15  | 80.77208399772644 | 1169.7340197563171 | 234.15834045410156 | [0.09063044 0.13054117 0.15924862] | [0.04277648 0.05137911 0.05676358] | [0.00569692 0.00413637 0.00338873] | [0.10993985 0.15702983 0.19039082] |
+-------+-------------------+--------------------+--------------------+------------------------------------+------------------------------------+------------------------------------+------------------------------------+
epoch: 16 s: 0 batch_loss 0.3721643388271332 BPR_loss 0.30842381715774536 reg_loss 0.06374052166938782
epoch: 16 s: 256000 batch_loss 0.38095831871032715 BPR_loss 0.3167468309402466 reg_loss 0.06421148777008057
epoch: 16 s: 512000 batch_loss 0.3756561279296875 BPR_loss 0.3115461766719818 reg_loss 0.0641099363565445
epoch: 16 s: 768000 batch_loss 0.3654197156429291 BPR_loss 0.29975956678390503 reg_loss 0.06566014140844345
epoch: 16 s: 1024000 batch_loss 0.3688678741455078 BPR_loss 0.3018696904182434 reg_loss 0.06699817627668381
+-------+-------------------+--------------------+--------------------+------------------------------------+------------------------------------+------------------------------------+------------------------------------+
| Epoch |  training time(s) |   tesing time(s)   |        Loss        |               recall               |                ndcg                |             precision              |             hit_ratio              |
+-------+-------------------+--------------------+--------------------+------------------------------------+------------------------------------+------------------------------------+------------------------------------+
|   16  | 80.44783926010132 | 1207.3331079483032 | 227.04916381835938 | [0.09054557 0.13012992 0.15858178] | [0.04266363 0.05119826 0.05653291] | [0.00569246 0.00412781 0.00337522] | [0.10983199 0.15657976 0.18956507] |
|   16  | 80.44783926010132 | 1161.237542629242  | 227.04916381835938 | [0.09054557 0.13012992 0.15858178] | [0.04266363 0.05119826 0.05653291] | [0.00569246 0.00412781 0.00337522] | [0.10983199 0.15657976 0.18956507] |
+-------+-------------------+--------------------+--------------------+------------------------------------+------------------------------------+------------------------------------+------------------------------------+
epoch: 17 s: 0 batch_loss 0.36536943912506104 BPR_loss 0.29880183935165405 reg_loss 0.06656759232282639
epoch: 17 s: 256000 batch_loss 0.36445391178131104 BPR_loss 0.29778939485549927 reg_loss 0.06666450202465057
epoch: 17 s: 512000 batch_loss 0.36647868156433105 BPR_loss 0.2986987233161926 reg_loss 0.06777994334697723
epoch: 17 s: 768000 batch_loss 0.3517671823501587 BPR_loss 0.2834813594818115 reg_loss 0.06828583031892776
epoch: 17 s: 1024000 batch_loss 0.3596978783607483 BPR_loss 0.2906213104724884 reg_loss 0.0690765529870987
+-------+------------------+--------------------+-------------------+------------------------------------+------------------------------------+------------------------------------+------------------------------------+
| Epoch | training time(s) |   tesing time(s)   |        Loss       |               recall               |                ndcg                |             precision              |             hit_ratio              |
+-------+------------------+--------------------+-------------------+------------------------------------+------------------------------------+------------------------------------+------------------------------------+
|   17  | 79.4755871295929 | 1194.7620105743408 | 220.2064971923828 | [0.09028482 0.12988589 0.15846544] | [0.04265767 0.05119733 0.05655252] | [0.00567665 0.00412158 0.00337336] | [0.10942655 0.15628592 0.18944232] |
|   17  | 79.4755871295929 | 1172.1189851760864 | 220.2064971923828 | [0.09028482 0.12988589 0.15846544] | [0.04265767 0.05119733 0.05655252] | [0.00567665 0.00412158 0.00337336] | [0.10942655 0.15628592 0.18944232] |
+-------+------------------+--------------------+-------------------+------------------------------------+------------------------------------+------------------------------------+------------------------------------+
epoch: 18 s: 0 batch_loss 0.3453720211982727 BPR_loss 0.27602383494377136 reg_loss 0.06934817880392075
epoch: 18 s: 256000 batch_loss 0.35263311862945557 BPR_loss 0.284015953540802 reg_loss 0.06861715763807297
epoch: 18 s: 512000 batch_loss 0.35658586025238037 BPR_loss 0.28652557730674744 reg_loss 0.07006029784679413
epoch: 18 s: 768000 batch_loss 0.3497692048549652 BPR_loss 0.2788856029510498 reg_loss 0.070883609354496
epoch: 18 s: 1024000 batch_loss 0.34189409017562866 BPR_loss 0.27130088210105896 reg_loss 0.0705932229757309
+-------+-------------------+--------------------+-------------------+------------------------------------+------------------------------------+------------------------------------+------------------------------------+
| Epoch |  training time(s) |   tesing time(s)   |        Loss       |               recall               |                ndcg                |             precision              |             hit_ratio              |
+-------+-------------------+--------------------+-------------------+------------------------------------+------------------------------------+------------------------------------+------------------------------------+
|   18  | 79.58903908729553 | 1216.563453912735  | 214.3381805419922 | [0.09034352 0.12948272 0.15812443] | [0.04255248 0.05098837 0.05635744] | [0.00568483 0.00411005 0.00336734] | [0.10962369 0.15583585 0.18914476] |
|   18  | 79.58903908729553 | 1192.0882136821747 | 214.3381805419922 | [0.09034352 0.12948272 0.15812443] | [0.04255248 0.05098837 0.05635744] | [0.00568483 0.00411005 0.00336734] | [0.10962369 0.15583585 0.18914476] |
+-------+-------------------+--------------------+-------------------+------------------------------------+------------------------------------+------------------------------------+------------------------------------+
epoch: 19 s: 0 batch_loss 0.35069960355758667 BPR_loss 0.2798548936843872 reg_loss 0.07084470987319946
epoch: 19 s: 256000 batch_loss 0.349212110042572 BPR_loss 0.27697131037712097 reg_loss 0.07224079966545105
epoch: 19 s: 512000 batch_loss 0.3545140326023102 BPR_loss 0.2825486660003662 reg_loss 0.07196536660194397
epoch: 19 s: 768000 batch_loss 0.34118151664733887 BPR_loss 0.2680567800998688 reg_loss 0.07312473654747009
epoch: 19 s: 1024000 batch_loss 0.32505717873573303 BPR_loss 0.25341153144836426 reg_loss 0.07164565473794937
+-------+-------------------+--------------------+--------------------+------------------------------------+------------------------------------+------------------------------------+------------------------------------+
| Epoch |  training time(s) |   tesing time(s)   |        Loss        |               recall               |                ndcg                |             precision              |             hit_ratio              |
+-------+-------------------+--------------------+--------------------+------------------------------------+------------------------------------+------------------------------------+------------------------------------+
|   19  | 78.92812371253967 | 1213.7368240356445 | 209.03855895996094 | [0.09001502 0.12927195 0.1574177 ] | [0.04246932 0.05093427 0.05621066] | [0.005664   0.00410605 0.00335414] | [0.10926289 0.15564987 0.18834504] |
|   19  | 78.92812371253967 | 1161.0499110221863 | 209.03855895996094 | [0.09001502 0.12927195 0.1574177 ] | [0.04246932 0.05093427 0.05621066] | [0.005664   0.00410605 0.00335414] | [0.10926289 0.15564987 0.18834504] |
+-------+-------------------+--------------------+--------------------+------------------------------------+------------------------------------+------------------------------------+------------------------------------+
epoch: 20 s: 0 batch_loss 0.33985650539398193 BPR_loss 0.26527345180511475 reg_loss 0.07458305358886719
epoch: 20 s: 256000 batch_loss 0.3397117257118225 BPR_loss 0.26524680852890015 reg_loss 0.07446493208408356
epoch: 20 s: 512000 batch_loss 0.34784263372421265 BPR_loss 0.2742478847503662 reg_loss 0.07359476387500763
epoch: 20 s: 768000 batch_loss 0.33359986543655396 BPR_loss 0.2596639096736908 reg_loss 0.07393594831228256
epoch: 20 s: 1024000 batch_loss 0.3329469561576843 BPR_loss 0.2576155662536621 reg_loss 0.07533140480518341
+-------+-------------------+--------------------+-------------------+------------------------------------+------------------------------------+------------------------------------+------------------------------------+
| Epoch |  training time(s) |   tesing time(s)   |        Loss       |               recall               |                ndcg                |             precision              |             hit_ratio              |
+-------+-------------------+--------------------+-------------------+------------------------------------+------------------------------------+------------------------------------+------------------------------------+
|   20  | 72.79253149032593 | 1010.9542152881622 | 204.0929412841797 | [0.08951015 0.12890295 0.15705393] | [0.04235098 0.05085062 0.05612569] | [0.00563239 0.0040975  0.00334775] | [0.10865288 0.15527791 0.18804748] |
|   20  | 72.79253149032593 | 976.7446675300598  | 204.0929412841797 | [0.08951015 0.12890295 0.15705393] | [0.04235098 0.05085062 0.05612569] | [0.00563239 0.0040975  0.00334775] | [0.10865288 0.15527791 0.18804748] |
+-------+-------------------+--------------------+-------------------+------------------------------------+------------------------------------+------------------------------------+------------------------------------+
epoch: 21 s: 0 batch_loss 0.32533320784568787 BPR_loss 0.24989351630210876 reg_loss 0.0754396915435791
epoch: 21 s: 256000 batch_loss 0.329525351524353 BPR_loss 0.25292065739631653 reg_loss 0.0766046866774559
epoch: 21 s: 512000 batch_loss 0.32528895139694214 BPR_loss 0.2496277540922165 reg_loss 0.07566118985414505
epoch: 21 s: 768000 batch_loss 0.32044196128845215 BPR_loss 0.2431412637233734 reg_loss 0.07730070501565933
epoch: 21 s: 1024000 batch_loss 0.31598567962646484 BPR_loss 0.23866808414459229 reg_loss 0.07731760293245316
+-------+-------------------+-------------------+--------------------+------------------------------------+------------------------------------+------------------------------------+------------------------------------+
| Epoch |  training time(s) |   tesing time(s)  |        Loss        |               recall               |                ndcg                |             precision              |             hit_ratio              |
+-------+-------------------+-------------------+--------------------+------------------------------------+------------------------------------+------------------------------------+------------------------------------+
|   21  | 72.90837264060974 | 969.2849507331848 | 199.65737915039062 | [0.08957652 0.12838021 0.15638695] | [0.04223546 0.05060014 0.05585445] | [0.00564075 0.00408029 0.00333672] | [0.10871983 0.15457491 0.18727752] |
|   21  | 72.90837264060974 |  970.970668554306 | 199.65737915039062 | [0.08957652 0.12838021 0.15638695] | [0.04223546 0.05060014 0.05585445] | [0.00564075 0.00408029 0.00333672] | [0.10871983 0.15457491 0.18727752] |
+-------+-------------------+-------------------+--------------------+------------------------------------+------------------------------------+------------------------------------+------------------------------------+
Early stopping is trigger at step: 10 log:0.08957651957361307
early stopping at 21, recall@20:0.0911
