Namespace(K=1, Ks='[20, 40, 60]', batch_size=2048, batch_test_flag=True, context_hops=3, cuda=True, data_path='data/', dataset='ifashion', dim=64, edge_dropout=False, edge_dropout_rate=0.1, epoch=1000, eps=0.01, gnn='lightgcn', gpu_id=1, l2=1e-05, lr=0.001, mess_dropout=False, mess_dropout_rate=0.1, n_negs=16, ns='mixgcf', out_dir='./weights/yelp2018/', pool='mean', save=False, test_batch_size=2048, test_flag='part')
reading train and test user-item set ...
building the adj mat ...
loading over ...
卷积器不需要第0层embedding
拿这个最难的neg_item去和pos_item在每一个维度上自适应权重......
start training ...
epoch: 0 s: 0 batch_loss 0.693148136138916 BPR_loss 0.693148136138916 reg_loss 3.2142095651721547e-09
epoch: 0 s: 256000 batch_loss 0.6931406855583191 BPR_loss 0.6931406259536743 reg_loss 5.5441230273345354e-08
epoch: 0 s: 512000 batch_loss 0.693056583404541 BPR_loss 0.6930559873580933 reg_loss 5.827879476782982e-07
epoch: 0 s: 768000 batch_loss 0.6926745176315308 BPR_loss 0.6926710605621338 reg_loss 3.4704780773608945e-06
epoch: 0 s: 1024000 batch_loss 0.691336989402771 BPR_loss 0.6913236975669861 reg_loss 1.3297065379447304e-05
+-------+-------------------+--------------------+-------------------+------------------------------------+------------------------------------+------------------------------------+------------------------------------+
| Epoch |  training time(s) |   tesing time(s)   |        Loss       |               recall               |                ndcg                |             precision              |             hit_ratio              |
+-------+-------------------+--------------------+-------------------+------------------------------------+------------------------------------+------------------------------------+------------------------------------+
|   0   | 75.50864005088806 | 985.7662723064423  | 424.4243469238281 | [0.07656093 0.11462943 0.14277424] | [0.03501498 0.04319393 0.04845001] | [0.00477316 0.00360437 0.00300958] | [0.09289298 0.13804506 0.17094853] |
|   0   | 75.50864005088806 | 1184.2714500427246 | 424.4243469238281 | [0.07656093 0.11462943 0.14277424] | [0.03501498 0.04319393 0.04845001] | [0.00477316 0.00360437 0.00300958] | [0.09289298 0.13804506 0.17094853] |
+-------+-------------------+--------------------+-------------------+------------------------------------+------------------------------------+------------------------------------+------------------------------------+
epoch: 1 s: 0 batch_loss 0.6886770725250244 BPR_loss 0.6886446475982666 reg_loss 3.240168371121399e-05
epoch: 1 s: 256000 batch_loss 0.6848942637443542 BPR_loss 0.6848331689834595 reg_loss 6.111999391578138e-05
epoch: 1 s: 512000 batch_loss 0.6794160008430481 BPR_loss 0.679305374622345 reg_loss 0.00011064080899814144
epoch: 1 s: 768000 batch_loss 0.6737117767333984 BPR_loss 0.6735469698905945 reg_loss 0.00016481797501910478
epoch: 1 s: 1024000 batch_loss 0.6669808030128479 BPR_loss 0.6667485237121582 reg_loss 0.00023228397185448557
+-------+-------------------+--------------------+------------------+------------------------------------+------------------------------------+------------------------------------+------------------------------------+
| Epoch |  training time(s) |   tesing time(s)   |       Loss       |               recall               |                ndcg                |             precision              |             hit_ratio              |
+-------+-------------------+--------------------+------------------+------------------------------------+------------------------------------+------------------------------------+------------------------------------+
|   1   | 88.12143588066101 | 1184.1021432876587 | 414.203369140625 | [0.0827215  0.12232799 0.15274633] | [0.03778004 0.04629886 0.05196963] | [0.00515033 0.0038481  0.0032167 ] | [0.10012386 0.14714689 0.18237511] |
|   1   | 88.12143588066101 | 1214.6941373348236 | 414.203369140625 | [0.0827215  0.12232799 0.15274633] | [0.03778004 0.04629886 0.05196963] | [0.00515033 0.0038481  0.0032167 ] | [0.10012386 0.14714689 0.18237511] |
+-------+-------------------+--------------------+------------------+------------------------------------+------------------------------------+------------------------------------+------------------------------------+
epoch: 2 s: 0 batch_loss 0.6587937474250793 BPR_loss 0.6585022807121277 reg_loss 0.00029144930886104703
epoch: 2 s: 256000 batch_loss 0.6496942639350891 BPR_loss 0.6493377089500427 reg_loss 0.0003565783554222435
epoch: 2 s: 512000 batch_loss 0.6392014026641846 BPR_loss 0.6387110948562622 reg_loss 0.0004902867367491126
epoch: 2 s: 768000 batch_loss 0.6313269734382629 BPR_loss 0.6307896375656128 reg_loss 0.0005373505991883576
epoch: 2 s: 1024000 batch_loss 0.6189117431640625 BPR_loss 0.6182680130004883 reg_loss 0.0006437005358748138
+-------+------------------+--------------------+--------------------+------------------------------------+------------------------------------+------------------------------------+------------------------------------+
| Epoch | training time(s) |   tesing time(s)   |        Loss        |               recall               |                ndcg                |             precision              |             hit_ratio              |
+-------+------------------+--------------------+--------------------+------------------------------------+------------------------------------+------------------------------------+------------------------------------+
|   2   | 88.4769937992096 | 1197.7782142162323 | 389.55792236328125 | [0.08622905 0.12737933 0.15797685] | [0.03953238 0.04836914 0.05408382] | [0.00537611 0.00400665 0.00333157] | [0.10440883 0.15299036 0.18837108] |
|   2   | 88.4769937992096 | 1227.2193417549133 | 389.55792236328125 | [0.08622905 0.12737933 0.15797685] | [0.03953238 0.04836914 0.05408382] | [0.00537611 0.00400665 0.00333157] | [0.10440883 0.15299036 0.18837108] |
+-------+------------------+--------------------+--------------------+------------------------------------+------------------------------------+------------------------------------+------------------------------------+
epoch: 3 s: 0 batch_loss 0.6117382049560547 BPR_loss 0.6110255718231201 reg_loss 0.0007126115378923714
epoch: 3 s: 256000 batch_loss 0.6064134240150452 BPR_loss 0.6055816411972046 reg_loss 0.0008317590109072626
epoch: 3 s: 512000 batch_loss 0.5934545397758484 BPR_loss 0.5925569534301758 reg_loss 0.000897559046279639
epoch: 3 s: 768000 batch_loss 0.5853093862533569 BPR_loss 0.5843182802200317 reg_loss 0.0009911352535709739
epoch: 3 s: 1024000 batch_loss 0.5742648839950562 BPR_loss 0.5731839537620544 reg_loss 0.0010809159139171243
+-------+-------------------+--------------------+-------------------+------------------------------------+------------------------------------+------------------------------------+------------------------------------+
| Epoch |  training time(s) |   tesing time(s)   |        Loss       |               recall               |                ndcg                |             precision              |             hit_ratio              |
+-------+-------------------+--------------------+-------------------+------------------------------------+------------------------------------+------------------------------------+------------------------------------+
|   3   | 86.69252514839172 | 1196.3284809589386 | 361.3206481933594 | [0.08858466 0.13052617 0.16152249] | [0.04085735 0.04987086 0.05566324] | [0.00552768 0.00410866 0.00340882] | [0.10720224 0.15665044 0.19254446] |
|   3   | 86.69252514839172 | 1228.9065566062927 | 361.3206481933594 | [0.08858466 0.13052617 0.16152249] | [0.04085735 0.04987086 0.05566324] | [0.00552768 0.00410866 0.00340882] | [0.10720224 0.15665044 0.19254446] |
+-------+-------------------+--------------------+-------------------+------------------------------------+------------------------------------+------------------------------------+------------------------------------+
epoch: 4 s: 0 batch_loss 0.5656293034553528 BPR_loss 0.5645067691802979 reg_loss 0.001122562331147492
epoch: 4 s: 256000 batch_loss 0.5578380823135376 BPR_loss 0.5565942525863647 reg_loss 0.0012438158737495542
epoch: 4 s: 512000 batch_loss 0.5461100935935974 BPR_loss 0.5447219610214233 reg_loss 0.0013881555059924722
epoch: 4 s: 768000 batch_loss 0.5362645983695984 BPR_loss 0.5348619222640991 reg_loss 0.0014026631833985448
epoch: 4 s: 1024000 batch_loss 0.5275314450263977 BPR_loss 0.5260448455810547 reg_loss 0.00148657220415771
+-------+-------------------+--------------------+-------------------+------------------------------------+------------------------------------+------------------------------------+------------------------------------+
| Epoch |  training time(s) |   tesing time(s)   |        Loss       |               recall               |                ndcg                |             precision              |             hit_ratio              |
+-------+-------------------+--------------------+-------------------+------------------------------------+------------------------------------+------------------------------------+------------------------------------+
|   4   | 87.62629795074463 | 1197.1687755584717 | 334.0875244140625 | [0.09052467 0.13342028 0.16425986] | [0.0418038  0.05102673 0.05679167] | [0.00565303 0.00420248 0.00347019] | [0.10951582 0.16012825 0.19576562] |
|   4   | 87.62629795074463 | 1218.9255819320679 | 334.0875244140625 | [0.09052467 0.13342028 0.16425986] | [0.0418038  0.05102673 0.05679167] | [0.00565303 0.00420248 0.00347019] | [0.10951582 0.16012825 0.19576562] |
+-------+-------------------+--------------------+-------------------+------------------------------------+------------------------------------+------------------------------------+------------------------------------+
epoch: 5 s: 0 batch_loss 0.5205711722373962 BPR_loss 0.519046425819397 reg_loss 0.001524737454019487
epoch: 5 s: 256000 batch_loss 0.5161704421043396 BPR_loss 0.5145105123519897 reg_loss 0.0016599425580352545
epoch: 5 s: 512000 batch_loss 0.5122498273849487 BPR_loss 0.5105412006378174 reg_loss 0.0017085986910387874
epoch: 5 s: 768000 batch_loss 0.5031905174255371 BPR_loss 0.5013453960418701 reg_loss 0.0018451187061145902
epoch: 5 s: 1024000 batch_loss 0.4844481647014618 BPR_loss 0.4825402498245239 reg_loss 0.0019079111516475677
+-------+-------------------+--------------------+-------------------+------------------------------------+------------------------------------+------------------------------------+------------------------------------+
| Epoch |  training time(s) |   tesing time(s)   |        Loss       |               recall               |                ndcg                |             precision              |             hit_ratio              |
+-------+-------------------+--------------------+-------------------+------------------------------------+------------------------------------+------------------------------------+------------------------------------+
|   5   | 87.86380982398987 | 1157.900109052658  | 309.7427062988281 | [0.09237987 0.13537876 0.16667545] | [0.04267934 0.05192657 0.05778337] | [0.00576964 0.00426414 0.00352264] | [0.11162855 0.16228189 0.19854043] |
|   5   | 87.86380982398987 | 1195.3463106155396 | 309.7427062988281 | [0.09237987 0.13537876 0.16667545] | [0.04267934 0.05192657 0.05778337] | [0.00576964 0.00426414 0.00352264] | [0.11162855 0.16228189 0.19854043] |
+-------+-------------------+--------------------+-------------------+------------------------------------+------------------------------------+------------------------------------+------------------------------------+
epoch: 6 s: 0 batch_loss 0.49031010270118713 BPR_loss 0.4883192777633667 reg_loss 0.0019908174872398376
epoch: 6 s: 256000 batch_loss 0.47584766149520874 BPR_loss 0.47381293773651123 reg_loss 0.002034718869253993
epoch: 6 s: 512000 batch_loss 0.47123458981513977 BPR_loss 0.4691270887851715 reg_loss 0.0021075077820569277
epoch: 6 s: 768000 batch_loss 0.4675337076187134 BPR_loss 0.465298593044281 reg_loss 0.002235099673271179
epoch: 6 s: 1024000 batch_loss 0.458609402179718 BPR_loss 0.45635733008384705 reg_loss 0.0022520620841532946
+-------+------------------+--------------------+-------------------+------------------------------------+------------------------------------+------------------------------------+------------------------------------+
| Epoch | training time(s) |   tesing time(s)   |        Loss       |               recall               |                ndcg                |             precision              |             hit_ratio              |
+-------+------------------+--------------------+-------------------+------------------------------------+------------------------------------+------------------------------------+------------------------------------+
|   6   | 86.7537522315979 | 1209.2114684581757 | 288.0856018066406 | [0.09362887 0.13710764 0.16835433] | [0.04333892 0.05268583 0.05853081] | [0.0058511  0.00432132 0.00355797] | [0.11315358 0.16431279 0.20041883] |
|   6   | 86.7537522315979 | 1192.7161178588867 | 288.0856018066406 | [0.09362887 0.13710764 0.16835433] | [0.04333892 0.05268583 0.05853081] | [0.0058511  0.00432132 0.00355797] | [0.11315358 0.16431279 0.20041883] |
+-------+------------------+--------------------+-------------------+------------------------------------+------------------------------------+------------------------------------+------------------------------------+
epoch: 7 s: 0 batch_loss 0.4572836458683014 BPR_loss 0.45496439933776855 reg_loss 0.0023192372173070908
epoch: 7 s: 256000 batch_loss 0.4479152262210846 BPR_loss 0.4454990029335022 reg_loss 0.002416230970993638
epoch: 7 s: 512000 batch_loss 0.4328610897064209 BPR_loss 0.4303204417228699 reg_loss 0.002540645655244589
epoch: 7 s: 768000 batch_loss 0.424487441778183 BPR_loss 0.42181292176246643 reg_loss 0.0026745074428617954
epoch: 7 s: 1024000 batch_loss 0.42820867896080017 BPR_loss 0.4256718158721924 reg_loss 0.0025368542410433292
+-------+-------------------+--------------------+--------------------+------------------------------------+------------------------------------+------------------------------------+------------------------------------+
| Epoch |  training time(s) |   tesing time(s)   |        Loss        |               recall               |                ndcg                |             precision              |             hit_ratio              |
+-------+-------------------+--------------------+--------------------+------------------------------------+------------------------------------+------------------------------------+------------------------------------+
|   7   | 86.45255494117737 | 1205.8531258106232 | 268.19952392578125 | [0.09476609 0.13827886 0.16957351] | [0.04383476 0.05319186 0.0590461 ] | [0.00592437 0.00436047 0.0035855 ] | [0.11452983 0.16570763 0.20184715] |
|   7   | 86.45255494117737 | 1221.2962758541107 | 268.19952392578125 | [0.09476609 0.13827886 0.16957351] | [0.04383476 0.05319186 0.0590461 ] | [0.00592437 0.00436047 0.0035855 ] | [0.11452983 0.16570763 0.20184715] |
+-------+-------------------+--------------------+--------------------+------------------------------------+------------------------------------+------------------------------------+------------------------------------+
epoch: 8 s: 0 batch_loss 0.417889267206192 BPR_loss 0.41510534286499023 reg_loss 0.0027839140966534615
epoch: 8 s: 256000 batch_loss 0.40627145767211914 BPR_loss 0.40352803468704224 reg_loss 0.002743413904681802
epoch: 8 s: 512000 batch_loss 0.3959159553050995 BPR_loss 0.39297962188720703 reg_loss 0.0029363378416746855
epoch: 8 s: 768000 batch_loss 0.41273462772369385 BPR_loss 0.4098854064941406 reg_loss 0.002849234500899911
epoch: 8 s: 1024000 batch_loss 0.38976407051086426 BPR_loss 0.3867603540420532 reg_loss 0.0030037029646337032
+-------+-------------------+--------------------+-------------------+------------------------------------+------------------------------------+------------------------------------+------------------------------------+
| Epoch |  training time(s) |   tesing time(s)   |        Loss       |               recall               |                ndcg                |             precision              |             hit_ratio              |
+-------+-------------------+--------------------+-------------------+------------------------------------+------------------------------------+------------------------------------+------------------------------------+
|   8   | 86.21614789962769 | 1194.374412059784  | 250.1720428466797 | [0.09550055 0.13934132 0.1703091 ] | [0.04420116 0.05362883 0.05942646] | [0.0059718  0.00439479 0.00360416] | [0.1154374  0.16694998 0.20281424] |
|   8   | 86.21614789962769 | 1238.6757419109344 | 250.1720428466797 | [0.09550055 0.13934132 0.1703091 ] | [0.04420116 0.05362883 0.05942646] | [0.0059718  0.00439479 0.00360416] | [0.1154374  0.16694998 0.20281424] |
+-------+-------------------+--------------------+-------------------+------------------------------------+------------------------------------+------------------------------------+------------------------------------+
epoch: 9 s: 0 batch_loss 0.39535531401634216 BPR_loss 0.39219385385513306 reg_loss 0.003161463188007474
epoch: 9 s: 256000 batch_loss 0.37973278760910034 BPR_loss 0.3766081929206848 reg_loss 0.003124598413705826
epoch: 9 s: 512000 batch_loss 0.3809947073459625 BPR_loss 0.37795138359069824 reg_loss 0.0030433174688369036
epoch: 9 s: 768000 batch_loss 0.3831612467765808 BPR_loss 0.38002681732177734 reg_loss 0.003134435275569558
epoch: 9 s: 1024000 batch_loss 0.3649914860725403 BPR_loss 0.3616570234298706 reg_loss 0.0033344535622745752
+-------+-------------------+--------------------+--------------------+------------------------------------+------------------------------------+------------------------------------+------------------------------------+
| Epoch |  training time(s) |   tesing time(s)   |        Loss        |               recall               |                ndcg                |             precision              |             hit_ratio              |
+-------+-------------------+--------------------+--------------------+------------------------------------+------------------------------------+------------------------------------+------------------------------------+
|   9   | 87.80951142311096 | 1194.6984293460846 | 234.57386779785156 | [0.09610651 0.14014064 0.17095563] | [0.04453658 0.05400853 0.05978263] | [0.00601476 0.00442036 0.00362052] | [0.11618504 0.16776828 0.2035656 ] |
|   9   | 87.80951142311096 | 1238.6888630390167 | 234.57386779785156 | [0.09610651 0.14014064 0.17095563] | [0.04453658 0.05400853 0.05978263] | [0.00601476 0.00442036 0.00362052] | [0.11618504 0.16776828 0.2035656 ] |
+-------+-------------------+--------------------+--------------------+------------------------------------+------------------------------------+------------------------------------+------------------------------------+
epoch: 10 s: 0 batch_loss 0.3819432258605957 BPR_loss 0.3787804841995239 reg_loss 0.003162746550515294
epoch: 10 s: 256000 batch_loss 0.375640332698822 BPR_loss 0.3723331093788147 reg_loss 0.003307213308289647
epoch: 10 s: 512000 batch_loss 0.3543247878551483 BPR_loss 0.35085761547088623 reg_loss 0.003467174246907234
epoch: 10 s: 768000 batch_loss 0.36465907096862793 BPR_loss 0.3612012267112732 reg_loss 0.0034578428603708744
epoch: 10 s: 1024000 batch_loss 0.35637035965919495 BPR_loss 0.35273438692092896 reg_loss 0.003635983681306243
+-------+-------------------+--------------------+-------------------+------------------------------------+------------------------------------+------------------------------------+------------------------------------+
| Epoch |  training time(s) |   tesing time(s)   |        Loss       |               recall               |                ndcg                |             precision              |             hit_ratio              |
+-------+-------------------+--------------------+-------------------+------------------------------------+------------------------------------+------------------------------------+------------------------------------+
|   10  | 86.41324639320374 | 1190.9921691417694 | 220.2699432373047 | [0.09688926 0.14063451 0.17171297] | [0.04487604 0.05428774 0.06010761] | [0.00606497 0.00443951 0.00363757] | [0.11711494 0.16840805 0.20444714] |
|   10  | 86.41324639320374 | 1235.4853978157043 | 220.2699432373047 | [0.09688926 0.14063451 0.17171297] | [0.04487604 0.05428774 0.06010761] | [0.00606497 0.00443951 0.00363757] | [0.11711494 0.16840805 0.20444714] |
+-------+-------------------+--------------------+-------------------+------------------------------------+------------------------------------+------------------------------------+------------------------------------+
epoch: 11 s: 0 batch_loss 0.3602674901485443 BPR_loss 0.3566061556339264 reg_loss 0.003661338472738862
epoch: 11 s: 256000 batch_loss 0.3508723974227905 BPR_loss 0.34735941886901855 reg_loss 0.0035129787866026163
epoch: 11 s: 512000 batch_loss 0.33074912428855896 BPR_loss 0.32687562704086304 reg_loss 0.003873483743518591
epoch: 11 s: 768000 batch_loss 0.3408346474170685 BPR_loss 0.3371685743331909 reg_loss 0.003666064701974392
epoch: 11 s: 1024000 batch_loss 0.33650073409080505 BPR_loss 0.3327588438987732 reg_loss 0.003741903230547905
+-------+-------------------+-------------------+-------------------+------------------------------------+------------------------------------+------------------------------------+------------------------------------+
| Epoch |  training time(s) |   tesing time(s)  |        Loss       |               recall               |                ndcg                |             precision              |             hit_ratio              |
+-------+-------------------+-------------------+-------------------+------------------------------------+------------------------------------+------------------------------------+------------------------------------+
|   11  | 86.69051885604858 |  1209.15314412117 | 207.6471405029297 | [0.09740991 0.14108825 0.17220329] | [0.04520309 0.05461367 0.06043206] | [0.00609938 0.00446062 0.00364947] | [0.11775843 0.1690999  0.20493441] |
|   11  | 86.69051885604858 | 1203.791251897812 | 207.6471405029297 | [0.09740991 0.14108825 0.17220329] | [0.04520309 0.05461367 0.06043206] | [0.00609938 0.00446062 0.00364947] | [0.11775843 0.1690999  0.20493441] |
+-------+-------------------+-------------------+-------------------+------------------------------------+------------------------------------+------------------------------------+------------------------------------+
epoch: 12 s: 0 batch_loss 0.3294556140899658 BPR_loss 0.3255116939544678 reg_loss 0.003943918738514185
epoch: 12 s: 256000 batch_loss 0.3318617641925812 BPR_loss 0.32792776823043823 reg_loss 0.003933986648917198
epoch: 12 s: 512000 batch_loss 0.3192461431026459 BPR_loss 0.31539392471313477 reg_loss 0.0038522309623658657
epoch: 12 s: 768000 batch_loss 0.3170042634010315 BPR_loss 0.31291353702545166 reg_loss 0.004090720321983099
epoch: 12 s: 1024000 batch_loss 0.3160650432109833 BPR_loss 0.31202399730682373 reg_loss 0.0040410468354821205
+-------+-------------------+--------------------+--------------------+------------------------------------+------------------------------------+------------------------------------+------------------------------------+
| Epoch |  training time(s) |   tesing time(s)   |        Loss        |               recall               |                ndcg                |             precision              |             hit_ratio              |
+-------+-------------------+--------------------+--------------------+------------------------------------+------------------------------------+------------------------------------+------------------------------------+
|   12  | 89.31564402580261 | 1213.6815276145935 | 195.63372802734375 | [0.0977566  0.14134052 0.17242792] | [0.04547616 0.05486322 0.06068247] | [0.00613007 0.00446871 0.00365518] | [0.11821966 0.16934539 0.20517618] |
|   12  | 89.31564402580261 | 1242.0575585365295 | 195.63372802734375 | [0.0977566  0.14134052 0.17242792] | [0.04547616 0.05486322 0.06068247] | [0.00613007 0.00446871 0.00365518] | [0.11821966 0.16934539 0.20517618] |
+-------+-------------------+--------------------+--------------------+------------------------------------+------------------------------------+------------------------------------+------------------------------------+
epoch: 13 s: 0 batch_loss 0.30401572585105896 BPR_loss 0.2998543977737427 reg_loss 0.004161338321864605
epoch: 13 s: 256000 batch_loss 0.30861222743988037 BPR_loss 0.304190456867218 reg_loss 0.0044217705726623535
epoch: 13 s: 512000 batch_loss 0.3146549463272095 BPR_loss 0.3104734420776367 reg_loss 0.004181519150733948
epoch: 13 s: 768000 batch_loss 0.28844135999679565 BPR_loss 0.2839871644973755 reg_loss 0.004454207606613636
epoch: 13 s: 1024000 batch_loss 0.29273736476898193 BPR_loss 0.28834742307662964 reg_loss 0.004389933776110411
+-------+-------------------+-------------------+--------------------+------------------------------------+------------------------------------+------------------------------------+------------------------------------+
| Epoch |  training time(s) |   tesing time(s)  |        Loss        |               recall               |                ndcg                |             precision              |             hit_ratio              |
+-------+-------------------+-------------------+--------------------+------------------------------------+------------------------------------+------------------------------------+------------------------------------+
|   13  | 87.10400080680847 | 1187.294937133789 | 185.25608825683594 | [0.09809899 0.14149531 0.17251387] | [0.04570174 0.05505233 0.06085408] | [0.00615592 0.00447736 0.00365716] | [0.11857674 0.16960204 0.20520222] |
|   13  | 87.10400080680847 | 1227.120131969452 | 185.25608825683594 | [0.09809899 0.14149531 0.17251387] | [0.04570174 0.05505233 0.06085408] | [0.00615592 0.00447736 0.00365716] | [0.11857674 0.16960204 0.20520222] |
+-------+-------------------+-------------------+--------------------+------------------------------------+------------------------------------+------------------------------------+------------------------------------+
epoch: 14 s: 0 batch_loss 0.2862107455730438 BPR_loss 0.2818562984466553 reg_loss 0.00435445923358202
epoch: 14 s: 256000 batch_loss 0.2882743179798126 BPR_loss 0.2838597297668457 reg_loss 0.00441459147259593
epoch: 14 s: 512000 batch_loss 0.2917878031730652 BPR_loss 0.2873871326446533 reg_loss 0.004400679375976324
epoch: 14 s: 768000 batch_loss 0.27947619557380676 BPR_loss 0.27493882179260254 reg_loss 0.004537370055913925
epoch: 14 s: 1024000 batch_loss 0.273533433675766 BPR_loss 0.26898014545440674 reg_loss 0.004553297534584999
+-------+-------------------+--------------------+--------------------+------------------------------------+------------------------------------+------------------------------------+------------------------------------+
| Epoch |  training time(s) |   tesing time(s)   |        Loss        |               recall               |                ndcg                |             precision              |             hit_ratio              |
+-------+-------------------+--------------------+--------------------+------------------------------------+------------------------------------+------------------------------------+------------------------------------+
|   14  | 87.36177492141724 | 1211.3414080142975 | 175.20921325683594 | [0.09839953 0.14138658 0.17269901] | [0.04587994 0.05514763 0.06100676] | [0.00617786 0.00447606 0.00366367] | [0.11899333 0.16949417 0.20543283] |
|   14  | 87.36177492141724 | 1226.8902297019958 | 175.20921325683594 | [0.09839953 0.14138658 0.17269901] | [0.04587994 0.05514763 0.06100676] | [0.00617786 0.00447606 0.00366367] | [0.11899333 0.16949417 0.20543283] |
+-------+-------------------+--------------------+--------------------+------------------------------------+------------------------------------+------------------------------------+------------------------------------+
epoch: 15 s: 0 batch_loss 0.2794671654701233 BPR_loss 0.27486687898635864 reg_loss 0.00460028788074851
epoch: 15 s: 256000 batch_loss 0.26869067549705505 BPR_loss 0.26393917202949524 reg_loss 0.004751509986817837
epoch: 15 s: 512000 batch_loss 0.275874525308609 BPR_loss 0.2711327075958252 reg_loss 0.004741820972412825
epoch: 15 s: 768000 batch_loss 0.2743820548057556 BPR_loss 0.2696228623390198 reg_loss 0.0047591994516551495
epoch: 15 s: 1024000 batch_loss 0.28049612045288086 BPR_loss 0.27567365765571594 reg_loss 0.004822473507374525
+-------+-------------------+--------------------+--------------------+------------------------------------+------------------------------------+------------------------------------+------------------------------------+
| Epoch |  training time(s) |   tesing time(s)   |        Loss        |               recall               |                ndcg                |             precision              |             hit_ratio              |
+-------+-------------------+--------------------+--------------------+------------------------------------+------------------------------------+------------------------------------+------------------------------------+
|   15  | 82.32165002822876 | 1209.8788709640503 | 166.55125427246094 | [0.09865501 0.14175338 0.17280073] | [0.04611549 0.05540476 0.06121156] | [0.00619311 0.00448991 0.00366764] | [0.11934669 0.16995912 0.20562253] |
|   15  | 82.32165002822876 | 1212.4441328048706 | 166.55125427246094 | [0.09865501 0.14175338 0.17280073] | [0.04611549 0.05540476 0.06121156] | [0.00619311 0.00448991 0.00366764] | [0.11934669 0.16995912 0.20562253] |
+-------+-------------------+--------------------+--------------------+------------------------------------+------------------------------------+------------------------------------+------------------------------------+
epoch: 16 s: 0 batch_loss 0.2605760395526886 BPR_loss 0.25574859976768494 reg_loss 0.00482744537293911
epoch: 16 s: 256000 batch_loss 0.2796374261379242 BPR_loss 0.27498674392700195 reg_loss 0.004650671500712633
epoch: 16 s: 512000 batch_loss 0.2708630859851837 BPR_loss 0.26609352231025696 reg_loss 0.00476957717910409
epoch: 16 s: 768000 batch_loss 0.2559690773487091 BPR_loss 0.2510392665863037 reg_loss 0.004929823335260153
epoch: 16 s: 1024000 batch_loss 0.256364107131958 BPR_loss 0.25115036964416504 reg_loss 0.005213744938373566
+-------+-------------------+--------------------+--------------------+------------------------------------+------------------------------------+------------------------------------+------------------------------------+
| Epoch |  training time(s) |   tesing time(s)   |        Loss        |               recall               |                ndcg                |             precision              |             hit_ratio              |
+-------+-------------------+--------------------+--------------------+------------------------------------+------------------------------------+------------------------------------+------------------------------------+
|   16  | 78.07370471954346 | 1183.4417431354523 | 158.14828491210938 | [0.09887328 0.14174211 0.1725462 ] | [0.04623182 0.05547092 0.06123468] | [0.00620688 0.00448778 0.00366317] | [0.11949919 0.16992193 0.20530636] |
|   16  | 78.07370471954346 | 1191.7316637039185 | 158.14828491210938 | [0.09887328 0.14174211 0.1725462 ] | [0.04623182 0.05547092 0.06123468] | [0.00620688 0.00448778 0.00366317] | [0.11949919 0.16992193 0.20530636] |
+-------+-------------------+--------------------+--------------------+------------------------------------+------------------------------------+------------------------------------+------------------------------------+
epoch: 17 s: 0 batch_loss 0.24571004509925842 BPR_loss 0.24063733220100403 reg_loss 0.0050727142952382565
epoch: 17 s: 256000 batch_loss 0.24336132407188416 BPR_loss 0.23833751678466797 reg_loss 0.0050238147377967834
epoch: 17 s: 512000 batch_loss 0.25289076566696167 BPR_loss 0.2476101815700531 reg_loss 0.005280585959553719
epoch: 17 s: 768000 batch_loss 0.22676748037338257 BPR_loss 0.22157858312129974 reg_loss 0.005188893526792526
epoch: 17 s: 1024000 batch_loss 0.2492874264717102 BPR_loss 0.2440497875213623 reg_loss 0.005237632896751165
+-------+-------------------+--------------------+--------------------+------------------------------------+------------------------------------+------------------------------------+------------------------------------+
| Epoch |  training time(s) |   tesing time(s)   |        Loss        |               recall               |                ndcg                |             precision              |             hit_ratio              |
+-------+-------------------+--------------------+--------------------+------------------------------------+------------------------------------+------------------------------------+------------------------------------+
|   17  | 79.45101022720337 | 1195.0173001289368 | 150.01246643066406 | [0.09891097 0.14175037 0.17242359] | [0.04636004 0.05559459 0.06133326] | [0.00621171 0.0044901  0.00366175] | [0.11955127 0.16991821 0.20520593] |
|   17  | 79.45101022720337 | 1201.8289849758148 | 150.01246643066406 | [0.09891097 0.14175037 0.17242359] | [0.04636004 0.05559459 0.06133326] | [0.00621171 0.0044901  0.00366175] | [0.11955127 0.16991821 0.20520593] |
+-------+-------------------+--------------------+--------------------+------------------------------------+------------------------------------+------------------------------------+------------------------------------+
epoch: 18 s: 0 batch_loss 0.23051932454109192 BPR_loss 0.2251547873020172 reg_loss 0.005364531651139259
epoch: 18 s: 256000 batch_loss 0.2358589619398117 BPR_loss 0.23070865869522095 reg_loss 0.0051502990536391735
epoch: 18 s: 512000 batch_loss 0.23687221109867096 BPR_loss 0.23153038322925568 reg_loss 0.0053418297320604324
epoch: 18 s: 768000 batch_loss 0.21828489005565643 BPR_loss 0.2127985954284668 reg_loss 0.005486299283802509
epoch: 18 s: 1024000 batch_loss 0.2298721969127655 BPR_loss 0.22448322176933289 reg_loss 0.005388979334384203
+-------+------------------+--------------------+--------------------+------------------------------------+------------------------------------+------------------------------------+------------------------------------+
| Epoch | training time(s) |   tesing time(s)   |        Loss        |               recall               |                ndcg                |             precision              |             hit_ratio              |
+-------+------------------+--------------------+--------------------+------------------------------------+------------------------------------+------------------------------------+------------------------------------+
|   18  | 78.2262122631073 | 1171.5866763591766 | 142.92018127441406 | [0.09905036 0.14158109 0.17215104] | [0.04636331 0.05553115 0.06125611] | [0.00621971 0.00448619 0.00365828] | [0.11967773 0.16963924 0.20490465] |
|   18  | 78.2262122631073 | 1197.6496353149414 | 142.92018127441406 | [0.09905036 0.14158109 0.17215104] | [0.04636331 0.05553115 0.06125611] | [0.00621971 0.00448619 0.00365828] | [0.11967773 0.16963924 0.20490465] |
+-------+------------------+--------------------+--------------------+------------------------------------+------------------------------------+------------------------------------+------------------------------------+
epoch: 19 s: 0 batch_loss 0.2357391119003296 BPR_loss 0.23037558794021606 reg_loss 0.005363530945032835
epoch: 19 s: 256000 batch_loss 0.23171231150627136 BPR_loss 0.22623087465763092 reg_loss 0.00548143032938242
epoch: 19 s: 512000 batch_loss 0.24299602210521698 BPR_loss 0.23748964071273804 reg_loss 0.005506379064172506
epoch: 19 s: 768000 batch_loss 0.21237042546272278 BPR_loss 0.20670664310455322 reg_loss 0.005663776304572821
epoch: 19 s: 1024000 batch_loss 0.21228228509426117 BPR_loss 0.20693957805633545 reg_loss 0.0053427075035870075
+-------+-------------------+--------------------+------------------+------------------------------------+------------------------------------+------------------------------------+------------------------------------+
| Epoch |  training time(s) |   tesing time(s)   |       Loss       |               recall               |                ndcg                |             precision              |             hit_ratio              |
+-------+-------------------+--------------------+------------------+------------------------------------+------------------------------------+------------------------------------+------------------------------------+
|   19  | 79.04294848442078 | 1176.9420330524445 | 136.512939453125 | [0.09874534 0.14148652 0.17191942] | [0.04631768 0.05553064 0.06122783] | [0.00620874 0.00448526 0.00365338] | [0.11943596 0.16961692 0.20460708] |
|   19  | 79.04294848442078 | 1219.9612402915955 | 136.512939453125 | [0.09874534 0.14148652 0.17191942] | [0.04631768 0.05553064 0.06122783] | [0.00620874 0.00448526 0.00365338] | [0.11943596 0.16961692 0.20460708] |
+-------+-------------------+--------------------+------------------+------------------------------------+------------------------------------+------------------------------------+------------------------------------+
epoch: 20 s: 0 batch_loss 0.2164807766675949 BPR_loss 0.21067440509796143 reg_loss 0.005806368310004473
epoch: 20 s: 256000 batch_loss 0.21077418327331543 BPR_loss 0.20496003329753876 reg_loss 0.005814151372760534
epoch: 20 s: 512000 batch_loss 0.22918011248111725 BPR_loss 0.2235143929719925 reg_loss 0.005665713921189308
epoch: 20 s: 768000 batch_loss 0.22173690795898438 BPR_loss 0.21601778268814087 reg_loss 0.005719119682908058
epoch: 20 s: 1024000 batch_loss 0.20682275295257568 BPR_loss 0.20103515684604645 reg_loss 0.00578759890049696
+-------+-------------------+--------------------+-------------------+------------------------------------+------------------------------------+------------------------------------+------------------------------------+
| Epoch |  training time(s) |   tesing time(s)   |        Loss       |               recall               |                ndcg                |             precision              |             hit_ratio              |
+-------+-------------------+--------------------+-------------------+------------------------------------+------------------------------------+------------------------------------+------------------------------------+
|   20  | 78.24869656562805 | 1075.1821236610413 | 130.5473175048828 | [0.09855594 0.14124756 0.17161138] | [0.04632654 0.05553434 0.0612204 ] | [0.00619386 0.00447941 0.00364885] | [0.11912352 0.16939002 0.20429836] |
|   20  | 78.24869656562805 | 986.9521782398224  | 130.5473175048828 | [0.09855594 0.14124756 0.17161138] | [0.04632654 0.05553434 0.0612204 ] | [0.00619386 0.00447941 0.00364885] | [0.11912352 0.16939002 0.20429836] |
+-------+-------------------+--------------------+-------------------+------------------------------------+------------------------------------+------------------------------------+------------------------------------+
epoch: 21 s: 0 batch_loss 0.20712848007678986 BPR_loss 0.20128604769706726 reg_loss 0.005842431448400021
epoch: 21 s: 256000 batch_loss 0.19958238303661346 BPR_loss 0.19356630742549896 reg_loss 0.006016071420162916
epoch: 21 s: 512000 batch_loss 0.20339612662792206 BPR_loss 0.1974736601114273 reg_loss 0.005922465585172176
epoch: 21 s: 768000 batch_loss 0.20215041935443878 BPR_loss 0.19604383409023285 reg_loss 0.006106588523834944
epoch: 21 s: 1024000 batch_loss 0.18574081361293793 BPR_loss 0.17965863645076752 reg_loss 0.006082181353121996
+-------+-------------------+-------------------+--------------------+------------------------------------+------------------------------------+------------------------------------+------------------------------------+
| Epoch |  training time(s) |   tesing time(s)  |        Loss        |               recall               |                ndcg                |             precision              |             hit_ratio              |
+-------+-------------------+-------------------+--------------------+------------------------------------+------------------------------------+------------------------------------+------------------------------------+
|   21  | 73.59511804580688 | 969.4204287528992 | 125.08869171142578 | [0.09858356 0.14103365 0.17121764] | [0.04635176 0.05550445 0.06115992] | [0.00619628 0.00447336 0.00364191] | [0.11915327 0.16912221 0.20384829] |
|   21  | 73.59511804580688 | 967.8688857555389 | 125.08869171142578 | [0.09858356 0.14103365 0.17121764] | [0.04635176 0.05550445 0.06115992] | [0.00619628 0.00447336 0.00364191] | [0.11915327 0.16912221 0.20384829] |
+-------+-------------------+-------------------+--------------------+------------------------------------+------------------------------------+------------------------------------+------------------------------------+
epoch: 22 s: 0 batch_loss 0.2133936882019043 BPR_loss 0.20731627941131592 reg_loss 0.006077404133975506
epoch: 22 s: 256000 batch_loss 0.19440370798110962 BPR_loss 0.1885368824005127 reg_loss 0.005866818595677614
epoch: 22 s: 512000 batch_loss 0.19111573696136475 BPR_loss 0.18486827611923218 reg_loss 0.006247460842132568
epoch: 22 s: 768000 batch_loss 0.18607932329177856 BPR_loss 0.17991946637630463 reg_loss 0.006159864366054535
epoch: 22 s: 1024000 batch_loss 0.19845448434352875 BPR_loss 0.19193270802497864 reg_loss 0.006521775387227535
+-------+-------------------+-------------------+--------------------+------------------------------------+------------------------------------+------------------------------------+------------------------------------+
| Epoch |  training time(s) |   tesing time(s)  |        Loss        |               recall               |                ndcg                |             precision              |             hit_ratio              |
+-------+-------------------+-------------------+--------------------+------------------------------------+------------------------------------+------------------------------------+------------------------------------+
|   22  | 73.64011287689209 | 933.9821496009827 | 119.86640167236328 | [0.09845758 0.14094853 0.17081785] | [0.04628928 0.05544908 0.06104649] | [0.00618995 0.0044715  0.00363478] | [0.11900077 0.16898087 0.20344657] |
|   22  | 73.64011287689209 | 840.3100464344025 | 119.86640167236328 | [0.09845758 0.14094853 0.17081785] | [0.04628928 0.05544908 0.06104649] | [0.00618995 0.0044715  0.00363478] | [0.11900077 0.16898087 0.20344657] |
+-------+-------------------+-------------------+--------------------+------------------------------------+------------------------------------+------------------------------------+------------------------------------+
epoch: 23 s: 0 batch_loss 0.1956879198551178 BPR_loss 0.189579576253891 reg_loss 0.006108342204242945
epoch: 23 s: 256000 batch_loss 0.1889968067407608 BPR_loss 0.18249648809432983 reg_loss 0.006500320974737406
epoch: 23 s: 512000 batch_loss 0.1898708939552307 BPR_loss 0.1836995780467987 reg_loss 0.006171313114464283
epoch: 23 s: 768000 batch_loss 0.1762152910232544 BPR_loss 0.16987915337085724 reg_loss 0.006336141377687454
epoch: 23 s: 1024000 batch_loss 0.16590292751789093 BPR_loss 0.15970121324062347 reg_loss 0.0062017193995416164
+-------+-------------------+-------------------+--------------------+------------------------------------+------------------------------------+------------------------------------+------------------------------------+
| Epoch |  training time(s) |   tesing time(s)  |        Loss        |               recall               |                ndcg                |             precision              |             hit_ratio              |
+-------+-------------------+-------------------+--------------------+------------------------------------+------------------------------------+------------------------------------+------------------------------------+
|   23  | 70.46142983436584 | 835.2132837772369 | 115.26573181152344 | [0.09833157 0.14053924 0.17047433] | [0.04624682 0.0553549  0.06096576] | [0.00617972 0.00446016 0.00362877] | [0.11882967 0.16852708 0.20311925] |
|   23  | 70.46142983436584 | 834.0201559066772 | 115.26573181152344 | [0.09833157 0.14053924 0.17047433] | [0.04624682 0.0553549  0.06096576] | [0.00617972 0.00446016 0.00362877] | [0.11882967 0.16852708 0.20311925] |
+-------+-------------------+-------------------+--------------------+------------------------------------+------------------------------------+------------------------------------+------------------------------------+
epoch: 24 s: 0 batch_loss 0.19284763932228088 BPR_loss 0.18634045124053955 reg_loss 0.006507183890789747
epoch: 24 s: 256000 batch_loss 0.18346232175827026 BPR_loss 0.1771087944507599 reg_loss 0.006353524513542652
epoch: 24 s: 512000 batch_loss 0.18963083624839783 BPR_loss 0.18292485177516937 reg_loss 0.006705980747938156
epoch: 24 s: 768000 batch_loss 0.1772681325674057 BPR_loss 0.17056168615818024 reg_loss 0.006706440355628729
epoch: 24 s: 1024000 batch_loss 0.17107924818992615 BPR_loss 0.16464892029762268 reg_loss 0.006430323235690594
+-------+-------------------+-------------------+--------------------+------------------------------------+------------------------------------+------------------------------------+------------------------------------+
| Epoch |  training time(s) |   tesing time(s)  |        Loss        |               recall               |                ndcg                |             precision              |             hit_ratio              |
+-------+-------------------+-------------------+--------------------+------------------------------------+------------------------------------+------------------------------------+------------------------------------+
|   24  | 69.58187460899353 | 816.9817426204681 | 110.77680206298828 | [0.09814603 0.14034652 0.17006058] | [0.04622773 0.05533038 0.06089918] | [0.00617266 0.00445393 0.00361984] | [0.11871808 0.16825183 0.2025985 ] |
|   24  | 69.58187460899353 | 725.4458260536194 | 110.77680206298828 | [0.09814603 0.14034652 0.17006058] | [0.04622773 0.05533038 0.06089918] | [0.00617266 0.00445393 0.00361984] | [0.11871808 0.16825183 0.2025985 ] |
+-------+-------------------+-------------------+--------------------+------------------------------------+------------------------------------+------------------------------------+------------------------------------+
epoch: 25 s: 0 batch_loss 0.18426141142845154 BPR_loss 0.17791026830673218 reg_loss 0.006351145915687084
epoch: 25 s: 256000 batch_loss 0.16417169570922852 BPR_loss 0.15762218832969666 reg_loss 0.00654950924217701
epoch: 25 s: 512000 batch_loss 0.16470444202423096 BPR_loss 0.1581122875213623 reg_loss 0.0065921517089009285
epoch: 25 s: 768000 batch_loss 0.16830985248088837 BPR_loss 0.16166788339614868 reg_loss 0.006641968619078398
epoch: 25 s: 1024000 batch_loss 0.16379986703395844 BPR_loss 0.15715618431568146 reg_loss 0.0066436766646802425
+-------+-------------------+-------------------+--------------------+------------------------------------+------------------------------------+------------------------------------+------------------------------------+
| Epoch |  training time(s) |   tesing time(s)  |        Loss        |               recall               |                ndcg                |             precision              |             hit_ratio              |
+-------+-------------------+-------------------+--------------------+------------------------------------+------------------------------------+------------------------------------+------------------------------------+
|   25  | 69.73016810417175 |  713.150640964508 | 106.72611999511719 | [0.09791653 0.14007656 0.16961811] | [0.04618763 0.05528614 0.06082106] | [0.00615555 0.00444658 0.0036111 ] | [0.11843167 0.1679617  0.20207776] |
|   25  | 69.73016810417175 | 717.8204307556152 | 106.72611999511719 | [0.09791653 0.14007656 0.16961811] | [0.04618763 0.05528614 0.06082106] | [0.00615555 0.00444658 0.0036111 ] | [0.11843167 0.1679617  0.20207776] |
+-------+-------------------+-------------------+--------------------+------------------------------------+------------------------------------+------------------------------------+------------------------------------+
epoch: 26 s: 0 batch_loss 0.17762725055217743 BPR_loss 0.17094922065734863 reg_loss 0.006678036879748106
epoch: 26 s: 256000 batch_loss 0.16083504259586334 BPR_loss 0.15399056673049927 reg_loss 0.0068444726057350636
epoch: 26 s: 512000 batch_loss 0.16289621591567993 BPR_loss 0.15628841519355774 reg_loss 0.006607796996831894
epoch: 26 s: 768000 batch_loss 0.18759921193122864 BPR_loss 0.1806170642375946 reg_loss 0.006982150487601757
epoch: 26 s: 1024000 batch_loss 0.16861681640148163 BPR_loss 0.1619734764099121 reg_loss 0.006643342319875956
+-------+-------------------+-------------------+--------------------+------------------------------------+------------------------------------+------------------------------------+------------------------------------+
| Epoch |  training time(s) |   tesing time(s)  |        Loss        |               recall               |                ndcg                |             precision              |             hit_ratio              |
+-------+-------------------+-------------------+--------------------+------------------------------------+------------------------------------+------------------------------------+------------------------------------+
|   26  | 64.38402605056763 | 632.2821068763733 | 103.18402099609375 | [0.09777681 0.13961622 0.16919012] | [0.04621195 0.05524077 0.06078338] | [0.0061509  0.00443449 0.00360285] | [0.11834612 0.16749675 0.20159793] |
|   26  | 64.38402605056763 | 645.8976712226868 | 103.18402099609375 | [0.09777681 0.13961622 0.16919012] | [0.04621195 0.05524077 0.06078338] | [0.0061509  0.00443449 0.00360285] | [0.11834612 0.16749675 0.20159793] |
+-------+-------------------+-------------------+--------------------+------------------------------------+------------------------------------+------------------------------------+------------------------------------+
epoch: 27 s: 0 batch_loss 0.16532959043979645 BPR_loss 0.15861287713050842 reg_loss 0.0067167095839977264
epoch: 27 s: 256000 batch_loss 0.1874467134475708 BPR_loss 0.18071189522743225 reg_loss 0.006734815426170826
epoch: 27 s: 512000 batch_loss 0.16061201691627502 BPR_loss 0.15358532965183258 reg_loss 0.007026690524071455
epoch: 27 s: 768000 batch_loss 0.15587422251701355 BPR_loss 0.14894691109657288 reg_loss 0.006927305832505226
epoch: 27 s: 1024000 batch_loss 0.16580837965011597 BPR_loss 0.15912383794784546 reg_loss 0.006684536579996347
+-------+------------------+-------------------+-------------------+------------------------------------+------------------------------------+------------------------------------+------------------------------------+
| Epoch | training time(s) |   tesing time(s)  |        Loss       |               recall               |                ndcg                |             precision              |             hit_ratio              |
+-------+------------------+-------------------+-------------------+------------------------------------+------------------------------------+------------------------------------+------------------------------------+
|   27  | 63.4270384311676 | 632.1151401996613 | 99.51211547851562 | [0.09749993 0.13929626 0.16856691] | [0.04606514 0.05508872 0.06057701] | [0.00613193 0.00442529 0.00359126] | [0.11795557 0.16706528 0.20093213] |
|   27  | 63.4270384311676 | 647.0347812175751 | 99.51211547851562 | [0.09749993 0.13929626 0.16856691] | [0.04606514 0.05508872 0.06057701] | [0.00613193 0.00442529 0.00359126] | [0.11795557 0.16706528 0.20093213] |
+-------+------------------+-------------------+-------------------+------------------------------------+------------------------------------+------------------------------------+------------------------------------+
epoch: 28 s: 0 batch_loss 0.15360631048679352 BPR_loss 0.1465933620929718 reg_loss 0.007012954913079739
epoch: 28 s: 256000 batch_loss 0.18096564710140228 BPR_loss 0.17428560554981232 reg_loss 0.006680046208202839
epoch: 28 s: 512000 batch_loss 0.1467483937740326 BPR_loss 0.1399640440940857 reg_loss 0.00678434269502759
epoch: 28 s: 768000 batch_loss 0.15298281610012054 BPR_loss 0.14630553126335144 reg_loss 0.006677284836769104
epoch: 28 s: 1024000 batch_loss 0.17376112937927246 BPR_loss 0.16692690551280975 reg_loss 0.006834216881543398
+-------+--------------------+-------------------+-------------------+------------------------------------+------------------------------------+------------------------------------+------------------------------------+
| Epoch |  training time(s)  |   tesing time(s)  |        Loss       |               recall               |                ndcg                |             precision              |             hit_ratio              |
+-------+--------------------+-------------------+-------------------+------------------------------------+------------------------------------+------------------------------------+------------------------------------+
|   28  | 63.800638914108276 |  651.031108379364 | 95.75555419921875 | [0.09727289 0.13884636 0.16826155] | [0.04598759 0.05496662 0.06047809] | [0.00611854 0.00441245 0.00358376] | [0.11773983 0.1665557  0.20049694] |
|   28  | 63.800638914108276 | 643.6228640079498 | 95.75555419921875 | [0.09727289 0.13884636 0.16826155] | [0.04598759 0.05496662 0.06047809] | [0.00611854 0.00441245 0.00358376] | [0.11773983 0.1665557  0.20049694] |
+-------+--------------------+-------------------+-------------------+------------------------------------+------------------------------------+------------------------------------+------------------------------------+
Early stopping is trigger at step: 10 log:0.09727289170250038
early stopping at 28, recall@20:0.0991
