Namespace(K=1, Ks='[20, 40, 60]', batch_size=2048, batch_test_flag=True, context_hops=3, cuda=True, data_path='data/', dataset='yelp2018', dim=64, edge_dropout=False, edge_dropout_rate=0.1, epoch=1000, eps=0.01, gnn='lightgcn', gpu_id=1, l2=0.001, lr=0.003, mess_dropout=False, mess_dropout_rate=0.1, n_negs=64, ns='mixgcf', out_dir='./weights/yelp2018/', pool='mean', save=False, test_batch_size=2048, test_flag='part')
reading train and test user-item set ...
building the adj mat ...
loading over ...
卷积器不需要第0层embedding
拿这个最难的neg_item去和pos_item在每一个维度上进行softmax自适应权重......
start training ...
epoch: 0 s: 0 batch_loss 0.693148136138916 BPR_loss 0.6931480169296265 reg_loss 1.323738700875765e-07
epoch: 0 s: 256000 batch_loss 0.6891170144081116 BPR_loss 0.6888575553894043 reg_loss 0.0002594696416053921
epoch: 0 s: 512000 batch_loss 0.6880533695220947 BPR_loss 0.6872504949569702 reg_loss 0.0008028775919228792
epoch: 0 s: 768000 batch_loss 0.6876494884490967 BPR_loss 0.6865708827972412 reg_loss 0.0010785890044644475
epoch: 0 s: 1024000 batch_loss 0.6830388903617859 BPR_loss 0.681540846824646 reg_loss 0.0014980236301198602
+-------+-------------------+-------------------+--------------------+------------------------------------+------------------------------------+------------------------------------+------------------------------------+
| Epoch |  training time(s) |   tesing time(s)  |        Loss        |               recall               |                ndcg                |             precision              |             hit_ratio              |
+-------+-------------------+-------------------+--------------------+------------------------------------+------------------------------------+------------------------------------+------------------------------------+
|   0   | 200.3005211353302 | 37.64715313911438 | 414.20086669921875 | [0.05547084 0.09274548 0.12328749] | [0.04529155 0.05932117 0.0700224 ] | [0.02575786 0.02167488 0.0192855 ] | [0.35177466 0.49453707 0.58355438] |
+-------+-------------------+-------------------+--------------------+------------------------------------+------------------------------------+------------------------------------+------------------------------------+
epoch: 1 s: 0 batch_loss 0.6819963455200195 BPR_loss 0.6803967952728271 reg_loss 0.0015995641006156802
epoch: 1 s: 256000 batch_loss 0.6747080087661743 BPR_loss 0.672683835029602 reg_loss 0.0020241441670805216
epoch: 1 s: 512000 batch_loss 0.6751914024353027 BPR_loss 0.6729509234428406 reg_loss 0.0022405001800507307
epoch: 1 s: 768000 batch_loss 0.6718288660049438 BPR_loss 0.6694004535675049 reg_loss 0.002428401494398713
epoch: 1 s: 1024000 batch_loss 0.671927273273468 BPR_loss 0.6692575216293335 reg_loss 0.00266977003775537
+-------+-------------------+-------------------+--------------------+------------------------------------+------------------------------------+------------------------------------+------------------------------------+
| Epoch |  training time(s) |   tesing time(s)  |        Loss        |               recall               |                ndcg                |             precision              |             hit_ratio              |
+-------+-------------------+-------------------+--------------------+------------------------------------+------------------------------------+------------------------------------+------------------------------------+
|   1   | 206.4439754486084 | 52.30300211906433 | 408.91448974609375 | [0.05991541 0.09928179 0.13172007] | [0.04903651 0.06386226 0.07521462] | [0.02765568 0.02312192 0.02055071] | [0.37261589 0.51995705 0.60875332] |
+-------+-------------------+-------------------+--------------------+------------------------------------+------------------------------------+------------------------------------+------------------------------------+
epoch: 2 s: 0 batch_loss 0.6719537973403931 BPR_loss 0.6690961122512817 reg_loss 0.0028577137272804976
epoch: 2 s: 256000 batch_loss 0.6727471351623535 BPR_loss 0.6698042154312134 reg_loss 0.0029429076239466667
epoch: 2 s: 512000 batch_loss 0.6785974502563477 BPR_loss 0.6754869222640991 reg_loss 0.003110516583546996
epoch: 2 s: 768000 batch_loss 0.6729429960250854 BPR_loss 0.6695038676261902 reg_loss 0.003439132822677493
epoch: 2 s: 1024000 batch_loss 0.6618417501449585 BPR_loss 0.6582514047622681 reg_loss 0.003590342588722706
+-------+--------------------+-------------------+---------------+------------------------------------+------------------------------------+------------------------------------+------------------------------------+
| Epoch |  training time(s)  |   tesing time(s)  |      Loss     |               recall               |                ndcg                |             precision              |             hit_ratio              |
+-------+--------------------+-------------------+---------------+------------------------------------+------------------------------------+------------------------------------+------------------------------------+
|   2   | 217.05284309387207 | 46.44569182395935 | 405.806640625 | [0.06252215 0.10316309 0.13671102] | [0.05115655 0.06646137 0.07822137] | [0.02868827 0.02390978 0.02127226] | [0.38452065 0.53410383 0.62097385] |
+-------+--------------------+-------------------+---------------+------------------------------------+------------------------------------+------------------------------------+------------------------------------+
epoch: 3 s: 0 batch_loss 0.6645675897598267 BPR_loss 0.6608355045318604 reg_loss 0.003732113866135478
epoch: 3 s: 256000 batch_loss 0.6720797419548035 BPR_loss 0.6682976484298706 reg_loss 0.0037821007426828146
epoch: 3 s: 512000 batch_loss 0.6631004810333252 BPR_loss 0.6591158509254456 reg_loss 0.003984647337347269
epoch: 3 s: 768000 batch_loss 0.6669833660125732 BPR_loss 0.6628907918930054 reg_loss 0.004092602524906397
epoch: 3 s: 1024000 batch_loss 0.670473575592041 BPR_loss 0.6662907004356384 reg_loss 0.004182859789580107
+-------+--------------------+-------------------+--------------------+------------------------------------+------------------------------------+------------------------------------+------------------------------------+
| Epoch |  training time(s)  |   tesing time(s)  |        Loss        |               recall               |                ndcg                |             precision              |             hit_ratio              |
+-------+--------------------+-------------------+--------------------+------------------------------------+------------------------------------+------------------------------------+------------------------------------+
|   3   | 218.28920555114746 | 43.64306306838989 | 403.44903564453125 | [0.06420539 0.10600624 0.14002008] | [0.05249969 0.06827287 0.08019173] | [0.02938139 0.02452949 0.02174908] | [0.39194139 0.54253505 0.63057345] |
+-------+--------------------+-------------------+--------------------+------------------------------------+------------------------------------+------------------------------------+------------------------------------+
epoch: 4 s: 0 batch_loss 0.666809618473053 BPR_loss 0.6624513268470764 reg_loss 0.00435826787725091
epoch: 4 s: 256000 batch_loss 0.6601966619491577 BPR_loss 0.6555922031402588 reg_loss 0.004604484885931015
epoch: 4 s: 512000 batch_loss 0.6663752198219299 BPR_loss 0.6618832945823669 reg_loss 0.004491929896175861
epoch: 4 s: 768000 batch_loss 0.6646368503570557 BPR_loss 0.659924328327179 reg_loss 0.004712539725005627
epoch: 4 s: 1024000 batch_loss 0.6675401926040649 BPR_loss 0.6627784967422485 reg_loss 0.004761703312397003
+-------+--------------------+--------------------+-------------------+------------------------------------+------------------------------------+------------------------------------+------------------------------------+
| Epoch |  training time(s)  |   tesing time(s)   |        Loss       |               recall               |                ndcg                |             precision              |             hit_ratio              |
+-------+--------------------+--------------------+-------------------+------------------------------------+------------------------------------+------------------------------------+------------------------------------+
|   4   | 218.87486720085144 | 42.191540002822876 | 401.5436706542969 | [0.06531074 0.10780344 0.14236831] | [0.05345303 0.06945494 0.08157725] | [0.02980769 0.02487527 0.02207118] | [0.39705697 0.54777694 0.63436276] |
+-------+--------------------+--------------------+-------------------+------------------------------------+------------------------------------+------------------------------------+------------------------------------+
epoch: 5 s: 0 batch_loss 0.663395345211029 BPR_loss 0.6584253311157227 reg_loss 0.004970043431967497
epoch: 5 s: 256000 batch_loss 0.6587743759155273 BPR_loss 0.6535576581954956 reg_loss 0.005216708406805992
epoch: 5 s: 512000 batch_loss 0.6643504500389099 BPR_loss 0.6593921184539795 reg_loss 0.004958323668688536
epoch: 5 s: 768000 batch_loss 0.6625289916992188 BPR_loss 0.6573987007141113 reg_loss 0.005130308214575052
epoch: 5 s: 1024000 batch_loss 0.661937415599823 BPR_loss 0.6567034721374512 reg_loss 0.00523392716422677
+-------+--------------------+-------------------+--------------------+------------------------------------+------------------------------------+------------------------------------+------------------------------------+
| Epoch |  training time(s)  |   tesing time(s)  |        Loss        |               recall               |                ndcg                |             precision              |             hit_ratio              |
+-------+--------------------+-------------------+--------------------+------------------------------------+------------------------------------+------------------------------------+------------------------------------+
|   5   | 230.19860696792603 | 129.9915680885315 | 399.86212158203125 | [0.06642668 0.10950272 0.14424073] | [0.05438222 0.07059909 0.08275181] | [0.03032399 0.02529841 0.02235958] | [0.40239358 0.5519136  0.63859416] |
+-------+--------------------+-------------------+--------------------+------------------------------------+------------------------------------+------------------------------------+------------------------------------+
epoch: 6 s: 0 batch_loss 0.6601353883743286 BPR_loss 0.6546093225479126 reg_loss 0.0055260611698031425
epoch: 6 s: 256000 batch_loss 0.6620045900344849 BPR_loss 0.6566022634506226 reg_loss 0.005402330309152603
epoch: 6 s: 512000 batch_loss 0.6507943868637085 BPR_loss 0.6451420783996582 reg_loss 0.005652313120663166
epoch: 6 s: 768000 batch_loss 0.6601171493530273 BPR_loss 0.6545705199241638 reg_loss 0.005546619184315205
epoch: 6 s: 1024000 batch_loss 0.6637425422668457 BPR_loss 0.6581999063491821 reg_loss 0.00554264010861516
+-------+--------------------+--------------------+-------------------+------------------------------------+------------------------------------+------------------------------------+------------------------------------+
| Epoch |  training time(s)  |   tesing time(s)   |        Loss       |               recall               |                ndcg                |             precision              |             hit_ratio              |
+-------+--------------------+--------------------+-------------------+------------------------------------+------------------------------------+------------------------------------+------------------------------------+
|   6   | 371.49252581596375 | 227.11513948440552 | 398.5625305175781 | [0.06666995 0.11070089 0.14570249] | [0.05480713 0.07139889 0.08366433] | [0.03047714 0.02555182 0.0225901 ] | [0.40315145 0.55579765 0.64238348] |
+-------+--------------------+--------------------+-------------------+------------------------------------+------------------------------------+------------------------------------+------------------------------------+
epoch: 7 s: 0 batch_loss 0.6571863889694214 BPR_loss 0.6513878107070923 reg_loss 0.00579857500270009
epoch: 7 s: 256000 batch_loss 0.6561146974563599 BPR_loss 0.6501235365867615 reg_loss 0.005991179496049881
epoch: 7 s: 512000 batch_loss 0.6532992124557495 BPR_loss 0.6472614407539368 reg_loss 0.006037749350070953
epoch: 7 s: 768000 batch_loss 0.6585813164710999 BPR_loss 0.6525521278381348 reg_loss 0.006029191426932812
epoch: 7 s: 1024000 batch_loss 0.6657219529151917 BPR_loss 0.6597848534584045 reg_loss 0.005937091074883938
+-------+--------------------+--------------------+-------------------+------------------------------------+------------------------------------+------------------------------------+------------------------------------+
| Epoch |  training time(s)  |   tesing time(s)   |        Loss       |               recall               |                ndcg                |             precision              |             hit_ratio              |
+-------+--------------------+--------------------+-------------------+------------------------------------+------------------------------------+------------------------------------+------------------------------------+
|   7   | 385.20873761177063 | 213.30637669563293 | 397.5165710449219 | [0.06793199 0.11135305 0.14672331] | [0.05562446 0.07195759 0.08435651] | [0.03098554 0.02570497 0.02274852] | [0.4077302  0.55731338 0.64427814] |
+-------+--------------------+--------------------+-------------------+------------------------------------+------------------------------------+------------------------------------+------------------------------------+
epoch: 8 s: 0 batch_loss 0.6567779183387756 BPR_loss 0.6506784558296204 reg_loss 0.006099474150687456
epoch: 8 s: 256000 batch_loss 0.6559191942214966 BPR_loss 0.6496639847755432 reg_loss 0.006255198735743761
epoch: 8 s: 512000 batch_loss 0.6495925784111023 BPR_loss 0.6430448293685913 reg_loss 0.00654776394367218
epoch: 8 s: 768000 batch_loss 0.6471213102340698 BPR_loss 0.6407612562179565 reg_loss 0.006360033061355352
epoch: 8 s: 1024000 batch_loss 0.6584690809249878 BPR_loss 0.6520397067070007 reg_loss 0.0064293681643903255
+-------+-------------------+--------------------+--------------------+------------------------------------+------------------------------------+------------------------------------+------------------------------------+
| Epoch |  training time(s) |   tesing time(s)   |        Loss        |               recall               |                ndcg                |             precision              |             hit_ratio              |
+-------+-------------------+--------------------+--------------------+------------------------------------+------------------------------------+------------------------------------+------------------------------------+
|   8   | 394.9130756855011 | 203.86534595489502 | 396.56463623046875 | [0.06843605 0.11238567 0.14810737] | [0.05610659 0.0726936  0.08518564] | [0.03116553 0.02597733 0.02294167] | [0.41006694 0.55933434 0.64626753] |
+-------+-------------------+--------------------+--------------------+------------------------------------+------------------------------------+------------------------------------+------------------------------------+
epoch: 9 s: 0 batch_loss 0.6472947001457214 BPR_loss 0.6405442953109741 reg_loss 0.006750394124537706
epoch: 9 s: 256000 batch_loss 0.6582578420639038 BPR_loss 0.6517298817634583 reg_loss 0.006527974270284176
epoch: 9 s: 512000 batch_loss 0.6522298455238342 BPR_loss 0.6456133127212524 reg_loss 0.006616553757339716
epoch: 9 s: 768000 batch_loss 0.6513298749923706 BPR_loss 0.6446182727813721 reg_loss 0.0067116087302565575
epoch: 9 s: 1024000 batch_loss 0.6466546058654785 BPR_loss 0.6397718191146851 reg_loss 0.006882794667035341
+-------+--------------------+--------------------+-------------------+------------------------------------+------------------------------------+------------------------------------+------------------------------------+
| Epoch |  training time(s)  |   tesing time(s)   |        Loss       |               recall               |                ndcg                |             precision              |             hit_ratio              |
+-------+--------------------+--------------------+-------------------+------------------------------------+------------------------------------+------------------------------------+------------------------------------+
|   9   | 386.16171765327454 | 141.50308060646057 | 395.5098876953125 | [0.06883415 0.11337313 0.14907852] | [0.0564962  0.07329062 0.0857842 ] | [0.03135342 0.02616127 0.02308008] | [0.41164583 0.561229   0.64866742] |
+-------+--------------------+--------------------+-------------------+------------------------------------+------------------------------------+------------------------------------+------------------------------------+
epoch: 10 s: 0 batch_loss 0.6580367684364319 BPR_loss 0.6511773467063904 reg_loss 0.00685940682888031
epoch: 10 s: 256000 batch_loss 0.6540548801422119 BPR_loss 0.6471738219261169 reg_loss 0.006881083361804485
epoch: 10 s: 512000 batch_loss 0.6543209552764893 BPR_loss 0.6474860906600952 reg_loss 0.006834857631474733
epoch: 10 s: 768000 batch_loss 0.6505454182624817 BPR_loss 0.6437053680419922 reg_loss 0.006840056739747524
epoch: 10 s: 1024000 batch_loss 0.654862105846405 BPR_loss 0.6477947235107422 reg_loss 0.007067376282066107
+-------+-------------------+--------------------+-------------------+------------------------------------+------------------------------------+------------------------------------+------------------------------------+
| Epoch |  training time(s) |   tesing time(s)   |        Loss       |               recall               |                ndcg                |             precision              |             hit_ratio              |
+-------+-------------------+--------------------+-------------------+------------------------------------+------------------------------------+------------------------------------+------------------------------------+
|   10  | 393.1177542209625 | 159.30762004852295 | 394.6982727050781 | [0.06935667 0.11356367 0.14938058] | [0.0569523  0.07360765 0.08614322] | [0.03158235 0.0262189  0.0231385 ] | [0.41391941 0.56261842 0.65018315] |
+-------+-------------------+--------------------+-------------------+------------------------------------+------------------------------------+------------------------------------+------------------------------------+
epoch: 11 s: 0 batch_loss 0.6544239521026611 BPR_loss 0.647327184677124 reg_loss 0.007096767891198397
epoch: 11 s: 256000 batch_loss 0.6514169573783875 BPR_loss 0.6442512273788452 reg_loss 0.00716573279350996
epoch: 11 s: 512000 batch_loss 0.6523557305335999 BPR_loss 0.6451958417892456 reg_loss 0.007159899454563856
epoch: 11 s: 768000 batch_loss 0.65107262134552 BPR_loss 0.6438936591148376 reg_loss 0.007178946863859892
epoch: 11 s: 1024000 batch_loss 0.6559412479400635 BPR_loss 0.6486155986785889 reg_loss 0.007325645070523024
+-------+-------------------+-------------------+-------------------+------------------------------------+------------------------------------+------------------------------------+------------------------------------+
| Epoch |  training time(s) |   tesing time(s)  |        Loss       |               recall               |                ndcg                |             precision              |             hit_ratio              |
+-------+-------------------+-------------------+-------------------+------------------------------------+------------------------------------+------------------------------------+------------------------------------+
|   11  | 444.2538080215454 | 171.3107991218567 | 393.9578857421875 | [0.06948743 0.11378832 0.15009409] | [0.05706448 0.0738094  0.08650997] | [0.03149236 0.02621811 0.02318902] | [0.41477201 0.56353417 0.65106732] |
+-------+-------------------+-------------------+-------------------+------------------------------------+------------------------------------+------------------------------------+------------------------------------+
epoch: 12 s: 0 batch_loss 0.6511988043785095 BPR_loss 0.6439687609672546 reg_loss 0.007230068556964397
epoch: 12 s: 256000 batch_loss 0.6435062885284424 BPR_loss 0.6362775564193726 reg_loss 0.00722872419282794
epoch: 12 s: 512000 batch_loss 0.6480985879898071 BPR_loss 0.6407386064529419 reg_loss 0.0073599908500909805
epoch: 12 s: 768000 batch_loss 0.6522168517112732 BPR_loss 0.6450071334838867 reg_loss 0.00720973452553153
epoch: 12 s: 1024000 batch_loss 0.638696551322937 BPR_loss 0.6309708952903748 reg_loss 0.007725655101239681
+-------+-------------------+--------------------+-------------------+------------------------------------+------------------------------------+------------------------------------+------------------------------------+
| Epoch |  training time(s) |   tesing time(s)   |        Loss       |               recall               |                ndcg                |             precision              |             hit_ratio              |
+-------+-------------------+--------------------+-------------------+------------------------------------+------------------------------------+------------------------------------+------------------------------------+
|   12  | 432.2273271083832 | 172.27936720848083 | 393.2852478027344 | [0.06991526 0.11473898 0.1506908 ] | [0.05741394 0.0743312  0.08693007] | [0.03172919 0.02641941 0.02330902] | [0.41631931 0.56751295 0.65302514] |
+-------+-------------------+--------------------+-------------------+------------------------------------+------------------------------------+------------------------------------+------------------------------------+
epoch: 13 s: 0 batch_loss 0.6448022127151489 BPR_loss 0.6370614171028137 reg_loss 0.007740783970803022
epoch: 13 s: 256000 batch_loss 0.650960385799408 BPR_loss 0.6435863375663757 reg_loss 0.007374065462499857
epoch: 13 s: 512000 batch_loss 0.6527718901634216 BPR_loss 0.6451612710952759 reg_loss 0.007610625587403774
epoch: 13 s: 768000 batch_loss 0.6458893418312073 BPR_loss 0.638129472732544 reg_loss 0.007759861648082733
epoch: 13 s: 1024000 batch_loss 0.6604260802268982 BPR_loss 0.6527020931243896 reg_loss 0.007723981514573097
+-------+------------------+--------------------+--------------------+------------------------------------+------------------------------------+------------------------------------+------------------------------------+
| Epoch | training time(s) |   tesing time(s)   |        Loss        |               recall               |                ndcg                |             precision              |             hit_ratio              |
+-------+------------------+--------------------+--------------------+------------------------------------+------------------------------------+------------------------------------+------------------------------------+
|   13  | 416.436753988266 | 159.00761151313782 | 392.56195068359375 | [0.06991121 0.11499009 0.15139631] | [0.05755102 0.07454898 0.08731056] | [0.03175129 0.02645968 0.02339796] | [0.4173298  0.56823923 0.65466717] |
+-------+------------------+--------------------+--------------------+------------------------------------+------------------------------------+------------------------------------+------------------------------------+
epoch: 14 s: 0 batch_loss 0.6468501687049866 BPR_loss 0.6391096115112305 reg_loss 0.007740573491901159
epoch: 14 s: 256000 batch_loss 0.6443490386009216 BPR_loss 0.63644939661026 reg_loss 0.007899616844952106
epoch: 14 s: 512000 batch_loss 0.6461782455444336 BPR_loss 0.6382312774658203 reg_loss 0.00794694572687149
epoch: 14 s: 768000 batch_loss 0.6502789855003357 BPR_loss 0.642265796661377 reg_loss 0.008013205602765083
epoch: 14 s: 1024000 batch_loss 0.6481954455375671 BPR_loss 0.6402012705802917 reg_loss 0.007994153536856174
+-------+--------------------+-------------------+-------------------+------------------------------------+------------------------------------+------------------------------------+------------------------------------+
| Epoch |  training time(s)  |   tesing time(s)  |        Loss       |               recall               |                ndcg                |             precision              |             hit_ratio              |
+-------+--------------------+-------------------+-------------------+------------------------------------+------------------------------------+------------------------------------+------------------------------------+
|   14  | 371.60443115234375 | 188.8972065448761 | 391.8446350097656 | [0.07031581 0.11545507 0.15156792] | [0.05783061 0.07483099 0.08747838] | [0.03195655 0.02656941 0.02341744] | [0.41846659 0.56877605 0.65495137] |
+-------+--------------------+-------------------+-------------------+------------------------------------+------------------------------------+------------------------------------+------------------------------------+
epoch: 15 s: 0 batch_loss 0.6504430174827576 BPR_loss 0.6424614191055298 reg_loss 0.007981608621776104
epoch: 15 s: 256000 batch_loss 0.6541100144386292 BPR_loss 0.6460099220275879 reg_loss 0.008100100792944431
epoch: 15 s: 512000 batch_loss 0.6521103382110596 BPR_loss 0.6440117359161377 reg_loss 0.008098583668470383
epoch: 15 s: 768000 batch_loss 0.6453673839569092 BPR_loss 0.637408971786499 reg_loss 0.007958417758345604
epoch: 15 s: 1024000 batch_loss 0.6502366065979004 BPR_loss 0.6422735452651978 reg_loss 0.007963079027831554
+-------+-------------------+--------------------+--------------------+------------------------------------+------------------------------------+------------------------------------+------------------------------------+
| Epoch |  training time(s) |   tesing time(s)   |        Loss        |               recall               |                ndcg                |             precision              |             hit_ratio              |
+-------+-------------------+--------------------+--------------------+------------------------------------+------------------------------------+------------------------------------+------------------------------------+
|   15  | 364.6544523239136 | 248.39989352226257 | 391.40374755859375 | [0.07051002 0.11576662 0.15242243] | [0.05808537 0.07513696 0.08798004] | [0.03205918 0.0266523  0.02355901] | [0.41995074 0.57007073 0.65725654] |
+-------+-------------------+--------------------+--------------------+------------------------------------+------------------------------------+------------------------------------+------------------------------------+
epoch: 16 s: 0 batch_loss 0.6489330530166626 BPR_loss 0.6407065391540527 reg_loss 0.008226543664932251
epoch: 16 s: 256000 batch_loss 0.639029860496521 BPR_loss 0.6307078003883362 reg_loss 0.008322089910507202
epoch: 16 s: 512000 batch_loss 0.6469014883041382 BPR_loss 0.6385952234268188 reg_loss 0.008306260220706463
epoch: 16 s: 768000 batch_loss 0.6429007053375244 BPR_loss 0.6344279050827026 reg_loss 0.008472809568047523
epoch: 16 s: 1024000 batch_loss 0.648206889629364 BPR_loss 0.6397160887718201 reg_loss 0.008490816690027714
+-------+--------------------+--------------------+--------------------+------------------------------------+------------------------------------+------------------------------------+------------------------------------+
| Epoch |  training time(s)  |   tesing time(s)   |        Loss        |               recall               |                ndcg                |             precision              |             hit_ratio              |
+-------+--------------------+--------------------+--------------------+------------------------------------+------------------------------------+------------------------------------+------------------------------------+
|   16  | 375.60002064704895 | 244.22373390197754 | 390.86212158203125 | [0.07071341 0.11584001 0.1528111 ] | [0.05817777 0.07518379 0.08813259] | [0.03209707 0.0266594  0.02361216] | [0.42026652 0.56981811 0.65826702] |
+-------+--------------------+--------------------+--------------------+------------------------------------+------------------------------------+------------------------------------+------------------------------------+
epoch: 17 s: 0 batch_loss 0.6443101167678833 BPR_loss 0.6359586715698242 reg_loss 0.008351433090865612
epoch: 17 s: 256000 batch_loss 0.6487462520599365 BPR_loss 0.6401923298835754 reg_loss 0.008553923107683659
epoch: 17 s: 512000 batch_loss 0.644137978553772 BPR_loss 0.635710597038269 reg_loss 0.008427359163761139
epoch: 17 s: 768000 batch_loss 0.650313138961792 BPR_loss 0.6416857242584229 reg_loss 0.008627430535852909
epoch: 17 s: 1024000 batch_loss 0.6464290022850037 BPR_loss 0.6378064751625061 reg_loss 0.008622503839433193
+-------+-------------------+-------------------+--------------------+------------------------------------+------------------------------------+------------------------------------+------------------------------------+
| Epoch |  training time(s) |   tesing time(s)  |        Loss        |               recall               |                ndcg                |             precision              |             hit_ratio              |
+-------+-------------------+-------------------+--------------------+------------------------------------+------------------------------------+------------------------------------+------------------------------------+
|   17  | 356.7571723461151 | 253.5064663887024 | 390.42303466796875 | [0.07082443 0.11618063 0.15307938] | [0.0583339  0.07539013 0.08832324] | [0.03218549 0.0266894  0.02362901] | [0.4207086  0.57164961 0.65757231] |
+-------+-------------------+-------------------+--------------------+------------------------------------+------------------------------------+------------------------------------+------------------------------------+
epoch: 18 s: 0 batch_loss 0.6451199054718018 BPR_loss 0.6364489793777466 reg_loss 0.008670945651829243
epoch: 18 s: 256000 batch_loss 0.6483067870140076 BPR_loss 0.6395031809806824 reg_loss 0.008803615346550941
epoch: 18 s: 512000 batch_loss 0.6416419744491577 BPR_loss 0.6331098079681396 reg_loss 0.008532153442502022
epoch: 18 s: 768000 batch_loss 0.6535183191299438 BPR_loss 0.645034670829773 reg_loss 0.008483659476041794
epoch: 18 s: 1024000 batch_loss 0.6489478349685669 BPR_loss 0.6403522491455078 reg_loss 0.008595594204962254
+-------+------------------+--------------------+------------------+------------------------------------+------------------------------------+------------------------------------+------------------------------------+
| Epoch | training time(s) |   tesing time(s)   |       Loss       |               recall               |                ndcg                |             precision              |             hit_ratio              |
+-------+------------------+--------------------+------------------+------------------------------------+------------------------------------+------------------------------------+------------------------------------+
|   18  | 321.213623046875 | 255.67117428779602 | 389.969970703125 | [0.07123521 0.11635877 0.15286001] | [0.05865003 0.07560481 0.0883912 ] | [0.03238443 0.02676124 0.02360322] | [0.42219275 0.57136542 0.65731969] |
+-------+------------------+--------------------+------------------+------------------------------------+------------------------------------+------------------------------------+------------------------------------+
epoch: 19 s: 0 batch_loss 0.6420907974243164 BPR_loss 0.6333675980567932 reg_loss 0.00872321892529726
epoch: 19 s: 256000 batch_loss 0.644782543182373 BPR_loss 0.6359258890151978 reg_loss 0.008856670930981636
epoch: 19 s: 512000 batch_loss 0.6476855874061584 BPR_loss 0.6389966607093811 reg_loss 0.008688920177519321
epoch: 19 s: 768000 batch_loss 0.643407940864563 BPR_loss 0.6346874237060547 reg_loss 0.008720518089830875
epoch: 19 s: 1024000 batch_loss 0.6412551999092102 BPR_loss 0.6322695016860962 reg_loss 0.008985702879726887
+-------+-------------------+--------------------+-------------------+------------------------------------+------------------------------------+------------------------------------+------------------------------------+
| Epoch |  training time(s) |   tesing time(s)   |        Loss       |               recall               |                ndcg                |             precision              |             hit_ratio              |
+-------+-------------------+--------------------+-------------------+------------------------------------+------------------------------------+------------------------------------+------------------------------------+
|   19  | 336.2502164840698 | 277.49798130989075 | 389.4576721191406 | [0.07120736 0.11622109 0.15321017] | [0.05860741 0.0755429  0.088497  ] | [0.03231022 0.02671624 0.02363743] | [0.42140331 0.57035493 0.65804598] |
+-------+-------------------+--------------------+-------------------+------------------------------------+------------------------------------+------------------------------------+------------------------------------+
epoch: 20 s: 0 batch_loss 0.6458265781402588 BPR_loss 0.6369935274124146 reg_loss 0.008833062835037708
epoch: 20 s: 256000 batch_loss 0.6458371877670288 BPR_loss 0.6368390321731567 reg_loss 0.008998153731226921
epoch: 20 s: 512000 batch_loss 0.6379692554473877 BPR_loss 0.6288387179374695 reg_loss 0.009130526334047318
epoch: 20 s: 768000 batch_loss 0.6429198384284973 BPR_loss 0.6337460279464722 reg_loss 0.009173785336315632
epoch: 20 s: 1024000 batch_loss 0.6408224105834961 BPR_loss 0.6316961050033569 reg_loss 0.009126320481300354
+-------+-------------------+-------------------+-------------------+------------------------------------+------------------------------------+------------------------------------+------------------------------------+
| Epoch |  training time(s) |   tesing time(s)  |        Loss       |               recall               |                ndcg                |             precision              |             hit_ratio              |
+-------+-------------------+-------------------+-------------------+------------------------------------+------------------------------------+------------------------------------+------------------------------------+
|   20  | 362.8960757255554 | 261.3542912006378 | 389.0088806152344 | [0.07114106 0.11645161 0.15340286] | [0.05857176 0.07563495 0.08857075] | [0.0323039  0.02677466 0.023659  ] | [0.42130858 0.57247063 0.65877226] |
+-------+-------------------+-------------------+-------------------+------------------------------------+------------------------------------+------------------------------------+------------------------------------+
epoch: 21 s: 0 batch_loss 0.6409716010093689 BPR_loss 0.6317324638366699 reg_loss 0.009239159524440765
epoch: 21 s: 256000 batch_loss 0.647213876247406 BPR_loss 0.6380441188812256 reg_loss 0.009169775992631912
epoch: 21 s: 512000 batch_loss 0.6416178941726685 BPR_loss 0.6322608590126038 reg_loss 0.009357046335935593
epoch: 21 s: 768000 batch_loss 0.6362786293029785 BPR_loss 0.6269711256027222 reg_loss 0.009307483211159706
epoch: 21 s: 1024000 batch_loss 0.6430621147155762 BPR_loss 0.63373863697052 reg_loss 0.00932347122579813
+-------+------------------+--------------------+-----------------+------------------------------------+------------------------------------+------------------------------------+------------------------------------+
| Epoch | training time(s) |   tesing time(s)   |       Loss      |               recall               |                ndcg                |             precision              |             hit_ratio              |
+-------+------------------+--------------------+-----------------+------------------------------------+------------------------------------+------------------------------------+------------------------------------+
|   21  |  359.0556640625  | 256.02151679992676 | 388.56103515625 | [0.07136948 0.11643004 0.15365378] | [0.05884521 0.07577797 0.08882768] | [0.03240969 0.02674308 0.02369216] | [0.42272957 0.57228117 0.65867753] |
+-------+------------------+--------------------+-----------------+------------------------------------+------------------------------------+------------------------------------+------------------------------------+
epoch: 22 s: 0 batch_loss 0.6455079317092896 BPR_loss 0.6362267732620239 reg_loss 0.009281156584620476
epoch: 22 s: 256000 batch_loss 0.641290545463562 BPR_loss 0.6320092082023621 reg_loss 0.009281352162361145
epoch: 22 s: 512000 batch_loss 0.6432813405990601 BPR_loss 0.6340219974517822 reg_loss 0.009259363636374474
epoch: 22 s: 768000 batch_loss 0.6515758633613586 BPR_loss 0.6421488523483276 reg_loss 0.009426995180547237
epoch: 22 s: 1024000 batch_loss 0.6506252884864807 BPR_loss 0.6414493918418884 reg_loss 0.009175877086818218
+-------+------------------+--------------------+-------------------+------------------------------------+------------------------------------+------------------------------------+------------------------------------+
| Epoch | training time(s) |   tesing time(s)   |        Loss       |               recall               |                ndcg                |             precision              |             hit_ratio              |
+-------+------------------+--------------------+-------------------+------------------------------------+------------------------------------+------------------------------------+------------------------------------+
|   22  | 343.646684885025 | 216.69828391075134 | 388.3054504394531 | [0.07141059 0.11668412 0.15383465] | [0.05890026 0.07592803 0.08894745] | [0.03240969 0.02678414 0.02370637] | [0.42228748 0.57288114 0.65864595] |
+-------+------------------+--------------------+-------------------+------------------------------------+------------------------------------+------------------------------------+------------------------------------+
epoch: 23 s: 0 batch_loss 0.6384924054145813 BPR_loss 0.629016637802124 reg_loss 0.009475775994360447
epoch: 23 s: 256000 batch_loss 0.6490285992622375 BPR_loss 0.6396381258964539 reg_loss 0.00939046498388052
epoch: 23 s: 512000 batch_loss 0.6423816084861755 BPR_loss 0.6328870058059692 reg_loss 0.00949460081756115
epoch: 23 s: 768000 batch_loss 0.6479568481445312 BPR_loss 0.6385698318481445 reg_loss 0.009387021884322166
epoch: 23 s: 1024000 batch_loss 0.6281792521476746 BPR_loss 0.6185657382011414 reg_loss 0.009613496251404285
+-------+-------------------+--------------------+--------------------+------------------------------------+------------------------------------+------------------------------------+------------------------------------+
| Epoch |  training time(s) |   tesing time(s)   |        Loss        |               recall               |                ndcg                |             precision              |             hit_ratio              |
+-------+-------------------+--------------------+--------------------+------------------------------------+------------------------------------+------------------------------------+------------------------------------+
|   23  | 353.6341531276703 | 207.34267210960388 | 387.84613037109375 | [0.07146896 0.11686622 0.15401143] | [0.05894525 0.07600403 0.08901235] | [0.03246337 0.02682598 0.02372426] | [0.42241379 0.57281799 0.65971959] |
+-------+-------------------+--------------------+--------------------+------------------------------------+------------------------------------+------------------------------------+------------------------------------+
epoch: 24 s: 0 batch_loss 0.6411332488059998 BPR_loss 0.6315621137619019 reg_loss 0.009571115486323833
epoch: 24 s: 256000 batch_loss 0.645805299282074 BPR_loss 0.6362186670303345 reg_loss 0.009586641564965248
epoch: 24 s: 512000 batch_loss 0.6458510756492615 BPR_loss 0.6362631320953369 reg_loss 0.009587964974343777
epoch: 24 s: 768000 batch_loss 0.644327700138092 BPR_loss 0.6347641348838806 reg_loss 0.009563567116856575
epoch: 24 s: 1024000 batch_loss 0.644711971282959 BPR_loss 0.6351561546325684 reg_loss 0.009555828757584095
+-------+--------------------+--------------------+-------------------+------------------------------------+------------------------------------+------------------------------------+------------------------------------+
| Epoch |  training time(s)  |   tesing time(s)   |        Loss       |               recall               |                ndcg                |             precision              |             hit_ratio              |
+-------+--------------------+--------------------+-------------------+------------------------------------+------------------------------------+------------------------------------+------------------------------------+
|   24  | 363.43181324005127 | 258.82220101356506 | 387.6295166015625 | [0.07152209 0.11705378 0.15427376] | [0.05896307 0.07607261 0.08909476] | [0.03250758 0.02687571 0.02376532] | [0.42332954 0.57386005 0.66063534] |
+-------+--------------------+--------------------+-------------------+------------------------------------+------------------------------------+------------------------------------+------------------------------------+
epoch: 25 s: 0 batch_loss 0.6376681923866272 BPR_loss 0.6279228925704956 reg_loss 0.009745283052325249
epoch: 25 s: 256000 batch_loss 0.6495312452316284 BPR_loss 0.6396035552024841 reg_loss 0.009927689097821712
epoch: 25 s: 512000 batch_loss 0.6410806775093079 BPR_loss 0.6312333345413208 reg_loss 0.009847369976341724
epoch: 25 s: 768000 batch_loss 0.6417627930641174 BPR_loss 0.6320300102233887 reg_loss 0.00973278097808361
epoch: 25 s: 1024000 batch_loss 0.6435586214065552 BPR_loss 0.6336799263954163 reg_loss 0.00987872015684843
+-------+-------------------+-------------------+-------------------+------------------------------------+------------------------------------+------------------------------------+------------------------------------+
| Epoch |  training time(s) |   tesing time(s)  |        Loss       |               recall               |                ndcg                |             precision              |             hit_ratio              |
+-------+-------------------+-------------------+-------------------+------------------------------------+------------------------------------+------------------------------------+------------------------------------+
|   25  | 370.5091361999512 | 239.5928795337677 | 387.1534118652344 | [0.07164854 0.11695942 0.15401491] | [0.05905271 0.07606356 0.08905344] | [0.03255968 0.02685124 0.02374795] | [0.42332954 0.57367058 0.66019326] |
+-------+-------------------+-------------------+-------------------+------------------------------------+------------------------------------+------------------------------------+------------------------------------+
epoch: 26 s: 0 batch_loss 0.6418429017066956 BPR_loss 0.6320289373397827 reg_loss 0.009813959710299969
epoch: 26 s: 256000 batch_loss 0.6381490230560303 BPR_loss 0.6281918287277222 reg_loss 0.009957171976566315
epoch: 26 s: 512000 batch_loss 0.6329731941223145 BPR_loss 0.6229398250579834 reg_loss 0.010033373720943928
epoch: 26 s: 768000 batch_loss 0.6440523266792297 BPR_loss 0.6341041326522827 reg_loss 0.009948208928108215
epoch: 26 s: 1024000 batch_loss 0.6348333954811096 BPR_loss 0.6248295307159424 reg_loss 0.010003856383264065
+-------+-------------------+--------------------+--------------------+------------------------------------+------------------------------------+------------------------------------+------------------------------------+
| Epoch |  training time(s) |   tesing time(s)   |        Loss        |               recall               |                ndcg                |             precision              |             hit_ratio              |
+-------+-------------------+--------------------+--------------------+------------------------------------+------------------------------------+------------------------------------+------------------------------------+
|   26  | 341.0843493938446 | 200.90673279762268 | 386.81646728515625 | [0.07137316 0.1168934  0.15405085] | [0.05881491 0.07591529 0.08891085] | [0.03243969 0.02680466 0.02368742] | [0.42143489 0.57379689 0.66095112] |
+-------+-------------------+--------------------+--------------------+------------------------------------+------------------------------------+------------------------------------+------------------------------------+
epoch: 27 s: 0 batch_loss 0.6391324996948242 BPR_loss 0.6291472911834717 reg_loss 0.009985233657062054
epoch: 27 s: 256000 batch_loss 0.6422719359397888 BPR_loss 0.6323834657669067 reg_loss 0.009888486005365849
epoch: 27 s: 512000 batch_loss 0.6462812423706055 BPR_loss 0.6363415718078613 reg_loss 0.00993968453258276
epoch: 27 s: 768000 batch_loss 0.6433160305023193 BPR_loss 0.6332685351371765 reg_loss 0.010047522373497486
epoch: 27 s: 1024000 batch_loss 0.6404128670692444 BPR_loss 0.630492091178894 reg_loss 0.00992079172283411
+-------+--------------------+--------------------+-------------------+------------------------------------+------------------------------------+------------------------------------+------------------------------------+
| Epoch |  training time(s)  |   tesing time(s)   |        Loss       |               recall               |                ndcg                |             precision              |             hit_ratio              |
+-------+--------------------+--------------------+-------------------+------------------------------------+------------------------------------+------------------------------------+------------------------------------+
|   27  | 307.26642060279846 | 185.87529587745667 | 386.5721740722656 | [0.07186305 0.11688309 0.15395839] | [0.05931386 0.07625423 0.08924151] | [0.03258968 0.02684255 0.02373479] | [0.42383479 0.57354427 0.65934066] |
+-------+--------------------+--------------------+-------------------+------------------------------------+------------------------------------+------------------------------------+------------------------------------+
epoch: 28 s: 0 batch_loss 0.6377511620521545 BPR_loss 0.6275579929351807 reg_loss 0.01019319798797369
epoch: 28 s: 256000 batch_loss 0.6388651728630066 BPR_loss 0.6287473440170288 reg_loss 0.01011782418936491
epoch: 28 s: 512000 batch_loss 0.6342233419418335 BPR_loss 0.6239424347877502 reg_loss 0.010280895046889782
epoch: 28 s: 768000 batch_loss 0.6402991414070129 BPR_loss 0.6301192045211792 reg_loss 0.010179925709962845
epoch: 28 s: 1024000 batch_loss 0.6382377743721008 BPR_loss 0.6280906200408936 reg_loss 0.010147176682949066
+-------+-------------------+--------------------+-------------------+------------------------------------+------------------------------------+------------------------------------+------------------------------------+
| Epoch |  training time(s) |   tesing time(s)   |        Loss       |               recall               |                ndcg                |             precision              |             hit_ratio              |
+-------+-------------------+--------------------+-------------------+------------------------------------+------------------------------------+------------------------------------+------------------------------------+
|   28  | 290.1420156955719 | 184.26079106330872 | 386.3397521972656 | [0.07177131 0.11716011 0.15440276] | [0.05923866 0.07630946 0.08937699] | [0.03251232 0.02683387 0.02377531] | [0.42304535 0.57439687 0.65990906] |
+-------+-------------------+--------------------+-------------------+------------------------------------+------------------------------------+------------------------------------+------------------------------------+
epoch: 29 s: 0 batch_loss 0.6379302144050598 BPR_loss 0.6276849508285522 reg_loss 0.01024525985121727
epoch: 29 s: 256000 batch_loss 0.6318422555923462 BPR_loss 0.6215245127677917 reg_loss 0.010317719541490078
epoch: 29 s: 512000 batch_loss 0.6418706774711609 BPR_loss 0.6317390203475952 reg_loss 0.010131669230759144
epoch: 29 s: 768000 batch_loss 0.6436355710029602 BPR_loss 0.6334377527236938 reg_loss 0.010197838768362999
epoch: 29 s: 1024000 batch_loss 0.6429068446159363 BPR_loss 0.6326440572738647 reg_loss 0.01026280876249075
+-------+-------------------+--------------------+-------------------+------------------------------------+------------------------------------+------------------------------------+------------------------------------+
| Epoch |  training time(s) |   tesing time(s)   |        Loss       |               recall               |                ndcg                |             precision              |             hit_ratio              |
+-------+-------------------+--------------------+-------------------+------------------------------------+------------------------------------+------------------------------------+------------------------------------+
|   29  | 308.3164608478546 | 181.30465531349182 | 386.0699768066406 | [0.07169181 0.11710078 0.15437023] | [0.05927288 0.07635966 0.08942037] | [0.03252179 0.02686782 0.02378689] | [0.4231085  0.57436529 0.66016168] |
+-------+-------------------+--------------------+-------------------+------------------------------------+------------------------------------+------------------------------------+------------------------------------+
epoch: 30 s: 0 batch_loss 0.6412110328674316 BPR_loss 0.6309170722961426 reg_loss 0.010293989442288876
epoch: 30 s: 256000 batch_loss 0.6409884691238403 BPR_loss 0.6305981278419495 reg_loss 0.010390331037342548
epoch: 30 s: 512000 batch_loss 0.6344305872917175 BPR_loss 0.6240025758743286 reg_loss 0.010428035631775856
epoch: 30 s: 768000 batch_loss 0.6402105689048767 BPR_loss 0.6299058794975281 reg_loss 0.010304710827767849
epoch: 30 s: 1024000 batch_loss 0.637593686580658 BPR_loss 0.6270136833190918 reg_loss 0.010579983703792095
+-------+-------------------+-------------------+-------------------+------------------------------------+------------------------------------+------------------------------------+------------------------------------+
| Epoch |  training time(s) |   tesing time(s)  |        Loss       |               recall               |                ndcg                |             precision              |             hit_ratio              |
+-------+-------------------+-------------------+-------------------+------------------------------------+------------------------------------+------------------------------------+------------------------------------+
|   30  | 314.4495327472687 | 161.2201633453369 | 385.9396667480469 | [0.07182496 0.11738332 0.15422264] | [0.05927767 0.07644218 0.08936179] | [0.03252968 0.02691755 0.02375637] | [0.4225401  0.57502842 0.66003537] |
+-------+-------------------+-------------------+-------------------+------------------------------------+------------------------------------+------------------------------------+------------------------------------+
epoch: 31 s: 0 batch_loss 0.6346793174743652 BPR_loss 0.624182939529419 reg_loss 0.01049635000526905
epoch: 31 s: 256000 batch_loss 0.6354624032974243 BPR_loss 0.6250272989273071 reg_loss 0.01043509691953659
epoch: 31 s: 512000 batch_loss 0.6354589462280273 BPR_loss 0.6249887943267822 reg_loss 0.0104701342061162
epoch: 31 s: 768000 batch_loss 0.6353411674499512 BPR_loss 0.6249220371246338 reg_loss 0.010419130325317383
epoch: 31 s: 1024000 batch_loss 0.628180742263794 BPR_loss 0.6175244450569153 reg_loss 0.01065627858042717
+-------+--------------------+--------------------+-------------------+------------------------------------+------------------------------------+------------------------------------+------------------------------------+
| Epoch |  training time(s)  |   tesing time(s)   |        Loss       |               recall               |                ndcg                |             precision              |             hit_ratio              |
+-------+--------------------+--------------------+-------------------+------------------------------------+------------------------------------+------------------------------------+------------------------------------+
|   31  | 287.28037571907043 | 171.40492820739746 | 385.6607360839844 | [0.07210971 0.11718026 0.15432754] | [0.0593743  0.07632978 0.08933981] | [0.03264652 0.02686703 0.02375058] | [0.42415056 0.57414425 0.66076165] |
+-------+--------------------+--------------------+-------------------+------------------------------------+------------------------------------+------------------------------------+------------------------------------+
epoch: 32 s: 0 batch_loss 0.6364284157752991 BPR_loss 0.625878095626831 reg_loss 0.010550308041274548
epoch: 32 s: 256000 batch_loss 0.6410012245178223 BPR_loss 0.6304606795310974 reg_loss 0.010540515184402466
epoch: 32 s: 512000 batch_loss 0.641119658946991 BPR_loss 0.6304562091827393 reg_loss 0.010663466528058052
epoch: 32 s: 768000 batch_loss 0.6364967823028564 BPR_loss 0.6258950233459473 reg_loss 0.010601741261780262
epoch: 32 s: 1024000 batch_loss 0.6407279372215271 BPR_loss 0.6300233602523804 reg_loss 0.01070455927401781
+-------+-------------------+--------------------+-------------------+------------------------------------+------------------------------------+------------------------------------+------------------------------------+
| Epoch |  training time(s) |   tesing time(s)   |        Loss       |               recall               |                ndcg                |             precision              |             hit_ratio              |
+-------+-------------------+--------------------+-------------------+------------------------------------+------------------------------------+------------------------------------+------------------------------------+
|   32  | 298.6587324142456 | 194.78512144088745 | 385.3968505859375 | [0.07206212 0.11738227 0.15450944] | [0.05938938 0.07642461 0.08945726] | [0.03260389 0.02687413 0.02378742] | [0.42475054 0.57550208 0.66151951] |
+-------+-------------------+--------------------+-------------------+------------------------------------+------------------------------------+------------------------------------+------------------------------------+
epoch: 33 s: 0 batch_loss 0.6365379095077515 BPR_loss 0.625872015953064 reg_loss 0.01066590752452612
epoch: 33 s: 256000 batch_loss 0.6413641571998596 BPR_loss 0.6308131217956543 reg_loss 0.01055101864039898
epoch: 33 s: 512000 batch_loss 0.6386204957962036 BPR_loss 0.6279042959213257 reg_loss 0.010716196149587631
epoch: 33 s: 768000 batch_loss 0.6375516057014465 BPR_loss 0.626903772354126 reg_loss 0.010647810995578766
epoch: 33 s: 1024000 batch_loss 0.6445239782333374 BPR_loss 0.6338096857070923 reg_loss 0.010714315809309483
+-------+--------------------+----------------+--------------------+------------------------------------+------------------------------------+------------------------------------+------------------------------------+
| Epoch |  training time(s)  | tesing time(s) |        Loss        |               recall               |                ndcg                |             precision              |             hit_ratio              |
+-------+--------------------+----------------+--------------------+------------------------------------+------------------------------------+------------------------------------+------------------------------------+
|   33  | 306.47407031059265 | 183.134765625  | 385.14593505859375 | [0.07180833 0.11729022 0.15450917] | [0.05929647 0.07641402 0.0894567 ] | [0.03253916 0.02686703 0.02376163] | [0.42301377 0.57524946 0.66114058] |
+-------+--------------------+----------------+--------------------+------------------------------------+------------------------------------+------------------------------------+------------------------------------+
epoch: 34 s: 0 batch_loss 0.6319500207901001 BPR_loss 0.6212540864944458 reg_loss 0.010695941746234894
epoch: 34 s: 256000 batch_loss 0.6395492553710938 BPR_loss 0.6288368701934814 reg_loss 0.010712363757193089
epoch: 34 s: 512000 batch_loss 0.6371452808380127 BPR_loss 0.6265061497688293 reg_loss 0.010639132000505924
epoch: 34 s: 768000 batch_loss 0.6341228485107422 BPR_loss 0.6231927275657654 reg_loss 0.010930134914815426
epoch: 34 s: 1024000 batch_loss 0.6348317861557007 BPR_loss 0.6240588426589966 reg_loss 0.010772917419672012
+-------+------------------+--------------------+--------------------+------------------------------------+------------------------------------+------------------------------------+------------------------------------+
| Epoch | training time(s) |   tesing time(s)   |        Loss        |               recall               |                ndcg                |             precision              |             hit_ratio              |
+-------+------------------+--------------------+--------------------+------------------------------------+------------------------------------+------------------------------------+------------------------------------+
|   34  | 300.335382938385 | 133.76778554916382 | 384.99139404296875 | [0.07179627 0.1173668  0.15440429] | [0.0593436  0.07646311 0.08946196] | [0.03255179 0.02686624 0.02377584] | [0.42345585 0.57556524 0.6616774 ] |
+-------+------------------+--------------------+--------------------+------------------------------------+------------------------------------+------------------------------------+------------------------------------+
epoch: 35 s: 0 batch_loss 0.6326737999916077 BPR_loss 0.6218303442001343 reg_loss 0.010843432508409023
epoch: 35 s: 256000 batch_loss 0.6431332230567932 BPR_loss 0.6322286128997803 reg_loss 0.010904613882303238
epoch: 35 s: 512000 batch_loss 0.6373496651649475 BPR_loss 0.6265063285827637 reg_loss 0.010843326337635517
epoch: 35 s: 768000 batch_loss 0.6412349343299866 BPR_loss 0.6303593516349792 reg_loss 0.01087560411542654
epoch: 35 s: 1024000 batch_loss 0.6349754333496094 BPR_loss 0.6241242289543152 reg_loss 0.010851218365132809
+-------+-------------------+-------------------+-------------------+------------------------------------+------------------------------------+------------------------------------+------------------------------------+
| Epoch |  training time(s) |   tesing time(s)  |        Loss       |               recall               |                ndcg                |             precision              |             hit_ratio              |
+-------+-------------------+-------------------+-------------------+------------------------------------+------------------------------------+------------------------------------+------------------------------------+
|   35  | 280.1773452758789 | 148.0273060798645 | 384.7334289550781 | [0.07207824 0.11730025 0.15475333] | [0.05947222 0.07648517 0.08962349] | [0.03263231 0.02688992 0.023839  ] | [0.42430845 0.5753442  0.6622458 ] |
+-------+-------------------+-------------------+-------------------+------------------------------------+------------------------------------+------------------------------------+------------------------------------+
epoch: 36 s: 0 batch_loss 0.6337334513664246 BPR_loss 0.6224249005317688 reg_loss 0.011308577843010426
epoch: 36 s: 256000 batch_loss 0.6307300925254822 BPR_loss 0.6198222041130066 reg_loss 0.010907893069088459
epoch: 36 s: 512000 batch_loss 0.6325154304504395 BPR_loss 0.6213944554328918 reg_loss 0.01112096942961216
epoch: 36 s: 768000 batch_loss 0.6400835514068604 BPR_loss 0.6290304660797119 reg_loss 0.01105308998376131
epoch: 36 s: 1024000 batch_loss 0.6387690901756287 BPR_loss 0.6279892921447754 reg_loss 0.010779771953821182
+-------+--------------------+--------------------+------------------+------------------------------------+------------------------------------+------------------------------------+------------------------------------+
| Epoch |  training time(s)  |   tesing time(s)   |       Loss       |               recall               |                ndcg                |             precision              |             hit_ratio              |
+-------+--------------------+--------------------+------------------+------------------------------------+------------------------------------+------------------------------------+------------------------------------+
|   36  | 300.06641840934753 | 166.75177693367004 | 384.614990234375 | [0.07218581 0.11747464 0.15449922] | [0.05948313 0.07655433 0.08950346] | [0.0326181  0.02692702 0.02375321] | [0.42481369 0.57572313 0.66107743] |
+-------+--------------------+--------------------+------------------+------------------------------------+------------------------------------+------------------------------------+------------------------------------+
epoch: 37 s: 0 batch_loss 0.6296694874763489 BPR_loss 0.6186106204986572 reg_loss 0.011058859527111053
epoch: 37 s: 256000 batch_loss 0.639962911605835 BPR_loss 0.6289095878601074 reg_loss 0.011053301393985748
epoch: 37 s: 512000 batch_loss 0.6297276020050049 BPR_loss 0.6186005473136902 reg_loss 0.011127025820314884
epoch: 37 s: 768000 batch_loss 0.6384770274162292 BPR_loss 0.627281904220581 reg_loss 0.011195139028131962
epoch: 37 s: 1024000 batch_loss 0.6359859108924866 BPR_loss 0.6248708963394165 reg_loss 0.011115036904811859
+-------+-------------------+--------------------+-------------------+------------------------------------+------------------------------------+------------------------------------+------------------------------------+
| Epoch |  training time(s) |   tesing time(s)   |        Loss       |               recall               |                ndcg                |             precision              |             hit_ratio              |
+-------+-------------------+--------------------+-------------------+------------------------------------+------------------------------------+------------------------------------+------------------------------------+
|   37  | 297.9020743370056 | 158.94435214996338 | 384.5297546386719 | [0.07224197 0.11753191 0.15491077] | [0.05959713 0.07664224 0.08971145] | [0.03274757 0.02697992 0.02384426] | [0.42519262 0.57543893 0.66170898] |
+-------+-------------------+--------------------+-------------------+------------------------------------+------------------------------------+------------------------------------+------------------------------------+
epoch: 38 s: 0 batch_loss 0.6333008408546448 BPR_loss 0.6221625804901123 reg_loss 0.011138254776597023
epoch: 38 s: 256000 batch_loss 0.633540689945221 BPR_loss 0.6224057078361511 reg_loss 0.011134960688650608
epoch: 38 s: 512000 batch_loss 0.6323689222335815 BPR_loss 0.6211433410644531 reg_loss 0.011225568130612373
epoch: 38 s: 768000 batch_loss 0.6352056264877319 BPR_loss 0.6240512132644653 reg_loss 0.011154387146234512
epoch: 38 s: 1024000 batch_loss 0.6416069269180298 BPR_loss 0.6304577589035034 reg_loss 0.011149180121719837
+-------+--------------------+--------------------+-------------------+------------------------------------+------------------------------------+------------------------------------+------------------------------------+
| Epoch |  training time(s)  |   tesing time(s)   |        Loss       |               recall               |                ndcg                |             precision              |             hit_ratio              |
+-------+--------------------+--------------------+-------------------+------------------------------------+------------------------------------+------------------------------------+------------------------------------+
|   38  | 295.65751934051514 | 132.61620020866394 | 384.3324279785156 | [0.07224049 0.11767674 0.15466433] | [0.05960852 0.07668118 0.08964747] | [0.03273178 0.02696729 0.02381952] | [0.42424529 0.5753442  0.66145636] |
+-------+--------------------+--------------------+-------------------+------------------------------------+------------------------------------+------------------------------------+------------------------------------+
epoch: 39 s: 0 batch_loss 0.6290635466575623 BPR_loss 0.6177639961242676 reg_loss 0.01129956729710102
epoch: 39 s: 256000 batch_loss 0.635660707950592 BPR_loss 0.6245330572128296 reg_loss 0.01112763024866581
epoch: 39 s: 512000 batch_loss 0.6356749534606934 BPR_loss 0.624309778213501 reg_loss 0.011365171521902084
epoch: 39 s: 768000 batch_loss 0.6276719570159912 BPR_loss 0.6165281534194946 reg_loss 0.011143825016915798
epoch: 39 s: 1024000 batch_loss 0.6300864815711975 BPR_loss 0.618780255317688 reg_loss 0.011306221596896648
+-------+-------------------+--------------------+--------------------+------------------------------------+------------------------------------+------------------------------------+------------------------------------+
| Epoch |  training time(s) |   tesing time(s)   |        Loss        |               recall               |                ndcg                |             precision              |             hit_ratio              |
+-------+-------------------+--------------------+--------------------+------------------------------------+------------------------------------+------------------------------------+------------------------------------+
|   39  | 276.7770187854767 | 144.41136598587036 | 384.09051513671875 | [0.07219521 0.11769103 0.15446818] | [0.05956739 0.07664338 0.0895365 ] | [0.03275704 0.02696413 0.02378374] | [0.42582418 0.57509158 0.66057219] |
+-------+-------------------+--------------------+--------------------+------------------------------------+------------------------------------+------------------------------------+------------------------------------+
epoch: 40 s: 0 batch_loss 0.6291201114654541 BPR_loss 0.6176996827125549 reg_loss 0.011420399881899357
epoch: 40 s: 256000 batch_loss 0.6318218111991882 BPR_loss 0.6204355955123901 reg_loss 0.011386238969862461
epoch: 40 s: 512000 batch_loss 0.6369128823280334 BPR_loss 0.6256524324417114 reg_loss 0.0112604396417737
epoch: 40 s: 768000 batch_loss 0.6355645656585693 BPR_loss 0.624235212802887 reg_loss 0.011329359374940395
epoch: 40 s: 1024000 batch_loss 0.6388635039329529 BPR_loss 0.6276587247848511 reg_loss 0.01120475959032774
+-------+-------------------+--------------------+-------------------+------------------------------------+------------------------------------+------------------------------------+------------------------------------+
| Epoch |  training time(s) |   tesing time(s)   |        Loss       |               recall               |                ndcg                |             precision              |             hit_ratio              |
+-------+-------------------+--------------------+-------------------+------------------------------------+------------------------------------+------------------------------------+------------------------------------+
|   40  | 298.8588607311249 | 155.93659901618958 | 384.0531005859375 | [0.07198471 0.11778403 0.15445717] | [0.0594475  0.07667911 0.08952027] | [0.03264178 0.02699413 0.023769  ] | [0.42494    0.57588102 0.6598459 ] |
+-------+-------------------+--------------------+-------------------+------------------------------------+------------------------------------+------------------------------------+------------------------------------+
epoch: 41 s: 0 batch_loss 0.6311646699905396 BPR_loss 0.6197113990783691 reg_loss 0.011453292332589626
epoch: 41 s: 256000 batch_loss 0.6381756663322449 BPR_loss 0.6266804337501526 reg_loss 0.011495259590446949
epoch: 41 s: 512000 batch_loss 0.6425077319145203 BPR_loss 0.6312757730484009 reg_loss 0.01123197004199028
epoch: 41 s: 768000 batch_loss 0.6333218812942505 BPR_loss 0.6218008995056152 reg_loss 0.011520972475409508
epoch: 41 s: 1024000 batch_loss 0.6330448389053345 BPR_loss 0.621586263179779 reg_loss 0.0114585654810071
+-------+--------------------+--------------------+--------------------+------------------------------------+------------------------------------+------------------------------------+------------------------------------+
| Epoch |  training time(s)  |   tesing time(s)   |        Loss        |               recall               |                ndcg                |             precision              |             hit_ratio              |
+-------+--------------------+--------------------+--------------------+------------------------------------+------------------------------------+------------------------------------+------------------------------------+
|   41  | 307.54397416114807 | 155.71522760391235 | 383.83746337890625 | [0.07187212 0.11791581 0.15425487] | [0.05949977 0.07680381 0.08955899] | [0.03260073 0.02699176 0.02375111] | [0.42437161 0.57720728 0.66022483] |
+-------+--------------------+--------------------+--------------------+------------------------------------+------------------------------------+------------------------------------+------------------------------------+
epoch: 42 s: 0 batch_loss 0.6328767538070679 BPR_loss 0.6216726303100586 reg_loss 0.011204126290977001
epoch: 42 s: 256000 batch_loss 0.6273360848426819 BPR_loss 0.6159200668334961 reg_loss 0.011416040360927582
epoch: 42 s: 512000 batch_loss 0.6315368413925171 BPR_loss 0.6200124025344849 reg_loss 0.011524423956871033
epoch: 42 s: 768000 batch_loss 0.6346940994262695 BPR_loss 0.6231626272201538 reg_loss 0.011531490832567215
epoch: 42 s: 1024000 batch_loss 0.6324917078018188 BPR_loss 0.6209493279457092 reg_loss 0.01154235564172268
+-------+--------------------+--------------------+-------------------+------------------------------------+------------------------------------+------------------------------------+------------------------------------+
| Epoch |  training time(s)  |   tesing time(s)   |        Loss       |               recall               |                ndcg                |             precision              |             hit_ratio              |
+-------+--------------------+--------------------+-------------------+------------------------------------+------------------------------------+------------------------------------+------------------------------------+
|   42  | 296.38189482688904 | 135.85893297195435 | 383.6583557128906 | [0.0718522  0.11772794 0.15447467] | [0.05951493 0.07677021 0.08962844] | [0.0326481  0.02701228 0.0237911 ] | [0.42509789 0.57629152 0.6604143 ] |
+-------+--------------------+--------------------+-------------------+------------------------------------+------------------------------------+------------------------------------+------------------------------------+
epoch: 43 s: 0 batch_loss 0.6291947364807129 BPR_loss 0.6177527904510498 reg_loss 0.011441926471889019
epoch: 43 s: 256000 batch_loss 0.6366521716117859 BPR_loss 0.625151515007019 reg_loss 0.011500662192702293
epoch: 43 s: 512000 batch_loss 0.6304891109466553 BPR_loss 0.6188915967941284 reg_loss 0.011597535572946072
epoch: 43 s: 768000 batch_loss 0.6383276581764221 BPR_loss 0.6268289089202881 reg_loss 0.011498749256134033
epoch: 43 s: 1024000 batch_loss 0.6311624646186829 BPR_loss 0.6195618510246277 reg_loss 0.01160063873976469
+-------+--------------------+--------------------+-------------------+------------------------------------+------------------------------------+------------------------------------+------------------------------------+
| Epoch |  training time(s)  |   tesing time(s)   |        Loss       |               recall               |                ndcg                |             precision              |             hit_ratio              |
+-------+--------------------+--------------------+-------------------+------------------------------------+------------------------------------+------------------------------------+------------------------------------+
|   43  | 275.80376052856445 | 126.89237856864929 | 383.5528259277344 | [0.07175741 0.11749549 0.15437616] | [0.05939278 0.07664084 0.08955322] | [0.03255495 0.02695702 0.023769  ] | [0.4239611  0.57531262 0.66085638] |
+-------+--------------------+--------------------+-------------------+------------------------------------+------------------------------------+------------------------------------+------------------------------------+
epoch: 44 s: 0 batch_loss 0.6332406401634216 BPR_loss 0.6216596364974976 reg_loss 0.01158101111650467
epoch: 44 s: 256000 batch_loss 0.629924476146698 BPR_loss 0.6183546185493469 reg_loss 0.011569840833544731
epoch: 44 s: 512000 batch_loss 0.6372334361076355 BPR_loss 0.6256523132324219 reg_loss 0.011581149883568287
epoch: 44 s: 768000 batch_loss 0.6396854519844055 BPR_loss 0.6282409429550171 reg_loss 0.011444530449807644
epoch: 44 s: 1024000 batch_loss 0.6360849738121033 BPR_loss 0.6244971752166748 reg_loss 0.011587776243686676
+-------+-------------------+-------------------+-------------------+------------------------------------+------------------------------------+------------------------------------+------------------------------------+
| Epoch |  training time(s) |   tesing time(s)  |        Loss       |               recall               |                ndcg                |             precision              |             hit_ratio              |
+-------+-------------------+-------------------+-------------------+------------------------------------+------------------------------------+------------------------------------+------------------------------------+
|   44  | 303.9443771839142 | 152.6030638217926 | 383.4400939941406 | [0.07196372 0.11765996 0.15433576] | [0.05954211 0.07677765 0.08960862] | [0.03260547 0.02700518 0.02376953] | [0.42497158 0.57562839 0.66035114] |
+-------+-------------------+-------------------+-------------------+------------------------------------+------------------------------------+------------------------------------+------------------------------------+
epoch: 45 s: 0 batch_loss 0.6333611011505127 BPR_loss 0.6219533085823059 reg_loss 0.011407773941755295
epoch: 45 s: 256000 batch_loss 0.6375930309295654 BPR_loss 0.6258965134620667 reg_loss 0.011696509085595608
epoch: 45 s: 512000 batch_loss 0.6336672902107239 BPR_loss 0.6220462322235107 reg_loss 0.011621059849858284
epoch: 45 s: 768000 batch_loss 0.6323943734169006 BPR_loss 0.6208593845367432 reg_loss 0.011535003781318665
epoch: 45 s: 1024000 batch_loss 0.6344828605651855 BPR_loss 0.62294602394104 reg_loss 0.011536858044564724
+-------+-------------------+--------------------+-------------------+------------------------------------+------------------------------------+------------------------------------+------------------------------------+
| Epoch |  training time(s) |   tesing time(s)   |        Loss       |               recall               |                ndcg                |             precision              |             hit_ratio              |
+-------+-------------------+--------------------+-------------------+------------------------------------+------------------------------------+------------------------------------+------------------------------------+
|   45  | 305.2000665664673 | 157.48019742965698 | 383.2967224121094 | [0.07155497 0.11708542 0.15402951] | [0.05919847 0.07638936 0.08931354] | [0.03238127 0.02683703 0.02368374] | [0.42295061 0.57408109 0.65959328] |
+-------+-------------------+--------------------+-------------------+------------------------------------+------------------------------------+------------------------------------+------------------------------------+
epoch: 46 s: 0 batch_loss 0.6353141665458679 BPR_loss 0.6235628128051758 reg_loss 0.011751343496143818
epoch: 46 s: 256000 batch_loss 0.6324470043182373 BPR_loss 0.620795488357544 reg_loss 0.011651496402919292
epoch: 46 s: 512000 batch_loss 0.6285046935081482 BPR_loss 0.6166999936103821 reg_loss 0.011804715730249882
epoch: 46 s: 768000 batch_loss 0.6294258236885071 BPR_loss 0.6175026893615723 reg_loss 0.011923142708837986
epoch: 46 s: 1024000 batch_loss 0.6301087737083435 BPR_loss 0.6181375980377197 reg_loss 0.01197119615972042
+-------+--------------------+--------------------+--------------------+------------------------------------+------------------------------------+------------------------------------+------------------------------------+
| Epoch |  training time(s)  |   tesing time(s)   |        Loss        |               recall               |                ndcg                |             precision              |             hit_ratio              |
+-------+--------------------+--------------------+--------------------+------------------------------------+------------------------------------+------------------------------------+------------------------------------+
|   46  | 299.08353877067566 | 152.45755219459534 | 383.18194580078125 | [0.07182529 0.11706929 0.15436081] | [0.05943541 0.07650582 0.08953722] | [0.032536   0.02689781 0.02375847] | [0.42377163 0.57401794 0.65997221] |
+-------+--------------------+--------------------+--------------------+------------------------------------+------------------------------------+------------------------------------+------------------------------------+
epoch: 47 s: 0 batch_loss 0.6331226825714111 BPR_loss 0.6212899684906006 reg_loss 0.011832709424197674
epoch: 47 s: 256000 batch_loss 0.6349751949310303 BPR_loss 0.6232429146766663 reg_loss 0.011732305400073528
epoch: 47 s: 512000 batch_loss 0.6314876079559326 BPR_loss 0.6197375059127808 reg_loss 0.011750122532248497
epoch: 47 s: 768000 batch_loss 0.6292664408683777 BPR_loss 0.617306113243103 reg_loss 0.011960338801145554
epoch: 47 s: 1024000 batch_loss 0.635524570941925 BPR_loss 0.6238113045692444 reg_loss 0.011713288724422455
+-------+--------------------+--------------------+-------------------+------------------------------------+------------------------------------+------------------------------------+------------------------------------+
| Epoch |  training time(s)  |   tesing time(s)   |        Loss       |               recall               |                ndcg                |             precision              |             hit_ratio              |
+-------+--------------------+--------------------+-------------------+------------------------------------+------------------------------------+------------------------------------+------------------------------------+
|   47  | 272.67894434928894 | 123.76716017723083 | 383.1016845703125 | [0.07180061 0.11734668 0.15399926] | [0.05929127 0.07644951 0.0892428 ] | [0.03255968 0.02691439 0.02365637] | [0.42370848 0.57408109 0.658867  ] |
+-------+--------------------+--------------------+-------------------+------------------------------------+------------------------------------+------------------------------------+------------------------------------+
Early stopping is trigger at step: 10 log:0.07180061246135544
early stopping at 47, recall@20:0.0722
