Namespace(K=1, Ks='[20, 40, 60]', batch_size=2048, batch_test_flag=True, context_hops=3, cuda=True, data_path='data/', dataset='ali', dim=64, edge_dropout=False, edge_dropout_rate=0.1, epoch=1000, eps=0.01, gnn='lightgcn', gpu_id=1, l2=0.001, lr=0.001, mess_dropout=False, mess_dropout_rate=0.1, n_negs=32, ns='mixgcf', out_dir='./weights/yelp2018/', pool='mean', save=False, test_batch_size=2048, test_flag='part')
reading train and test user-item set ...
building the adj mat ...
loading over ...
卷积器不需要第0层embedding
拿这个最难的neg_item去和pos_item在每一个维度上进行softmax自适应权重......
start training ...
epoch: 0 s: 0 batch_loss 0.6931480169296265 BPR_loss 0.6931477785110474 reg_loss 2.222623010084135e-07
epoch: 0 s: 256000 batch_loss 0.6917520761489868 BPR_loss 0.6916979551315308 reg_loss 5.4129988711792976e-05
epoch: 0 s: 512000 batch_loss 0.6837605834007263 BPR_loss 0.6832900047302246 reg_loss 0.0004705785831902176
+-------+-------------------+--------------------+--------------------+------------------------------------+------------------------------------+------------------------------------+------------------------------------+
| Epoch |  training time(s) |   tesing time(s)   |        Loss        |               recall               |                ndcg                |             precision              |             hit_ratio              |
+-------+-------------------+--------------------+--------------------+------------------------------------+------------------------------------+------------------------------------+------------------------------------+
|   0   | 42.03356218338013 | 124.3397958278656  | 246.27027893066406 | [0.03557457 0.05769647 0.07554646] | [0.01546241 0.02024737 0.02361327] | [0.002282   0.00185628 0.00163348] | [0.04381998 0.07021124 0.09156969] |
|   0   | 42.03356218338013 | 162.23866200447083 | 246.27027893066406 | [0.0041203  0.00825772 0.01163191] | [0.00164043 0.00250373 0.0031197 ] | [0.0002187  0.00022978 0.00021944] | [0.00431487 0.00899916 0.01287072] |
+-------+-------------------+--------------------+--------------------+------------------------------------+------------------------------------+------------------------------------+------------------------------------+
epoch: 1 s: 0 batch_loss 0.6781373023986816 BPR_loss 0.6772736310958862 reg_loss 0.000863676134031266
epoch: 1 s: 256000 batch_loss 0.6759880781173706 BPR_loss 0.6749173402786255 reg_loss 0.0010707322508096695
epoch: 1 s: 512000 batch_loss 0.6709340810775757 BPR_loss 0.6694142818450928 reg_loss 0.0015198026085272431
+-------+-------------------+--------------------+--------------------+------------------------------------+------------------------------------+------------------------------------+------------------------------------+
| Epoch |  training time(s) |   tesing time(s)   |        Loss        |               recall               |                ndcg                |             precision              |             hit_ratio              |
+-------+-------------------+--------------------+--------------------+------------------------------------+------------------------------------+------------------------------------+------------------------------------+
|   1   | 55.09730410575867 | 287.24368476867676 | 241.96990966796875 | [0.0492254  0.07475586 0.09575581] | [0.02186872 0.02736697 0.03130162] | [0.00305554 0.00233854 0.00201565] | [0.058946   0.08906017 0.11374166] |
|   1   | 55.09730410575867 | 357.4474928379059  | 241.96990966796875 | [0.00596311 0.01124894 0.01644845] | [0.00245056 0.00355636 0.00450214] | [0.00031918 0.00030958 0.00030564] | [0.00630975 0.01220575 0.01799832] |
+-------+-------------------+--------------------+--------------------+------------------------------------+------------------------------------+------------------------------------+------------------------------------+
epoch: 2 s: 0 batch_loss 0.6730989813804626 BPR_loss 0.6715790629386902 reg_loss 0.001519896206445992
epoch: 2 s: 256000 batch_loss 0.6710237860679626 BPR_loss 0.6692358255386353 reg_loss 0.0017879364313557744
epoch: 2 s: 512000 batch_loss 0.666617751121521 BPR_loss 0.6643656492233276 reg_loss 0.002252127742394805
+-------+-------------------+-------------------+--------------------+------------------------------------+------------------------------------+------------------------------------+------------------------------------+
| Epoch |  training time(s) |   tesing time(s)  |        Loss        |               recall               |                ndcg                |             precision              |             hit_ratio              |
+-------+-------------------+-------------------+--------------------+------------------------------------+------------------------------------+------------------------------------+------------------------------------+
|   2   | 65.91212701797485 | 375.6536591053009 | 239.07676696777344 | [0.05764632 0.08637361 0.10806188] | [0.02596587 0.03215453 0.03620995] | [0.00351125 0.00266429 0.00224317] | [0.06796371 0.10191109 0.12693729] |
|   2   | 65.91212701797485 | 357.2304952144623 | 239.07676696777344 | [0.00736126 0.01323274 0.01943955] | [0.00293714 0.00415653 0.0052863 ] | [0.00039159 0.0003613  0.00035982] | [0.00775789 0.01425975 0.02121969] |
+-------+-------------------+-------------------+--------------------+------------------------------------+------------------------------------+------------------------------------+------------------------------------+
epoch: 3 s: 0 batch_loss 0.6643424034118652 BPR_loss 0.6618961691856384 reg_loss 0.002446206519380212
epoch: 3 s: 256000 batch_loss 0.6587430834770203 BPR_loss 0.655897855758667 reg_loss 0.002845236798748374
epoch: 3 s: 512000 batch_loss 0.6574759483337402 BPR_loss 0.6544485092163086 reg_loss 0.003027432132512331
+-------+-------------------+--------------------+--------------------+------------------------------------+------------------------------------+------------------------------------+------------------------------------+
| Epoch |  training time(s) |   tesing time(s)   |        Loss        |               recall               |                ndcg                |             precision              |             hit_ratio              |
+-------+-------------------+--------------------+--------------------+------------------------------------+------------------------------------+------------------------------------+------------------------------------+
|   3   | 64.17706632614136 | 367.52979040145874 | 235.46295166015625 | [0.06256972 0.09340958 0.11553839] | [0.02866922 0.03530583 0.03944126] | [0.00376979 0.00286043 0.00238059] | [0.07329987 0.10959131 0.13494843] |
|   3   | 64.17706632614136 | 367.93966269493103 | 235.46295166015625 | [0.00807055 0.01498799 0.02159624] | [0.00322545 0.00466206 0.00586204] | [0.00042779 0.00040821 0.00039775] | [0.00848196 0.01612164 0.02345101] |
+-------+-------------------+--------------------+--------------------+------------------------------------+------------------------------------+------------------------------------+------------------------------------+
epoch: 4 s: 0 batch_loss 0.6532127261161804 BPR_loss 0.6496539115905762 reg_loss 0.0035588203463703394
epoch: 4 s: 256000 batch_loss 0.6411207318305969 BPR_loss 0.6372814178466797 reg_loss 0.0038392923306673765
epoch: 4 s: 512000 batch_loss 0.6450417637825012 BPR_loss 0.6408038139343262 reg_loss 0.004237952176481485
+-------+-------------------+--------------------+--------------------+------------------------------------+------------------------------------+------------------------------------+------------------------------------+
| Epoch |  training time(s) |   tesing time(s)   |        Loss        |               recall               |                ndcg                |             precision              |             hit_ratio              |
+-------+-------------------+--------------------+--------------------+------------------------------------+------------------------------------+------------------------------------+------------------------------------+
|   4   | 65.39755582809448 | 375.4041905403137  | 230.88723754882812 | [0.06595417 0.09769628 0.12007204] | [0.0302103  0.03703445 0.04121959] | [0.00395317 0.00297488 0.00246194] | [0.07689868 0.11421047 0.13977442] |
|   4   | 65.39755582809448 | 360.18169593811035 | 230.88723754882812 | [0.0088094  0.01618246 0.02322589] | [0.003539   0.00506868 0.00635039] | [0.00046695 0.00043961 0.00042705] | [0.00927992 0.01742201 0.02519469] |
+-------+-------------------+--------------------+--------------------+------------------------------------+------------------------------------+------------------------------------+------------------------------------+
epoch: 5 s: 0 batch_loss 0.6421752572059631 BPR_loss 0.6373664736747742 reg_loss 0.0048087951727211475
epoch: 5 s: 256000 batch_loss 0.6385648846626282 BPR_loss 0.6338297128677368 reg_loss 0.00473519554361701
epoch: 5 s: 512000 batch_loss 0.6280877590179443 BPR_loss 0.622596263885498 reg_loss 0.005491524003446102
+-------+-------------------+--------------------+--------------------+------------------------------------+------------------------------------+------------------------------------+------------------------------------+
| Epoch |  training time(s) |   tesing time(s)   |        Loss        |               recall               |                ndcg                |             precision              |             hit_ratio              |
+-------+-------------------+--------------------+--------------------+------------------------------------+------------------------------------+------------------------------------+------------------------------------+
|   5   | 68.06370735168457 | 370.8327143192291  | 225.88421630859375 | [0.06875917 0.10150948 0.12384317] | [0.03153954 0.03857581 0.04273869] | [0.00410485 0.00308415 0.00252859] | [0.07994595 0.11833324 0.14369036] |
|   5   | 68.06370735168457 | 361.36122822761536 | 225.88421630859375 | [0.00934876 0.01740526 0.02464189] | [0.00372762 0.00540054 0.00671637] | [0.00049577 0.00047249 0.00045193] | [0.00984144 0.01873716 0.02670193] |
+-------+-------------------+--------------------+--------------------+------------------------------------+------------------------------------+------------------------------------+------------------------------------+
epoch: 6 s: 0 batch_loss 0.6217777729034424 BPR_loss 0.6159389019012451 reg_loss 0.005838851444423199
epoch: 6 s: 256000 batch_loss 0.6223184466362 BPR_loss 0.6163997054100037 reg_loss 0.005918725393712521
epoch: 6 s: 512000 batch_loss 0.6172589659690857 BPR_loss 0.6105814576148987 reg_loss 0.006677523721009493
+-------+-------------------+--------------------+--------------------+------------------------------------+------------------------------------+------------------------------------+------------------------------------+
| Epoch |  training time(s) |   tesing time(s)   |        Loss        |               recall               |                ndcg                |             precision              |             hit_ratio              |
+-------+-------------------+--------------------+--------------------+------------------------------------+------------------------------------+------------------------------------+------------------------------------+
|   6   | 65.70866847038269 | 367.8071506023407  | 220.48971557617188 | [0.07081344 0.10345772 0.12619072] | [0.03234471 0.03936072 0.04359739] | [0.00421378 0.00313724 0.00257064] | [0.08211075 0.12031879 0.14625503] |
|   6   | 65.70866847038269 | 364.22251629829407 | 220.48971557617188 | [0.00995707 0.01832266 0.02582416] | [0.00398397 0.00572214 0.00708395] | [0.00052975 0.00049798 0.00047286] | [0.01052118 0.01971244 0.02795797] |
+-------+-------------------+--------------------+--------------------+------------------------------------+------------------------------------+------------------------------------+------------------------------------+
epoch: 7 s: 0 batch_loss 0.6000776886940002 BPR_loss 0.5926673412322998 reg_loss 0.007410370744764805
epoch: 7 s: 256000 batch_loss 0.6067944765090942 BPR_loss 0.5995185375213623 reg_loss 0.007275966461747885
epoch: 7 s: 512000 batch_loss 0.5959140062332153 BPR_loss 0.5877845287322998 reg_loss 0.008129505440592766
+-------+-------------------+--------------------+--------------------+------------------------------------+------------------------------------+------------------------------------+------------------------------------+
| Epoch |  training time(s) |   tesing time(s)   |        Loss        |               recall               |                ndcg                |             precision              |             hit_ratio              |
+-------+-------------------+--------------------+--------------------+------------------------------------+------------------------------------+------------------------------------+------------------------------------+
|   7   | 67.41730499267578 | 370.33917689323425 | 215.31939697265625 | [0.0725148  0.10534581 0.12794093] | [0.03311901 0.04017536 0.04438537] | [0.00430616 0.00319032 0.00260374] | [0.08394463 0.1224698  0.14814406] |
|   7   | 67.41730499267578 | 355.84424352645874 | 215.31939697265625 | [0.01075257 0.01966613 0.02713315] | [0.00421903 0.00606325 0.00741451] | [0.00057335 0.00053419 0.00049552] | [0.01139302 0.02119013 0.02937656] |
+-------+-------------------+--------------------+--------------------+------------------------------------+------------------------------------+------------------------------------+------------------------------------+
epoch: 8 s: 0 batch_loss 0.5963337421417236 BPR_loss 0.5882031917572021 reg_loss 0.008130564354360104
epoch: 8 s: 256000 batch_loss 0.5822121500968933 BPR_loss 0.5731898546218872 reg_loss 0.009022273123264313
epoch: 8 s: 512000 batch_loss 0.5815394520759583 BPR_loss 0.5720866918563843 reg_loss 0.009452775120735168
+-------+-------------------+--------------------+--------------------+------------------------------------+------------------------------------+------------------------------------+------------------------------------+
| Epoch |  training time(s) |   tesing time(s)   |        Loss        |               recall               |                ndcg                |             precision              |             hit_ratio              |
+-------+-------------------+--------------------+--------------------+------------------------------------+------------------------------------+------------------------------------+------------------------------------+
|   8   | 67.09144878387451 | 356.9681429862976  | 210.30709838867188 | [0.07411042 0.10666061 0.12925844] | [0.03383949 0.04082939 0.04504421] | [0.00439234 0.00322204 0.00262557] | [0.08568198 0.12369698 0.14955049] |
|   8   | 67.09144878387451 | 359.91428565979004 | 210.30709838867188 | [0.01142122 0.02014699 0.02816138] | [0.00446458 0.00627522 0.00772325] | [0.00060733 0.00054749 0.00051325] | [0.01207276 0.02170733 0.0304405 ] |
+-------+-------------------+--------------------+--------------------+------------------------------------+------------------------------------+------------------------------------+------------------------------------+
epoch: 9 s: 0 batch_loss 0.57886803150177 BPR_loss 0.5695427656173706 reg_loss 0.00932525284588337
epoch: 9 s: 256000 batch_loss 0.5817484855651855 BPR_loss 0.5714607238769531 reg_loss 0.010287787765264511
epoch: 9 s: 512000 batch_loss 0.574581503868103 BPR_loss 0.5642991662025452 reg_loss 0.010282345116138458
+-------+-------------------+--------------------+--------------------+------------------------------------+------------------------------------+------------------------------------+------------------------------------+
| Epoch |  training time(s) |   tesing time(s)   |        Loss        |               recall               |                ndcg                |             precision              |             hit_ratio              |
+-------+-------------------+--------------------+--------------------+------------------------------------+------------------------------------+------------------------------------+------------------------------------+
|   9   | 65.63780283927917 | 355.35559916496277 | 205.63099670410156 | [0.07503312 0.10806981 0.13071271] | [0.03440834 0.04149396 0.04572234] | [0.00444956 0.00325892 0.00265269] | [0.08675749 0.12502068 0.15114996] |
|   9   | 65.63780283927917 | 367.48406767845154 | 205.63099670410156 | [0.01174385 0.02096761 0.02931029] | [0.00461975 0.00653809 0.0080476 ] | [0.00062433 0.00056928 0.00053443] | [0.01241263 0.02256439 0.03168176] |
+-------+-------------------+--------------------+--------------------+------------------------------------+------------------------------------+------------------------------------+------------------------------------+
epoch: 10 s: 0 batch_loss 0.5638169050216675 BPR_loss 0.5531396269798279 reg_loss 0.010677282698452473
epoch: 10 s: 256000 batch_loss 0.5618658065795898 BPR_loss 0.5507267713546753 reg_loss 0.01113902311772108
epoch: 10 s: 512000 batch_loss 0.5580739378929138 BPR_loss 0.5464739203453064 reg_loss 0.011600003577768803
+-------+-------------------+-------------------+--------------------+------------------------------------+------------------------------------+------------------------------------+------------------------------------+
| Epoch |  training time(s) |   tesing time(s)  |        Loss        |               recall               |                ndcg                |             precision              |             hit_ratio              |
+-------+-------------------+-------------------+--------------------+------------------------------------+------------------------------------+------------------------------------+------------------------------------+
|   10  | 68.53262448310852 | 356.4635407924652 | 201.15997314453125 | [0.07633537 0.10896522 0.13162757] | [0.03486112 0.04186005 0.04608402] | [0.00450816 0.00328236 0.00266303] | [0.0879433  0.12599967 0.1519497 ] |
|   10  | 68.53262448310852 | 360.7357294559479 | 201.15997314453125 | [0.0122241  0.0217365  0.03031449] | [0.00478295 0.00676203 0.00831743] | [0.00065166 0.00058923 0.00055364] | [0.01295938 0.0233919  0.03280481] |
+-------+-------------------+-------------------+--------------------+------------------------------------+------------------------------------+------------------------------------+------------------------------------+
epoch: 11 s: 0 batch_loss 0.5610055327415466 BPR_loss 0.5496348738670349 reg_loss 0.011370659805834293
epoch: 11 s: 256000 batch_loss 0.5491641759872437 BPR_loss 0.5370599031448364 reg_loss 0.012104254215955734
epoch: 11 s: 512000 batch_loss 0.5467773675918579 BPR_loss 0.5345881581306458 reg_loss 0.012189229018986225
+-------+------------------+-------------------+-------------------+------------------------------------+------------------------------------+------------------------------------+------------------------------------+
| Epoch | training time(s) |   tesing time(s)  |        Loss       |               recall               |                ndcg                |             precision              |             hit_ratio              |
+-------+------------------+-------------------+-------------------+------------------------------------+------------------------------------+------------------------------------+------------------------------------+
|   11  | 67.7624626159668 | 357.7441031932831 | 197.1199493408203 | [0.07694153 0.1094299  0.13278353] | [0.03517897 0.04215896 0.04650942] | [0.0045385  0.00329305 0.00268624] | [0.08857757 0.12646848 0.15330098] |
|   11  | 67.7624626159668 | 361.7022395133972 | 197.1199493408203 | [0.01262431 0.02271547 0.03109398] | [0.00495953 0.0070542  0.0085764 ] | [0.00067235 0.00061398 0.00056719] | [0.01337313 0.0243524  0.03360277] |
+-------+------------------+-------------------+-------------------+------------------------------------+------------------------------------+------------------------------------+------------------------------------+
epoch: 12 s: 0 batch_loss 0.5457736849784851 BPR_loss 0.5325664281845093 reg_loss 0.01320723444223404
epoch: 12 s: 256000 batch_loss 0.5393133759498596 BPR_loss 0.5263446569442749 reg_loss 0.012968718074262142
epoch: 12 s: 512000 batch_loss 0.5408585667610168 BPR_loss 0.5278675556182861 reg_loss 0.012991001829504967
+-------+-------------------+--------------------+--------------------+------------------------------------+------------------------------------+------------------------------------+------------------------------------+
| Epoch |  training time(s) |   tesing time(s)   |        Loss        |               recall               |                ndcg                |             precision              |             hit_ratio              |
+-------+-------------------+--------------------+--------------------+------------------------------------+------------------------------------+------------------------------------+------------------------------------+
|   12  | 68.88497757911682 | 365.51210832595825 | 193.19642639160156 | [0.07755042 0.11005479 0.13266756] | [0.0354969  0.04248281 0.04670023] | [0.00456607 0.00330718 0.00267957] | [0.08910154 0.12711654 0.15312173] |
|   12  | 68.88497757911682 | 362.2011890411377  | 193.19642639160156 | [0.0131883  0.02338906 0.03216249] | [0.00514846 0.00726395 0.00885589] | [0.00070412 0.00063171 0.00058689] | [0.01400854 0.02506169 0.0347997 ] |
+-------+-------------------+--------------------+--------------------+------------------------------------+------------------------------------+------------------------------------+------------------------------------+
epoch: 13 s: 0 batch_loss 0.5319643616676331 BPR_loss 0.5182234048843384 reg_loss 0.0137409633025527
epoch: 13 s: 256000 batch_loss 0.532608151435852 BPR_loss 0.5186174511909485 reg_loss 0.013990729115903378
epoch: 13 s: 512000 batch_loss 0.5265156626701355 BPR_loss 0.5121930837631226 reg_loss 0.014322596602141857
+-------+-------------------+--------------------+-------------------+------------------------------------+------------------------------------+------------------------------------+------------------------------------+
| Epoch |  training time(s) |   tesing time(s)   |        Loss       |               recall               |                ndcg                |             precision              |             hit_ratio              |
+-------+-------------------+--------------------+-------------------+------------------------------------+------------------------------------+------------------------------------+------------------------------------+
|   13  | 67.10277605056763 | 351.6199686527252  | 189.6002960205078 | [0.07771423 0.11042335 0.13249195] | [0.03567719 0.04271633 0.04683344] | [0.00457848 0.00331821 0.00267567] | [0.08937731 0.12750262 0.15288732] |
|   13  | 67.10277605056763 | 368.48743081092834 | 189.6002960205078 | [0.01360944 0.02415499 0.03290799] | [0.00531811 0.00750426 0.00909363] | [0.00072629 0.00065166 0.00060068] | [0.01445185 0.02585965 0.03561243] |
+-------+-------------------+--------------------+-------------------+------------------------------------+------------------------------------+------------------------------------+------------------------------------+
epoch: 14 s: 0 batch_loss 0.5231900811195374 BPR_loss 0.5085511207580566 reg_loss 0.014638957567512989
epoch: 14 s: 256000 batch_loss 0.5178967714309692 BPR_loss 0.5030441284179688 reg_loss 0.014852645806968212
epoch: 14 s: 512000 batch_loss 0.5200017094612122 BPR_loss 0.5049402713775635 reg_loss 0.015061439014971256
+-------+-------------------+--------------------+--------------------+------------------------------------+------------------------------------+------------------------------------+------------------------------------+
| Epoch |  training time(s) |   tesing time(s)   |        Loss        |               recall               |                ndcg                |             precision              |             hit_ratio              |
+-------+-------------------+--------------------+--------------------+------------------------------------+------------------------------------+------------------------------------+------------------------------------+
|   14  | 70.08838224411011 | 349.57467103004456 | 186.33033752441406 | [0.07807342 0.11074337 0.13301626] | [0.03603785 0.04307245 0.04722908] | [0.00459848 0.0033258  0.00268831] | [0.08968066 0.12780597 0.1535078 ] |
|   14  | 70.08838224411011 | 370.7259259223938  | 186.33033752441406 | [0.0141291  0.02449128 0.03364251] | [0.0055337  0.00768217 0.00934752] | [0.00075436 0.00066016 0.00061472] | [0.01501337 0.02618474 0.03643994] |
+-------+-------------------+--------------------+--------------------+------------------------------------+------------------------------------+------------------------------------+------------------------------------+
epoch: 15 s: 0 batch_loss 0.5137386918067932 BPR_loss 0.49836963415145874 reg_loss 0.015369074419140816
epoch: 15 s: 256000 batch_loss 0.506644070148468 BPR_loss 0.49153321981430054 reg_loss 0.01511087641119957
epoch: 15 s: 512000 batch_loss 0.5110754370689392 BPR_loss 0.49523717164993286 reg_loss 0.015838267281651497
+-------+-------------------+--------------------+--------------------+------------------------------------+------------------------------------+------------------------------------+------------------------------------+
| Epoch |  training time(s) |   tesing time(s)   |        Loss        |               recall               |                ndcg                |             precision              |             hit_ratio              |
+-------+-------------------+--------------------+--------------------+------------------------------------+------------------------------------+------------------------------------+------------------------------------+
|   15  | 66.29100847244263 | 366.76223850250244 | 183.16787719726562 | [0.07833688 0.11090272 0.13264776] | [0.03625742 0.04325885 0.04732608] | [0.0046102  0.0033258  0.00268233] | [0.08999779 0.12775081 0.15310794] |
|   15  | 66.29100847244263 | 313.2958245277405  | 183.16787719726562 | [0.01434336 0.02499235 0.03420896] | [0.00568068 0.00789687 0.00957227] | [0.00076471 0.00067457 0.00062408] | [0.01520547 0.02677582 0.03700146] |
+-------+-------------------+--------------------+--------------------+------------------------------------+------------------------------------+------------------------------------+------------------------------------+
epoch: 16 s: 0 batch_loss 0.5066500902175903 BPR_loss 0.49054431915283203 reg_loss 0.016105765476822853
epoch: 16 s: 256000 batch_loss 0.5081300735473633 BPR_loss 0.49164581298828125 reg_loss 0.01648426055908203
epoch: 16 s: 512000 batch_loss 0.5029052495956421 BPR_loss 0.48660409450531006 reg_loss 0.01630113460123539
+-------+-------------------+-------------------+--------------------+------------------------------------+------------------------------------+------------------------------------+------------------------------------+
| Epoch |  training time(s) |   tesing time(s)  |        Loss        |               recall               |                ndcg                |             precision              |             hit_ratio              |
+-------+-------------------+-------------------+--------------------+------------------------------------+------------------------------------+------------------------------------+------------------------------------+
|   16  | 62.44358777999878 | 258.8322958946228 | 180.24786376953125 | [0.0780596  0.1107822  0.13260117] | [0.03640387 0.04344383 0.04752017] | [0.00459503 0.00332373 0.0026798 ] | [0.0896255  0.12769566 0.15294247] |
|   16  | 62.44358777999878 | 224.5914022922516 | 180.24786376953125 | [0.01472461 0.02546275 0.03481186] | [0.00583232 0.00806715 0.00976478] | [0.00078244 0.00068713 0.00063467] | [0.01556012 0.02727824 0.03762209] |
+-------+-------------------+-------------------+--------------------+------------------------------------+------------------------------------+------------------------------------+------------------------------------+
epoch: 17 s: 0 batch_loss 0.49842369556427 BPR_loss 0.48160070180892944 reg_loss 0.016822978854179382
epoch: 17 s: 256000 batch_loss 0.4963141977787018 BPR_loss 0.4794282913208008 reg_loss 0.016885893419384956
epoch: 17 s: 512000 batch_loss 0.4901219308376312 BPR_loss 0.4727631211280823 reg_loss 0.017358804121613503
+-------+--------------------+--------------------+--------------------+------------------------------------+------------------------------------+------------------------------------+------------------------------------+
| Epoch |  training time(s)  |   tesing time(s)   |        Loss        |               recall               |                ndcg                |             precision              |             hit_ratio              |
+-------+--------------------+--------------------+--------------------+------------------------------------+------------------------------------+------------------------------------+------------------------------------+
|   17  | 51.638251304626465 | 184.68774557113647 | 177.84950256347656 | [0.07810516 0.11048259 0.13223461] | [0.0364528  0.04341915 0.04748476] | [0.00459365 0.00331097 0.00266946] | [0.08965308 0.12729579 0.15240472] |
|   17  | 51.638251304626465 | 221.88073182106018 | 177.84950256347656 | [0.01510684 0.02583699 0.03540064] | [0.00595709 0.0081905  0.00992949] | [0.00080387 0.00069636 0.00064624] | [0.01598865 0.02764766 0.03833139] |
+-------+--------------------+--------------------+--------------------+------------------------------------+------------------------------------+------------------------------------+------------------------------------+
epoch: 18 s: 0 batch_loss 0.48904144763946533 BPR_loss 0.47160670161247253 reg_loss 0.017434755340218544
epoch: 18 s: 256000 batch_loss 0.4905758202075958 BPR_loss 0.47265487909317017 reg_loss 0.01792093552649021
epoch: 18 s: 512000 batch_loss 0.4973277449607849 BPR_loss 0.4798600673675537 reg_loss 0.01746768318116665
+-------+------------------+--------------------+--------------------+------------------------------------+------------------------------------+------------------------------------+------------------------------------+
| Epoch | training time(s) |   tesing time(s)   |        Loss        |               recall               |                ndcg                |             precision              |             hit_ratio              |
+-------+------------------+--------------------+--------------------+------------------------------------+------------------------------------+------------------------------------+------------------------------------+
|   18  | 51.9643976688385 | 192.3662145137787  | 175.29107666015625 | [0.07830239 0.11062783 0.13235846] | [0.03650736 0.04345385 0.04751628] | [0.00460399 0.00331304 0.00267199] | [0.08977718 0.127282   0.15251503] |
|   18  | 51.9643976688385 | 216.83922290802002 | 175.29107666015625 | [0.0153014  0.02636527 0.03573805] | [0.00605689 0.00835952 0.01006744] | [0.00081421 0.0007104  0.00065388] | [0.01619553 0.02817963 0.03878947] |
+-------+------------------+--------------------+--------------------+------------------------------------+------------------------------------+------------------------------------+------------------------------------+
epoch: 19 s: 0 batch_loss 0.4832681119441986 BPR_loss 0.4651373028755188 reg_loss 0.018130801618099213
epoch: 19 s: 256000 batch_loss 0.47870996594429016 BPR_loss 0.46029016375541687 reg_loss 0.018419796600937843
epoch: 19 s: 512000 batch_loss 0.47968825697898865 BPR_loss 0.4615049362182617 reg_loss 0.01818331703543663
+-------+--------------------+--------------------+--------------------+------------------------------------+------------------------------------+------------------------------------+------------------------------------+
| Epoch |  training time(s)  |   tesing time(s)   |        Loss        |               recall               |                ndcg                |             precision              |             hit_ratio              |
+-------+--------------------+--------------------+--------------------+------------------------------------+------------------------------------+------------------------------------+------------------------------------+
|   19  | 50.844127893447876 | 187.5880250930786  | 173.03961181640625 | [0.07862593 0.11046109 0.13193238] | [0.0367096  0.04354431 0.04755521] | [0.00462812 0.00331063 0.0026628 ] | [0.09024599 0.12726821 0.1519497 ] |
|   19  | 50.844127893447876 | 209.91558051109314 | 173.03961181640625 | [0.01561233 0.02669909 0.03620106] | [0.00617357 0.00848242 0.01021053] | [0.0008312  0.00072038 0.00066151] | [0.01652062 0.02856383 0.03924756] |
+-------+--------------------+--------------------+--------------------+------------------------------------+------------------------------------+------------------------------------+------------------------------------+
epoch: 20 s: 0 batch_loss 0.47966253757476807 BPR_loss 0.4612799882888794 reg_loss 0.018382538110017776
epoch: 20 s: 256000 batch_loss 0.4810447096824646 BPR_loss 0.46253716945648193 reg_loss 0.018507538363337517
epoch: 20 s: 512000 batch_loss 0.4691300690174103 BPR_loss 0.4501544237136841 reg_loss 0.018975649029016495
+-------+-------------------+--------------------+--------------------+------------------------------------+------------------------------------+------------------------------------+------------------------------------+
| Epoch |  training time(s) |   tesing time(s)   |        Loss        |               recall               |                ndcg                |             precision              |             hit_ratio              |
+-------+-------------------+--------------------+--------------------+------------------------------------+------------------------------------+------------------------------------+------------------------------------+
|   20  | 50.86173176765442 | 194.32474994659424 | 170.93653869628906 | [0.07847852 0.11017019 0.13167689] | [0.03671231 0.04352674 0.04753913] | [0.00461709 0.00330201 0.00265544] | [0.09005295 0.12699244 0.1515912 ] |
|   20  | 50.86173176765442 | 172.58608770370483 | 170.93653869628906 | [0.01599456 0.0270562  0.0363897 ] | [0.00632664 0.00862296 0.01032614] | [0.00085189 0.00072887 0.00066669] | [0.01693438 0.0289037  0.0395431 ] |
+-------+-------------------+--------------------+--------------------+------------------------------------+------------------------------------+------------------------------------+------------------------------------+
epoch: 21 s: 0 batch_loss 0.47626256942749023 BPR_loss 0.45729780197143555 reg_loss 0.018964774906635284
epoch: 21 s: 256000 batch_loss 0.4873991310596466 BPR_loss 0.4681868851184845 reg_loss 0.019212258979678154
epoch: 21 s: 512000 batch_loss 0.4685724675655365 BPR_loss 0.4494091272354126 reg_loss 0.0191633477807045
+-------+--------------------+--------------------+--------------------+------------------------------------+------------------------------------+------------------------------------+------------------------------------+
| Epoch |  training time(s)  |   tesing time(s)   |        Loss        |               recall               |                ndcg                |             precision              |             hit_ratio              |
+-------+--------------------+--------------------+--------------------+------------------------------------+------------------------------------+------------------------------------+------------------------------------+
|   21  | 46.783597469329834 | 148.31070613861084 | 169.03488159179688 | [0.07887191 0.11016065 0.13156443] | [0.03690999 0.04362074 0.04761638] | [0.00464743 0.00329994 0.00265452] | [0.09048039 0.12689592 0.15150847] |
|   21  | 46.783597469329834 | 141.53374648094177 | 169.03488159179688 | [0.01625821 0.02761034 0.03667022] | [0.00646525 0.00881968 0.01047253] | [0.00086371 0.00074476 0.00067186] | [0.01717081 0.02952433 0.03982386] |
+-------+--------------------+--------------------+--------------------+------------------------------------+------------------------------------+------------------------------------+------------------------------------+
epoch: 22 s: 0 batch_loss 0.4653155207633972 BPR_loss 0.44560426473617554 reg_loss 0.01971125230193138
epoch: 22 s: 256000 batch_loss 0.4618076980113983 BPR_loss 0.44183844327926636 reg_loss 0.019969258457422256
epoch: 22 s: 512000 batch_loss 0.4636523723602295 BPR_loss 0.44359588623046875 reg_loss 0.02005649544298649
+-------+-------------------+--------------------+--------------------+------------------------------------+------------------------------------+------------------------------------+------------------------------------+
| Epoch |  training time(s) |   tesing time(s)   |        Loss        |               recall               |                ndcg                |             precision              |             hit_ratio              |
+-------+-------------------+--------------------+--------------------+------------------------------------+------------------------------------+------------------------------------+------------------------------------+
|   22  | 44.10186791419983 | 145.44506573677063 | 167.21755981445312 | [0.0786585  0.10973864 0.13113799] | [0.03679163 0.04347373 0.04746533] | [0.00462605 0.00328753 0.00264418] | [0.09016326 0.12645469 0.15094314] |
|   22  | 44.10186791419983 | 140.77055430412292 | 167.21755981445312 | [0.01653404 0.02747488 0.03691798] | [0.00657243 0.00884673 0.01057208] | [0.00087923 0.00074106 0.00067703] | [0.01748112 0.02940611 0.04013417] |
+-------+-------------------+--------------------+--------------------+------------------------------------+------------------------------------+------------------------------------+------------------------------------+
epoch: 23 s: 0 batch_loss 0.4657570421695709 BPR_loss 0.445676326751709 reg_loss 0.02008071169257164
epoch: 23 s: 256000 batch_loss 0.4597870111465454 BPR_loss 0.43951964378356934 reg_loss 0.02026738040149212
epoch: 23 s: 512000 batch_loss 0.45524489879608154 BPR_loss 0.4348412752151489 reg_loss 0.02040361799299717
+-------+-------------------+-------------------+-----------------+------------------------------------+------------------------------------+------------------------------------+------------------------------------+
| Epoch |  training time(s) |   tesing time(s)  |       Loss      |               recall               |                ndcg                |             precision              |             hit_ratio              |
+-------+-------------------+-------------------+-----------------+------------------------------------+------------------------------------+------------------------------------+------------------------------------+
|   23  | 44.74863362312317 | 138.5149073600769 | 165.58544921875 | [0.07856956 0.10959122 0.13076937] | [0.03680333 0.04347053 0.04742284] | [0.00462123 0.0032834  0.00263775] | [0.09005295 0.12633059 0.15052948] |
|   23  | 44.74863362312317 | 143.0745289325714 | 165.58544921875 | [0.01693548 0.02785711 0.03694654] | [0.00671229 0.00897583 0.01063434] | [0.00090065 0.00075104 0.00067629] | [0.01792443 0.02979032 0.04008984] |
+-------+-------------------+-------------------+-----------------+------------------------------------+------------------------------------+------------------------------------+------------------------------------+
epoch: 24 s: 0 batch_loss 0.4673732817173004 BPR_loss 0.44685351848602295 reg_loss 0.02051977626979351
epoch: 24 s: 256000 batch_loss 0.4566839039325714 BPR_loss 0.43607068061828613 reg_loss 0.020613236352801323
epoch: 24 s: 512000 batch_loss 0.4591158628463745 BPR_loss 0.4385395348072052 reg_loss 0.020576342940330505
+-------+-------------------+--------------------+--------------------+------------------------------------+------------------------------------+------------------------------------+------------------------------------+
| Epoch |  training time(s) |   tesing time(s)   |        Loss        |               recall               |                ndcg                |             precision              |             hit_ratio              |
+-------+-------------------+--------------------+--------------------+------------------------------------+------------------------------------+------------------------------------+------------------------------------+
|   24  | 43.24372911453247 | 142.70336437225342 | 164.01101684570312 | [0.0783355  0.10928182 0.13032191] | [0.03681236 0.04346602 0.04738945] | [0.00460813 0.00327271 0.00262764] | [0.08979097 0.12593073 0.14996415] |
|   24  | 43.24372911453247 | 145.49777817726135 | 164.01101684570312 | [0.01699459 0.02797533 0.03711192] | [0.00673679 0.00902031 0.01068943] | [0.00090287 0.00075436 0.00068097] | [0.01796876 0.02990853 0.04035583] |
+-------+-------------------+--------------------+--------------------+------------------------------------+------------------------------------+------------------------------------+------------------------------------+
epoch: 25 s: 0 batch_loss 0.4446489214897156 BPR_loss 0.4238632321357727 reg_loss 0.020785674452781677
epoch: 25 s: 256000 batch_loss 0.46104782819747925 BPR_loss 0.43971681594848633 reg_loss 0.021331023424863815
epoch: 25 s: 512000 batch_loss 0.45408785343170166 BPR_loss 0.43264615535736084 reg_loss 0.021441685035824776
+-------+------------------+--------------------+-----------------+------------------------------------+------------------------------------+------------------------------------+------------------------------------+
| Epoch | training time(s) |   tesing time(s)   |       Loss      |               recall               |                ndcg                |             precision              |             hit_ratio              |
+-------+------------------+--------------------+-----------------+------------------------------------+------------------------------------+------------------------------------+------------------------------------+
|   25  | 43.9640166759491 | 140.35505437850952 | 162.60986328125 | [0.07806663 0.10905625 0.12987813] | [0.03677057 0.04343045 0.04731799] | [0.00459572 0.00326271 0.00261982] | [0.08957035 0.12553086 0.14960565] |
|   25  | 43.9640166759491 | 149.7296221256256  | 162.60986328125 | [0.01706786 0.02835756 0.03707313] | [0.00676446 0.00911012 0.01070589] | [0.00090804 0.00076434 0.00068072] | [0.0180722  0.03030751 0.04032627] |
+-------+------------------+--------------------+-----------------+------------------------------------+------------------------------------+------------------------------------+------------------------------------+
epoch: 26 s: 0 batch_loss 0.45322248339653015 BPR_loss 0.43215110898017883 reg_loss 0.02107136696577072
epoch: 26 s: 256000 batch_loss 0.4530503451824188 BPR_loss 0.4316045939922333 reg_loss 0.021445758640766144
epoch: 26 s: 512000 batch_loss 0.44714781641960144 BPR_loss 0.4254974126815796 reg_loss 0.021650392562150955
+-------+-------------------+--------------------+-------------------+------------------------------------+------------------------------------+------------------------------------+------------------------------------+
| Epoch |  training time(s) |   tesing time(s)   |        Loss       |               recall               |                ndcg                |             precision              |             hit_ratio              |
+-------+-------------------+--------------------+-------------------+------------------------------------+------------------------------------+------------------------------------+------------------------------------+
|   26  | 43.37847971916199 | 140.8963806629181  | 161.2747039794922 | [0.07811527 0.1086472  0.12912209] | [0.03680388 0.04337201 0.0471969 ] | [0.00459779 0.00325306 0.0026042 ] | [0.08958414 0.12510341 0.14870939] |
|   26  | 43.37847971916199 | 143.39888620376587 | 161.2747039794922 | [0.01722548 0.02852749 0.0371778 ] | [0.00680269 0.00915441 0.01073861] | [0.00091469 0.00076914 0.00068269] | [0.01819042 0.03048483 0.04044449] |
+-------+-------------------+--------------------+-------------------+------------------------------------+------------------------------------+------------------------------------+------------------------------------+
epoch: 27 s: 0 batch_loss 0.4329841136932373 BPR_loss 0.4111165702342987 reg_loss 0.021867550909519196
epoch: 27 s: 256000 batch_loss 0.4454438090324402 BPR_loss 0.4236266016960144 reg_loss 0.021817201748490334
epoch: 27 s: 512000 batch_loss 0.44698676466941833 BPR_loss 0.424773246049881 reg_loss 0.0222135279327631
+-------+--------------------+--------------------+-------------------+------------------------------------+------------------------------------+------------------------------------+------------------------------------+
| Epoch |  training time(s)  |   tesing time(s)   |        Loss       |               recall               |                ndcg                |             precision              |             hit_ratio              |
+-------+--------------------+--------------------+-------------------+------------------------------------+------------------------------------+------------------------------------+------------------------------------+
|   27  | 43.243197441101074 | 144.62366437911987 | 160.0724334716797 | [0.07814698 0.10804945 0.12886742] | [0.03679181 0.04322544 0.0471121 ] | [0.00459848 0.00323514 0.0025996 ] | [0.08955656 0.12453808 0.14840604] |
|   27  | 43.243197441101074 | 144.98673057556152 | 160.0724334716797 | [0.01744283 0.02859842 0.03737865] | [0.00689904 0.00922265 0.01083011] | [0.00092504 0.00077062 0.00068639] | [0.01841207 0.03055872 0.04066614] |
+-------+--------------------+--------------------+-------------------+------------------------------------+------------------------------------+------------------------------------+------------------------------------+
epoch: 28 s: 0 batch_loss 0.4416968524456024 BPR_loss 0.4195626378059387 reg_loss 0.02213422767817974
epoch: 28 s: 256000 batch_loss 0.4441355764865875 BPR_loss 0.4221636652946472 reg_loss 0.021971918642520905
epoch: 28 s: 512000 batch_loss 0.4490033984184265 BPR_loss 0.4269218444824219 reg_loss 0.022081557661294937
+-------+-------------------+--------------------+--------------------+------------------------------------+------------------------------------+------------------------------------+------------------------------------+
| Epoch |  training time(s) |   tesing time(s)   |        Loss        |               recall               |                ndcg                |             precision              |             hit_ratio              |
+-------+-------------------+--------------------+--------------------+------------------------------------+------------------------------------+------------------------------------+------------------------------------+
|   28  | 43.30825209617615 | 142.91541862487793 | 158.89312744140625 | [0.07809328 0.10788799 0.12848953] | [0.03683034 0.04323903 0.04708191] | [0.00459917 0.00322997 0.00259018] | [0.08957035 0.12422095 0.14789587] |
|   28  | 43.30825209617615 |  117.703280210495  | 158.89312744140625 | [0.01740896 0.02878527 0.03754206] | [0.0069271  0.00929575 0.01089812] | [0.00092356 0.00077579 0.00068934] | [0.01838252 0.03076559 0.04079914] |
+-------+-------------------+--------------------+--------------------+------------------------------------+------------------------------------+------------------------------------+------------------------------------+
epoch: 29 s: 0 batch_loss 0.4477718472480774 BPR_loss 0.4251527190208435 reg_loss 0.022619139403104782
epoch: 29 s: 256000 batch_loss 0.43544092774391174 BPR_loss 0.41262829303741455 reg_loss 0.022812623530626297
epoch: 29 s: 512000 batch_loss 0.44512006640434265 BPR_loss 0.42247122526168823 reg_loss 0.02264884114265442
+-------+------------------+--------------------+--------------------+------------------------------------+------------------------------------+------------------------------------+------------------------------------+
| Epoch | training time(s) |   tesing time(s)   |        Loss        |               recall               |                ndcg                |             precision              |             hit_ratio              |
+-------+------------------+--------------------+--------------------+------------------------------------+------------------------------------+------------------------------------+------------------------------------+
|   29  | 41.3082013130188 | 124.6420030593872  | 157.88027954101562 | [0.07800517 0.10727415 0.12807658] | [0.03669181 0.04299191 0.04687276] | [0.00459572 0.00321204 0.00258236] | [0.08947383 0.12350394 0.14745464] |
|   29  | 41.3082013130188 | 121.02911853790283 | 157.88027954101562 | [0.01762507 0.02897083 0.03757974] | [0.0069925  0.00935174 0.01092899] | [0.00093464 0.00078096 0.00069058] | [0.01861895 0.03095769 0.04085824] |
+-------+------------------+--------------------+--------------------+------------------------------------+------------------------------------+------------------------------------+------------------------------------+
epoch: 30 s: 0 batch_loss 0.43415185809135437 BPR_loss 0.4118746519088745 reg_loss 0.02227720245718956
epoch: 30 s: 256000 batch_loss 0.4410865604877472 BPR_loss 0.4186221659183502 reg_loss 0.022464407607913017
epoch: 30 s: 512000 batch_loss 0.43215271830558777 BPR_loss 0.4091341197490692 reg_loss 0.02301860600709915
+-------+------------------+--------------------+-------------------+------------------------------------+------------------------------------+------------------------------------+------------------------------------+
| Epoch | training time(s) |   tesing time(s)   |        Loss       |               recall               |                ndcg                |             precision              |             hit_ratio              |
+-------+------------------+--------------------+-------------------+------------------------------------+------------------------------------+------------------------------------+------------------------------------+
|   30  | 41.1964066028595 | 127.97423338890076 | 156.8407440185547 | [0.07772789 0.10668822 0.1275858 ] | [0.03660962 0.04284341 0.04673834] | [0.00458262 0.00319446 0.00257087] | [0.08930837 0.12286967 0.14684794] |
|   30  | 41.1964066028595 | 116.38108730316162 | 156.8407440185547 | [0.01780855 0.02903177 0.03771199] | [0.0070566  0.00939026 0.01097989] | [0.00094351 0.00078355 0.00069353] | [0.01879627 0.03106113 0.04103557] |
+-------+------------------+--------------------+-------------------+------------------------------------+------------------------------------+------------------------------------+------------------------------------+
epoch: 31 s: 0 batch_loss 0.4448571801185608 BPR_loss 0.42168307304382324 reg_loss 0.023174118250608444
epoch: 31 s: 256000 batch_loss 0.43797796964645386 BPR_loss 0.41494232416152954 reg_loss 0.023035652935504913
epoch: 31 s: 512000 batch_loss 0.44194668531417847 BPR_loss 0.41899722814559937 reg_loss 0.022949444130063057
+-------+-------------------+--------------------+------------------+------------------------------------+------------------------------------+------------------------------------+------------------------------------+
| Epoch |  training time(s) |   tesing time(s)   |       Loss       |               recall               |                ndcg                |             precision              |             hit_ratio              |
+-------+-------------------+--------------------+------------------+------------------------------------+------------------------------------+------------------------------------+------------------------------------+
|   31  | 41.09321641921997 | 129.58382081985474 | 155.970458984375 | [0.07727342 0.10641613 0.12699843] | [0.03654721 0.04282431 0.04667226] | [0.00455711 0.00318515 0.0025626 ] | [0.08867409 0.1224698  0.14636534] |
|   31  | 41.09321641921997 | 122.43724083900452 | 155.970458984375 | [0.01793416 0.02900468 0.03781543] | [0.00710729 0.00941033 0.01102369] | [0.00095164 0.00078318 0.00069526] | [0.01894404 0.03103158 0.04112423] |
+-------+-------------------+--------------------+------------------+------------------------------------+------------------------------------+------------------------------------+------------------------------------+
epoch: 32 s: 0 batch_loss 0.4286305904388428 BPR_loss 0.40530431270599365 reg_loss 0.023326274007558823
epoch: 32 s: 256000 batch_loss 0.4334453046321869 BPR_loss 0.4098978042602539 reg_loss 0.02354748733341694
epoch: 32 s: 512000 batch_loss 0.4335116744041443 BPR_loss 0.4100283980369568 reg_loss 0.023483285680413246
+-------+--------------------+--------------------+--------------------+------------------------------------+------------------------------------+------------------------------------+------------------------------------+
| Epoch |  training time(s)  |   tesing time(s)   |        Loss        |               recall               |                ndcg                |             precision              |             hit_ratio              |
+-------+--------------------+--------------------+--------------------+------------------------------------+------------------------------------+------------------------------------+------------------------------------+
|   32  | 41.282918214797974 | 128.06061601638794 | 155.08258056640625 | [0.07750336 0.1063039  0.12703223] | [0.03655748 0.04275664 0.04663196] | [0.00457366 0.00318481 0.00256582] | [0.0890326  0.12241465 0.14632398] |
|   32  | 41.282918214797974 | 122.8564190864563  | 155.08258056640625 | [0.01810902 0.02906133 0.03793994] | [0.00715504 0.00943321 0.01105913] | [0.00095976 0.00078539 0.00069895] | [0.01910659 0.03113502 0.04130155] |
+-------+--------------------+--------------------+--------------------+------------------------------------+------------------------------------+------------------------------------+------------------------------------+
epoch: 33 s: 0 batch_loss 0.4334031045436859 BPR_loss 0.4098718464374542 reg_loss 0.023531261831521988
epoch: 33 s: 256000 batch_loss 0.4350169599056244 BPR_loss 0.41150566935539246 reg_loss 0.02351129986345768
epoch: 33 s: 512000 batch_loss 0.42381513118743896 BPR_loss 0.4001721441745758 reg_loss 0.02364298701286316
+-------+--------------------+--------------------+--------------------+------------------------------------+------------------------------------+------------------------------------+------------------------------------+
| Epoch |  training time(s)  |   tesing time(s)   |        Loss        |               recall               |                ndcg                |             precision              |             hit_ratio              |
+-------+--------------------+--------------------+--------------------+------------------------------------+------------------------------------+------------------------------------+------------------------------------+
|   33  | 41.264482259750366 | 126.83916974067688 | 154.22750854492188 | [0.07739637 0.10625748 0.12654101] | [0.03644795 0.04265795 0.04644917] | [0.00456676 0.00318377 0.00255525] | [0.08888092 0.12240086 0.14573107] |
|   33  | 41.264482259750366 | 118.07672262191772 | 154.22750854492188 | [0.01803883 0.02921648 0.03801075] | [0.00714902 0.00947343 0.01108617] | [0.00095607 0.00078983 0.00070092] | [0.0190327  0.03129756 0.04141977] |
+-------+--------------------+--------------------+--------------------+------------------------------------+------------------------------------+------------------------------------+------------------------------------+
epoch: 34 s: 0 batch_loss 0.431577205657959 BPR_loss 0.40779465436935425 reg_loss 0.023782553151249886
epoch: 34 s: 256000 batch_loss 0.4296051859855652 BPR_loss 0.405612587928772 reg_loss 0.023992588743567467
epoch: 34 s: 512000 batch_loss 0.4287946820259094 BPR_loss 0.4049411416053772 reg_loss 0.023853549733757973
+-------+-------------------+--------------------+--------------------+------------------------------------+------------------------------------+------------------------------------+------------------------------------+
| Epoch |  training time(s) |   tesing time(s)   |        Loss        |               recall               |                ndcg                |             precision              |             hit_ratio              |
+-------+-------------------+--------------------+--------------------+------------------------------------+------------------------------------+------------------------------------+------------------------------------+
|   34  | 41.40545058250427 | 127.20091032981873 | 153.56301879882812 | [0.07710947 0.10568614 0.12605771] | [0.03642005 0.04257188 0.04637417] | [0.00454677 0.00316516 0.00254238] | [0.08852242 0.12173901 0.14508301] |
|   34  | 41.40545058250427 | 116.84803581237793 | 153.56301879882812 | [0.01806469 0.02903916 0.03802772] | [0.00718017 0.00946306 0.0111106 ] | [0.00095902 0.00078539 0.00070043] | [0.01909181 0.03112024 0.04139021] |
+-------+-------------------+--------------------+--------------------+------------------------------------+------------------------------------+------------------------------------+------------------------------------+
epoch: 35 s: 0 batch_loss 0.4316006898880005 BPR_loss 0.4075990319252014 reg_loss 0.024001646786928177
epoch: 35 s: 256000 batch_loss 0.43649259209632874 BPR_loss 0.4124554395675659 reg_loss 0.024037158116698265
epoch: 35 s: 512000 batch_loss 0.4342312216758728 BPR_loss 0.4100203812122345 reg_loss 0.02421083115041256
+-------+--------------------+--------------------+--------------------+------------------------------------+------------------------------------+------------------------------------+------------------------------------+
| Epoch |  training time(s)  |   tesing time(s)   |        Loss        |               recall               |                ndcg                |             precision              |             hit_ratio              |
+-------+--------------------+--------------------+--------------------+------------------------------------+------------------------------------+------------------------------------+------------------------------------+
|   35  | 40.730347871780396 | 124.32327795028687 | 152.81044006347656 | [0.07674647 0.10582709 0.12589671] | [0.03631357 0.04256577 0.04631122] | [0.00452678 0.00316895 0.00254008] | [0.08803982 0.12176659 0.14483481] |
|   35  | 40.730347871780396 | 121.80766129493713 | 152.81044006347656 | [0.01804806 0.02896886 0.03840629] | [0.00720918 0.00948399 0.01121053] | [0.00095828 0.00078318 0.00070757] | [0.01907703 0.03104636 0.04181875] |
+-------+--------------------+--------------------+--------------------+------------------------------------+------------------------------------+------------------------------------+------------------------------------+
epoch: 36 s: 0 batch_loss 0.4256521165370941 BPR_loss 0.4014412462711334 reg_loss 0.024210870265960693
epoch: 36 s: 256000 batch_loss 0.41871291399002075 BPR_loss 0.3944389224052429 reg_loss 0.024273985996842384
epoch: 36 s: 512000 batch_loss 0.42527440190315247 BPR_loss 0.4011101722717285 reg_loss 0.024164218455553055
+-------+--------------------+--------------------+--------------------+------------------------------------+------------------------------------+------------------------------------+------------------------------------+
| Epoch |  training time(s)  |   tesing time(s)   |        Loss        |               recall               |                ndcg                |             precision              |             hit_ratio              |
+-------+--------------------+--------------------+--------------------+------------------------------------+------------------------------------+------------------------------------+------------------------------------+
|   36  | 41.410767555236816 | 123.88100481033325 | 152.09832763671875 | [0.07662516 0.10551899 0.12561852] | [0.03621729 0.0424331  0.04618642] | [0.00452264 0.00316171 0.00253571] | [0.08797088 0.12146324 0.14460041] |
|   36  | 41.410767555236816 | 116.22424054145813 | 152.09832763671875 | [0.01794463 0.02910566 0.03827464] | [0.0071802  0.00950436 0.01118   ] | [0.00095385 0.00078798 0.00070511] | [0.01898837 0.03122368 0.04164142] |
+-------+--------------------+--------------------+--------------------+------------------------------------+------------------------------------+------------------------------------+------------------------------------+
epoch: 37 s: 0 batch_loss 0.42374908924102783 BPR_loss 0.39923498034477234 reg_loss 0.024514105170965195
epoch: 37 s: 256000 batch_loss 0.42079418897628784 BPR_loss 0.39640331268310547 reg_loss 0.024390870705246925
epoch: 37 s: 512000 batch_loss 0.4221722483634949 BPR_loss 0.3976929187774658 reg_loss 0.024479323998093605
+-------+--------------------+--------------------+-------------------+------------------------------------+------------------------------------+------------------------------------+------------------------------------+
| Epoch |  training time(s)  |   tesing time(s)   |        Loss       |               recall               |                ndcg                |             precision              |             hit_ratio              |
+-------+--------------------+--------------------+-------------------+------------------------------------+------------------------------------+------------------------------------+------------------------------------+
|   37  | 40.928903102874756 | 128.66798377037048 | 151.5132293701172 | [0.07620333 0.10517168 0.12492276] | [0.03607029 0.0423018  0.04599567] | [0.00449162 0.00314861 0.00252054] | [0.08737797 0.12099443 0.14386962] |
|   37  | 40.928903102874756 | 118.85019493103027 | 151.5132293701172 | [0.01808008 0.02896528 0.03820754] | [0.00724589 0.0095125  0.01120265] | [0.00095976 0.00078429 0.00070338] | [0.01909181 0.03109069 0.04156754] |
+-------+--------------------+--------------------+-------------------+------------------------------------+------------------------------------+------------------------------------+------------------------------------+
epoch: 38 s: 0 batch_loss 0.4153018593788147 BPR_loss 0.3906676769256592 reg_loss 0.024634188041090965
epoch: 38 s: 256000 batch_loss 0.41491302847862244 BPR_loss 0.39012467861175537 reg_loss 0.024788346141576767
epoch: 38 s: 512000 batch_loss 0.4161101281642914 BPR_loss 0.3915153741836548 reg_loss 0.02459474839270115
+-------+-------------------+--------------------+-------------------+------------------------------------+------------------------------------+------------------------------------+------------------------------------+
| Epoch |  training time(s) |   tesing time(s)   |        Loss       |               recall               |                ndcg                |             precision              |             hit_ratio              |
+-------+-------------------+--------------------+-------------------+------------------------------------+------------------------------------+------------------------------------+------------------------------------+
|   38  | 41.69975280761719 | 125.5469868183136  | 150.9260711669922 | [0.0761423  0.10470608 0.12450298] | [0.03606095 0.04221103 0.04590953] | [0.00448817 0.00313862 0.00251273] | [0.08735039 0.12052562 0.14335944] |
|   38  | 41.69975280761719 | 121.85207772254944 | 150.9260711669922 | [0.01805668 0.02897513 0.03845998] | [0.00721442 0.00948867 0.01122137] | [0.00095902 0.00078429 0.00070831] | [0.01907703 0.03109069 0.04186308] |
+-------+-------------------+--------------------+-------------------+------------------------------------+------------------------------------+------------------------------------+------------------------------------+
epoch: 39 s: 0 batch_loss 0.4124351441860199 BPR_loss 0.387656569480896 reg_loss 0.024778585880994797
epoch: 39 s: 256000 batch_loss 0.42723673582077026 BPR_loss 0.4024694263935089 reg_loss 0.024767322465777397
epoch: 39 s: 512000 batch_loss 0.4291541874408722 BPR_loss 0.40438729524612427 reg_loss 0.02476690337061882
+-------+------------------+--------------------+--------------------+------------------------------------+------------------------------------+------------------------------------+------------------------------------+
| Epoch | training time(s) |   tesing time(s)   |        Loss        |               recall               |                ndcg                |             precision              |             hit_ratio              |
+-------+------------------+--------------------+--------------------+------------------------------------+------------------------------------+------------------------------------+------------------------------------+
|   39  | 40.7875497341156 | 122.83165287971497 | 150.29641723632812 | [0.07603429 0.10439285 0.12443896] | [0.03599371 0.04210034 0.04583778] | [0.00448472 0.00312931 0.00250951] | [0.08730903 0.12020848 0.14327671] |
|   39  | 40.7875497341156 | 117.38706278800964 | 150.29641723632812 | [0.01805053 0.02891715 0.03826111] | [0.00720794 0.00947647 0.01118397] | [0.00095902 0.00078503 0.0007056 ] | [0.01907703 0.03112024 0.04167098] |
+-------+------------------+--------------------+--------------------+------------------------------------+------------------------------------+------------------------------------+------------------------------------+
epoch: 40 s: 0 batch_loss 0.41593819856643677 BPR_loss 0.39106613397598267 reg_loss 0.024872051551938057
epoch: 40 s: 256000 batch_loss 0.42419540882110596 BPR_loss 0.39932602643966675 reg_loss 0.02486937865614891
epoch: 40 s: 512000 batch_loss 0.4179174602031708 BPR_loss 0.39296871423721313 reg_loss 0.024948755279183388
+-------+-------------------+--------------------+-------------------+------------------------------------+------------------------------------+------------------------------------+------------------------------------+
| Epoch |  training time(s) |   tesing time(s)   |        Loss       |               recall               |                ndcg                |             precision              |             hit_ratio              |
+-------+-------------------+--------------------+-------------------+------------------------------------+------------------------------------+------------------------------------+------------------------------------+
|   40  | 41.50183439254761 | 127.73549246788025 | 149.8452911376953 | [0.07596286 0.10426946 0.12394234] | [0.03587489 0.04197029 0.04564083] | [0.00447921 0.0031269  0.00250101] | [0.08718493 0.12005681 0.14269759] |
|   40  | 41.50183439254761 | 123.12328743934631 | 149.8452911376953 | [0.01796925 0.02890582 0.03820138] | [0.0071926  0.00947882 0.01117785] | [0.00095459 0.00078503 0.00070486] | [0.01898837 0.03110546 0.04162665] |
+-------+-------------------+--------------------+-------------------+------------------------------------+------------------------------------+------------------------------------+------------------------------------+
epoch: 41 s: 0 batch_loss 0.42138001322746277 BPR_loss 0.39650189876556396 reg_loss 0.024878107011318207
epoch: 41 s: 256000 batch_loss 0.41470327973365784 BPR_loss 0.3896661400794983 reg_loss 0.02503715269267559
epoch: 41 s: 512000 batch_loss 0.4143381416797638 BPR_loss 0.38910040259361267 reg_loss 0.025237752124667168
+-------+--------------------+--------------------+--------------------+------------------------------------+------------------------------------+------------------------------------+------------------------------------+
| Epoch |  training time(s)  |   tesing time(s)   |        Loss        |               recall               |                ndcg                |             precision              |             hit_ratio              |
+-------+--------------------+--------------------+--------------------+------------------------------------+------------------------------------+------------------------------------+------------------------------------+
|   41  | 41.372835874557495 | 122.98208737373352 | 149.32794189453125 | [0.0760173  0.10439312 0.12385391] | [0.03597447 0.04207506 0.04571306] | [0.00447921 0.00312931 0.00250124] | [0.08719872 0.12015333 0.14278032] |
|   41  | 41.372835874557495 | 119.90387964248657 | 149.32794189453125 | [0.01793108 0.02892453 0.03819658] | [0.00718794 0.00948485 0.01118047] | [0.00095237 0.00078466 0.00070388] | [0.01894404 0.03110546 0.04158231] |
+-------+--------------------+--------------------+--------------------+------------------------------------+------------------------------------+------------------------------------+------------------------------------+
epoch: 42 s: 0 batch_loss 0.4122198522090912 BPR_loss 0.3871299624443054 reg_loss 0.02508988045156002
epoch: 42 s: 256000 batch_loss 0.4216988980770111 BPR_loss 0.3966473340988159 reg_loss 0.025051550939679146
epoch: 42 s: 512000 batch_loss 0.422096312046051 BPR_loss 0.3969160318374634 reg_loss 0.025180285796523094
+-------+-------------------+--------------------+--------------------+------------------------------------+------------------------------------+------------------------------------+------------------------------------+
| Epoch |  training time(s) |   tesing time(s)   |        Loss        |               recall               |                ndcg                |             precision              |             hit_ratio              |
+-------+-------------------+--------------------+--------------------+------------------------------------+------------------------------------+------------------------------------+------------------------------------+
|   42  | 41.25342392921448 | 126.21120858192444 | 148.77256774902344 | [0.07573684 0.10434647 0.12356697] | [0.03586049 0.04200661 0.04560175] | [0.00446473 0.00312793 0.00249641] | [0.08689537 0.12008439 0.14243561] |
|   42  | 41.25342392921448 | 117.89924764633179 | 148.77256774902344 | [0.01811764 0.02894251 0.0381419 ] | [0.00724058 0.00949836 0.01118148] | [0.00096272 0.00078539 0.00070338] | [0.01913614 0.03113502 0.04152321] |
+-------+-------------------+--------------------+--------------------+------------------------------------+------------------------------------+------------------------------------+------------------------------------+
epoch: 43 s: 0 batch_loss 0.4149523675441742 BPR_loss 0.3895806074142456 reg_loss 0.02537175826728344
epoch: 43 s: 256000 batch_loss 0.4245903491973877 BPR_loss 0.3992476165294647 reg_loss 0.02534274011850357
epoch: 43 s: 512000 batch_loss 0.4226248860359192 BPR_loss 0.39718276262283325 reg_loss 0.025442129001021385
+-------+-------------------+--------------------+--------------------+------------------------------------+------------------------------------+------------------------------------+------------------------------------+
| Epoch |  training time(s) |   tesing time(s)   |        Loss        |               recall               |                ndcg                |             precision              |             hit_ratio              |
+-------+-------------------+--------------------+--------------------+------------------------------------+------------------------------------+------------------------------------+------------------------------------+
|   43  | 41.06322145462036 | 122.6488904953003  | 148.35787963867188 | [0.0754397  0.10357665 0.1234346 ] | [0.0357504  0.04181157 0.04552078] | [0.00444542 0.00310725 0.00249297] | [0.08655066 0.1192295  0.14231151] |
|   43  | 41.06322145462036 | 120.05699682235718 | 148.35787963867188 | [0.01802405 0.02874795 0.03823352] | [0.00724691 0.00949363 0.01122734] | [0.00095607 0.0007817  0.00070511] | [0.01901792 0.03098725 0.04162665] |
+-------+-------------------+--------------------+--------------------+------------------------------------+------------------------------------+------------------------------------+------------------------------------+
epoch: 44 s: 0 batch_loss 0.4133809804916382 BPR_loss 0.3881224989891052 reg_loss 0.02525848150253296
epoch: 44 s: 256000 batch_loss 0.4159964323043823 BPR_loss 0.39043983817100525 reg_loss 0.025556599721312523
epoch: 44 s: 512000 batch_loss 0.4108237028121948 BPR_loss 0.3852585554122925 reg_loss 0.025565162301063538
+-------+-------------------+--------------------+--------------------+------------------------------------+------------------------------------+------------------------------------+------------------------------------+
| Epoch |  training time(s) |   tesing time(s)   |        Loss        |               recall               |                ndcg                |             precision              |             hit_ratio              |
+-------+-------------------+--------------------+--------------------+------------------------------------+------------------------------------+------------------------------------+------------------------------------+
|   44  | 41.14489269256592 | 128.26144909858704 | 148.00770568847656 | [0.0752478  0.10351755 0.12332048] | [0.03568316 0.04176742 0.04546968] | [0.0044337  0.00310346 0.00249136] | [0.08631625 0.11907782 0.14210468] |
|   44  | 41.14489269256592 | 122.56427383422852 | 148.00770568847656 | [0.01789352 0.02887048 0.03810004] | [0.00722429 0.00952546 0.01121301] | [0.00095016 0.00078539 0.00070264] | [0.01889971 0.03110546 0.04149365] |
+-------+-------------------+--------------------+--------------------+------------------------------------+------------------------------------+------------------------------------+------------------------------------+
epoch: 45 s: 0 batch_loss 0.40729770064353943 BPR_loss 0.3817679286003113 reg_loss 0.025529775768518448
epoch: 45 s: 256000 batch_loss 0.41733527183532715 BPR_loss 0.3917135000228882 reg_loss 0.025621766224503517
epoch: 45 s: 512000 batch_loss 0.40939033031463623 BPR_loss 0.3838196098804474 reg_loss 0.025570733472704887
+-------+-------------------+--------------------+-------------------+------------------------------------+------------------------------------+------------------------------------+------------------------------------+
| Epoch |  training time(s) |   tesing time(s)   |        Loss       |               recall               |                ndcg                |             precision              |             hit_ratio              |
+-------+-------------------+--------------------+-------------------+------------------------------------+------------------------------------+------------------------------------+------------------------------------+
|   45  | 41.49423289299011 | 128.41514706611633 | 147.5570526123047 | [0.07524045 0.10304548 0.12290893] | [0.03564526 0.04163569 0.04534672] | [0.00443302 0.00309105 0.00248263] | [0.08633004 0.11858144 0.14159451] |
|   45  | 41.49423289299011 | 122.47386598587036 | 147.5570526123047 | [0.01796002 0.0288557  0.03785917] | [0.00725811 0.00953913 0.011188  ] | [0.00095385 0.00078429 0.00069846] | [0.01895882 0.03109069 0.04121289] |
+-------+-------------------+--------------------+-------------------+------------------------------------+------------------------------------+------------------------------------+------------------------------------+
epoch: 46 s: 0 batch_loss 0.41441410779953003 BPR_loss 0.3888857066631317 reg_loss 0.025528402999043465
epoch: 46 s: 256000 batch_loss 0.4127137362957001 BPR_loss 0.3871382772922516 reg_loss 0.025575462728738785
epoch: 46 s: 512000 batch_loss 0.4082332253456116 BPR_loss 0.3826061487197876 reg_loss 0.025627074763178825
+-------+-------------------+--------------------+--------------------+------------------------------------+------------------------------------+------------------------------------+------------------------------------+
| Epoch |  training time(s) |   tesing time(s)   |        Loss        |               recall               |                ndcg                |             precision              |             hit_ratio              |
+-------+-------------------+--------------------+--------------------+------------------------------------+------------------------------------+------------------------------------+------------------------------------+
|   46  | 41.03265976905823 | 124.69123911857605 | 147.18885803222656 | [0.07512141 0.10335818 0.12255761] | [0.03560095 0.04167158 0.0452655 ] | [0.00442957 0.0030976  0.00247642] | [0.08615079 0.11888478 0.14113948] |
|   46  | 41.03265976905823 | 122.82359838485718 | 147.18885803222656 | [0.01794339 0.02880002 0.03796581] | [0.00725324 0.00952628 0.011204  ] | [0.00095016 0.00078207 0.00070043] | [0.01891449 0.03098725 0.04134588] |
+-------+-------------------+--------------------+--------------------+------------------------------------+------------------------------------+------------------------------------+------------------------------------+
epoch: 47 s: 0 batch_loss 0.41148674488067627 BPR_loss 0.3857863247394562 reg_loss 0.025700407102704048
epoch: 47 s: 256000 batch_loss 0.40378743410110474 BPR_loss 0.37789833545684814 reg_loss 0.025889094918966293
epoch: 47 s: 512000 batch_loss 0.41127827763557434 BPR_loss 0.3853072226047516 reg_loss 0.025971055030822754
+-------+-------------------+--------------------+--------------------+------------------------------------+------------------------------------+------------------------------------+------------------------------------+
| Epoch |  training time(s) |   tesing time(s)   |        Loss        |               recall               |                ndcg                |             precision              |             hit_ratio              |
+-------+-------------------+--------------------+--------------------+------------------------------------+------------------------------------+------------------------------------+------------------------------------+
|   47  | 41.08836913108826 | 121.52974963188171 | 146.79454040527344 | [0.07514784 0.1029107  0.12246569] | [0.0355977  0.04156721 0.04522511] | [0.00443233 0.00308553 0.00247412] | [0.08617837 0.1184987  0.1410016 ] |
|   47  | 41.08836913108826 | 120.4939136505127  | 146.79454040527344 | [0.01795078 0.02869192 0.0379269 ] | [0.00724909 0.00949775 0.01118938] | [0.00095164 0.00077948 0.00069993] | [0.01892926 0.03088381 0.04131633] |
+-------+-------------------+--------------------+--------------------+------------------------------------+------------------------------------+------------------------------------+------------------------------------+
epoch: 48 s: 0 batch_loss 0.4070139229297638 BPR_loss 0.3810465335845947 reg_loss 0.02596738375723362
epoch: 48 s: 256000 batch_loss 0.41009649634361267 BPR_loss 0.3841501772403717 reg_loss 0.025946328416466713
epoch: 48 s: 512000 batch_loss 0.41940784454345703 BPR_loss 0.3934372067451477 reg_loss 0.02597065083682537
+-------+-------------------+--------------------+--------------------+------------------------------------+------------------------------------+------------------------------------+------------------------------------+
| Epoch |  training time(s) |   tesing time(s)   |        Loss        |               recall               |                ndcg                |             precision              |             hit_ratio              |
+-------+-------------------+--------------------+--------------------+------------------------------------+------------------------------------+------------------------------------+------------------------------------+
|   48  | 41.29326391220093 | 126.65299105644226 | 146.39956665039062 | [0.07472959 0.10272116 0.12227495] | [0.03545411 0.04147794 0.04513553] | [0.00440613 0.00308001 0.00247045] | [0.08581987 0.11819536 0.14079477] |
|   48  | 41.29326391220093 | 123.86140608787537 | 146.39956665039062 | [0.01790584 0.02868342 0.03777913] | [0.00722754 0.00948407 0.01115177] | [0.00095016 0.00078059 0.00069772] | [0.01888493 0.03091336 0.04118334] |
+-------+-------------------+--------------------+--------------------+------------------------------------+------------------------------------+------------------------------------+------------------------------------+
epoch: 49 s: 0 batch_loss 0.40443745255470276 BPR_loss 0.3784172534942627 reg_loss 0.02602020837366581
epoch: 49 s: 256000 batch_loss 0.40493395924568176 BPR_loss 0.37886422872543335 reg_loss 0.02606974169611931
epoch: 49 s: 512000 batch_loss 0.41298332810401917 BPR_loss 0.3871432840824127 reg_loss 0.0258400309830904
+-------+-------------------+--------------------+--------------------+------------------------------------+------------------------------------+------------------------------------+------------------------------------+
| Epoch |  training time(s) |   tesing time(s)   |        Loss        |               recall               |                ndcg                |             precision              |             hit_ratio              |
+-------+-------------------+--------------------+--------------------+------------------------------------+------------------------------------+------------------------------------+------------------------------------+
|   49  | 41.26162338256836 | 121.05020952224731 | 146.03546142578125 | [0.07463722 0.10220371 0.12194891] | [0.03535813 0.04129111 0.04498895] | [0.00439923 0.00306347 0.00246332] | [0.08566819 0.11760245 0.14042248] |
|   49  | 41.26162338256836 | 124.38573217391968 | 146.03546142578125 | [0.01788613 0.02869067 0.03770106] | [0.00722412 0.00948384 0.01113714] | [0.00094794 0.00078022 0.00069649] | [0.0188406  0.03091336 0.04112423] |
+-------+-------------------+--------------------+--------------------+------------------------------------+------------------------------------+------------------------------------+------------------------------------+
epoch: 50 s: 0 batch_loss 0.4088033437728882 BPR_loss 0.38277751207351685 reg_loss 0.026025831699371338
epoch: 50 s: 256000 batch_loss 0.4065409302711487 BPR_loss 0.380304217338562 reg_loss 0.02623671665787697
epoch: 50 s: 512000 batch_loss 0.4086627662181854 BPR_loss 0.3825978636741638 reg_loss 0.026064909994602203
+-------+-------------------+-------------------+--------------------+------------------------------------+------------------------------------+------------------------------------+------------------------------------+
| Epoch |  training time(s) |   tesing time(s)  |        Loss        |               recall               |                ndcg                |             precision              |             hit_ratio              |
+-------+-------------------+-------------------+--------------------+------------------------------------+------------------------------------+------------------------------------+------------------------------------+
|   50  | 41.87110996246338 | 124.9017243385315 | 145.83616638183594 | [0.07439144 0.1023872  0.12177575] | [0.03531366 0.04133743 0.04496862] | [0.00438476 0.00306864 0.00246033] | [0.08536484 0.11776791 0.14029838] |
|   50  | 41.87110996246338 | 121.9379665851593 | 145.83616638183594 | [0.01794524 0.02878771 0.03787469] | [0.00723041 0.00949787 0.01116003] | [0.0009509  0.00078318 0.0006987 ] | [0.01889971 0.0310168  0.04125722] |
+-------+-------------------+-------------------+--------------------+------------------------------------+------------------------------------+------------------------------------+------------------------------------+
epoch: 51 s: 0 batch_loss 0.3980349004268646 BPR_loss 0.37167826294898987 reg_loss 0.026356646791100502
epoch: 51 s: 256000 batch_loss 0.4053928256034851 BPR_loss 0.3793677091598511 reg_loss 0.026025105267763138
epoch: 51 s: 512000 batch_loss 0.4109795093536377 BPR_loss 0.3847498893737793 reg_loss 0.0262296125292778
+-------+--------------------+--------------------+-------------------+------------------------------------+------------------------------------+------------------------------------+------------------------------------+
| Epoch |  training time(s)  |   tesing time(s)   |        Loss       |               recall               |                ndcg                |             precision              |             hit_ratio              |
+-------+--------------------+--------------------+-------------------+------------------------------------+------------------------------------+------------------------------------+------------------------------------+
|   51  | 41.169121503829956 | 125.95260715484619 | 145.5421600341797 | [0.07409581 0.10208344 0.12159937] | [0.03514574 0.0411699  0.04482224] | [0.00436821 0.00306278 0.00245758] | [0.08504771 0.11750593 0.14014671] |
|   51  | 41.169121503829956 | 120.68290829658508 | 145.5421600341797 | [0.01789352 0.02873662 0.03790794] | [0.00721173 0.00948124 0.01115858] | [0.0009472  0.00078133 0.00069969] | [0.01882582 0.03095769 0.04130155] |
+-------+--------------------+--------------------+-------------------+------------------------------------+------------------------------------+------------------------------------+------------------------------------+
epoch: 52 s: 0 batch_loss 0.39963722229003906 BPR_loss 0.3733302354812622 reg_loss 0.026306981220841408
epoch: 52 s: 256000 batch_loss 0.40475785732269287 BPR_loss 0.3784458041191101 reg_loss 0.02631204016506672
epoch: 52 s: 512000 batch_loss 0.39954715967178345 BPR_loss 0.37324145436286926 reg_loss 0.026305707171559334
+-------+-------------------+--------------------+--------------------+------------------------------------+------------------------------------+------------------------------------+------------------------------------+
| Epoch |  training time(s) |   tesing time(s)   |        Loss        |               recall               |                ndcg                |             precision              |             hit_ratio              |
+-------+-------------------+--------------------+--------------------+------------------------------------+------------------------------------+------------------------------------+------------------------------------+
|   52  | 41.23121356964111 | 124.65189456939697 | 145.33285522460938 | [0.07434963 0.10198541 0.12137368] | [0.03521345 0.04115653 0.04478833] | [0.00438338 0.00306002 0.00245321] | [0.08526832 0.11746456 0.13978821] |
|   52  | 41.23121356964111 | 123.77564740180969 | 145.33285522460938 | [0.0179477  0.02849687 0.03787554] | [0.00721445 0.00942479 0.01113963] | [0.0009509  0.00077616 0.00069944] | [0.01889971 0.03075082 0.041272  ] |
+-------+-------------------+--------------------+--------------------+------------------------------------+------------------------------------+------------------------------------+------------------------------------+
Early stopping is trigger at step: 10 log:0.017947704402050776
early stopping at 52, recall@20:0.0181
