Namespace(K=1, Ks='[20, 40, 60]', alpha=0.01, batch_size=2048, batch_test_flag=True, context_hops=3, cuda=True, data_path='data/', dataset='gowalla', dim=64, edge_dropout=False, edge_dropout_rate=0.1, epoch=1000, gnn='lightgcn', gpu_id=3, l2=0.001, lr=0.009, mess_dropout=False, mess_dropout_rate=0.1, n_negs=16, ns='mixgcf', out_dir='./weights/yelp2018/', pool='mean', save=False, test_batch_size=2048, test_flag='part')
reading train and test user-item set ...
building the adj mat ...
loading over ...
卷积器不需要第0层embedding
拿这个最难的neg_item去和pos_item在每一个维度上进行softmax自适应权重......
start training ...
epoch: 0 s: 0 batch_loss 0.6931480169296265 BPR_loss 0.6931477785110474 reg_loss 2.3612226129898772e-07
epoch: 0 s: 256000 batch_loss 0.562116265296936 BPR_loss 0.5453568696975708 reg_loss 0.016759369522333145
epoch: 0 s: 512000 batch_loss 0.5194900631904602 BPR_loss 0.4990466833114624 reg_loss 0.020443394780158997
epoch: 0 s: 768000 batch_loss 0.5035303831100464 BPR_loss 0.48212045431137085 reg_loss 0.021409958600997925
+-------+-------------------+-------------------+-------------------+------------------------------------+------------------------------------+------------------------------------+------------------------------------+
| Epoch |  training time(s) |   tesing time(s)  |        Loss       |               recall               |                ndcg                |             precision              |             hit_ratio              |
+-------+-------------------+-------------------+-------------------+------------------------------------+------------------------------------+------------------------------------+------------------------------------+
|   0   | 41.60104155540466 | 39.28636407852173 | 215.7917022705078 | [0.13687856 0.1953708  0.23759002] | [0.11621359 0.13451166 0.14714167] | [0.04349923 0.03125461 0.0255314 ] | [0.50010048 0.60559984 0.66581821] |
+-------+-------------------+-------------------+-------------------+------------------------------------+------------------------------------+------------------------------------+------------------------------------+
epoch: 1 s: 0 batch_loss 0.5101543068885803 BPR_loss 0.4878441095352173 reg_loss 0.022310195490717888
epoch: 1 s: 256000 batch_loss 0.48960039019584656 BPR_loss 0.46549302339553833 reg_loss 0.024107353761792183
epoch: 1 s: 512000 batch_loss 0.47502273321151733 BPR_loss 0.4499220550060272 reg_loss 0.025100670754909515
epoch: 1 s: 768000 batch_loss 0.4695689380168915 BPR_loss 0.4433254599571228 reg_loss 0.026243479922413826
+-------+-------------------+-------------------+--------------------+------------------------------------+------------------------------------+------------------------------------+------------------------------------+
| Epoch |  training time(s) |   tesing time(s)  |        Loss        |               recall               |                ndcg                |             precision              |             hit_ratio              |
+-------+-------------------+-------------------+--------------------+------------------------------------+------------------------------------+------------------------------------+------------------------------------+
|   1   | 45.02741265296936 | 37.41673755645752 | 194.78561401367188 | [0.14597367 0.20849952 0.25251073] | [0.12315851 0.14270797 0.15588859] | [0.04620202 0.03310587 0.02699221] | [0.51885592 0.62602987 0.68504253] |
+-------+-------------------+-------------------+--------------------+------------------------------------+------------------------------------+------------------------------------+------------------------------------+
epoch: 2 s: 0 batch_loss 0.48293042182922363 BPR_loss 0.45731139183044434 reg_loss 0.025619028136134148
epoch: 2 s: 256000 batch_loss 0.4955599904060364 BPR_loss 0.46927541494369507 reg_loss 0.026284566149115562
epoch: 2 s: 512000 batch_loss 0.46964526176452637 BPR_loss 0.442067950963974 reg_loss 0.02757730893790722
epoch: 2 s: 768000 batch_loss 0.4605123996734619 BPR_loss 0.4321427345275879 reg_loss 0.028369661420583725
+-------+-------------------+--------------------+--------------------+------------------------------------+------------------------------------+------------------------------------+------------------------------------+
| Epoch |  training time(s) |   tesing time(s)   |        Loss        |               recall               |                ndcg                |             precision              |             hit_ratio              |
+-------+-------------------+--------------------+--------------------+------------------------------------+------------------------------------+------------------------------------+------------------------------------+
|   2   | 42.81590485572815 | 38.637415647506714 | 188.00755310058594 | [0.15365005 0.21711156 0.26328445] | [0.12947212 0.14936004 0.1630945 ] | [0.04838569 0.03451085 0.02807009] | [0.53633867 0.64043138 0.69823833] |
+-------+-------------------+--------------------+--------------------+------------------------------------+------------------------------------+------------------------------------+------------------------------------+
epoch: 3 s: 0 batch_loss 0.4435660243034363 BPR_loss 0.41422486305236816 reg_loss 0.02934114634990692
epoch: 3 s: 256000 batch_loss 0.4615978002548218 BPR_loss 0.4322621822357178 reg_loss 0.02933560498058796
epoch: 3 s: 512000 batch_loss 0.4645489454269409 BPR_loss 0.43488454818725586 reg_loss 0.029664404690265656
epoch: 3 s: 768000 batch_loss 0.46465957164764404 BPR_loss 0.4348188638687134 reg_loss 0.029840709641575813
+-------+--------------------+--------------------+--------------------+------------------------------------+------------------------------------+------------------------------------+------------------------------------+
| Epoch |  training time(s)  |   tesing time(s)   |        Loss        |               recall               |                ndcg                |             precision              |             hit_ratio              |
+-------+--------------------+--------------------+--------------------+------------------------------------+------------------------------------+------------------------------------+------------------------------------+
|   3   | 42.376940965652466 | 38.281357288360596 | 183.44253540039062 | [0.15758293 0.22232188 0.26987007] | [0.13293847 0.15321599 0.16734893] | [0.04964499 0.03533894 0.02874662] | [0.54447719 0.64806752 0.70687923] |
+-------+--------------------+--------------------+--------------------+------------------------------------+------------------------------------+------------------------------------+------------------------------------+
epoch: 4 s: 0 batch_loss 0.45501571893692017 BPR_loss 0.4256706237792969 reg_loss 0.029345082119107246
epoch: 4 s: 256000 batch_loss 0.45264777541160583 BPR_loss 0.4224270284175873 reg_loss 0.030220743268728256
epoch: 4 s: 512000 batch_loss 0.4600115418434143 BPR_loss 0.4293059706687927 reg_loss 0.03070557862520218
epoch: 4 s: 768000 batch_loss 0.4644228518009186 BPR_loss 0.4330066442489624 reg_loss 0.03141620010137558
+-------+-------------------+--------------------+--------------------+------------------------------------+------------------------------------+------------------------------------+------------------------------------+
| Epoch |  training time(s) |   tesing time(s)   |        Loss        |               recall               |                ndcg                |             precision              |             hit_ratio              |
+-------+-------------------+--------------------+--------------------+------------------------------------+------------------------------------+------------------------------------+------------------------------------+
|   4   | 44.39320683479309 | 39.198474168777466 | 180.54922485351562 | [0.16057302 0.22679581 0.27380193] | [0.1354665  0.15620967 0.17023669] | [0.05046889 0.03598701 0.0291876 ] | [0.55063969 0.65486637 0.71196999] |
+-------+-------------------+--------------------+--------------------+------------------------------------+------------------------------------+------------------------------------+------------------------------------+
epoch: 5 s: 0 batch_loss 0.43703198432922363 BPR_loss 0.40611565113067627 reg_loss 0.03091634437441826
epoch: 5 s: 256000 batch_loss 0.4592582583427429 BPR_loss 0.42766356468200684 reg_loss 0.03159470483660698
epoch: 5 s: 512000 batch_loss 0.4570174217224121 BPR_loss 0.4248502850532532 reg_loss 0.03216715157032013
epoch: 5 s: 768000 batch_loss 0.4546455442905426 BPR_loss 0.42163556814193726 reg_loss 0.03300998732447624
+-------+-------------------+-----------------+--------------------+------------------------------------+------------------------------------+------------------------------------+------------------------------------+
| Epoch |  training time(s) |  tesing time(s) |        Loss        |               recall               |                ndcg                |             precision              |             hit_ratio              |
+-------+-------------------+-----------------+--------------------+------------------------------------+------------------------------------+------------------------------------+------------------------------------+
|   5   | 42.80501651763916 | 36.942626953125 | 178.51699829101562 | [0.1622696  0.22948377 0.27722164] | [0.13719645 0.158234   0.17249612] | [0.05112198 0.036373   0.02954205] | [0.55408936 0.65707683 0.71511823] |
+-------+-------------------+-----------------+--------------------+------------------------------------+------------------------------------+------------------------------------+------------------------------------+
epoch: 6 s: 0 batch_loss 0.43827083706855774 BPR_loss 0.40540486574172974 reg_loss 0.03286596015095711
epoch: 6 s: 256000 batch_loss 0.4253270924091339 BPR_loss 0.3927544355392456 reg_loss 0.03257264941930771
epoch: 6 s: 512000 batch_loss 0.4384894371032715 BPR_loss 0.40446653962135315 reg_loss 0.03402288258075714
epoch: 6 s: 768000 batch_loss 0.4647403657436371 BPR_loss 0.430864155292511 reg_loss 0.0338762141764164
+-------+-------------------+-------------------+--------------------+------------------------------------+------------------------------------+------------------------------------+------------------------------------+
| Epoch |  training time(s) |   tesing time(s)  |        Loss        |               recall               |                ndcg                |             precision              |             hit_ratio              |
+-------+-------------------+-------------------+--------------------+------------------------------------+------------------------------------+------------------------------------+------------------------------------+
|   6   | 43.17131447792053 | 40.56564164161682 | 176.61585998535156 | [0.16409934 0.23190932 0.2799301 ] | [0.13849226 0.15975376 0.17408621] | [0.05161263 0.03677825 0.02983511] | [0.55864425 0.66179918 0.71960614] |
+-------+-------------------+-------------------+--------------------+------------------------------------+------------------------------------+------------------------------------+------------------------------------+
epoch: 7 s: 0 batch_loss 0.44986751675605774 BPR_loss 0.41624975204467773 reg_loss 0.033617764711380005
epoch: 7 s: 256000 batch_loss 0.44447988271713257 BPR_loss 0.41102853417396545 reg_loss 0.033451344817876816
epoch: 7 s: 512000 batch_loss 0.4488290250301361 BPR_loss 0.41435593366622925 reg_loss 0.03447309508919716
epoch: 7 s: 768000 batch_loss 0.44904589653015137 BPR_loss 0.4151192307472229 reg_loss 0.03392665088176727
+-------+-------------------+--------------------+--------------------+------------------------------------+------------------------------------+------------------------------------+------------------------------------+
| Epoch |  training time(s) |   tesing time(s)   |        Loss        |               recall               |                ndcg                |             precision              |             hit_ratio              |
+-------+-------------------+--------------------+--------------------+------------------------------------+------------------------------------+------------------------------------+------------------------------------+
|   7   | 43.85622715950012 | 38.052491426467896 | 175.43446350097656 | [0.16526627 0.23331947 0.28152034] | [0.13936808 0.16070826 0.17509996] | [0.05187554 0.03688961 0.02991326] | [0.5592471  0.66441155 0.72111327] |
+-------+-------------------+--------------------+--------------------+------------------------------------+------------------------------------+------------------------------------+------------------------------------+
epoch: 8 s: 0 batch_loss 0.43991678953170776 BPR_loss 0.4059433937072754 reg_loss 0.03397338092327118
epoch: 8 s: 256000 batch_loss 0.4375673532485962 BPR_loss 0.40286552906036377 reg_loss 0.03470182791352272
epoch: 8 s: 512000 batch_loss 0.4236536920070648 BPR_loss 0.38851356506347656 reg_loss 0.03514011576771736
epoch: 8 s: 768000 batch_loss 0.44439589977264404 BPR_loss 0.4099920690059662 reg_loss 0.03440382331609726
+-------+-------------------+-------------------+--------------------+------------------------------------+------------------------------------+------------------------------------+------------------------------------+
| Epoch |  training time(s) |   tesing time(s)  |        Loss        |               recall               |                ndcg                |             precision              |             hit_ratio              |
+-------+-------------------+-------------------+--------------------+------------------------------------+------------------------------------+------------------------------------+------------------------------------+
|   8   | 42.50548839569092 | 38.02289342880249 | 174.39736938476562 | [0.16656062 0.23489794 0.28331004] | [0.14036206 0.16180627 0.17627274] | [0.05221046 0.03714582 0.03013207] | [0.56182598 0.66508139 0.72335722] |
+-------+-------------------+-------------------+--------------------+------------------------------------+------------------------------------+------------------------------------+------------------------------------+
epoch: 9 s: 0 batch_loss 0.4372759461402893 BPR_loss 0.40233975648880005 reg_loss 0.03493618965148926
epoch: 9 s: 256000 batch_loss 0.442695289850235 BPR_loss 0.4076705574989319 reg_loss 0.0350247286260128
epoch: 9 s: 512000 batch_loss 0.4420032799243927 BPR_loss 0.40723758935928345 reg_loss 0.03476569801568985
epoch: 9 s: 768000 batch_loss 0.4420226514339447 BPR_loss 0.4064091444015503 reg_loss 0.03561350330710411
+-------+-------------------+-------------------+-------------------+------------------------------------+------------------------------------+------------------------------------+------------------------------------+
| Epoch |  training time(s) |   tesing time(s)  |        Loss       |               recall               |                ndcg                |             precision              |             hit_ratio              |
+-------+-------------------+-------------------+-------------------+------------------------------------+------------------------------------+------------------------------------+------------------------------------+
|   9   | 42.76485085487366 | 40.44231939315796 | 173.6013641357422 | [0.16744141 0.23617938 0.28515194] | [0.14155034 0.16312343 0.17774367] | [0.05251524 0.03734426 0.0303012 ] | [0.56356755 0.66796169 0.72466341] |
+-------+-------------------+-------------------+-------------------+------------------------------------+------------------------------------+------------------------------------+------------------------------------+
epoch: 10 s: 0 batch_loss 0.4393860101699829 BPR_loss 0.40392422676086426 reg_loss 0.03546177223324776
epoch: 10 s: 256000 batch_loss 0.4314744770526886 BPR_loss 0.39605772495269775 reg_loss 0.035416748374700546
epoch: 10 s: 512000 batch_loss 0.4332016110420227 BPR_loss 0.3966847062110901 reg_loss 0.03651690483093262
epoch: 10 s: 768000 batch_loss 0.44354405999183655 BPR_loss 0.4082374572753906 reg_loss 0.035306595265865326
+-------+-------------------+-------------------+------------------+------------------------------------+------------------------------------+------------------------------------+------------------------------------+
| Epoch |  training time(s) |   tesing time(s)  |       Loss       |               recall               |                ndcg                |             precision              |             hit_ratio              |
+-------+-------------------+-------------------+------------------+------------------------------------+------------------------------------+------------------------------------+------------------------------------+
|   10  | 43.09052538871765 | 36.88530111312866 | 172.373779296875 | [0.16766217 0.23691794 0.28644183] | [0.14188094 0.1635892  0.17838269] | [0.05262074 0.03746818 0.0304441 ] | [0.56346708 0.66819613 0.72737625] |
+-------+-------------------+-------------------+------------------+------------------------------------+------------------------------------+------------------------------------+------------------------------------+
epoch: 11 s: 0 batch_loss 0.4251558482646942 BPR_loss 0.38847965002059937 reg_loss 0.036676205694675446
epoch: 11 s: 256000 batch_loss 0.43481123447418213 BPR_loss 0.39814293384552 reg_loss 0.03666829690337181
epoch: 11 s: 512000 batch_loss 0.4308534264564514 BPR_loss 0.39464908838272095 reg_loss 0.03620434179902077
epoch: 11 s: 768000 batch_loss 0.42367199063301086 BPR_loss 0.38705986738204956 reg_loss 0.0366121307015419
+-------+-------------------+--------------------+-------------------+------------------------------------+------------------------------------+------------------------------------+------------------------------------+
| Epoch |  training time(s) |   tesing time(s)   |        Loss       |               recall               |                ndcg                |             precision              |             hit_ratio              |
+-------+-------------------+--------------------+-------------------+------------------------------------+------------------------------------+------------------------------------+------------------------------------+
|   11  | 43.10106348991394 | 37.094210624694824 | 171.8548583984375 | [0.16852349 0.23835903 0.2881258 ] | [0.14312595 0.16504488 0.17991469] | [0.05291882 0.03770095 0.03063668] | [0.56510818 0.67054056 0.72931878] |
+-------+-------------------+--------------------+-------------------+------------------------------------+------------------------------------+------------------------------------+------------------------------------+
epoch: 12 s: 0 batch_loss 0.4428865313529968 BPR_loss 0.4069980978965759 reg_loss 0.0358884334564209
epoch: 12 s: 256000 batch_loss 0.4448930025100708 BPR_loss 0.408311665058136 reg_loss 0.036581333726644516
epoch: 12 s: 512000 batch_loss 0.4255041182041168 BPR_loss 0.38882967829704285 reg_loss 0.036674436181783676
epoch: 12 s: 768000 batch_loss 0.44589418172836304 BPR_loss 0.4080885052680969 reg_loss 0.03780568391084671
+-------+-------------------+-------------------+-------------------+------------------------------------+------------------------------------+------------------------------------+------------------------------------+
| Epoch |  training time(s) |   tesing time(s)  |        Loss       |               recall               |                ndcg                |             precision              |             hit_ratio              |
+-------+-------------------+-------------------+-------------------+------------------------------------+------------------------------------+------------------------------------+------------------------------------+
|   12  | 42.87375807762146 | 41.12589073181152 | 171.2407684326172 | [0.16855128 0.23811555 0.28827871] | [0.14283843 0.16469829 0.17965896] | [0.05282336 0.03767165 0.03062719] | [0.56604595 0.67070802 0.72901735] |
+-------+-------------------+-------------------+-------------------+------------------------------------+------------------------------------+------------------------------------+------------------------------------+
epoch: 13 s: 0 batch_loss 0.41275158524513245 BPR_loss 0.3752478361129761 reg_loss 0.03750374913215637
epoch: 13 s: 256000 batch_loss 0.4175910949707031 BPR_loss 0.37987056374549866 reg_loss 0.03772052004933357
epoch: 13 s: 512000 batch_loss 0.43623781204223633 BPR_loss 0.39955225586891174 reg_loss 0.03668556362390518
epoch: 13 s: 768000 batch_loss 0.4438556134700775 BPR_loss 0.4068264961242676 reg_loss 0.03702910616993904
+-------+--------------------+-------------------+--------------------+------------------------------------+------------------------------------+------------------------------------+------------------------------------+
| Epoch |  training time(s)  |   tesing time(s)  |        Loss        |               recall               |                ndcg                |             precision              |             hit_ratio              |
+-------+--------------------+-------------------+--------------------+------------------------------------+------------------------------------+------------------------------------+------------------------------------+
|   13  | 42.225090980529785 | 36.76806926727295 | 170.78607177734375 | [0.1691467  0.23918676 0.28961835] | [0.14370812 0.16573322 0.18077744] | [0.05304274 0.03783743 0.03077735] | [0.56634738 0.6720142  0.73055797] |
+-------+--------------------+-------------------+--------------------+------------------------------------+------------------------------------+------------------------------------+------------------------------------+
epoch: 14 s: 0 batch_loss 0.41273096203804016 BPR_loss 0.37592074275016785 reg_loss 0.03681020811200142
epoch: 14 s: 256000 batch_loss 0.429321825504303 BPR_loss 0.39213085174560547 reg_loss 0.037190984934568405
epoch: 14 s: 512000 batch_loss 0.42390838265419006 BPR_loss 0.3868090510368347 reg_loss 0.03709932044148445
epoch: 14 s: 768000 batch_loss 0.4403417706489563 BPR_loss 0.40236932039260864 reg_loss 0.03797244280576706
+-------+-------------------+--------------------+--------------------+------------------------------------+------------------------------------+------------------------------------+------------------------------------+
| Epoch |  training time(s) |   tesing time(s)   |        Loss        |               recall               |                ndcg                |             precision              |             hit_ratio              |
+-------+-------------------+--------------------+--------------------+------------------------------------+------------------------------------+------------------------------------+------------------------------------+
|   14  | 43.43788290023804 | 37.636823654174805 | 170.42237854003906 | [0.16992612 0.23890348 0.29033499] | [0.14401545 0.16567246 0.18103353] | [0.05315158 0.03772356 0.03079465] | [0.56855784 0.67305245 0.73122781] |
+-------+-------------------+--------------------+--------------------+------------------------------------+------------------------------------+------------------------------------+------------------------------------+
epoch: 15 s: 0 batch_loss 0.4266265630722046 BPR_loss 0.38901832699775696 reg_loss 0.037608224898576736
epoch: 15 s: 256000 batch_loss 0.4367887079715729 BPR_loss 0.39906442165374756 reg_loss 0.03772428259253502
epoch: 15 s: 512000 batch_loss 0.43884962797164917 BPR_loss 0.40023598074913025 reg_loss 0.03861363232135773
epoch: 15 s: 768000 batch_loss 0.4290940463542938 BPR_loss 0.3912782669067383 reg_loss 0.03781578689813614
+-------+-------------------+--------------------+-----------------+------------------------------------+------------------------------------+------------------------------------+------------------------------------+
| Epoch |  training time(s) |   tesing time(s)   |       Loss      |               recall               |                ndcg                |             precision              |             hit_ratio              |
+-------+-------------------+--------------------+-----------------+------------------------------------+------------------------------------+------------------------------------+------------------------------------+
|   15  | 42.28840637207031 | 42.519623041152954 | 170.09912109375 | [0.17042432 0.23978943 0.29051295] | [0.14430265 0.1661586  0.18132372] | [0.05322862 0.03792032 0.03088396] | [0.56892625 0.67375578 0.73347177] |
+-------+-------------------+--------------------+-----------------+------------------------------------+------------------------------------+------------------------------------+------------------------------------+
epoch: 16 s: 0 batch_loss 0.4188755750656128 BPR_loss 0.3809395134449005 reg_loss 0.037936076521873474
epoch: 16 s: 256000 batch_loss 0.4321052134037018 BPR_loss 0.39411330223083496 reg_loss 0.037991903722286224
epoch: 16 s: 512000 batch_loss 0.43451276421546936 BPR_loss 0.39640533924102783 reg_loss 0.038107436150312424
epoch: 16 s: 768000 batch_loss 0.4172523319721222 BPR_loss 0.37827301025390625 reg_loss 0.03897931054234505
+-------+-------------------+-------------------+--------------------+------------------------------------+------------------------------------+------------------------------------+------------------------------------+
| Epoch |  training time(s) |   tesing time(s)  |        Loss        |               recall               |                ndcg                |             precision              |             hit_ratio              |
+-------+-------------------+-------------------+--------------------+------------------------------------+------------------------------------+------------------------------------+------------------------------------+
|   16  | 42.16896843910217 | 39.50039291381836 | 169.68276977539062 | [0.17080396 0.24083776 0.29119342] | [0.14479078 0.16676161 0.1818297 ] | [0.05348818 0.03804508 0.03095653] | [0.57150512 0.67479403 0.73350526] |
+-------+-------------------+-------------------+--------------------+------------------------------------+------------------------------------+------------------------------------+------------------------------------+
epoch: 17 s: 0 batch_loss 0.42455610632896423 BPR_loss 0.38609638810157776 reg_loss 0.038459714502096176
epoch: 17 s: 256000 batch_loss 0.4298821985721588 BPR_loss 0.3914937973022461 reg_loss 0.038388412445783615
epoch: 17 s: 512000 batch_loss 0.43289926648139954 BPR_loss 0.39418166875839233 reg_loss 0.038717593997716904
epoch: 17 s: 768000 batch_loss 0.4426332116127014 BPR_loss 0.4042125642299652 reg_loss 0.03842063248157501
+-------+-------------------+-------------------+--------------------+------------------------------------+------------------------------------+------------------------------------+------------------------------------+
| Epoch |  training time(s) |   tesing time(s)  |        Loss        |               recall               |                ndcg                |             precision              |             hit_ratio              |
+-------+-------------------+-------------------+--------------------+------------------------------------+------------------------------------+------------------------------------+------------------------------------+
|   17  | 42.75372290611267 | 37.75201606750488 | 169.56231689453125 | [0.170717   0.24164112 0.29140575] | [0.14460245 0.16689356 0.18178451] | [0.05336928 0.03808946 0.03092248] | [0.57130417 0.67630116 0.73300288] |
+-------+-------------------+-------------------+--------------------+------------------------------------+------------------------------------+------------------------------------+------------------------------------+
epoch: 18 s: 0 batch_loss 0.42562127113342285 BPR_loss 0.3872823119163513 reg_loss 0.03833897411823273
epoch: 18 s: 256000 batch_loss 0.41627025604248047 BPR_loss 0.3771052956581116 reg_loss 0.03916497156023979
epoch: 18 s: 512000 batch_loss 0.4170963764190674 BPR_loss 0.37792474031448364 reg_loss 0.039171647280454636
epoch: 18 s: 768000 batch_loss 0.43537116050720215 BPR_loss 0.3957691788673401 reg_loss 0.039601970463991165
+-------+-------------------+-------------------+-------------------+------------------------------------+------------------------------------+------------------------------------+------------------------------------+
| Epoch |  training time(s) |   tesing time(s)  |        Loss       |               recall               |                ndcg                |             precision              |             hit_ratio              |
+-------+-------------------+-------------------+-------------------+------------------------------------+------------------------------------+------------------------------------+------------------------------------+
|   18  | 42.75039625167847 | 44.42719388008118 | 169.0189666748047 | [0.17091964 0.24119801 0.29126942] | [0.14457364 0.16668516 0.18168272] | [0.05330732 0.03802666 0.03090964] | [0.57113671 0.67620068 0.73253399] |
+-------+-------------------+-------------------+-------------------+------------------------------------+------------------------------------+------------------------------------+------------------------------------+
epoch: 19 s: 0 batch_loss 0.42889925837516785 BPR_loss 0.38975298404693604 reg_loss 0.03914628177881241
epoch: 19 s: 256000 batch_loss 0.42195630073547363 BPR_loss 0.38255590200424194 reg_loss 0.03940039128065109
epoch: 19 s: 512000 batch_loss 0.42308276891708374 BPR_loss 0.38430237770080566 reg_loss 0.03878038749098778
epoch: 19 s: 768000 batch_loss 0.4238344132900238 BPR_loss 0.3841099739074707 reg_loss 0.0397244393825531
+-------+--------------------+-------------------+-------------------+------------------------------------+------------------------------------+------------------------------------+------------------------------------+
| Epoch |  training time(s)  |   tesing time(s)  |        Loss       |               recall               |                ndcg                |             precision              |             hit_ratio              |
+-------+--------------------+-------------------+-------------------+------------------------------------+------------------------------------+------------------------------------+------------------------------------+
|   19  | 42.503376483917236 | 38.76042437553406 | 168.8018341064453 | [0.17190456 0.24233291 0.29336477] | [0.14560218 0.16769283 0.18292449] | [0.05381472 0.03828287 0.03112287] | [0.57254337 0.67703798 0.73558175] |
+-------+--------------------+-------------------+-------------------+------------------------------------+------------------------------------+------------------------------------+------------------------------------+
epoch: 20 s: 0 batch_loss 0.437797486782074 BPR_loss 0.3995007872581482 reg_loss 0.03829668462276459
epoch: 20 s: 256000 batch_loss 0.4232926070690155 BPR_loss 0.38457226753234863 reg_loss 0.03872034326195717
epoch: 20 s: 512000 batch_loss 0.429229199886322 BPR_loss 0.3895823061466217 reg_loss 0.03964688256382942
epoch: 20 s: 768000 batch_loss 0.4340413510799408 BPR_loss 0.3955242931842804 reg_loss 0.0385170578956604
+-------+-------------------+--------------------+--------------------+------------------------------------+------------------------------------+------------------------------------+------------------------------------+
| Epoch |  training time(s) |   tesing time(s)   |        Loss        |               recall               |                ndcg                |             precision              |             hit_ratio              |
+-------+-------------------+--------------------+--------------------+------------------------------------+------------------------------------+------------------------------------+------------------------------------+
|   20  | 43.98180603981018 | 37.476051568984985 | 168.66213989257812 | [0.17138831 0.24216388 0.2926318 ] | [0.14548089 0.16769802 0.18281671] | [0.05369918 0.03824519 0.03109105] | [0.57264385 0.6773729  0.73548128] |
+-------+-------------------+--------------------+--------------------+------------------------------------+------------------------------------+------------------------------------+------------------------------------+
epoch: 21 s: 0 batch_loss 0.4157763123512268 BPR_loss 0.377144455909729 reg_loss 0.038631852716207504
epoch: 21 s: 256000 batch_loss 0.4300716519355774 BPR_loss 0.39088672399520874 reg_loss 0.03918492794036865
epoch: 21 s: 512000 batch_loss 0.42796069383621216 BPR_loss 0.38875123858451843 reg_loss 0.03920944407582283
epoch: 21 s: 768000 batch_loss 0.4331517219543457 BPR_loss 0.3932672441005707 reg_loss 0.03988446667790413
+-------+--------------------+-------------------+--------------------+------------------------------------+------------------------------------+------------------------------------+------------------------------------+
| Epoch |  training time(s)  |   tesing time(s)  |        Loss        |               recall               |                ndcg                |             precision              |             hit_ratio              |
+-------+--------------------+-------------------+--------------------+------------------------------------+------------------------------------+------------------------------------+------------------------------------+
|   21  | 44.335834980010986 | 42.41963529586792 | 168.39305114746094 | [0.1711977  0.24208703 0.2931038 ] | [0.14529787 0.16759059 0.18282792] | [0.05352837 0.03820584 0.03107821] | [0.57184004 0.67807623 0.73551477] |
+-------+--------------------+-------------------+--------------------+------------------------------------+------------------------------------+------------------------------------+------------------------------------+
epoch: 22 s: 0 batch_loss 0.40389636158943176 BPR_loss 0.36385577917099 reg_loss 0.04004059359431267
epoch: 22 s: 256000 batch_loss 0.42264384031295776 BPR_loss 0.38285791873931885 reg_loss 0.03978592902421951
epoch: 22 s: 512000 batch_loss 0.4219350218772888 BPR_loss 0.3821801543235779 reg_loss 0.039754871279001236
epoch: 22 s: 768000 batch_loss 0.42531895637512207 BPR_loss 0.38568979501724243 reg_loss 0.03962915018200874
+-------+-------------------+-------------------+--------------------+------------------------------------+------------------------------------+------------------------------------+------------------------------------+
| Epoch |  training time(s) |   tesing time(s)  |        Loss        |               recall               |                ndcg                |             precision              |             hit_ratio              |
+-------+-------------------+-------------------+--------------------+------------------------------------+------------------------------------+------------------------------------+------------------------------------+
|   22  | 42.80810785293579 | 39.74174189567566 | 168.27542114257812 | [0.17164742 0.24212418 0.29324865] | [0.14552025 0.16771149 0.18300638] | [0.05352669 0.03819496 0.03109775] | [0.5720075  0.6781767  0.73655302] |
+-------+-------------------+-------------------+--------------------+------------------------------------+------------------------------------+------------------------------------+------------------------------------+
epoch: 23 s: 0 batch_loss 0.41509485244750977 BPR_loss 0.3751062750816345 reg_loss 0.03998859226703644
epoch: 23 s: 256000 batch_loss 0.42691144347190857 BPR_loss 0.3871382474899292 reg_loss 0.03977319598197937
epoch: 23 s: 512000 batch_loss 0.42495450377464294 BPR_loss 0.38504332304000854 reg_loss 0.039911191910505295
epoch: 23 s: 768000 batch_loss 0.42308348417282104 BPR_loss 0.38345175981521606 reg_loss 0.039631713181734085
+-------+-------------------+------------------+--------------------+------------------------------------+------------------------------------+------------------------------------+------------------------------------+
| Epoch |  training time(s) |  tesing time(s)  |        Loss        |               recall               |                ndcg                |             precision              |             hit_ratio              |
+-------+-------------------+------------------+--------------------+------------------------------------+------------------------------------+------------------------------------+------------------------------------+
|   23  | 43.05237340927124 | 42.3103289604187 | 168.08859252929688 | [0.17173902 0.24227862 0.29412471] | [0.14589231 0.16803919 0.18350669] | [0.05374104 0.03824268 0.03117925] | [0.57344765 0.67854511 0.73792618] |
+-------+-------------------+------------------+--------------------+------------------------------------+------------------------------------+------------------------------------+------------------------------------+
epoch: 24 s: 0 batch_loss 0.4131951332092285 BPR_loss 0.37361425161361694 reg_loss 0.03958088904619217
epoch: 24 s: 256000 batch_loss 0.4147198498249054 BPR_loss 0.3748243451118469 reg_loss 0.03989550843834877
epoch: 24 s: 512000 batch_loss 0.44206807017326355 BPR_loss 0.40204060077667236 reg_loss 0.04002746194601059
epoch: 24 s: 768000 batch_loss 0.444143146276474 BPR_loss 0.4040234088897705 reg_loss 0.04011973366141319
+-------+--------------------+-------------------+-------------------+------------------------------------+------------------------------------+------------------------------------+------------------------------------+
| Epoch |  training time(s)  |   tesing time(s)  |        Loss       |               recall               |                ndcg                |             precision              |             hit_ratio              |
+-------+--------------------+-------------------+-------------------+------------------------------------+------------------------------------+------------------------------------+------------------------------------+
|   24  | 44.974109172821045 | 44.74673414230347 | 167.8780517578125 | [0.17146437 0.24220162 0.29314089] | [0.14585752 0.16805465 0.18327988] | [0.05365899 0.03817654 0.03107766] | [0.57277781 0.67807623 0.7370219 ] |
+-------+--------------------+-------------------+-------------------+------------------------------------+------------------------------------+------------------------------------+------------------------------------+
epoch: 25 s: 0 batch_loss 0.4253275394439697 BPR_loss 0.3853948414325714 reg_loss 0.03993269056081772
epoch: 25 s: 256000 batch_loss 0.43337127566337585 BPR_loss 0.39342164993286133 reg_loss 0.03994963318109512
epoch: 25 s: 512000 batch_loss 0.425847589969635 BPR_loss 0.3866438865661621 reg_loss 0.039203714579343796
epoch: 25 s: 768000 batch_loss 0.43335115909576416 BPR_loss 0.39304476976394653 reg_loss 0.04030638188123703
+-------+-------------------+--------------------+------------------+------------------------------------+------------------------------------+------------------------------------+------------------------------------+
| Epoch |  training time(s) |   tesing time(s)   |       Loss       |               recall               |                ndcg                |             precision              |             hit_ratio              |
+-------+-------------------+--------------------+------------------+------------------------------------+------------------------------------+------------------------------------+------------------------------------+
|   25  | 43.32182431221008 | 42.880659341812134 | 167.714599609375 | [0.17167575 0.24190276 0.29360252] | [0.14563598 0.16775571 0.1831542 ] | [0.05357358 0.03822342 0.03111785] | [0.57214147 0.67640163 0.73595016] |
+-------+-------------------+--------------------+------------------+------------------------------------+------------------------------------+------------------------------------+------------------------------------+
epoch: 26 s: 0 batch_loss 0.4215517044067383 BPR_loss 0.38154810667037964 reg_loss 0.04000358656048775
epoch: 26 s: 256000 batch_loss 0.4268254339694977 BPR_loss 0.3864514231681824 reg_loss 0.04037400335073471
epoch: 26 s: 512000 batch_loss 0.4226616621017456 BPR_loss 0.38307079672813416 reg_loss 0.03959086909890175
epoch: 26 s: 768000 batch_loss 0.42590999603271484 BPR_loss 0.3857346773147583 reg_loss 0.04017530754208565
+-------+-------------------+--------------------+----------------+------------------------------------+------------------------------------+------------------------------------+------------------------------------+
| Epoch |  training time(s) |   tesing time(s)   |      Loss      |               recall               |                ndcg                |             precision              |             hit_ratio              |
+-------+-------------------+--------------------+----------------+------------------------------------+------------------------------------+------------------------------------+------------------------------------+
|   26  | 43.95501232147217 | 42.150909423828125 | 167.7001953125 | [0.17170513 0.24268762 0.29382266] | [0.14561907 0.16797171 0.18323585] | [0.05354679 0.03824436 0.03111617] | [0.57274432 0.67774131 0.73789269] |
+-------+-------------------+--------------------+----------------+------------------------------------+------------------------------------+------------------------------------+------------------------------------+
epoch: 27 s: 0 batch_loss 0.42038220167160034 BPR_loss 0.380343496799469 reg_loss 0.04003869369626045
epoch: 27 s: 256000 batch_loss 0.41536954045295715 BPR_loss 0.37511152029037476 reg_loss 0.0402580127120018
epoch: 27 s: 512000 batch_loss 0.41737979650497437 BPR_loss 0.3767159581184387 reg_loss 0.04066384956240654
epoch: 27 s: 768000 batch_loss 0.4304039478302002 BPR_loss 0.3906351327896118 reg_loss 0.039768800139427185
+-------+--------------------+-------------------+-------------------+------------------------------------+------------------------------------+------------------------------------+------------------------------------+
| Epoch |  training time(s)  |   tesing time(s)  |        Loss       |               recall               |                ndcg                |             precision              |             hit_ratio              |
+-------+--------------------+-------------------+-------------------+------------------------------------+------------------------------------+------------------------------------+------------------------------------+
|   27  | 44.732377767562866 | 45.52906608581543 | 167.4678192138672 | [0.17164981 0.24295216 0.29421382] | [0.14567654 0.16809141 0.18335599] | [0.05367573 0.03832892 0.03115971] | [0.5724429  0.67914797 0.73802666] |
+-------+--------------------+-------------------+-------------------+------------------------------------+------------------------------------+------------------------------------+------------------------------------+
epoch: 28 s: 0 batch_loss 0.42604348063468933 BPR_loss 0.3860175609588623 reg_loss 0.040025919675827026
epoch: 28 s: 256000 batch_loss 0.42627662420272827 BPR_loss 0.38610827922821045 reg_loss 0.040168337523937225
epoch: 28 s: 512000 batch_loss 0.41027310490608215 BPR_loss 0.3696606159210205 reg_loss 0.04061250016093254
epoch: 28 s: 768000 batch_loss 0.4237668216228485 BPR_loss 0.3832882344722748 reg_loss 0.040478575974702835
+-------+--------------------+--------------------+-------------------+------------------------------------+------------------------------------+------------------------------------+---------------------------------+
| Epoch |  training time(s)  |   tesing time(s)   |        Loss       |               recall               |                ndcg                |             precision              |            hit_ratio            |
+-------+--------------------+--------------------+-------------------+------------------------------------+------------------------------------+------------------------------------+---------------------------------+
|   28  | 43.486154079437256 | 44.403101682662964 | 167.4173583984375 | [0.17283769 0.24409049 0.29424625] | [0.14652873 0.16891092 0.18389017] | [0.05408098 0.0385642  0.03124232] | [0.5744859 0.6814924 0.7386965] |
+-------+--------------------+--------------------+-------------------+------------------------------------+------------------------------------+------------------------------------+---------------------------------+
epoch: 29 s: 0 batch_loss 0.4225770831108093 BPR_loss 0.38235050439834595 reg_loss 0.04022657126188278
epoch: 29 s: 256000 batch_loss 0.423781156539917 BPR_loss 0.3834908604621887 reg_loss 0.04029028117656708
epoch: 29 s: 512000 batch_loss 0.43319690227508545 BPR_loss 0.39252448081970215 reg_loss 0.040672410279512405
epoch: 29 s: 768000 batch_loss 0.4175002872943878 BPR_loss 0.3766995966434479 reg_loss 0.04080069437623024
+-------+-------------------+--------------------+--------------------+------------------------------------+------------------------------------+------------------------------------+------------------------------------+
| Epoch |  training time(s) |   tesing time(s)   |        Loss        |               recall               |                ndcg                |             precision              |             hit_ratio              |
+-------+-------------------+--------------------+--------------------+------------------------------------+------------------------------------+------------------------------------+------------------------------------+
|   29  | 43.49257731437683 | 45.443833112716675 | 167.34832763671875 | [0.17246321 0.24371917 0.29432542] | [0.14621777 0.16858404 0.18364074] | [0.05403409 0.0385148  0.03120437] | [0.57358162 0.68008574 0.73799317] |
+-------+-------------------+--------------------+--------------------+------------------------------------+------------------------------------+------------------------------------+------------------------------------+
epoch: 30 s: 0 batch_loss 0.4150306284427643 BPR_loss 0.3744247555732727 reg_loss 0.04060586541891098
epoch: 30 s: 256000 batch_loss 0.4245530664920807 BPR_loss 0.3837231397628784 reg_loss 0.04082993417978287
epoch: 30 s: 512000 batch_loss 0.4320100247859955 BPR_loss 0.3908459544181824 reg_loss 0.04116406291723251
epoch: 30 s: 768000 batch_loss 0.4209197461605072 BPR_loss 0.3800088167190552 reg_loss 0.04091094061732292
+-------+--------------------+-------------------+--------------------+------------------------------------+------------------------------------+------------------------------------+------------------------------------+
| Epoch |  training time(s)  |   tesing time(s)  |        Loss        |               recall               |                ndcg                |             precision              |             hit_ratio              |
+-------+--------------------+-------------------+--------------------+------------------------------------+------------------------------------+------------------------------------+------------------------------------+
|   30  | 44.288803577423096 | 42.21618056297302 | 167.18312072753906 | [0.17227248 0.24344407 0.29411245] | [0.14629901 0.16869451 0.18381634] | [0.0537176  0.03834399 0.0311212 ] | [0.57451939 0.67954987 0.73742381] |
+-------+--------------------+-------------------+--------------------+------------------------------------+------------------------------------+------------------------------------+------------------------------------+
epoch: 31 s: 0 batch_loss 0.41303253173828125 BPR_loss 0.3725825548171997 reg_loss 0.04044996574521065
epoch: 31 s: 256000 batch_loss 0.41511428356170654 BPR_loss 0.373751699924469 reg_loss 0.04136257991194725
epoch: 31 s: 512000 batch_loss 0.4349778890609741 BPR_loss 0.39424359798431396 reg_loss 0.04073429852724075
epoch: 31 s: 768000 batch_loss 0.42921197414398193 BPR_loss 0.3886217176914215 reg_loss 0.04059024900197983
+-------+-------------------+-------------------+--------------------+------------------------------------+------------------------------------+------------------------------------+------------------------------------+
| Epoch |  training time(s) |   tesing time(s)  |        Loss        |               recall               |                ndcg                |             precision              |             hit_ratio              |
+-------+-------------------+-------------------+--------------------+------------------------------------+------------------------------------+------------------------------------+------------------------------------+
|   31  | 43.95972037315369 | 44.28629684448242 | 167.22715759277344 | [0.171819   0.24307405 0.29444822] | [0.14644244 0.16885516 0.18416846] | [0.05368913 0.03833144 0.03115301] | [0.57291178 0.67921495 0.73889745] |
+-------+-------------------+-------------------+--------------------+------------------------------------+------------------------------------+------------------------------------+------------------------------------+
epoch: 32 s: 0 batch_loss 0.43088671565055847 BPR_loss 0.3901664614677429 reg_loss 0.040720246732234955
epoch: 32 s: 256000 batch_loss 0.429680198431015 BPR_loss 0.3880652189254761 reg_loss 0.04161497578024864
epoch: 32 s: 512000 batch_loss 0.4337339699268341 BPR_loss 0.3928736746311188 reg_loss 0.04086030647158623
epoch: 32 s: 768000 batch_loss 0.4278671443462372 BPR_loss 0.3861491084098816 reg_loss 0.04171803966164589
+-------+-------------------+--------------------+--------------------+------------------------------------+------------------------------------+------------------------------------+------------------------------------+
| Epoch |  training time(s) |   tesing time(s)   |        Loss        |               recall               |                ndcg                |             precision              |             hit_ratio              |
+-------+-------------------+--------------------+--------------------+------------------------------------+------------------------------------+------------------------------------+------------------------------------+
|   32  | 43.50545120239258 | 49.351715326309204 | 166.76402282714844 | [0.17228648 0.24322732 0.2941811 ] | [0.14608156 0.16842793 0.18359039] | [0.05374272 0.03835237 0.03111338] | [0.57247639 0.67827718 0.73759127] |
+-------+-------------------+--------------------+--------------------+------------------------------------+------------------------------------+------------------------------------+------------------------------------+
epoch: 33 s: 0 batch_loss 0.4197472929954529 BPR_loss 0.37929287552833557 reg_loss 0.04045441001653671
epoch: 33 s: 256000 batch_loss 0.41237396001815796 BPR_loss 0.3709322214126587 reg_loss 0.041441746056079865
epoch: 33 s: 512000 batch_loss 0.4225507378578186 BPR_loss 0.38098984956741333 reg_loss 0.041560880839824677
epoch: 33 s: 768000 batch_loss 0.43447789549827576 BPR_loss 0.3937191367149353 reg_loss 0.040758758783340454
+-------+-------------------+--------------------+--------------------+------------------------------------+------------------------------------+------------------------------------+------------------------------------+
| Epoch |  training time(s) |   tesing time(s)   |        Loss        |               recall               |                ndcg                |             precision              |             hit_ratio              |
+-------+-------------------+--------------------+--------------------+------------------------------------+------------------------------------+------------------------------------+------------------------------------+
|   33  | 42.92584753036499 | 41.497902393341064 | 166.80226135253906 | [0.17177732 0.24343902 0.29435512] | [0.14586886 0.16841847 0.18361055] | [0.05366568 0.03837916 0.03117869] | [0.57287829 0.67924844 0.73712238] |
+-------+-------------------+--------------------+--------------------+------------------------------------+------------------------------------+------------------------------------+------------------------------------+
epoch: 34 s: 0 batch_loss 0.4168764650821686 BPR_loss 0.3757268190383911 reg_loss 0.04114963486790657
epoch: 34 s: 256000 batch_loss 0.4251879155635834 BPR_loss 0.38409143686294556 reg_loss 0.04109647497534752
epoch: 34 s: 512000 batch_loss 0.41817232966423035 BPR_loss 0.377471923828125 reg_loss 0.040700409561395645
epoch: 34 s: 768000 batch_loss 0.42181193828582764 BPR_loss 0.3805983066558838 reg_loss 0.04121362790465355
+-------+--------------------+--------------------+-------------------+------------------------------------+------------------------------------+------------------------------------+------------------------------------+
| Epoch |  training time(s)  |   tesing time(s)   |        Loss       |               recall               |                ndcg                |             precision              |             hit_ratio              |
+-------+--------------------+--------------------+-------------------+------------------------------------+------------------------------------+------------------------------------+------------------------------------+
|   34  | 43.891611099243164 | 41.775065183639526 | 166.6169891357422 | [0.17191297 0.2434977  0.29417035] | [0.14581859 0.16836876 0.18348588] | [0.05362717 0.03836242 0.03113738] | [0.5724429  0.67961685 0.73816063] |
+-------+--------------------+--------------------+-------------------+------------------------------------+------------------------------------+------------------------------------+------------------------------------+
epoch: 35 s: 0 batch_loss 0.4200173616409302 BPR_loss 0.3791092038154602 reg_loss 0.040908169001340866
epoch: 35 s: 256000 batch_loss 0.41017791628837585 BPR_loss 0.369043231010437 reg_loss 0.04113468900322914
epoch: 35 s: 512000 batch_loss 0.4340490400791168 BPR_loss 0.392524391412735 reg_loss 0.04152465611696243
epoch: 35 s: 768000 batch_loss 0.4275496006011963 BPR_loss 0.38636767864227295 reg_loss 0.04118192568421364
+-------+--------------------+-----------------+--------------------+------------------------------------+------------------------------------+------------------------------------+------------------------------------+
| Epoch |  training time(s)  |  tesing time(s) |        Loss        |               recall               |                ndcg                |             precision              |             hit_ratio              |
+-------+--------------------+-----------------+--------------------+------------------------------------+------------------------------------+------------------------------------+------------------------------------+
|   35  | 44.110069036483765 | 47.567387342453 | 166.68724060058594 | [0.17205971 0.24319177 0.29461905] | [0.14593914 0.16838267 0.18370525] | [0.05355851 0.03829292 0.03113571] | [0.57351464 0.67877956 0.738663  ] |
+-------+--------------------+-----------------+--------------------+------------------------------------+------------------------------------+------------------------------------+------------------------------------+
epoch: 36 s: 0 batch_loss 0.41277995705604553 BPR_loss 0.3714912533760071 reg_loss 0.04128871113061905
epoch: 36 s: 256000 batch_loss 0.41390109062194824 BPR_loss 0.3724271059036255 reg_loss 0.04147398844361305
epoch: 36 s: 512000 batch_loss 0.41264086961746216 BPR_loss 0.37176209688186646 reg_loss 0.0408787839114666
epoch: 36 s: 768000 batch_loss 0.42597001791000366 BPR_loss 0.3850686252117157 reg_loss 0.04090138524770737
+-------+-------------------+------------------+--------------------+------------------------------------+------------------------------------+------------------------------------+------------------------------------+
| Epoch |  training time(s) |  tesing time(s)  |        Loss        |               recall               |                ndcg                |             precision              |             hit_ratio              |
+-------+-------------------+------------------+--------------------+------------------------------------+------------------------------------+------------------------------------+------------------------------------+
|   36  | 42.93755769729614 | 39.5733323097229 | 166.50160217285156 | [0.17279804 0.24352094 0.294472  ] | [0.14614259 0.16838006 0.18359007] | [0.05382142 0.03834483 0.03115469] | [0.574084   0.67975082 0.73856253] |
+-------+-------------------+------------------+--------------------+------------------------------------+------------------------------------+------------------------------------+------------------------------------+
epoch: 37 s: 0 batch_loss 0.4113157093524933 BPR_loss 0.3699439465999603 reg_loss 0.04137175902724266
epoch: 37 s: 256000 batch_loss 0.41541624069213867 BPR_loss 0.37442851066589355 reg_loss 0.04098771512508392
epoch: 37 s: 512000 batch_loss 0.42525574564933777 BPR_loss 0.38351500034332275 reg_loss 0.04174075275659561
epoch: 37 s: 768000 batch_loss 0.4119153320789337 BPR_loss 0.3700147271156311 reg_loss 0.041900597512722015
+-------+--------------------+-------------------+--------------------+------------------------------------+------------------------------------+------------------------------------+------------------------------------+
| Epoch |  training time(s)  |   tesing time(s)  |        Loss        |               recall               |                ndcg                |             precision              |             hit_ratio              |
+-------+--------------------+-------------------+--------------------+------------------------------------+------------------------------------+------------------------------------+------------------------------------+
|   37  | 42.552584171295166 | 39.72130608558655 | 166.40345764160156 | [0.17243488 0.24314614 0.29444475] | [0.14631103 0.16854086 0.18381957] | [0.05386998 0.0383306  0.03114464] | [0.57401701 0.67931543 0.73795968] |
+-------+--------------------+-------------------+--------------------+------------------------------------+------------------------------------+------------------------------------+------------------------------------+
epoch: 38 s: 0 batch_loss 0.410713791847229 BPR_loss 0.3695584535598755 reg_loss 0.041155342012643814
epoch: 38 s: 256000 batch_loss 0.4304625689983368 BPR_loss 0.38935959339141846 reg_loss 0.04110298678278923
epoch: 38 s: 512000 batch_loss 0.42173150181770325 BPR_loss 0.3800647258758545 reg_loss 0.04166677966713905
epoch: 38 s: 768000 batch_loss 0.42496365308761597 BPR_loss 0.38408827781677246 reg_loss 0.0408753901720047
+-------+--------------------+--------------------+-------------------+------------------------------------+------------------------------------+------------------------------------+------------------------------------+
| Epoch |  training time(s)  |   tesing time(s)   |        Loss       |               recall               |                ndcg                |             precision              |             hit_ratio              |
+-------+--------------------+--------------------+-------------------+------------------------------------+------------------------------------+------------------------------------+------------------------------------+
|   38  | 44.592408418655396 | 42.517775535583496 | 166.2989959716797 | [0.17272137 0.24392299 0.29482387] | [0.14647343 0.16887183 0.18403965] | [0.0539018  0.03848215 0.03121888] | [0.57461987 0.68055463 0.7390984 ] |
+-------+--------------------+--------------------+-------------------+------------------------------------+------------------------------------+------------------------------------+------------------------------------+
Early stopping is trigger at step: 10 log:0.17272137406356675
early stopping at 38, recall@20:0.1728
