Namespace(K=1, Ks='[20, 40, 60]', alpha=0.0, batch_size=2048, batch_test_flag=True, context_hops=3, cuda=True, data_path='data/', dataset='ali', dim=64, edge_dropout=False, edge_dropout_rate=0.1, epoch=1000, gnn='lightgcn', gpu_id=2, l2=0.001, lr=0.001, mess_dropout=False, mess_dropout_rate=0.1, n_negs=32, neg_mix_num=2, ns='mixgcf', out_dir='./weights/yelp2018/', pool='mean', save=False, test_batch_size=2048, test_flag='part')
reading train and test user-item set ...
building the adj mat ...
loading over ...
卷积器不需要第0层embedding
拿这个最难的neg_item去和pos_item在每一个维度上进行softmax自适应权重,引入alpha超参数来控制模型倾向,在权重分母上mixup多个negative items......
start training ...
epoch: 0 s: 0 batch_loss 0.6931479573249817 BPR_loss 0.6931476593017578 reg_loss 3.209204066934035e-07
epoch: 0 s: 256000 batch_loss 0.6867995858192444 BPR_loss 0.6865766644477844 reg_loss 0.0002229209349025041
epoch: 0 s: 512000 batch_loss 0.6704145073890686 BPR_loss 0.6693929433822632 reg_loss 0.0010215637739747763
+-------+--------------------+--------------------+--------------------+------------------------------------+------------------------------------+------------------------------------+------------------------------------+
| Epoch |  training time(s)  |   tesing time(s)   |        Loss        |               recall               |                ndcg                |             precision              |             hit_ratio              |
+-------+--------------------+--------------------+--------------------+------------------------------------+------------------------------------+------------------------------------+------------------------------------+
|   0   | 44.929917097091675 | 141.44232726097107 | 243.39503479003906 | [0.04658231 0.07319389 0.09265755] | [0.0209426  0.02666688 0.03029637] | [0.00291076 0.00230406 0.00194832] | [0.05609178 0.08752965 0.11010148] |
|   0   | 44.929917097091675 | 129.74816393852234 | 243.39503479003906 | [0.00425145 0.00775654 0.01144831] | [0.00168836 0.00241614 0.00308592] | [0.00022609 0.00021168 0.00021082] | [0.00444786 0.00830464 0.0123683 ] |
+-------+--------------------+--------------------+--------------------+------------------------------------+------------------------------------+------------------------------------+------------------------------------+
epoch: 1 s: 0 batch_loss 0.6617337465286255 BPR_loss 0.6601083278656006 reg_loss 0.0016253907233476639
epoch: 1 s: 256000 batch_loss 0.6541825532913208 BPR_loss 0.6521543264389038 reg_loss 0.002028248505666852
epoch: 1 s: 512000 batch_loss 0.643112301826477 BPR_loss 0.640271782875061 reg_loss 0.0028404919430613518
+-------+--------------------+--------------------+--------------------+------------------------------------+------------------------------------+------------------------------------+------------------------------------+
| Epoch |  training time(s)  |   tesing time(s)   |        Loss        |               recall               |                ndcg                |             precision              |             hit_ratio              |
+-------+--------------------+--------------------+--------------------+------------------------------------+------------------------------------+------------------------------------+------------------------------------+
|   1   | 45.112000942230225 | 139.7405903339386  | 233.45074462890625 | [0.05654657 0.08690677 0.10899719] | [0.0257214  0.03227046 0.03638479] | [0.00345058 0.0026867  0.00225512] | [0.06708124 0.10251779 0.12804037] |
|   1   | 45.112000942230225 | 127.55124068260193 | 233.45074462890625 | [0.00563851 0.01021444 0.01544608] | [0.00224457 0.00318899 0.00413914] | [0.00029923 0.00027633 0.00028298] | [0.00592555 0.01090538 0.01666839] |
+-------+--------------------+--------------------+--------------------+------------------------------------+------------------------------------+------------------------------------+------------------------------------+
epoch: 2 s: 0 batch_loss 0.6366637945175171 BPR_loss 0.6334019899368286 reg_loss 0.003261781297624111
epoch: 2 s: 256000 batch_loss 0.6248978972434998 BPR_loss 0.6209211349487305 reg_loss 0.003976751584559679
epoch: 2 s: 512000 batch_loss 0.6112372279167175 BPR_loss 0.6061525344848633 reg_loss 0.00508468272164464
+-------+-------------------+--------------------+-------------------+------------------------------------+------------------------------------+------------------------------------+------------------------------------+
| Epoch |  training time(s) |   tesing time(s)   |        Loss       |               recall               |                ndcg                |             precision              |             hit_ratio              |
+-------+-------------------+--------------------+-------------------+------------------------------------+------------------------------------+------------------------------------+------------------------------------+
|   2   | 45.27348065376282 | 140.00722193717957 | 221.5222930908203 | [0.06209163 0.09494916 0.11769319] | [0.02822558 0.03528715 0.03952423] | [0.00373876 0.00290593 0.00241437] | [0.07294137 0.11134245 0.13756825] |
|   2   | 45.27348065376282 | 128.0561764240265  | 221.5222930908203 | [0.00653621 0.01213051 0.01814829] | [0.00262254 0.00377543 0.00486354] | [0.0003443  0.00032583 0.00033051] | [0.00682695 0.01290027 0.01954989] |
+-------+-------------------+--------------------+-------------------+------------------------------------+------------------------------------+------------------------------------+------------------------------------+
epoch: 3 s: 0 batch_loss 0.5982827544212341 BPR_loss 0.5926389098167419 reg_loss 0.005643870681524277
epoch: 3 s: 256000 batch_loss 0.5840266942977905 BPR_loss 0.5775477886199951 reg_loss 0.0064789182506501675
epoch: 3 s: 512000 batch_loss 0.5731926560401917 BPR_loss 0.5660148859024048 reg_loss 0.007177785038948059
+-------+--------------------+--------------------+--------------------+------------------------------------+------------------------------------+------------------------------------+------------------------------------+
| Epoch |  training time(s)  |   tesing time(s)   |        Loss        |               recall               |                ndcg                |             precision              |             hit_ratio              |
+-------+--------------------+--------------------+--------------------+------------------------------------+------------------------------------+------------------------------------+------------------------------------+
|   3   | 43.969000577926636 | 148.76196360588074 | 207.73025512695312 | [0.06609089 0.10032125 0.12357367] | [0.03009686 0.03742724 0.0417679 ] | [0.003958   0.00305071 0.00252813] | [0.07727097 0.11718879 0.14422812] |
|   3   | 43.969000577926636 |  131.665057182312  | 207.73025512695312 | [0.00766788 0.013523   0.02011978] | [0.00304653 0.00425471 0.00544807] | [0.00040415 0.00036204 0.00036401] | [0.00802388 0.01433363 0.02157434] |
+-------+--------------------+--------------------+--------------------+------------------------------------+------------------------------------+------------------------------------+------------------------------------+
epoch: 4 s: 0 batch_loss 0.5587080121040344 BPR_loss 0.5506612062454224 reg_loss 0.008046778850257397
epoch: 4 s: 256000 batch_loss 0.5392733812332153 BPR_loss 0.5304560661315918 reg_loss 0.008817309513688087
epoch: 4 s: 512000 batch_loss 0.5355898141860962 BPR_loss 0.5258889198303223 reg_loss 0.009700887836515903
+-------+--------------------+--------------------+--------------------+------------------------------------+------------------------------------+------------------------------------+------------------------------------+
| Epoch |  training time(s)  |   tesing time(s)   |        Loss        |               recall               |                ndcg                |             precision              |             hit_ratio              |
+-------+--------------------+--------------------+--------------------+------------------------------------+------------------------------------+------------------------------------+------------------------------------+
|   4   | 44.677831411361694 | 141.11574530601501 | 193.88943481445312 | [0.06919229 0.103521   0.12705325] | [0.03136741 0.038722   0.0431144 ] | [0.00411933 0.00313655 0.00258972] | [0.08055264 0.12076002 0.14788208] |
|   4   | 44.677831411361694 | 129.37325716018677 | 193.88943481445312 | [0.00847445 0.01508566 0.02191826] | [0.00337735 0.00474283 0.00597436] | [0.00044626 0.00040378 0.00039553] | [0.00886617 0.01601821 0.02343623] |
+-------+--------------------+--------------------+--------------------+------------------------------------+------------------------------------+------------------------------------+------------------------------------+
epoch: 5 s: 0 batch_loss 0.5208957195281982 BPR_loss 0.5102663040161133 reg_loss 0.010629437863826752
epoch: 5 s: 256000 batch_loss 0.5155958533287048 BPR_loss 0.5049866437911987 reg_loss 0.010609213262796402
epoch: 5 s: 512000 batch_loss 0.49869152903556824 BPR_loss 0.486817866563797 reg_loss 0.011873666197061539
+-------+-------------------+--------------------+--------------------+------------------------------------+------------------------------------+------------------------------------+------------------------------------+
| Epoch |  training time(s) |   tesing time(s)   |        Loss        |               recall               |                ndcg                |             precision              |             hit_ratio              |
+-------+-------------------+--------------------+--------------------+------------------------------------+------------------------------------+------------------------------------+------------------------------------+
|   5   | 44.22697710990906 | 143.62050557136536 | 180.80467224121094 | [0.07146348 0.10584643 0.13024251] | [0.03238899 0.03976716 0.04432274] | [0.00422963 0.00319274 0.00264763] | [0.08280018 0.12304892 0.15126027] |
|   5   | 44.22697710990906 | 131.8385467529297  | 180.80467224121094 | [0.00924655 0.01632211 0.02339965] | [0.00364483 0.00510667 0.00638091] | [0.00048764 0.00043666 0.00042139] | [0.00970845 0.01734813 0.02494348] |
+-------+-------------------+--------------------+--------------------+------------------------------------+------------------------------------+------------------------------------+------------------------------------+
epoch: 6 s: 0 batch_loss 0.4862934648990631 BPR_loss 0.47370123863220215 reg_loss 0.012592215090990067
epoch: 6 s: 256000 batch_loss 0.47803443670272827 BPR_loss 0.46525153517723083 reg_loss 0.012782895937561989
epoch: 6 s: 512000 batch_loss 0.47005990147590637 BPR_loss 0.4561183452606201 reg_loss 0.013941566459834576
+-------+-------------------+--------------------+--------------------+------------------------------------+------------------------------------+------------------------------------+------------------------------------+
| Epoch |  training time(s) |   tesing time(s)   |        Loss        |               recall               |                ndcg                |             precision              |             hit_ratio              |
+-------+-------------------+--------------------+--------------------+------------------------------------+------------------------------------+------------------------------------+------------------------------------+
|   6   | 44.76014828681946 | 143.31495428085327 | 168.44322204589844 | [0.07321254 0.10725954 0.13126985] | [0.03308551 0.04038746 0.04487855] | [0.00431926 0.00322548 0.00266555] | [0.08460648 0.12442778 0.15236336] |
|   6   | 44.76014828681946 | 131.38211607933044 | 168.44322204589844 | [0.00972741 0.01734479 0.02485271] | [0.00384885 0.00542501 0.0067784 ] | [0.0005135  0.00046289 0.0004475 ] | [0.01022564 0.01838252 0.02650983] |
+-------+-------------------+--------------------+--------------------+------------------------------------+------------------------------------+------------------------------------+------------------------------------+
epoch: 7 s: 0 batch_loss 0.44221997261047363 BPR_loss 0.42723792791366577 reg_loss 0.014982049353420734
epoch: 7 s: 256000 batch_loss 0.44776856899261475 BPR_loss 0.4328147768974304 reg_loss 0.014953789301216602
epoch: 7 s: 512000 batch_loss 0.4373592734336853 BPR_loss 0.42119380831718445 reg_loss 0.016165466979146004
+-------+-------------------+--------------------+------------------+------------------------------------+------------------------------------+------------------------------------+------------------------------------+
| Epoch |  training time(s) |   tesing time(s)   |       Loss       |               recall               |                ndcg                |             precision              |             hit_ratio              |
+-------+-------------------+--------------------+------------------+------------------------------------+------------------------------------+------------------------------------+------------------------------------+
|   7   | 44.16645002365112 | 142.65398788452148 | 157.547119140625 | [0.07412374 0.10842115 0.13277546] | [0.0334853  0.04083494 0.04538571] | [0.00436821 0.00325237 0.00268922] | [0.08562683 0.12564117 0.153756  ] |
|   7   | 44.16645002365112 | 127.71143627166748 | 157.547119140625 | [0.01045641 0.01859049 0.02606368] | [0.00408458 0.00575976 0.00710919] | [0.00055192 0.00049466 0.00046991] | [0.01097927 0.01965333 0.02786931] |
+-------+-------------------+--------------------+------------------+------------------------------------+------------------------------------+------------------------------------+------------------------------------+
epoch: 8 s: 0 batch_loss 0.42959895730018616 BPR_loss 0.4132881760597229 reg_loss 0.01631077006459236
epoch: 8 s: 256000 batch_loss 0.40940237045288086 BPR_loss 0.3917056918144226 reg_loss 0.017696671187877655
epoch: 8 s: 512000 batch_loss 0.40331128239631653 BPR_loss 0.38503479957580566 reg_loss 0.01827649585902691
+-------+-------------------+--------------------+--------------------+------------------------------------+------------------------------------+------------------------------------+------------------------------------+
| Epoch |  training time(s) |   tesing time(s)   |        Loss        |               recall               |                ndcg                |             precision              |             hit_ratio              |
+-------+-------------------+--------------------+--------------------+------------------------------------+------------------------------------+------------------------------------+------------------------------------+
|   8   | 44.20992088317871 | 144.50450658798218 | 147.61563110351562 | [0.07489971 0.10920053 0.13340598] | [0.03393858 0.04129198 0.04581976] | [0.00440268 0.0032665  0.00269543] | [0.08642656 0.12622029 0.15429375] |
|   8   | 44.20992088317871 | 128.38322186470032 | 147.61563110351562 | [0.01088063 0.01920866 0.02672594] | [0.00424236 0.00596212 0.00732249] | [0.00057335 0.00051091 0.00048173] | [0.01142258 0.02028874 0.02856383] |
+-------+-------------------+--------------------+--------------------+------------------------------------+------------------------------------+------------------------------------+------------------------------------+
epoch: 9 s: 0 batch_loss 0.40032947063446045 BPR_loss 0.3820782005786896 reg_loss 0.01825125515460968
epoch: 9 s: 256000 batch_loss 0.3941143751144409 BPR_loss 0.37457209825515747 reg_loss 0.019542271271348
epoch: 9 s: 512000 batch_loss 0.3838161826133728 BPR_loss 0.3639358878135681 reg_loss 0.01988028921186924
+-------+-------------------+--------------------+--------------------+------------------------------------+------------------------------------+------------------------------------+------------------------------------+
| Epoch |  training time(s) |   tesing time(s)   |        Loss        |               recall               |                ndcg                |             precision              |             hit_ratio              |
+-------+-------------------+--------------------+--------------------+------------------------------------+------------------------------------+------------------------------------+------------------------------------+
|   9   | 44.25271701812744 | 150.34020614624023 | 138.74063110351562 | [0.07578045 0.1101044  0.13330919] | [0.03438713 0.04174269 0.04607971] | [0.00445232 0.00329098 0.00268739] | [0.08736418 0.12717169 0.1539904 ] |
|   9   | 44.25271701812744 | 127.53404831886292 | 138.74063110351562 | [0.01129254 0.01996587 0.02762487] | [0.00442369 0.00621317 0.00759833] | [0.00059551 0.00053086 0.00049848] | [0.01186588 0.0210867  0.02956866] |
+-------+-------------------+--------------------+--------------------+------------------------------------+------------------------------------+------------------------------------+------------------------------------+
epoch: 10 s: 0 batch_loss 0.36696237325668335 BPR_loss 0.3467360734939575 reg_loss 0.020226312801241875
epoch: 10 s: 256000 batch_loss 0.36556780338287354 BPR_loss 0.3446049392223358 reg_loss 0.020962849259376526
epoch: 10 s: 512000 batch_loss 0.3577554225921631 BPR_loss 0.33603543043136597 reg_loss 0.021720007061958313
+-------+-------------------+--------------------+--------------------+------------------------------------+------------------------------------+------------------------------------+------------------------------------+
| Epoch |  training time(s) |   tesing time(s)   |        Loss        |               recall               |                ndcg                |             precision              |             hit_ratio              |
+-------+-------------------+--------------------+--------------------+------------------------------------+------------------------------------+------------------------------------+------------------------------------+
|   10  | 44.61278247833252 | 142.3588411808014  | 130.64138793945312 | [0.07601976 0.11040032 0.13325935] | [0.0345044  0.04187154 0.04614395] | [0.00446128 0.00329512 0.00268233] | [0.08747449 0.12746125 0.15385252] |
|   10  | 44.61278247833252 | 129.51965713500977 | 130.64138793945312 | [0.01183867 0.02060497 0.02831446] | [0.00459142 0.00640526 0.00779801] | [0.00062506 0.00054896 0.00051054] | [0.01245696 0.02179599 0.03029273] |
+-------+-------------------+--------------------+--------------------+------------------------------------+------------------------------------+------------------------------------+------------------------------------+
epoch: 11 s: 0 batch_loss 0.36079666018486023 BPR_loss 0.33936434984207153 reg_loss 0.02143229730427265
epoch: 11 s: 256000 batch_loss 0.3465385138988495 BPR_loss 0.3241133689880371 reg_loss 0.022425157949328423
epoch: 11 s: 512000 batch_loss 0.33881574869155884 BPR_loss 0.3159726858139038 reg_loss 0.02284306474030018
+-------+--------------------+--------------------+--------------------+------------------------------------+------------------------------------+------------------------------------+------------------------------------+
| Epoch |  training time(s)  |   tesing time(s)   |        Loss        |               recall               |                ndcg                |             precision              |             hit_ratio              |
+-------+--------------------+--------------------+--------------------+------------------------------------+------------------------------------+------------------------------------+------------------------------------+
|   11  | 45.380595207214355 | 143.18014192581177 | 123.59678649902344 | [0.07573798 0.11047948 0.13314968] | [0.03453651 0.04197676 0.04620833] | [0.0044468  0.0032996  0.00267773] | [0.08719872 0.12768187 0.15364569] |
|   11  | 45.380595207214355 | 127.77921938896179 | 123.59678649902344 | [0.0121975  0.02093868 0.02904468] | [0.00473048 0.00654332 0.00800708] | [0.00064427 0.00055857 0.00052335] | [0.01284116 0.02215064 0.03106113] |
+-------+--------------------+--------------------+--------------------+------------------------------------+------------------------------------+------------------------------------+------------------------------------+
epoch: 12 s: 0 batch_loss 0.3338984549045563 BPR_loss 0.30977559089660645 reg_loss 0.02412286028265953
epoch: 12 s: 256000 batch_loss 0.3269485533237457 BPR_loss 0.30287522077560425 reg_loss 0.024073326960206032
epoch: 12 s: 512000 batch_loss 0.32817304134368896 BPR_loss 0.3039994239807129 reg_loss 0.024173615500330925
+-------+--------------------+--------------------+--------------------+------------------------------------+------------------------------------+------------------------------------+------------------------------------+
| Epoch |  training time(s)  |   tesing time(s)   |        Loss        |               recall               |                ndcg                |             precision              |             hit_ratio              |
+-------+--------------------+--------------------+--------------------+------------------------------------+------------------------------------+------------------------------------+------------------------------------+
|   12  | 44.181114196777344 | 147.1298110485077  | 117.16942596435547 | [0.07594295 0.11044777 0.13285772] | [0.03465838 0.04204929 0.04622667] | [0.00444818 0.00329787 0.00266808] | [0.08724009 0.12755777 0.1531493 ] |
|   12  | 44.181114196777344 | 132.16290283203125 | 117.16942596435547 | [0.0127147  0.02160487 0.02947582] | [0.00487429 0.00670993 0.00813526] | [0.00067161 0.00057593 0.00053172] | [0.01338791 0.02285993 0.03154877] |
+-------+--------------------+--------------------+--------------------+------------------------------------+------------------------------------+------------------------------------+------------------------------------+
epoch: 13 s: 0 batch_loss 0.31289610266685486 BPR_loss 0.28767937421798706 reg_loss 0.025216739624738693
epoch: 13 s: 256000 batch_loss 0.3113473951816559 BPR_loss 0.28579357266426086 reg_loss 0.025553811341524124
epoch: 13 s: 512000 batch_loss 0.306233674287796 BPR_loss 0.28020337224006653 reg_loss 0.026030313223600388
+-------+-------------------+-------------------+--------------------+------------------------------------+------------------------------------+------------------------------------+------------------------------------+
| Epoch |  training time(s) |   tesing time(s)  |        Loss        |               recall               |                ndcg                |             precision              |             hit_ratio              |
+-------+-------------------+-------------------+--------------------+------------------------------------+------------------------------------+------------------------------------+------------------------------------+
|   13  | 44.37757921218872 | 143.9187934398651 | 111.34026336669922 | [0.07597227 0.10950522 0.13245716] | [0.03479634 0.04197191 0.04625039] | [0.00445508 0.00326754 0.00265866] | [0.08732282 0.12641333 0.15274943] |
|   13  | 44.37757921218872 | 128.5324206352234 | 111.34026336669922 | [0.01287724 0.02208882 0.02989696] | [0.00494    0.0068454  0.00826158] | [0.000679   0.0005896  0.00053985] | [0.01353568 0.02337712 0.03202163] |
+-------+-------------------+-------------------+--------------------+------------------------------------+------------------------------------+------------------------------------+------------------------------------+
epoch: 14 s: 0 batch_loss 0.2955811023712158 BPR_loss 0.2689875662326813 reg_loss 0.02659354917705059
epoch: 14 s: 256000 batch_loss 0.29369378089904785 BPR_loss 0.26673632860183716 reg_loss 0.026957442983984947
epoch: 14 s: 512000 batch_loss 0.298414409160614 BPR_loss 0.27094048261642456 reg_loss 0.02747393772006035
+-------+--------------------+--------------------+--------------------+------------------------------------+------------------------------------+------------------------------------+------------------------------------+
| Epoch |  training time(s)  |   tesing time(s)   |        Loss        |               recall               |                ndcg                |             precision              |             hit_ratio              |
+-------+--------------------+--------------------+--------------------+------------------------------------+------------------------------------+------------------------------------+------------------------------------+
|   14  | 43.379634380340576 | 144.07731890678406 | 106.12407684326172 | [0.07571059 0.10906569 0.13171405] | [0.03479336 0.04192655 0.04614693] | [0.00443715 0.00325375 0.00264303] | [0.08692295 0.125848   0.1519497 ] |
|   14  | 43.379634380340576 | 127.43850040435791 | 106.12407684326172 | [0.01321219 0.02245627 0.03047622] | [0.00505955 0.00697041 0.00842408] | [0.00069526 0.00059957 0.00054995] | [0.01386077 0.02380565 0.03264227] |
+-------+--------------------+--------------------+--------------------+------------------------------------+------------------------------------+------------------------------------+------------------------------------+
epoch: 15 s: 0 batch_loss 0.2829665541648865 BPR_loss 0.25511324405670166 reg_loss 0.02785332128405571
epoch: 15 s: 256000 batch_loss 0.2817026972770691 BPR_loss 0.25401046872138977 reg_loss 0.027692221105098724
epoch: 15 s: 512000 batch_loss 0.2799518406391144 BPR_loss 0.25116056203842163 reg_loss 0.028791282325983047
+-------+------------------+--------------------+-------------------+------------------------------------+------------------------------------+------------------------------------+------------------------------------+
| Epoch | training time(s) |   tesing time(s)   |        Loss       |               recall               |                ndcg                |             precision              |             hit_ratio              |
+-------+------------------+--------------------+-------------------+------------------------------------+------------------------------------+------------------------------------+------------------------------------+
|   15  |  45.07373046875  | 141.17515349388123 | 101.4280014038086 | [0.07522074 0.10819407 0.1310917 ] | [0.03473116 0.04179267 0.04605572] | [0.00440337 0.00322376 0.00262787] | [0.08634383 0.1247587  0.15116375] |
|   15  |  45.07373046875  | 130.5127079486847  | 101.4280014038086 | [0.01350034 0.022458   0.03084256] | [0.00516226 0.00701576 0.00853738] | [0.00071003 0.00060068 0.00055684] | [0.01415631 0.02386476 0.03304124] |
+-------+------------------+--------------------+-------------------+------------------------------------+------------------------------------+------------------------------------+------------------------------------+
epoch: 16 s: 0 batch_loss 0.2694334387779236 BPR_loss 0.24032090604305267 reg_loss 0.029112525284290314
epoch: 16 s: 256000 batch_loss 0.2765619158744812 BPR_loss 0.24675652384757996 reg_loss 0.02980538085103035
epoch: 16 s: 512000 batch_loss 0.2662762999534607 BPR_loss 0.23665201663970947 reg_loss 0.029624292626976967
+-------+-------------------+--------------------+-------------------+------------------------------------+------------------------------------+------------------------------------+------------------------------------+
| Epoch |  training time(s) |   tesing time(s)   |        Loss       |               recall               |                ndcg                |             precision              |             hit_ratio              |
+-------+-------------------+--------------------+-------------------+------------------------------------+------------------------------------+------------------------------------+------------------------------------+
|   16  | 43.55842065811157 | 144.4515404701233  | 97.13877868652344 | [0.07511148 0.10775452 0.13006709] | [0.03470541 0.04169513 0.04585359] | [0.0044013  0.00321204 0.00260971] | [0.08621973 0.12426231 0.14995036] |
|   16  | 43.55842065811157 | 127.30205035209656 | 97.13877868652344 | [0.01359639 0.02279294 0.03125927] | [0.00522081 0.00712407 0.00865723] | [0.0007152  0.00060992 0.00056349] | [0.01425975 0.02418985 0.03342544] |
+-------+-------------------+--------------------+-------------------+------------------------------------+------------------------------------+------------------------------------+------------------------------------+
epoch: 17 s: 0 batch_loss 0.26240697503089905 BPR_loss 0.23211662471294403 reg_loss 0.03029033914208412
epoch: 17 s: 256000 batch_loss 0.2578289806842804 BPR_loss 0.22737179696559906 reg_loss 0.030457185581326485
epoch: 17 s: 512000 batch_loss 0.2527073919773102 BPR_loss 0.2216283679008484 reg_loss 0.031079033389687538
+-------+-------------------+--------------------+-------------------+------------------------------------+------------------------------------+------------------------------------+------------------------------------+
| Epoch |  training time(s) |   tesing time(s)   |        Loss       |               recall               |                ndcg                |             precision              |             hit_ratio              |
+-------+-------------------+--------------------+-------------------+------------------------------------+------------------------------------+------------------------------------+------------------------------------+
|   17  | 44.14590525627136 | 145.68378472328186 | 93.52001190185547 | [0.07468141 0.10696431 0.12909798] | [0.03459632 0.041505   0.04562703] | [0.00437648 0.00318653 0.00258742] | [0.08580608 0.12328333 0.14879212] |
|   17  | 44.14590525627136 | 126.59308433532715 | 93.52001190185547 | [0.01378849 0.02317763 0.03178656] | [0.00530583 0.00724941 0.00880589] | [0.00072407 0.00062063 0.00057384] | [0.01443707 0.02464794 0.0340313 ] |
+-------+-------------------+--------------------+-------------------+------------------------------------+------------------------------------+------------------------------------+------------------------------------+
epoch: 18 s: 0 batch_loss 0.254008024930954 BPR_loss 0.2226952314376831 reg_loss 0.03131278604269028
epoch: 18 s: 256000 batch_loss 0.2561701536178589 BPR_loss 0.2240673005580902 reg_loss 0.03210283815860748
epoch: 18 s: 512000 batch_loss 0.25830692052841187 BPR_loss 0.2264898121356964 reg_loss 0.03181711956858635
+-------+-------------------+--------------------+------------------+------------------------------------+------------------------------------+------------------------------------+------------------------------------+
| Epoch |  training time(s) |   tesing time(s)   |       Loss       |               recall               |                ndcg                |             precision              |             hit_ratio              |
+-------+-------------------+--------------------+------------------+------------------------------------+------------------------------------+------------------------------------+------------------------------------+
|   18  | 44.80150270462036 | 142.14549279212952 | 90.0267333984375 | [0.07454644 0.10614042 0.12807051] | [0.03456217 0.04132815 0.04541362] | [0.00437028 0.0031624  0.00256628] | [0.08566819 0.12234571 0.14763389] |
|   18  | 44.80150270462036 | 129.42100262641907 | 90.0267333984375 | [0.01382543 0.02340286 0.03181858] | [0.00533756 0.00731869 0.00884237] | [0.0007285  0.00062654 0.00057507] | [0.01451096 0.02485482 0.03411996] |
+-------+-------------------+--------------------+------------------+------------------------------------+------------------------------------+------------------------------------+------------------------------------+
epoch: 19 s: 0 batch_loss 0.24692285060882568 BPR_loss 0.21430233120918274 reg_loss 0.03262052312493324
epoch: 19 s: 256000 batch_loss 0.23910051584243774 BPR_loss 0.20610570907592773 reg_loss 0.03299480676651001
epoch: 19 s: 512000 batch_loss 0.23926492035388947 BPR_loss 0.2064712643623352 reg_loss 0.03279365599155426
+-------+-------------------+--------------------+-------------------+------------------------------------+------------------------------------+------------------------------------+------------------------------------+
| Epoch |  training time(s) |   tesing time(s)   |        Loss       |               recall               |                ndcg                |             precision              |             hit_ratio              |
+-------+-------------------+--------------------+-------------------+------------------------------------+------------------------------------+------------------------------------+------------------------------------+
|   19  | 43.88002371788025 | 141.61602187156677 | 86.85990905761719 | [0.07440005 0.10556818 0.12717798] | [0.03453497 0.04121321 0.04523809] | [0.00435787 0.00314482 0.00254743] | [0.08540621 0.12164249 0.14661353] |
|   19  | 43.88002371788025 | 132.20178413391113 | 86.85990905761719 | [0.01395103 0.0235175  0.03182695] | [0.00540797 0.00738549 0.00888982] | [0.00073515 0.00062987 0.00057532] | [0.01464395 0.02497303 0.03413474] |
+-------+-------------------+--------------------+-------------------+------------------------------------+------------------------------------+------------------------------------+------------------------------------+
epoch: 20 s: 0 batch_loss 0.23860222101211548 BPR_loss 0.20521506667137146 reg_loss 0.03338715434074402
epoch: 20 s: 256000 batch_loss 0.24028527736663818 BPR_loss 0.20687441527843475 reg_loss 0.03341085463762283
epoch: 20 s: 512000 batch_loss 0.23057854175567627 BPR_loss 0.19624578952789307 reg_loss 0.034332748502492905
+-------+-------------------+--------------------+-------------------+------------------------------------+------------------------------------+------------------------------------+------------------------------------+
| Epoch |  training time(s) |   tesing time(s)   |        Loss       |               recall               |                ndcg                |             precision              |             hit_ratio              |
+-------+-------------------+--------------------+-------------------+------------------------------------+------------------------------------+------------------------------------+------------------------------------+
|   20  | 44.01541066169739 | 141.48312163352966 | 84.07137298583984 | [0.07429575 0.10532196 0.1259984 ] | [0.03457263 0.04121333 0.04507597] | [0.00434753 0.00313482 0.00252744] | [0.08515802 0.12129778 0.14534499] |
|   20  | 44.01541066169739 | 127.53183627128601 | 84.07137298583984 | [0.01407664 0.02360309 0.03184469] | [0.00545127 0.00742212 0.00891746] | [0.0007418  0.00063134 0.0005763 ] | [0.01477694 0.02504692 0.03419384] |
+-------+-------------------+--------------------+-------------------+------------------------------------+------------------------------------+------------------------------------+------------------------------------+
epoch: 21 s: 0 batch_loss 0.2333277314901352 BPR_loss 0.19899065792560577 reg_loss 0.03433706983923912
epoch: 21 s: 256000 batch_loss 0.23877881467342377 BPR_loss 0.20381172001361847 reg_loss 0.0349670946598053
epoch: 21 s: 512000 batch_loss 0.22436049580574036 BPR_loss 0.18958580493927002 reg_loss 0.034774694591760635
+-------+--------------------+--------------------+-------------------+------------------------------------+------------------------------------+------------------------------------+------------------------------------+
| Epoch |  training time(s)  |   tesing time(s)   |        Loss       |               recall               |                ndcg                |             precision              |             hit_ratio              |
+-------+--------------------+--------------------+-------------------+------------------------------------+------------------------------------+------------------------------------+------------------------------------+
|   21  | 45.118003129959106 | 143.61086702346802 | 81.44231414794922 | [0.07397238 0.10463893 0.12508106] | [0.03452563 0.04109128 0.04490088] | [0.00433029 0.00311655 0.00250607] | [0.08482709 0.12053941 0.14420054] |
|   21  | 45.118003129959106 | 128.19568800926208 | 81.44231414794922 | [0.01417023 0.02378287 0.031669  ] | [0.00548229 0.00747095 0.00890463] | [0.00074771 0.00063615 0.00057408] | [0.01489516 0.02523902 0.03404607] |
+-------+--------------------+--------------------+-------------------+------------------------------------+------------------------------------+------------------------------------+------------------------------------+
epoch: 22 s: 0 batch_loss 0.22373981773853302 BPR_loss 0.18815988302230835 reg_loss 0.03557993844151497
epoch: 22 s: 256000 batch_loss 0.2173997014760971 BPR_loss 0.18145397305488586 reg_loss 0.035945724695920944
epoch: 22 s: 512000 batch_loss 0.2190147340297699 BPR_loss 0.18261797726154327 reg_loss 0.036396753042936325
+-------+-------------------+-------------------+-------------------+------------------------------------+------------------------------------+------------------------------------+------------------------------------+
| Epoch |  training time(s) |   tesing time(s)  |        Loss       |               recall               |                ndcg                |             precision              |             hit_ratio              |
+-------+-------------------+-------------------+-------------------+------------------------------------+------------------------------------+------------------------------------+------------------------------------+
|   22  | 43.67455840110779 | 141.5912811756134 | 79.09578704833984 | [0.07341884 0.10374181 0.12432917] | [0.03430782 0.04080239 0.04463671] | [0.00430133 0.00308829 0.00249113] | [0.08424797 0.11947769 0.1432905 ] |
|   22  | 43.67455840110779 | 129.8996934890747 | 79.09578704833984 | [0.01433031 0.0237809  0.03182909] | [0.00551391 0.00746876 0.00893085] | [0.00075584 0.00063615 0.00057655] | [0.0150577  0.02523902 0.03420862] |
+-------+-------------------+-------------------+-------------------+------------------------------------+------------------------------------+------------------------------------+------------------------------------+
epoch: 23 s: 0 batch_loss 0.21807172894477844 BPR_loss 0.18154029548168182 reg_loss 0.03653143718838692
epoch: 23 s: 256000 batch_loss 0.21399152278900146 BPR_loss 0.17722974717617035 reg_loss 0.036761775612831116
epoch: 23 s: 512000 batch_loss 0.2101854383945465 BPR_loss 0.1733420491218567 reg_loss 0.036843396723270416
+-------+--------------------+--------------------+-------------------+------------------------------------+------------------------------------+------------------------------------+------------------------------------+
| Epoch |  training time(s)  |   tesing time(s)   |        Loss       |               recall               |                ndcg                |             precision              |             hit_ratio              |
+-------+--------------------+--------------------+-------------------+------------------------------------+------------------------------------+------------------------------------+------------------------------------+
|   23  | 44.766539573669434 | 147.30888867378235 | 76.94389343261719 | [0.07304805 0.10320795 0.12352851] | [0.03428515 0.04074544 0.04452473] | [0.00427996 0.00307415 0.00247389] | [0.08379295 0.11891236 0.14235288] |
|   23  | 44.766539573669434 | 132.97359824180603 | 76.94389343261719 | [0.01441651 0.02382646 0.03199544] | [0.00556567 0.0075077  0.00899382] | [0.00076175 0.00063615 0.00058049] | [0.01517592 0.02525379 0.03443027] |
+-------+--------------------+--------------------+-------------------+------------------------------------+------------------------------------+------------------------------------+------------------------------------+
epoch: 24 s: 0 batch_loss 0.21900016069412231 BPR_loss 0.18155618011951447 reg_loss 0.03744398057460785
epoch: 24 s: 256000 batch_loss 0.21131865680217743 BPR_loss 0.17397208511829376 reg_loss 0.03734657168388367
epoch: 24 s: 512000 batch_loss 0.21292509138584137 BPR_loss 0.17528000473976135 reg_loss 0.03764508664608002
+-------+------------------+--------------------+------------------+------------------------------------+------------------------------------+------------------------------------+------------------------------------+
| Epoch | training time(s) |   tesing time(s)   |       Loss       |               recall               |                ndcg                |             precision              |             hit_ratio              |
+-------+------------------+--------------------+------------------+------------------------------------+------------------------------------+------------------------------------+------------------------------------+
|   24  | 44.6048378944397 | 148.71709990501404 | 74.9468994140625 | [0.07277607 0.10254352 0.12263729] | [0.03416491 0.04054063 0.04429101] | [0.00426342 0.00305002 0.00245781] | [0.08347581 0.11804368 0.1413601 ] |
|   24  | 44.6048378944397 | 132.38034915924072 | 74.9468994140625 | [0.01449039 0.02384494 0.03200356] | [0.00558515 0.00751914 0.00900484] | [0.00076397 0.00063689 0.00058172] | [0.01522025 0.02528335 0.03448938] |
+-------+------------------+--------------------+------------------+------------------------------------+------------------------------------+------------------------------------+------------------------------------+
epoch: 25 s: 0 batch_loss 0.19563227891921997 BPR_loss 0.15778326988220215 reg_loss 0.03784901276230812
epoch: 25 s: 256000 batch_loss 0.20557309687137604 BPR_loss 0.16684174537658691 reg_loss 0.038731351494789124
epoch: 25 s: 512000 batch_loss 0.20668865740299225 BPR_loss 0.16788335144519806 reg_loss 0.03880530595779419
+-------+-------------------+--------------------+------------------+------------------------------------+------------------------------------+------------------------------------+------------------------------------+
| Epoch |  training time(s) |   tesing time(s)   |       Loss       |               recall               |                ndcg                |             precision              |             hit_ratio              |
+-------+-------------------+--------------------+------------------+------------------------------------+------------------------------------+------------------------------------+------------------------------------+
|   25  | 44.25649428367615 | 148.07952332496643 | 73.2033920288086 | [0.07232309 0.1019652  0.12178008] | [0.0339695  0.04031669 0.04401986] | [0.00423653 0.00303107 0.00244126] | [0.08295185 0.11731289 0.14046385] |
|   25  | 44.25649428367615 | 131.46601629257202 | 73.2033920288086 | [0.0144899  0.0238011  0.03195676] | [0.00560204 0.007531   0.00901718] | [0.00076249 0.00063615 0.00058098] | [0.0151907  0.02523902 0.03444505] |
+-------+-------------------+--------------------+------------------+------------------------------------+------------------------------------+------------------------------------+------------------------------------+
epoch: 26 s: 0 batch_loss 0.2055656760931015 BPR_loss 0.1669822633266449 reg_loss 0.0385834164917469
epoch: 26 s: 256000 batch_loss 0.1978335976600647 BPR_loss 0.15882381796836853 reg_loss 0.03900977224111557
epoch: 26 s: 512000 batch_loss 0.19655077159404755 BPR_loss 0.15719519555568695 reg_loss 0.039355576038360596
+-------+-------------------+--------------------+-------------------+------------------------------------+------------------------------------+------------------------------------+------------------------------------+
| Epoch |  training time(s) |   tesing time(s)   |        Loss       |               recall               |                ndcg                |             precision              |             hit_ratio              |
+-------+-------------------+--------------------+-------------------+------------------------------------+------------------------------------+------------------------------------+------------------------------------+
|   26  | 44.72603130340576 | 146.61572098731995 | 71.54121398925781 | [0.0723134  0.10156511 0.1206332 ] | [0.0339864  0.04024054 0.04380418] | [0.00424135 0.00302107 0.00241828] | [0.08299322 0.11688544 0.13914015] |
|   26  | 44.72603130340576 | 134.19364190101624 | 71.54121398925781 | [0.01449113 0.02372426 0.03193952] | [0.00561638 0.00753011 0.00902789] | [0.00076397 0.00063393 0.00058049] | [0.01522025 0.02515036 0.0344155 ] |
+-------+-------------------+--------------------+-------------------+------------------------------------+------------------------------------+------------------------------------+------------------------------------+
epoch: 27 s: 0 batch_loss 0.18682341277599335 BPR_loss 0.1470107138156891 reg_loss 0.03981270268559456
epoch: 27 s: 256000 batch_loss 0.197036474943161 BPR_loss 0.15720316767692566 reg_loss 0.03983330726623535
epoch: 27 s: 512000 batch_loss 0.196722611784935 BPR_loss 0.15611742436885834 reg_loss 0.04060518369078636
+-------+-------------------+--------------------+-------------------+------------------------------------+------------------------------------+------------------------------------+------------------------------------+
| Epoch |  training time(s) |   tesing time(s)   |        Loss       |               recall               |                ndcg                |             precision              |             hit_ratio              |
+-------+-------------------+--------------------+-------------------+------------------------------------+------------------------------------+------------------------------------+------------------------------------+
|   27  | 44.66060447692871 | 146.82156610488892 | 70.05315399169922 | [0.07188037 0.10089395 0.12002881] | [0.0338795  0.04008736 0.04366064] | [0.00421309 0.0029997  0.00240518] | [0.08245546 0.11607192 0.13842314] |
|   27  | 44.66060447692871 | 131.16542601585388 | 70.05315399169922 | [0.01461674 0.02383693 0.03202264] | [0.00564162 0.00754844 0.00904055] | [0.00077136 0.00063726 0.0005827 ] | [0.01535324 0.02529812 0.03456327] |
+-------+-------------------+--------------------+-------------------+------------------------------------+------------------------------------+------------------------------------+------------------------------------+
epoch: 28 s: 0 batch_loss 0.19430527091026306 BPR_loss 0.15395691990852356 reg_loss 0.040348343551158905
epoch: 28 s: 256000 batch_loss 0.1932581663131714 BPR_loss 0.152960866689682 reg_loss 0.04029729962348938
epoch: 28 s: 512000 batch_loss 0.19299381971359253 BPR_loss 0.15242120623588562 reg_loss 0.04057261347770691
+-------+-------------------+--------------------+------------------+------------------------------------+------------------------------------+------------------------------------+------------------------------------+
| Epoch |  training time(s) |   tesing time(s)   |       Loss       |               recall               |                ndcg                |             precision              |             hit_ratio              |
+-------+-------------------+--------------------+------------------+------------------------------------+------------------------------------+------------------------------------+------------------------------------+
|   28  | 44.64052200317383 |  142.896466255188  | 68.5824966430664 | [0.07166544 0.10025265 0.11911589] | [0.03381198 0.03993425 0.04346207] | [0.0041993  0.00298143 0.00238817] | [0.08220727 0.11535492 0.13743037] |
|   28  | 44.64052200317383 | 126.30526065826416 | 68.5824966430664 | [0.01459703 0.02384186 0.03188042] | [0.00565404 0.00756814 0.00903543] | [0.00076914 0.00063726 0.00058073] | [0.01530891 0.02529812 0.0344155 ] |
+-------+-------------------+--------------------+------------------+------------------------------------+------------------------------------+------------------------------------+------------------------------------+
epoch: 29 s: 0 batch_loss 0.1909290850162506 BPR_loss 0.14935782551765442 reg_loss 0.04157125949859619
epoch: 29 s: 256000 batch_loss 0.1845611333847046 BPR_loss 0.1428278684616089 reg_loss 0.041733257472515106
epoch: 29 s: 512000 batch_loss 0.18980908393859863 BPR_loss 0.14829105138778687 reg_loss 0.04151802510023117
+-------+------------------+--------------------+-------------------+------------------------------------+------------------------------------+------------------------------------+------------------------------------+
| Epoch | training time(s) |   tesing time(s)   |        Loss       |               recall               |                ndcg                |             precision              |             hit_ratio              |
+-------+------------------+--------------------+-------------------+------------------------------------+------------------------------------+------------------------------------+------------------------------------+
|   29  | 45.2208046913147 | 147.39996719360352 | 67.29851531982422 | [0.07092936 0.09964971 0.11849479] | [0.03352512 0.03968206 0.04320508] | [0.0041538  0.00296074 0.00237393] | [0.0813248  0.11463791 0.13665821] |
|   29  | 45.2208046913147 | 132.37758493423462 | 67.29851531982422 | [0.01450283 0.02379506 0.03190874] | [0.005644   0.0075718  0.00905606] | [0.00076397 0.00063652 0.00058295] | [0.01520547 0.02525379 0.03453371] |
+-------+------------------+--------------------+-------------------+------------------------------------+------------------------------------+------------------------------------+------------------------------------+
epoch: 30 s: 0 batch_loss 0.18440738320350647 BPR_loss 0.14319755136966705 reg_loss 0.041209835559129715
epoch: 30 s: 256000 batch_loss 0.18676656484603882 BPR_loss 0.14532288908958435 reg_loss 0.041443683207035065
epoch: 30 s: 512000 batch_loss 0.18275439739227295 BPR_loss 0.14030030369758606 reg_loss 0.04245409741997719
+-------+-------------------+--------------------+-------------------+------------------------------------+------------------------------------+------------------------------------+------------------------------------+
| Epoch |  training time(s) |   tesing time(s)   |        Loss       |               recall               |                ndcg                |             precision              |             hit_ratio              |
+-------+-------------------+--------------------+-------------------+------------------------------------+------------------------------------+------------------------------------+------------------------------------+
|   30  | 45.07550835609436 | 149.30912494659424 | 66.12593841552734 | [0.07059283 0.09935525 0.11782628] | [0.03338301 0.03953934 0.04299359] | [0.00414208 0.00295247 0.00236244] | [0.08102145 0.11430699 0.13594121] |
|   30  | 45.07550835609436 | 129.6545524597168  | 66.12593841552734 | [0.01447451 0.02387029 0.03168104] | [0.00562061 0.00756675 0.00899989] | [0.00076323 0.00063836 0.00057926] | [0.0151907  0.02532768 0.03431206] |
+-------+-------------------+--------------------+-------------------+------------------------------------+------------------------------------+------------------------------------+------------------------------------+
epoch: 31 s: 0 batch_loss 0.18697655200958252 BPR_loss 0.14409850537776947 reg_loss 0.042878054082393646
epoch: 31 s: 256000 batch_loss 0.18228620290756226 BPR_loss 0.13963738083839417 reg_loss 0.04264882206916809
epoch: 31 s: 512000 batch_loss 0.18752028048038483 BPR_loss 0.14493703842163086 reg_loss 0.04258323833346367
+-------+-------------------+--------------------+-------------------+------------------------------------+------------------------------------+------------------------------------+------------------------------------+
| Epoch |  training time(s) |   tesing time(s)   |        Loss       |               recall               |                ndcg                |             precision              |             hit_ratio              |
+-------+-------------------+--------------------+-------------------+------------------------------------+------------------------------------+------------------------------------+------------------------------------+
|   31  | 45.38894248008728 | 142.20401763916016 | 65.00821685791016 | [0.07029289 0.09867303 0.11745527] | [0.03323688 0.03931888 0.04282967] | [0.00411933 0.00293282 0.00235531] | [0.0806078  0.11350725 0.13551376] |
|   31  | 45.38894248008728 | 127.63733124732971 | 65.00821685791016 | [0.01457056 0.02401806 0.03166626] | [0.00563544 0.00758883 0.00899099] | [0.00076766 0.00064354 0.0005795 ] | [0.01527936 0.02551978 0.03434161] |
+-------+-------------------+--------------------+-------------------+------------------------------------+------------------------------------+------------------------------------+------------------------------------+
epoch: 32 s: 0 batch_loss 0.17629428207874298 BPR_loss 0.13313168287277222 reg_loss 0.04316260293126106
epoch: 32 s: 256000 batch_loss 0.18102453649044037 BPR_loss 0.13753750920295715 reg_loss 0.04348702356219292
epoch: 32 s: 512000 batch_loss 0.1776464879512787 BPR_loss 0.13419713079929352 reg_loss 0.043449364602565765
+-------+--------------------+--------------------+--------------------+------------------------------------+------------------------------------+------------------------------------+------------------------------------+
| Epoch |  training time(s)  |   tesing time(s)   |        Loss        |               recall               |                ndcg                |             precision              |             hit_ratio              |
+-------+--------------------+--------------------+--------------------+------------------------------------+------------------------------------+------------------------------------+------------------------------------+
|   32  | 44.666523456573486 | 142.06586813926697 | 63.906654357910156 | [0.07001243 0.09852329 0.11660036] | [0.03317782 0.03927481 0.04266017] | [0.00410692 0.00292627 0.00233808] | [0.08033203 0.11327285 0.13452099] |
|   32  | 44.666523456573486 | 128.02420115470886 | 63.906654357910156 | [0.01447081 0.02385601 0.03158941] | [0.00563719 0.00758241 0.00900067] | [0.00076175 0.00063984 0.00057901] | [0.01516114 0.02535723 0.03428251] |
+-------+--------------------+--------------------+--------------------+------------------------------------+------------------------------------+------------------------------------+------------------------------------+
epoch: 33 s: 0 batch_loss 0.17869830131530762 BPR_loss 0.13505809009075165 reg_loss 0.04364021122455597
epoch: 33 s: 256000 batch_loss 0.1777249127626419 BPR_loss 0.1339152455329895 reg_loss 0.043809667229652405
epoch: 33 s: 512000 batch_loss 0.1691710501909256 BPR_loss 0.12535861134529114 reg_loss 0.04381243512034416
+-------+--------------------+--------------------+-----------------+------------------------------------+------------------------------------+------------------------------------+------------------------------------+
| Epoch |  training time(s)  |   tesing time(s)   |       Loss      |               recall               |                ndcg                |             precision              |             hit_ratio              |
+-------+--------------------+--------------------+-----------------+------------------------------------+------------------------------------+------------------------------------+------------------------------------+
|   33  | 44.626670837402344 | 144.01472520828247 | 62.958251953125 | [0.06924381 0.09789396 0.11613617] | [0.03287047 0.03900794 0.04241742] | [0.00406486 0.00291179 0.00232934] | [0.07958745 0.11270752 0.13399702] |
|   33  | 44.626670837402344 | 131.1692614555359  | 62.958251953125 | [0.01432304 0.02368361 0.0315766 ] | [0.00560471 0.00754864 0.00899493] | [0.00075436 0.00063541 0.00057827] | [0.01501337 0.02522424 0.03426773] |
+-------+--------------------+--------------------+-----------------+------------------------------------+------------------------------------+------------------------------------+------------------------------------+
epoch: 34 s: 0 batch_loss 0.17602741718292236 BPR_loss 0.13181188702583313 reg_loss 0.044215526431798935
epoch: 34 s: 256000 batch_loss 0.17564532160758972 BPR_loss 0.13095027208328247 reg_loss 0.044695042073726654
epoch: 34 s: 512000 batch_loss 0.1712840497493744 BPR_loss 0.12684005498886108 reg_loss 0.04444398730993271
+-------+-------------------+--------------------+------------------+------------------------------------+------------------------------------+------------------------------------+------------------------------------+
| Epoch |  training time(s) |   tesing time(s)   |       Loss       |               recall               |                ndcg                |             precision              |             hit_ratio              |
+-------+-------------------+--------------------+------------------+------------------------------------+------------------------------------+------------------------------------+------------------------------------+
|   34  | 45.27173185348511 | 141.06640768051147 | 62.1403694152832 | [0.06905967 0.09746069 0.11552977] | [0.03279763 0.03887069 0.04224766] | [0.0040559  0.00289766 0.0023167 ] | [0.07936683 0.11214219 0.13325244] |
|   34  | 45.27173185348511 | 126.42391347885132 | 62.1403694152832 | [0.01441171 0.02383546 0.03152477] | [0.00565129 0.00760148 0.0090085 ] | [0.0007588  0.00063947 0.00057679] | [0.01510203 0.02537201 0.03419384] |
+-------+-------------------+--------------------+------------------+------------------------------------+------------------------------------+------------------------------------+------------------------------------+
epoch: 35 s: 0 batch_loss 0.17380523681640625 BPR_loss 0.12885823845863342 reg_loss 0.04494699090719223
epoch: 35 s: 256000 batch_loss 0.17612126469612122 BPR_loss 0.13126598298549652 reg_loss 0.04485528543591499
epoch: 35 s: 512000 batch_loss 0.1786176860332489 BPR_loss 0.13326480984687805 reg_loss 0.04535288363695145
+-------+-------------------+--------------------+-------------------+------------------------------------+------------------------------------+------------------------------------+------------------------------------+
| Epoch |  training time(s) |   tesing time(s)   |        Loss       |               recall               |                ndcg                |             precision              |             hit_ratio              |
+-------+-------------------+--------------------+-------------------+------------------------------------+------------------------------------+------------------------------------+------------------------------------+
|   35  | 44.26320672035217 | 143.06861686706543 | 61.29306411743164 | [0.06879258 0.09696086 0.11504371] | [0.03267618 0.03870166 0.04208112] | [0.00403866 0.00288387 0.00230774] | [0.07906348 0.11157686 0.13275605] |
|   35  | 44.26320672035217 | 126.46258234977722 | 61.29306411743164 | [0.01432304 0.02379002 0.03134991] | [0.00562309 0.00758561 0.00896747] | [0.00075436 0.00064021 0.00057433] | [0.01501337 0.02538679 0.0340313 ] |
+-------+-------------------+--------------------+-------------------+------------------------------------+------------------------------------+------------------------------------+------------------------------------+
epoch: 36 s: 0 batch_loss 0.1710231602191925 BPR_loss 0.12584367394447327 reg_loss 0.04517947882413864
epoch: 36 s: 256000 batch_loss 0.16238537430763245 BPR_loss 0.11707484722137451 reg_loss 0.04531051963567734
epoch: 36 s: 512000 batch_loss 0.16946303844451904 BPR_loss 0.1240009218454361 reg_loss 0.04546210914850235
+-------+-------------------+--------------------+-------------------+------------------------------------+------------------------------------+------------------------------------+------------------------------------+
| Epoch |  training time(s) |   tesing time(s)   |        Loss       |               recall               |                ndcg                |             precision              |             hit_ratio              |
+-------+-------------------+--------------------+-------------------+------------------------------------+------------------------------------+------------------------------------+------------------------------------+
|   36  | 45.53742170333862 | 138.97132658958435 | 60.45661926269531 | [0.06859008 0.09668738 0.11486401] | [0.03260677 0.03860668 0.04200659] | [0.00403108 0.00287422 0.00230567] | [0.07884287 0.11119078 0.13259059] |
|   36  | 45.53742170333862 | 125.82652950286865 | 60.45661926269531 | [0.01416345 0.02364274 0.03137527] | [0.00559353 0.00756309 0.00897576] | [0.00074771 0.00063652 0.00057482] | [0.01488038 0.02523902 0.03406085] |
+-------+-------------------+--------------------+-------------------+------------------------------------+------------------------------------+------------------------------------+------------------------------------+
epoch: 37 s: 0 batch_loss 0.1704062521457672 BPR_loss 0.12440856546163559 reg_loss 0.04599769040942192
epoch: 37 s: 256000 batch_loss 0.17124313116073608 BPR_loss 0.12538599967956543 reg_loss 0.04585713893175125
epoch: 37 s: 512000 batch_loss 0.16447004675865173 BPR_loss 0.11831362545490265 reg_loss 0.04615642875432968
+-------+--------------------+--------------------+-------------------+------------------------------------+------------------------------------+------------------------------------+------------------------------------+
| Epoch |  training time(s)  |   tesing time(s)   |        Loss       |               recall               |                ndcg                |             precision              |             hit_ratio              |
+-------+--------------------+--------------------+-------------------+------------------------------------+------------------------------------+------------------------------------+------------------------------------+
|   37  | 43.215458393096924 | 123.61508917808533 | 59.79043197631836 | [0.0682022  0.09629635 0.11444903] | [0.03239155 0.03839792 0.04178718] | [0.00400212 0.00286526 0.00229625] | [0.07834648 0.11079091 0.13199768] |
|   37  | 43.215458393096924 | 114.5906240940094  | 59.79043197631836 | [0.01410434 0.02365136 0.03123367] | [0.00557917 0.0075627  0.00894784] | [0.00074476 0.00063726 0.00057261] | [0.01482127 0.02526857 0.03391308] |
+-------+--------------------+--------------------+-------------------+------------------------------------+------------------------------------+------------------------------------+------------------------------------+
Early stopping is trigger at step: 10 log:0.014104344913530274
early stopping at 37, recall@20:0.0146
