Namespace(K=1, Ks='[20, 40, 60]', alpha=0.1, batch_size=2048, batch_test_flag=True, context_hops=3, cuda=True, data_path='data/', dataset='ali', dim=64, edge_dropout=False, edge_dropout_rate=0.1, epoch=1000, gnn='lightgcn', gpu_id=2, l2=0.001, lr=0.001, mess_dropout=False, mess_dropout_rate=0.1, n_negs=32, neg_mix_num=3, ns='mixgcf', out_dir='./weights/yelp2018/', pool='mean', save=False, test_batch_size=2048, test_flag='part')
reading train and test user-item set ...
building the adj mat ...
loading over ...
卷积器不需要第0层embedding
拿这个最难的neg_item去和pos_item在每一个维度上进行softmax自适应权重,引入alpha超参数来控制模型倾向,在权重分母上mixup多个negative items......
start training ...
epoch: 0 s: 0 batch_loss 0.6931474804878235 BPR_loss 0.6931471824645996 reg_loss 2.86697627416288e-07
epoch: 0 s: 256000 batch_loss 0.6847134232521057 BPR_loss 0.6844542026519775 reg_loss 0.00025921163614839315
epoch: 0 s: 512000 batch_loss 0.6646930575370789 BPR_loss 0.6634887456893921 reg_loss 0.00120433303527534
+-------+-------------------+--------------------+-------------------+------------------------------------+------------------------------------+------------------------------------+------------------------------------+
| Epoch |  training time(s) |   tesing time(s)   |        Loss       |               recall               |                ndcg                |             precision              |             hit_ratio              |
+-------+-------------------+--------------------+-------------------+------------------------------------+------------------------------------+------------------------------------+------------------------------------+
|   0   | 46.64076375961304 | 141.60076069831848 | 242.1370849609375 | [0.04549569 0.07195014 0.09126528] | [0.02067052 0.02635647 0.02996192] | [0.00285354 0.00225374 0.00191661] | [0.05501627 0.08608185 0.10861232] |
|   0   | 46.64076375961304 | 122.8178231716156  | 242.1370849609375 | [0.00344426 0.00658547 0.00956425] | [0.00142371 0.00207637 0.00261835] | [0.00018323 0.00017991 0.0001756 ] | [0.00360557 0.0070486  0.01029953] |
+-------+-------------------+--------------------+-------------------+------------------------------------+------------------------------------+------------------------------------+------------------------------------+
epoch: 1 s: 0 batch_loss 0.6536647081375122 BPR_loss 0.651720404624939 reg_loss 0.0019442978082224727
epoch: 1 s: 256000 batch_loss 0.6429116725921631 BPR_loss 0.6403708457946777 reg_loss 0.002540828427299857
epoch: 1 s: 512000 batch_loss 0.6291578412055969 BPR_loss 0.6256576180458069 reg_loss 0.0035002180375158787
+-------+-------------------+--------------------+-------------------+------------------------------------+------------------------------------+------------------------------------+------------------------------------+
| Epoch |  training time(s) |   tesing time(s)   |        Loss       |               recall               |                ndcg                |             precision              |             hit_ratio              |
+-------+-------------------+--------------------+-------------------+------------------------------------+------------------------------------+------------------------------------+------------------------------------+
|   1   | 46.34910011291504 | 142.91108560562134 | 229.1119842529297 | [0.05396962 0.08462848 0.10526484] | [0.02429616 0.03087277 0.03472535] | [0.00330925 0.00261844 0.00217997] | [0.06432353 0.09999448 0.1237935 ] |
|   1   | 46.34910011291504 | 123.60042834281921 | 229.1119842529297 | [0.00456472 0.00849169 0.01264278] | [0.00185431 0.00266085 0.00341064] | [0.00024308 0.00022867 0.00022978] | [0.00478773 0.00901393 0.01353568] |
+-------+-------------------+--------------------+-------------------+------------------------------------+------------------------------------+------------------------------------+------------------------------------+
epoch: 2 s: 0 batch_loss 0.6190558671951294 BPR_loss 0.6150691509246826 reg_loss 0.003986700437963009
epoch: 2 s: 256000 batch_loss 0.605485737323761 BPR_loss 0.6006430387496948 reg_loss 0.004842675756663084
epoch: 2 s: 512000 batch_loss 0.5884800553321838 BPR_loss 0.5824100971221924 reg_loss 0.006069979630410671
+-------+-------------------+--------------------+--------------------+------------------------------------+------------------------------------+------------------------------------+------------------------------------+
| Epoch |  training time(s) |   tesing time(s)   |        Loss        |               recall               |                ndcg                |             precision              |             hit_ratio              |
+-------+-------------------+--------------------+--------------------+------------------------------------+------------------------------------+------------------------------------+------------------------------------+
|   2   | 45.78855013847351 | 149.75260519981384 | 214.11801147460938 | [0.05896101 0.09078982 0.11284463] | [0.02636364 0.03319311 0.03729359] | [0.00356916 0.00278735 0.00232038] | [0.06960454 0.10669571 0.13227345] |
|   2   | 45.78855013847351 | 121.01278614997864 | 214.11801147460938 | [0.00549074 0.0100248  0.01528353] | [0.00220126 0.00313518 0.00408203] | [0.00029111 0.0002682  0.0002751 ] | [0.00574823 0.01059507 0.01626941] |
+-------+-------------------+--------------------+--------------------+------------------------------------+------------------------------------+------------------------------------+------------------------------------+
epoch: 3 s: 0 batch_loss 0.5734146237373352 BPR_loss 0.5668032169342041 reg_loss 0.0066113779321312904
epoch: 3 s: 256000 batch_loss 0.5591878294944763 BPR_loss 0.5516494512557983 reg_loss 0.007538397330790758
epoch: 3 s: 512000 batch_loss 0.5463140606880188 BPR_loss 0.5381457805633545 reg_loss 0.008168304339051247
+-------+--------------------+--------------------+-------------------+------------------------------------+------------------------------------+------------------------------------+------------------------------------+
| Epoch |  training time(s)  |   tesing time(s)   |        Loss       |               recall               |                ndcg                |             precision              |             hit_ratio              |
+-------+--------------------+--------------------+-------------------+------------------------------------+------------------------------------+------------------------------------+------------------------------------+
|   3   | 45.464290618896484 | 150.58730053901672 | 198.6700897216797 | [0.06226016 0.09521147 0.11830859] | [0.02780185 0.03487576 0.03918021] | [0.00373876 0.00290593 0.00242265] | [0.07310683 0.11159065 0.13843693] |
|   3   | 45.464290618896484 | 129.46865463256836 | 198.6700897216797 | [0.00646233 0.01142418 0.01717547] | [0.00261584 0.00363199 0.00466812] | [0.00034135 0.0003033  0.00030761] | [0.00675306 0.01201365 0.01821997] |
+-------+--------------------+--------------------+-------------------+------------------------------------+------------------------------------+------------------------------------+------------------------------------+
epoch: 4 s: 0 batch_loss 0.5311463475227356 BPR_loss 0.5221515893936157 reg_loss 0.008994762785732746
epoch: 4 s: 256000 batch_loss 0.5133946537971497 BPR_loss 0.5036046504974365 reg_loss 0.009790022857487202
epoch: 4 s: 512000 batch_loss 0.5070801377296448 BPR_loss 0.4964381158351898 reg_loss 0.010642033070325851
+-------+-------------------+--------------------+--------------------+------------------------------------+------------------------------------+------------------------------------+------------------------------------+
| Epoch |  training time(s) |   tesing time(s)   |        Loss        |               recall               |                ndcg                |             precision              |             hit_ratio              |
+-------+-------------------+--------------------+--------------------+------------------------------------+------------------------------------+------------------------------------+------------------------------------+
|   4   | 44.89757800102234 | 142.63650226593018 | 184.25808715820312 | [0.06563859 0.09868371 0.12286341] | [0.02912334 0.03618992 0.04069536] | [0.00391663 0.00299177 0.00250423] | [0.07660912 0.11507915 0.14337323] |
|   4   | 44.89757800102234 | 125.67220115661621 | 184.25808715820312 | [0.00715438 0.01277134 0.01864824] | [0.00288631 0.00403835 0.00509926] | [0.00037607 0.00033802 0.00033421] | [0.00747713 0.01343224 0.01981588] |
+-------+-------------------+--------------------+--------------------+------------------------------------+------------------------------------+------------------------------------+------------------------------------+
epoch: 5 s: 0 batch_loss 0.49329790472984314 BPR_loss 0.4817788004875183 reg_loss 0.011519095860421658
epoch: 5 s: 256000 batch_loss 0.486831396818161 BPR_loss 0.4755021631717682 reg_loss 0.011329242028295994
epoch: 5 s: 512000 batch_loss 0.4704080820083618 BPR_loss 0.45785030722618103 reg_loss 0.012557783164083958
+-------+-------------------+--------------------+--------------------+------------------------------------+------------------------------------+------------------------------------+------------------------------------+
| Epoch |  training time(s) |   tesing time(s)   |        Loss        |               recall               |                ndcg                |             precision              |             hit_ratio              |
+-------+-------------------+--------------------+--------------------+------------------------------------+------------------------------------+------------------------------------+------------------------------------+
|   5   | 44.26962947845459 | 146.2328429222107  | 171.13348388671875 | [0.06785363 0.10123925 0.12545835] | [0.03015116 0.03728201 0.04179484] | [0.00403177 0.00305692 0.00254904] | [0.07899454 0.11800232 0.14614472] |
|   5   | 44.26962947845459 | 125.20704507827759 | 171.13348388671875 | [0.00782193 0.01390424 0.02019921] | [0.00311196 0.00436531 0.00550544] | [0.00040932 0.00036795 0.00036277] | [0.00815687 0.01462917 0.02150045] |
+-------+-------------------+--------------------+--------------------+------------------------------------+------------------------------------+------------------------------------+------------------------------------+
epoch: 6 s: 0 batch_loss 0.46004191040992737 BPR_loss 0.446763813495636 reg_loss 0.013278106227517128
epoch: 6 s: 256000 batch_loss 0.45201393961906433 BPR_loss 0.43867409229278564 reg_loss 0.01333985198289156
epoch: 6 s: 512000 batch_loss 0.44416433572769165 BPR_loss 0.42977845668792725 reg_loss 0.014385886490345001
+-------+-------------------+-------------------+--------------------+------------------------------------+------------------------------------+------------------------------------+------------------------------------+
| Epoch |  training time(s) |   tesing time(s)  |        Loss        |               recall               |                ndcg                |             precision              |             hit_ratio              |
+-------+-------------------+-------------------+--------------------+------------------------------------+------------------------------------+------------------------------------+------------------------------------+
|   6   | 45.76040053367615 | 148.5812530517578 | 159.06314086914062 | [0.06945173 0.10278954 0.12701823] | [0.03089353 0.03801124 0.0425282 ] | [0.00411519 0.00309139 0.00257547] | [0.08059401 0.11949148 0.14767525] |
|   6   | 45.76040053367615 | 125.3021891117096 | 159.06314086914062 | [0.00854723 0.01502729 0.02132964] | [0.00336966 0.00470439 0.00584278] | [0.000447   0.0003975  0.00038198] | [0.0089105  0.01581133 0.02265305] |
+-------+-------------------+-------------------+--------------------+------------------------------------+------------------------------------+------------------------------------+------------------------------------+
epoch: 7 s: 0 batch_loss 0.4179992079734802 BPR_loss 0.40255892276763916 reg_loss 0.01544027216732502
epoch: 7 s: 256000 batch_loss 0.42280125617980957 BPR_loss 0.4075252115726471 reg_loss 0.015276034362614155
epoch: 7 s: 512000 batch_loss 0.41370919346809387 BPR_loss 0.39729708433151245 reg_loss 0.016412122175097466
+-------+-------------------+--------------------+-------------------+------------------------------------+------------------------------------+------------------------------------+------------------------------------+
| Epoch |  training time(s) |   tesing time(s)   |        Loss       |               recall               |                ndcg                |             precision              |             hit_ratio              |
+-------+-------------------+--------------------+-------------------+------------------------------------+------------------------------------+------------------------------------+------------------------------------+
|   7   | 45.77038908004761 | 149.12980341911316 | 148.6265411376953 | [0.07071999 0.10370176 0.12830463] | [0.03129673 0.03834853 0.04293697] | [0.00416965 0.00311483 0.00259707] | [0.08165573 0.1205532  0.14899895] |
|   7   | 45.77038908004761 | 132.79225993156433 | 148.6265411376953 | [0.00917636 0.01595762 0.02245195] | [0.00361484 0.00501173 0.00618211] | [0.00048025 0.00042225 0.00040193] | [0.00959024 0.01680138 0.02384998] |
+-------+-------------------+--------------------+-------------------+------------------------------------+------------------------------------+------------------------------------+------------------------------------+
epoch: 8 s: 0 batch_loss 0.40533509850502014 BPR_loss 0.38888001441955566 reg_loss 0.01645508036017418
epoch: 8 s: 256000 batch_loss 0.3849318027496338 BPR_loss 0.3671864867210388 reg_loss 0.017745306715369225
epoch: 8 s: 512000 batch_loss 0.38072216510772705 BPR_loss 0.36247873306274414 reg_loss 0.01824343390762806
+-------+------------------+--------------------+-------------------+------------------------------------+------------------------------------+------------------------------------+------------------------------------+
| Epoch | training time(s) |   tesing time(s)   |        Loss       |               recall               |                ndcg                |             precision              |             hit_ratio              |
+-------+------------------+--------------------+-------------------+------------------------------------+------------------------------------+------------------------------------+------------------------------------+
|   8   | 45.4382803440094 | 146.02711081504822 | 139.2288818359375 | [0.07138571 0.10491616 0.12934054] | [0.03168795 0.0388607  0.04341905] | [0.00420068 0.00314861 0.00261592] | [0.08233137 0.12173901 0.15010204] |
|   8   | 45.4382803440094 | 126.10926485061646 | 139.2288818359375 | [0.00965033 0.016694   0.02317356] | [0.00379619 0.00525144 0.0064239 ] | [0.00050315 0.00044183 0.00041597] | [0.01004832 0.01758456 0.02470705] |
+-------+------------------+--------------------+-------------------+------------------------------------+------------------------------------+------------------------------------+------------------------------------+
epoch: 9 s: 0 batch_loss 0.37850895524024963 BPR_loss 0.3602333962917328 reg_loss 0.0182755496352911
epoch: 9 s: 256000 batch_loss 0.37066012620925903 BPR_loss 0.35129833221435547 reg_loss 0.01936180330812931
epoch: 9 s: 512000 batch_loss 0.36458685994148254 BPR_loss 0.3450373411178589 reg_loss 0.01954951509833336
+-------+-------------------+--------------------+--------------------+------------------------------------+------------------------------------+------------------------------------+------------------------------------+
| Epoch |  training time(s) |   tesing time(s)   |        Loss        |               recall               |                ndcg                |             precision              |             hit_ratio              |
+-------+-------------------+--------------------+--------------------+------------------------------------+------------------------------------+------------------------------------+------------------------------------+
|   9   | 44.84783935546875 | 146.07116770744324 | 130.91818237304688 | [0.07210398 0.10594456 0.13009382] | [0.03212431 0.03936832 0.04386572] | [0.00423791 0.00317791 0.00262626] | [0.08314489 0.12280073 0.15080525] |
|   9   | 44.84783935546875 | 124.73293280601501 | 130.91818237304688 | [0.00994587 0.01745994 0.02407544] | [0.00395798 0.0055101  0.00670765] | [0.00051941 0.00046289 0.00043272] | [0.01035864 0.01842685 0.02566755] |
+-------+-------------------+--------------------+--------------------+------------------------------------+------------------------------------+------------------------------------+------------------------------------+
epoch: 10 s: 0 batch_loss 0.34487929940223694 BPR_loss 0.3249354958534241 reg_loss 0.01994381472468376
epoch: 10 s: 256000 batch_loss 0.34676608443260193 BPR_loss 0.32624638080596924 reg_loss 0.020519711077213287
epoch: 10 s: 512000 batch_loss 0.33984002470970154 BPR_loss 0.3184930384159088 reg_loss 0.021346978843212128
+-------+--------------------+--------------------+--------------------+------------------------------------+------------------------------------+------------------------------------+------------------------------------+
| Epoch |  training time(s)  |   tesing time(s)   |        Loss        |               recall               |                ndcg                |             precision              |             hit_ratio              |
+-------+--------------------+--------------------+--------------------+------------------------------------+------------------------------------+------------------------------------+------------------------------------+
|   10  | 44.208208322525024 | 147.30527186393738 | 123.45317840576172 | [0.07242491 0.10637999 0.13044417] | [0.03242632 0.03969857 0.04417718] | [0.0042579  0.00318446 0.00262833] | [0.08347581 0.12314544 0.1511086 ] |
|   10  | 44.208208322525024 | 126.23405265808105 | 123.45317840576172 | [0.01025076 0.01811013 0.02475026] | [0.0040724  0.00569876 0.00690272] | [0.0005364  0.00048062 0.00044528] | [0.01069851 0.01912136 0.02643595] |
+-------+--------------------+--------------------+--------------------+------------------------------------+------------------------------------+------------------------------------+------------------------------------+
epoch: 11 s: 0 batch_loss 0.3416908085346222 BPR_loss 0.320785790681839 reg_loss 0.020905019715428352
epoch: 11 s: 256000 batch_loss 0.3272304832935333 BPR_loss 0.30539581179618835 reg_loss 0.02183467335999012
epoch: 11 s: 512000 batch_loss 0.3199843466281891 BPR_loss 0.2978518009185791 reg_loss 0.022132545709609985
+-------+------------------+--------------------+-------------------+------------------------------------+------------------------------------+------------------------------------+------------------------------------+
| Epoch | training time(s) |   tesing time(s)   |        Loss       |               recall               |                ndcg                |             precision              |             hit_ratio              |
+-------+------------------+--------------------+-------------------+------------------------------------+------------------------------------+------------------------------------+------------------------------------+
|   11  | 44.7489116191864 | 142.24980211257935 | 116.9578628540039 | [0.07289962 0.10678246 0.13048366] | [0.03267567 0.03993188 0.04434072] | [0.00428824 0.00319653 0.00262833] | [0.08398599 0.12366941 0.15105344] |
|   11  | 44.7489116191864 | 126.18137383460999 | 116.9578628540039 | [0.01054076 0.0187842  0.02574278] | [0.0041982  0.00590406 0.00716079] | [0.00055266 0.00049835 0.00046276] | [0.0110236  0.01983066 0.02747034] |
+-------+------------------+--------------------+-------------------+------------------------------------+------------------------------------+------------------------------------+------------------------------------+
epoch: 12 s: 0 batch_loss 0.3157954514026642 BPR_loss 0.29244935512542725 reg_loss 0.023346107453107834
epoch: 12 s: 256000 batch_loss 0.30987825989723206 BPR_loss 0.2866891026496887 reg_loss 0.023189149796962738
epoch: 12 s: 512000 batch_loss 0.3139429986476898 BPR_loss 0.2906615138053894 reg_loss 0.023281481117010117
+-------+-------------------+--------------------+--------------------+------------------------------------+------------------------------------+------------------------------------+------------------------------------+
| Epoch |  training time(s) |   tesing time(s)   |        Loss        |               recall               |                ndcg                |             precision              |             hit_ratio              |
+-------+-------------------+--------------------+--------------------+------------------------------------+------------------------------------+------------------------------------+------------------------------------+
|   12  | 45.58484220504761 | 143.05758500099182 | 111.20195007324219 | [0.07317017 0.10720142 0.13030432] | [0.03291652 0.04020854 0.04451387] | [0.00429789 0.00320687 0.00262511] | [0.08419282 0.12411064 0.1508604 ] |
|   12  | 45.58484220504761 | 126.29974865913391 | 111.20195007324219 | [0.01088063 0.01910314 0.02643114] | [0.00431638 0.00602042 0.00734323] | [0.00057113 0.00050722 0.00047532] | [0.01139302 0.0201853  0.02817963] |
+-------+-------------------+--------------------+--------------------+------------------------------------+------------------------------------+------------------------------------+------------------------------------+
epoch: 13 s: 0 batch_loss 0.29888877272605896 BPR_loss 0.274630606174469 reg_loss 0.024258172139525414
epoch: 13 s: 256000 batch_loss 0.2949538826942444 BPR_loss 0.2704707384109497 reg_loss 0.02448315918445587
epoch: 13 s: 512000 batch_loss 0.2919163703918457 BPR_loss 0.2670510411262512 reg_loss 0.02486533671617508
+-------+--------------------+--------------------+--------------------+------------------------------------+------------------------------------+------------------------------------+------------------------------------+
| Epoch |  training time(s)  |   tesing time(s)   |        Loss        |               recall               |                ndcg                |             precision              |             hit_ratio              |
+-------+--------------------+--------------------+--------------------+------------------------------------+------------------------------------+------------------------------------+------------------------------------+
|   13  | 43.906323194503784 | 146.47964596748352 | 105.96052551269531 | [0.0735568  0.10664011 0.13039951] | [0.03309212 0.04019273 0.04462276] | [0.00431443 0.00318791 0.00262534] | [0.0845789  0.12340742 0.15094314] |
|   13  | 43.906323194503784 | 129.4213228225708  | 105.96052551269531 | [0.01117174 0.01957231 0.0269471 ] | [0.00441342 0.00615222 0.00748464] | [0.00058738 0.00051904 0.00048444] | [0.01171812 0.02064339 0.0287116 ] |
+-------+--------------------+--------------------+--------------------+------------------------------------+------------------------------------+------------------------------------+------------------------------------+
epoch: 14 s: 0 batch_loss 0.2797074019908905 BPR_loss 0.254440039396286 reg_loss 0.025267349556088448
epoch: 14 s: 256000 batch_loss 0.27979713678359985 BPR_loss 0.2542037069797516 reg_loss 0.025593426078557968
epoch: 14 s: 512000 batch_loss 0.2823726534843445 BPR_loss 0.2562854588031769 reg_loss 0.02608720399439335
+-------+-------------------+--------------------+--------------------+------------------------------------+------------------------------------+------------------------------------+------------------------------------+
| Epoch |  training time(s) |   tesing time(s)   |        Loss        |               recall               |                ndcg                |             precision              |             hit_ratio              |
+-------+-------------------+--------------------+--------------------+------------------------------------+------------------------------------+------------------------------------+------------------------------------+
|   14  | 45.29918122291565 | 144.31469249725342 | 101.26700592041016 | [0.07336284 0.10671135 0.12998743] | [0.03312914 0.04028583 0.04462888] | [0.00429858 0.00318722 0.00261638] | [0.08430313 0.12337985 0.15041917] |
|   14  | 45.29918122291565 | 127.91547441482544 | 101.26700592041016 | [0.01142738 0.01971934 0.02742365] | [0.00452752 0.00624555 0.00763821] | [0.00060068 0.00052384 0.00049306] | [0.01196932 0.02083549 0.02924357] |
+-------+-------------------+--------------------+--------------------+------------------------------------+------------------------------------+------------------------------------+------------------------------------+
epoch: 15 s: 0 batch_loss 0.27138853073120117 BPR_loss 0.24497133493423462 reg_loss 0.0264172051101923
epoch: 15 s: 256000 batch_loss 0.27006393671035767 BPR_loss 0.24381616711616516 reg_loss 0.026247773319482803
epoch: 15 s: 512000 batch_loss 0.26869523525238037 BPR_loss 0.24146023392677307 reg_loss 0.027235012501478195
+-------+-------------------+--------------------+------------------+------------------------------------+------------------------------------+------------------------------------+------------------------------------+
| Epoch |  training time(s) |   tesing time(s)   |       Loss       |               recall               |                ndcg                |             precision              |             hit_ratio              |
+-------+-------------------+--------------------+------------------+------------------------------------+------------------------------------+------------------------------------+------------------------------------+
|   15  | 44.12203240394592 | 145.67807173728943 | 97.1517562866211 | [0.07347918 0.10666864 0.12973526] | [0.033202   0.04031484 0.0446225 ] | [0.00429996 0.00318308 0.00261063] | [0.08428934 0.12315923 0.15007446] |
|   15  | 44.12203240394592 | 126.35428929328918 | 97.1517562866211 | [0.01168105 0.02005921 0.02762314] | [0.00460005 0.00633252 0.00770796] | [0.0006125  0.00053197 0.00049823] | [0.01220575 0.02116058 0.02955388] |
+-------+-------------------+--------------------+------------------+------------------------------------+------------------------------------+------------------------------------+------------------------------------+
epoch: 16 s: 0 batch_loss 0.2580586075782776 BPR_loss 0.23054134845733643 reg_loss 0.027517259120941162
epoch: 16 s: 256000 batch_loss 0.2659384608268738 BPR_loss 0.23784753680229187 reg_loss 0.028090910986065865
epoch: 16 s: 512000 batch_loss 0.25757458806037903 BPR_loss 0.22977003455162048 reg_loss 0.027804557234048843
+-------+-------------------+--------------------+-------------------+------------------------------------+------------------------------------+------------------------------------+------------------------------------+
| Epoch |  training time(s) |   tesing time(s)   |        Loss       |               recall               |                ndcg                |             precision              |             hit_ratio              |
+-------+-------------------+--------------------+-------------------+------------------------------------+------------------------------------+------------------------------------+------------------------------------+
|   16  | 44.81636881828308 | 146.33791971206665 | 93.36359405517578 | [0.07337761 0.10678529 0.12946361] | [0.03322866 0.04038587 0.04462072] | [0.00429306 0.00318515 0.00260397] | [0.0842204  0.12322817 0.14972974] |
|   16  | 44.81636881828308 | 126.65226101875305 | 93.36359405517578 | [0.01202092 0.02031853 0.02807507] | [0.00471133 0.00642333 0.00783167] | [0.00063024 0.00053899 0.00050537] | [0.0125604  0.02144134 0.02999719] |
+-------+-------------------+--------------------+-------------------+------------------------------------+------------------------------------+------------------------------------+------------------------------------+
epoch: 17 s: 0 batch_loss 0.2521779239177704 BPR_loss 0.2236568033695221 reg_loss 0.028521133586764336
epoch: 17 s: 256000 batch_loss 0.247358500957489 BPR_loss 0.21881946921348572 reg_loss 0.0285390242934227
epoch: 17 s: 512000 batch_loss 0.24202583730220795 BPR_loss 0.21294371783733368 reg_loss 0.029082123190164566
+-------+-------------------+-------------------+-------------------+------------------------------------+------------------------------------+------------------------------------+------------------------------------+
| Epoch |  training time(s) |   tesing time(s)  |        Loss       |               recall               |                ndcg                |             precision              |             hit_ratio              |
+-------+-------------------+-------------------+-------------------+------------------------------------+------------------------------------+------------------------------------+------------------------------------+
|   17  | 44.94807052612305 | 142.8779821395874 | 90.16574096679688 | [0.07316444 0.10627753 0.12889266] | [0.03318017 0.04026661 0.0444948 ] | [0.0042772  0.0031655  0.00259133] | [0.08386189 0.12258011 0.14905411] |
|   17  | 44.94807052612305 | 128.0903718471527 | 90.16574096679688 | [0.01214948 0.02076604 0.02839524] | [0.00479139 0.00656477 0.00794776] | [0.0006391  0.00055081 0.00051079] | [0.01273772 0.02192898 0.03030751] |
+-------+-------------------+-------------------+-------------------+------------------------------------+------------------------------------+------------------------------------+------------------------------------+
epoch: 18 s: 0 batch_loss 0.24578477442264557 BPR_loss 0.2164939045906067 reg_loss 0.02929087169468403
epoch: 18 s: 256000 batch_loss 0.24637073278427124 BPR_loss 0.21649156510829926 reg_loss 0.029879171401262283
epoch: 18 s: 512000 batch_loss 0.25208133459091187 BPR_loss 0.22253404557704926 reg_loss 0.029547274112701416
+-------+-------------------+--------------------+-------------------+------------------------------------+------------------------------------+------------------------------------+------------------------------------+
| Epoch |  training time(s) |   tesing time(s)   |        Loss       |               recall               |                ndcg                |             precision              |             hit_ratio              |
+-------+-------------------+--------------------+-------------------+------------------------------------+------------------------------------+------------------------------------+------------------------------------+
|   18  | 45.86273789405823 | 151.83236646652222 | 87.15746307373047 | [0.0731649  0.10574321 0.12835733] | [0.03320372 0.04017812 0.04439899] | [0.00427789 0.00315103 0.002578  ] | [0.08383432 0.12200099 0.14839226] |
|   18  | 45.86273789405823 | 126.5718035697937  | 87.15746307373047 | [0.01239699 0.02100493 0.02873722] | [0.00486803 0.0066377  0.0080381 ] | [0.00065166 0.00055783 0.00051695] | [0.01298893 0.02220974 0.03070649] |
+-------+-------------------+--------------------+-------------------+------------------------------------+------------------------------------+------------------------------------+------------------------------------+
epoch: 19 s: 0 batch_loss 0.24143193662166595 BPR_loss 0.21107256412506104 reg_loss 0.03035936877131462
epoch: 19 s: 256000 batch_loss 0.2333153784275055 BPR_loss 0.20256772637367249 reg_loss 0.03074765019118786
epoch: 19 s: 512000 batch_loss 0.23106417059898376 BPR_loss 0.2006027102470398 reg_loss 0.030461467802524567
+-------+--------------------+--------------------+-------------------+------------------------------------+------------------------------------+------------------------------------+------------------------------------+
| Epoch |  training time(s)  |   tesing time(s)   |        Loss       |               recall               |                ndcg                |             precision              |             hit_ratio              |
+-------+--------------------+--------------------+-------------------+------------------------------------+------------------------------------+------------------------------------+------------------------------------+
|   19  | 44.670918703079224 | 145.2151484489441  | 84.42131042480469 | [0.07308537 0.10520647 0.12731758] | [0.03325375 0.04013048 0.0442648 ] | [0.00427169 0.00313413 0.00255869] | [0.08368264 0.12136672 0.14716508] |
|   19  | 44.670918703079224 | 128.79976797103882 | 84.42131042480469 | [0.0124795  0.02130232 0.02917363] | [0.00488964 0.00670045 0.00812501] | [0.00065536 0.00056559 0.00052483] | [0.01306282 0.02250528 0.03119412] |
+-------+--------------------+--------------------+-------------------+------------------------------------+------------------------------------+------------------------------------+------------------------------------+
epoch: 20 s: 0 batch_loss 0.23123201727867126 BPR_loss 0.20035424828529358 reg_loss 0.030877772718667984
epoch: 20 s: 256000 batch_loss 0.23436376452445984 BPR_loss 0.2033698856830597 reg_loss 0.03099387139081955
epoch: 20 s: 512000 batch_loss 0.22611643373966217 BPR_loss 0.19435644149780273 reg_loss 0.03175998851656914
+-------+-------------------+--------------------+------------------+------------------------------------+------------------------------------+------------------------------------+------------------------------------+
| Epoch |  training time(s) |   tesing time(s)   |       Loss       |               recall               |                ndcg                |             precision              |             hit_ratio              |
+-------+-------------------+--------------------+------------------+------------------------------------+------------------------------------+------------------------------------+------------------------------------+
|   20  | 44.36112189292908 | 150.92497634887695 | 82.0086441040039 | [0.07265897 0.1048908  0.12684228] | [0.03315513 0.04005659 0.04415741] | [0.00424963 0.00312483 0.0025472 ] | [0.0832552  0.12109095 0.14655838] |
|   20  | 44.36112189292908 | 129.88735842704773 | 82.0086441040039 | [0.01263219 0.02146486 0.02925737] | [0.00494775 0.00675792 0.00816754] | [0.00066422 0.00057002 0.00052581] | [0.01324014 0.02268261 0.03123846] |
+-------+-------------------+--------------------+------------------+------------------------------------+------------------------------------+------------------------------------+------------------------------------+
epoch: 21 s: 0 batch_loss 0.22868652641773224 BPR_loss 0.1969955861568451 reg_loss 0.031690943986177444
epoch: 21 s: 256000 batch_loss 0.2325892299413681 BPR_loss 0.20033937692642212 reg_loss 0.032249849289655685
epoch: 21 s: 512000 batch_loss 0.2223445177078247 BPR_loss 0.19038555026054382 reg_loss 0.03195897117257118
+-------+-------------------+--------------------+-------------------+------------------------------------+------------------------------------+------------------------------------+------------------------------------+
| Epoch |  training time(s) |   tesing time(s)   |        Loss       |               recall               |                ndcg                |             precision              |             hit_ratio              |
+-------+-------------------+--------------------+-------------------+------------------------------------+------------------------------------+------------------------------------+------------------------------------+
|   21  | 44.68116068840027 | 143.68727588653564 | 79.76204681396484 | [0.07270679 0.10415552 0.12627211] | [0.03319774 0.03992484 0.04405807] | [0.00425101 0.00310242 0.0025364 ] | [0.08326899 0.12020848 0.14592411] |
|   21  | 44.68116068840027 | 128.7808301448822  | 79.76204681396484 | [0.01272824 0.02151793 0.02960462] | [0.00499768 0.00680146 0.00826194] | [0.00066866 0.00057224 0.00053197] | [0.0133288  0.02277127 0.03162266] |
+-------+-------------------+--------------------+-------------------+------------------------------------+------------------------------------+------------------------------------+------------------------------------+
epoch: 22 s: 0 batch_loss 0.22179168462753296 BPR_loss 0.1890811324119568 reg_loss 0.03271054849028587
epoch: 22 s: 256000 batch_loss 0.21269236505031586 BPR_loss 0.1795787364244461 reg_loss 0.03311363235116005
epoch: 22 s: 512000 batch_loss 0.21596157550811768 BPR_loss 0.18255136907100677 reg_loss 0.0334102138876915
+-------+-------------------+--------------------+------------------+------------------------------------+------------------------------------+------------------------------------+------------------------------------+
| Epoch |  training time(s) |   tesing time(s)   |       Loss       |               recall               |                ndcg                |             precision              |             hit_ratio              |
+-------+-------------------+--------------------+------------------+------------------------------------+------------------------------------+------------------------------------+------------------------------------+
|   22  | 44.45657515525818 | 149.13417291641235 | 77.7365951538086 | [0.07241112 0.10348324 0.12532989] | [0.03306597 0.03972428 0.04380443] | [0.00422826 0.00308415 0.00251687] | [0.08282775 0.11949148 0.14479345] |
|   22  | 44.45657515525818 | 130.44900727272034 | 77.7365951538086 | [0.01272578 0.02127276 0.02967358] | [0.00501457 0.00676968 0.00829111] | [0.00067013 0.00056448 0.00053345] | [0.01335836 0.02246095 0.03171132] |
+-------+-------------------+--------------------+------------------+------------------------------------+------------------------------------+------------------------------------+------------------------------------+
epoch: 23 s: 0 batch_loss 0.2133360058069229 BPR_loss 0.17988353967666626 reg_loss 0.03345246985554695
epoch: 23 s: 256000 batch_loss 0.21029075980186462 BPR_loss 0.176653653383255 reg_loss 0.03363711014389992
epoch: 23 s: 512000 batch_loss 0.20708221197128296 BPR_loss 0.17332106828689575 reg_loss 0.033761151134967804
+-------+--------------------+--------------------+-------------------+------------------------------------+------------------------------------+------------------------------------+------------------------------------+
| Epoch |  training time(s)  |   tesing time(s)   |        Loss       |               recall               |                ndcg                |             precision              |             hit_ratio              |
+-------+--------------------+--------------------+-------------------+------------------------------------+------------------------------------+------------------------------------+------------------------------------+
|   23  | 44.249573707580566 | 148.27447295188904 | 75.86871337890625 | [0.07205233 0.10280141 0.12455409] | [0.03296361 0.03955165 0.04362224] | [0.00420688 0.00306175 0.00250239] | [0.08245546 0.1186228  0.14389719] |
|   23  | 44.249573707580566 | 131.93448686599731 | 75.86871337890625 | [0.0127147  0.02146536 0.02965142] | [0.00499908 0.00679666 0.00827847] | [0.00067013 0.00057039 0.00053271] | [0.01335836 0.02268261 0.03168176] |
+-------+--------------------+--------------------+-------------------+------------------------------------+------------------------------------+------------------------------------+------------------------------------+
epoch: 24 s: 0 batch_loss 0.21781840920448303 BPR_loss 0.1835607886314392 reg_loss 0.03425762802362442
epoch: 24 s: 256000 batch_loss 0.2072339653968811 BPR_loss 0.17305830121040344 reg_loss 0.03417566418647766
epoch: 24 s: 512000 batch_loss 0.20931796729564667 BPR_loss 0.17505550384521484 reg_loss 0.03426246717572212
+-------+-------------------+-------------------+-------------------+------------------------------------+------------------------------------+------------------------------------+------------------------------------+
| Epoch |  training time(s) |   tesing time(s)  |        Loss       |               recall               |                ndcg                |             precision              |             hit_ratio              |
+-------+-------------------+-------------------+-------------------+------------------------------------+------------------------------------+------------------------------------+------------------------------------+
|   24  | 44.66805100440979 | 152.9822325706482 | 74.16622924804688 | [0.07175358 0.1026394  0.12431518] | [0.03285534 0.03947258 0.0435208 ] | [0.00419241 0.00306002 0.00249871] | [0.08213833 0.11854007 0.14369036] |
|   24  | 44.66805100440979 | 129.1015501022339 | 74.16622924804688 | [0.01269204 0.0216513  0.02952335] | [0.00498713 0.006828   0.0082531 ] | [0.00066718 0.00057593 0.00053049] | [0.01329925 0.02287471 0.03154877] |
+-------+-------------------+-------------------+-------------------+------------------------------------+------------------------------------+------------------------------------+------------------------------------+
epoch: 25 s: 0 batch_loss 0.19558724761009216 BPR_loss 0.16108858585357666 reg_loss 0.0344986654818058
epoch: 25 s: 256000 batch_loss 0.20619478821754456 BPR_loss 0.1708853840827942 reg_loss 0.03530939668416977
epoch: 25 s: 512000 batch_loss 0.20570378005504608 BPR_loss 0.17035269737243652 reg_loss 0.03535108640789986
+-------+--------------------+--------------------+-------------------+------------------------------------+------------------------------------+------------------------------------+------------------------------------+
| Epoch |  training time(s)  |   tesing time(s)   |        Loss       |               recall               |                ndcg                |             precision              |             hit_ratio              |
+-------+--------------------+--------------------+-------------------+------------------------------------+------------------------------------+------------------------------------+------------------------------------+
|   25  | 44.345410108566284 | 145.64061999320984 | 72.66053771972656 | [0.07149161 0.10173384 0.12360523] | [0.03284221 0.03933117 0.04342285] | [0.00417379 0.00303176 0.00248561] | [0.08183498 0.11738183 0.14294578] |
|   25  | 44.345410108566284 | 132.46663546562195 | 72.66053771972656 | [0.01276962 0.02168712 0.02954983] | [0.00499787 0.00683145 0.00825554] | [0.00067087 0.00057778 0.00053123] | [0.01335836 0.02294859 0.0315931 ] |
+-------+--------------------+--------------------+-------------------+------------------------------------+------------------------------------+------------------------------------+------------------------------------+
epoch: 26 s: 0 batch_loss 0.20389237999916077 BPR_loss 0.16883867979049683 reg_loss 0.035053692758083344
epoch: 26 s: 256000 batch_loss 0.1941952407360077 BPR_loss 0.1588006168603897 reg_loss 0.03539462015032768
epoch: 26 s: 512000 batch_loss 0.1979614943265915 BPR_loss 0.16216617822647095 reg_loss 0.035795316100120544
+-------+-------------------+--------------------+-------------------+------------------------------------+------------------------------------+------------------------------------+------------------------------------+
| Epoch |  training time(s) |   tesing time(s)   |        Loss       |               recall               |                ndcg                |             precision              |             hit_ratio              |
+-------+-------------------+--------------------+-------------------+------------------------------------+------------------------------------+------------------------------------+------------------------------------+
|   26  | 43.85419178009033 | 139.79328155517578 | 71.27639770507812 | [0.07139134 0.10120574 0.12326969] | [0.03272047 0.03911491 0.04324363] | [0.00417034 0.00301521 0.00247918] | [0.08176604 0.11674756 0.14258728] |
|   26  | 43.85419178009033 | 128.57559728622437 | 71.27639770507812 | [0.01286197 0.02178183 0.02955229] | [0.00502344 0.00685567 0.00826544] | [0.00067605 0.00057926 0.00053172] | [0.01346179 0.0230077  0.03160788] |
+-------+-------------------+--------------------+-------------------+------------------------------------+------------------------------------+------------------------------------+------------------------------------+
epoch: 27 s: 0 batch_loss 0.1866292953491211 BPR_loss 0.15046200156211853 reg_loss 0.03616729751229286
epoch: 27 s: 256000 batch_loss 0.19625914096832275 BPR_loss 0.16011035442352295 reg_loss 0.0361487939953804
epoch: 27 s: 512000 batch_loss 0.1957591474056244 BPR_loss 0.15892425179481506 reg_loss 0.03683489188551903
+-------+-------------------+--------------------+-------------------+------------------------------------+------------------------------------+------------------------------------+------------------------------------+
| Epoch |  training time(s) |   tesing time(s)   |        Loss       |               recall               |                ndcg                |             precision              |             hit_ratio              |
+-------+-------------------+--------------------+-------------------+------------------------------------+------------------------------------+------------------------------------+------------------------------------+
|   27  | 44.77432584762573 | 144.30764389038086 | 70.02970123291016 | [0.0709909  0.10070051 0.1222939 ] | [0.0326389  0.03901156 0.04304697] | [0.00414828 0.00300314 0.00245896] | [0.0813248  0.11618223 0.14138768] |
|   27  | 44.77432584762573 | 129.03393530845642 | 70.02970123291016 | [0.0129063  0.02176163 0.02962617] | [0.00503845 0.00685722 0.00828375] | [0.00067752 0.00057815 0.00053271] | [0.01349135 0.02296337 0.03166699] |
+-------+-------------------+--------------------+-------------------+------------------------------------+------------------------------------+------------------------------------+------------------------------------+
epoch: 28 s: 0 batch_loss 0.19638606905937195 BPR_loss 0.15980958938598633 reg_loss 0.03657648339867592
epoch: 28 s: 256000 batch_loss 0.19315145909786224 BPR_loss 0.1566622257232666 reg_loss 0.036489229649305344
epoch: 28 s: 512000 batch_loss 0.19251376390457153 BPR_loss 0.15587329864501953 reg_loss 0.036640465259552
+-------+-------------------+--------------------+-------------------+------------------------------------+------------------------------------+------------------------------------+------------------------------------+
| Epoch |  training time(s) |   tesing time(s)   |        Loss       |               recall               |                ndcg                |             precision              |             hit_ratio              |
+-------+-------------------+--------------------+-------------------+------------------------------------+------------------------------------+------------------------------------+------------------------------------+
|   28  | 44.11914587020874 | 143.29128742218018 | 68.73677825927734 | [0.07067175 0.10037257 0.12187565] | [0.0325648  0.03893375 0.04294876] | [0.00412622 0.00299142 0.00244861] | [0.08100767 0.11569963 0.14093266] |
|   28  | 44.11914587020874 |  130.345374584198  | 68.73677825927734 | [0.01275853 0.02177234 0.02952372] | [0.00501621 0.00687253 0.00827904] | [0.0006694  0.00057889 0.00053123] | [0.0133288  0.02299292 0.03157833] |
+-------+-------------------+--------------------+-------------------+------------------------------------+------------------------------------+------------------------------------+------------------------------------+
epoch: 29 s: 0 batch_loss 0.19318845868110657 BPR_loss 0.1555802822113037 reg_loss 0.03760818392038345
epoch: 29 s: 256000 batch_loss 0.1856272667646408 BPR_loss 0.14802297949790955 reg_loss 0.03760428726673126
epoch: 29 s: 512000 batch_loss 0.1906866729259491 BPR_loss 0.15319007635116577 reg_loss 0.037496600300073624
+-------+-------------------+--------------------+-------------------+------------------------------------+------------------------------------+------------------------------------+------------------------------------+
| Epoch |  training time(s) |   tesing time(s)   |        Loss       |               recall               |                ndcg                |             precision              |             hit_ratio              |
+-------+-------------------+--------------------+-------------------+------------------------------------+------------------------------------+------------------------------------+------------------------------------+
|   29  | 44.22220849990845 | 141.03556561470032 | 67.72119903564453 | [0.06999535 0.09987493 0.12108522] | [0.0323688  0.03877513 0.04273751] | [0.00409313 0.00297591 0.00243299] | [0.08030445 0.11512051 0.14005019] |
|   29  | 44.22220849990845 |  135.230623960495  | 67.72119903564453 | [0.01283981 0.02183391 0.02960623] | [0.00503169 0.00687994 0.00828893] | [0.00067383 0.00058073 0.00053246] | [0.01341746 0.02306681 0.03165221] |
+-------+-------------------+--------------------+-------------------+------------------------------------+------------------------------------+------------------------------------+------------------------------------+
epoch: 30 s: 0 batch_loss 0.18447032570838928 BPR_loss 0.1474345624446869 reg_loss 0.03703577071428299
epoch: 30 s: 256000 batch_loss 0.18789005279541016 BPR_loss 0.15059496462345123 reg_loss 0.03729509189724922
epoch: 30 s: 512000 batch_loss 0.18474704027175903 BPR_loss 0.14654269814491272 reg_loss 0.03820434585213661
+-------+--------------------+--------------------+-------------------+------------------------------------+------------------------------------+------------------------------------+------------------------------------+
| Epoch |  training time(s)  |   tesing time(s)   |        Loss       |               recall               |                ndcg                |             precision              |             hit_ratio              |
+-------+--------------------+--------------------+-------------------+------------------------------------+------------------------------------+------------------------------------+------------------------------------+
|   30  | 44.464911222457886 | 140.61122751235962 | 66.70509338378906 | [0.06987077 0.09934865 0.12061981] | [0.03233618 0.0386526  0.04262316] | [0.00408623 0.00295902 0.00242219] | [0.08016657 0.11444487 0.13942971] |
|   30  | 44.464911222457886 | 137.25587725639343 | 66.70509338378906 |  [0.0127807 0.0218301 0.0296412]   | [0.00502738 0.00688991 0.00830438] | [0.00067087 0.00058036 0.00053271] | [0.01335836 0.02305203 0.03166699] |
+-------+--------------------+--------------------+-------------------+------------------------------------+------------------------------------+------------------------------------+------------------------------------+
epoch: 31 s: 0 batch_loss 0.1870172619819641 BPR_loss 0.14842841029167175 reg_loss 0.03858884796500206
epoch: 31 s: 256000 batch_loss 0.18490226566791534 BPR_loss 0.14665842056274414 reg_loss 0.038243841379880905
epoch: 31 s: 512000 batch_loss 0.18801000714302063 BPR_loss 0.14988943934440613 reg_loss 0.0381205677986145
+-------+-------------------+--------------------+-------------------+------------------------------------+------------------------------------+------------------------------------+------------------------------------+
| Epoch |  training time(s) |   tesing time(s)   |        Loss       |               recall               |                ndcg                |             precision              |             hit_ratio              |
+-------+-------------------+--------------------+-------------------+------------------------------------+------------------------------------+------------------------------------+------------------------------------+
|   31  | 44.67418837547302 | 138.50800848007202 | 65.75556945800781 | [0.06963738 0.0989634  0.11980385] | [0.03223182 0.0385215  0.04241175] | [0.00407244 0.00295109 0.0024084 ] | [0.07983564 0.11408637 0.13856103] |
|   31  | 44.67418837547302 | 131.57692980766296 | 65.75556945800781 | [0.01294325 0.02185115 0.02953418] | [0.00506538 0.00689565 0.0082882 ] | [0.000679   0.00058147 0.00053148] | [0.0135209  0.02309636 0.03157833] |
+-------+-------------------+--------------------+-------------------+------------------------------------+------------------------------------+------------------------------------+------------------------------------+
epoch: 32 s: 0 batch_loss 0.1782161444425583 BPR_loss 0.1395084261894226 reg_loss 0.03870771825313568
epoch: 32 s: 256000 batch_loss 0.18245461583137512 BPR_loss 0.14351654052734375 reg_loss 0.038938071578741074
epoch: 32 s: 512000 batch_loss 0.1798466145992279 BPR_loss 0.1409204602241516 reg_loss 0.03892615810036659
+-------+--------------------+--------------------+-------------------+------------------------------------+------------------------------------+------------------------------------+------------------------------------+
| Epoch |  training time(s)  |   tesing time(s)   |        Loss       |               recall               |                ndcg                |             precision              |             hit_ratio              |
+-------+--------------------+--------------------+-------------------+------------------------------------+------------------------------------+------------------------------------+------------------------------------+
|   32  | 45.529356479644775 | 141.62258052825928 | 64.82206726074219 | [0.06944143 0.09859193 0.11884431] | [0.03217088 0.03842307 0.04220809] | [0.00406004 0.0029411  0.00239001] | [0.07958745 0.11371408 0.13755446] |
|   32  | 45.529356479644775 | 130.81652188301086 | 64.82206726074219 | [0.01282503 0.02172616 0.02963023] | [0.0050538  0.0068881  0.00832095] | [0.00067309 0.00057889 0.00053394] | [0.01340269 0.02299292 0.03172609] |
+-------+--------------------+--------------------+-------------------+------------------------------------+------------------------------------+------------------------------------+------------------------------------+
epoch: 33 s: 0 batch_loss 0.18187746405601501 BPR_loss 0.14276829361915588 reg_loss 0.03910917043685913
epoch: 33 s: 256000 batch_loss 0.1786755621433258 BPR_loss 0.1395358443260193 reg_loss 0.03913972154259682
epoch: 33 s: 512000 batch_loss 0.1733972281217575 BPR_loss 0.13418442010879517 reg_loss 0.03921280428767204
+-------+--------------------+--------------------+-------------------+------------------------------------+------------------------------------+------------------------------------+------------------------------------+
| Epoch |  training time(s)  |   tesing time(s)   |        Loss       |               recall               |                ndcg                |             precision              |             hit_ratio              |
+-------+--------------------+--------------------+-------------------+------------------------------------+------------------------------------+------------------------------------+------------------------------------+
|   33  | 44.498679399490356 | 139.57424330711365 | 64.03845977783203 | [0.06899828 0.09816224 0.11858507] | [0.03194978 0.0382008  0.04201585] | [0.00403659 0.00292869 0.00238542] | [0.07914621 0.11324527 0.13732006] |
|   33  | 44.498679399490356 | 138.62749528884888 | 64.03845977783203 | [0.01281149 0.02167444 0.02947987] | [0.0050494  0.00687343 0.00828905] | [0.00067383 0.00057741 0.00053148] | [0.01341746 0.02293381 0.03156355] |
+-------+--------------------+--------------------+-------------------+------------------------------------+------------------------------------+------------------------------------+------------------------------------+
epoch: 34 s: 0 batch_loss 0.1794329136610031 BPR_loss 0.1399068832397461 reg_loss 0.03952603414654732
epoch: 34 s: 256000 batch_loss 0.18117623031139374 BPR_loss 0.14114168286323547 reg_loss 0.040034543722867966
epoch: 34 s: 512000 batch_loss 0.17406758666038513 BPR_loss 0.13436180353164673 reg_loss 0.039705790579319
+-------+--------------------+--------------------+-------------------+------------------------------------+------------------------------------+------------------------------------+------------------------------------+
| Epoch |  training time(s)  |   tesing time(s)   |        Loss       |               recall               |                ndcg                |             precision              |             hit_ratio              |
+-------+--------------------+--------------------+-------------------+------------------------------------+------------------------------------+------------------------------------+------------------------------------+
|   34  | 44.790242195129395 | 137.40775203704834 | 63.38803482055664 | [0.06868483 0.09769401 0.11806467] | [0.03188761 0.03810703 0.04190832] | [0.00401453 0.00291317 0.00237301] | [0.07871877 0.11273509 0.13663063] |
|   34  | 44.790242195129395 | 135.6933479309082  | 63.38803482055664 | [0.01270989 0.02163639 0.02939531] | [0.00501181 0.00685114 0.00825938] | [0.00066792 0.00057556 0.00053   ] | [0.01329925 0.02285993 0.03147489] |
+-------+--------------------+--------------------+-------------------+------------------------------------+------------------------------------+------------------------------------+------------------------------------+
epoch: 35 s: 0 batch_loss 0.17687265574932098 BPR_loss 0.1368275284767151 reg_loss 0.040045130997896194
epoch: 35 s: 256000 batch_loss 0.17945560812950134 BPR_loss 0.1394951492547989 reg_loss 0.03996045142412186
epoch: 35 s: 512000 batch_loss 0.1822682023048401 BPR_loss 0.14190644025802612 reg_loss 0.04036175459623337
+-------+-------------------+--------------------+-------------------+------------------------------------+------------------------------------+------------------------------------+------------------------------------+
| Epoch |  training time(s) |   tesing time(s)   |        Loss       |               recall               |                ndcg                |             precision              |             hit_ratio              |
+-------+-------------------+--------------------+-------------------+------------------------------------+------------------------------------+------------------------------------+------------------------------------+
|   35  | 44.68366813659668 | 138.18419742584229 | 62.63298797607422 | [0.06843728 0.09738725 0.11782461] | [0.03177142 0.03797576 0.04178749] | [0.0040035  0.0029049  0.00236841] | [0.07849815 0.11241796 0.13634107] |
|   35  | 44.68366813659668 | 135.72061777114868 | 62.63298797607422 | [0.01260276 0.02143001 0.02912022] | [0.00498798 0.00681143 0.00820828] | [0.00066275 0.00057039 0.00052483] | [0.01319581 0.02265305 0.03117935] |
+-------+-------------------+--------------------+-------------------+------------------------------------+------------------------------------+------------------------------------+------------------------------------+
epoch: 36 s: 0 batch_loss 0.1737004667520523 BPR_loss 0.13346514105796814 reg_loss 0.04023532196879387
epoch: 36 s: 256000 batch_loss 0.16639494895935059 BPR_loss 0.12612366676330566 reg_loss 0.04027128964662552
epoch: 36 s: 512000 batch_loss 0.17223630845546722 BPR_loss 0.13181549310684204 reg_loss 0.04042081907391548
+-------+------------------+--------------------+------------------+------------------------------------+------------------------------------+------------------------------------+------------------------------------+
| Epoch | training time(s) |   tesing time(s)   |       Loss       |               recall               |                ndcg                |             precision              |             hit_ratio              |
+-------+------------------+--------------------+------------------+------------------------------------+------------------------------------+------------------------------------+------------------------------------+
|   36  | 45.1314263343811 | 139.89270997047424 | 61.9578742980957 | [0.06819526 0.09729579 0.11759784] | [0.03169406 0.03792881 0.04171205] | [0.0039904  0.00290283 0.00236359] | [0.07826375 0.11226628 0.13605151] |
|   36  | 45.1314263343811 | 137.4431278705597  | 61.9578742980957 | [0.01261877 0.02144528 0.0292693 ] | [0.00496457 0.00678982 0.00820736] | [0.00066348 0.0005715  0.00052754] | [0.01321059 0.02268261 0.03132712] |
+-------+------------------+--------------------+------------------+------------------------------------+------------------------------------+------------------------------------+------------------------------------+
epoch: 37 s: 0 batch_loss 0.17271965742111206 BPR_loss 0.13187965750694275 reg_loss 0.04084000363945961
epoch: 37 s: 256000 batch_loss 0.17466764152050018 BPR_loss 0.13404518365859985 reg_loss 0.04062245786190033
epoch: 37 s: 512000 batch_loss 0.16824057698249817 BPR_loss 0.1271711140871048 reg_loss 0.04106945917010307
+-------+-------------------+--------------------+-------------------+------------------------------------+------------------------------------+------------------------------------+------------------------------------+
| Epoch |  training time(s) |   tesing time(s)   |        Loss       |               recall               |                ndcg                |             precision              |             hit_ratio              |
+-------+-------------------+--------------------+-------------------+------------------------------------+------------------------------------+------------------------------------+------------------------------------+
|   37  | 44.77150630950928 | 139.44727301597595 | 61.36931228637695 | [0.06798383 0.09704886 0.11719095] | [0.03159299 0.03781383 0.04157348] | [0.0039773  0.00289352 0.00235715] | [0.07801555 0.11194915 0.13566543] |
|   37  | 44.77150630950928 | 135.0954668521881  | 61.36931228637695 | [0.01263416 0.0214108  0.02893879] | [0.00495804 0.00677489 0.00814155] | [0.00066275 0.00057113 0.00052236] | [0.01319581 0.02266783 0.03103158] |
+-------+-------------------+--------------------+-------------------+------------------------------------+------------------------------------+------------------------------------+------------------------------------+
epoch: 38 s: 0 batch_loss 0.16423232853412628 BPR_loss 0.12317708134651184 reg_loss 0.04105525091290474
epoch: 38 s: 256000 batch_loss 0.16765546798706055 BPR_loss 0.1262250542640686 reg_loss 0.04143042117357254
epoch: 38 s: 512000 batch_loss 0.16563239693641663 BPR_loss 0.12463119626045227 reg_loss 0.04100119695067406
+-------+------------------+--------------------+--------------------+------------------------------------+------------------------------------+------------------------------------+------------------------------------+
| Epoch | training time(s) |   tesing time(s)   |        Loss        |               recall               |                ndcg                |             precision              |             hit_ratio              |
+-------+------------------+--------------------+--------------------+------------------------------------+------------------------------------+------------------------------------+------------------------------------+
|   38  | 43.3657705783844 | 119.47246623039246 | 60.811370849609375 | [0.06790256 0.09639275 0.11673447] | [0.03151254 0.03761166 0.04140982] | [0.00397455 0.00287422 0.00234888] | [0.0779604  0.1111632  0.13511389] |
|   38  | 43.3657705783844 | 116.39407801628113 | 60.811370849609375 | [0.01271667 0.02143494 0.02908705] | [0.00500787 0.00680951 0.00819981] | [0.00066792 0.00057113 0.00052581] | [0.01329925 0.02266783 0.03123846] |
+-------+------------------+--------------------+--------------------+------------------------------------+------------------------------------+------------------------------------+------------------------------------+
epoch: 39 s: 0 batch_loss 0.16475774347782135 BPR_loss 0.12336408346891403 reg_loss 0.04139365628361702
epoch: 39 s: 256000 batch_loss 0.17661264538764954 BPR_loss 0.13485535979270935 reg_loss 0.041757289320230484
epoch: 39 s: 512000 batch_loss 0.17188626527786255 BPR_loss 0.13037356734275818 reg_loss 0.04151269420981407
+-------+--------------------+--------------------+----------------+------------------------------------+------------------------------------+------------------------------------+------------------------------------+
| Epoch |  training time(s)  |   tesing time(s)   |      Loss      |               recall               |                ndcg                |             precision              |             hit_ratio              |
+-------+--------------------+--------------------+----------------+------------------------------------+------------------------------------+------------------------------------+------------------------------------+
|   39  | 43.847692012786865 | 119.44456100463867 | 60.20068359375 | [0.06756722 0.09619369 0.11607365] | [0.03135655 0.0374891  0.04120016] | [0.00395524 0.00287008 0.00233578] | [0.07754674 0.11106668 0.13435552] |
|   39  | 43.847692012786865 | 116.79427719116211 | 60.20068359375 | [0.01258183 0.0215944  0.02905516] | [0.0049704  0.00683242 0.00818446] | [0.00066053 0.00057593 0.00052483] | [0.01315148 0.02285993 0.03119412] |
+-------+--------------------+--------------------+----------------+------------------------------------+------------------------------------+------------------------------------+------------------------------------+
epoch: 40 s: 0 batch_loss 0.16429784893989563 BPR_loss 0.12282054126262665 reg_loss 0.04147731512784958
epoch: 40 s: 256000 batch_loss 0.1722494661808014 BPR_loss 0.13056355714797974 reg_loss 0.04168590530753136
epoch: 40 s: 512000 batch_loss 0.16709785163402557 BPR_loss 0.1251559853553772 reg_loss 0.04194186255335808
+-------+--------------------+--------------------+-------------------+------------------------------------+------------------------------------+------------------------------------+------------------------------------+
| Epoch |  training time(s)  |   tesing time(s)   |        Loss       |               recall               |                ndcg                |             precision              |             hit_ratio              |
+-------+--------------------+--------------------+-------------------+------------------------------------+------------------------------------+------------------------------------+------------------------------------+
|   40  | 42.992236375808716 | 116.59865498542786 | 59.77988815307617 | [0.06751197 0.09563007 0.11547383] | [0.03131193 0.03733418 0.04103969] | [0.00395386 0.00285388 0.00232314] | [0.07749159 0.11048756 0.13365231] |
|   40  | 42.992236375808716 | 117.70452380180359 | 59.77988815307617 | [0.01264832 0.02144233 0.02883022] | [0.00498597 0.00680154 0.00814252] | [0.00066422 0.00057187 0.00052138] | [0.01322536 0.02269738 0.03098725] |
+-------+--------------------+--------------------+-------------------+------------------------------------+------------------------------------+------------------------------------+------------------------------------+
epoch: 41 s: 0 batch_loss 0.1634191870689392 BPR_loss 0.1216040849685669 reg_loss 0.04181510582566261
epoch: 41 s: 256000 batch_loss 0.1663115918636322 BPR_loss 0.12439975887537003 reg_loss 0.041911836713552475
epoch: 41 s: 512000 batch_loss 0.1651993691921234 BPR_loss 0.12292642891407013 reg_loss 0.042272940278053284
+-------+-------------------+--------------------+-------------------+------------------------------------+------------------------------------+------------------------------------+------------------------------------+
| Epoch |  training time(s) |   tesing time(s)   |        Loss       |               recall               |                ndcg                |             precision              |             hit_ratio              |
+-------+-------------------+--------------------+-------------------+------------------------------------+------------------------------------+------------------------------------+------------------------------------+
|   41  | 43.09986400604248 | 118.84088349342346 | 59.21472930908203 | [0.0671469  0.0953457  0.11506456] | [0.03120606 0.0372504  0.04093406] | [0.00393249 0.00284733 0.00231716] | [0.07705036 0.11017043 0.13328002] |
|   41  | 43.09986400604248 | 113.12296986579895 | 59.21472930908203 | [0.01267295 0.02136844 0.02875223] | [0.00498818 0.00678467 0.00812553] | [0.00066496 0.00057002 0.00052015] | [0.01324014 0.02260872 0.03091336] |
+-------+-------------------+--------------------+-------------------+------------------------------------+------------------------------------+------------------------------------+------------------------------------+
Early stopping is trigger at step: 10 log:0.012672951792689366
early stopping at 41, recall@20:0.0129
