Namespace(K=1, Ks='[20, 40, 60]', alpha=0.0, batch_size=2048, batch_test_flag=True, context_hops=3, cuda=True, data_path='data/', dataset='ali', dim=64, edge_dropout=False, edge_dropout_rate=0.1, epoch=1000, gnn='lightgcn', gpu_id=2, l2=0.001, lr=0.001, mess_dropout=False, mess_dropout_rate=0.1, n_negs=32, neg_mix_num=1, ns='mixgcf', out_dir='./weights/yelp2018/', pool='mean', save=False, test_batch_size=2048, test_flag='part')
reading train and test user-item set ...
building the adj mat ...
loading over ...
卷积器不需要第0层embedding
拿这个最难的neg_item去和pos_item在每一个维度上进行softmax自适应权重,引入alpha超参数来控制模型倾向,在权重分母上mixup多个negative items......
start training ...
epoch: 0 s: 0 batch_loss 0.6931488513946533 BPR_loss 0.6931484341621399 reg_loss 4.129801993713045e-07
epoch: 0 s: 256000 batch_loss 0.6894349455833435 BPR_loss 0.6892566680908203 reg_loss 0.00017825624672695994
epoch: 0 s: 512000 batch_loss 0.6786437630653381 BPR_loss 0.6777646541595459 reg_loss 0.0008790947613306344
+-------+-------------------+--------------------+--------------------+------------------------------------+------------------------------------+------------------------------------+------------------------------------+
| Epoch |  training time(s) |   tesing time(s)   |        Loss        |               recall               |                ndcg                |             precision              |             hit_ratio              |
+-------+-------------------+--------------------+--------------------+------------------------------------+------------------------------------+------------------------------------+------------------------------------+
|   0   | 43.29382371902466 | 130.70894050598145 | 245.08277893066406 | [0.04271121 0.06788125 0.08739473] | [0.01880848 0.0242241  0.02790566] | [0.00268118 0.00213929 0.00185938] | [0.05152777 0.0813248  0.10464122] |
|   0   | 43.29382371902466 | 138.17252588272095 | 245.08277893066406 | [0.00500507 0.00942387 0.01348272] | [0.00197941 0.00290323 0.00364566] | [0.00026672 0.00026081 0.00025318] | [0.00523104 0.01024042 0.0148656 ] |
+-------+-------------------+--------------------+--------------------+------------------------------------+------------------------------------+------------------------------------+------------------------------------+
epoch: 1 s: 0 batch_loss 0.671807050704956 BPR_loss 0.6704765558242798 reg_loss 0.001330494531430304
epoch: 1 s: 256000 batch_loss 0.6685736179351807 BPR_loss 0.6670175194740295 reg_loss 0.0015561243053525686
epoch: 1 s: 512000 batch_loss 0.6611796021461487 BPR_loss 0.6590142250061035 reg_loss 0.0021653971634805202
+-------+-------------------+-------------------+--------------------+------------------------------------+------------------------------------+------------------------------------+------------------------------------+
| Epoch |  training time(s) |   tesing time(s)  |        Loss        |               recall               |                ndcg                |             precision              |             hit_ratio              |
+-------+-------------------+-------------------+--------------------+------------------------------------+------------------------------------+------------------------------------+------------------------------------+
|   1   | 45.34626388549805 | 134.5160961151123 | 239.16464233398438 | [0.05753671 0.08562164 0.10806583] | [0.02595115 0.03199878 0.03620882] | [0.00350436 0.00264119 0.00224868] | [0.06788098 0.10109757 0.12725443] |
|   1   | 45.34626388549805 | 134.6602439880371 | 239.16464233398438 | [0.00676846 0.01279313 0.01840639] | [0.00274371 0.00399046 0.00501302] | [0.00035908 0.00034837 0.00034036] | [0.00710771 0.01374256 0.02005231] |
+-------+-------------------+-------------------+--------------------+------------------------------------+------------------------------------+------------------------------------+------------------------------------+
epoch: 2 s: 0 batch_loss 0.6609301567077637 BPR_loss 0.6583925485610962 reg_loss 0.0025376363191753626
epoch: 2 s: 256000 batch_loss 0.654911994934082 BPR_loss 0.6519123315811157 reg_loss 0.0029996626544743776
epoch: 2 s: 512000 batch_loss 0.6465932726860046 BPR_loss 0.642778217792511 reg_loss 0.0038150327745825052
+-------+-------------------+--------------------+--------------------+------------------------------------+------------------------------------+------------------------------------+------------------------------------+
| Epoch |  training time(s) |   tesing time(s)   |        Loss        |               recall               |                ndcg                |             precision              |             hit_ratio              |
+-------+-------------------+--------------------+--------------------+------------------------------------+------------------------------------+------------------------------------+------------------------------------+
|   2   | 44.86430621147156 | 133.71829223632812 | 232.72325134277344 | [0.06432751 0.09581485 0.11891742] | [0.02938495 0.03613843 0.04045569] | [0.00387527 0.00292662 0.00244701] | [0.07535437 0.11215598 0.13862997] |
|   2   | 44.86430621147156 | 136.1508014202118  | 232.72325134277344 | [0.00797819 0.01469246 0.02095714] | [0.00318115 0.00457203 0.00571717] | [0.00042114 0.00039787 0.00038666] | [0.00834897 0.01573744 0.02280082] |
+-------+-------------------+--------------------+--------------------+------------------------------------+------------------------------------+------------------------------------+------------------------------------+
epoch: 3 s: 0 batch_loss 0.6400220394134521 BPR_loss 0.6357389688491821 reg_loss 0.004283054266124964
epoch: 3 s: 256000 batch_loss 0.6286417841911316 BPR_loss 0.623570442199707 reg_loss 0.0050713554956018925
epoch: 3 s: 512000 batch_loss 0.6206178665161133 BPR_loss 0.6149352192878723 reg_loss 0.005682649556547403
+-------+-------------------+--------------------+--------------------+------------------------------------+------------------------------------+------------------------------------+------------------------------------+
| Epoch |  training time(s) |   tesing time(s)   |        Loss        |               recall               |                ndcg                |             precision              |             hit_ratio              |
+-------+-------------------+--------------------+--------------------+------------------------------------+------------------------------------+------------------------------------+------------------------------------+
|   3   | 44.01451659202576 | 140.68527102470398 | 223.97190856933594 | [0.06820745 0.10175649 0.12542856] | [0.0314963  0.03868335 0.04310329] | [0.00408279 0.00309139 0.00256697] | [0.07950472 0.11870553 0.14563455] |
|   3   | 44.01451659202576 | 136.27107000350952 | 223.97190856933594 | [0.00877369 0.0161172  0.02325828] | [0.00352823 0.00505821 0.00635802] | [0.00046326 0.00043703 0.00042681] | [0.00919126 0.0173038  0.02519469] |
+-------+-------------------+--------------------+--------------------+------------------------------------+------------------------------------+------------------------------------+------------------------------------+
epoch: 4 s: 0 batch_loss 0.6124669313430786 BPR_loss 0.6058730483055115 reg_loss 0.006593858357518911
epoch: 4 s: 256000 batch_loss 0.5929324626922607 BPR_loss 0.5856343507766724 reg_loss 0.007298116572201252
epoch: 4 s: 512000 batch_loss 0.5916604995727539 BPR_loss 0.5835935473442078 reg_loss 0.008066979236900806
+-------+-------------------+-------------------+--------------------+------------------------------------+------------------------------------+------------------------------------+------------------------------------+
| Epoch |  training time(s) |   tesing time(s)  |        Loss        |               recall               |                ndcg                |             precision              |             hit_ratio              |
+-------+-------------------+-------------------+--------------------+------------------------------------+------------------------------------+------------------------------------+------------------------------------+
|   4   | 45.19386649131775 | 136.1170289516449 | 213.56932067871094 | [0.0713019  0.10558174 0.1287466 ] | [0.03287227 0.04021227 0.04453805] | [0.00425032 0.00319756 0.00262465] | [0.08284154 0.12260769 0.14912305] |
|   4   | 45.19386649131775 | 134.7670555114746 | 213.56932067871094 | [0.00965784 0.01766755 0.02446137] | [0.00383626 0.00550065 0.00673433] | [0.00051202 0.00047877 0.00044626] | [0.01016654 0.01895882 0.02637684] |
+-------+-------------------+-------------------+--------------------+------------------------------------+------------------------------------+------------------------------------+------------------------------------+
epoch: 5 s: 0 batch_loss 0.5811057090759277 BPR_loss 0.5719180703163147 reg_loss 0.009187647141516209
epoch: 5 s: 256000 batch_loss 0.577065110206604 BPR_loss 0.5676054954528809 reg_loss 0.00945963989943266
epoch: 5 s: 512000 batch_loss 0.5600533485412598 BPR_loss 0.5491539239883423 reg_loss 0.010899433866143227
+-------+--------------------+--------------------+-------------------+------------------------------------+------------------------------------+------------------------------------+------------------------------------+
| Epoch |  training time(s)  |   tesing time(s)   |        Loss       |               recall               |                ndcg                |             precision              |             hit_ratio              |
+-------+--------------------+--------------------+-------------------+------------------------------------+------------------------------------+------------------------------------+------------------------------------+
|   5   | 44.240588665008545 | 137.8070478439331  | 202.5968475341797 | [0.07412074 0.10807947 0.13150471] | [0.03409092 0.04138767 0.04575894] | [0.00439441 0.00326616 0.00267107] | [0.08581987 0.12517236 0.15201864] |
|   5   | 44.240588665008545 | 136.36751461029053 | 202.5968475341797 | [0.01035236 0.01885747 0.02596074] | [0.00408007 0.00584937 0.00713566] | [0.00054896 0.00051165 0.00047385] | [0.01090538 0.02024441 0.02806141] |
+-------+--------------------+--------------------+-------------------+------------------------------------+------------------------------------+------------------------------------+------------------------------------+
epoch: 6 s: 0 batch_loss 0.547872006893158 BPR_loss 0.536434531211853 reg_loss 0.011437465436756611
epoch: 6 s: 256000 batch_loss 0.5424947738647461 BPR_loss 0.5306940078735352 reg_loss 0.011800754815340042
epoch: 6 s: 512000 batch_loss 0.5334831476211548 BPR_loss 0.5203191041946411 reg_loss 0.0131640350446105
+-------+-------------------+--------------------+--------------------+------------------------------------+------------------------------------+------------------------------------+------------------------------------+
| Epoch |  training time(s) |   tesing time(s)   |        Loss        |               recall               |                ndcg                |             precision              |             hit_ratio              |
+-------+-------------------+--------------------+--------------------+------------------------------------+------------------------------------+------------------------------------+------------------------------------+
|   6   | 45.53533673286438 | 137.78220224380493 | 191.20968627929688 | [0.07571988 0.10975878 0.13249329] | [0.03485694 0.0421705  0.04642365] | [0.00447369 0.00330477 0.00268693] | [0.08737797 0.12671667 0.15305278] |
|   6   | 45.53533673286438 | 138.35259127616882 | 191.20968627929688 | [0.01097545 0.01952599 0.0270967 ] | [0.00429781 0.00607744 0.00745041] | [0.00058443 0.00052901 0.00049552] | [0.01161468 0.02093893 0.02931745] |
+-------+-------------------+--------------------+--------------------+------------------------------------+------------------------------------+------------------------------------+------------------------------------+
epoch: 7 s: 0 batch_loss 0.5081433057785034 BPR_loss 0.49385660886764526 reg_loss 0.014286689460277557
epoch: 7 s: 256000 batch_loss 0.5139092803001404 BPR_loss 0.49933674931526184 reg_loss 0.014572558924555779
epoch: 7 s: 512000 batch_loss 0.4981529116630554 BPR_loss 0.4821944832801819 reg_loss 0.01595841534435749
+-------+-------------------+--------------------+-------------------+------------------------------------+------------------------------------+------------------------------------+------------------------------------+
| Epoch |  training time(s) |   tesing time(s)   |        Loss       |               recall               |                ndcg                |             precision              |             hit_ratio              |
+-------+-------------------+--------------------+-------------------+------------------------------------+------------------------------------+------------------------------------+------------------------------------+
|   7   | 44.28869366645813 | 135.8864688873291  | 180.3171844482422 | [0.07720996 0.11079743 0.13329992] | [0.03548231 0.04268727 0.04689765] | [0.0045578  0.00332821 0.00269773] | [0.08901881 0.12768187 0.15379736] |
|   7   | 44.28869366645813 | 134.68626236915588 | 180.3171844482422 | [0.01137566 0.02037505 0.02854607] | [0.004455   0.00632894 0.0078098 ] | [0.00060585 0.00055081 0.00052089] | [0.01204321 0.0218551  0.03085426] |
+-------+-------------------+--------------------+-------------------+------------------------------------+------------------------------------+------------------------------------+------------------------------------+
epoch: 8 s: 0 batch_loss 0.4945344924926758 BPR_loss 0.4783214032649994 reg_loss 0.016213079914450645
epoch: 8 s: 256000 batch_loss 0.4689086079597473 BPR_loss 0.45115548372268677 reg_loss 0.017753122374415398
epoch: 8 s: 512000 batch_loss 0.4658551812171936 BPR_loss 0.4471138119697571 reg_loss 0.018741384148597717
+-------+-------------------+--------------------+-------------------+------------------------------------+------------------------------------+------------------------------------+------------------------------------+
| Epoch |  training time(s) |   tesing time(s)   |        Loss       |               recall               |                ndcg                |             precision              |             hit_ratio              |
+-------+-------------------+--------------------+-------------------+------------------------------------+------------------------------------+------------------------------------+------------------------------------+
|   8   | 44.81420564651489 | 135.46128034591675 | 169.8140869140625 | [0.07813471 0.11121608 0.13417554] | [0.0360056  0.04309524 0.04738055] | [0.00461158 0.00333648 0.00270991] | [0.09006674 0.12821962 0.15477635] |
|   8   | 44.81420564651489 | 135.50171661376953 | 169.8140869140625 | [0.01201107 0.02107696 0.02935818] | [0.00469812 0.00658226 0.00808078] | [0.00063984 0.00056965 0.00053493] | [0.01272295 0.0226235  0.03168176] |
+-------+-------------------+--------------------+-------------------+------------------------------------+------------------------------------+------------------------------------+------------------------------------+
epoch: 9 s: 0 batch_loss 0.4579123258590698 BPR_loss 0.439383327960968 reg_loss 0.018529007211327553
epoch: 9 s: 256000 batch_loss 0.45649951696395874 BPR_loss 0.43600714206695557 reg_loss 0.02049238421022892
epoch: 9 s: 512000 batch_loss 0.4446091949939728 BPR_loss 0.4239681363105774 reg_loss 0.02064105123281479
+-------+--------------------+--------------------+--------------------+------------------------------------+------------------------------------+------------------------------------+------------------------------------+
| Epoch |  training time(s)  |   tesing time(s)   |        Loss        |               recall               |                ndcg                |             precision              |             hit_ratio              |
+-------+--------------------+--------------------+--------------------+------------------------------------+------------------------------------+------------------------------------+------------------------------------+
|   9   | 44.267722606658936 | 142.27734184265137 | 159.91921997070312 | [0.07863747 0.11113868 0.13434634] | [0.03640582 0.04338113 0.0477126 ] | [0.00464053 0.00333235 0.00271106] | [0.09042524 0.12816447 0.15490045] |
|   9   | 44.267722606658936 | 137.39715957641602 | 159.91921997070312 | [0.01244145 0.02173934 0.03007782] | [0.00488219 0.00681676 0.00832783] | [0.00066127 0.00058664 0.00054749] | [0.01316626 0.02327368 0.03243539] |
+-------+--------------------+--------------------+--------------------+------------------------------------+------------------------------------+------------------------------------+------------------------------------+
epoch: 10 s: 0 batch_loss 0.4265410900115967 BPR_loss 0.40532636642456055 reg_loss 0.02121472731232643
epoch: 10 s: 256000 batch_loss 0.42147117853164673 BPR_loss 0.39897578954696655 reg_loss 0.022495396435260773
epoch: 10 s: 512000 batch_loss 0.4162188470363617 BPR_loss 0.39294561743736267 reg_loss 0.023273233324289322
+-------+-------------------+--------------------+--------------------+------------------------------------+------------------------------------+------------------------------------+------------------------------------+
| Epoch |  training time(s) |   tesing time(s)   |        Loss        |               recall               |                ndcg                |             precision              |             hit_ratio              |
+-------+-------------------+--------------------+--------------------+------------------------------------+------------------------------------+------------------------------------+------------------------------------+
|   10  | 44.34804844856262 | 136.67782759666443 | 150.49681091308594 | [0.07922751 0.11113032 0.13395603] | [0.03674488 0.04358982 0.04785279] | [0.00466673 0.00332855 0.00270232] | [0.09103193 0.12805416 0.15443164] |
|   10  | 44.34804844856262 | 135.66349053382874 | 150.49681091308594 | [0.01291726 0.02228117 0.0307487 ] | [0.00503991 0.00698476 0.00852077] | [0.00068639 0.00059957 0.00055955] | [0.01365389 0.0237761  0.03314468] |
+-------+-------------------+--------------------+--------------------+------------------------------------+------------------------------------+------------------------------------+------------------------------------+
epoch: 11 s: 0 batch_loss 0.4125294089317322 BPR_loss 0.38930508494377136 reg_loss 0.023224322125315666
epoch: 11 s: 256000 batch_loss 0.3952920734882355 BPR_loss 0.3706420063972473 reg_loss 0.024650074541568756
epoch: 11 s: 512000 batch_loss 0.3898911774158478 BPR_loss 0.36476582288742065 reg_loss 0.025125358253717422
+-------+-------------------+--------------------+--------------------+------------------------------------+------------------------------------+------------------------------------+------------------------------------+
| Epoch |  training time(s) |   tesing time(s)   |        Loss        |               recall               |                ndcg                |             precision              |             hit_ratio              |
+-------+-------------------+--------------------+--------------------+------------------------------------+------------------------------------+------------------------------------+------------------------------------+
|   11  | 44.83886528015137 | 133.6396358013153  | 141.96018981933594 | [0.07909388 0.11110296 0.13341624] | [0.03689214 0.04376489 0.04793147] | [0.00465363 0.00332614 0.00268968] | [0.09079753 0.12802658 0.15374221] |
|   11  | 44.83886528015137 | 135.13799357414246 | 141.96018981933594 | [0.01324482 0.02284762 0.03142732] | [0.00515769 0.00715207 0.0087101 ] | [0.00070412 0.00061472 0.00057261] | [0.01402332 0.02436718 0.03389831] |
+-------+-------------------+--------------------+--------------------+------------------------------------+------------------------------------+------------------------------------+------------------------------------+
epoch: 12 s: 0 batch_loss 0.3836590647697449 BPR_loss 0.3568185567855835 reg_loss 0.02684049680829048
epoch: 12 s: 256000 batch_loss 0.3744848370552063 BPR_loss 0.34765923023223877 reg_loss 0.02682560868561268
epoch: 12 s: 512000 batch_loss 0.3749914765357971 BPR_loss 0.3477960228919983 reg_loss 0.027195440605282784
+-------+-------------------+--------------------+-------------------+------------------------------------+------------------------------------+------------------------------------+------------------------------------+
| Epoch |  training time(s) |   tesing time(s)   |        Loss       |               recall               |                ndcg                |             precision              |             hit_ratio              |
+-------+-------------------+--------------------+-------------------+------------------------------------+------------------------------------+------------------------------------+------------------------------------+
|   12  | 44.68487572669983 | 140.29534101486206 | 133.8588409423828 | [0.07909186 0.11074184 0.13276473] | [0.03697867 0.04377617 0.04787749] | [0.0046495  0.00331132 0.00266946] | [0.09064586 0.12748883 0.15273565] |
|   12  | 44.68487572669983 | 136.00162720680237 | 133.8588409423828 | [0.01332671 0.02343757 0.03194266] | [0.00524207 0.00734241 0.00888871] | [0.00070855 0.00063098 0.00058221] | [0.01411198 0.02500259 0.03447461] |
+-------+-------------------+--------------------+-------------------+------------------------------------+------------------------------------+------------------------------------+------------------------------------+
epoch: 13 s: 0 batch_loss 0.3592844605445862 BPR_loss 0.33082258701324463 reg_loss 0.028461886569857597
epoch: 13 s: 256000 batch_loss 0.3539017140865326 BPR_loss 0.32489120960235596 reg_loss 0.029010498896241188
epoch: 13 s: 512000 batch_loss 0.34901440143585205 BPR_loss 0.3191958963871002 reg_loss 0.029818499460816383
+-------+-------------------+--------------------+--------------------+------------------------------------+------------------------------------+------------------------------------+------------------------------------+
| Epoch |  training time(s) |   tesing time(s)   |        Loss        |               recall               |                ndcg                |             precision              |             hit_ratio              |
+-------+-------------------+--------------------+--------------------+------------------------------------+------------------------------------+------------------------------------+------------------------------------+
|   13  | 44.48722290992737 | 136.79487442970276 | 126.29596710205078 | [0.07881617 0.1101965  0.13213143] | [0.03687161 0.04361138 0.04769741] | [0.00463295 0.00329201 0.00265705] | [0.09034251 0.1267994  0.15204622] |
|   13  | 44.48722290992737 | 133.60248160362244 | 126.29596710205078 | [0.01381435 0.0240853  0.03251835] | [0.00540871 0.00754056 0.00907452] | [0.00073294 0.00064871 0.00059403] | [0.01459962 0.02571188 0.03513957] |
+-------+-------------------+--------------------+--------------------+------------------------------------+------------------------------------+------------------------------------+------------------------------------+
epoch: 14 s: 0 batch_loss 0.3364163637161255 BPR_loss 0.30556976795196533 reg_loss 0.030846597626805305
epoch: 14 s: 256000 batch_loss 0.3341607451438904 BPR_loss 0.30259811878204346 reg_loss 0.031562622636556625
epoch: 14 s: 512000 batch_loss 0.3351585566997528 BPR_loss 0.30302393436431885 reg_loss 0.03213462978601456
+-------+-------------------+--------------------+--------------------+------------------------------------+------------------------------------+------------------------------------+------------------------------------+
| Epoch |  training time(s) |   tesing time(s)   |        Loss        |               recall               |                ndcg                |             precision              |             hit_ratio              |
+-------+-------------------+--------------------+--------------------+------------------------------------+------------------------------------+------------------------------------+------------------------------------+
|   14  | 44.52404975891113 | 134.2356140613556  | 119.45254516601562 | [0.07855236 0.10966046 0.13120363] | [0.03693282 0.04361959 0.04763418] | [0.00461709 0.00327305 0.00263545] | [0.09003916 0.12606861 0.15083283] |
|   14  | 44.52404975891113 | 133.31305646896362 | 119.45254516601562 | [0.01398675 0.02448931 0.03263619] | [0.00551428 0.00769547 0.0091821 ] | [0.00074106 0.00066016 0.00059822] | [0.01476217 0.02615519 0.035376  ] |
+-------+-------------------+--------------------+--------------------+------------------------------------+------------------------------------+------------------------------------+------------------------------------+
epoch: 15 s: 0 batch_loss 0.3209604322910309 BPR_loss 0.28826969861984253 reg_loss 0.03269072622060776
epoch: 15 s: 256000 batch_loss 0.3098468482494354 BPR_loss 0.2774757742881775 reg_loss 0.03237108513712883
epoch: 15 s: 512000 batch_loss 0.3092360198497772 BPR_loss 0.27512288093566895 reg_loss 0.03411313146352768
+-------+-------------------+--------------------+--------------------+------------------------------------+------------------------------------+------------------------------------+------------------------------------+
| Epoch |  training time(s) |   tesing time(s)   |        Loss        |               recall               |                ndcg                |             precision              |             hit_ratio              |
+-------+-------------------+--------------------+--------------------+------------------------------------+------------------------------------+------------------------------------+------------------------------------+
|   15  | 45.64509725570679 | 134.92179703712463 | 113.04255676269531 | [0.0779243  0.10905391 0.13012663] | [0.03677814 0.04347179 0.04739863] | [0.00457711 0.00325306 0.00261201] | [0.08936352 0.12532403 0.14952292] |
|   15  | 45.64509725570679 | 139.85202193260193 | 113.04255676269531 | [0.01433105 0.02489174 0.03307039] | [0.00564479 0.00783405 0.00932739] | [0.00075953 0.00067161 0.00060758] | [0.01513159 0.0265985  0.03584886] |
+-------+-------------------+--------------------+--------------------+------------------------------------+------------------------------------+------------------------------------+------------------------------------+
epoch: 16 s: 0 batch_loss 0.30468034744262695 BPR_loss 0.26989755034446716 reg_loss 0.03478280454874039
epoch: 16 s: 256000 batch_loss 0.30641764402389526 BPR_loss 0.2705923914909363 reg_loss 0.03582526743412018
epoch: 16 s: 512000 batch_loss 0.29533571004867554 BPR_loss 0.25960057973861694 reg_loss 0.035735130310058594
+-------+--------------------+--------------------+--------------------+------------------------------------+------------------------------------+------------------------------------+------------------------------------+
| Epoch |  training time(s)  |   tesing time(s)   |        Loss        |               recall               |                ndcg                |             precision              |             hit_ratio              |
+-------+--------------------+--------------------+--------------------+------------------------------------+------------------------------------+------------------------------------+------------------------------------+
|   16  | 44.236069679260254 | 137.86750483512878 | 107.21729278564453 | [0.0777462  0.10850471 0.12967362] | [0.03676681 0.04336886 0.04730708] | [0.00456745 0.00323583 0.00260121] | [0.08915669 0.12466218 0.14895759] |
|   16  | 44.236069679260254 | 132.53107833862305 | 107.21729278564453 | [0.01453793 0.02493522 0.03329341] | [0.00574763 0.00790618 0.00943654] | [0.00077136 0.00067272 0.00061201] | [0.01536802 0.02668716 0.03612962] |
+-------+--------------------+--------------------+--------------------+------------------------------------+------------------------------------+------------------------------------+------------------------------------+
epoch: 17 s: 0 batch_loss 0.2895684838294983 BPR_loss 0.25321805477142334 reg_loss 0.03635042905807495
epoch: 17 s: 256000 batch_loss 0.28223276138305664 BPR_loss 0.24524979293346405 reg_loss 0.03698296844959259
epoch: 17 s: 512000 batch_loss 0.2743263244628906 BPR_loss 0.2362009733915329 reg_loss 0.038125354796648026
+-------+--------------------+--------------------+--------------------+------------------------------------+------------------------------------+------------------------------------+------------------------------------+
| Epoch |  training time(s)  |   tesing time(s)   |        Loss        |               recall               |                ndcg                |             precision              |             hit_ratio              |
+-------+--------------------+--------------------+--------------------+------------------------------------+------------------------------------+------------------------------------+------------------------------------+
|   17  | 44.048563957214355 | 134.96542859077454 | 102.12828063964844 | [0.07700669 0.10740617 0.12827456] | [0.03653855 0.0430738  0.04695913] | [0.00452126 0.00320239 0.00257271] | [0.0883018  0.12342121 0.14741327] |
|   17  | 44.048563957214355 | 135.6619975566864  | 102.12828063964844 | [0.0147645  0.02532361 0.03344967] | [0.00580221 0.00799134 0.00948005] | [0.00078318 0.00068417 0.00061595] | [0.01560445 0.02713047 0.03632172] |
+-------+--------------------+--------------------+--------------------+------------------------------------+------------------------------------+------------------------------------+------------------------------------+
epoch: 18 s: 0 batch_loss 0.27474069595336914 BPR_loss 0.23597055673599243 reg_loss 0.03877013921737671
epoch: 18 s: 256000 batch_loss 0.2751157283782959 BPR_loss 0.2354242503643036 reg_loss 0.03969147801399231
epoch: 18 s: 512000 batch_loss 0.27651792764663696 BPR_loss 0.23741930723190308 reg_loss 0.03909860923886299
+-------+-------------------+--------------------+------------------+------------------------------------+------------------------------------+------------------------------------+------------------------------------+
| Epoch |  training time(s) |   tesing time(s)   |       Loss       |               recall               |                ndcg                |             precision              |             hit_ratio              |
+-------+-------------------+--------------------+------------------+------------------------------------+------------------------------------+------------------------------------+------------------------------------+
|   18  | 44.51523160934448 | 130.2739291191101  | 97.1323013305664 | [0.07698164 0.10695178 0.12722579] | [0.03650421 0.0429441  0.04671702] | [0.00451781 0.00318825 0.00255042] | [0.08820528 0.12281452 0.14611715] |
|   18  | 44.51523160934448 | 139.50749897956848 | 97.1323013305664 | [0.01487287 0.02536893 0.03369842] | [0.00587023 0.00805064 0.00957515] | [0.00078983 0.00068676 0.00062088] | [0.01573744 0.02724868 0.03663204] |
+-------+-------------------+--------------------+------------------+------------------------------------+------------------------------------+------------------------------------+------------------------------------+
epoch: 19 s: 0 batch_loss 0.26001355051994324 BPR_loss 0.2196962833404541 reg_loss 0.040317270904779434
epoch: 19 s: 256000 batch_loss 0.2575875520706177 BPR_loss 0.21659836173057556 reg_loss 0.040989190340042114
epoch: 19 s: 512000 batch_loss 0.2539369463920593 BPR_loss 0.2129388153553009 reg_loss 0.04099814593791962
+-------+-------------------+--------------------+-------------------+------------------------------------+------------------------------------+------------------------------------+------------------------------------+
| Epoch |  training time(s) |   tesing time(s)   |        Loss       |               recall               |                ndcg                |             precision              |             hit_ratio              |
+-------+-------------------+--------------------+-------------------+------------------------------------+------------------------------------+------------------------------------+------------------------------------+
|   19  | 44.82953453063965 | 134.19891166687012 | 92.67352294921875 | [0.07662532 0.10632268 0.12613911] | [0.03641939 0.0427972  0.0464806 ] | [0.00449713 0.00317343 0.00252974] | [0.08773647 0.12215267 0.1448486 ] |
|   19  | 44.82953453063965 | 141.62714529037476 | 92.67352294921875 | [0.01496153 0.02545451 0.03380309] | [0.0059346  0.00812209 0.00965037] | [0.00079352 0.00068971 0.00062334] | [0.01581133 0.0273669  0.03673548] |
+-------+-------------------+--------------------+-------------------+------------------------------------+------------------------------------+------------------------------------+------------------------------------+
epoch: 20 s: 0 batch_loss 0.2551578879356384 BPR_loss 0.2133530080318451 reg_loss 0.04180489107966423
epoch: 20 s: 256000 batch_loss 0.2561097741127014 BPR_loss 0.21399648487567902 reg_loss 0.0421132892370224
epoch: 20 s: 512000 batch_loss 0.2380705177783966 BPR_loss 0.19484934210777283 reg_loss 0.04322117194533348
+-------+-------------------+--------------------+-------------------+------------------------------------+------------------------------------+------------------------------------+------------------------------------+
| Epoch |  training time(s) |   tesing time(s)   |        Loss       |               recall               |                ndcg                |             precision              |             hit_ratio              |
+-------+-------------------+--------------------+-------------------+------------------------------------+------------------------------------+------------------------------------+------------------------------------+
|   20  | 45.59318399429321 | 137.99716711044312 | 88.61754608154297 | [0.07577736 0.10528897 0.12526226] | [0.03606445 0.04241014 0.0461216 ] | [0.00444474 0.00314241 0.00251135] | [0.08675749 0.12095306 0.14370415] |
|   20  | 45.59318399429321 | 134.30494236946106 | 88.61754608154297 | [0.01511472 0.02556694 0.0339532 ] | [0.00600581 0.00818506 0.00972006] | [0.00080313 0.00069341 0.00062679] | [0.01600343 0.02751467 0.03692758] |
+-------+-------------------+--------------------+-------------------+------------------------------------+------------------------------------+------------------------------------+------------------------------------+
epoch: 21 s: 0 batch_loss 0.24421092867851257 BPR_loss 0.2007235884666443 reg_loss 0.043487340211868286
epoch: 21 s: 256000 batch_loss 0.24976561963558197 BPR_loss 0.20509977638721466 reg_loss 0.04466583952307701
epoch: 21 s: 512000 batch_loss 0.2329077124595642 BPR_loss 0.18870440125465393 reg_loss 0.04420331120491028
+-------+-------------------+--------------------+-------------------+------------------------------------+------------------------------------+------------------------------------+------------------------------------+
| Epoch |  training time(s) |   tesing time(s)   |        Loss       |               recall               |                ndcg                |             precision              |             hit_ratio              |
+-------+-------------------+--------------------+-------------------+------------------------------------+------------------------------------+------------------------------------+------------------------------------+
|   21  | 44.74552655220032 | 137.96479630470276 | 84.90182495117188 | [0.07522634 0.10455611 0.12418521] | [0.03594904 0.04225199 0.04591268] | [0.00441095 0.00311793 0.00249274] | [0.08598533 0.12008439 0.14254592] |
|   21  | 44.74552655220032 | 134.44003009796143 | 84.90182495117188 | [0.01512777 0.0255998  0.03416697] | [0.00601923 0.00820899 0.00977913] | [0.00080165 0.00069415 0.00063122] | [0.01597387 0.027559   0.03719356] |
+-------+-------------------+--------------------+-------------------+------------------------------------+------------------------------------+------------------------------------+------------------------------------+
epoch: 22 s: 0 batch_loss 0.23243868350982666 BPR_loss 0.18709398806095123 reg_loss 0.04534469544887543
epoch: 22 s: 256000 batch_loss 0.22277423739433289 BPR_loss 0.1767151802778244 reg_loss 0.04605904966592789
epoch: 22 s: 512000 batch_loss 0.2207985371351242 BPR_loss 0.17415887117385864 reg_loss 0.046639665961265564
+-------+-------------------+--------------------+-------------------+------------------------------------+------------------------------------+------------------------------------+------------------------------------+
| Epoch |  training time(s) |   tesing time(s)   |        Loss       |               recall               |                ndcg                |             precision              |             hit_ratio              |
+-------+-------------------+--------------------+-------------------+------------------------------------+------------------------------------+------------------------------------+------------------------------------+
|   22  | 45.22190976142883 | 135.32609105110168 | 81.48481750488281 | [0.07460794 0.10345931 0.1233769 ] | [0.03574512 0.04194845 0.04566074] | [0.00437855 0.00308588 0.00247665] | [0.08533727 0.11888478 0.14166345] |
|   22  | 45.22190976142883 | 133.0007348060608  | 81.48481750488281 | [0.01521151 0.02585925 0.03418093] | [0.0060572  0.00827798 0.00980198] | [0.00080904 0.00070264 0.00063196] | [0.01612164 0.02789887 0.03723789] |
+-------+-------------------+--------------------+-------------------+------------------------------------+------------------------------------+------------------------------------+------------------------------------+
epoch: 23 s: 0 batch_loss 0.22228080034255981 BPR_loss 0.1747593879699707 reg_loss 0.04752141982316971
epoch: 23 s: 256000 batch_loss 0.22025424242019653 BPR_loss 0.17258042097091675 reg_loss 0.047673821449279785
epoch: 23 s: 512000 batch_loss 0.21461527049541473 BPR_loss 0.16655823588371277 reg_loss 0.04805703088641167
+-------+--------------------+--------------------+-------------------+------------------------------------+------------------------------------+------------------------------------+------------------------------------+
| Epoch |  training time(s)  |   tesing time(s)   |        Loss       |               recall               |                ndcg                |             precision              |             hit_ratio              |
+-------+--------------------+--------------------+-------------------+------------------------------------+------------------------------------+------------------------------------+------------------------------------+
|   23  | 44.688631772994995 | 140.46713304519653 | 78.48432159423828 | [0.07396848 0.10276012 0.12218471] | [0.03554832 0.04173752 0.0453616 ] | [0.00434408 0.00306381 0.00245344] | [0.08467542 0.11804368 0.1402846 ] |
|   23  | 44.688631772994995 | 138.31398344039917 | 78.48432159423828 | [0.01535484 0.02570608 0.03420197] | [0.00612633 0.00829268 0.00985091] | [0.00081569 0.00069858 0.00063295] | [0.01625464 0.02772154 0.037297  ] |
+-------+--------------------+--------------------+-------------------+------------------------------------+------------------------------------+------------------------------------+------------------------------------+
epoch: 24 s: 0 batch_loss 0.22282683849334717 BPR_loss 0.17401310801506042 reg_loss 0.04881373047828674
epoch: 24 s: 256000 batch_loss 0.21039628982543945 BPR_loss 0.16170895099639893 reg_loss 0.04868733882904053
epoch: 24 s: 512000 batch_loss 0.21111223101615906 BPR_loss 0.1620103269815445 reg_loss 0.04910191148519516
+-------+--------------------+--------------------+-------------------+------------------------------------+------------------------------------+------------------------------------+------------------------------------+
| Epoch |  training time(s)  |   tesing time(s)   |        Loss       |               recall               |                ndcg                |             precision              |             hit_ratio              |
+-------+--------------------+--------------------+-------------------+------------------------------------+------------------------------------+------------------------------------+------------------------------------+
|   24  | 45.394561767578125 | 136.50203657150269 | 75.57504272460938 | [0.07352742 0.10186942 0.1213633 ] | [0.03534834 0.04143571 0.0450762 ] | [0.00431512 0.00303486 0.00243735] | [0.08412388 0.11689923 0.13927803] |
|   24  | 45.394561767578125 | 143.33737301826477 | 75.57504272460938 | [0.01535238 0.0256562  0.03432758] | [0.00611318 0.00827191 0.00986147] | [0.00081716 0.00069784 0.00063565] | [0.01628419 0.02766244 0.03747433] |
+-------+--------------------+--------------------+-------------------+------------------------------------+------------------------------------+------------------------------------+------------------------------------+
epoch: 25 s: 0 batch_loss 0.19563132524490356 BPR_loss 0.14611417055130005 reg_loss 0.049517158418893814
epoch: 25 s: 256000 batch_loss 0.20729678869247437 BPR_loss 0.15636016428470612 reg_loss 0.05093661695718765
epoch: 25 s: 512000 batch_loss 0.2033366709947586 BPR_loss 0.15195831656455994 reg_loss 0.05137835815548897
+-------+-------------------+--------------------+------------------+------------------------------------+------------------------------------+------------------------------------+------------------------------------+
| Epoch |  training time(s) |   tesing time(s)   |       Loss       |               recall               |                ndcg                |             precision              |             hit_ratio              |
+-------+-------------------+--------------------+------------------+------------------------------------+------------------------------------+------------------------------------+------------------------------------+
|   25  | 44.40553832054138 | 137.30859661102295 | 73.0331039428711 | [0.07284141 0.10121689 0.12014965] | [0.03503007 0.04111694 0.04465681] | [0.00427652 0.00301383 0.00241368] | [0.08335172 0.11612708 0.13794054] |
|   25  | 44.40553832054138 | 140.9954183101654  | 73.0331039428711 | [0.0155392  0.02576949 0.03437437] | [0.0061884  0.00833054 0.00990558] | [0.00082677 0.0007019  0.00063689] | [0.01647629 0.0278102  0.03756299] |
+-------+-------------------+--------------------+------------------+------------------------------------+------------------------------------+------------------------------------+------------------------------------+
epoch: 26 s: 0 batch_loss 0.1964360922574997 BPR_loss 0.1459566354751587 reg_loss 0.050479453057050705
epoch: 26 s: 256000 batch_loss 0.2014973908662796 BPR_loss 0.14975453913211823 reg_loss 0.051742855459451675
epoch: 26 s: 512000 batch_loss 0.19403359293937683 BPR_loss 0.14169907569885254 reg_loss 0.05233451724052429
+-------+--------------------+-------------------+-------------------+------------------------------------+------------------------------------+------------------------------------+------------------------------------+
| Epoch |  training time(s)  |   tesing time(s)  |        Loss       |               recall               |                ndcg                |             precision              |             hit_ratio              |
+-------+--------------------+-------------------+-------------------+------------------------------------+------------------------------------+------------------------------------+------------------------------------+
|   26  | 44.742867946624756 | 139.2183599472046 | 70.62845611572266 | [0.07272715 0.10047882 0.11941027] | [0.0349328  0.04088764 0.0444254 ] | [0.00427031 0.00299522 0.0023999 ] | [0.08326899 0.11535492 0.13711323] |
|   26  | 44.742867946624756 | 137.0267915725708 | 70.62845611572266 | [0.01564449 0.02589521 0.03417881] | [0.00624154 0.00838592 0.00990031] | [0.00083194 0.00070634 0.00063245] | [0.01656495 0.02797275 0.037297  ] |
+-------+--------------------+-------------------+-------------------+------------------------------------+------------------------------------+------------------------------------+------------------------------------+
epoch: 27 s: 0 batch_loss 0.18401357531547546 BPR_loss 0.1311921775341034 reg_loss 0.05282139405608177
epoch: 27 s: 256000 batch_loss 0.1921098232269287 BPR_loss 0.1390717625617981 reg_loss 0.053038064390420914
epoch: 27 s: 512000 batch_loss 0.19127550721168518 BPR_loss 0.13736549019813538 reg_loss 0.053910013288259506
+-------+--------------------+--------------------+-------------------+------------------------------------+------------------------------------+------------------------------------+------------------------------------+
| Epoch |  training time(s)  |   tesing time(s)   |        Loss       |               recall               |                ndcg                |             precision              |             hit_ratio              |
+-------+--------------------+--------------------+-------------------+------------------------------------+------------------------------------+------------------------------------+------------------------------------+
|   27  | 45.467617988586426 | 139.26905250549316 | 68.53160858154297 | [0.07223682 0.09945    0.11838189] | [0.03467034 0.04051131 0.04404528] | [0.00424273 0.00296523 0.00237875] | [0.08271745 0.1141691  0.13598257] |
|   27  | 45.467617988586426 | 138.77122473716736 | 68.53160858154297 | [0.01558389 0.02588597 0.03429113] | [0.00621461 0.00837048 0.00990993] | [0.00082603 0.0007056  0.00063565] | [0.01646151 0.0279432  0.03742999] |
+-------+--------------------+--------------------+-------------------+------------------------------------+------------------------------------+------------------------------------+------------------------------------+
epoch: 28 s: 0 batch_loss 0.18694430589675903 BPR_loss 0.13351228833198547 reg_loss 0.05343201011419296
epoch: 28 s: 256000 batch_loss 0.18700441718101501 BPR_loss 0.1330484300851822 reg_loss 0.05395599454641342
epoch: 28 s: 512000 batch_loss 0.1886376291513443 BPR_loss 0.13433358073234558 reg_loss 0.05430405214428902
+-------+-------------------+--------------------+-------------------+------------------------------------+------------------------------------+------------------------------------+------------------------------------+
| Epoch |  training time(s) |   tesing time(s)   |        Loss       |               recall               |                ndcg                |             precision              |             hit_ratio              |
+-------+-------------------+--------------------+-------------------+------------------------------------+------------------------------------+------------------------------------+------------------------------------+
|   28  | 44.66388487815857 | 133.5719358921051  | 66.45777130126953 | [0.07195829 0.09909882 0.11769483] | [0.03455832 0.04037479 0.04384766] | [0.00422688 0.00295247 0.00236473] | [0.08240031 0.1136865  0.13518284] |
|   28  | 44.66388487815857 | 137.45879340171814 | 66.45777130126953 | [0.01556383 0.02572835 0.03401503] | [0.00622728 0.00835724 0.00987668] | [0.00082677 0.00070227 0.00063098] | [0.01646151 0.02779543 0.03717879] |
+-------+-------------------+--------------------+-------------------+------------------------------------+------------------------------------+------------------------------------+------------------------------------+
epoch: 29 s: 0 batch_loss 0.186815083026886 BPR_loss 0.1311221718788147 reg_loss 0.055692918598651886
epoch: 29 s: 256000 batch_loss 0.17714586853981018 BPR_loss 0.12083413451910019 reg_loss 0.056311726570129395
epoch: 29 s: 512000 batch_loss 0.1793437898159027 BPR_loss 0.12324021756649017 reg_loss 0.05610357224941254
+-------+--------------------+--------------------+-------------------+------------------------------------+------------------------------------+------------------------------------+------------------------------------+
| Epoch |  training time(s)  |   tesing time(s)   |        Loss       |               recall               |                ndcg                |             precision              |             hit_ratio              |
+-------+--------------------+--------------------+-------------------+------------------------------------+------------------------------------+------------------------------------+------------------------------------+
|   29  | 44.504215240478516 | 137.9032552242279  | 64.64337921142578 | [0.07151393 0.09812482 0.11656343] | [0.03428386 0.03998593 0.04342888] | [0.00420275 0.00292627 0.0023429 ] | [0.08184877 0.11263857 0.13391429] |
|   29  | 44.504215240478516 | 138.02079129219055 | 64.64337921142578 | [0.015453   0.02578007 0.0338546 ] | [0.00620725 0.0083734  0.0098558 ] | [0.00082234 0.00070486 0.0006295 ] | [0.01635807 0.02789887 0.03707535] |
+-------+--------------------+--------------------+-------------------+------------------------------------+------------------------------------+------------------------------------+------------------------------------+
epoch: 30 s: 0 batch_loss 0.1749153435230255 BPR_loss 0.11932553350925446 reg_loss 0.05558980628848076
epoch: 30 s: 256000 batch_loss 0.17808352410793304 BPR_loss 0.12233506888151169 reg_loss 0.055748458951711655
epoch: 30 s: 512000 batch_loss 0.17186512053012848 BPR_loss 0.11427105963230133 reg_loss 0.05759406462311745
+-------+-------------------+--------------------+-------------------+------------------------------------+------------------------------------+------------------------------------+------------------------------------+
| Epoch |  training time(s) |   tesing time(s)   |        Loss       |               recall               |                ndcg                |             precision              |             hit_ratio              |
+-------+-------------------+--------------------+-------------------+------------------------------------+------------------------------------+------------------------------------+------------------------------------+
|   30  | 45.18328094482422 | 139.24351930618286 | 62.98516082763672 | [0.07124348 0.09703217 0.11557631] | [0.03416191 0.03969163 0.04315805] | [0.00418413 0.0028949  0.00232406] | [0.08160057 0.11142518 0.13276984] |
|   30  | 45.18328094482422 | 139.33660769462585 | 62.98516082763672 | [0.01550508 0.0257888  0.03389128] | [0.00623174 0.00838805 0.00987274] | [0.00082381 0.00070523 0.0006295 ] | [0.01641718 0.02792842 0.03707535] |
+-------+-------------------+--------------------+-------------------+------------------------------------+------------------------------------+------------------------------------+------------------------------------+
epoch: 31 s: 0 batch_loss 0.18078666925430298 BPR_loss 0.12273422628641129 reg_loss 0.058052435517311096
epoch: 31 s: 256000 batch_loss 0.1693689376115799 BPR_loss 0.11162713170051575 reg_loss 0.057741809636354446
epoch: 31 s: 512000 batch_loss 0.17765091359615326 BPR_loss 0.1197698712348938 reg_loss 0.05788104608654976
+-------+-------------------+--------------------+--------------------+------------------------------------+------------------------------------+------------------------------------+------------------------------------+
| Epoch |  training time(s) |   tesing time(s)   |        Loss        |               recall               |                ndcg                |             precision              |             hit_ratio              |
+-------+-------------------+--------------------+--------------------+------------------------------------+------------------------------------+------------------------------------+------------------------------------+
|   31  | 44.92694664001465 | 135.09037041664124 | 61.499263763427734 | [0.07036971 0.09626805 0.11448658] | [0.03380832 0.03937267 0.04278076] | [0.00413036 0.0028725  0.00230338] | [0.08055264 0.11048756 0.13144614] |
|   31  | 44.92694664001465 | 136.21298003196716 | 61.499263763427734 | [0.01551185 0.02573659 0.03375381] | [0.0062469  0.00838907 0.00986036] | [0.00082529 0.00070375 0.00062753] | [0.01643196 0.02786931 0.03694236] |
+-------+-------------------+--------------------+--------------------+------------------------------------+------------------------------------+------------------------------------+------------------------------------+
epoch: 32 s: 0 batch_loss 0.16834884881973267 BPR_loss 0.1095486432313919 reg_loss 0.05880020186305046
epoch: 32 s: 256000 batch_loss 0.16955700516700745 BPR_loss 0.11043015867471695 reg_loss 0.059126853942871094
epoch: 32 s: 512000 batch_loss 0.16751357913017273 BPR_loss 0.10841518640518188 reg_loss 0.059098392724990845
+-------+-------------------+-------------------+-------------------+------------------------------------+------------------------------------+------------------------------------+------------------------------------+
| Epoch |  training time(s) |   tesing time(s)  |        Loss       |               recall               |                ndcg                |             precision              |             hit_ratio              |
+-------+-------------------+-------------------+-------------------+------------------------------------+------------------------------------+------------------------------------+------------------------------------+
|   32  | 44.70805025100708 | 131.8170244693756 | 59.96736145019531 | [0.07006853 0.09564715 0.11367557] | [0.03367663 0.03917096 0.04254203] | [0.00411726 0.00285492 0.00228683] | [0.08023551 0.10985329 0.13057746] |
|   32  | 44.70805025100708 | 134.4813311100006 | 59.96736145019531 | [0.01543684 0.02582341 0.03361926] | [0.00624527 0.00841843 0.00984846] | [0.00082455 0.00070671 0.00062556] | [0.01638763 0.02798753 0.03680936] |
+-------+-------------------+-------------------+-------------------+------------------------------------+------------------------------------+------------------------------------+------------------------------------+
epoch: 33 s: 0 batch_loss 0.17013958096504211 BPR_loss 0.11049017310142517 reg_loss 0.05964941158890724
epoch: 33 s: 256000 batch_loss 0.16520243883132935 BPR_loss 0.10548210889101028 reg_loss 0.059720322489738464
epoch: 33 s: 512000 batch_loss 0.15508854389190674 BPR_loss 0.09519043564796448 reg_loss 0.05989810824394226
+-------+--------------------+--------------------+-------------------+------------------------------------+------------------------------------+------------------------------------+------------------------------------+
| Epoch |  training time(s)  |   tesing time(s)   |        Loss       |               recall               |                ndcg                |             precision              |             hit_ratio              |
+-------+--------------------+--------------------+-------------------+------------------------------------+------------------------------------+------------------------------------+------------------------------------+
|   33  | 45.637372970581055 | 135.32268023490906 | 58.71210479736328 | [0.06980907 0.09515404 0.11278244] | [0.03346664 0.03890475 0.04219746] | [0.00410347 0.00283803 0.0022673 ] | [0.07997353 0.10923281 0.12951575] |
|   33  | 45.637372970581055 | 135.1732313632965  | 58.71210479736328 | [0.01550137 0.02578438 0.03332495] | [0.00626807 0.00841634 0.00980182] | [0.00083046 0.00070634 0.00062039] | [0.01650584 0.02797275 0.03651382] |
+-------+--------------------+--------------------+-------------------+------------------------------------+------------------------------------+------------------------------------+------------------------------------+
epoch: 34 s: 0 batch_loss 0.165946826338768 BPR_loss 0.10534824430942535 reg_loss 0.06059858575463295
epoch: 34 s: 256000 batch_loss 0.1581658124923706 BPR_loss 0.09680923819541931 reg_loss 0.061356570571660995
epoch: 34 s: 512000 batch_loss 0.16090594232082367 BPR_loss 0.1000482589006424 reg_loss 0.06085768714547157
+-------+-------------------+--------------------+--------------------+------------------------------------+------------------------------------+------------------------------------+------------------------------------+
| Epoch |  training time(s) |   tesing time(s)   |        Loss        |               recall               |                ndcg                |             precision              |             hit_ratio              |
+-------+-------------------+--------------------+--------------------+------------------------------------+------------------------------------+------------------------------------+------------------------------------+
|   34  | 45.26921248435974 | 133.5670075416565  | 57.523338317871094 | [0.06920132 0.09449257 0.11167935] | [0.03329523 0.0387231  0.04193185] | [0.00406555 0.00281907 0.002245  ] | [0.07924273 0.10847444 0.12828857] |
|   34  | 45.26921248435974 | 132.68040418624878 | 57.523338317871094 | [0.01555532 0.02558404 0.03341915] | [0.00628435 0.00838482 0.00982109] | [0.0008312  0.0007019  0.00062236] | [0.01655018 0.02779543 0.03661726] |
+-------+-------------------+--------------------+--------------------+------------------------------------+------------------------------------+------------------------------------+------------------------------------+
epoch: 35 s: 0 batch_loss 0.16095775365829468 BPR_loss 0.09927928447723389 reg_loss 0.06167846545577049
epoch: 35 s: 256000 batch_loss 0.16304171085357666 BPR_loss 0.10151872038841248 reg_loss 0.06152299791574478
epoch: 35 s: 512000 batch_loss 0.1605653017759323 BPR_loss 0.09818235039710999 reg_loss 0.06238295137882233
+-------+-------------------+--------------------+------------------+------------------------------------+------------------------------------+------------------------------------+------------------------------------+
| Epoch |  training time(s) |   tesing time(s)   |       Loss       |               recall               |                ndcg                |             precision              |             hit_ratio              |
+-------+-------------------+--------------------+------------------+------------------------------------+------------------------------------+------------------------------------+------------------------------------+
|   35  | 44.78370666503906 | 132.73247003555298 | 56.3629035949707 | [0.06863071 0.09394874 0.1110196 ] | [0.03302775 0.03846803 0.04165351] | [0.00403246 0.00280562 0.0022319 ] | [0.07852573 0.10789532 0.12746125] |
|   35  | 44.78370666503906 | 134.62894344329834 | 56.3629035949707 | [0.01552577 0.02546102 0.03316929] | [0.00627138 0.00835179 0.00976715] | [0.00082973 0.00069821 0.00061792] | [0.01652062 0.02763288 0.03636605] |
+-------+-------------------+--------------------+------------------+------------------------------------+------------------------------------+------------------------------------+------------------------------------+
epoch: 36 s: 0 batch_loss 0.1580914855003357 BPR_loss 0.09606977552175522 reg_loss 0.062021709978580475
epoch: 36 s: 256000 batch_loss 0.14674514532089233 BPR_loss 0.08424356579780579 reg_loss 0.06250157207250595
epoch: 36 s: 512000 batch_loss 0.15491051971912384 BPR_loss 0.0922531709074974 reg_loss 0.06265734881162643
+-------+-------------------+--------------------+-------------------+------------------------------------+------------------------------------+------------------------------------+------------------------------------+
| Epoch |  training time(s) |   tesing time(s)   |        Loss       |               recall               |                ndcg                |             precision              |             hit_ratio              |
+-------+-------------------+--------------------+-------------------+------------------------------------+------------------------------------+------------------------------------+------------------------------------+
|   36  | 45.13004279136658 | 131.7146270275116  | 55.31819152832031 | [0.0681393  0.09353218 0.11032641] | [0.03281699 0.03827398 0.04141142] | [0.00400833 0.0027939  0.0022211 ] | [0.07800176 0.1074403  0.12677183] |
|   36  | 45.13004279136658 | 134.49072313308716 | 55.31819152832031 | [0.01554794 0.02543219 0.03325179] | [0.00628622 0.00835712 0.00978766] | [0.00083194 0.00069932 0.00061965] | [0.01656495 0.02769199 0.03646949] |
+-------+-------------------+--------------------+-------------------+------------------------------------+------------------------------------+------------------------------------+------------------------------------+
Early stopping is trigger at step: 10 log:0.015547935408514969
early stopping at 36, recall@20:0.0156
