Namespace(K=1, Ks='[20, 40, 60]', batch_size=2048, batch_test_flag=True, context_hops=3, cuda=True, data_path='data/', dataset='yelp2018', dim=64, edge_dropout=False, edge_dropout_rate=0.1, epoch=1000, gnn='lightgcn', gpu_id=1, l2=0.0001, lr=0.001, mess_dropout=False, mess_dropout_rate=0.1, n_negs=128, ns='mixgcf', out_dir='./weights/yelp2018/', pool='mean', save=False, test_batch_size=2048, test_flag='part')
reading train and test user-item set ...
building the adj mat ...
loading over ...
start training ...
epoch: 0 bpr_loss 0.693146288394928
epoch: 0 bpr_loss 0.4443172812461853
epoch: 0 bpr_loss 0.42315712571144104
epoch: 0 bpr_loss 0.42228952050209045
epoch: 0 bpr_loss 0.40228956937789917
+-------+------------------+-------------------+-------------------+------------------------------------+------------------------------------+------------------------------------+------------------------------------+
| Epoch | training time(s) |   tesing time(s)  |        Loss       |               recall               |                ndcg                |             precision              |             hit_ratio              |
+-------+------------------+-------------------+-------------------+------------------------------------+------------------------------------+------------------------------------+------------------------------------+
|   0   | 541.652551651001 | 39.51055312156677 | 270.6448669433594 | [0.03723839 0.06234074 0.08233417] | [0.03065793 0.04004392 0.0470774 ] | [0.01751295 0.01471912 0.01309366] | [0.25325249 0.36630037 0.4406025 ] |
+-------+------------------+-------------------+-------------------+------------------------------------+------------------------------------+------------------------------------+------------------------------------+
epoch: 1 bpr_loss 0.3914242684841156
epoch: 1 bpr_loss 0.38064107298851013
epoch: 1 bpr_loss 0.3701130747795105
epoch: 1 bpr_loss 0.36092662811279297
epoch: 1 bpr_loss 0.35502129793167114
+-------+-------------------+-------------------+-------------------+------------------------------------+------------------------------------+------------------------------------+------------------------------------+
| Epoch |  training time(s) |   tesing time(s)  |        Loss       |               recall               |                ndcg                |             precision              |             hit_ratio              |
+-------+-------------------+-------------------+-------------------+------------------------------------+------------------------------------+------------------------------------+------------------------------------+
|   1   | 542.7127394676208 | 38.87714886665344 | 224.7505340576172 | [0.04144739 0.06943261 0.09095729] | [0.03414352 0.04460411 0.05214675] | [0.01961917 0.01644641 0.01445308] | [0.28031451 0.40229885 0.47859038] |
+-------+-------------------+-------------------+-------------------+------------------------------------+------------------------------------+------------------------------------+------------------------------------+
epoch: 2 bpr_loss 0.35020044445991516
epoch: 2 bpr_loss 0.34939756989479065
epoch: 2 bpr_loss 0.3511050045490265
epoch: 2 bpr_loss 0.33727434277534485
epoch: 2 bpr_loss 0.337516188621521
+-------+-------------------+-------------------+-------------------+------------------------------------+------------------------------------+------------------------------------+------------------------------------+
| Epoch |  training time(s) |   tesing time(s)  |        Loss       |               recall               |                ndcg                |             precision              |             hit_ratio              |
+-------+-------------------+-------------------+-------------------+------------------------------------+------------------------------------+------------------------------------+------------------------------------+
|   2   | 538.1511697769165 | 45.26231622695923 | 209.1477508544922 | [0.04460738 0.07422685 0.09725415] | [0.03676575 0.04790657 0.05596403] | [0.02084439 0.01749795 0.01537514] | [0.29815587 0.42547682 0.50372616] |
+-------+-------------------+-------------------+-------------------+------------------------------------+------------------------------------+------------------------------------+------------------------------------+
epoch: 3 bpr_loss 0.33296969532966614
epoch: 3 bpr_loss 0.32980746030807495
epoch: 3 bpr_loss 0.32920998334884644
epoch: 3 bpr_loss 0.3305824100971222
epoch: 3 bpr_loss 0.3252560496330261
+-------+-------------------+-------------------+--------------------+------------------------------------+------------------------------------+------------------------------------+------------------------------------+
| Epoch |  training time(s) |   tesing time(s)  |        Loss        |               recall               |                ndcg                |             precision              |             hit_ratio              |
+-------+-------------------+-------------------+--------------------+------------------------------------+------------------------------------+------------------------------------+------------------------------------+
|   3   | 531.1247081756592 | 41.73879623413086 | 197.29873657226562 | [0.04711507 0.07829626 0.10396391] | [0.0388668  0.05060662 0.05960813] | [0.02184224 0.01830476 0.01629195] | [0.3109448  0.44338133 0.5268094 ] |
+-------+-------------------+-------------------+--------------------+------------------------------------+------------------------------------+------------------------------------+------------------------------------+
epoch: 4 bpr_loss 0.3193848431110382
epoch: 4 bpr_loss 0.3122185468673706
epoch: 4 bpr_loss 0.3192535936832428
epoch: 4 bpr_loss 0.31234070658683777
epoch: 4 bpr_loss 0.3063338100910187
+-------+-------------------+-------------------+--------------------+------------------------------------+------------------------------------+------------------------------------+------------------------------------+
| Epoch |  training time(s) |   tesing time(s)  |        Loss        |               recall               |                ndcg                |             precision              |             hit_ratio              |
+-------+-------------------+-------------------+--------------------+------------------------------------+------------------------------------+------------------------------------+------------------------------------+
|   4   | 548.4040985107422 | 38.96794939041138 | 188.24478149414062 | [0.04942867 0.08225838 0.10913269] | [0.04050296 0.05283646 0.06228849] | [0.02276115 0.01906736 0.01700402] | [0.32370216 0.4589491  0.54512442] |
+-------+-------------------+-------------------+--------------------+------------------------------------+------------------------------------+------------------------------------+------------------------------------+
epoch: 5 bpr_loss 0.3084385395050049
epoch: 5 bpr_loss 0.29482656717300415
epoch: 5 bpr_loss 0.303241491317749
epoch: 5 bpr_loss 0.3004284203052521
epoch: 5 bpr_loss 0.2968418300151825
+-------+-------------------+-------------------+-------------------+------------------------------------+------------------------------------+------------------------------------+------------------------------------+
| Epoch |  training time(s) |   tesing time(s)  |        Loss       |               recall               |                ndcg                |             precision              |             hit_ratio              |
+-------+-------------------+-------------------+-------------------+------------------------------------+------------------------------------+------------------------------------+------------------------------------+
|   5   | 534.6478173732758 | 45.46212863922119 | 181.6256866455078 | [0.05149293 0.08548328 0.11332763] | [0.04217678 0.05494429 0.06471788] | [0.0235869  0.01972654 0.01756873] | [0.33358595 0.47183276 0.55908172] |
+-------+-------------------+-------------------+-------------------+------------------------------------+------------------------------------+------------------------------------+------------------------------------+
epoch: 6 bpr_loss 0.2960255742073059
epoch: 6 bpr_loss 0.2993822395801544
epoch: 6 bpr_loss 0.2830893397331238
epoch: 6 bpr_loss 0.2975536584854126
epoch: 6 bpr_loss 0.2946392595767975
+-------+-------------------+--------------------+---------------+------------------------------------+------------------------------------+------------------------------------+------------------------------------+
| Epoch |  training time(s) |   tesing time(s)   |      Loss     |               recall               |                ndcg                |             precision              |             hit_ratio              |
+-------+-------------------+--------------------+---------------+------------------------------------+------------------------------------+------------------------------------+------------------------------------+
|   6   | 542.7904913425446 | 39.624398708343506 | 176.373046875 | [0.05310103 0.08806268 0.1167689 ] | [0.0436008  0.05671229 0.06677328] | [0.02433055 0.02028467 0.01805082] | [0.34154351 0.48159025 0.56773399] |
+-------+-------------------+--------------------+---------------+------------------------------------+------------------------------------+------------------------------------+------------------------------------+
epoch: 7 bpr_loss 0.27888765931129456
epoch: 7 bpr_loss 0.2815025746822357
epoch: 7 bpr_loss 0.2817464768886566
epoch: 7 bpr_loss 0.2838671803474426
epoch: 7 bpr_loss 0.2907380163669586
+-------+-------------------+-------------------+-------------------+------------------------------------+------------------------------------+------------------------------------+------------------------------------+
| Epoch |  training time(s) |   tesing time(s)  |        Loss       |               recall               |                ndcg                |             precision              |             hit_ratio              |
+-------+-------------------+-------------------+-------------------+------------------------------------+------------------------------------+------------------------------------+------------------------------------+
|   7   | 534.8700499534607 | 50.10014986991882 | 171.9821319580078 | [0.05478504 0.09044545 0.11950541] | [0.04489859 0.05826979 0.06847002] | [0.02504105 0.0208057  0.01847975] | [0.34988001 0.49033725 0.57597575] |
+-------+-------------------+-------------------+-------------------+------------------------------------+------------------------------------+------------------------------------+------------------------------------+
epoch: 8 bpr_loss 0.2864578366279602
epoch: 8 bpr_loss 0.27751341462135315
epoch: 8 bpr_loss 0.2736491858959198
epoch: 8 bpr_loss 0.27460211515426636
epoch: 8 bpr_loss 0.27420297265052795
+-------+-------------------+--------------------+-------------------+------------------------------------+------------------------------------+------------------------------------+------------------------------------+
| Epoch |  training time(s) |   tesing time(s)   |        Loss       |               recall               |                ndcg                |             precision              |             hit_ratio              |
+-------+-------------------+--------------------+-------------------+------------------------------------+------------------------------------+------------------------------------+------------------------------------+
|   8   | 526.1908228397369 | 42.671462059020996 | 168.1223602294922 | [0.0559423  0.09251281 0.12240872] | [0.04605059 0.05978114 0.07026524] | [0.02558103 0.02129595 0.01892657] | [0.35622711 0.49750537 0.58484906] |
+-------+-------------------+--------------------+-------------------+------------------------------------+------------------------------------+------------------------------------+------------------------------------+
epoch: 9 bpr_loss 0.27119630575180054
epoch: 9 bpr_loss 0.27367928624153137
epoch: 9 bpr_loss 0.2730742394924164
epoch: 9 bpr_loss 0.26476505398750305
epoch: 9 bpr_loss 0.267940491437912
+-------+-------------------+-------------------+--------------------+------------------------------------+------------------------------------+------------------------------------+------------------------------------+
| Epoch |  training time(s) |   tesing time(s)  |        Loss        |               recall               |                ndcg                |             precision              |             hit_ratio              |
+-------+-------------------+-------------------+--------------------+------------------------------------+------------------------------------+------------------------------------+------------------------------------+
|   9   | 533.0483067035675 | 48.37439703941345 | 164.84547424316406 | [0.05667567 0.09414952 0.12464363] | [0.04674392 0.06082751 0.07151191] | [0.02591575 0.02167172 0.01927287] | [0.35985853 0.50287356 0.59103827] |
+-------+-------------------+-------------------+--------------------+------------------------------------+------------------------------------+------------------------------------+------------------------------------+
epoch: 10 bpr_loss 0.26303038001060486
epoch: 10 bpr_loss 0.27256470918655396
epoch: 10 bpr_loss 0.2723465859889984
epoch: 10 bpr_loss 0.26496630907058716
epoch: 10 bpr_loss 0.26377496123313904
+-------+-------------------+--------------------+--------------------+------------------------------------+------------------------------------+------------------------------------+------------------------------------+
| Epoch |  training time(s) |   tesing time(s)   |        Loss        |               recall               |                ndcg                |             precision              |             hit_ratio              |
+-------+-------------------+--------------------+--------------------+------------------------------------+------------------------------------+------------------------------------+------------------------------------+
|   10  | 531.4481334686279 | 42.013213872909546 | 161.87803649902344 | [0.05733188 0.09563215 0.12611838] | [0.04726108 0.06167277 0.07234372] | [0.02622679 0.02202381 0.01949392] | [0.36393204 0.50824176 0.59514336] |
+-------+-------------------+--------------------+--------------------+------------------------------------+------------------------------------+------------------------------------+------------------------------------+
epoch: 11 bpr_loss 0.26933103799819946
epoch: 11 bpr_loss 0.2723594009876251
epoch: 11 bpr_loss 0.26114699244499207
epoch: 11 bpr_loss 0.2647099494934082
epoch: 11 bpr_loss 0.2612241804599762
+-------+-------------------+-------------------+-------------------+------------------------------------+------------------------------------+------------------------------------+------------------------------------+
| Epoch |  training time(s) |   tesing time(s)  |        Loss       |               recall               |                ndcg                |             precision              |             hit_ratio              |
+-------+-------------------+-------------------+-------------------+------------------------------------+------------------------------------+------------------------------------+------------------------------------+
|   11  | 536.2698245048523 | 40.21261477470398 | 159.2256622314453 | [0.05806304 0.09690509 0.12781961] | [0.04790173 0.06250687 0.07332199] | [0.02659783 0.02230643 0.0197418 ] | [0.36705823 0.51237843 0.60038525] |
+-------+-------------------+-------------------+-------------------+------------------------------------+------------------------------------+------------------------------------+------------------------------------+
epoch: 12 bpr_loss 0.2638782262802124
epoch: 12 bpr_loss 0.26022475957870483
epoch: 12 bpr_loss 0.2612416446208954
epoch: 12 bpr_loss 0.26329830288887024
epoch: 12 bpr_loss 0.24463237822055817
+-------+-------------------+-------------------+--------------------+------------------------------------+------------------------------------+------------------------------------+------------------------------------+
| Epoch |  training time(s) |   tesing time(s)  |        Loss        |               recall               |                ndcg                |             precision              |             hit_ratio              |
+-------+-------------------+-------------------+--------------------+------------------------------------+------------------------------------+------------------------------------+------------------------------------+
|   12  | 533.4480843544006 | 37.93685221672058 | 156.79110717773438 | [0.05888172 0.09805174 0.1292796 ] | [0.04855107 0.06327166 0.07419285] | [0.02694676 0.02254484 0.01994179] | [0.3714791  0.51648352 0.60430087] |
+-------+-------------------+-------------------+--------------------+------------------------------------+------------------------------------+------------------------------------+------------------------------------+
epoch: 13 bpr_loss 0.2601473927497864
epoch: 13 bpr_loss 0.26235347986221313
epoch: 13 bpr_loss 0.2571815252304077
epoch: 13 bpr_loss 0.24627099931240082
epoch: 13 bpr_loss 0.2573440372943878
+-------+------------------+-------------------+--------------------+------------------------------------+------------------------------------+------------------------------------+------------------------------------+
| Epoch | training time(s) |   tesing time(s)  |        Loss        |               recall               |                ndcg                |             precision              |             hit_ratio              |
+-------+------------------+-------------------+--------------------+------------------------------------+------------------------------------+------------------------------------+------------------------------------+
|   13  | 543.695732831955 | 39.68702745437622 | 154.70193481445312 | [0.05950828 0.09877357 0.13066036] | [0.04915534 0.06389898 0.07504184] | [0.02725622 0.02274141 0.02015968] | [0.37466844 0.51872553 0.6079323 ] |
+-------+------------------+-------------------+--------------------+------------------------------------+------------------------------------+------------------------------------+------------------------------------+
epoch: 14 bpr_loss 0.2546682357788086
epoch: 14 bpr_loss 0.2473953366279602
epoch: 14 bpr_loss 0.24729600548744202
epoch: 14 bpr_loss 0.25463584065437317
epoch: 14 bpr_loss 0.2554076313972473
+-------+-------------------+-------------------+--------------------+------------------------------------+------------------------------------+------------------------------------+------------------------------------+
| Epoch |  training time(s) |   tesing time(s)  |        Loss        |               recall               |                ndcg                |             precision              |             hit_ratio              |
+-------+-------------------+-------------------+--------------------+------------------------------------+------------------------------------+------------------------------------+------------------------------------+
|   14  | 542.9054939746857 | 44.47168207168579 | 152.56341552734375 | [0.06007198 0.09962675 0.13157666] | [0.04959688 0.06446294 0.07561318] | [0.02748832 0.02294509 0.02028599] | [0.37732095 0.52232538 0.60989011] |
+-------+-------------------+-------------------+--------------------+------------------------------------+------------------------------------+------------------------------------+------------------------------------+
epoch: 15 bpr_loss 0.2529245615005493
epoch: 15 bpr_loss 0.2501319348812103
epoch: 15 bpr_loss 0.2541353404521942
epoch: 15 bpr_loss 0.2553430199623108
epoch: 15 bpr_loss 0.2543029189109802
+-------+------------------+--------------------+--------------------+------------------------------------+------------------------------------+------------------------------------+------------------------------------+
| Epoch | training time(s) |   tesing time(s)   |        Loss        |               recall               |                ndcg                |             precision              |             hit_ratio              |
+-------+------------------+--------------------+--------------------+------------------------------------+------------------------------------+------------------------------------+------------------------------------+
|   15  | 526.400232553482 | 40.840816259384155 | 150.65281677246094 | [0.06058269 0.10033115 0.13249307] | [0.04993937 0.06488338 0.07610746] | [0.02768726 0.02310061 0.02042072] | [0.37905772 0.5244095  0.61238474] |
+-------+------------------+--------------------+--------------------+------------------------------------+------------------------------------+------------------------------------+------------------------------------+
epoch: 16 bpr_loss 0.24122479557991028
epoch: 16 bpr_loss 0.24258652329444885
epoch: 16 bpr_loss 0.254641056060791
epoch: 16 bpr_loss 0.24372383952140808
epoch: 16 bpr_loss 0.24018505215644836
+-------+------------------+-------------------+--------------------+------------------------------------+------------------------------------+------------------------------------+------------------------------------+
| Epoch | training time(s) |   tesing time(s)  |        Loss        |               recall               |                ndcg                |             precision              |             hit_ratio              |
+-------+------------------+-------------------+--------------------+------------------------------------+------------------------------------+------------------------------------+------------------------------------+
|   16  | 554.27791929245  | 36.99938416481018 | 148.84371948242188 | [0.06116028 0.10124011 0.13344604] | [0.05041782 0.06547809 0.07674286] | [0.02790988 0.02327034 0.02057229] | [0.38227864 0.52731464 0.6134268 ] |
+-------+------------------+-------------------+--------------------+------------------------------------+------------------------------------+------------------------------------+------------------------------------+
epoch: 17 bpr_loss 0.2416776418685913
epoch: 17 bpr_loss 0.23788011074066162
epoch: 17 bpr_loss 0.24453066289424896
epoch: 17 bpr_loss 0.24239979684352875
epoch: 17 bpr_loss 0.24324513971805573
+-------+-------------------+-------------------+-------------------+------------------------------------+------------------------------------+------------------------------------+------------------------------------+
| Epoch |  training time(s) |   tesing time(s)  |        Loss       |               recall               |                ndcg                |             precision              |             hit_ratio              |
+-------+-------------------+-------------------+-------------------+------------------------------------+------------------------------------+------------------------------------+------------------------------------+
|   17  | 554.3193304538727 | 38.82296085357666 | 147.0055389404297 | [0.06176625 0.10197446 0.13461425] | [0.05083864 0.06595701 0.07736333] | [0.02817987 0.02347006 0.02075807] | [0.38524694 0.52996716 0.61633194] |
+-------+-------------------+-------------------+-------------------+------------------------------------+------------------------------------+------------------------------------+------------------------------------+
epoch: 18 bpr_loss 0.2395492047071457
epoch: 18 bpr_loss 0.23683753609657288
epoch: 18 bpr_loss 0.24418315291404724
epoch: 18 bpr_loss 0.2413826733827591
epoch: 18 bpr_loss 0.24993625283241272
+-------+-------------------+--------------------+-------------------+------------------------------------+------------------------------------+------------------------------------+------------------------------------+
| Epoch |  training time(s) |   tesing time(s)   |        Loss       |               recall               |                ndcg                |             precision              |             hit_ratio              |
+-------+-------------------+--------------------+-------------------+------------------------------------+------------------------------------+------------------------------------+------------------------------------+
|   18  | 543.9190063476562 | 54.651259660720825 | 145.2969207763672 | [0.06210262 0.10265902 0.13555586] | [0.05111853 0.06637693 0.07785568] | [0.02835196 0.02363979 0.0208907 ] | [0.38641531 0.53255652 0.618795  ] |
+-------+-------------------+--------------------+-------------------+------------------------------------+------------------------------------+------------------------------------+------------------------------------+
epoch: 19 bpr_loss 0.23778103291988373
epoch: 19 bpr_loss 0.23845653235912323
epoch: 19 bpr_loss 0.2361748069524765
epoch: 19 bpr_loss 0.24158631265163422
epoch: 19 bpr_loss 0.23011329770088196
+-------+-------------------+--------------------+--------------------+------------------------------------+------------------------------------+------------------------------------+------------------------------------+
| Epoch |  training time(s) |   tesing time(s)   |        Loss        |               recall               |                ndcg                |             precision              |             hit_ratio              |
+-------+-------------------+--------------------+--------------------+------------------------------------+------------------------------------+------------------------------------+------------------------------------+
|   19  | 524.3524436950684 | 41.894330739974976 | 143.62364196777344 | [0.06246421 0.10330116 0.13647907] | [0.05142644 0.06680193 0.07840466] | [0.02847038 0.02377637 0.02105596] | [0.38818366 0.53385121 0.62031072] |
+-------+-------------------+--------------------+--------------------+------------------------------------+------------------------------------+------------------------------------+------------------------------------+
epoch: 20 bpr_loss 0.23827677965164185
epoch: 20 bpr_loss 0.2385743409395218
epoch: 20 bpr_loss 0.23469550907611847
epoch: 20 bpr_loss 0.23674200475215912
epoch: 20 bpr_loss 0.23396578431129456
+-------+-------------------+--------------------+-------------------+------------------------------------+------------------------------------+------------------------------------+------------------------------------+
| Epoch |  training time(s) |   tesing time(s)   |        Loss       |               recall               |                ndcg                |             precision              |             hit_ratio              |
+-------+-------------------+--------------------+-------------------+------------------------------------+------------------------------------+------------------------------------+------------------------------------+
|   20  | 537.9063017368317 | 38.168309450149536 | 142.0795135498047 | [0.06309285 0.10393415 0.13739893] | [0.05188499 0.06724398 0.07893312] | [0.02878616 0.0239311  0.02119437] | [0.39118353 0.53546166 0.62267905] |
+-------+-------------------+--------------------+-------------------+------------------------------------+------------------------------------+------------------------------------+------------------------------------+
epoch: 21 bpr_loss 0.22539854049682617
epoch: 21 bpr_loss 0.2357996255159378
epoch: 21 bpr_loss 0.22677461802959442
epoch: 21 bpr_loss 0.2355981022119522
epoch: 21 bpr_loss 0.22571273148059845
+-------+------------------+-------------------+--------------------+------------------------------------+------------------------------------+------------------------------------+------------------------------------+
| Epoch | training time(s) |   tesing time(s)  |        Loss        |               recall               |                ndcg                |             precision              |             hit_ratio              |
+-------+------------------+-------------------+--------------------+------------------------------------+------------------------------------+------------------------------------+------------------------------------+
|   21  | 530.607344865799 | 41.58410406112671 | 140.58932495117188 | [0.06337766 0.10473753 0.13832117] | [0.05222248 0.06777271 0.07948804] | [0.02894878 0.02411425 0.02131963] | [0.39197297 0.53782999 0.62533156] |
+-------+------------------+-------------------+--------------------+------------------------------------+------------------------------------+------------------------------------+------------------------------------+
epoch: 22 bpr_loss 0.22914627194404602
epoch: 22 bpr_loss 0.2377576380968094
epoch: 22 bpr_loss 0.2292664647102356
epoch: 22 bpr_loss 0.230251744389534
epoch: 22 bpr_loss 0.23616380989551544
+-------+-------------------+--------------------+-------------------+------------------------------------+------------------------------------+------------------------------------+------------------------------------+
| Epoch |  training time(s) |   tesing time(s)   |        Loss       |               recall               |                ndcg                |             precision              |             hit_ratio              |
+-------+-------------------+--------------------+-------------------+------------------------------------+------------------------------------+------------------------------------+------------------------------------+
|   22  | 527.2754421234131 | 36.571051836013794 | 139.1042022705078 | [0.06360817 0.10534009 0.13882845] | [0.05249773 0.06818232 0.07989852] | [0.02904667 0.02421451 0.02140436] | [0.3932045  0.53972464 0.62545788] |
+-------+-------------------+--------------------+-------------------+------------------------------------+------------------------------------+------------------------------------+------------------------------------+
epoch: 23 bpr_loss 0.23035511374473572
epoch: 23 bpr_loss 0.23060369491577148
epoch: 23 bpr_loss 0.23004262149333954
epoch: 23 bpr_loss 0.2364814281463623
epoch: 23 bpr_loss 0.22098121047019958
+-------+-------------------+--------------------+--------------------+------------------------------------+------------------------------------+------------------------------------+------------------------------------+
| Epoch |  training time(s) |   tesing time(s)   |        Loss        |               recall               |                ndcg                |             precision              |             hit_ratio              |
+-------+-------------------+--------------------+--------------------+------------------------------------+------------------------------------+------------------------------------+------------------------------------+
|   23  | 533.4324886798859 | 36.702967405319214 | 137.70660400390625 | [0.06401732 0.10596572 0.13962914] | [0.05282819 0.06861282 0.08036838] | [0.02924087 0.02437476 0.02150699] | [0.3947518  0.5421877  0.62760515] |
+-------+-------------------+--------------------+--------------------+------------------------------------+------------------------------------+------------------------------------+------------------------------------+
epoch: 24 bpr_loss 0.22560381889343262
epoch: 24 bpr_loss 0.22812418639659882
epoch: 24 bpr_loss 0.22437238693237305
epoch: 24 bpr_loss 0.22745899856090546
epoch: 24 bpr_loss 0.23259089887142181
+-------+-------------------+-------------------+-------------------+------------------------------------+------------------------------------+------------------------------------+------------------------------------+
| Epoch |  training time(s) |   tesing time(s)  |        Loss       |               recall               |                ndcg                |             precision              |             hit_ratio              |
+-------+-------------------+-------------------+-------------------+------------------------------------+------------------------------------+------------------------------------+------------------------------------+
|   24  | 528.7912094593048 | 43.33768916130066 | 136.3227996826172 | [0.06451394 0.10646412 0.14033026] | [0.05319062 0.06894291 0.08076379] | [0.02946192 0.0244845  0.02160646] | [0.39705697 0.54335607 0.62934192] |
+-------+-------------------+-------------------+-------------------+------------------------------------+------------------------------------+------------------------------------+------------------------------------+
epoch: 25 bpr_loss 0.21959316730499268
epoch: 25 bpr_loss 0.22380433976650238
epoch: 25 bpr_loss 0.21889618039131165
epoch: 25 bpr_loss 0.2211524248123169
epoch: 25 bpr_loss 0.22702056169509888
+-------+--------------------+--------------------+-------------------+------------------------------------+------------------------------------+------------------------------------+------------------------------------+
| Epoch |  training time(s)  |   tesing time(s)   |        Loss       |               recall               |                ndcg                |             precision              |             hit_ratio              |
+-------+--------------------+--------------------+-------------------+------------------------------------+------------------------------------+------------------------------------+------------------------------------+
|   25  | 510.07241201400757 | 37.920639514923096 | 134.9058380126953 | [0.06460198 0.10700809 0.14096595] | [0.05336069 0.06928649 0.08113056] | [0.02956928 0.02461949 0.02170751] | [0.39708854 0.54525073 0.63111027] |
+-------+--------------------+--------------------+-------------------+------------------------------------+------------------------------------+------------------------------------+------------------------------------+
epoch: 26 bpr_loss 0.22042158246040344
epoch: 26 bpr_loss 0.2196531742811203
epoch: 26 bpr_loss 0.21676716208457947
epoch: 26 bpr_loss 0.2211279720067978
epoch: 26 bpr_loss 0.21704867482185364
+-------+-------------------+-------------------+--------------------+------------------------------------+------------------------------------+------------------------------------+------------------------------------+
| Epoch |  training time(s) |   tesing time(s)  |        Loss        |               recall               |                ndcg                |             precision              |             hit_ratio              |
+-------+-------------------+-------------------+--------------------+------------------------------------+------------------------------------+------------------------------------+------------------------------------+
|   26  | 501.3525114059448 | 35.87646412849426 | 133.59820556640625 | [0.06477472 0.10741311 0.14132383] | [0.05353623 0.06958543 0.08141332] | [0.02958823 0.02470475 0.02176014] | [0.39800429 0.54616648 0.63186813] |
+-------+-------------------+-------------------+--------------------+------------------------------------+------------------------------------+------------------------------------+------------------------------------+
epoch: 27 bpr_loss 0.2150624841451645
epoch: 27 bpr_loss 0.21695169806480408
epoch: 27 bpr_loss 0.22167640924453735
epoch: 27 bpr_loss 0.2193211317062378
epoch: 27 bpr_loss 0.22442401945590973
+-------+--------------------+------------------+--------------------+------------------------------------+------------------------------------+------------------------------------+------------------------------------+
| Epoch |  training time(s)  |  tesing time(s)  |        Loss        |               recall               |                ndcg                |             precision              |             hit_ratio              |
+-------+--------------------+------------------+--------------------+------------------------------------+------------------------------------+------------------------------------+------------------------------------+
|   27  | 495.34589982032776 | 39.8677613735199 | 132.24465942382812 | [0.06507431 0.10809276 0.14196866] | [0.05377188 0.06994896 0.08177218] | [0.02975559 0.02485237 0.02186803] | [0.39974106 0.54765063 0.63411014] |
+-------+--------------------+------------------+--------------------+------------------------------------+------------------------------------+------------------------------------+------------------------------------+
epoch: 28 bpr_loss 0.21660560369491577
epoch: 28 bpr_loss 0.219595804810524
epoch: 28 bpr_loss 0.20870688557624817
epoch: 28 bpr_loss 0.21931006014347076
epoch: 28 bpr_loss 0.21369627118110657
+-------+-------------------+-------------------+--------------------+------------------------------------+------------------------------------+------------------------------------+------------------------------------+
| Epoch |  training time(s) |   tesing time(s)  |        Loss        |               recall               |                ndcg                |             precision              |             hit_ratio              |
+-------+-------------------+-------------------+--------------------+------------------------------------+------------------------------------+------------------------------------+------------------------------------+
|   28  | 515.3023662567139 | 34.22585701942444 | 131.04983520507812 | [0.06532944 0.10847968 0.14236475] | [0.05392649 0.07011829 0.08195945] | [0.02988979 0.0249029  0.02192487] | [0.4008147  0.54932424 0.63524694] |
+-------+-------------------+-------------------+--------------------+------------------------------------+------------------------------------+------------------------------------+------------------------------------+
epoch: 29 bpr_loss 0.2160736620426178
epoch: 29 bpr_loss 0.20829162001609802
epoch: 29 bpr_loss 0.226063072681427
epoch: 29 bpr_loss 0.21004684269428253
epoch: 29 bpr_loss 0.21391451358795166
+-------+-------------------+--------------------+--------------------+------------------------------------+------------------------------------+------------------------------------+------------------------------------+
| Epoch |  training time(s) |   tesing time(s)   |        Loss        |               recall               |                ndcg                |             precision              |             hit_ratio              |
+-------+-------------------+--------------------+--------------------+------------------------------------+------------------------------------+------------------------------------+------------------------------------+
|   29  | 506.5067012310028 | 36.237550020217896 | 129.76873779296875 | [0.06558345 0.10891616 0.14298008] | [0.05416983 0.07044126 0.08233339] | [0.03003663 0.0250371  0.0220296 ] | [0.40147783 0.54976633 0.63669951] |
+-------+-------------------+--------------------+--------------------+------------------------------------+------------------------------------+------------------------------------+------------------------------------+
epoch: 30 bpr_loss 0.22012266516685486
epoch: 30 bpr_loss 0.21313899755477905
epoch: 30 bpr_loss 0.21362993121147156
epoch: 30 bpr_loss 0.21586689352989197
epoch: 30 bpr_loss 0.21269617974758148
+-------+-------------------+-------------------+--------------------+------------------------------------+------------------------------------+------------------------------------+------------------------------------+
| Epoch |  training time(s) |   tesing time(s)  |        Loss        |               recall               |                ndcg                |             precision              |             hit_ratio              |
+-------+-------------------+-------------------+--------------------+------------------------------------+------------------------------------+------------------------------------+------------------------------------+
|   30  | 479.2560429573059 | 32.37033009529114 | 128.56973266601562 | [0.06575765 0.10933772 0.14340903] | [0.05432432 0.07067337 0.08255988] | [0.03012031 0.02510894 0.02206802] | [0.40210938 0.55083996 0.63695213] |
+-------+-------------------+-------------------+--------------------+------------------------------------+------------------------------------+------------------------------------+------------------------------------+
epoch: 31 bpr_loss 0.20606112480163574
epoch: 31 bpr_loss 0.21154335141181946
epoch: 31 bpr_loss 0.210544615983963
epoch: 31 bpr_loss 0.20720428228378296
epoch: 31 bpr_loss 0.2101578414440155
+-------+-------------------+--------------------+--------------------+------------------------------------+------------------------------------+------------------------------------+------------------------------------+
| Epoch |  training time(s) |   tesing time(s)   |        Loss        |               recall               |                ndcg                |             precision              |             hit_ratio              |
+-------+-------------------+--------------------+--------------------+------------------------------------+------------------------------------+------------------------------------+------------------------------------+
|   31  | 417.2749614715576 | 33.371469020843506 | 127.38256072998047 | [0.06571307 0.10963541 0.14375572] | [0.05435994 0.07087468 0.08278187] | [0.03008242 0.0251792  0.02212223] | [0.40179361 0.5509347  0.63742579] |
+-------+-------------------+--------------------+--------------------+------------------------------------+------------------------------------+------------------------------------+------------------------------------+
epoch: 32 bpr_loss 0.2090860903263092
epoch: 32 bpr_loss 0.20788390934467316
epoch: 32 bpr_loss 0.2091764211654663
epoch: 32 bpr_loss 0.20878154039382935
epoch: 32 bpr_loss 0.2042643278837204
+-------+--------------------+-------------------+--------------------+------------------------------------+------------------------------------+------------------------------------+------------------------------------+
| Epoch |  training time(s)  |   tesing time(s)  |        Loss        |               recall               |                ndcg                |             precision              |             hit_ratio              |
+-------+--------------------+-------------------+--------------------+------------------------------------+------------------------------------+------------------------------------+------------------------------------+
|   32  | 487.31684041023254 | 34.02666258811951 | 126.10790252685547 | [0.06589616 0.11020345 0.1442882 ] | [0.05461139 0.07122842 0.08312797] | [0.03021662 0.02529288 0.02220906] | [0.40217254 0.55308198 0.63834154] |
+-------+--------------------+-------------------+--------------------+------------------------------------+------------------------------------+------------------------------------+------------------------------------+
epoch: 33 bpr_loss 0.20788617432117462
epoch: 33 bpr_loss 0.2125009447336197
epoch: 33 bpr_loss 0.20500153303146362
epoch: 33 bpr_loss 0.20777453482151031
epoch: 33 bpr_loss 0.21564443409442902
+-------+--------------------+-------------------+--------------------+------------------------------------+------------------------------------+------------------------------------+------------------------------------+
| Epoch |  training time(s)  |   tesing time(s)  |        Loss        |               recall               |                ndcg                |             precision              |             hit_ratio              |
+-------+--------------------+-------------------+--------------------+------------------------------------+------------------------------------+------------------------------------+------------------------------------+
|   33  | 491.34661078453064 | 37.26831293106079 | 124.92820739746094 | [0.06631625 0.11068001 0.14466255] | [0.05495237 0.07159944 0.08344575] | [0.0303682  0.02541761 0.02225485] | [0.40384615 0.5548819  0.63909941] |
+-------+--------------------+-------------------+--------------------+------------------------------------+------------------------------------+------------------------------------+------------------------------------+
epoch: 34 bpr_loss 0.20745813846588135
epoch: 34 bpr_loss 0.20325618982315063
epoch: 34 bpr_loss 0.20844686031341553
epoch: 34 bpr_loss 0.20121298730373383
epoch: 34 bpr_loss 0.19895245134830475
+-------+-------------------+-------------------+--------------------+------------------------------------+------------------------------------+------------------------------------+------------------------------------+
| Epoch |  training time(s) |   tesing time(s)  |        Loss        |               recall               |                ndcg                |             precision              |             hit_ratio              |
+-------+-------------------+-------------------+--------------------+------------------------------------+------------------------------------+------------------------------------+------------------------------------+
|   34  | 498.9301223754883 | 35.82313942909241 | 123.87159729003906 | [0.06642762 0.11075448 0.1451858 ] | [0.05506168 0.07169689 0.08369951] | [0.03042503 0.02543419 0.02232801] | [0.40454086 0.55456612 0.64061513] |
+-------+-------------------+-------------------+--------------------+------------------------------------+------------------------------------+------------------------------------+------------------------------------+
epoch: 35 bpr_loss 0.20193661749362946
epoch: 35 bpr_loss 0.20758168399333954
epoch: 35 bpr_loss 0.20608201622962952
epoch: 35 bpr_loss 0.20698553323745728
epoch: 35 bpr_loss 0.20498424768447876
+-------+--------------------+-------------------+--------------------+------------------------------------+------------------------------------+------------------------------------+------------------------------------+
| Epoch |  training time(s)  |   tesing time(s)  |        Loss        |               recall               |                ndcg                |             precision              |             hit_ratio              |
+-------+--------------------+-------------------+--------------------+------------------------------------+------------------------------------+------------------------------------+------------------------------------+
|   35  | 491.77113914489746 | 35.13298940658569 | 122.73970031738281 | [0.0665303  0.11097551 0.14572398] | [0.05522467 0.0719034  0.08403234] | [0.03046924 0.0254784  0.02242379] | [0.40485664 0.55532399 0.64181508] |
+-------+--------------------+-------------------+--------------------+------------------------------------+------------------------------------+------------------------------------+------------------------------------+
epoch: 36 bpr_loss 0.197625070810318
epoch: 36 bpr_loss 0.20231512188911438
epoch: 36 bpr_loss 0.1981363743543625
epoch: 36 bpr_loss 0.20497402548789978
epoch: 36 bpr_loss 0.2094806581735611
+-------+-------------------+--------------------+--------------------+------------------------------------+------------------------------------+------------------------------------+------------------------------------+
| Epoch |  training time(s) |   tesing time(s)   |        Loss        |               recall               |                ndcg                |             precision              |             hit_ratio              |
+-------+-------------------+--------------------+--------------------+------------------------------------+------------------------------------+------------------------------------+------------------------------------+
|   36  | 500.6068289279938 | 41.218456983566284 | 121.65898895263672 | [0.06656637 0.11105078 0.1458696 ] | [0.05526709 0.07197134 0.08412062] | [0.03046451 0.02549261 0.02243695] | [0.40444613 0.55532399 0.64181508] |
+-------+-------------------+--------------------+--------------------+------------------------------------+------------------------------------+------------------------------------+------------------------------------+
epoch: 37 bpr_loss 0.18765687942504883
epoch: 37 bpr_loss 0.19488424062728882
epoch: 37 bpr_loss 0.1995793879032135
epoch: 37 bpr_loss 0.20524783432483673
epoch: 37 bpr_loss 0.19769948720932007
+-------+-------------------+--------------------+--------------------+------------------------------------+------------------------------------+------------------------------------+------------------------------------+
| Epoch |  training time(s) |   tesing time(s)   |        Loss        |               recall               |                ndcg                |             precision              |             hit_ratio              |
+-------+-------------------+--------------------+--------------------+------------------------------------+------------------------------------+------------------------------------+------------------------------------+
|   37  | 497.7241473197937 | 36.256975173950195 | 120.42706298828125 | [0.06694652 0.11123871 0.14649955] | [0.05549647 0.07210606 0.08441243] | [0.03064608 0.02553129 0.02251747] | [0.40558292 0.55601869 0.64310976] |
+-------+-------------------+--------------------+--------------------+------------------------------------+------------------------------------+------------------------------------+------------------------------------+
epoch: 38 bpr_loss 0.19779382646083832
epoch: 38 bpr_loss 0.1955670863389969
epoch: 38 bpr_loss 0.19681516289710999
epoch: 38 bpr_loss 0.19590461254119873
epoch: 38 bpr_loss 0.20242567360401154
+-------+--------------------+-------------------+--------------------+------------------------------------+------------------------------------+------------------------------------+------------------------------------+
| Epoch |  training time(s)  |   tesing time(s)  |        Loss        |               recall               |                ndcg                |             precision              |             hit_ratio              |
+-------+--------------------+-------------------+--------------------+------------------------------------+------------------------------------+------------------------------------+------------------------------------+
|   38  | 509.35146856307983 | 39.08652353286743 | 119.48953247070312 | [0.06707606 0.11131321 0.14666175] | [0.05554276 0.07213997 0.08446512] | [0.03068713 0.02555182 0.02252431] | [0.40694076 0.55576607 0.64399394] |
+-------+--------------------+-------------------+--------------------+------------------------------------+------------------------------------+------------------------------------+------------------------------------+
epoch: 39 bpr_loss 0.1922478824853897
epoch: 39 bpr_loss 0.20095108449459076
epoch: 39 bpr_loss 0.19802826642990112
epoch: 39 bpr_loss 0.19765865802764893
epoch: 39 bpr_loss 0.1932617723941803
+-------+--------------------+-------------------+--------------------+------------------------------------+------------------------------------+------------------------------------+------------------------------------+
| Epoch |  training time(s)  |   tesing time(s)  |        Loss        |               recall               |                ndcg                |             precision              |             hit_ratio              |
+-------+--------------------+-------------------+--------------------+------------------------------------+------------------------------------+------------------------------------+------------------------------------+
|   39  | 506.31064200401306 | 37.71216058731079 | 118.33174133300781 | [0.0673906  0.11160637 0.14710209] | [0.05575432 0.07233089 0.08470664] | [0.03082607 0.02561261 0.0225901 ] | [0.40817229 0.55658709 0.64434129] |
+-------+--------------------+-------------------+--------------------+------------------------------------+------------------------------------+------------------------------------+------------------------------------+
epoch: 40 bpr_loss 0.19429166615009308
epoch: 40 bpr_loss 0.19291383028030396
epoch: 40 bpr_loss 0.19611260294914246
epoch: 40 bpr_loss 0.19446919858455658
epoch: 40 bpr_loss 0.19960875809192657
+-------+--------------------+--------------------+--------------------+------------------------------------+------------------------------------+------------------------------------+------------------------------------+
| Epoch |  training time(s)  |   tesing time(s)   |        Loss        |               recall               |                ndcg                |             precision              |             hit_ratio              |
+-------+--------------------+--------------------+--------------------+------------------------------------+------------------------------------+------------------------------------+------------------------------------+
|   40  | 501.40744256973267 | 36.192378997802734 | 117.26590728759766 | [0.06746582 0.11167975 0.14731227] | [0.05587037 0.07246818 0.08490452] | [0.0308166  0.02562208 0.02262063] | [0.4085828  0.55680813 0.64535177] |
+-------+--------------------+--------------------+--------------------+------------------------------------+------------------------------------+------------------------------------+------------------------------------+
epoch: 41 bpr_loss 0.1876472681760788
epoch: 41 bpr_loss 0.19007214903831482
epoch: 41 bpr_loss 0.19849640130996704
epoch: 41 bpr_loss 0.19150379300117493
epoch: 41 bpr_loss 0.18936055898666382
+-------+--------------------+--------------------+--------------------+------------------------------------+------------------------------------+------------------------------------+------------------------------------+
| Epoch |  training time(s)  |   tesing time(s)   |        Loss        |               recall               |                ndcg                |             precision              |             hit_ratio              |
+-------+--------------------+--------------------+--------------------+------------------------------------+------------------------------------+------------------------------------+------------------------------------+
|   41  | 497.11601424217224 | 37.166653633117676 | 116.15487670898438 | [0.06750873 0.11194841 0.1474606 ] | [0.05592351 0.07259949 0.08499907] | [0.03085133 0.02567892 0.02264536] | [0.40845649 0.55769231 0.64513073] |
+-------+--------------------+--------------------+--------------------+------------------------------------+------------------------------------+------------------------------------+------------------------------------+
epoch: 42 bpr_loss 0.19934417307376862
epoch: 42 bpr_loss 0.18992866575717926
epoch: 42 bpr_loss 0.19030484557151794
epoch: 42 bpr_loss 0.19381707906723022
epoch: 42 bpr_loss 0.19202038645744324
+-------+--------------------+--------------------+-----------------+------------------------------------+------------------------------------+------------------------------------+------------------------------------+
| Epoch |  training time(s)  |   tesing time(s)   |       Loss      |               recall               |                ndcg                |             precision              |             hit_ratio              |
+-------+--------------------+--------------------+-----------------+------------------------------------+------------------------------------+------------------------------------+------------------------------------+
|   42  | 483.86128783226013 | 34.006507873535156 | 115.14306640625 | [0.06755072 0.11202909 0.14755673] | [0.0559939  0.07268249 0.08508996] | [0.03087975 0.02570023 0.02266641] | [0.40842491 0.55725022 0.64554124] |
+-------+--------------------+--------------------+-----------------+------------------------------------+------------------------------------+------------------------------------+------------------------------------+
epoch: 43 bpr_loss 0.19176390767097473
epoch: 43 bpr_loss 0.1911664456129074
epoch: 43 bpr_loss 0.18412186205387115
epoch: 43 bpr_loss 0.19564254581928253
epoch: 43 bpr_loss 0.1848941594362259
+-------+-------------------+-------------------+--------------------+------------------------------------+------------------------------------+------------------------------------+------------------------------------+
| Epoch |  training time(s) |   tesing time(s)  |        Loss        |               recall               |                ndcg                |             precision              |             hit_ratio              |
+-------+-------------------+-------------------+--------------------+------------------------------------+------------------------------------+------------------------------------+------------------------------------+
|   43  | 490.5520966053009 | 36.72407650947571 | 114.10443115234375 | [0.06775686 0.11222005 0.14765626] | [0.05605342 0.07273177 0.0850984 ] | [0.03096185 0.02574839 0.02267799] | [0.40962486 0.55797651 0.64664646] |
+-------+-------------------+-------------------+--------------------+------------------------------------+------------------------------------+------------------------------------+------------------------------------+
epoch: 44 bpr_loss 0.18503831326961517
epoch: 44 bpr_loss 0.18814367055892944
epoch: 44 bpr_loss 0.18586847186088562
epoch: 44 bpr_loss 0.19294732809066772
epoch: 44 bpr_loss 0.18322628736495972
+-------+--------------------+-------------------+--------------------+------------------------------------+------------------------------------+------------------------------------+------------------------------------+
| Epoch |  training time(s)  |   tesing time(s)  |        Loss        |               recall               |                ndcg                |             precision              |             hit_ratio              |
+-------+--------------------+-------------------+--------------------+------------------------------------+------------------------------------+------------------------------------+------------------------------------+
|   44  | 467.12538743019104 | 34.92447853088379 | 113.06409454345703 | [0.0679752  0.11230141 0.14784784] | [0.05622359 0.07284053 0.08524241] | [0.0310708  0.02577602 0.02270852] | [0.40965644 0.55819755 0.64648857] |
+-------+--------------------+-------------------+--------------------+------------------------------------+------------------------------------+------------------------------------+------------------------------------+
epoch: 45 bpr_loss 0.18656104803085327
epoch: 45 bpr_loss 0.18608270585536957
epoch: 45 bpr_loss 0.18411166965961456
epoch: 45 bpr_loss 0.18603356182575226
epoch: 45 bpr_loss 0.1880137324333191
+-------+--------------------+--------------------+--------------------+------------------------------------+------------------------------------+------------------------------------+------------------------------------+
| Epoch |  training time(s)  |   tesing time(s)   |        Loss        |               recall               |                ndcg                |             precision              |             hit_ratio              |
+-------+--------------------+--------------------+--------------------+------------------------------------+------------------------------------+------------------------------------+------------------------------------+
|   45  | 487.04239869117737 | 41.518855810165405 | 112.05995178222656 | [0.06796037 0.1125369  0.14787617] | [0.05624856 0.07298563 0.08531621] | [0.03104869 0.02583207 0.02271852] | [0.40971959 0.55949223 0.64639384] |
+-------+--------------------+--------------------+--------------------+------------------------------------+------------------------------------+------------------------------------+------------------------------------+
epoch: 46 bpr_loss 0.1845247894525528
epoch: 46 bpr_loss 0.17908024787902832
epoch: 46 bpr_loss 0.18242311477661133
epoch: 46 bpr_loss 0.17822806537151337
epoch: 46 bpr_loss 0.18145526945590973
+-------+--------------------+-------------------+---------------+------------------------------------+------------------------------------+------------------------------------+------------------------------------+
| Epoch |  training time(s)  |   tesing time(s)  |      Loss     |               recall               |                ndcg                |             precision              |             hit_ratio              |
+-------+--------------------+-------------------+---------------+------------------------------------+------------------------------------+------------------------------------+------------------------------------+
|   46  | 483.83087611198425 | 36.14392042160034 | 111.025390625 | [0.06816394 0.11258854 0.14792902] | [0.05646146 0.07311884 0.08545795] | [0.03112448 0.02582418 0.02272167] | [0.41016168 0.55901857 0.64670961] |
+-------+--------------------+-------------------+---------------+------------------------------------+------------------------------------+------------------------------------+------------------------------------+
epoch: 47 bpr_loss 0.18336652219295502
epoch: 47 bpr_loss 0.1792450249195099
epoch: 47 bpr_loss 0.18305833637714386
epoch: 47 bpr_loss 0.1762201488018036
epoch: 47 bpr_loss 0.186844602227211
+-------+-------------------+-------------------+--------------------+------------------------------------+------------------------------------+------------------------------------+------------------------------------+
| Epoch |  training time(s) |   tesing time(s)  |        Loss        |               recall               |                ndcg                |             precision              |             hit_ratio              |
+-------+-------------------+-------------------+--------------------+------------------------------------+------------------------------------+------------------------------------+------------------------------------+
|   47  | 484.4845292568207 | 35.32266616821289 | 109.98184967041016 | [0.0683337  0.1127436  0.14824717] | [0.05657638 0.07322425 0.08561912] | [0.03120816 0.02586444 0.02277536] | [0.41066692 0.55936592 0.64664646] |
+-------+-------------------+-------------------+--------------------+------------------------------------+------------------------------------+------------------------------------+------------------------------------+
epoch: 48 bpr_loss 0.18282727897167206
epoch: 48 bpr_loss 0.181574285030365
epoch: 48 bpr_loss 0.17833441495895386
epoch: 48 bpr_loss 0.1799120157957077
epoch: 48 bpr_loss 0.18409140408039093
+-------+--------------------+-------------------+--------------------+------------------------------------+------------------------------------+------------------------------------+------------------------------------+
| Epoch |  training time(s)  |   tesing time(s)  |        Loss        |               recall               |                ndcg                |             precision              |             hit_ratio              |
+-------+--------------------+-------------------+--------------------+------------------------------------+------------------------------------+------------------------------------+------------------------------------+
|   48  | 471.21432757377625 | 36.04926681518555 | 109.09418487548828 | [0.06848607 0.11260106 0.14804385] | [0.05665112 0.07318884 0.08556228] | [0.031235   0.02583286 0.0227401 ] | [0.41129847 0.55936592 0.64712012] |
+-------+--------------------+-------------------+--------------------+------------------------------------+------------------------------------+------------------------------------+------------------------------------+
epoch: 49 bpr_loss 0.17911213636398315
epoch: 49 bpr_loss 0.17501932382583618
epoch: 49 bpr_loss 0.1819918304681778
epoch: 49 bpr_loss 0.1869642585515976
epoch: 49 bpr_loss 0.1847263127565384
+-------+-------------------+--------------------+-------------------+------------------------------------+------------------------------------+------------------------------------+------------------------------------+
| Epoch |  training time(s) |   tesing time(s)   |        Loss       |               recall               |                ndcg                |             precision              |             hit_ratio              |
+-------+-------------------+--------------------+-------------------+------------------------------------+------------------------------------+------------------------------------+------------------------------------+
|   49  | 484.8098101615906 | 36.898977279663086 | 108.0118637084961 | [0.06858095 0.11287977 0.14849494] | [0.05676913 0.07338752 0.0858028 ] | [0.03126184 0.02589128 0.02277904] | [0.41107743 0.56006063 0.64759379] |
+-------+-------------------+--------------------+-------------------+------------------------------------+------------------------------------+------------------------------------+------------------------------------+
epoch: 50 bpr_loss 0.18373478949069977
epoch: 50 bpr_loss 0.17028090357780457
epoch: 50 bpr_loss 0.1779520958662033
epoch: 50 bpr_loss 0.17355215549468994
epoch: 50 bpr_loss 0.17479154467582703
+-------+-------------------+--------------------+-------------------+------------------------------------+------------------------------------+------------------------------------+------------------------------------+
| Epoch |  training time(s) |   tesing time(s)   |        Loss       |               recall               |                ndcg                |             precision              |             hit_ratio              |
+-------+-------------------+--------------------+-------------------+------------------------------------+------------------------------------+------------------------------------+------------------------------------+
|   50  | 478.8952431678772 | 37.622039794921875 | 107.1261215209961 | [0.06851409 0.11307319 0.14840266] | [0.05675761 0.07345236 0.08578066] | [0.03126974 0.02591022 0.02276746] | [0.41148794 0.56072376 0.64806745] |
+-------+-------------------+--------------------+-------------------+------------------------------------+------------------------------------+------------------------------------+------------------------------------+
epoch: 51 bpr_loss 0.17496584355831146
epoch: 51 bpr_loss 0.16814111173152924
epoch: 51 bpr_loss 0.17375533282756805
epoch: 51 bpr_loss 0.1790696233510971
epoch: 51 bpr_loss 0.17144465446472168
+-------+-------------------+-------------------+--------------------+------------------------------------+------------------------------------+------------------------------------+------------------------------------+
| Epoch |  training time(s) |   tesing time(s)  |        Loss        |               recall               |                ndcg                |             precision              |             hit_ratio              |
+-------+-------------------+-------------------+--------------------+------------------------------------+------------------------------------+------------------------------------+------------------------------------+
|   51  | 473.2148699760437 | 37.17218565940857 | 106.09220123291016 | [0.06864073 0.11314908 0.14855037] | [0.05674197 0.07344405 0.0857876 ] | [0.03126816 0.02591891 0.02277799] | [0.41148794 0.56176582 0.64753063] |
+-------+-------------------+-------------------+--------------------+------------------------------------+------------------------------------+------------------------------------+------------------------------------+
epoch: 52 bpr_loss 0.1748761236667633
epoch: 52 bpr_loss 0.17249546945095062
epoch: 52 bpr_loss 0.16776156425476074
epoch: 52 bpr_loss 0.17452186346054077
epoch: 52 bpr_loss 0.16874530911445618
+-------+--------------------+--------------------+--------------------+------------------------------------+------------------------------------+------------------------------------+------------------------------------+
| Epoch |  training time(s)  |   tesing time(s)   |        Loss        |               recall               |                ndcg                |             precision              |             hit_ratio              |
+-------+--------------------+--------------------+--------------------+------------------------------------+------------------------------------+------------------------------------+------------------------------------+
|   52  | 475.20302391052246 | 36.742215394973755 | 105.15677642822266 | [0.06873224 0.11292329 0.14873752] | [0.05683842 0.07341878 0.08591104] | [0.03130605 0.0258818  0.02280588] | [0.41186687 0.56040798 0.64844638] |
+-------+--------------------+--------------------+--------------------+------------------------------------+------------------------------------+------------------------------------+------------------------------------+
epoch: 53 bpr_loss 0.168195441365242
epoch: 53 bpr_loss 0.17211514711380005
epoch: 53 bpr_loss 0.16916808485984802
epoch: 53 bpr_loss 0.1685234010219574
epoch: 53 bpr_loss 0.16896551847457886
+-------+-------------------+------------------+--------------------+------------------------------------+------------------------------------+------------------------------------+------------------------------------+
| Epoch |  training time(s) |  tesing time(s)  |        Loss        |               recall               |                ndcg                |             precision              |             hit_ratio              |
+-------+-------------------+------------------+--------------------+------------------------------------+------------------------------------+------------------------------------+------------------------------------+
|   53  | 479.0620696544647 | 36.9439902305603 | 104.12953186035156 | [0.06897991 0.11318479 0.14876553] | [0.05696421 0.07353011 0.08593707] | [0.03140552 0.0259197  0.02280167] | [0.41249842 0.56126058 0.64847796] |
+-------+-------------------+------------------+--------------------+------------------------------------+------------------------------------+------------------------------------+------------------------------------+
epoch: 54 bpr_loss 0.1720253974199295
epoch: 54 bpr_loss 0.17217804491519928
epoch: 54 bpr_loss 0.16739490628242493
epoch: 54 bpr_loss 0.16622887551784515
epoch: 54 bpr_loss 0.1659335494041443
+-------+--------------------+-------------------+-------------------+------------------------------------+------------------------------------+------------------------------------+------------------------------------+
| Epoch |  training time(s)  |   tesing time(s)  |        Loss       |               recall               |                ndcg                |             precision              |             hit_ratio              |
+-------+--------------------+-------------------+-------------------+------------------------------------+------------------------------------+------------------------------------+------------------------------------+
|   54  | 479.47581243515015 | 35.90264630317688 | 103.2153549194336 | [0.06892956 0.11329785 0.14894802] | [0.05701321 0.07365935 0.08608775] | [0.03136131 0.02593864 0.02282641] | [0.41186687 0.56220791 0.64876216] |
+-------+--------------------+-------------------+-------------------+------------------------------------+------------------------------------+------------------------------------+------------------------------------+
epoch: 55 bpr_loss 0.16608187556266785
epoch: 55 bpr_loss 0.16757340729236603
epoch: 55 bpr_loss 0.16719934344291687
epoch: 55 bpr_loss 0.1730230748653412
epoch: 55 bpr_loss 0.16614234447479248
+-------+--------------------+--------------------+-------------------+------------------------------------+------------------------------------+------------------------------------+------------------------------------+
| Epoch |  training time(s)  |   tesing time(s)   |        Loss       |               recall               |                ndcg                |             precision              |             hit_ratio              |
+-------+--------------------+--------------------+-------------------+------------------------------------+------------------------------------+------------------------------------+------------------------------------+
|   55  | 475.80866956710815 | 35.568421602249146 | 102.3098373413086 | [0.06879134 0.11340442 0.14886615] | [0.05693448 0.0736764  0.08604235] | [0.03127605 0.0259418  0.02279904] | [0.41114058 0.56192371 0.64895162] |
+-------+--------------------+--------------------+-------------------+------------------------------------+------------------------------------+------------------------------------+------------------------------------+
epoch: 56 bpr_loss 0.16878880560398102
epoch: 56 bpr_loss 0.17116908729076385
epoch: 56 bpr_loss 0.1707047075033188
epoch: 56 bpr_loss 0.1661260426044464
epoch: 56 bpr_loss 0.1696779578924179
+-------+-------------------+--------------------+--------------------+------------------------------------+------------------------------------+------------------------------------+------------------------------------+
| Epoch |  training time(s) |   tesing time(s)   |        Loss        |               recall               |                ndcg                |             precision              |             hit_ratio              |
+-------+-------------------+--------------------+--------------------+------------------------------------+------------------------------------+------------------------------------+------------------------------------+
|   56  | 473.6250467300415 | 36.095266342163086 | 101.32400512695312 | [0.06872469 0.11330608 0.14866071] | [0.05684371 0.07358025 0.08591329] | [0.03123658 0.02590944 0.02277273] | [0.4104143  0.56198686 0.64863585] |
+-------+-------------------+--------------------+--------------------+------------------------------------+------------------------------------+------------------------------------+------------------------------------+
epoch: 57 bpr_loss 0.16912639141082764
epoch: 57 bpr_loss 0.16491325199604034
epoch: 57 bpr_loss 0.168691948056221
epoch: 57 bpr_loss 0.17198731005191803
epoch: 57 bpr_loss 0.16453081369400024
+-------+--------------------+-------------------+-------------------+------------------------------------+------------------------------------+------------------------------------+------------------------------------+
| Epoch |  training time(s)  |   tesing time(s)  |        Loss       |               recall               |                ndcg                |             precision              |             hit_ratio              |
+-------+--------------------+-------------------+-------------------+------------------------------------+------------------------------------+------------------------------------+------------------------------------+
|   57  | 471.85908913612366 | 33.89515042304993 | 100.4338150024414 | [0.06897329 0.11342401 0.14880579] | [0.05707481 0.07375717 0.08610859] | [0.03130763 0.02592049 0.02279167] | [0.41262473 0.56201844 0.64914109] |
+-------+--------------------+-------------------+-------------------+------------------------------------+------------------------------------+------------------------------------+------------------------------------+
epoch: 58 bpr_loss 0.16620150208473206
epoch: 58 bpr_loss 0.1673886775970459
epoch: 58 bpr_loss 0.16013632714748383
epoch: 58 bpr_loss 0.16510596871376038
epoch: 58 bpr_loss 0.1659984588623047
+-------+--------------------+-------------------+-------------------+------------------------------------+------------------------------------+------------------------------------+------------------------------------+
| Epoch |  training time(s)  |   tesing time(s)  |        Loss       |               recall               |                ndcg                |             precision              |             hit_ratio              |
+-------+--------------------+-------------------+-------------------+------------------------------------+------------------------------------+------------------------------------+------------------------------------+
|   58  | 477.17938923835754 | 34.59904742240906 | 99.43742370605469 | [0.06881918 0.11343364 0.1486926 ] | [0.05705262 0.07379606 0.08611014] | [0.03126184 0.02591417 0.02277273] | [0.41189845 0.56239737 0.64850954] |
+-------+--------------------+-------------------+-------------------+------------------------------------+------------------------------------+------------------------------------+------------------------------------+
epoch: 59 bpr_loss 0.1598495990037918
epoch: 59 bpr_loss 0.16091540455818176
epoch: 59 bpr_loss 0.16406527161598206
epoch: 59 bpr_loss 0.16669484972953796
epoch: 59 bpr_loss 0.16508245468139648
+-------+-------------------+--------------------+-------------------+------------------------------------+------------------------------------+------------------------------------+------------------------------------+
| Epoch |  training time(s) |   tesing time(s)   |        Loss       |               recall               |                ndcg                |             precision              |             hit_ratio              |
+-------+-------------------+--------------------+-------------------+------------------------------------+------------------------------------+------------------------------------+------------------------------------+
|   59  | 477.5270493030548 | 37.793304443359375 | 98.59944152832031 | [0.06884992 0.11332742 0.14866409] | [0.05704447 0.07373235 0.08606547] | [0.03125237 0.02587707 0.02275325] | [0.41129847 0.56227106 0.64847796] |
+-------+-------------------+--------------------+-------------------+------------------------------------+------------------------------------+------------------------------------+------------------------------------+
epoch: 60 bpr_loss 0.15906430780887604
epoch: 60 bpr_loss 0.16511039435863495
epoch: 60 bpr_loss 0.15796799957752228
epoch: 60 bpr_loss 0.1665520966053009
epoch: 60 bpr_loss 0.1611941009759903
+-------+------------------+-------------------+-------------------+------------------------------------+------------------------------------+------------------------------------+------------------------------------+
| Epoch | training time(s) |   tesing time(s)  |        Loss       |               recall               |                ndcg                |             precision              |             hit_ratio              |
+-------+------------------+-------------------+-------------------+------------------------------------+------------------------------------+------------------------------------+------------------------------------+
|   60  | 482.180766582489 | 35.66503310203552 | 97.70428466796875 | [0.06882445 0.1133463  0.14866231] | [0.05703261 0.07375008 0.08605926] | [0.03123184 0.02589365 0.02273694] | [0.41126689 0.56239737 0.6489832 ] |
+-------+------------------+-------------------+-------------------+------------------------------------+------------------------------------+------------------------------------+------------------------------------+
epoch: 61 bpr_loss 0.15793804824352264
epoch: 61 bpr_loss 0.1549268662929535
epoch: 61 bpr_loss 0.16055414080619812
epoch: 61 bpr_loss 0.16510137915611267
epoch: 61 bpr_loss 0.15678513050079346
+-------+--------------------+--------------------+-------------------+------------------------------------+------------------------------------+------------------------------------+------------------------------------+
| Epoch |  training time(s)  |   tesing time(s)   |        Loss       |               recall               |                ndcg                |             precision              |             hit_ratio              |
+-------+--------------------+--------------------+-------------------+------------------------------------+------------------------------------+------------------------------------+------------------------------------+
|   61  | 435.26107120513916 | 31.878974199295044 | 96.73863220214844 | [0.06885735 0.11324291 0.14866392] | [0.0570705  0.07373223 0.08607477] | [0.03125868 0.02587944 0.02273062] | [0.41221422 0.56160793 0.648699  ] |
+-------+--------------------+--------------------+-------------------+------------------------------------+------------------------------------+------------------------------------+------------------------------------+
epoch: 62 bpr_loss 0.15813881158828735
epoch: 62 bpr_loss 0.16238442063331604
epoch: 62 bpr_loss 0.16093483567237854
epoch: 62 bpr_loss 0.1570613831281662
epoch: 62 bpr_loss 0.16707736253738403
+-------+-------------------+--------------------+-------------------+------------------------------------+------------------------------------+------------------------------------+------------------------------------+
| Epoch |  training time(s) |   tesing time(s)   |        Loss       |               recall               |                ndcg                |             precision              |             hit_ratio              |
+-------+-------------------+--------------------+-------------------+------------------------------------+------------------------------------+------------------------------------+------------------------------------+
|   62  | 415.4393746852875 | 32.364357233047485 | 95.97775268554688 | [0.06892432 0.1131322  0.1486232 ] | [0.0570612  0.07364673 0.08600558] | [0.03126184 0.02583839 0.02270325] | [0.41300366 0.56157635 0.64904636] |
+-------+-------------------+--------------------+-------------------+------------------------------------+------------------------------------+------------------------------------+------------------------------------+
epoch: 63 bpr_loss 0.16292093694210052
epoch: 63 bpr_loss 0.15650500357151031
epoch: 63 bpr_loss 0.15432558953762054
epoch: 63 bpr_loss 0.16010579466819763
epoch: 63 bpr_loss 0.15488575398921967
+-------+--------------------+-------------------+-------------------+------------------------------------+------------------------------------+------------------------------------+------------------------------------+
| Epoch |  training time(s)  |   tesing time(s)  |        Loss       |               recall               |                ndcg                |             precision              |             hit_ratio              |
+-------+--------------------+-------------------+-------------------+------------------------------------+------------------------------------+------------------------------------+------------------------------------+
|   63  | 443.99356174468994 | 36.58618903160095 | 95.07596588134766 | [0.06891318 0.1131008  0.14856706] | [0.05707093 0.07365664 0.08601706] | [0.03122237 0.02581076 0.02269694] | [0.41268789 0.56163951 0.648699  ] |
+-------+--------------------+-------------------+-------------------+------------------------------------+------------------------------------+------------------------------------+------------------------------------+
Early stopping is trigger at step: 10 log:0.0689131815006017
early stopping at 63, recall@20:0.0690
