Namespace(K=1, Ks='[20, 40, 60]', batch_size=2048, batch_test_flag=True, context_hops=3, cuda=True, data_path='data/', dataset='yelp2018', dim=64, edge_dropout=False, edge_dropout_rate=0.1, epoch=1000, gnn='lightgcn', gpu_id=0, l2=0.1, lr=0.001, mess_dropout=False, mess_dropout_rate=0.1, n_negs=64, ns='mixgcf', out_dir='./weights/yelp2018/', pool='mean', save=False, test_batch_size=2048, test_flag='part')
reading train and test user-item set ...
building the adj mat ...
loading over ...
start training ...
epoch: 0 bpr_loss 0.6931566596031189
epoch: 0 bpr_loss 0.5582442879676819
epoch: 0 bpr_loss 0.5356112718582153
epoch: 0 bpr_loss 0.5288130640983582
epoch: 0 bpr_loss 0.5176664590835571
+-------+--------------------+-------------------+-------------------+------------------------------------+------------------------------------+------------------------------------+------------------------------------+
| Epoch |  training time(s)  |   tesing time(s)  |        Loss       |               recall               |                ndcg                |             precision              |             hit_ratio              |
+-------+--------------------+-------------------+-------------------+------------------------------------+------------------------------------+------------------------------------+------------------------------------+
|   0   | 248.35916948318481 | 42.31398367881775 | 331.2758483886719 | [0.03343134 0.05665013 0.07515224] | [0.02766473 0.03643178 0.04293323] | [0.01591038 0.01359338 0.01210107] | [0.23414804 0.34855375 0.41982443] |
+-------+--------------------+-------------------+-------------------+------------------------------------+------------------------------------+------------------------------------+------------------------------------+
epoch: 1 bpr_loss 0.5135678648948669
epoch: 1 bpr_loss 0.5116754770278931
epoch: 1 bpr_loss 0.5070138573646545
epoch: 1 bpr_loss 0.5004715323448181
epoch: 1 bpr_loss 0.5028864741325378
+-------+--------------------+-------------------+--------------------+------------------------------------+------------------------------------+------------------------------------+------------------------------------+
| Epoch |  training time(s)  |   tesing time(s)  |        Loss        |               recall               |                ndcg                |             precision              |             hit_ratio              |
+-------+--------------------+-------------------+--------------------+------------------------------------+------------------------------------+------------------------------------+------------------------------------+
|   1   | 252.24073958396912 | 36.28835463523865 | 307.03619384765625 | [0.03568407 0.06044636 0.08048905] | [0.02945215 0.03880616 0.045833  ] | [0.01682455 0.01439545 0.01283735] | [0.24646331 0.36169003 0.4379184 ] |
+-------+--------------------+-------------------+--------------------+------------------------------------+------------------------------------+------------------------------------+------------------------------------+
epoch: 2 bpr_loss 0.5009917616844177
epoch: 2 bpr_loss 0.5036588311195374
epoch: 2 bpr_loss 0.5033367872238159
epoch: 2 bpr_loss 0.4972367286682129
epoch: 2 bpr_loss 0.4964865446090698
+-------+--------------------+--------------------+------------------+------------------------------------+------------------------------------+------------------------------------+------------------------------------+
| Epoch |  training time(s)  |   tesing time(s)   |       Loss       |               recall               |                ndcg                |             precision              |             hit_ratio              |
+-------+--------------------+--------------------+------------------+------------------------------------+------------------------------------+------------------------------------+------------------------------------+
|   2   | 253.76281547546387 | 50.532033920288086 | 302.318603515625 | [0.03762508 0.06329426 0.08465187] | [0.03087998 0.04057705 0.04805334] | [0.01766136 0.01506016 0.01346206] | [0.25650499 0.37488948 0.45310724] |
+-------+--------------------+--------------------+------------------+------------------------------------+------------------------------------+------------------------------------+------------------------------------+
epoch: 3 bpr_loss 0.49575453996658325
epoch: 3 bpr_loss 0.5009456872940063
epoch: 3 bpr_loss 0.5008045434951782
epoch: 3 bpr_loss 0.4961329996585846
epoch: 3 bpr_loss 0.503444492816925
+-------+-------------------+--------------------+-------------------+------------------------------------+------------------------------------+------------------------------------+------------------------------------+
| Epoch |  training time(s) |   tesing time(s)   |        Loss       |               recall               |                ndcg                |             precision              |             hit_ratio              |
+-------+-------------------+--------------------+-------------------+------------------------------------+------------------------------------+------------------------------------+------------------------------------+
|   3   | 260.3366594314575 | 41.975682973861694 | 299.9156494140625 | [0.03856239 0.0646152  0.08601241] | [0.03152373 0.04135267 0.04884775] | [0.01810818 0.01536883 0.01368784] | [0.26158899 0.38152078 0.45800177] |
+-------+-------------------+--------------------+-------------------+------------------------------------+------------------------------------+------------------------------------+------------------------------------+
epoch: 4 bpr_loss 0.4936101734638214
epoch: 4 bpr_loss 0.49086883664131165
epoch: 4 bpr_loss 0.4985426664352417
epoch: 4 bpr_loss 0.49057498574256897
epoch: 4 bpr_loss 0.49621468782424927
+-------+--------------------+--------------------+-------------------+------------------------------------+------------------------------------+------------------------------------+------------------------------------+
| Epoch |  training time(s)  |   tesing time(s)   |        Loss       |               recall               |                ndcg                |             precision              |             hit_ratio              |
+-------+--------------------+--------------------+-------------------+------------------------------------+------------------------------------+------------------------------------+------------------------------------+
|   4   | 227.77421617507935 | 33.157410860061646 | 298.4084167480469 | [0.03906996 0.06526393 0.08683422] | [0.03186521 0.04172211 0.04927826] | [0.01837186 0.0155054  0.0138031 ] | [0.26484148 0.38407857 0.46125426] |
+-------+--------------------+--------------------+-------------------+------------------------------------+------------------------------------+------------------------------------+------------------------------------+
epoch: 5 bpr_loss 0.496626079082489
epoch: 5 bpr_loss 0.48987245559692383
epoch: 5 bpr_loss 0.4934459924697876
epoch: 5 bpr_loss 0.49162477254867554
epoch: 5 bpr_loss 0.49214696884155273
+-------+--------------------+--------------------+--------------------+------------------------------------+------------------------------------+------------------------------------+------------------------------------+
| Epoch |  training time(s)  |   tesing time(s)   |        Loss        |               recall               |                ndcg                |             precision              |             hit_ratio              |
+-------+--------------------+--------------------+--------------------+------------------------------------+------------------------------------+------------------------------------+------------------------------------+
|   5   | 195.56785202026367 | 31.335020542144775 | 297.38446044921875 | [0.03951536 0.06588145 0.08741942] | [0.03220429 0.04210814 0.04965075] | [0.01858659 0.01565066 0.01390047] | [0.26774662 0.3875521  0.46333839] |
+-------+--------------------+--------------------+--------------------+------------------------------------+------------------------------------+------------------------------------+------------------------------------+
epoch: 6 bpr_loss 0.49125179648399353
epoch: 6 bpr_loss 0.4956563711166382
epoch: 6 bpr_loss 0.48725831508636475
epoch: 6 bpr_loss 0.49410688877105713
epoch: 6 bpr_loss 0.49548202753067017
+-------+-------------------+--------------------+--------------------+------------------------------------+------------------------------------+------------------------------------+------------------------------------+
| Epoch |  training time(s) |   tesing time(s)   |        Loss        |               recall               |                ndcg                |             precision              |             hit_ratio              |
+-------+-------------------+--------------------+--------------------+------------------------------------+------------------------------------+------------------------------------+------------------------------------+
|   6   | 215.7694535255432 | 40.509931325912476 | 296.67706298828125 | [0.03962673 0.06595171 0.08760594] | [0.03221394 0.04211491 0.0497036 ] | [0.01858974 0.01565303 0.01392783] | [0.26790451 0.38748895 0.46441202] |
+-------+-------------------+--------------------+--------------------+------------------------------------+------------------------------------+------------------------------------+------------------------------------+
epoch: 7 bpr_loss 0.48486924171447754
epoch: 7 bpr_loss 0.4850640594959259
epoch: 7 bpr_loss 0.4817824959754944
epoch: 7 bpr_loss 0.49221935868263245
epoch: 7 bpr_loss 0.4940357804298401
+-------+-------------------+--------------------+-------------------+------------------------------------+------------------------------------+------------------------------------+------------------------------------+
| Epoch |  training time(s) |   tesing time(s)   |        Loss       |               recall               |                ndcg                |             precision              |             hit_ratio              |
+-------+-------------------+--------------------+-------------------+------------------------------------+------------------------------------+------------------------------------+------------------------------------+
|   7   | 239.5664701461792 | 37.971537351608276 | 296.1524353027344 | [0.03973671 0.06607155 0.08782038] | [0.03233307 0.04224426 0.0498657 ] | [0.01865764 0.01570355 0.01396889] | [0.26866237 0.38796261 0.46583302] |
+-------+-------------------+--------------------+-------------------+------------------------------------+------------------------------------+------------------------------------+------------------------------------+
epoch: 8 bpr_loss 0.4884313941001892
epoch: 8 bpr_loss 0.48857587575912476
epoch: 8 bpr_loss 0.4849553108215332
epoch: 8 bpr_loss 0.4813203513622284
epoch: 8 bpr_loss 0.4886719584465027
+-------+-------------------+-------------------+-------------------+------------------------------------+------------------------------------+------------------------------------+------------------------------------+
| Epoch |  training time(s) |   tesing time(s)  |        Loss       |               recall               |                ndcg                |             precision              |             hit_ratio              |
+-------+-------------------+-------------------+-------------------+------------------------------------+------------------------------------+------------------------------------+------------------------------------+
|   8   | 240.0030117034912 | 41.04780912399292 | 295.7366027832031 | [0.03991067 0.06632057 0.0880677 ] | [0.03247456 0.04240548 0.05001589] | [0.01876816 0.01576907 0.01400415] | [0.26979917 0.38935203 0.46633826] |
+-------+-------------------+-------------------+-------------------+------------------------------------+------------------------------------+------------------------------------+------------------------------------+
epoch: 9 bpr_loss 0.4859980344772339
epoch: 9 bpr_loss 0.48919111490249634
epoch: 9 bpr_loss 0.4875924587249756
epoch: 9 bpr_loss 0.48103252053260803
epoch: 9 bpr_loss 0.48437219858169556
+-------+-------------------+--------------------+--------------------+------------------------------------+------------------------------------+------------------------------------+------------------------------------+
| Epoch |  training time(s) |   tesing time(s)   |        Loss        |               recall               |                ndcg                |             precision              |             hit_ratio              |
+-------+-------------------+--------------------+--------------------+------------------------------------+------------------------------------+------------------------------------+------------------------------------+
|   9   | 235.1742308139801 | 41.956188678741455 | 295.46832275390625 | [0.03995708 0.06644449 0.08817463] | [0.03245927 0.04242842 0.05003396] | [0.01873974 0.01578328 0.01401573] | [0.26973601 0.38941518 0.46722243] |
+-------+-------------------+--------------------+--------------------+------------------------------------+------------------------------------+------------------------------------+------------------------------------+
epoch: 10 bpr_loss 0.48508837819099426
epoch: 10 bpr_loss 0.490454763174057
epoch: 10 bpr_loss 0.49146488308906555
epoch: 10 bpr_loss 0.4907132387161255
epoch: 10 bpr_loss 0.4882352650165558
+-------+--------------------+-------------------+--------------------+------------------------------------+------------------------------------+------------------------------------+------------------------------------+
| Epoch |  training time(s)  |   tesing time(s)  |        Loss        |               recall               |                ndcg                |             precision              |             hit_ratio              |
+-------+--------------------+-------------------+--------------------+------------------------------------+------------------------------------+------------------------------------+------------------------------------+
|   10  | 238.42358541488647 | 40.81321692466736 | 295.15667724609375 | [0.04003275 0.06637173 0.08828991] | [0.03258031 0.04246897 0.05015769] | [0.01880921 0.01576118 0.01404204] | [0.27043072 0.38957307 0.46700139] |
+-------+--------------------+-------------------+--------------------+------------------------------------+------------------------------------+------------------------------------+------------------------------------+
epoch: 11 bpr_loss 0.4896821677684784
epoch: 11 bpr_loss 0.4908381998538971
epoch: 11 bpr_loss 0.48521745204925537
epoch: 11 bpr_loss 0.49055835604667664
epoch: 11 bpr_loss 0.4886268079280853
+-------+--------------------+-------------------+--------------------+------------------------------------+------------------------------------+------------------------------------+------------------------------------+
| Epoch |  training time(s)  |   tesing time(s)  |        Loss        |               recall               |                ndcg                |             precision              |             hit_ratio              |
+-------+--------------------+-------------------+--------------------+------------------------------------+------------------------------------+------------------------------------+------------------------------------+
|   11  | 243.13395428657532 | 40.06071066856384 | 294.89227294921875 | [0.04007239 0.0664072  0.0883929 ] | [0.03259095 0.04249706 0.05021157] | [0.01876974 0.01576592 0.01405836] | [0.27084123 0.38963623 0.46785399] |
+-------+--------------------+-------------------+--------------------+------------------------------------+------------------------------------+------------------------------------+------------------------------------+
epoch: 12 bpr_loss 0.49299556016921997
epoch: 12 bpr_loss 0.48826637864112854
epoch: 12 bpr_loss 0.49084046483039856
epoch: 12 bpr_loss 0.4962763488292694
epoch: 12 bpr_loss 0.47990942001342773
+-------+------------------+-------------------+-------------------+------------------------------------+------------------------------------+------------------------------------+------------------------------------+
| Epoch | training time(s) |   tesing time(s)  |        Loss       |               recall               |                ndcg                |             precision              |             hit_ratio              |
+-------+------------------+-------------------+-------------------+------------------------------------+------------------------------------+------------------------------------+------------------------------------+
|   12  | 238.112487077713 | 40.37974262237549 | 294.7342529296875 | [0.04029474 0.06668906 0.08857529] | [0.03269585 0.04261004 0.05028581] | [0.01890552 0.01583775 0.01409046] | [0.2720096  0.39014147 0.46858027] |
+-------+------------------+-------------------+-------------------+------------------------------------+------------------------------------+------------------------------------+------------------------------------+
epoch: 13 bpr_loss 0.48827075958251953
epoch: 13 bpr_loss 0.48741215467453003
epoch: 13 bpr_loss 0.48959678411483765
epoch: 13 bpr_loss 0.4858153164386749
epoch: 13 bpr_loss 0.48976075649261475
+-------+--------------------+-------------------+--------------------+------------------------------------+------------------------------------+------------------------------------+------------------------------------+
| Epoch |  training time(s)  |   tesing time(s)  |        Loss        |               recall               |                ndcg                |             precision              |             hit_ratio              |
+-------+--------------------+-------------------+--------------------+------------------------------------+------------------------------------+------------------------------------+------------------------------------+
|   13  | 240.79240679740906 | 38.12515687942505 | 294.52032470703125 | [0.04027835 0.06663567 0.0886348 ] | [0.0326663  0.04258077 0.05028515] | [0.01888499 0.01582907 0.01408467] | [0.27185171 0.39045724 0.46892762] |
+-------+--------------------+-------------------+--------------------+------------------------------------+------------------------------------+------------------------------------+------------------------------------+
epoch: 14 bpr_loss 0.481227308511734
epoch: 14 bpr_loss 0.4806593358516693
epoch: 14 bpr_loss 0.4880196750164032
epoch: 14 bpr_loss 0.4865318834781647
epoch: 14 bpr_loss 0.486409068107605
+-------+--------------------+-------------------+-------------------+------------------------------------+------------------------------------+------------------------------------+------------------------------------+
| Epoch |  training time(s)  |   tesing time(s)  |        Loss       |               recall               |                ndcg                |             precision              |             hit_ratio              |
+-------+--------------------+-------------------+-------------------+------------------------------------+------------------------------------+------------------------------------+------------------------------------+
|   14  | 241.56834244728088 | 39.53461766242981 | 294.3078308105469 | [0.04042431 0.06681029 0.08858014] | [0.03279105 0.04269644 0.05032518] | [0.01894815 0.01584802 0.01407362] | [0.27264115 0.39086775 0.46889605] |
+-------+--------------------+-------------------+-------------------+------------------------------------+------------------------------------+------------------------------------+------------------------------------+
epoch: 15 bpr_loss 0.48913052678108215
epoch: 15 bpr_loss 0.4889901876449585
epoch: 15 bpr_loss 0.48837214708328247
epoch: 15 bpr_loss 0.4889509379863739
epoch: 15 bpr_loss 0.49467241764068604
+-------+-------------------+-------------------+-------------------+------------------------------------+------------------------------------+------------------------------------+------------------------------------+
| Epoch |  training time(s) |   tesing time(s)  |        Loss       |               recall               |                ndcg                |             precision              |             hit_ratio              |
+-------+-------------------+-------------------+-------------------+------------------------------------+------------------------------------+------------------------------------+------------------------------------+
|   15  | 243.8272852897644 | 38.51714539527893 | 294.1985778808594 | [0.04028111 0.06684685 0.08872056] | [0.03279932 0.04278168 0.05043872] | [0.01891973 0.01587407 0.01409256] | [0.27226222 0.39070986 0.46933813] |
+-------+-------------------+-------------------+-------------------+------------------------------------+------------------------------------+------------------------------------+------------------------------------+
epoch: 16 bpr_loss 0.4886593520641327
epoch: 16 bpr_loss 0.4806806147098541
epoch: 16 bpr_loss 0.48629480600357056
epoch: 16 bpr_loss 0.4829024374485016
epoch: 16 bpr_loss 0.48296844959259033
+-------+--------------------+-------------------+--------------------+------------------------------------+------------------------------------+------------------------------------+------------------------------------+
| Epoch |  training time(s)  |   tesing time(s)  |        Loss        |               recall               |                ndcg                |             precision              |             hit_ratio              |
+-------+--------------------+-------------------+--------------------+------------------------------------+------------------------------------+------------------------------------+------------------------------------+
|   16  | 239.79211735725403 | 38.42437243461609 | 294.05377197265625 | [0.04034634 0.06674967 0.08870263] | [0.03270939 0.04263583 0.05033421] | [0.01893078 0.01584407 0.01409783] | [0.272578   0.39143615 0.46962233] |
+-------+--------------------+-------------------+--------------------+------------------------------------+------------------------------------+------------------------------------+------------------------------------+
epoch: 17 bpr_loss 0.48512113094329834
epoch: 17 bpr_loss 0.48975133895874023
epoch: 17 bpr_loss 0.48962152004241943
epoch: 17 bpr_loss 0.48665767908096313
epoch: 17 bpr_loss 0.48447731137275696
+-------+-------------------+--------------------+-------------------+------------------------------------+------------------------------------+------------------------------------+------------------------------------+
| Epoch |  training time(s) |   tesing time(s)   |        Loss       |               recall               |                ndcg                |             precision              |             hit_ratio              |
+-------+-------------------+--------------------+-------------------+------------------------------------+------------------------------------+------------------------------------+------------------------------------+
|   17  | 243.7810435295105 | 36.742756605148315 | 293.9497375488281 | [0.04028913 0.06677387 0.08877516] | [0.03272335 0.04268404 0.05038299] | [0.01891657 0.01585907 0.01409414] | [0.27182013 0.39083618 0.46978022] |
+-------+-------------------+--------------------+-------------------+------------------------------------+------------------------------------+------------------------------------+------------------------------------+
epoch: 18 bpr_loss 0.48297756910324097
epoch: 18 bpr_loss 0.480133593082428
epoch: 18 bpr_loss 0.49069398641586304
epoch: 18 bpr_loss 0.49155354499816895
epoch: 18 bpr_loss 0.4897409975528717
+-------+-------------------+-------------------+-------------------+------------------------------------+------------------------------------+------------------------------------+------------------------------------+
| Epoch |  training time(s) |   tesing time(s)  |        Loss       |               recall               |                ndcg                |             precision              |             hit_ratio              |
+-------+-------------------+-------------------+-------------------+------------------------------------+------------------------------------+------------------------------------+------------------------------------+
|   18  | 240.0237636566162 | 36.79555606842041 | 293.8761291503906 | [0.0404353  0.06696687 0.08890021] | [0.03278818 0.04276025 0.05044649] | [0.01896394 0.0158867  0.01411783] | [0.27305166 0.39203612 0.47012757] |
+-------+-------------------+-------------------+-------------------+------------------------------------+------------------------------------+------------------------------------+------------------------------------+
epoch: 19 bpr_loss 0.4869602620601654
epoch: 19 bpr_loss 0.4879777431488037
epoch: 19 bpr_loss 0.48926669359207153
epoch: 19 bpr_loss 0.48971793055534363
epoch: 19 bpr_loss 0.4849128723144531
+-------+--------------------+------------------+-------------------+------------------------------------+------------------------------------+------------------------------------+------------------------------------+
| Epoch |  training time(s)  |  tesing time(s)  |        Loss       |               recall               |                ndcg                |             precision              |             hit_ratio              |
+-------+--------------------+------------------+-------------------+------------------------------------+------------------------------------+------------------------------------+------------------------------------+
|   19  | 241.48802852630615 | 36.6461706161499 | 293.7779235839844 | [0.04031996 0.06710089 0.0889643 ] | [0.03270968 0.04279424 0.0504403 ] | [0.01891499 0.01592617 0.01411941] | [0.27251484 0.39241506 0.47056966] |
+-------+--------------------+------------------+-------------------+------------------------------------+------------------------------------+------------------------------------+------------------------------------+
epoch: 20 bpr_loss 0.48771414160728455
epoch: 20 bpr_loss 0.48733747005462646
epoch: 20 bpr_loss 0.48912858963012695
epoch: 20 bpr_loss 0.48392874002456665
epoch: 20 bpr_loss 0.4893025755882263
+-------+--------------------+-------------------+-------------------+------------------------------------+------------------------------------+------------------------------------+------------------------------------+
| Epoch |  training time(s)  |   tesing time(s)  |        Loss       |               recall               |                ndcg                |             precision              |             hit_ratio              |
+-------+--------------------+-------------------+-------------------+------------------------------------+------------------------------------+------------------------------------+------------------------------------+
|   20  | 241.00302600860596 | 34.38582491874695 | 293.7195129394531 | [0.04038981 0.06705423 0.08905002] | [0.03280039 0.04284228 0.05054309] | [0.01894657 0.01592222 0.01414519] | [0.27248326 0.39238348 0.47047493] |
+-------+--------------------+-------------------+-------------------+------------------------------------+------------------------------------+------------------------------------+------------------------------------+
epoch: 21 bpr_loss 0.4915664494037628
epoch: 21 bpr_loss 0.4844239354133606
epoch: 21 bpr_loss 0.48955410718917847
epoch: 21 bpr_loss 0.4837321937084198
epoch: 21 bpr_loss 0.48774945735931396
+-------+--------------------+-------------------+-------------------+------------------------------------+------------------------------------+------------------------------------+------------------------------------+
| Epoch |  training time(s)  |   tesing time(s)  |        Loss       |               recall               |                ndcg                |             precision              |             hit_ratio              |
+-------+--------------------+-------------------+-------------------+------------------------------------+------------------------------------+------------------------------------+------------------------------------+
|   21  | 240.97562408447266 | 33.84547257423401 | 293.6136779785156 | [0.04039317 0.06717369 0.08905754] | [0.03277372 0.04286177 0.05051537] | [0.01891184 0.0159388  0.01413204] | [0.27251484 0.39298345 0.47069597] |
+-------+--------------------+-------------------+-------------------+------------------------------------+------------------------------------+------------------------------------+------------------------------------+
epoch: 22 bpr_loss 0.48507896065711975
epoch: 22 bpr_loss 0.4855037331581116
epoch: 22 bpr_loss 0.4843675196170807
epoch: 22 bpr_loss 0.49019819498062134
epoch: 22 bpr_loss 0.4941614866256714
+-------+--------------------+--------------------+--------------------+------------------------------------+------------------------------------+------------------------------------+------------------------------------+
| Epoch |  training time(s)  |   tesing time(s)   |        Loss        |               recall               |                ndcg                |             precision              |             hit_ratio              |
+-------+--------------------+--------------------+--------------------+------------------------------------+------------------------------------+------------------------------------+------------------------------------+
|   22  | 244.28230237960815 | 34.196197748184204 | 293.53594970703125 | [0.04052186 0.06721306 0.08927939] | [0.03290754 0.04295321 0.05067799] | [0.01900341 0.01595301 0.01417256] | [0.27308324 0.39383605 0.47186434] |
+-------+--------------------+--------------------+--------------------+------------------------------------+------------------------------------+------------------------------------+------------------------------------+
epoch: 23 bpr_loss 0.4789773225784302
epoch: 23 bpr_loss 0.490396648645401
epoch: 23 bpr_loss 0.48728203773498535
epoch: 23 bpr_loss 0.4906492829322815
epoch: 23 bpr_loss 0.4803585410118103
+-------+-------------------+--------------------+-------------------+------------------------------------+------------------------------------+------------------------------------+------------------------------------+
| Epoch |  training time(s) |   tesing time(s)   |        Loss       |               recall               |                ndcg                |             precision              |             hit_ratio              |
+-------+-------------------+--------------------+-------------------+------------------------------------+------------------------------------+------------------------------------+------------------------------------+
|   23  | 243.6735761165619 | 34.173585653305054 | 293.4952392578125 | [0.040523   0.06724357 0.08916807] | [0.03287756 0.04293714 0.05061799] | [0.01900499 0.01596485 0.01416677] | [0.27349375 0.39386763 0.47104332] |
+-------+-------------------+--------------------+-------------------+------------------------------------+------------------------------------+------------------------------------+------------------------------------+
epoch: 24 bpr_loss 0.4860777258872986
epoch: 24 bpr_loss 0.4866088628768921
epoch: 24 bpr_loss 0.4841420650482178
epoch: 24 bpr_loss 0.4854753911495209
epoch: 24 bpr_loss 0.4865732789039612
+-------+-------------------+-------------------+-------------------+------------------------------------+------------------------------------+------------------------------------+------------------------------------+
| Epoch |  training time(s) |   tesing time(s)  |        Loss       |               recall               |                ndcg                |             precision              |             hit_ratio              |
+-------+-------------------+-------------------+-------------------+------------------------------------+------------------------------------+------------------------------------+------------------------------------+
|   24  | 244.4226541519165 | 34.58233952522278 | 293.4247131347656 | [0.04053425 0.06718289 0.08915124] | [0.03291047 0.04293466 0.050631  ] | [0.01902236 0.01594275 0.01415782] | [0.27358848 0.39329923 0.47123279] |
+-------+-------------------+-------------------+-------------------+------------------------------------+------------------------------------+------------------------------------+------------------------------------+
epoch: 25 bpr_loss 0.4807514250278473
epoch: 25 bpr_loss 0.49018922448158264
epoch: 25 bpr_loss 0.48189204931259155
epoch: 25 bpr_loss 0.48020854592323303
epoch: 25 bpr_loss 0.48956120014190674
+-------+------------------+-------------------+--------------------+------------------------------------+------------------------------------+------------------------------------+------------------------------------+
| Epoch | training time(s) |   tesing time(s)  |        Loss        |               recall               |                ndcg                |             precision              |             hit_ratio              |
+-------+------------------+-------------------+--------------------+------------------------------------+------------------------------------+------------------------------------+------------------------------------+
|   25  | 243.927836894989 | 33.44089651107788 | 293.29644775390625 | [0.04055298 0.06722421 0.08912981] | [0.0328691  0.04292081 0.0505943 ] | [0.01898762 0.0159538  0.01415204] | [0.27333586 0.39314134 0.47142226] |
+-------+------------------+-------------------+--------------------+------------------------------------+------------------------------------+------------------------------------+------------------------------------+
epoch: 26 bpr_loss 0.48806849122047424
epoch: 26 bpr_loss 0.48380500078201294
epoch: 26 bpr_loss 0.48350098729133606
epoch: 26 bpr_loss 0.4886176884174347
epoch: 26 bpr_loss 0.4844641387462616
+-------+--------------------+------------------+--------------------+------------------------------------+------------------------------------+------------------------------------+------------------------------------+
| Epoch |  training time(s)  |  tesing time(s)  |        Loss        |               recall               |                ndcg                |             precision              |             hit_ratio              |
+-------+--------------------+------------------+--------------------+------------------------------------+------------------------------------+------------------------------------+------------------------------------+
|   26  | 240.98064470291138 | 34.3479278087616 | 293.25811767578125 | [0.04062246 0.06738303 0.08915905] | [0.03296743 0.04301887 0.05064976] | [0.01907604 0.01598933 0.01415782] | [0.27409372 0.39415183 0.47139068] |
+-------+--------------------+------------------+--------------------+------------------------------------+------------------------------------+------------------------------------+------------------------------------+
epoch: 27 bpr_loss 0.4793117046356201
epoch: 27 bpr_loss 0.48798495531082153
epoch: 27 bpr_loss 0.4893261790275574
epoch: 27 bpr_loss 0.4882982075214386
epoch: 27 bpr_loss 0.48561176657676697
+-------+--------------------+-------------------+-------------------+------------------------------------+------------------------------------+------------------------------------+------------------------------------+
| Epoch |  training time(s)  |   tesing time(s)  |        Loss       |               recall               |                ndcg                |             precision              |             hit_ratio              |
+-------+--------------------+-------------------+-------------------+------------------------------------+------------------------------------+------------------------------------+------------------------------------+
|   27  | 238.48623061180115 | 34.78253507614136 | 293.1711730957031 | [0.04060676 0.06729999 0.08934938] | [0.03293908 0.04299264 0.05071039] | [0.01901288 0.01596249 0.01417151] | [0.27415688 0.39380447 0.47183276] |
+-------+--------------------+-------------------+-------------------+------------------------------------+------------------------------------+------------------------------------+------------------------------------+
epoch: 28 bpr_loss 0.48279014229774475
epoch: 28 bpr_loss 0.4896608293056488
epoch: 28 bpr_loss 0.48026761412620544
epoch: 28 bpr_loss 0.4888457655906677
epoch: 28 bpr_loss 0.48127979040145874
+-------+-------------------+--------------------+-------------------+------------------------------------+------------------------------------+------------------------------------+------------------------------------+
| Epoch |  training time(s) |   tesing time(s)   |        Loss       |               recall               |                ndcg                |             precision              |             hit_ratio              |
+-------+-------------------+--------------------+-------------------+------------------------------------+------------------------------------+------------------------------------+------------------------------------+
|   28  | 239.9775071144104 | 34.136064291000366 | 293.1786193847656 | [0.0406725  0.06743977 0.0894462 ] | [0.03300201 0.04308032 0.05078284] | [0.01906972 0.01600354 0.01419046] | [0.27431477 0.39421498 0.47236958] |
+-------+-------------------+--------------------+-------------------+------------------------------------+------------------------------------+------------------------------------+------------------------------------+
epoch: 29 bpr_loss 0.48725295066833496
epoch: 29 bpr_loss 0.4842098653316498
epoch: 29 bpr_loss 0.4895501732826233
epoch: 29 bpr_loss 0.48301786184310913
epoch: 29 bpr_loss 0.4875885844230652
+-------+-------------------+-------------------+-------------------+------------------------------------+------------------------------------+------------------------------------+------------------------------------+
| Epoch |  training time(s) |   tesing time(s)  |        Loss       |               recall               |                ndcg                |             precision              |             hit_ratio              |
+-------+-------------------+-------------------+-------------------+------------------------------------+------------------------------------+------------------------------------+------------------------------------+
|   29  | 239.7861442565918 | 33.21457290649414 | 293.1446838378906 | [0.04067835 0.06740251 0.0894347 ] | [0.0330226  0.04307759 0.05079077] | [0.01906814 0.01599248 0.01419467] | [0.27456739 0.39402551 0.47265378] |
+-------+-------------------+-------------------+-------------------+------------------------------------+------------------------------------+------------------------------------+------------------------------------+
epoch: 30 bpr_loss 0.4852733910083771
epoch: 30 bpr_loss 0.4847976863384247
epoch: 30 bpr_loss 0.4858626127243042
epoch: 30 bpr_loss 0.4869212508201599
epoch: 30 bpr_loss 0.48194849491119385
+-------+--------------------+--------------------+-------------------+------------------------------------+------------------------------------+------------------------------------+------------------------------------+
| Epoch |  training time(s)  |   tesing time(s)   |        Loss       |               recall               |                ndcg                |             precision              |             hit_ratio              |
+-------+--------------------+--------------------+-------------------+------------------------------------+------------------------------------+------------------------------------+------------------------------------+
|   30  | 242.82479882240295 | 33.926424980163574 | 293.0791931152344 | [0.04066362 0.06738598 0.0895679 ] | [0.03303088 0.04309304 0.05085096] | [0.01906814 0.01600117 0.01420835] | [0.27450423 0.39424656 0.47300114] |
+-------+--------------------+--------------------+-------------------+------------------------------------+------------------------------------+------------------------------------+------------------------------------+
epoch: 31 bpr_loss 0.48523950576782227
epoch: 31 bpr_loss 0.4878053665161133
epoch: 31 bpr_loss 0.4825112819671631
epoch: 31 bpr_loss 0.48575493693351746
epoch: 31 bpr_loss 0.4809245467185974
+-------+--------------------+-------------------+-------------------+------------------------------------+------------------------------------+------------------------------------+------------------------------------+
| Epoch |  training time(s)  |   tesing time(s)  |        Loss       |               recall               |                ndcg                |             precision              |             hit_ratio              |
+-------+--------------------+-------------------+-------------------+------------------------------------+------------------------------------+------------------------------------+------------------------------------+
|   31  | 244.41616868972778 | 34.60172128677368 | 293.0135192871094 | [0.04074841 0.06740671 0.08954922] | [0.03309044 0.04312202 0.05086791] | [0.01909341 0.01600512 0.01420677] | [0.27459896 0.39386763 0.47284325] |
+-------+--------------------+-------------------+-------------------+------------------------------------+------------------------------------+------------------------------------+------------------------------------+
epoch: 32 bpr_loss 0.48056113719940186
epoch: 32 bpr_loss 0.4856579005718231
epoch: 32 bpr_loss 0.4815497100353241
epoch: 32 bpr_loss 0.4886138141155243
epoch: 32 bpr_loss 0.48678144812583923
+-------+--------------------+-------------------+-------------------+------------------------------------+------------------------------------+------------------------------------+------------------------------------+
| Epoch |  training time(s)  |   tesing time(s)  |        Loss       |               recall               |                ndcg                |             precision              |             hit_ratio              |
+-------+--------------------+-------------------+-------------------+------------------------------------+------------------------------------+------------------------------------+------------------------------------+
|   32  | 244.10271525382996 | 33.82667374610901 | 292.9969787597656 | [0.04082981 0.06756524 0.08958493] | [0.03312271 0.04319914 0.05090589] | [0.01912498 0.01604301 0.01422045] | [0.27519894 0.39494127 0.47249589] |
+-------+--------------------+-------------------+-------------------+------------------------------------+------------------------------------+------------------------------------+------------------------------------+
epoch: 33 bpr_loss 0.4864942133426666
epoch: 33 bpr_loss 0.4850127696990967
epoch: 33 bpr_loss 0.4856169819831848
epoch: 33 bpr_loss 0.4824923872947693
epoch: 33 bpr_loss 0.49023139476776123
+-------+--------------------+-------------------+-------------------+------------------------------------+------------------------------------+------------------------------------+------------------------------------+
| Epoch |  training time(s)  |   tesing time(s)  |        Loss       |               recall               |                ndcg                |             precision              |             hit_ratio              |
+-------+--------------------+-------------------+-------------------+------------------------------------+------------------------------------+------------------------------------+------------------------------------+
|   33  | 247.59268856048584 | 33.28227639198303 | 292.9452819824219 | [0.04078056 0.0676168  0.08969817] | [0.03313496 0.04323733 0.0509682 ] | [0.01910446 0.01603985 0.01423256] | [0.27510421 0.39497284 0.47322218] |
+-------+--------------------+-------------------+-------------------+------------------------------------+------------------------------------+------------------------------------+------------------------------------+
epoch: 34 bpr_loss 0.4865136742591858
epoch: 34 bpr_loss 0.48053738474845886
epoch: 34 bpr_loss 0.48622316122055054
epoch: 34 bpr_loss 0.48394325375556946
epoch: 34 bpr_loss 0.4869728684425354
+-------+--------------------+-------------------+-------------------+------------------------------------+------------------------------------+------------------------------------+------------------------------------+
| Epoch |  training time(s)  |   tesing time(s)  |        Loss       |               recall               |                ndcg                |             precision              |             hit_ratio              |
+-------+--------------------+-------------------+-------------------+------------------------------------+------------------------------------+------------------------------------+------------------------------------+
|   34  | 241.11400699615479 | 34.91978311538696 | 292.8476867675781 | [0.04077772 0.06755773 0.08963431] | [0.03314575 0.0432269  0.05094969] | [0.01912183 0.01604143 0.01422151] | [0.27519894 0.3947518  0.47353796] |
+-------+--------------------+-------------------+-------------------+------------------------------------+------------------------------------+------------------------------------+------------------------------------+
epoch: 35 bpr_loss 0.48715391755104065
epoch: 35 bpr_loss 0.4868382215499878
epoch: 35 bpr_loss 0.48718297481536865
epoch: 35 bpr_loss 0.4930993616580963
epoch: 35 bpr_loss 0.4873899221420288
+-------+--------------------+-------------------+-------------------+------------------------------------+------------------------------------+------------------------------------+------------------------------------+
| Epoch |  training time(s)  |   tesing time(s)  |        Loss       |               recall               |                ndcg                |             precision              |             hit_ratio              |
+-------+--------------------+-------------------+-------------------+------------------------------------+------------------------------------+------------------------------------+------------------------------------+
|   35  | 252.04165959358215 | 34.80783009529114 | 292.8150329589844 | [0.04080167 0.06762127 0.08972787] | [0.03312224 0.04322379 0.05096147] | [0.01912025 0.01605722 0.01424572] | [0.27523052 0.3953202  0.47360111] |
+-------+--------------------+-------------------+-------------------+------------------------------------+------------------------------------+------------------------------------+------------------------------------+
epoch: 36 bpr_loss 0.4787217974662781
epoch: 36 bpr_loss 0.48326078057289124
epoch: 36 bpr_loss 0.482186883687973
epoch: 36 bpr_loss 0.48779433965682983
epoch: 36 bpr_loss 0.4926362633705139
+-------+--------------------+-------------------+--------------------+------------------------------------+------------------------------------+------------------------------------+------------------------------------+
| Epoch |  training time(s)  |   tesing time(s)  |        Loss        |               recall               |                ndcg                |             precision              |             hit_ratio              |
+-------+--------------------+-------------------+--------------------+------------------------------------+------------------------------------+------------------------------------+------------------------------------+
|   36  | 251.53320384025574 | 34.03043341636658 | 292.81829833984375 | [0.04083248 0.06771091 0.0896964 ] | [0.03317354 0.04329684 0.05099706] | [0.01912025 0.01605959 0.01423361] | [0.27535683 0.39538335 0.47363269] |
+-------+--------------------+-------------------+--------------------+------------------------------------+------------------------------------+------------------------------------+------------------------------------+
epoch: 37 bpr_loss 0.47910773754119873
epoch: 37 bpr_loss 0.48416081070899963
epoch: 37 bpr_loss 0.4833012819290161
epoch: 37 bpr_loss 0.4868791997432709
epoch: 37 bpr_loss 0.4882867932319641
+-------+--------------------+-------------------+-------------------+------------------------------------+------------------------------------+------------------------------------+------------------------------------+
| Epoch |  training time(s)  |   tesing time(s)  |        Loss       |               recall               |                ndcg                |             precision              |             hit_ratio              |
+-------+--------------------+-------------------+-------------------+------------------------------------+------------------------------------+------------------------------------+------------------------------------+
|   37  | 246.35488367080688 | 34.02126359939575 | 292.8024597167969 | [0.04077673 0.06761975 0.08974653] | [0.0331315  0.04323604 0.05097641] | [0.01912341 0.01604617 0.01423414] | [0.27491474 0.39516231 0.47410635] |
+-------+--------------------+-------------------+-------------------+------------------------------------+------------------------------------+------------------------------------+------------------------------------+
epoch: 38 bpr_loss 0.48606061935424805
epoch: 38 bpr_loss 0.4834739565849304
epoch: 38 bpr_loss 0.4811396896839142
epoch: 38 bpr_loss 0.48570430278778076
epoch: 38 bpr_loss 0.48412957787513733
+-------+--------------------+------------------+-------------------+------------------------------------+------------------------------------+------------------------------------+------------------------------------+
| Epoch |  training time(s)  |  tesing time(s)  |        Loss       |               recall               |                ndcg                |             precision              |             hit_ratio              |
+-------+--------------------+------------------+-------------------+------------------------------------+------------------------------------+------------------------------------+------------------------------------+
|   38  | 249.45903778076172 | 33.0229218006134 | 292.8434753417969 | [0.04087451 0.06775782 0.08982628] | [0.03317801 0.04330254 0.05100622] | [0.01915498 0.01609195 0.01423624] | [0.27573576 0.39566755 0.4740432 ] |
+-------+--------------------+------------------+-------------------+------------------------------------+------------------------------------+------------------------------------+------------------------------------+
epoch: 39 bpr_loss 0.48171016573905945
epoch: 39 bpr_loss 0.48271477222442627
epoch: 39 bpr_loss 0.4840528666973114
epoch: 39 bpr_loss 0.4786958694458008
epoch: 39 bpr_loss 0.4894025921821594
+-------+--------------------+--------------------+-------------------+------------------------------------+------------------------------------+------------------------------------+------------------------------------+
| Epoch |  training time(s)  |   tesing time(s)   |        Loss       |               recall               |                ndcg                |             precision              |             hit_ratio              |
+-------+--------------------+--------------------+-------------------+------------------------------------+------------------------------------+------------------------------------+------------------------------------+
|   39  | 245.51671290397644 | 34.184303283691406 | 292.7327575683594 | [0.04080439 0.067646   0.08983574] | [0.03313013 0.04323219 0.05099282] | [0.01913288 0.01605248 0.01424624] | [0.27510421 0.39585702 0.47429582] |
+-------+--------------------+--------------------+-------------------+------------------------------------+------------------------------------+------------------------------------+------------------------------------+
epoch: 40 bpr_loss 0.47965145111083984
epoch: 40 bpr_loss 0.4790211021900177
epoch: 40 bpr_loss 0.4843473434448242
epoch: 40 bpr_loss 0.48533499240875244
epoch: 40 bpr_loss 0.4823758900165558
+-------+-------------------+-------------------+-------------------+------------------------------------+------------------------------------+------------------------------------+------------------------------------+
| Epoch |  training time(s) |   tesing time(s)  |        Loss       |               recall               |                ndcg                |             precision              |             hit_ratio              |
+-------+-------------------+-------------------+-------------------+------------------------------------+------------------------------------+------------------------------------+------------------------------------+
|   40  | 246.7365527153015 | 33.91553831100464 | 292.7538146972656 | [0.04082881 0.06765866 0.08977201] | [0.03316705 0.04326887 0.05100764] | [0.01912814 0.01604696 0.01423677] | [0.27545156 0.3953202  0.47385373] |
+-------+-------------------+-------------------+-------------------+------------------------------------+------------------------------------+------------------------------------+------------------------------------+
epoch: 41 bpr_loss 0.4784225821495056
epoch: 41 bpr_loss 0.48706820607185364
epoch: 41 bpr_loss 0.4947856068611145
epoch: 41 bpr_loss 0.48625609278678894
epoch: 41 bpr_loss 0.4794982671737671
+-------+-------------------+-------------------+-------------------+------------------------------------+------------------------------------+------------------------------------+------------------------------------+
| Epoch |  training time(s) |   tesing time(s)  |        Loss       |               recall               |                ndcg                |             precision              |             hit_ratio              |
+-------+-------------------+-------------------+-------------------+------------------------------------+------------------------------------+------------------------------------+------------------------------------+
|   41  | 245.3741898536682 | 34.02536416053772 | 292.7152099609375 | [0.04094441 0.06769725 0.09005707] | [0.0332307  0.04330591 0.05112139] | [0.01917709 0.01607143 0.01427729] | [0.27564103 0.39573071 0.47505368] |
+-------+-------------------+-------------------+-------------------+------------------------------------+------------------------------------+------------------------------------+------------------------------------+
epoch: 42 bpr_loss 0.48994287848472595
epoch: 42 bpr_loss 0.4807598888874054
epoch: 42 bpr_loss 0.48484671115875244
epoch: 42 bpr_loss 0.4837969243526459
epoch: 42 bpr_loss 0.48454004526138306
+-------+--------------------+-------------------+-------------------+------------------------------------+------------------------------------+------------------------------------+------------------------------------+
| Epoch |  training time(s)  |   tesing time(s)  |        Loss       |               recall               |                ndcg                |             precision              |             hit_ratio              |
+-------+--------------------+-------------------+-------------------+------------------------------------+------------------------------------+------------------------------------+------------------------------------+
|   42  | 246.19620776176453 | 35.26255393028259 | 292.6292419433594 | [0.04104126 0.06784642 0.09005849] | [0.03332148 0.043423   0.05118728] | [0.0192134  0.01611485 0.01428782] | [0.27646204 0.39626753 0.47505368] |
+-------+--------------------+-------------------+-------------------+------------------------------------+------------------------------------+------------------------------------+------------------------------------+
epoch: 43 bpr_loss 0.48692381381988525
epoch: 43 bpr_loss 0.4849497079849243
epoch: 43 bpr_loss 0.4851799011230469
epoch: 43 bpr_loss 0.48562461137771606
epoch: 43 bpr_loss 0.4820547103881836
+-------+-------------------+-------------------+-------------------+------------------------------------+------------------------------------+------------------------------------+------------------------------------+
| Epoch |  training time(s) |   tesing time(s)  |        Loss       |               recall               |                ndcg                |             precision              |             hit_ratio              |
+-------+-------------------+-------------------+-------------------+------------------------------------+------------------------------------+------------------------------------+------------------------------------+
|   43  | 243.7552011013031 | 36.29240107536316 | 292.6785888671875 | [0.04102067 0.06778337 0.09005532] | [0.0332976  0.04337078 0.05116414] | [0.01922603 0.01608959 0.01428782] | [0.276241   0.39550966 0.47473791] |
+-------+-------------------+-------------------+-------------------+------------------------------------+------------------------------------+------------------------------------+------------------------------------+
epoch: 44 bpr_loss 0.4822084605693817
epoch: 44 bpr_loss 0.4824904799461365
epoch: 44 bpr_loss 0.4833294749259949
epoch: 44 bpr_loss 0.48639023303985596
epoch: 44 bpr_loss 0.48992908000946045
+-------+--------------------+-------------------+-------------------+------------------------------------+------------------------------------+------------------------------------+------------------------------------+
| Epoch |  training time(s)  |   tesing time(s)  |        Loss       |               recall               |                ndcg                |             precision              |             hit_ratio              |
+-------+--------------------+-------------------+-------------------+------------------------------------+------------------------------------+------------------------------------+------------------------------------+
|   44  | 244.61819505691528 | 35.47467756271362 | 292.6202697753906 | [0.04107197 0.06777861 0.08997891] | [0.03325919 0.04331936 0.0510813 ] | [0.01920866 0.01608564 0.01426519] | [0.27627258 0.39607806 0.47470633] |
+-------+--------------------+-------------------+-------------------+------------------------------------+------------------------------------+------------------------------------+------------------------------------+
epoch: 45 bpr_loss 0.4886712431907654
epoch: 45 bpr_loss 0.48577016592025757
epoch: 45 bpr_loss 0.4840201735496521
epoch: 45 bpr_loss 0.48360475897789
epoch: 45 bpr_loss 0.4854080080986023
+-------+--------------------+--------------------+------------------+------------------------------------+------------------------------------+------------------------------------+------------------------------------+
| Epoch |  training time(s)  |   tesing time(s)   |       Loss       |               recall               |                ndcg                |             precision              |             hit_ratio              |
+-------+--------------------+--------------------+------------------+------------------------------------+------------------------------------+------------------------------------+------------------------------------+
|   45  | 245.79667711257935 | 36.751832246780396 | 292.561279296875 | [0.04091216 0.06789295 0.08981923] | [0.03319767 0.04336484 0.05103341] | [0.01917077 0.01611011 0.01424782] | [0.27583049 0.39680435 0.47445371] |
+-------+--------------------+--------------------+------------------+------------------------------------+------------------------------------+------------------------------------+------------------------------------+
epoch: 46 bpr_loss 0.48278433084487915
epoch: 46 bpr_loss 0.4827677607536316
epoch: 46 bpr_loss 0.4834522306919098
epoch: 46 bpr_loss 0.47481769323349
epoch: 46 bpr_loss 0.4750128984451294
+-------+--------------------+--------------------+-------------------+------------------------------------+------------------------------------+------------------------------------+------------------------------------+
| Epoch |  training time(s)  |   tesing time(s)   |        Loss       |               recall               |                ndcg                |             precision              |             hit_ratio              |
+-------+--------------------+--------------------+-------------------+------------------------------------+------------------------------------+------------------------------------+------------------------------------+
|   46  | 247.97974252700806 | 35.939483642578125 | 292.5872497558594 | [0.04102268 0.06779053 0.09005198] | [0.03326165 0.04335098 0.05112456] | [0.01921024 0.01609985 0.01427203] | [0.276241   0.3965833  0.47540104] |
+-------+--------------------+--------------------+-------------------+------------------------------------+------------------------------------+------------------------------------+------------------------------------+
epoch: 47 bpr_loss 0.4836673140525818
epoch: 47 bpr_loss 0.4823932349681854
epoch: 47 bpr_loss 0.4852812588214874
epoch: 47 bpr_loss 0.47617456316947937
epoch: 47 bpr_loss 0.4885908365249634
+-------+--------------------+--------------------+-------------------+------------------------------------+------------------------------------+------------------------------------+------------------------------------+
| Epoch |  training time(s)  |   tesing time(s)   |        Loss       |               recall               |                ndcg                |             precision              |             hit_ratio              |
+-------+--------------------+--------------------+-------------------+------------------------------------+------------------------------------+------------------------------------+------------------------------------+
|   47  | 244.63376259803772 | 37.159303188323975 | 292.5553894042969 | [0.04101261 0.067756   0.08984466] | [0.03325299 0.04332738 0.05104601] | [0.01919761 0.01607538 0.01424203] | [0.27614627 0.3956044  0.47458002] |
+-------+--------------------+--------------------+-------------------+------------------------------------+------------------------------------+------------------------------------+------------------------------------+
epoch: 48 bpr_loss 0.4868007302284241
epoch: 48 bpr_loss 0.4852335453033447
epoch: 48 bpr_loss 0.4803508520126343
epoch: 48 bpr_loss 0.4850945770740509
epoch: 48 bpr_loss 0.4868735373020172
+-------+--------------------+--------------------+-------------------+------------------------------------+------------------------------------+------------------------------------+------------------------------------+
| Epoch |  training time(s)  |   tesing time(s)   |        Loss       |               recall               |                ndcg                |             precision              |             hit_ratio              |
+-------+--------------------+--------------------+-------------------+------------------------------------+------------------------------------+------------------------------------+------------------------------------+
|   48  | 244.64671540260315 | 39.112001180648804 | 292.5055847167969 | [0.04095632 0.06774004 0.08991984] | [0.03325941 0.043348   0.05109748] | [0.01918972 0.01608722 0.01425572] | [0.27592522 0.39582544 0.47514841] |
+-------+--------------------+--------------------+-------------------+------------------------------------+------------------------------------+------------------------------------+------------------------------------+
epoch: 49 bpr_loss 0.47926056385040283
epoch: 49 bpr_loss 0.4794577360153198
epoch: 49 bpr_loss 0.48497307300567627
epoch: 49 bpr_loss 0.4890061020851135
epoch: 49 bpr_loss 0.4875909388065338
+-------+--------------------+-------------------+------------------+------------------------------------+------------------------------------+------------------------------------+------------------------------------+
| Epoch |  training time(s)  |   tesing time(s)  |       Loss       |               recall               |                ndcg                |             precision              |             hit_ratio              |
+-------+--------------------+-------------------+------------------+------------------------------------+------------------------------------+------------------------------------+------------------------------------+
|   49  | 237.82311725616455 | 39.95176696777344 | 292.489501953125 | [0.04099744 0.06784799 0.09007047] | [0.03325661 0.04337635 0.05115046] | [0.01918025 0.01608801 0.01428414] | [0.27630416 0.3962991  0.47514841] |
+-------+--------------------+-------------------+------------------+------------------------------------+------------------------------------+------------------------------------+------------------------------------+
epoch: 50 bpr_loss 0.4895736277103424
epoch: 50 bpr_loss 0.47937899827957153
epoch: 50 bpr_loss 0.4862929582595825
epoch: 50 bpr_loss 0.4856659173965454
epoch: 50 bpr_loss 0.48307332396507263
+-------+--------------------+-------------------+----------------+------------------------------------+------------------------------------+------------------------------------+------------------------------------+
| Epoch |  training time(s)  |   tesing time(s)  |      Loss      |               recall               |                ndcg                |             precision              |             hit_ratio              |
+-------+--------------------+-------------------+----------------+------------------------------------+------------------------------------+------------------------------------+------------------------------------+
|   50  | 239.75205445289612 | 37.61979579925537 | 292.4736328125 | [0.04107087 0.06790756 0.09027297] | [0.03335161 0.04346145 0.05127673] | [0.01922287 0.01611248 0.01430834] | [0.27684098 0.39664646 0.47584312] |
+-------+--------------------+-------------------+----------------+------------------------------------+------------------------------------+------------------------------------+------------------------------------+
epoch: 51 bpr_loss 0.48406922817230225
epoch: 51 bpr_loss 0.47832679748535156
epoch: 51 bpr_loss 0.4852309226989746
epoch: 51 bpr_loss 0.49223101139068604
epoch: 51 bpr_loss 0.48059242963790894
+-------+--------------------+--------------------+-------------------+------------------------------------+------------------------------------+------------------------------------+------------------------------------+
| Epoch |  training time(s)  |   tesing time(s)   |        Loss       |               recall               |                ndcg                |             precision              |             hit_ratio              |
+-------+--------------------+--------------------+-------------------+------------------------------------+------------------------------------+------------------------------------+------------------------------------+
|   51  | 237.98250079154968 | 35.800450563430786 | 292.4301452636719 | [0.04110736 0.06792396 0.09019919] | [0.0333412  0.04343433 0.0512185 ] | [0.01926077 0.01612748 0.01430256] | [0.27658835 0.39664646 0.47600101] |
+-------+--------------------+--------------------+-------------------+------------------------------------+------------------------------------+------------------------------------+------------------------------------+
epoch: 52 bpr_loss 0.4835415482521057
epoch: 52 bpr_loss 0.4885484278202057
epoch: 52 bpr_loss 0.4826298952102661
epoch: 52 bpr_loss 0.48287349939346313
epoch: 52 bpr_loss 0.48208796977996826
+-------+--------------------+-------------------+--------------------+------------------------------------+------------------------------------+------------------------------------+------------------------------------+
| Epoch |  training time(s)  |   tesing time(s)  |        Loss        |               recall               |                ndcg                |             precision              |             hit_ratio              |
+-------+--------------------+-------------------+--------------------+------------------------------------+------------------------------------+------------------------------------+------------------------------------+
|   52  | 242.68210864067078 | 35.61580991744995 | 292.41986083984375 | [0.04109567 0.06789015 0.09009409] | [0.03336981 0.04346047 0.05122375] | [0.01924972 0.01611485 0.01428887] | [0.27677782 0.39667803 0.47584312] |
+-------+--------------------+-------------------+--------------------+------------------------------------+------------------------------------+------------------------------------+------------------------------------+
epoch: 53 bpr_loss 0.47900983691215515
epoch: 53 bpr_loss 0.481855571269989
epoch: 53 bpr_loss 0.4904997944831848
epoch: 53 bpr_loss 0.4889809787273407
epoch: 53 bpr_loss 0.48369237780570984
+-------+-------------------+--------------------+------------------+------------------------------------+------------------------------------+------------------------------------+------------------------------------+
| Epoch |  training time(s) |   tesing time(s)   |       Loss       |               recall               |                ndcg                |             precision              |             hit_ratio              |
+-------+-------------------+--------------------+------------------+------------------------------------+------------------------------------+------------------------------------+------------------------------------+
|   53  | 234.1560320854187 | 33.768264055252075 | 292.420166015625 | [0.0409372  0.06788493 0.08996991] | [0.03327913 0.04344527 0.05116134] | [0.01916288 0.01611406 0.01426466] | [0.2759568  0.3962991  0.47495895] |
+-------+-------------------+--------------------+------------------+------------------------------------+------------------------------------+------------------------------------+------------------------------------+
epoch: 54 bpr_loss 0.4872438907623291
epoch: 54 bpr_loss 0.4856080114841461
epoch: 54 bpr_loss 0.48073095083236694
epoch: 54 bpr_loss 0.48357972502708435
epoch: 54 bpr_loss 0.48609650135040283
+-------+--------------------+-------------------+-------------------+------------------------------------+------------------------------------+------------------------------------+------------------------------------+
| Epoch |  training time(s)  |   tesing time(s)  |        Loss       |               recall               |                ndcg                |             precision              |             hit_ratio              |
+-------+--------------------+-------------------+-------------------+------------------------------------+------------------------------------+------------------------------------+------------------------------------+
|   54  | 236.15089750289917 | 34.89610958099365 | 292.4119873046875 | [0.0409718  0.06788284 0.09010232] | [0.03324361 0.04338975 0.05117044] | [0.0191613  0.01609116 0.0142894 ] | [0.27551472 0.39689908 0.47555892] |
+-------+--------------------+-------------------+-------------------+------------------------------------+------------------------------------+------------------------------------+------------------------------------+
epoch: 55 bpr_loss 0.4797796905040741
epoch: 55 bpr_loss 0.47910624742507935
epoch: 55 bpr_loss 0.48778295516967773
epoch: 55 bpr_loss 0.4865260422229767
epoch: 55 bpr_loss 0.4839227795600891
+-------+--------------------+--------------------+-------------------+------------------------------------+------------------------------------+------------------------------------+------------------------------------+
| Epoch |  training time(s)  |   tesing time(s)   |        Loss       |               recall               |                ndcg                |             precision              |             hit_ratio              |
+-------+--------------------+--------------------+-------------------+------------------------------------+------------------------------------+------------------------------------+------------------------------------+
|   55  | 238.57920789718628 | 33.680174589157104 | 292.4007263183594 | [0.04107006 0.0679331  0.09012591] | [0.03332149 0.0434411  0.0511944 ] | [0.01922919 0.01611958 0.01428729] | [0.27696729 0.3962991  0.47549577] |
+-------+--------------------+--------------------+-------------------+------------------------------------+------------------------------------+------------------------------------+------------------------------------+
epoch: 56 bpr_loss 0.48155006766319275
epoch: 56 bpr_loss 0.485059529542923
epoch: 56 bpr_loss 0.48913517594337463
epoch: 56 bpr_loss 0.47824791073799133
epoch: 56 bpr_loss 0.4823594391345978
+-------+-------------------+--------------------+-------------------+------------------------------------+------------------------------------+------------------------------------+------------------------------------+
| Epoch |  training time(s) |   tesing time(s)   |        Loss       |               recall               |                ndcg                |             precision              |             hit_ratio              |
+-------+-------------------+--------------------+-------------------+------------------------------------+------------------------------------+------------------------------------+------------------------------------+
|   56  | 237.3764932155609 | 34.416855812072754 | 292.4073486328125 | [0.04116445 0.06786857 0.09023857] | [0.03340544 0.04346434 0.05127461] | [0.0192655  0.01612116 0.01430624] | [0.27696729 0.39645699 0.47577997] |
+-------+-------------------+--------------------+-------------------+------------------------------------+------------------------------------+------------------------------------+------------------------------------+
epoch: 57 bpr_loss 0.4850602149963379
epoch: 57 bpr_loss 0.48149746656417847
epoch: 57 bpr_loss 0.4835422933101654
epoch: 57 bpr_loss 0.4872707426548004
epoch: 57 bpr_loss 0.4800953269004822
+-------+--------------------+-------------------+-------------------+------------------------------------+------------------------------------+------------------------------------+------------------------------------+
| Epoch |  training time(s)  |   tesing time(s)  |        Loss       |               recall               |                ndcg                |             precision              |             hit_ratio              |
+-------+--------------------+-------------------+-------------------+------------------------------------+------------------------------------+------------------------------------+------------------------------------+
|   57  | 237.40755367279053 | 33.82026505470276 | 292.3620910644531 | [0.04102409 0.0678188  0.09027068] | [0.0333253  0.04342935 0.05127644] | [0.01918972 0.01609116 0.01430256] | [0.27586207 0.39573071 0.47656941] |
+-------+--------------------+-------------------+-------------------+------------------------------------+------------------------------------+------------------------------------+------------------------------------+
epoch: 58 bpr_loss 0.4786209464073181
epoch: 58 bpr_loss 0.48123404383659363
epoch: 58 bpr_loss 0.4842720925807953
epoch: 58 bpr_loss 0.48335742950439453
epoch: 58 bpr_loss 0.4871380031108856
+-------+-------------------+-------------------+--------------------+------------------------------------+------------------------------------+------------------------------------+------------------------------------+
| Epoch |  training time(s) |   tesing time(s)  |        Loss        |               recall               |                ndcg                |             precision              |             hit_ratio              |
+-------+-------------------+-------------------+--------------------+------------------------------------+------------------------------------+------------------------------------+------------------------------------+
|   58  | 244.1844563484192 | 34.06849813461304 | 292.40338134765625 | [0.0411931  0.06806501 0.09034978] | [0.03342387 0.04354004 0.05132607] | [0.01928445 0.01614643 0.01431624] | [0.27744095 0.39693066 0.47628521] |
+-------+-------------------+-------------------+--------------------+------------------------------------+------------------------------------+------------------------------------+------------------------------------+
epoch: 59 bpr_loss 0.4879116415977478
epoch: 59 bpr_loss 0.4838923215866089
epoch: 59 bpr_loss 0.48443567752838135
epoch: 59 bpr_loss 0.4848068952560425
epoch: 59 bpr_loss 0.490843266248703
+-------+-------------------+-------------------+-------------------+------------------------------------+------------------------------------+------------------------------------+------------------------------------+
| Epoch |  training time(s) |   tesing time(s)  |        Loss       |               recall               |                ndcg                |             precision              |             hit_ratio              |
+-------+-------------------+-------------------+-------------------+------------------------------------+------------------------------------+------------------------------------+------------------------------------+
|   59  | 239.8976604938507 | 34.53890514373779 | 292.3568420410156 | [0.04104181 0.06786265 0.09010255] | [0.03327448 0.04338636 0.05115942] | [0.0191913  0.01610064 0.01427571] | [0.27630416 0.39588859 0.47590628] |
+-------+-------------------+-------------------+-------------------+------------------------------------+------------------------------------+------------------------------------+------------------------------------+
epoch: 60 bpr_loss 0.4784223437309265
epoch: 60 bpr_loss 0.4825640320777893
epoch: 60 bpr_loss 0.4840467572212219
epoch: 60 bpr_loss 0.4846917688846588
epoch: 60 bpr_loss 0.4861906170845032
+-------+-------------------+-------------------+-------------------+------------------------------------+------------------------------------+------------------------------------+------------------------------------+
| Epoch |  training time(s) |   tesing time(s)  |        Loss       |               recall               |                ndcg                |             precision              |             hit_ratio              |
+-------+-------------------+-------------------+-------------------+------------------------------------+------------------------------------+------------------------------------+------------------------------------+
|   60  | 236.0258767604828 | 33.63566207885742 | 292.3513488769531 | [0.0409645  0.06775293 0.09029714] | [0.03323724 0.04334354 0.05122156] | [0.01915025 0.01606511 0.0143015 ] | [0.27560945 0.39633068 0.47596943] |
+-------+-------------------+-------------------+-------------------+------------------------------------+------------------------------------+------------------------------------+------------------------------------+
epoch: 61 bpr_loss 0.4821966886520386
epoch: 61 bpr_loss 0.4814704954624176
epoch: 61 bpr_loss 0.4836459457874298
epoch: 61 bpr_loss 0.48461994528770447
epoch: 61 bpr_loss 0.4831516146659851
+-------+--------------------+-------------------+-------------------+------------------------------------+------------------------------------+------------------------------------+------------------------------------+
| Epoch |  training time(s)  |   tesing time(s)  |        Loss       |               recall               |                ndcg                |             precision              |             hit_ratio              |
+-------+--------------------+-------------------+-------------------+------------------------------------+------------------------------------+------------------------------------+------------------------------------+
|   61  | 238.17338728904724 | 33.52642107009888 | 292.2947082519531 | [0.04100807 0.06806484 0.09020205] | [0.03334474 0.04354215 0.05128368] | [0.01920393 0.01615037 0.01430729] | [0.27592522 0.39737274 0.4758747 ] |
+-------+--------------------+-------------------+-------------------+------------------------------------+------------------------------------+------------------------------------+------------------------------------+
epoch: 62 bpr_loss 0.488844096660614
epoch: 62 bpr_loss 0.47990882396698
epoch: 62 bpr_loss 0.48065680265426636
epoch: 62 bpr_loss 0.4856080114841461
epoch: 62 bpr_loss 0.4908527731895447
+-------+--------------------+------------------+-------------------+------------------------------------+------------------------------------+------------------------------------+------------------------------------+
| Epoch |  training time(s)  |  tesing time(s)  |        Loss       |               recall               |                ndcg                |             precision              |             hit_ratio              |
+-------+--------------------+------------------+-------------------+------------------------------------+------------------------------------+------------------------------------+------------------------------------+
|   62  | 233.15068912506104 | 34.1946747303009 | 292.2743835449219 | [0.04097636 0.0679991  0.09034381] | [0.03324887 0.04343896 0.05124102] | [0.01918025 0.01613458 0.01431571] | [0.27601996 0.39693066 0.4761589 ] |
+-------+--------------------+------------------+-------------------+------------------------------------+------------------------------------+------------------------------------+------------------------------------+
epoch: 63 bpr_loss 0.48721152544021606
epoch: 63 bpr_loss 0.4841679334640503
epoch: 63 bpr_loss 0.483625203371048
epoch: 63 bpr_loss 0.4827525019645691
epoch: 63 bpr_loss 0.4798206686973572
+-------+--------------------+--------------------+-------------------+------------------------------------+------------------------------------+------------------------------------+------------------------------------+
| Epoch |  training time(s)  |   tesing time(s)   |        Loss       |               recall               |                ndcg                |             precision              |             hit_ratio              |
+-------+--------------------+--------------------+-------------------+------------------------------------+------------------------------------+------------------------------------+------------------------------------+
|   63  | 234.41225743293762 | 33.438732624053955 | 292.3099365234375 | [0.04102997 0.06797992 0.09055016] | [0.03332685 0.04348752 0.05136144] | [0.01922287 0.01614169 0.01434045] | [0.27696729 0.39645699 0.47679045] |
+-------+--------------------+--------------------+-------------------+------------------------------------+------------------------------------+------------------------------------+------------------------------------+
epoch: 64 bpr_loss 0.48598748445510864
epoch: 64 bpr_loss 0.48494380712509155
epoch: 64 bpr_loss 0.4874107837677002
epoch: 64 bpr_loss 0.48556867241859436
epoch: 64 bpr_loss 0.4860074818134308
+-------+--------------------+-------------------+-------------------+------------------------------------+------------------------------------+------------------------------------+------------------------------------+
| Epoch |  training time(s)  |   tesing time(s)  |        Loss       |               recall               |                ndcg                |             precision              |             hit_ratio              |
+-------+--------------------+-------------------+-------------------+------------------------------------+------------------------------------+------------------------------------+------------------------------------+
|   64  | 233.11556696891785 | 34.85563015937805 | 292.3096618652344 | [0.04104443 0.06793312 0.0902339 ] | [0.03334578 0.04348967 0.05128072] | [0.01920235 0.01612274 0.01429887] | [0.27649362 0.39712012 0.47584312] |
+-------+--------------------+-------------------+-------------------+------------------------------------+------------------------------------+------------------------------------+------------------------------------+
epoch: 65 bpr_loss 0.49007850885391235
epoch: 65 bpr_loss 0.4816107451915741
epoch: 65 bpr_loss 0.48183026909828186
epoch: 65 bpr_loss 0.48508763313293457
epoch: 65 bpr_loss 0.4817081689834595
+-------+--------------------+-------------------+--------------------+------------------------------------+------------------------------------+------------------------------------+------------------------------------+
| Epoch |  training time(s)  |   tesing time(s)  |        Loss        |               recall               |                ndcg                |             precision              |             hit_ratio              |
+-------+--------------------+-------------------+--------------------+------------------------------------+------------------------------------+------------------------------------+------------------------------------+
|   65  | 228.87480187416077 | 33.84255385398865 | 292.27850341796875 | [0.04104904 0.06812537 0.09023343] | [0.03335524 0.04357077 0.05130635] | [0.01920866 0.016163   0.01431256] | [0.27639889 0.39708854 0.4761589 ] |
+-------+--------------------+-------------------+--------------------+------------------------------------+------------------------------------+------------------------------------+------------------------------------+
epoch: 66 bpr_loss 0.48086076974868774
epoch: 66 bpr_loss 0.4864554703235626
epoch: 66 bpr_loss 0.47655901312828064
epoch: 66 bpr_loss 0.4861792325973511
epoch: 66 bpr_loss 0.4844415783882141
+-------+--------------------+--------------------+--------------------+------------------------------------+------------------------------------+------------------------------------+------------------------------------+
| Epoch |  training time(s)  |   tesing time(s)   |        Loss        |               recall               |                ndcg                |             precision              |             hit_ratio              |
+-------+--------------------+--------------------+--------------------+------------------------------------+------------------------------------+------------------------------------+------------------------------------+
|   66  | 228.92099690437317 | 33.543858766555786 | 292.29168701171875 | [0.04099516 0.06808384 0.09028941] | [0.03333867 0.04355506 0.05132441] | [0.0191913  0.016148   0.01432098] | [0.27643047 0.39749905 0.47631679] |
+-------+--------------------+--------------------+--------------------+------------------------------------+------------------------------------+------------------------------------+------------------------------------+
epoch: 67 bpr_loss 0.4826357066631317
epoch: 67 bpr_loss 0.48185020685195923
epoch: 67 bpr_loss 0.48429879546165466
epoch: 67 bpr_loss 0.4871731698513031
epoch: 67 bpr_loss 0.4789524972438812
+-------+--------------------+-------------------+-------------------+------------------------------------+------------------------------------+------------------------------------+------------------------------------+
| Epoch |  training time(s)  |   tesing time(s)  |        Loss       |               recall               |                ndcg                |             precision              |             hit_ratio              |
+-------+--------------------+-------------------+-------------------+------------------------------------+------------------------------------+------------------------------------+------------------------------------+
|   67  | 229.67473459243774 | 34.44532322883606 | 292.2758483886719 | [0.04107673 0.06804261 0.09034719] | [0.03333834 0.04350099 0.05129547] | [0.01923235 0.01615037 0.01432255] | [0.27693571 0.39762536 0.47637994] |
+-------+--------------------+-------------------+-------------------+------------------------------------+------------------------------------+------------------------------------+------------------------------------+
epoch: 68 bpr_loss 0.48591041564941406
epoch: 68 bpr_loss 0.47771283984184265
epoch: 68 bpr_loss 0.48329266905784607
epoch: 68 bpr_loss 0.4796045422554016
epoch: 68 bpr_loss 0.4838632345199585
+-------+--------------------+--------------------+-------------------+------------------------------------+------------------------------------+------------------------------------+------------------------------------+
| Epoch |  training time(s)  |   tesing time(s)   |        Loss       |               recall               |                ndcg                |             precision              |             hit_ratio              |
+-------+--------------------+--------------------+-------------------+------------------------------------+------------------------------------+------------------------------------+------------------------------------+
|   68  | 230.75789594650269 | 33.836615800857544 | 292.2029724121094 | [0.04095695 0.06793833 0.09025178] | [0.0333178  0.04349762 0.05129172] | [0.01917393 0.01612353 0.01429887] | [0.27611469 0.39699381 0.4758747 ] |
+-------+--------------------+--------------------+-------------------+------------------------------------+------------------------------------+------------------------------------+------------------------------------+
Early stopping is trigger at step: 10 log:0.04095695315812285
early stopping at 68, recall@20:0.0412
