Namespace(K=1, Ks='[20, 40, 60]', alpha=0.1, batch_size=2048, batch_test_flag=True, context_hops=3, cuda=True, data_path='data/', dataset='ali', dim=64, edge_dropout=False, edge_dropout_rate=0.1, epoch=1000, gnn='lightgcn', gpu_id=1, l2=0.001, lr=0.001, mess_dropout=False, mess_dropout_rate=0.1, n_negs=32, neg_mix_num=1, ns='mixgcf', out_dir='./weights/yelp2018/', pool='mean', save=False, test_batch_size=2048, test_flag='part')
reading train and test user-item set ...
building the adj mat ...
loading over ...
卷积器不需要第0层embedding
拿这个最难的neg_item去和pos_item在每一个维度上进行softmax自适应权重,引入alpha超参数来控制模型倾向......
start training ...
epoch: 0 s: 0 batch_loss 0.693148672580719 BPR_loss 0.6931483149528503 reg_loss 3.834928463675169e-07
epoch: 0 s: 256000 batch_loss 0.6898226141929626 BPR_loss 0.6896606683731079 reg_loss 0.00016193173360079527
epoch: 0 s: 512000 batch_loss 0.6793249249458313 BPR_loss 0.6784777641296387 reg_loss 0.0008471720502711833
+-------+-------------------+-------------------+-------------------+------------------------------------+------------------------------------+------------------------------------+------------------------------------+
| Epoch |  training time(s) |   tesing time(s)  |        Loss       |               recall               |                ndcg                |             precision              |             hit_ratio              |
+-------+-------------------+-------------------+-------------------+------------------------------------+------------------------------------+------------------------------------+------------------------------------+
|   0   | 66.60877919197083 | 533.4436545372009 | 245.2565460205078 | [0.04239177 0.06638755 0.08586327] | [0.01856697 0.02374059 0.02740201] | [0.00267773 0.00210758 0.00183273] | [0.05144504 0.07994595 0.10312448] |
|   0   | 66.60877919197083 | 492.0813069343567 | 245.2565460205078 | [0.00486223 0.00933521 0.01316009] | [0.00195123 0.00288141 0.00358014] | [0.00026007 0.0002586  0.00024751] | [0.00509805 0.01015176 0.01454051] |
+-------+-------------------+-------------------+-------------------+------------------------------------+------------------------------------+------------------------------------+------------------------------------+
epoch: 1 s: 0 batch_loss 0.6727776527404785 BPR_loss 0.6714560389518738 reg_loss 0.0013215921353548765
epoch: 1 s: 256000 batch_loss 0.6698521971702576 BPR_loss 0.6683213710784912 reg_loss 0.0015308127040043473
epoch: 1 s: 512000 batch_loss 0.6629136800765991 BPR_loss 0.6608178615570068 reg_loss 0.002095824806019664
+-------+-------------------+-------------------+--------------------+------------------------------------+------------------------------------+------------------------------------+------------------------------------+
| Epoch |  training time(s) |   tesing time(s)  |        Loss        |               recall               |                ndcg                |             precision              |             hit_ratio              |
+-------+-------------------+-------------------+--------------------+------------------------------------+------------------------------------+------------------------------------+------------------------------------+
|   1   | 81.06170296669006 | 605.8661160469055 | 239.66207885742188 | [0.05680787 0.08394576 0.10655694] | [0.02554209 0.0313995  0.03564023] | [0.00346782 0.00259362 0.00221995] | [0.06712261 0.09912581 0.12564117] |
|   1   | 81.06170296669006 | 538.2012853622437 | 239.66207885742188 | [0.00672166 0.01249759 0.01810347] | [0.00271548 0.00391254 0.00493451] | [0.0003576  0.00034098 0.00033494] | [0.00706338 0.01344702 0.01974199] |
+-------+-------------------+-------------------+--------------------+------------------------------------+------------------------------------+------------------------------------+------------------------------------+
epoch: 2 s: 0 batch_loss 0.6632120609283447 BPR_loss 0.6607807874679565 reg_loss 0.0024312767200171947
epoch: 2 s: 256000 batch_loss 0.6579838395118713 BPR_loss 0.6551235914230347 reg_loss 0.0028602564707398415
epoch: 2 s: 512000 batch_loss 0.6506447792053223 BPR_loss 0.6470284461975098 reg_loss 0.0036163076292723417
+-------+------------------+-------------------+--------------------+------------------------------------+------------------------------------+------------------------------------+------------------------------------+
| Epoch | training time(s) |   tesing time(s)  |        Loss        |               recall               |                ndcg                |             precision              |             hit_ratio              |
+-------+------------------+-------------------+--------------------+------------------------------------+------------------------------------+------------------------------------+------------------------------------+
|   2   | 80.3650414943695 | 546.7548611164093 | 233.94699096679688 | [0.06351433 0.09477389 0.11732807] | [0.02894224 0.03565683 0.03987837] | [0.00383046 0.00289766 0.00241874] | [0.07437538 0.1109288  0.1370305 ] |
|   2   | 80.3650414943695 | 482.1849174499512 | 233.94699096679688 | [0.00784397 0.01452498 0.02076258] | [0.00318786 0.0045737  0.00571245] | [0.00041449 0.00039454 0.00038371] | [0.00821598 0.0155749  0.02265305] |
+-------+------------------+-------------------+--------------------+------------------------------------+------------------------------------+------------------------------------+------------------------------------+
epoch: 3 s: 0 batch_loss 0.644530713558197 BPR_loss 0.6404871940612793 reg_loss 0.004043547436594963
epoch: 3 s: 256000 batch_loss 0.6343889236450195 BPR_loss 0.6296088695526123 reg_loss 0.004780044313520193
epoch: 3 s: 512000 batch_loss 0.6279239058494568 BPR_loss 0.622612714767456 reg_loss 0.005311187356710434
+-------+-------------------+-------------------+--------------------+------------------------------------+------------------------------------+------------------------------------+------------------------------------+
| Epoch |  training time(s) |   tesing time(s)  |        Loss        |               recall               |                ndcg                |             precision              |             hit_ratio              |
+-------+-------------------+-------------------+--------------------+------------------------------------+------------------------------------+------------------------------------+------------------------------------+
|   3   | 82.79179906845093 | 607.2239000797272 | 226.16256713867188 | [0.06738634 0.10026838 0.12393205] | [0.03105778 0.03811609 0.04254094] | [0.00403384 0.00304865 0.00253939] | [0.07860846 0.11702333 0.14407644] |
|   3   | 82.79179906845093 | 535.4174382686615 | 226.16256713867188 | [0.0086136  0.0160113  0.02294673] | [0.00348033 0.00501982 0.00628376] | [0.00045291 0.00043333 0.00042188] | [0.00898438 0.01715603 0.0249287 ] |
+-------+-------------------+-------------------+--------------------+------------------------------------+------------------------------------+------------------------------------+------------------------------------+
epoch: 4 s: 0 batch_loss 0.6203143000602722 BPR_loss 0.6141207814216614 reg_loss 0.006193528883159161
epoch: 4 s: 256000 batch_loss 0.6024624705314636 BPR_loss 0.5957021117210388 reg_loss 0.006760340183973312
epoch: 4 s: 512000 batch_loss 0.6018112897872925 BPR_loss 0.5941891670227051 reg_loss 0.00762214045971632
+-------+-------------------+-------------------+-------------------+------------------------------------+------------------------------------+------------------------------------+------------------------------------+
| Epoch |  training time(s) |   tesing time(s)  |        Loss       |               recall               |                ndcg                |             precision              |             hit_ratio              |
+-------+-------------------+-------------------+-------------------+------------------------------------+------------------------------------+------------------------------------+------------------------------------+
|   4   | 79.33659315109253 | 564.6939265727997 | 216.8463592529297 | [0.07036911 0.10414595 0.12751678] | [0.03236339 0.03961061 0.04397495] | [0.00419103 0.00315964 0.00260121] | [0.08165573 0.12117368 0.14775798] |
|   4   | 79.33659315109253 | 495.2512125968933 | 216.8463592529297 | [0.00948791 0.01724764 0.02424834] | [0.00380914 0.00542926 0.0066992 ] | [0.0005002  0.00046843 0.00044331] | [0.00993011 0.01855984 0.0262143 ] |
+-------+-------------------+-------------------+-------------------+------------------------------------+------------------------------------+------------------------------------+------------------------------------+
epoch: 5 s: 0 batch_loss 0.5925791263580322 BPR_loss 0.5839986801147461 reg_loss 0.008580459281802177
epoch: 5 s: 256000 batch_loss 0.589404284954071 BPR_loss 0.5805925130844116 reg_loss 0.008811765350401402
epoch: 5 s: 512000 batch_loss 0.5729473233222961 BPR_loss 0.5628129839897156 reg_loss 0.010134352371096611
+-------+-------------------+-------------------+--------------------+------------------------------------+------------------------------------+------------------------------------+------------------------------------+
| Epoch |  training time(s) |   tesing time(s)  |        Loss        |               recall               |                ndcg                |             precision              |             hit_ratio              |
+-------+-------------------+-------------------+--------------------+------------------------------------+------------------------------------+------------------------------------+------------------------------------+
|   5   | 81.07084274291992 | 615.1969299316406 | 206.98902893066406 | [0.07349395 0.10708673 0.1306104 ] | [0.03375734 0.04095923 0.04534366] | [0.00436063 0.00323824 0.00265337] | [0.08510286 0.124152   0.1509845 ] |
|   5   | 81.07084274291992 | 543.6077425479889 | 206.98902893066406 | [0.01028586 0.01851106 0.02576864] | [0.00408857 0.00580093 0.00711224] | [0.00054305 0.00050168 0.00046991] | [0.01078717 0.01986021 0.02782498] |
+-------+-------------------+-------------------+--------------------+------------------------------------+------------------------------------+------------------------------------+------------------------------------+
epoch: 6 s: 0 batch_loss 0.5617243647575378 BPR_loss 0.551073431968689 reg_loss 0.0106509393081069
epoch: 6 s: 256000 batch_loss 0.5576703548431396 BPR_loss 0.5467033386230469 reg_loss 0.010967000387609005
epoch: 6 s: 512000 batch_loss 0.5495081543922424 BPR_loss 0.5372529029846191 reg_loss 0.012255252338945866
+-------+-------------------+--------------------+-------------------+------------------------------------+------------------------------------+------------------------------------+------------------------------------+
| Epoch |  training time(s) |   tesing time(s)   |        Loss       |               recall               |                ndcg                |             precision              |             hit_ratio              |
+-------+-------------------+--------------------+-------------------+------------------------------------+------------------------------------+------------------------------------+------------------------------------+
|   6   | 76.73761510848999 | 588.7625567913055  | 196.7415008544922 | [0.07531643 0.10907023 0.13221507] | [0.03451966 0.04176081 0.04607227] | [0.00445232 0.00328857 0.00267934] | [0.08703326 0.12613755 0.15261155] |
|   6   | 76.73761510848999 | 487.12077021598816 | 196.7415008544922 | [0.0109656  0.01910633 0.02694833] | [0.00432613 0.00602014 0.0074376 ] | [0.00058147 0.0005183  0.00049109] | [0.01155557 0.02052517 0.02912535] |
+-------+-------------------+--------------------+-------------------+------------------------------------+------------------------------------+------------------------------------+------------------------------------+
epoch: 7 s: 0 batch_loss 0.5259982943534851 BPR_loss 0.5126581788063049 reg_loss 0.01334009226411581
epoch: 7 s: 256000 batch_loss 0.5310668349266052 BPR_loss 0.5176472663879395 reg_loss 0.013419548980891705
epoch: 7 s: 512000 batch_loss 0.5166850686073303 BPR_loss 0.5019259452819824 reg_loss 0.014759106561541557
+-------+-------------------+-------------------+--------------------+------------------------------------+------------------------------------+------------------------------------+------------------------------------+
| Epoch |  training time(s) |   tesing time(s)  |        Loss        |               recall               |                ndcg                |             precision              |             hit_ratio              |
+-------+-------------------+-------------------+--------------------+------------------------------------+------------------------------------+------------------------------------+------------------------------------+
|   7   | 66.82105422019958 | 583.5927932262421 | 186.94422912597656 | [0.07640712 0.10990741 0.1332274 ] | [0.03512809 0.04233366 0.04668193] | [0.00450196 0.00330684 0.0026952 ] | [0.08799846 0.12682698 0.15365948] |
|   7   | 66.82105422019958 | 523.0289354324341 | 186.94422912597656 | [0.01147417 0.02009318 0.0280572 ] | [0.00448501 0.00627567 0.00771995] | [0.00061029 0.00054305 0.00051104] | [0.01213187 0.02157434 0.03026318] |
+-------+-------------------+-------------------+--------------------+------------------------------------+------------------------------------+------------------------------------+------------------------------------+
epoch: 8 s: 0 batch_loss 0.5147959589958191 BPR_loss 0.4997223913669586 reg_loss 0.015073586255311966
epoch: 8 s: 256000 batch_loss 0.4905664324760437 BPR_loss 0.4741618037223816 reg_loss 0.01640462875366211
epoch: 8 s: 512000 batch_loss 0.48816922307014465 BPR_loss 0.47095298767089844 reg_loss 0.017216237261891365
+-------+-------------------+-------------------+----------------+------------------------------------+------------------------------------+------------------------------------+------------------------------------+
| Epoch |  training time(s) |   tesing time(s)  |      Loss      |               recall               |                ndcg                |             precision              |             hit_ratio              |
+-------+-------------------+-------------------+----------------+------------------------------------+------------------------------------+------------------------------------+------------------------------------+
|   8   | 90.07077550888062 | 599.5354471206665 | 177.4990234375 | [0.07750835 0.1107251  0.13382809] | [0.03569021 0.04282726 0.04712735] | [0.00456401 0.00332511 0.00270072] | [0.08918427 0.12762672 0.15422481] |
|   8   | 90.07077550888062 | 491.5998737812042 | 177.4990234375 | [0.0119692  0.02087612 0.02931705] | [0.00468442 0.00653012 0.00805267] | [0.00063689 0.00056411 0.00053222] | [0.01266384 0.02238707 0.03153399] |
+-------+-------------------+-------------------+----------------+------------------------------------+------------------------------------+------------------------------------+------------------------------------+
epoch: 9 s: 0 batch_loss 0.4809596538543701 BPR_loss 0.46374911069869995 reg_loss 0.017210552468895912
epoch: 9 s: 256000 batch_loss 0.47987663745880127 BPR_loss 0.4609292447566986 reg_loss 0.01894739829003811
epoch: 9 s: 512000 batch_loss 0.4689249098300934 BPR_loss 0.44964152574539185 reg_loss 0.019283395260572433
+-------+-------------------+-------------------+--------------------+------------------------------------+------------------------------------+------------------------------------+------------------------------------+
| Epoch |  training time(s) |   tesing time(s)  |        Loss        |               recall               |                ndcg                |             precision              |             hit_ratio              |
+-------+-------------------+-------------------+--------------------+------------------------------------+------------------------------------+------------------------------------+------------------------------------+
|   9   | 83.83693408966064 | 556.5413353443146 | 168.57762145996094 | [0.07846673 0.11115835 0.13423632] | [0.03619929 0.04322441 0.04752062] | [0.00462192 0.00333579 0.00270692] | [0.09021841 0.1281231  0.1545971 ] |
|   9   | 83.83693408966064 | 559.0418951511383 | 168.57762145996094 | [0.01233616 0.0214278  0.03012732] | [0.00484356 0.00673261 0.00830459] | [0.00065536 0.00057852 0.00054749] | [0.01303326 0.02297814 0.03245016] |
+-------+-------------------+-------------------+--------------------+------------------------------------+------------------------------------+------------------------------------+------------------------------------+
epoch: 10 s: 0 batch_loss 0.4522770941257477 BPR_loss 0.43255746364593506 reg_loss 0.01971963606774807
epoch: 10 s: 256000 batch_loss 0.448018342256546 BPR_loss 0.4273785352706909 reg_loss 0.020639799535274506
epoch: 10 s: 512000 batch_loss 0.44266650080680847 BPR_loss 0.42107605934143066 reg_loss 0.021590445190668106
+-------+--------------------+-------------------+-------------------+------------------------------------+------------------------------------+------------------------------------+------------------------------------+
| Epoch |  training time(s)  |   tesing time(s)  |        Loss       |               recall               |                ndcg                |             precision              |             hit_ratio              |
+-------+--------------------+-------------------+-------------------+------------------------------------+------------------------------------+------------------------------------+------------------------------------+
|   10  | 105.28316307067871 | 609.4525365829468 | 160.1120147705078 | [0.07875361 0.11149945 0.13418875] | [0.03654111 0.04357333 0.04779803] | [0.00463502 0.00334303 0.00270324] | [0.09042524 0.12842645 0.15451437] |
|   10  | 105.28316307067871 | 494.0887792110443 | 160.1120147705078 | [0.01284658 0.02202626 0.03066397] | [0.00500369 0.0069102  0.00847335] | [0.00068122 0.00059366 0.00055709] | [0.01356523 0.02356922 0.03301169] |
+-------+--------------------+-------------------+-------------------+------------------------------------+------------------------------------+------------------------------------+------------------------------------+
epoch: 11 s: 0 batch_loss 0.43976882100105286 BPR_loss 0.4183032512664795 reg_loss 0.021465575322508812
epoch: 11 s: 256000 batch_loss 0.4240214228630066 BPR_loss 0.4012138247489929 reg_loss 0.022807590663433075
epoch: 11 s: 512000 batch_loss 0.41890573501586914 BPR_loss 0.39575764536857605 reg_loss 0.02314809523522854
+-------+--------------------+-------------------+--------------------+------------------------------------+------------------------------------+------------------------------------+------------------------------------+
| Epoch |  training time(s)  |   tesing time(s)  |        Loss        |               recall               |                ndcg                |             precision              |             hit_ratio              |
+-------+--------------------+-------------------+--------------------+------------------------------------+------------------------------------+------------------------------------+------------------------------------+
|   11  | 107.20122122764587 |   556.7305123806  | 152.40089416503906 | [0.07914878 0.11142841 0.13416519] | [0.03674418 0.04367671 0.0479089 ] | [0.00465156 0.00333958 0.00270255] | [0.09075616 0.12831614 0.15450058] |
|   11  | 107.20122122764587 | 535.3348317146301 | 152.40089416503906 | [0.01335811 0.02250528 0.03149961] | [0.00518067 0.00707505 0.00870707] | [0.00070929 0.00060512 0.0005731 ] | [0.01412676 0.02399775 0.03400174] |
+-------+--------------------+-------------------+--------------------+------------------------------------+------------------------------------+------------------------------------+------------------------------------+
epoch: 12 s: 0 batch_loss 0.4144148528575897 BPR_loss 0.3896498382091522 reg_loss 0.02476501651108265
epoch: 12 s: 256000 batch_loss 0.40606263279914856 BPR_loss 0.38132980465888977 reg_loss 0.024732837453484535
epoch: 12 s: 512000 batch_loss 0.4067275822162628 BPR_loss 0.381634920835495 reg_loss 0.025092659518122673
+-------+--------------------+-------------------+-------------------+------------------------------------+------------------------------------+------------------------------------+------------------------------------+
| Epoch |  training time(s)  |   tesing time(s)  |        Loss       |               recall               |                ndcg                |             precision              |             hit_ratio              |
+-------+--------------------+-------------------+-------------------+------------------------------------+------------------------------------+------------------------------------+------------------------------------+
|   12  | 106.02303123474121 | 627.4860713481903 | 145.0299072265625 | [0.07891162 0.11127706 0.13318774] | [0.03678766 0.04373159 0.04782036] | [0.00463778 0.0033289  0.00268026] | [0.09050797 0.12799901 0.15324582] |
|   12  | 106.02303123474121 | 503.3048276901245 | 145.0299072265625 | [0.01370056 0.02311002 0.03199685] | [0.005315   0.00726175 0.00887739] | [0.00072776 0.00062137 0.0005827 ] | [0.01451096 0.02460361 0.03453371] |
+-------+--------------------+-------------------+-------------------+------------------------------------+------------------------------------+------------------------------------+------------------------------------+
epoch: 13 s: 0 batch_loss 0.39271166920661926 BPR_loss 0.36640650033950806 reg_loss 0.026305170729756355
epoch: 13 s: 256000 batch_loss 0.38782238960266113 BPR_loss 0.36110442876815796 reg_loss 0.02671797201037407
epoch: 13 s: 512000 batch_loss 0.381384015083313 BPR_loss 0.3539513945579529 reg_loss 0.027432624250650406
+-------+-------------------+-------------------+--------------------+------------------------------------+------------------------------------+------------------------------------+------------------------------------+
| Epoch |  training time(s) |   tesing time(s)  |        Loss        |               recall               |                ndcg                |             precision              |             hit_ratio              |
+-------+-------------------+-------------------+--------------------+------------------------------------+------------------------------------+------------------------------------+------------------------------------+
|   13  | 97.86996126174927 | 545.5016796588898 | 138.17367553710938 | [0.0784718  0.11070752 0.1327555 ] | [0.03687472 0.04380477 0.04791485] | [0.00461296 0.0033127  0.00267222] | [0.08995643 0.12746125 0.15281838] |
|   13  | 97.86996126174927 |  568.535523891449 | 138.17367553710938 | [0.01392222 0.02365491 0.03253916] | [0.00541939 0.00743798 0.00904961] | [0.00073811 0.00063726 0.00059256] | [0.01470306 0.02523902 0.03511001] |
+-------+-------------------+-------------------+--------------------+------------------------------------+------------------------------------+------------------------------------+------------------------------------+
epoch: 14 s: 0 batch_loss 0.37089571356773376 BPR_loss 0.34270811080932617 reg_loss 0.028187589719891548
epoch: 14 s: 256000 batch_loss 0.3667043149471283 BPR_loss 0.33771950006484985 reg_loss 0.028984807431697845
epoch: 14 s: 512000 batch_loss 0.3696269690990448 BPR_loss 0.3400338888168335 reg_loss 0.02959309332072735
+-------+--------------------+-------------------+--------------------+------------------------------------+------------------------------------+------------------------------------+------------------------------------+
| Epoch |  training time(s)  |   tesing time(s)  |        Loss        |               recall               |                ndcg                |             precision              |             hit_ratio              |
+-------+--------------------+-------------------+--------------------+------------------------------------+------------------------------------+------------------------------------+------------------------------------+
|   14  | 108.80490040779114 |  661.691920042038 | 131.95460510253906 | [0.07856615 0.11023175 0.13199669] | [0.03697012 0.04379041 0.0478535 ] | [0.00461296 0.00329753 0.00265912] | [0.08998401 0.12681319 0.15206001] |
|   14  | 108.80490040779114 | 502.8782567977905 | 131.95460510253906 | [0.01403108 0.02411545 0.03297692] | [0.005501   0.00759718 0.00920472] | [0.00074402 0.00065019 0.00060118] | [0.01482127 0.02580054 0.03562721] |
+-------+--------------------+-------------------+--------------------+------------------------------------+------------------------------------+------------------------------------+------------------------------------+
epoch: 15 s: 0 batch_loss 0.3562467098236084 BPR_loss 0.32617664337158203 reg_loss 0.030070075765252113
epoch: 15 s: 256000 batch_loss 0.34562811255455017 BPR_loss 0.3159140348434448 reg_loss 0.029714079573750496
epoch: 15 s: 512000 batch_loss 0.3465566635131836 BPR_loss 0.3152376413345337 reg_loss 0.0313190221786499
+-------+-------------------+-------------------+--------------------+------------------------------------+------------------------------------+------------------------------------+------------------------------------+
| Epoch |  training time(s) |   tesing time(s)  |        Loss        |               recall               |                ndcg                |             precision              |             hit_ratio              |
+-------+-------------------+-------------------+--------------------+------------------------------------+------------------------------------+------------------------------------+------------------------------------+
|   15  | 92.35561275482178 | 580.4090468883514 | 126.05097198486328 | [0.07849771 0.10966424 0.13108734] | [0.03691509 0.043619   0.04762237] | [0.00460813 0.00327374 0.00263752] | [0.08984612 0.12598588 0.1507501 ] |
|   15  | 92.35561275482178 | 485.1676971912384 | 126.05097198486328 | [0.01423253 0.02470273 0.03332221] | [0.00560626 0.00778253 0.00934773] | [0.00075289 0.0006657  0.00060782] | [0.01498382 0.0264064  0.03599663] |
+-------+-------------------+-------------------+--------------------+------------------------------------+------------------------------------+------------------------------------+------------------------------------+
epoch: 16 s: 0 batch_loss 0.3413739800453186 BPR_loss 0.3096345067024231 reg_loss 0.0317394845187664
epoch: 16 s: 256000 batch_loss 0.34545984864234924 BPR_loss 0.3126358985900879 reg_loss 0.03282395377755165
epoch: 16 s: 512000 batch_loss 0.33369868993759155 BPR_loss 0.3011523187160492 reg_loss 0.03254636004567146
+-------+-------------------+-------------------+--------------------+------------------------------------+------------------------------------+------------------------------------+------------------------------------+
| Epoch |  training time(s) |   tesing time(s)  |        Loss        |               recall               |                ndcg                |             precision              |             hit_ratio              |
+-------+-------------------+-------------------+--------------------+------------------------------------+------------------------------------+------------------------------------+------------------------------------+
|   16  | 99.41553235054016 | 612.7055816650391 | 120.67881774902344 | [0.07803495 0.10893674 0.13016017] | [0.03682183 0.04348176 0.04744456] | [0.00457711 0.00325444 0.00261798] | [0.08922564 0.12522751 0.14974353] |
|   16  | 99.41553235054016 | 526.3240404129028 | 120.67881774902344 | [0.01460688 0.0248479  0.03365372] | [0.00574357 0.00787334 0.00947727] | [0.00077357 0.00066903 0.00061423] | [0.01539757 0.02653939 0.03639561] |
+-------+-------------------+-------------------+--------------------+------------------------------------+------------------------------------+------------------------------------+------------------------------------+
epoch: 17 s: 0 batch_loss 0.3263625502586365 BPR_loss 0.2929423153400421 reg_loss 0.033420223742723465
epoch: 17 s: 256000 batch_loss 0.3220418393611908 BPR_loss 0.2882295846939087 reg_loss 0.0338122621178627
epoch: 17 s: 512000 batch_loss 0.31322911381721497 BPR_loss 0.27843838930130005 reg_loss 0.03479072079062462
+-------+-------------------+-------------------+--------------------+------------------------------------+------------------------------------+------------------------------------+------------------------------------+
| Epoch |  training time(s) |   tesing time(s)  |        Loss        |               recall               |                ndcg                |             precision              |             hit_ratio              |
+-------+-------------------+-------------------+--------------------+------------------------------------+------------------------------------+------------------------------------+------------------------------------+
|   17  | 94.22014117240906 | 583.8005335330963 | 115.96880340576172 | [0.07781197 0.10814601 0.12940395] | [0.0367513  0.04327783 0.04724801] | [0.00456745 0.00322652 0.0026019 ] | [0.08906017 0.12423474 0.14883349] |
|   17  | 94.22014117240906 | 486.1210651397705 | 115.96880340576172 | [0.01474911 0.02507251 0.03384964] | [0.0058365  0.00798632 0.00959036] | [0.00078244 0.00067641 0.00062063] | [0.0155749  0.02682015 0.0367207 ] |
+-------+-------------------+-------------------+--------------------+------------------------------------+------------------------------------+------------------------------------+------------------------------------+
epoch: 18 s: 0 batch_loss 0.3128640353679657 BPR_loss 0.27753669023513794 reg_loss 0.035327356308698654
epoch: 18 s: 256000 batch_loss 0.3144930899143219 BPR_loss 0.2782287299633026 reg_loss 0.03626437112689018
epoch: 18 s: 512000 batch_loss 0.31665509939193726 BPR_loss 0.2810020446777344 reg_loss 0.035653065890073776
+-------+--------------------+-------------------+-------------------+------------------------------------+------------------------------------+------------------------------------+------------------------------------+
| Epoch |  training time(s)  |   tesing time(s)  |        Loss       |               recall               |                ndcg                |             precision              |             hit_ratio              |
+-------+--------------------+-------------------+-------------------+------------------------------------+------------------------------------+------------------------------------+------------------------------------+
|   18  | 100.90252137184143 | 642.9169073104858 | 111.3053970336914 | [0.07779045 0.10763667 0.12854173] | [0.03676457 0.04318712 0.04708911] | [0.00456401 0.00321238 0.00258397] | [0.08910154 0.12365562 0.1478545 ] |
|   18  | 100.90252137184143 | 530.8604879379272 | 111.3053970336914 | [0.01505697 0.02547987 0.03412868] | [0.00595078 0.00811554 0.00969589] | [0.00079869 0.0006875  0.00062679] | [0.01588521 0.02726346 0.03706057] |
+-------+--------------------+-------------------+-------------------+------------------------------------+------------------------------------+------------------------------------+------------------------------------+
epoch: 19 s: 0 batch_loss 0.3004402220249176 BPR_loss 0.2636263072490692 reg_loss 0.03681391477584839
epoch: 19 s: 256000 batch_loss 0.2979925274848938 BPR_loss 0.26046180725097656 reg_loss 0.03753071278333664
epoch: 19 s: 512000 batch_loss 0.2937285304069519 BPR_loss 0.256595253944397 reg_loss 0.037133269011974335
+-------+--------------------+-------------------+--------------------+------------------------------------+------------------------------------+------------------------------------+------------------------------------+
| Epoch |  training time(s)  |   tesing time(s)  |        Loss        |               recall               |                ndcg                |             precision              |             hit_ratio              |
+-------+--------------------+-------------------+--------------------+------------------------------------+------------------------------------+------------------------------------+------------------------------------+
|   19  | 111.32556581497192 | 592.9848461151123 | 107.12520599365234 | [0.07752084 0.10666776 0.12742311] | [0.03665295 0.04293088 0.04680866] | [0.00454677 0.00318308 0.00256145] | [0.0887844  0.1224698  0.14648944] |
|   19  | 111.32556581497192 | 499.0410225391388 | 107.12520599365234 | [0.01521274 0.02564487 0.03421746] | [0.00601747 0.00818505 0.00975196] | [0.00080756 0.00069341 0.00062876] | [0.01607731 0.02749989 0.03711968] |
+-------+--------------------+-------------------+--------------------+------------------------------------+------------------------------------+------------------------------------+------------------------------------+
epoch: 20 s: 0 batch_loss 0.2966138422489166 BPR_loss 0.2587057948112488 reg_loss 0.037908054888248444
epoch: 20 s: 256000 batch_loss 0.29676732420921326 BPR_loss 0.25847405195236206 reg_loss 0.0382932685315609
epoch: 20 s: 512000 batch_loss 0.27775341272354126 BPR_loss 0.23852527141571045 reg_loss 0.03922812640666962
+-------+--------------------+-------------------+-----------------+------------------------------------+------------------------------------+------------------------------------+------------------------------------+
| Epoch |  training time(s)  |   tesing time(s)  |       Loss      |               recall               |                ndcg                |             precision              |             hit_ratio              |
+-------+--------------------+-------------------+-----------------+------------------------------------+------------------------------------+------------------------------------+------------------------------------+
|   20  | 106.85447835922241 | 648.4016983509064 | 103.34521484375 | [0.07708122 0.10590332 0.1267306 ] | [0.03652855 0.04273811 0.04662047] | [0.00452195 0.00316412 0.0025472 ] | [0.08823286 0.12160113 0.14563455] |
|   20  | 106.85447835922241 | 575.6085090637207 | 103.34521484375 |  [0.015419  0.0258025 0.0343374]   | [0.00611645 0.0082727  0.0098376 ] | [0.00082012 0.00069784 0.00063295] | [0.01632852 0.02767721 0.03731178] |
+-------+--------------------+-------------------+-----------------+------------------------------------+------------------------------------+------------------------------------+------------------------------------+
epoch: 21 s: 0 batch_loss 0.28611353039741516 BPR_loss 0.24660691618919373 reg_loss 0.03950660675764084
epoch: 21 s: 256000 batch_loss 0.29377874732017517 BPR_loss 0.253290057182312 reg_loss 0.04048868641257286
epoch: 21 s: 512000 batch_loss 0.2741619646549225 BPR_loss 0.23398129642009735 reg_loss 0.04018067568540573
+-------+-------------------+-------------------+------------------+------------------------------------+------------------------------------+------------------------------------+------------------------------------+
| Epoch |  training time(s) |   tesing time(s)  |       Loss       |               recall               |                ndcg                |             precision              |             hit_ratio              |
+-------+-------------------+-------------------+------------------+------------------------------------+------------------------------------+------------------------------------+------------------------------------+
|   21  | 95.11454319953918 | 558.1088931560516 | 99.8035659790039 | [0.07665165 0.10535515 0.12561444] | [0.03637115 0.04254255 0.04633141] | [0.00449644 0.00314172 0.00252537] | [0.08772268 0.12084276 0.14435221] |
|   21  | 95.11454319953918 | 509.8572404384613 | 99.8035659790039 | [0.01542996 0.02610481 0.03460893] | [0.00614577 0.0083648  0.0099229 ] | [0.00082012 0.00070597 0.00063812] | [0.0163433  0.02800231 0.03763687] |
+-------+-------------------+-------------------+------------------+------------------------------------+------------------------------------+------------------------------------+------------------------------------+
epoch: 22 s: 0 batch_loss 0.27323102951049805 BPR_loss 0.23210129141807556 reg_loss 0.041129741817712784
epoch: 22 s: 256000 batch_loss 0.26338428258895874 BPR_loss 0.22163273394107819 reg_loss 0.04175155237317085
epoch: 22 s: 512000 batch_loss 0.2643573582172394 BPR_loss 0.22200386226177216 reg_loss 0.04235348850488663
+-------+-------------------+-------------------+-------------------+------------------------------------+------------------------------------+------------------------------------+------------------------------------+
| Epoch |  training time(s) |   tesing time(s)  |        Loss       |               recall               |                ndcg                |             precision              |             hit_ratio              |
+-------+-------------------+-------------------+-------------------+------------------------------------+------------------------------------+------------------------------------+------------------------------------+
|   22  | 79.74917125701904 | 656.6944968700409 | 96.56946563720703 | [0.07586134 0.10460329 0.12500993] | [0.03608447 0.04226969 0.04608406] | [0.00444887 0.00311897 0.00251342] | [0.08678506 0.12002923 0.14359384] |
|   22  | 79.74917125701904 | 566.3530089855194 | 96.56946563720703 | [0.01535977 0.02619889 0.03478686] | [0.00614614 0.00840454 0.00997662] | [0.00081716 0.00070966 0.00064181] | [0.01626941 0.02816485 0.03784375] |
+-------+-------------------+-------------------+-------------------+------------------------------------+------------------------------------+------------------------------------+------------------------------------+
epoch: 23 s: 0 batch_loss 0.2644193768501282 BPR_loss 0.22153984010219574 reg_loss 0.04287955164909363
epoch: 23 s: 256000 batch_loss 0.2614155411720276 BPR_loss 0.2183123081922531 reg_loss 0.043103232979774475
epoch: 23 s: 512000 batch_loss 0.2575410008430481 BPR_loss 0.21402820944786072 reg_loss 0.04351278394460678
+-------+-------------------+--------------------+------------------+------------------------------------+------------------------------------+------------------------------------+------------------------------------+
| Epoch |  training time(s) |   tesing time(s)   |       Loss       |               recall               |                ndcg                |             precision              |             hit_ratio              |
+-------+-------------------+--------------------+------------------+------------------------------------+------------------------------------+------------------------------------+------------------------------------+
|   23  | 93.34568381309509 | 584.3510136604309  | 93.6421127319336 | [0.07542894 0.10389511 0.12402878] | [0.03586437 0.04199229 0.04575206] | [0.00442267 0.00309863 0.00249228] | [0.08628868 0.11925707 0.14239424] |
|   23  | 93.34568381309509 | 508.12537384033203 | 93.6421127319336 | [0.01555877 0.02617857 0.03480698] | [0.00622378 0.00843693 0.01001905] | [0.00082751 0.00070892 0.00064304] | [0.01647629 0.02815007 0.03793241] |
+-------+-------------------+--------------------+------------------+------------------------------------+------------------------------------+------------------------------------+------------------------------------+
epoch: 24 s: 0 batch_loss 0.2650246322154999 BPR_loss 0.2210896909236908 reg_loss 0.043934937566518784
epoch: 24 s: 256000 batch_loss 0.2527374029159546 BPR_loss 0.208756685256958 reg_loss 0.04398070648312569
epoch: 24 s: 512000 batch_loss 0.25431710481643677 BPR_loss 0.21009314060211182 reg_loss 0.04422396421432495
+-------+-------------------+-------------------+-------------------+------------------------------------+------------------------------------+------------------------------------+------------------------------------+
| Epoch |  training time(s) |   tesing time(s)  |        Loss       |               recall               |                ndcg                |             precision              |             hit_ratio              |
+-------+-------------------+-------------------+-------------------+------------------------------------+------------------------------------+------------------------------------+------------------------------------+
|   24  | 75.94276642799377 | 579.9177856445312 | 90.83770751953125 | [0.0752034  0.10293589 0.1230305 ] | [0.03581473 0.04177836 0.04553415] | [0.00440957 0.00306933 0.00247274] | [0.08601291 0.11805747 0.14116706] |
|   24  | 75.94276642799377 | 560.5499215126038 | 90.83770751953125 | [0.01560901 0.02631278 0.0349444 ] | [0.00624693 0.0084788  0.01006041] | [0.0008312  0.00071336 0.00064575] | [0.01655018 0.02828307 0.03809496] |
+-------+-------------------+-------------------+-------------------+------------------------------------+------------------------------------+------------------------------------+------------------------------------+
epoch: 25 s: 0 batch_loss 0.23657572269439697 BPR_loss 0.19178259372711182 reg_loss 0.044793132692575455
epoch: 25 s: 256000 batch_loss 0.24964916706085205 BPR_loss 0.20360608398914337 reg_loss 0.04604307934641838
epoch: 25 s: 512000 batch_loss 0.2474275827407837 BPR_loss 0.20104101300239563 reg_loss 0.046386562287807465
+-------+------------------+-------------------+-------------------+------------------------------------+------------------------------------+------------------------------------+------------------------------------+
| Epoch | training time(s) |   tesing time(s)  |        Loss       |               recall               |                ndcg                |             precision              |             hit_ratio              |
+-------+------------------+-------------------+-------------------+------------------------------------+------------------------------------+------------------------------------+------------------------------------+
|   25  | 93.4956624507904 | 614.2771782875061 | 88.34677124023438 | [0.07466407 0.10227486 0.12250541] | [0.0355716  0.04150459 0.04528334] | [0.00438338 0.00305002 0.00246286] | [0.08547515 0.11738183 0.14065689] |
|   25  | 93.4956624507904 | 533.4231088161469 | 88.34677124023438 | [0.01553832 0.02632905 0.03518957] | [0.00626373 0.00851775 0.01014239] | [0.00082603 0.00071336 0.00065166] | [0.01644674 0.02829784 0.03846438] |
+-------+------------------+-------------------+-------------------+------------------------------------+------------------------------------+------------------------------------+------------------------------------+
epoch: 26 s: 0 batch_loss 0.2404099553823471 BPR_loss 0.19473737478256226 reg_loss 0.04567257687449455
epoch: 26 s: 256000 batch_loss 0.24498280882835388 BPR_loss 0.19838914275169373 reg_loss 0.04659366235136986
epoch: 26 s: 512000 batch_loss 0.2376856952905655 BPR_loss 0.19043269753456116 reg_loss 0.047252994030714035
+-------+-------------------+-------------------+------------------+------------------------------------+------------------------------------+------------------------------------+------------------------------------+
| Epoch |  training time(s) |   tesing time(s)  |       Loss       |               recall               |                ndcg                |             precision              |             hit_ratio              |
+-------+-------------------+-------------------+------------------+------------------------------------+------------------------------------+------------------------------------+------------------------------------+
|   26  | 82.86472964286804 | 562.2471399307251 | 86.0182876586914 | [0.07445297 0.10141735 0.121329  ] | [0.03542701 0.04122526 0.04494777] | [0.00437235 0.00302624 0.00244034] | [0.08515802 0.11644421 0.1393194 ] |
|   26  | 82.86472964286804 | 579.3450689315796 | 86.0182876586914 | [0.0158112  0.02637361 0.03499697] | [0.00633702 0.00854598 0.0101249 ] | [0.00083859 0.00071594 0.00064698] | [0.01669794 0.02838651 0.03818362] |
+-------+-------------------+-------------------+------------------+------------------------------------+------------------------------------+------------------------------------+------------------------------------+
epoch: 27 s: 0 batch_loss 0.22377336025238037 BPR_loss 0.17617088556289673 reg_loss 0.047602470964193344
epoch: 27 s: 256000 batch_loss 0.23633554577827454 BPR_loss 0.1885152906179428 reg_loss 0.047820258885622025
epoch: 27 s: 512000 batch_loss 0.2344379723072052 BPR_loss 0.18579208850860596 reg_loss 0.048645876348018646
+-------+-------------------+-------------------+------------------+------------------------------------+------------------------------------+------------------------------------+------------------------------------+
| Epoch |  training time(s) |   tesing time(s)  |       Loss       |               recall               |                ndcg                |             precision              |             hit_ratio              |
+-------+-------------------+-------------------+------------------+------------------------------------+------------------------------------+------------------------------------+------------------------------------+
|   27  | 90.09076499938965 | 642.3240106105804 | 83.9376449584961 | [0.07384875 0.10085625 0.12038959] | [0.03521706 0.04102349 0.04467261] | [0.00433512 0.00300831 0.00242058] | [0.08446859 0.11576857 0.13831283] |
|   27  | 90.09076499938965 | 515.3840198516846 | 83.9376449584961 | [0.0160618  0.0264906  0.03513735] | [0.0064229  0.00859783 0.01018051] | [0.00085337 0.0007189  0.00064994] | [0.01697871 0.02850472 0.03836094] |
+-------+-------------------+-------------------+------------------+------------------------------------+------------------------------------+------------------------------------+------------------------------------+
epoch: 28 s: 0 batch_loss 0.2297707498073578 BPR_loss 0.1814144104719162 reg_loss 0.04835633933544159
epoch: 28 s: 256000 batch_loss 0.23091185092926025 BPR_loss 0.18227680027484894 reg_loss 0.048635054379701614
epoch: 28 s: 512000 batch_loss 0.2297549992799759 BPR_loss 0.1809074580669403 reg_loss 0.048847537487745285
+-------+-------------------+-------------------+-------------------+------------------------------------+------------------------------------+------------------------------------+------------------------------------+
| Epoch |  training time(s) |   tesing time(s)  |        Loss       |               recall               |                ndcg                |             precision              |             hit_ratio              |
+-------+-------------------+-------------------+-------------------+------------------------------------+------------------------------------+------------------------------------+------------------------------------+
|   28  | 89.66306042671204 | 549.4091126918793 | 81.86759948730469 | [0.073762   0.10011077 0.11977624] | [0.03510024 0.04076128 0.04443512] | [0.00433374 0.00298763 0.00240909] | [0.08438586 0.11492747 0.13755446] |
|   28  | 89.66306042671204 | 563.9132990837097 | 81.86759948730469 | [0.01618112 0.0266992  0.03512997] | [0.00646496 0.00865343 0.010196  ] | [0.00085928 0.00072518 0.00065019] | [0.0171117  0.02875593 0.03834616] |
+-------+-------------------+-------------------+-------------------+------------------------------------+------------------------------------+------------------------------------+------------------------------------+
epoch: 29 s: 0 batch_loss 0.23235958814620972 BPR_loss 0.18212568759918213 reg_loss 0.05023389682173729
epoch: 29 s: 256000 batch_loss 0.21962127089500427 BPR_loss 0.16893905401229858 reg_loss 0.05068221315741539
epoch: 29 s: 512000 batch_loss 0.22262682020664215 BPR_loss 0.17210279405117035 reg_loss 0.0505240261554718
+-------+-------------------+-------------------+-------------------+------------------------------------+------------------------------------+------------------------------------+------------------------------------+
| Epoch |  training time(s) |   tesing time(s)  |        Loss       |               recall               |                ndcg                |             precision              |             hit_ratio              |
+-------+-------------------+-------------------+-------------------+------------------------------------+------------------------------------+------------------------------------+------------------------------------+
|   29  | 89.84085464477539 | 632.1329958438873 | 80.03006744384766 | [0.07299895 0.09926438 0.11872595] | [0.03476502 0.04041627 0.0440555 ] | [0.00428341 0.00296074 0.0023884 ] | [0.08340687 0.11397606 0.13646517] |
|   29  | 89.84085464477539 |  509.965482711792 | 80.03006744384766 | [0.01616154 0.02666164 0.03478739] | [0.00645189 0.00864153 0.01013326] | [0.0008578  0.00072555 0.00064526] | [0.01706737 0.02874115 0.03805063] |
+-------+-------------------+-------------------+-------------------+------------------------------------+------------------------------------+------------------------------------+------------------------------------+
epoch: 30 s: 0 batch_loss 0.21656811237335205 BPR_loss 0.16654914617538452 reg_loss 0.05001895874738693
epoch: 30 s: 256000 batch_loss 0.22120380401611328 BPR_loss 0.1709229201078415 reg_loss 0.05028088018298149
epoch: 30 s: 512000 batch_loss 0.21321845054626465 BPR_loss 0.16126878559589386 reg_loss 0.05194966122508049
+-------+-------------------+-------------------+------------------+------------------------------------+------------------------------------+------------------------------------+------------------------------------+
| Epoch |  training time(s) |   tesing time(s)  |       Loss       |               recall               |                ndcg                |             precision              |             hit_ratio              |
+-------+-------------------+-------------------+------------------+------------------------------------+------------------------------------+------------------------------------+------------------------------------+
|   30  | 83.77027082443237 | 564.7333552837372 | 78.3255844116211 | [0.07241857 0.09875844 0.11756419] | [0.03460887 0.04027821 0.04379949] | [0.00424687 0.00294592 0.0023668 ] | [0.08275881 0.11343831 0.13515526] |
|   30  | 83.77027082443237 | 574.1805462837219 | 78.3255844116211 | [0.01626055 0.02667642 0.03478605] | [0.00650774 0.00867772 0.01016285] | [0.00086445 0.00072555 0.00064403] | [0.01720036 0.02874115 0.03796196] |
+-------+-------------------+-------------------+------------------+------------------------------------+------------------------------------+------------------------------------+------------------------------------+
epoch: 31 s: 0 batch_loss 0.22397565841674805 BPR_loss 0.1717841923236847 reg_loss 0.05219145864248276
epoch: 31 s: 256000 batch_loss 0.21445868909358978 BPR_loss 0.16240346431732178 reg_loss 0.052055224776268005
epoch: 31 s: 512000 batch_loss 0.21946880221366882 BPR_loss 0.16736087203025818 reg_loss 0.05210793390870094
+-------+-------------------+-------------------+-------------------+------------------------------------+------------------------------------+------------------------------------+------------------------------------+
| Epoch |  training time(s) |   tesing time(s)  |        Loss       |               recall               |                ndcg                |             precision              |             hit_ratio              |
+-------+-------------------+-------------------+-------------------+------------------------------------+------------------------------------+------------------------------------+------------------------------------+
|   31  | 90.36487364768982 | 627.5987112522125 | 76.84028625488281 | [0.07208466 0.0983711  0.11687171] | [0.0344301  0.04007621 0.04353713] | [0.00423032 0.0029342  0.00235118] | [0.08238652 0.1129695  0.13421764] |
|   31  | 90.36487364768982 | 542.1166276931763 | 76.84028625488281 | [0.01621868 0.02673134 0.03466203] | [0.00645991 0.00865399 0.01010776] | [0.00086076 0.00072776 0.0006423 ] | [0.01712648 0.02882981 0.03790286] |
+-------+-------------------+-------------------+-------------------+------------------------------------+------------------------------------+------------------------------------+------------------------------------+
epoch: 32 s: 0 batch_loss 0.21093302965164185 BPR_loss 0.15819425880908966 reg_loss 0.052738770842552185
epoch: 32 s: 256000 batch_loss 0.21366368234157562 BPR_loss 0.16029447317123413 reg_loss 0.05336920917034149
epoch: 32 s: 512000 batch_loss 0.21007348597049713 BPR_loss 0.15698590874671936 reg_loss 0.05308758094906807
+-------+-------------------+-------------------+-------------------+------------------------------------+------------------------------------+------------------------------------+------------------------------------+
| Epoch |  training time(s) |   tesing time(s)  |        Loss       |               recall               |                ndcg                |             precision              |             hit_ratio              |
+-------+-------------------+-------------------+-------------------+------------------------------------+------------------------------------+------------------------------------+------------------------------------+
|   32  | 87.39800357818604 |  566.811496257782 | 75.29962158203125 | [0.0716047  0.09792286 0.1159371 ] | [0.03425838 0.03991972 0.04328976] | [0.00420206 0.00292489 0.00233417] | [0.08175225 0.11262479 0.1331835 ] |
|   32  | 87.39800357818604 | 529.7272043228149 | 75.29962158203125 | [0.01627089 0.02650106 0.03462089] | [0.00648968 0.00863098 0.01011628] | [0.00086593 0.00072333 0.00064107] | [0.01721514 0.02865249 0.03779942] |
+-------+-------------------+-------------------+-------------------+------------------------------------+------------------------------------+------------------------------------+------------------------------------+
epoch: 33 s: 0 batch_loss 0.2119050770998001 BPR_loss 0.1584322154521942 reg_loss 0.0534728579223156
epoch: 33 s: 256000 batch_loss 0.20625156164169312 BPR_loss 0.15260428190231323 reg_loss 0.053647276014089584
epoch: 33 s: 512000 batch_loss 0.19553065299987793 BPR_loss 0.14187723398208618 reg_loss 0.05365341901779175
+-------+------------------+--------------------+-------------------+------------------------------------+------------------------------------+------------------------------------+------------------------------------+
| Epoch | training time(s) |   tesing time(s)   |        Loss       |               recall               |                ndcg                |             precision              |             hit_ratio              |
+-------+------------------+--------------------+-------------------+------------------------------------+------------------------------------+------------------------------------+------------------------------------+
|   33  | 90.4976258277893 | 618.0887942314148  | 73.96131134033203 | [0.0713611  0.09754392 0.11503025] | [0.03403059 0.03965469 0.04292665] | [0.00419103 0.00291524 0.00231579] | [0.08154542 0.11219734 0.13216315] |
|   33  | 90.4976258277893 | 495.16876244544983 | 73.96131134033203 | [0.0162672  0.02637534 0.03444664] | [0.00651196 0.00863002 0.01010703] | [0.00086667 0.00072038 0.00063812] | [0.01722991 0.02853428 0.03762209] |
+-------+------------------+--------------------+-------------------+------------------------------------+------------------------------------+------------------------------------+------------------------------------+
epoch: 34 s: 0 batch_loss 0.21022029221057892 BPR_loss 0.15575870871543884 reg_loss 0.05446157976984978
epoch: 34 s: 256000 batch_loss 0.20109906792640686 BPR_loss 0.14619100093841553 reg_loss 0.054908059537410736
epoch: 34 s: 512000 batch_loss 0.20187988877296448 BPR_loss 0.14723333716392517 reg_loss 0.05464655160903931
+-------+-------------------+-------------------+------------------+------------------------------------+------------------------------------+------------------------------------+------------------------------------+
| Epoch |  training time(s) |   tesing time(s)  |       Loss       |               recall               |                ndcg                |             precision              |             hit_ratio              |
+-------+-------------------+-------------------+------------------+------------------------------------+------------------------------------+------------------------------------+------------------------------------+
|   34  | 79.38897728919983 | 536.6131317615509 | 72.7171630859375 | [0.07080296 0.09682954 0.1139806 ] | [0.0338196  0.03941112 0.04262088] | [0.00415724 0.00289421 0.00229441] | [0.08098009 0.11132866 0.13099112] |
|   34  | 79.38897728919983 | 458.0904772281647 | 72.7171630859375 | [0.01614367 0.02628668 0.03425147] | [0.00647961 0.00861019 0.01006854] | [0.0008615  0.0007189  0.00063541] | [0.01712648 0.02847517 0.03745955] |
+-------+-------------------+-------------------+------------------+------------------------------------+------------------------------------+------------------------------------+------------------------------------+
epoch: 35 s: 0 batch_loss 0.20061057806015015 BPR_loss 0.1451997458934784 reg_loss 0.055410828441381454
epoch: 35 s: 256000 batch_loss 0.20803318917751312 BPR_loss 0.15269237756729126 reg_loss 0.05534081161022186
epoch: 35 s: 512000 batch_loss 0.20386919379234314 BPR_loss 0.1479044258594513 reg_loss 0.055964771658182144
+-------+-------------------+-------------------+-------------------+------------------------------------+------------------------------------+------------------------------------+------------------------------------+
| Epoch |  training time(s) |   tesing time(s)  |        Loss       |               recall               |                ndcg                |             precision              |             hit_ratio              |
+-------+-------------------+-------------------+-------------------+------------------------------------+------------------------------------+------------------------------------+------------------------------------+
|   35  | 82.42535972595215 | 540.6958246231079 | 71.48323822021484 | [0.0703091  0.0960705  0.11377508] | [0.03362013 0.03916134 0.04247642] | [0.00413174 0.00287215 0.00229257] | [0.08044234 0.11047377 0.13088081] |
|   35  | 82.42535972595215 | 442.1506292819977 | 71.48323822021484 | [0.01609284 0.02634775 0.03427597] | [0.00647088 0.00861942 0.01007299] | [0.00085928 0.00071927 0.0006359 ] | [0.01708215 0.02848994 0.03747433] |
+-------+-------------------+-------------------+-------------------+------------------------------------+------------------------------------+------------------------------------+------------------------------------+
epoch: 36 s: 0 batch_loss 0.1986018419265747 BPR_loss 0.142912819981575 reg_loss 0.05568902567028999
epoch: 36 s: 256000 batch_loss 0.18805375695228577 BPR_loss 0.13201315701007843 reg_loss 0.05604059621691704
epoch: 36 s: 512000 batch_loss 0.19640716910362244 BPR_loss 0.14009541273117065 reg_loss 0.056311748921871185
+-------+-------------------+-------------------+------------------+------------------------------------+------------------------------------+------------------------------------+------------------------------------+
| Epoch |  training time(s) |   tesing time(s)  |       Loss       |               recall               |                ndcg                |             precision              |             hit_ratio              |
+-------+-------------------+-------------------+------------------+------------------------------------+------------------------------------+------------------------------------+------------------------------------+
|   36  | 67.26275205612183 | 435.3289225101471 | 70.3780746459961 | [0.07000925 0.09558252 0.11307401] | [0.03344158 0.03893802 0.04221547] | [0.00411726 0.00285802 0.00227925] | [0.08009762 0.10990844 0.13001213] |
|   36  | 67.26275205612183 | 374.9511251449585 | 70.3780746459961 | [0.01611993 0.02620491 0.03418238] | [0.00646402 0.00858154 0.01004286] | [0.00086002 0.00071705 0.00063492] | [0.01709692 0.02840128 0.03741522] |
+-------+-------------------+-------------------+------------------+------------------------------------+------------------------------------+------------------------------------+------------------------------------+
epoch: 37 s: 0 batch_loss 0.19429655373096466 BPR_loss 0.1372801512479782 reg_loss 0.05701640620827675
epoch: 37 s: 256000 batch_loss 0.19400671124458313 BPR_loss 0.13713470101356506 reg_loss 0.05687200278043747
epoch: 37 s: 512000 batch_loss 0.18884213268756866 BPR_loss 0.1315944492816925 reg_loss 0.05724768713116646
+-------+-------------------+-------------------+-------------------+------------------------------------+------------------------------------+------------------------------------+------------------------------------+
| Epoch |  training time(s) |   tesing time(s)  |        Loss       |               recall               |                ndcg                |             precision              |             hit_ratio              |
+-------+-------------------+-------------------+-------------------+------------------------------------+------------------------------------+------------------------------------+------------------------------------+
|   37  | 89.58563494682312 | 424.0067629814148 | 69.39482879638672 | [0.06968384 0.09502111 0.11256675] | [0.03326284 0.03870216 0.04197859] | [0.00409864 0.00284216 0.00226615] | [0.07975291 0.10930175 0.12940544] |
|   37  | 89.58563494682312 | 376.5466146469116 | 69.39482879638672 | [0.01613505 0.02611378 0.03435478] | [0.00647283 0.00856723 0.01007509] | [0.00086076 0.00071373 0.00063836] | [0.01712648 0.02826829 0.03763687] |
+-------+-------------------+-------------------+-------------------+------------------------------------+------------------------------------+------------------------------------+------------------------------------+
epoch: 38 s: 0 batch_loss 0.184816375374794 BPR_loss 0.12738004326820374 reg_loss 0.05743632838129997
epoch: 38 s: 256000 batch_loss 0.1884879469871521 BPR_loss 0.13047276437282562 reg_loss 0.058015190064907074
epoch: 38 s: 512000 batch_loss 0.18406222760677338 BPR_loss 0.12669771909713745 reg_loss 0.05736450478434563
+-------+-------------------+--------------------+-------------------+------------------------------------+------------------------------------+------------------------------------+------------------------------------+
| Epoch |  training time(s) |   tesing time(s)   |        Loss       |               recall               |                ndcg                |             precision              |             hit_ratio              |
+-------+-------------------+--------------------+-------------------+------------------------------------+------------------------------------+------------------------------------+------------------------------------+
|   38  | 74.39310121536255 | 363.87961292266846 | 68.39238739013672 | [0.06927846 0.09432455 0.11175757] | [0.03308633 0.03847285 0.04172839] | [0.00407382 0.00282286 0.00224983] | [0.07921516 0.10852959 0.12852297] |
|   38  | 74.39310121536255 | 332.5144968032837  | 68.39238739013672 | [0.01624342 0.02613188 0.03381789] | [0.00650122 0.00856899 0.00997878] | [0.00086815 0.00071483 0.00062876] | [0.01725947 0.02829784 0.03707535] |
+-------+-------------------+--------------------+-------------------+------------------------------------+------------------------------------+------------------------------------+------------------------------------+
epoch: 39 s: 0 batch_loss 0.1831103265285492 BPR_loss 0.12491998821496964 reg_loss 0.05819033458828926
epoch: 39 s: 256000 batch_loss 0.1955600082874298 BPR_loss 0.1369706392288208 reg_loss 0.05858937278389931
epoch: 39 s: 512000 batch_loss 0.1928408294916153 BPR_loss 0.134282648563385 reg_loss 0.058558184653520584
+-------+-------------------+--------------------+-------------------+------------------------------------+------------------------------------+------------------------------------+------------------------------------+
| Epoch |  training time(s) |   tesing time(s)   |        Loss       |               recall               |                ndcg                |             precision              |             hit_ratio              |
+-------+-------------------+--------------------+-------------------+------------------------------------+------------------------------------+------------------------------------+------------------------------------+
|   39  | 68.57056140899658 | 437.67383456230164 | 67.45104217529297 | [0.06871244 0.09380452 0.11127153] | [0.03289126 0.03828563 0.04155095] | [0.00404418 0.002807   0.00224064] | [0.07864983 0.10796426 0.12797143] |
|   39  | 68.57056140899658 | 381.76518511772156 | 67.45104217529297 | [0.01609776 0.02615084 0.03389054] | [0.00644045 0.0085474  0.00996486] | [0.00085854 0.00071631 0.00063024] | [0.01709692 0.02834217 0.03714923] |
+-------+-------------------+--------------------+-------------------+------------------------------------+------------------------------------+------------------------------------+------------------------------------+
epoch: 40 s: 0 batch_loss 0.1876532882452011 BPR_loss 0.12900876998901367 reg_loss 0.05864451825618744
epoch: 40 s: 256000 batch_loss 0.18984578549861908 BPR_loss 0.1308651864528656 reg_loss 0.05898059532046318
epoch: 40 s: 512000 batch_loss 0.18410725891590118 BPR_loss 0.12505947053432465 reg_loss 0.05904778465628624
+-------+-------------------+--------------------+-------------------+------------------------------------+------------------------------------+------------------------------------+------------------------------------+
| Epoch |  training time(s) |   tesing time(s)   |        Loss       |               recall               |                ndcg                |             precision              |             hit_ratio              |
+-------+-------------------+--------------------+-------------------+------------------------------------+------------------------------------+------------------------------------+------------------------------------+
|   40  | 67.80356025695801 | 386.9577579498291  | 66.65194702148438 | [0.06836635 0.09347685 0.11052191] | [0.03272247 0.03812109 0.04130934] | [0.00402212 0.00279838 0.00222685] | [0.07827754 0.10768849 0.12714412] |
|   40  | 67.80356025695801 | 333.77394223213196 | 66.65194702148438 | [0.01605392 0.02588239 0.033743  ] | [0.00644528 0.00850707 0.00994638] | [0.00085854 0.00070929 0.00062728] | [0.01709692 0.02806141 0.03698669] |
+-------+-------------------+--------------------+-------------------+------------------------------------+------------------------------------+------------------------------------+------------------------------------+
epoch: 41 s: 0 batch_loss 0.18328098952770233 BPR_loss 0.12405039370059967 reg_loss 0.05923059210181236
epoch: 41 s: 256000 batch_loss 0.18143914639949799 BPR_loss 0.12202736735343933 reg_loss 0.05941178277134895
epoch: 41 s: 512000 batch_loss 0.18004187941551208 BPR_loss 0.12036007642745972 reg_loss 0.059681810438632965
+-------+-------------------+--------------------+-------------------+------------------------------------+------------------------------------+------------------------------------+------------------------------------+
| Epoch |  training time(s) |   tesing time(s)   |        Loss       |               recall               |                ndcg                |             precision              |             hit_ratio              |
+-------+-------------------+--------------------+-------------------+------------------------------------+------------------------------------+------------------------------------+------------------------------------+
|   41  | 55.16028881072998 | 375.89329648017883 | 65.76981353759766 | [0.06795683 0.09294398 0.11024773] | [0.03262037 0.03799711 0.04123561] | [0.00399523 0.00278149 0.00222225] | [0.07778115 0.1069577  0.1269235 ] |
|   41  | 55.16028881072998 | 345.8074457645416  | 65.76981353759766 | [0.01602191 0.02591268 0.0334923 ] | [0.0064303  0.00850502 0.00989263] | [0.00085706 0.0007104  0.00062211] | [0.01706737 0.02810574 0.03664682] |
+-------+-------------------+--------------------+-------------------+------------------------------------+------------------------------------+------------------------------------+------------------------------------+
epoch: 42 s: 0 batch_loss 0.1815553903579712 BPR_loss 0.12182865291833878 reg_loss 0.05972674489021301
epoch: 42 s: 256000 batch_loss 0.18119065463542938 BPR_loss 0.1214967891573906 reg_loss 0.059693869203329086
epoch: 42 s: 512000 batch_loss 0.18249920010566711 BPR_loss 0.12204553186893463 reg_loss 0.060453660786151886
+-------+--------------------+--------------------+-----------------+------------------------------------+------------------------------------+------------------------------------+------------------------------------+
| Epoch |  training time(s)  |   tesing time(s)   |       Loss      |               recall               |                ndcg                |             precision              |             hit_ratio              |
+-------+--------------------+--------------------+-----------------+------------------------------------+------------------------------------+------------------------------------+------------------------------------+
|   42  | 63.756205558776855 | 326.92053031921387 | 65.096435546875 | [0.0675391  0.09232169 0.10929712] | [0.03248269 0.03781797 0.04099531] | [0.00397386 0.00276564 0.00220341] | [0.07739507 0.10628206 0.12576526] |
|   42  | 63.756205558776855 | 326.3572955131531  | 65.096435546875 | [0.01609887 0.02581245 0.03348861] | [0.00643605 0.00847087 0.00987642] | [0.00086223 0.00070745 0.0006226 ] | [0.01717081 0.02800231 0.03669115] |
+-------+--------------------+--------------------+-----------------+------------------------------------+------------------------------------+------------------------------------+------------------------------------+
Early stopping is trigger at step: 10 log:0.01609886906497071
early stopping at 42, recall@20:0.0163
