Namespace(K=1, Ks='[20, 40, 60]', alpha=1.5, batch_size=2048, batch_test_flag=True, context_hops=3, cuda=True, data_path='data/', dataset='ali', dim=64, edge_dropout=False, edge_dropout_rate=0.1, epoch=1000, gnn='lightgcn', gpu_id=2, l2=0.001, lr=0.001, mess_dropout=False, mess_dropout_rate=0.1, n_negs=32, neg_mix_num=2, ns='mixgcf', out_dir='./weights/yelp2018/', pool='mean', save=False, test_batch_size=2048, test_flag='part')
reading train and test user-item set ...
building the adj mat ...
loading over ...
卷积器不需要第0层embedding
拿这个最难的neg_item去和pos_item在每一个维度上进行softmax自适应权重,引入alpha超参数来控制模型倾向......
start training ...
epoch: 0 s: 0 batch_loss 0.6931479573249817 BPR_loss 0.6931476593017578 reg_loss 3.08946653149178e-07
epoch: 0 s: 256000 batch_loss 0.6923198699951172 BPR_loss 0.6922535300254822 reg_loss 6.636960461037233e-05
epoch: 0 s: 512000 batch_loss 0.686052143573761 BPR_loss 0.6853529810905457 reg_loss 0.0006991662667132914
+-------+-------------------+--------------------+--------------------+------------------------------------+------------------------------------+------------------------------------+------------------------------------+
| Epoch |  training time(s) |   tesing time(s)   |        Loss        |               recall               |                ndcg                |             precision              |             hit_ratio              |
+-------+-------------------+--------------------+--------------------+------------------------------------+------------------------------------+------------------------------------+------------------------------------+
|   0   | 57.26798486709595 | 384.06151485443115 | 246.73757934570312 | [0.03270811 0.05272837 0.06942284] | [0.01402762 0.01837588 0.02152444] | [0.0021193  0.00171874 0.00151674] | [0.04064861 0.06480613 0.08473057] |
|   0   | 57.26798486709595 |  395.156857252121  | 246.73757934570312 | [0.00380999 0.00761677 0.01100142] | [0.00154016 0.00234046 0.00296097] | [0.00020392 0.00021316 0.00020934] | [0.00401933 0.00834897 0.01227964] |
+-------+-------------------+--------------------+--------------------+------------------------------------+------------------------------------+------------------------------------+------------------------------------+
epoch: 1 s: 0 batch_loss 0.681057870388031 BPR_loss 0.679651141166687 reg_loss 0.0014067571610212326
epoch: 1 s: 256000 batch_loss 0.6791690587997437 BPR_loss 0.6774392127990723 reg_loss 0.0017298631137236953
epoch: 1 s: 512000 batch_loss 0.67508864402771 BPR_loss 0.6726389527320862 reg_loss 0.0024496864061802626
+-------+-------------------+--------------------+-------------------+------------------------------------+------------------------------------+------------------------------------+------------------------------------+
| Epoch |  training time(s) |   tesing time(s)   |        Loss       |               recall               |                ndcg                |             precision              |             hit_ratio              |
+-------+-------------------+--------------------+-------------------+------------------------------------+------------------------------------+------------------------------------+------------------------------------+
|   1   | 67.76590776443481 | 455.40115547180176 | 243.1425323486328 | [0.04462158 0.06888263 0.08831236] | [0.01962863 0.02487955 0.02851812] | [0.00280459 0.00218514 0.00187754] | [0.05391319 0.08282775 0.10566157] |
|   1   | 67.76590776443481 | 367.19243025779724 | 243.1425323486328 | [0.00564787 0.01105191 0.01576625] | [0.00235726 0.00348645 0.00434594] | [0.00030367 0.00030514 0.00029455] | [0.00598466 0.01199888 0.01731858] |
+-------+-------------------+--------------------+-------------------+------------------------------------+------------------------------------+------------------------------------+------------------------------------+
epoch: 2 s: 0 batch_loss 0.6773491501808167 BPR_loss 0.6749904751777649 reg_loss 0.0023586880415678024
epoch: 2 s: 256000 batch_loss 0.6763415336608887 BPR_loss 0.6736487746238708 reg_loss 0.0026927830185741186
epoch: 2 s: 512000 batch_loss 0.6732537746429443 BPR_loss 0.6699468493461609 reg_loss 0.0033069192431867123
+-------+-------------------+--------------------+--------------------+------------------------------------+------------------------------------+------------------------------------+------------------------------------+
| Epoch |  training time(s) |   tesing time(s)   |        Loss        |               recall               |                ndcg                |             precision              |             hit_ratio              |
+-------+-------------------+--------------------+--------------------+------------------------------------+------------------------------------+------------------------------------+------------------------------------+
|   2   | 67.47135806083679 | 400.3445246219635  | 241.18698120117188 | [0.05347569 0.08081099 0.10191427] | [0.02393139 0.02981687 0.03378545] | [0.00328374 0.00250503 0.00213125] | [0.06363411 0.09565109 0.1205532 ] |
|   2   | 67.47135806083679 | 361.59925150871277 | 241.18698120117188 | [0.00701843 0.01318841 0.01911569] | [0.00282426 0.00410144 0.00518185] | [0.00037533 0.00035982 0.00035465] | [0.00741802 0.01420064 0.02092415] |
+-------+-------------------+--------------------+--------------------+------------------------------------+------------------------------------+------------------------------------+------------------------------------+
epoch: 3 s: 0 batch_loss 0.6716447472572327 BPR_loss 0.6680231094360352 reg_loss 0.0036216480657458305
epoch: 3 s: 256000 batch_loss 0.6680595874786377 BPR_loss 0.6641186475753784 reg_loss 0.003940924536436796
epoch: 3 s: 512000 batch_loss 0.6681661009788513 BPR_loss 0.6641228795051575 reg_loss 0.004043220542371273
+-------+-------------------+-------------------+--------------------+------------------------------------+------------------------------------+------------------------------------+------------------------------------+
| Epoch |  training time(s) |   tesing time(s)  |        Loss        |               recall               |                ndcg                |             precision              |             hit_ratio              |
+-------+-------------------+-------------------+--------------------+------------------------------------+------------------------------------+------------------------------------+------------------------------------+
|   3   | 64.31265473365784 |  431.532212972641 | 238.98533630371094 | [0.05916342 0.08930572 0.11089926] | [0.026879   0.03336833 0.03740728] | [0.0035864  0.00274599 0.00229579] | [0.06963212 0.10509624 0.13015002] |
|   3   | 64.31265473365784 | 359.4977741241455 | 238.98533630371094 | [0.00804174 0.01470354 0.02105935] | [0.00320765 0.00459528 0.00575256] | [0.00042779 0.00040267 0.00038962] | [0.00846719 0.01589999 0.02296337] |
+-------+-------------------+-------------------+--------------------+------------------------------------+------------------------------------+------------------------------------+------------------------------------+
epoch: 4 s: 0 batch_loss 0.6653510928153992 BPR_loss 0.6604545712471008 reg_loss 0.004896529018878937
epoch: 4 s: 256000 batch_loss 0.6559464931488037 BPR_loss 0.6508599519729614 reg_loss 0.00508652999997139
epoch: 4 s: 512000 batch_loss 0.6607972979545593 BPR_loss 0.6553982496261597 reg_loss 0.005399026907980442
+-------+-------------------+--------------------+--------------------+------------------------------------+------------------------------------+------------------------------------+------------------------------------+
| Epoch |  training time(s) |   tesing time(s)   |        Loss        |               recall               |                ndcg                |             precision              |             hit_ratio              |
+-------+-------------------+--------------------+--------------------+------------------------------------+------------------------------------+------------------------------------+------------------------------------+
|   4   | 61.16751575469971 | 414.54947233200073 | 236.06394958496094 | [0.06332722 0.09415855 0.11617937] | [0.02885533 0.03548903 0.03961038] | [0.00381115 0.00287767 0.00239254] | [0.07408582 0.11037725 0.1358309 ] |
|   4   | 61.16751575469971 | 374.5180199146271  | 236.06394958496094 | [0.00867099 0.01591402 0.02247843] | [0.0034328  0.0049425  0.00613897] | [0.00046104 0.00043481 0.00041523] | [0.00914693 0.01720036 0.02451495] |
+-------+-------------------+--------------------+--------------------+------------------------------------+------------------------------------+------------------------------------+------------------------------------+
epoch: 5 s: 0 batch_loss 0.6596347689628601 BPR_loss 0.653480052947998 reg_loss 0.006154696922749281
epoch: 5 s: 256000 batch_loss 0.6562916040420532 BPR_loss 0.6502115726470947 reg_loss 0.006080038845539093
epoch: 5 s: 512000 batch_loss 0.6476492881774902 BPR_loss 0.6406309604644775 reg_loss 0.007018310017883778
+-------+-------------------+--------------------+-------------------+------------------------------------+------------------------------------+------------------------------------+------------------------------------+
| Epoch |  training time(s) |   tesing time(s)   |        Loss       |               recall               |                ndcg                |             precision              |             hit_ratio              |
+-------+-------------------+--------------------+-------------------+------------------------------------+------------------------------------+------------------------------------+------------------------------------+
|   5   | 68.69157528877258 | 437.39524126052856 | 232.7538604736328 | [0.06614818 0.09805326 0.11990966] | [0.0302973  0.03717177 0.04125864] | [0.00395731 0.0029866  0.00245919] | [0.07705036 0.1146517  0.13971927] |
|   5   | 68.69157528877258 | 345.31712222099304 | 232.7538604736328 | [0.00932487 0.01696195 0.02423762] | [0.00366771 0.0052566  0.00657809] | [0.00049651 0.00046252 0.00044602] | [0.00982667 0.01832341 0.02637684] |
+-------+-------------------+--------------------+-------------------+------------------------------------+------------------------------------+------------------------------------+------------------------------------+
epoch: 6 s: 0 batch_loss 0.6435607671737671 BPR_loss 0.6360647678375244 reg_loss 0.007495972793549299
epoch: 6 s: 256000 batch_loss 0.6448161005973816 BPR_loss 0.6371806859970093 reg_loss 0.007635393645614386
epoch: 6 s: 512000 batch_loss 0.6409663558006287 BPR_loss 0.6323320269584656 reg_loss 0.008634325116872787
+-------+------------------+--------------------+--------------------+------------------------------------+------------------------------------+------------------------------------+------------------------------------+
| Epoch | training time(s) |   tesing time(s)   |        Loss        |               recall               |                ndcg                |             precision              |             hit_ratio              |
+-------+------------------+--------------------+--------------------+------------------------------------+------------------------------------+------------------------------------+------------------------------------+
|   6   | 67.0614743232727 | 425.72696018218994 | 229.01905822753906 | [0.06836168 0.10027131 0.12242043] | [0.0313148  0.03819149 0.04231759] | [0.00407382 0.00305002 0.00250078] | [0.07943577 0.11720258 0.14224257] |
|   6   | 67.0614743232727 |  333.948326587677  | 229.01905822753906 | [0.00988885 0.01803697 0.02540968] | [0.00390552 0.00559913 0.00693887] | [0.0005268  0.00049133 0.00046818] | [0.0104473  0.01946123 0.02766244] |
+-------+------------------+--------------------+--------------------+------------------------------------+------------------------------------+------------------------------------+------------------------------------+
epoch: 7 s: 0 batch_loss 0.6276456713676453 BPR_loss 0.6179442405700684 reg_loss 0.009701456874608994
epoch: 7 s: 256000 batch_loss 0.6328501105308533 BPR_loss 0.6232183575630188 reg_loss 0.009631750173866749
epoch: 7 s: 512000 batch_loss 0.6246271729469299 BPR_loss 0.6139894127845764 reg_loss 0.01063774898648262
+-------+-------------------+--------------------+------------------+------------------------------------+------------------------------------+------------------------------------+------------------------------------+
| Epoch |  training time(s) |   tesing time(s)   |       Loss       |               recall               |                ndcg                |             precision              |             hit_ratio              |
+-------+-------------------+--------------------+------------------+------------------------------------+------------------------------------+------------------------------------+------------------------------------+
|   7   | 67.22329139709473 | 435.18533873558044 | 225.361572265625 | [0.07040206 0.10258747 0.12456737] | [0.03201951 0.03895189 0.04305208] | [0.00418069 0.00311207 0.00254008] | [0.08155921 0.11957421 0.14443495] |
|   7   | 67.22329139709473 | 383.5375397205353  | 225.361572265625 | [0.01059815 0.01913662 0.02661708] | [0.00415078 0.00592066 0.00727539] | [0.00056596 0.00052052 0.00048813] | [0.01123048 0.02062861 0.02887414] |
+-------+-------------------+--------------------+------------------+------------------------------------+------------------------------------+------------------------------------+------------------------------------+
epoch: 8 s: 0 batch_loss 0.625732421875 BPR_loss 0.6150916814804077 reg_loss 0.01064075343310833
epoch: 8 s: 256000 batch_loss 0.6145005226135254 BPR_loss 0.6028449535369873 reg_loss 0.011655576527118683
epoch: 8 s: 512000 batch_loss 0.6147223711013794 BPR_loss 0.6022895574569702 reg_loss 0.012432842515408993
+-------+-------------------+--------------------+-------------------+------------------------------------+------------------------------------+------------------------------------+------------------------------------+
| Epoch |  training time(s) |   tesing time(s)   |        Loss       |               recall               |                ndcg                |             precision              |             hit_ratio              |
+-------+-------------------+--------------------+-------------------+------------------------------------+------------------------------------+------------------------------------+------------------------------------+
|   8   | 56.42691707611084 | 423.78391337394714 | 221.7759246826172 | [0.07180825 0.10413437 0.12609163] | [0.03269939 0.0396484  0.0437433 ] | [0.0042648  0.00315516 0.00256582] | [0.08315868 0.12129778 0.14633776] |
|   8   | 56.42691707611084 | 325.5593800544739  | 221.7759246826172 | [0.01119464 0.01982867 0.02751661] | [0.00438884 0.00618171 0.00757141] | [0.00059699 0.00053936 0.00050315] | [0.01185111 0.02139701 0.02981987] |
+-------+-------------------+--------------------+-------------------+------------------------------------+------------------------------------+------------------------------------+------------------------------------+
epoch: 9 s: 0 batch_loss 0.6129649877548218 BPR_loss 0.6008672714233398 reg_loss 0.01209769956767559
epoch: 9 s: 256000 batch_loss 0.6159566640853882 BPR_loss 0.6024705171585083 reg_loss 0.01348612830042839
epoch: 9 s: 512000 batch_loss 0.6108633875846863 BPR_loss 0.5972421169281006 reg_loss 0.013621266931295395
+-------+-------------------+--------------------+----------------+------------------------------------+------------------------------------+------------------------------------+------------------------------------+
| Epoch |  training time(s) |   tesing time(s)   |      Loss      |               recall               |                ndcg                |             precision              |             hit_ratio              |
+-------+-------------------+--------------------+----------------+------------------------------------+------------------------------------+------------------------------------+------------------------------------+
|   9   | 69.31003999710083 | 443.92273592948914 | 218.4130859375 | [0.07297698 0.10595909 0.12759196] | [0.03336533 0.04045007 0.04448179] | [0.00433718 0.00320721 0.00259362] | [0.08455132 0.12325575 0.14793723] |
|   9   | 69.31003999710083 | 367.10048031806946 | 218.4130859375 | [0.01170814 0.0205163  0.02867907] | [0.00458447 0.00641291 0.00789325] | [0.00062433 0.00055709 0.00052483] | [0.01239785 0.02210631 0.03109069] |
+-------+-------------------+--------------------+----------------+------------------------------------+------------------------------------+------------------------------------+------------------------------------+
epoch: 10 s: 0 batch_loss 0.6022060513496399 BPR_loss 0.5880424976348877 reg_loss 0.014163567684590816
epoch: 10 s: 256000 batch_loss 0.6009792685508728 BPR_loss 0.586288571357727 reg_loss 0.014690706506371498
epoch: 10 s: 512000 batch_loss 0.5979673266410828 BPR_loss 0.5825467109680176 reg_loss 0.01542063057422638
+-------+-------------------+--------------------+--------------------+------------------------------------+------------------------------------+------------------------------------+------------------------------------+
| Epoch |  training time(s) |   tesing time(s)   |        Loss        |               recall               |                ndcg                |             precision              |             hit_ratio              |
+-------+-------------------+--------------------+--------------------+------------------------------------+------------------------------------+------------------------------------+------------------------------------+
|   10  | 66.38710260391235 | 462.6229214668274  | 215.16517639160156 | [0.07427238 0.10724234 0.12866112] | [0.03388752 0.04097285 0.04496919] | [0.00439785 0.003241   0.00261339] | [0.08575092 0.12456566 0.14902653] |
|   10  | 66.38710260391235 | 335.80466651916504 | 215.16517639160156 | [0.01198275 0.02137508 0.02977428] | [0.00471665 0.00666866 0.00819428] | [0.0006391  0.00057963 0.00054527] | [0.01269339 0.0230077  0.03227284] |
+-------+-------------------+--------------------+--------------------+------------------------------------+------------------------------------+------------------------------------+------------------------------------+
epoch: 11 s: 0 batch_loss 0.6004326939582825 BPR_loss 0.5854098796844482 reg_loss 0.015022838488221169
epoch: 11 s: 256000 batch_loss 0.5915483832359314 BPR_loss 0.575444221496582 reg_loss 0.016104141250252724
epoch: 11 s: 512000 batch_loss 0.5900008678436279 BPR_loss 0.5738387107849121 reg_loss 0.016162144020199776
+-------+-------------------+--------------------+--------------------+------------------------------------+------------------------------------+------------------------------------+------------------------------------+
| Epoch |  training time(s) |   tesing time(s)   |        Loss        |               recall               |                ndcg                |             precision              |             hit_ratio              |
+-------+-------------------+--------------------+--------------------+------------------------------------+------------------------------------+------------------------------------+------------------------------------+
|   11  | 64.65444993972778 |  437.702401638031  | 212.27854919433594 | [0.07525824 0.10738615 0.12938846] | [0.03435599 0.0412675  0.04537805] | [0.00444818 0.00323996 0.00262534] | [0.08677128 0.12445535 0.14974353] |
|   11  | 64.65444993972778 | 370.10743713378906 | 212.27854919433594 | [0.01230735 0.02206467 0.0308567 ] | [0.0048905  0.00692125 0.00851641] | [0.00065831 0.00059773 0.00056399] | [0.01309237 0.02370222 0.03338111] |
+-------+-------------------+--------------------+--------------------+------------------------------------+------------------------------------+------------------------------------+------------------------------------+
epoch: 12 s: 0 batch_loss 0.5895677804946899 BPR_loss 0.5718328952789307 reg_loss 0.017734885215759277
epoch: 12 s: 256000 batch_loss 0.5850086808204651 BPR_loss 0.5675455331802368 reg_loss 0.01746314764022827
epoch: 12 s: 512000 batch_loss 0.5865558981895447 BPR_loss 0.569206953048706 reg_loss 0.01734894886612892
+-------+-------------------+--------------------+--------------------+------------------------------------+------------------------------------+------------------------------------+------------------------------------+
| Epoch |  training time(s) |   tesing time(s)   |        Loss        |               recall               |                ndcg                |             precision              |             hit_ratio              |
+-------+-------------------+--------------------+--------------------+------------------------------------+------------------------------------+------------------------------------+------------------------------------+
|   12  | 68.65022945404053 | 429.94605326652527 | 209.40394592285156 | [0.07583519 0.10792304 0.13043687] | [0.03469838 0.04159883 0.04579657] | [0.00448128 0.00325375 0.0026428 ] | [0.08736418 0.12504826 0.1507501 ] |
|   12  | 68.65022945404053 | 337.00785279273987 | 209.40394592285156 | [0.01289842 0.02290696 0.03157535] | [0.0051046  0.00718763 0.00876077] | [0.00069008 0.00062063 0.00057679] | [0.01372778 0.02458883 0.03416429] |
+-------+-------------------+--------------------+--------------------+------------------------------------+------------------------------------+------------------------------------+------------------------------------+
epoch: 13 s: 0 batch_loss 0.5788058638572693 BPR_loss 0.5602124333381653 reg_loss 0.018593426793813705
epoch: 13 s: 256000 batch_loss 0.5792801380157471 BPR_loss 0.5604198575019836 reg_loss 0.018860293552279472
epoch: 13 s: 512000 batch_loss 0.5742717385292053 BPR_loss 0.5549346208572388 reg_loss 0.019337117671966553
+-------+-------------------+-------------------+--------------------+------------------------------------+------------------------------------+------------------------------------+------------------------------------+
| Epoch |  training time(s) |   tesing time(s)  |        Loss        |               recall               |                ndcg                |             precision              |             hit_ratio              |
+-------+-------------------+-------------------+--------------------+------------------------------------+------------------------------------+------------------------------------+------------------------------------+
|   13  | 70.78118228912354 | 436.5364215373993 | 206.79953002929688 | [0.07627457 0.10820174 0.130926  ] | [0.03491082 0.04178455 0.04602237] | [0.00450541 0.00326099 0.00265337] | [0.08783299 0.12531024 0.15130164] |
|   13  | 70.78118228912354 | 357.2213091850281 | 206.79953002929688 | [0.01360525 0.02361995 0.03223538] | [0.00532583 0.00740731 0.00897303] | [0.00072629 0.0006391  0.00058886] | [0.01445185 0.02534246 0.03488836] |
+-------+-------------------+-------------------+--------------------+------------------------------------+------------------------------------+------------------------------------+------------------------------------+
epoch: 14 s: 0 batch_loss 0.5734970569610596 BPR_loss 0.5538656711578369 reg_loss 0.01963137648999691
epoch: 14 s: 256000 batch_loss 0.5686537027359009 BPR_loss 0.5485804080963135 reg_loss 0.02007329650223255
epoch: 14 s: 512000 batch_loss 0.5709467530250549 BPR_loss 0.5503308773040771 reg_loss 0.02061585709452629
+-------+-------------------+-------------------+-------------------+------------------------------------+------------------------------------+------------------------------------+------------------------------------+
| Epoch |  training time(s) |   tesing time(s)  |        Loss       |               recall               |                ndcg                |             precision              |             hit_ratio              |
+-------+-------------------+-------------------+-------------------+------------------------------------+------------------------------------+------------------------------------+------------------------------------+
|   14  | 72.19778037071228 | 456.1802716255188 | 204.4438934326172 | [0.07677721 0.10873296 0.1309625 ] | [0.03534283 0.04221227 0.04636873] | [0.00453643 0.00327374 0.00265429] | [0.08848105 0.12576526 0.15145331] |
|   14  | 72.19778037071228 | 365.3001215457916 | 204.4438934326172 | [0.01394931 0.02417235 0.03276169] | [0.00547505 0.00760349 0.00916329] | [0.0007455  0.00065499 0.00059822] | [0.01483605 0.02597786 0.03543511] |
+-------+-------------------+-------------------+-------------------+------------------------------------+------------------------------------+------------------------------------+------------------------------------+
epoch: 15 s: 0 batch_loss 0.5659985542297363 BPR_loss 0.5449584722518921 reg_loss 0.021040093153715134
epoch: 15 s: 256000 batch_loss 0.560799777507782 BPR_loss 0.5401052832603455 reg_loss 0.020694471895694733
epoch: 15 s: 512000 batch_loss 0.5660684108734131 BPR_loss 0.544593095779419 reg_loss 0.021475324407219887
+-------+-------------------+-------------------+--------------------+------------------------------------+------------------------------------+------------------------------------+------------------------------------+
| Epoch |  training time(s) |   tesing time(s)  |        Loss        |               recall               |                ndcg                |             precision              |             hit_ratio              |
+-------+-------------------+-------------------+--------------------+------------------------------------+------------------------------------+------------------------------------+------------------------------------+
|   15  | 71.66800379753113 | 428.4926326274872 | 202.16195678710938 | [0.07676281 0.10875238 0.13098363] | [0.03537042 0.04225618 0.04641165] | [0.00452954 0.00327271 0.00265269] | [0.08834317 0.12579284 0.151343  ] |
|   15  | 71.66800379753113 | 358.9637475013733 | 202.16195678710938 | [0.0143872  0.02477316 0.03338355] | [0.00564578 0.00780818 0.00937456] | [0.00076692 0.00066976 0.0006098 ] | [0.01526458 0.0265985  0.03612962] |
+-------+-------------------+-------------------+--------------------+------------------------------------+------------------------------------+------------------------------------+------------------------------------+
epoch: 16 s: 0 batch_loss 0.5616967678070068 BPR_loss 0.5396920442581177 reg_loss 0.02200474962592125
epoch: 16 s: 256000 batch_loss 0.5622914433479309 BPR_loss 0.5395361185073853 reg_loss 0.02275531180202961
epoch: 16 s: 512000 batch_loss 0.5581044554710388 BPR_loss 0.5358240604400635 reg_loss 0.022280406206846237
+-------+-------------------+--------------------+--------------------+------------------------------------+------------------------------------+------------------------------------+------------------------------------+
| Epoch |  training time(s) |   tesing time(s)   |        Loss        |               recall               |                ndcg                |             precision              |             hit_ratio              |
+-------+-------------------+--------------------+--------------------+------------------------------------+------------------------------------+------------------------------------+------------------------------------+
|   16  | 70.37182426452637 | 472.78527879714966 | 200.03158569335938 | [0.07693287 0.10872201 0.13124584] | [0.03561489 0.04244688 0.04665999] | [0.00454332 0.00326754 0.00265659] | [0.08856379 0.12564117 0.15167393] |
|   16  | 70.37182426452637 | 364.46896266937256 | 200.03158569335938 | [0.01484036 0.02527804 0.03379031] | [0.00584358 0.00801509 0.00956763] | [0.00079057 0.00068269 0.00061842] | [0.01572267 0.02708613 0.03663204] |
+-------+-------------------+--------------------+--------------------+------------------------------------+------------------------------------+------------------------------------+------------------------------------+
epoch: 17 s: 0 batch_loss 0.5548298954963684 BPR_loss 0.5316663980484009 reg_loss 0.02316347509622574
epoch: 17 s: 256000 batch_loss 0.5535714030265808 BPR_loss 0.5305527448654175 reg_loss 0.023018669337034225
epoch: 17 s: 512000 batch_loss 0.5485604405403137 BPR_loss 0.5245823860168457 reg_loss 0.023978054523468018
+-------+-------------------+-------------------+--------------------+------------------------------------+------------------------------------+------------------------------------+------------------------------------+
| Epoch |  training time(s) |   tesing time(s)  |        Loss        |               recall               |                ndcg                |             precision              |             hit_ratio              |
+-------+-------------------+-------------------+--------------------+------------------------------------+------------------------------------+------------------------------------+------------------------------------+
|   17  | 75.35743832588196 | 442.1499626636505 | 198.31497192382812 | [0.07702215 0.10861672 0.13115259] | [0.03572077 0.04251984 0.04673035] | [0.00454332 0.00326582 0.00265291] | [0.08857757 0.12558601 0.15156362] |
|   17  | 75.35743832588196 | 381.5419421195984 | 198.31497192382812 | [0.015179   0.02559933 0.03441967] | [0.00597652 0.0081462  0.00975415] | [0.00080904 0.00069045 0.00062925] | [0.01609209 0.02738167 0.03728222] |
+-------+-------------------+-------------------+--------------------+------------------------------------+------------------------------------+------------------------------------+------------------------------------+
epoch: 18 s: 0 batch_loss 0.5477719306945801 BPR_loss 0.5236985683441162 reg_loss 0.024073375388979912
epoch: 18 s: 256000 batch_loss 0.549738347530365 BPR_loss 0.5249937772750854 reg_loss 0.024744585156440735
epoch: 18 s: 512000 batch_loss 0.5560702681541443 BPR_loss 0.5320188999176025 reg_loss 0.02405138500034809
+-------+-------------------+--------------------+--------------------+------------------------------------+------------------------------------+------------------------------------+------------------------------------+
| Epoch |  training time(s) |   tesing time(s)   |        Loss        |               recall               |                ndcg                |             precision              |             hit_ratio              |
+-------+-------------------+--------------------+--------------------+------------------------------------+------------------------------------+------------------------------------+------------------------------------+
|   18  | 66.95572280883789 | 458.3466305732727  | 196.48764038085938 | [0.07726688 0.10871649 0.13112056] | [0.03589302 0.04266121 0.04684686] | [0.00455435 0.00326444 0.00264947] | [0.0889085  0.12546192 0.15128785] |
|   18  | 66.95572280883789 | 363.27123498916626 | 196.48764038085938 | [0.01541851 0.02611294 0.0350009 ] | [0.00610005 0.00832749 0.00994581] | [0.00082086 0.00070412 0.0006391 ] | [0.01632852 0.02792842 0.0378733 ] |
+-------+-------------------+--------------------+--------------------+------------------------------------+------------------------------------+------------------------------------+------------------------------------+
epoch: 19 s: 0 batch_loss 0.5439621806144714 BPR_loss 0.519011378288269 reg_loss 0.024950824677944183
epoch: 19 s: 256000 batch_loss 0.542925238609314 BPR_loss 0.5172477960586548 reg_loss 0.02567741461098194
epoch: 19 s: 512000 batch_loss 0.5415931940078735 BPR_loss 0.5163817405700684 reg_loss 0.025211473926901817
+-------+------------------+--------------------+-------------------+------------------------------------+------------------------------------+------------------------------------+------------------------------------+
| Epoch | training time(s) |   tesing time(s)   |        Loss       |               recall               |                ndcg                |             precision              |             hit_ratio              |
+-------+------------------+--------------------+-------------------+------------------------------------+------------------------------------+------------------------------------+------------------------------------+
|   19  | 64.7361912727356 | 436.8649067878723  | 194.8363494873047 | [0.07750622 0.10896852 0.13136726] | [0.03603131 0.04280135 0.04698708] | [0.00456814 0.00327133 0.00265659] | [0.08912912 0.12575148 0.15166014] |
|   19  | 64.7361912727356 | 386.07601833343506 | 194.8363494873047 | [0.01564201 0.02655871 0.03543731] | [0.00620395 0.00847458 0.01009192] | [0.0008349  0.00071594 0.00064698] | [0.01659451 0.02841606 0.03834616] |
+-------+------------------+--------------------+-------------------+------------------------------------+------------------------------------+------------------------------------+------------------------------------+
epoch: 20 s: 0 batch_loss 0.541244387626648 BPR_loss 0.5159673094749451 reg_loss 0.025277065113186836
epoch: 20 s: 256000 batch_loss 0.5438550114631653 BPR_loss 0.5180953741073608 reg_loss 0.025759628042578697
epoch: 20 s: 512000 batch_loss 0.5325325727462769 BPR_loss 0.5059823989868164 reg_loss 0.02655015140771866
+-------+-------------------+--------------------+-------------------+------------------------------------+------------------------------------+------------------------------------+------------------------------------+
| Epoch |  training time(s) |   tesing time(s)   |        Loss       |               recall               |                ndcg                |             precision              |             hit_ratio              |
+-------+-------------------+--------------------+-------------------+------------------------------------+------------------------------------+------------------------------------+------------------------------------+
|   20  | 69.26186633110046 | 462.73362135887146 | 193.3213348388672 | [0.0775454  0.10904526 0.1316667 ] | [0.03596789 0.04275221 0.04696998] | [0.00457021 0.00327754 0.00266234] | [0.08912912 0.12590315 0.15200485] |
|   20  | 69.26186633110046 |  360.33709192276   | 193.3213348388672 | [0.01594789 0.02671387 0.03577767] | [0.00634568 0.00859047 0.01024167] | [0.00085263 0.00072148 0.00065388] | [0.01694915 0.02865249 0.03873037] |
+-------+-------------------+--------------------+-------------------+------------------------------------+------------------------------------+------------------------------------+------------------------------------+
epoch: 21 s: 0 batch_loss 0.5395044088363647 BPR_loss 0.5130722522735596 reg_loss 0.026432180777192116
epoch: 21 s: 256000 batch_loss 0.5483323335647583 BPR_loss 0.5217242240905762 reg_loss 0.026608094573020935
epoch: 21 s: 512000 batch_loss 0.5346315503120422 BPR_loss 0.5077111721038818 reg_loss 0.026920385658740997
+-------+-------------------+--------------------+--------------------+------------------------------------+------------------------------------+------------------------------------+------------------------------------+
| Epoch |  training time(s) |   tesing time(s)   |        Loss        |               recall               |                ndcg                |             precision              |             hit_ratio              |
+-------+-------------------+--------------------+--------------------+------------------------------------+------------------------------------+------------------------------------+------------------------------------+
|   21  | 68.90802788734436 | 444.6388907432556  | 191.96432495117188 | [0.07729024 0.10894564 0.13159481] | [0.03590697 0.04273227 0.04695327] | [0.00455711 0.00327581 0.00266142] | [0.08892229 0.12586178 0.15188076] |
|   21  | 68.90802788734436 | 361.49548983573914 | 191.96432495117188 | [0.01624343 0.02720028 0.03640421] | [0.00643463 0.00871313 0.01038688] | [0.00086888 0.00073441 0.0006657 ] | [0.01725947 0.02914013 0.03942488] |
+-------+-------------------+--------------------+--------------------+------------------------------------+------------------------------------+------------------------------------+------------------------------------+
epoch: 22 s: 0 batch_loss 0.5291351079940796 BPR_loss 0.5014922618865967 reg_loss 0.027642872184515
epoch: 22 s: 256000 batch_loss 0.5268726944923401 BPR_loss 0.49874597787857056 reg_loss 0.02812669612467289
epoch: 22 s: 512000 batch_loss 0.5293511152267456 BPR_loss 0.5011194944381714 reg_loss 0.028231648728251457
+-------+-------------------+--------------------+--------------------+------------------------------------+------------------------------------+------------------------------------+------------------------------------+
| Epoch |  training time(s) |   tesing time(s)   |        Loss        |               recall               |                ndcg                |             precision              |             hit_ratio              |
+-------+-------------------+--------------------+--------------------+------------------------------------+------------------------------------+------------------------------------+------------------------------------+
|   22  | 76.81476402282715 | 473.4689886569977  | 190.67666625976562 | [0.07736826 0.10870426 0.13148632] | [0.03608757 0.04284062 0.04708729] | [0.00456745 0.00326685 0.00265751] | [0.08904638 0.12550328 0.15164635] |
|   22  | 76.81476402282715 | 373.67492270469666 | 190.67666625976562 | [0.01641263 0.02750813 0.03663695] | [0.00653349 0.00884402 0.01050618] | [0.00087701 0.00074328 0.00067063] | [0.01743679 0.02949478 0.0397352 ] |
+-------+-------------------+--------------------+--------------------+------------------------------------+------------------------------------+------------------------------------+------------------------------------+
epoch: 23 s: 0 batch_loss 0.5328515768051147 BPR_loss 0.504828929901123 reg_loss 0.028022676706314087
epoch: 23 s: 256000 batch_loss 0.5275174379348755 BPR_loss 0.49919942021369934 reg_loss 0.028317999094724655
epoch: 23 s: 512000 batch_loss 0.5228282809257507 BPR_loss 0.49414771795272827 reg_loss 0.02868054434657097
+-------+-------------------+--------------------+-------------------+------------------------------------+------------------------------------+------------------------------------+------------------------------------+
| Epoch |  training time(s) |   tesing time(s)   |        Loss       |               recall               |                ndcg                |             precision              |             hit_ratio              |
+-------+-------------------+--------------------+-------------------+------------------------------------+------------------------------------+------------------------------------+------------------------------------+
|   23  | 67.58600807189941 | 460.30039644241333 | 189.5248260498047 | [0.07735194 0.10877633 0.13152732] | [0.03613135 0.0428956  0.04713945] | [0.00456607 0.00326823 0.00265797] | [0.08906017 0.12542055 0.15163256] |
|   23  | 67.58600807189941 | 364.9979627132416  | 189.5248260498047 | [0.01676974 0.02785292 0.03688783] | [0.00670414 0.00900577 0.0106513 ] | [0.0008977  0.00075252 0.00067555] | [0.01783577 0.0298642  0.04004551] |
+-------+-------------------+--------------------+-------------------+------------------------------------+------------------------------------+------------------------------------+------------------------------------+
epoch: 24 s: 0 batch_loss 0.5329487919807434 BPR_loss 0.504120409488678 reg_loss 0.028828376904129982
epoch: 24 s: 256000 batch_loss 0.5254469513893127 BPR_loss 0.4963177442550659 reg_loss 0.029129227623343468
epoch: 24 s: 512000 batch_loss 0.5272405743598938 BPR_loss 0.49820420145988464 reg_loss 0.029036374762654305
+-------+-------------------+--------------------+--------------------+------------------------------------+------------------------------------+------------------------------------+------------------------------------+
| Epoch |  training time(s) |   tesing time(s)   |        Loss        |               recall               |                ndcg                |             precision              |             hit_ratio              |
+-------+-------------------+--------------------+--------------------+------------------------------------+------------------------------------+------------------------------------+------------------------------------+
|   24  | 69.03587937355042 | 478.2312309741974  | 188.35690307617188 | [0.0772497  0.10852436 0.13112749] | [0.03614147 0.04288127 0.04710152] | [0.00455435 0.00325961 0.00265085] | [0.08889471 0.12514478 0.15124648] |
|   24  | 69.03587937355042 | 396.64735198020935 | 188.35690307617188 | [0.01688426 0.02784233 0.03707905] | [0.00675251 0.00903375 0.01071846] | [0.00090361 0.00075289 0.00067875] | [0.01795398 0.0298642  0.04023761] |
+-------+-------------------+--------------------+--------------------+------------------------------------+------------------------------------+------------------------------------+------------------------------------+
epoch: 25 s: 0 batch_loss 0.5147280693054199 BPR_loss 0.4855870008468628 reg_loss 0.029141055420041084
epoch: 25 s: 256000 batch_loss 0.5290188193321228 BPR_loss 0.4989768862724304 reg_loss 0.030041905120015144
epoch: 25 s: 512000 batch_loss 0.5251284241676331 BPR_loss 0.49453240633010864 reg_loss 0.030596017837524414
+-------+-------------------+--------------------+-------------------+------------------------------------+------------------------------------+------------------------------------+------------------------------------+
| Epoch |  training time(s) |   tesing time(s)   |        Loss       |               recall               |                ndcg                |             precision              |             hit_ratio              |
+-------+-------------------+--------------------+-------------------+------------------------------------+------------------------------------+------------------------------------+------------------------------------+
|   25  | 67.56607007980347 | 444.93695044517517 | 187.3748779296875 | [0.07732324 0.10841187 0.13067875] | [0.03615322 0.04284638 0.04700227] | [0.00456263 0.00325754 0.00264142] | [0.08899123 0.12513099 0.15077767] |
|   25  | 67.56607007980347 | 354.1869947910309  | 187.3748779296875 | [0.01710542 0.02814526 0.0374938 ] | [0.00681895 0.009114   0.01081725] | [0.00091248 0.0007599  0.0006859 ] | [0.01814608 0.03014496 0.04065137] |
+-------+-------------------+--------------------+-------------------+------------------------------------+------------------------------------+------------------------------------+------------------------------------+
epoch: 26 s: 0 batch_loss 0.5220717787742615 BPR_loss 0.49242454767227173 reg_loss 0.029647240415215492
epoch: 26 s: 256000 batch_loss 0.5230928063392639 BPR_loss 0.4928300976753235 reg_loss 0.03026273474097252
epoch: 26 s: 512000 batch_loss 0.5184640884399414 BPR_loss 0.48758605122566223 reg_loss 0.030878018587827682
+-------+-------------------+--------------------+--------------------+------------------------------------+------------------------------------+------------------------------------+------------------------------------+
| Epoch |  training time(s) |   tesing time(s)   |        Loss        |               recall               |                ndcg                |             precision              |             hit_ratio              |
+-------+-------------------+--------------------+--------------------+------------------------------------+------------------------------------+------------------------------------+------------------------------------+
|   26  | 65.53792357444763 | 457.99275946617126 | 186.39706420898438 | [0.07751953 0.10856217 0.13024739] | [0.03620572 0.04288169 0.04692722] | [0.00457917 0.00326444 0.00263407] | [0.08933594 0.12532403 0.15030886] |
|   26  | 65.53792357444763 | 383.9809293746948  | 186.39706420898438 | [0.01722117 0.02847159 0.03768122] | [0.0068879  0.00922656 0.01090331] | [0.00091913 0.00076877 0.00068885] | [0.01827908 0.03051439 0.04084347] |
+-------+-------------------+--------------------+--------------------+------------------------------------+------------------------------------+------------------------------------+------------------------------------+
epoch: 27 s: 0 batch_loss 0.505954921245575 BPR_loss 0.4748435914516449 reg_loss 0.031111324205994606
epoch: 27 s: 256000 batch_loss 0.5162792801856995 BPR_loss 0.485024631023407 reg_loss 0.03125465661287308
epoch: 27 s: 512000 batch_loss 0.5181540846824646 BPR_loss 0.4865022897720337 reg_loss 0.031651802361011505
+-------+------------------+--------------------+--------------------+------------------------------------+------------------------------------+------------------------------------+------------------------------------+
| Epoch | training time(s) |   tesing time(s)   |        Loss        |               recall               |                ndcg                |             precision              |             hit_ratio              |
+-------+------------------+--------------------+--------------------+------------------------------------+------------------------------------+------------------------------------+------------------------------------+
|   27  | 72.3108332157135 | 447.2659776210785  | 185.56605529785156 | [0.07751493 0.10803577 0.13008006] | [0.03622688 0.04279401 0.04690608] | [0.00457504 0.00324617 0.0026281 ] | [0.08929458 0.12464839 0.15010204] |
|   27  | 72.3108332157135 | 348.03439378738403 | 185.56605529785156 | [0.01735909 0.02876047 0.03786688] | [0.00697072 0.00933714 0.01099912] | [0.00092651 0.00077542 0.00069279] | [0.01842685 0.03076559 0.04105035] |
+-------+------------------+--------------------+--------------------+------------------------------------+------------------------------------+------------------------------------+------------------------------------+
epoch: 28 s: 0 batch_loss 0.5140732526779175 BPR_loss 0.4825695753097534 reg_loss 0.03150366619229317
epoch: 28 s: 256000 batch_loss 0.5156279802322388 BPR_loss 0.4843440353870392 reg_loss 0.03128395602107048
epoch: 28 s: 512000 batch_loss 0.519991934299469 BPR_loss 0.48872900009155273 reg_loss 0.03126293048262596
+-------+-------------------+--------------------+--------------------+------------------------------------+------------------------------------+------------------------------------+------------------------------------+
| Epoch |  training time(s) |   tesing time(s)   |        Loss        |               recall               |                ndcg                |             precision              |             hit_ratio              |
+-------+-------------------+--------------------+--------------------+------------------------------------+------------------------------------+------------------------------------+------------------------------------+
|   28  | 67.66831994056702 | 458.9309358596802  | 184.73329162597656 | [0.07756093 0.10799329 0.12965749] | [0.03623904 0.04279104 0.04683819] | [0.00457711 0.00324479 0.00262074] | [0.08932216 0.12460703 0.14960565] |
|   28  | 67.66831994056702 | 376.45717191696167 | 184.73329162597656 | [0.01733692 0.02885455 0.03803277] | [0.00697074 0.00936624 0.011038  ] | [0.00092504 0.00077838 0.00069526] | [0.01839729 0.03091336 0.04121289] |
+-------+-------------------+--------------------+--------------------+------------------------------------+------------------------------------+------------------------------------+------------------------------------+
epoch: 29 s: 0 batch_loss 0.5188056230545044 BPR_loss 0.48657938838005066 reg_loss 0.03222624585032463
epoch: 29 s: 256000 batch_loss 0.5087186694145203 BPR_loss 0.47605007886886597 reg_loss 0.0326685756444931
epoch: 29 s: 512000 batch_loss 0.5181176066398621 BPR_loss 0.48571762442588806 reg_loss 0.03239995613694191
+-------+-------------------+--------------------+-------------------+------------------------------------+------------------------------------+------------------------------------+------------------------------------+
| Epoch |  training time(s) |   tesing time(s)   |        Loss       |               recall               |                ndcg                |             precision              |             hit_ratio              |
+-------+-------------------+--------------------+-------------------+------------------------------------+------------------------------------+------------------------------------+------------------------------------+
|   29  | 66.24917364120483 | 438.52983355522156 | 184.0382843017578 | [0.07728539 0.10782528 0.12950294] | [0.0361822  0.04276426 0.04680395] | [0.00456194 0.00324065 0.00261638] | [0.08899123 0.12444156 0.14937124] |
|   29  | 66.24917364120483 | 335.8059229850769  | 184.0382843017578 | [0.01758321 0.02896908 0.03826428] | [0.00705294 0.00942373 0.01111437] | [0.0009376  0.00078355 0.00069969] | [0.0186485  0.03110546 0.0414641 ] |
+-------+-------------------+--------------------+-------------------+------------------------------------+------------------------------------+------------------------------------+------------------------------------+
epoch: 30 s: 0 batch_loss 0.5083430409431458 BPR_loss 0.4764758348464966 reg_loss 0.03186718001961708
epoch: 30 s: 256000 batch_loss 0.5149506330490112 BPR_loss 0.48306283354759216 reg_loss 0.03188778832554817
epoch: 30 s: 512000 batch_loss 0.5100076794624329 BPR_loss 0.47681063413619995 reg_loss 0.033197060227394104
+-------+-------------------+-------------------+-------------------+------------------------------------+------------------------------------+------------------------------------+------------------------------------+
| Epoch |  training time(s) |   tesing time(s)  |        Loss       |               recall               |                ndcg                |             precision              |             hit_ratio              |
+-------+-------------------+-------------------+-------------------+------------------------------------+------------------------------------+------------------------------------+------------------------------------+
|   30  | 69.04433035850525 | 458.9084224700928 | 183.2449493408203 | [0.07709015 0.10728297 0.12944095] | [0.03618029 0.04268969 0.04681133] | [0.00455366 0.00322548 0.00261362] | [0.0887844  0.12387623 0.14920578] |
|   30  | 69.04433035850525 | 374.6865305900574 | 183.2449493408203 | [0.01771189 0.02892351 0.03846843] | [0.00708375 0.00942042 0.01115701] | [0.00094351 0.00078133 0.00070314] | [0.01879627 0.03103158 0.04167098] |
+-------+-------------------+-------------------+-------------------+------------------------------------+------------------------------------+------------------------------------+------------------------------------+
epoch: 31 s: 0 batch_loss 0.5175588130950928 BPR_loss 0.4842512905597687 reg_loss 0.0333075150847435
epoch: 31 s: 256000 batch_loss 0.5130425691604614 BPR_loss 0.480110764503479 reg_loss 0.032931823283433914
epoch: 31 s: 512000 batch_loss 0.5151944756507874 BPR_loss 0.48231595754623413 reg_loss 0.03287852928042412
+-------+-------------------+--------------------+-------------------+------------------------------------+------------------------------------+------------------------------------+------------------------------------+
| Epoch |  training time(s) |   tesing time(s)   |        Loss       |               recall               |                ndcg                |             precision              |             hit_ratio              |
+-------+-------------------+--------------------+-------------------+------------------------------------+------------------------------------+------------------------------------+------------------------------------+
|   31  | 67.15029621124268 | 445.89517998695374 | 182.6553497314453 | [0.07687063 0.10749039 0.12875371] | [0.03614377 0.04273719 0.04669836] | [0.00453712 0.00322997 0.00260006] | [0.08849484 0.12394518 0.14843362] |
|   31  | 67.15029621124268 | 318.00277042388916 | 182.6553497314453 | [0.01771374 0.0291427  0.03876766] | [0.00709479 0.00947801 0.01122558] | [0.00094425 0.00078798 0.00070855] | [0.01879627 0.03128279 0.04198129] |
+-------+-------------------+--------------------+-------------------+------------------------------------+------------------------------------+------------------------------------+------------------------------------+
epoch: 32 s: 0 batch_loss 0.5030292868614197 BPR_loss 0.46932798624038696 reg_loss 0.033701322972774506
epoch: 32 s: 256000 batch_loss 0.5081223845481873 BPR_loss 0.47411781549453735 reg_loss 0.03400459513068199
epoch: 32 s: 512000 batch_loss 0.5102264881134033 BPR_loss 0.47646284103393555 reg_loss 0.03376367315649986
+-------+-------------------+--------------------+----------------+------------------------------------+------------------------------------+------------------------------------+------------------------------------+
| Epoch |  training time(s) |   tesing time(s)   |      Loss      |               recall               |                ndcg                |             precision              |             hit_ratio              |
+-------+-------------------+--------------------+----------------+------------------------------------+------------------------------------+------------------------------------+------------------------------------+
|   32  | 62.00820255279541 | 416.99928736686707 | 182.0322265625 | [0.07713031 0.1072909  0.12888853] | [0.03623113 0.04273123 0.04675171] | [0.00455711 0.00322686 0.00260374] | [0.08883956 0.12386245 0.14843362] |
|   32  | 62.00820255279541 | 343.0065829753876  | 182.0322265625 | [0.01779747 0.02934958 0.03886445] | [0.00712575 0.00953477 0.01126135] | [0.00094942 0.00079463 0.00071052] | [0.01889971 0.03154877 0.04211428] |
+-------+-------------------+--------------------+----------------+------------------------------------+------------------------------------+------------------------------------+------------------------------------+
epoch: 33 s: 0 batch_loss 0.5090826749801636 BPR_loss 0.475283682346344 reg_loss 0.03379902243614197
epoch: 33 s: 256000 batch_loss 0.5102629065513611 BPR_loss 0.4766077697277069 reg_loss 0.03365512564778328
epoch: 33 s: 512000 batch_loss 0.5026850700378418 BPR_loss 0.4686304032802582 reg_loss 0.034054648131132126
+-------+-------------------+--------------------+--------------------+------------------------------------+------------------------------------+------------------------------------+------------------------------------+
| Epoch |  training time(s) |   tesing time(s)   |        Loss        |               recall               |                ndcg                |             precision              |             hit_ratio              |
+-------+-------------------+--------------------+--------------------+------------------------------------+------------------------------------+------------------------------------+------------------------------------+
|   33  | 69.46718502044678 | 401.6371359825134  | 181.43540954589844 | [0.07690368 0.10690836 0.12861403] | [0.03608218 0.04256116 0.04659576] | [0.00454057 0.00321721 0.00259684] | [0.08855    0.12349015 0.14813027] |
|   33  | 69.46718502044678 | 331.00176644325256 | 181.43540954589844 | [0.01791138 0.02939884 0.03878995] | [0.00714939 0.009544   0.0112517 ] | [0.00095385 0.00079611 0.00070979] | [0.01900315 0.03160788 0.04205518] |
+-------+-------------------+--------------------+--------------------+------------------------------------+------------------------------------+------------------------------------+------------------------------------+
epoch: 34 s: 0 batch_loss 0.508367121219635 BPR_loss 0.474187433719635 reg_loss 0.034179676324129105
epoch: 34 s: 256000 batch_loss 0.5065290927886963 BPR_loss 0.47176891565322876 reg_loss 0.034760162234306335
epoch: 34 s: 512000 batch_loss 0.5023447871208191 BPR_loss 0.46777403354644775 reg_loss 0.034570757299661636
+-------+-------------------+--------------------+--------------------+------------------------------------+------------------------------------+------------------------------------+------------------------------------+
| Epoch |  training time(s) |   tesing time(s)   |        Loss        |               recall               |                ndcg                |             precision              |             hit_ratio              |
+-------+-------------------+--------------------+--------------------+------------------------------------+------------------------------------+------------------------------------+------------------------------------+
|   34  | 68.64924883842468 | 376.47139072418213 | 180.92977905273438 | [0.076757   0.10653125 0.12812013] | [0.03606515 0.04248783 0.04650031] | [0.00453505 0.00320618 0.00258719] | [0.08834317 0.12313165 0.14760631] |
|   34  | 68.64924883842468 | 320.8501033782959  | 180.92977905273438 | [0.01794832 0.02934137 0.03893563] | [0.0071917  0.00957137 0.01131772] | [0.00095607 0.00079537 0.00071348] | [0.01904748 0.03154877 0.04227683] |
+-------+-------------------+--------------------+--------------------+------------------------------------+------------------------------------+------------------------------------+------------------------------------+
epoch: 35 s: 0 batch_loss 0.5098788738250732 BPR_loss 0.47517114877700806 reg_loss 0.0347076952457428
epoch: 35 s: 256000 batch_loss 0.5118123292922974 BPR_loss 0.47679829597473145 reg_loss 0.03501405939459801
epoch: 35 s: 512000 batch_loss 0.509519100189209 BPR_loss 0.47444766759872437 reg_loss 0.03507144749164581
+-------+--------------------+--------------------+-------------------+------------------------------------+------------------------------------+------------------------------------+------------------------------------+
| Epoch |  training time(s)  |   tesing time(s)   |        Loss       |               recall               |                ndcg                |             precision              |             hit_ratio              |
+-------+--------------------+--------------------+-------------------+------------------------------------+------------------------------------+------------------------------------+------------------------------------+
|   35  | 62.782222509384155 | 401.0506806373596  | 180.4345245361328 | [0.07660096 0.1064349  0.12790042] | [0.03601581 0.04245962 0.04644943] | [0.0045185  0.00320342 0.00258259] | [0.08815013 0.12302134 0.14739948] |
|   35  | 62.782222509384155 | 347.11175870895386 | 180.4345245361328 | [0.01823647 0.02938357 0.03883922] | [0.00727388 0.00959849 0.01132115] | [0.00097011 0.00079574 0.00071176] | [0.01932824 0.03156355 0.04217339] |
+-------+--------------------+--------------------+-------------------+------------------------------------+------------------------------------+------------------------------------+------------------------------------+
epoch: 36 s: 0 batch_loss 0.5034821033477783 BPR_loss 0.4685460925102234 reg_loss 0.034935981035232544
epoch: 36 s: 256000 batch_loss 0.4971112012863159 BPR_loss 0.46186354756355286 reg_loss 0.03524766117334366
epoch: 36 s: 512000 batch_loss 0.5036289691925049 BPR_loss 0.4687836468219757 reg_loss 0.03484533727169037
+-------+------------------+--------------------+-------------------+------------------------------------+------------------------------------+------------------------------------+------------------------------------+
| Epoch | training time(s) |   tesing time(s)   |        Loss       |               recall               |                ndcg                |             precision              |             hit_ratio              |
+-------+------------------+--------------------+-------------------+------------------------------------+------------------------------------+------------------------------------+------------------------------------+
|   36  | 68.8820686340332 | 365.02095198631287 | 179.9078369140625 | [0.07661636 0.10611456 0.12759371] | [0.03598776 0.04235916 0.04635507] | [0.00452333 0.00319549 0.00257846] | [0.08815013 0.12267663 0.14702719] |
|   36  | 68.8820686340332 | 257.77544236183167 | 179.9078369140625 | [0.0180887  0.02969429 0.03878824] | [0.00725877 0.009677   0.01133249] | [0.00096346 0.0008046  0.00071052] | [0.01919525 0.03193297 0.04211428] |
+-------+------------------+--------------------+-------------------+------------------------------------+------------------------------------+------------------------------------+------------------------------------+
epoch: 37 s: 0 batch_loss 0.5010361671447754 BPR_loss 0.46528246998786926 reg_loss 0.03575369715690613
epoch: 37 s: 256000 batch_loss 0.49974915385246277 BPR_loss 0.4643699824810028 reg_loss 0.035379160195589066
epoch: 37 s: 512000 batch_loss 0.5003306269645691 BPR_loss 0.46446937322616577 reg_loss 0.035861264914274216
+-------+-------------------+-------------------+-------------------+------------------------------------+------------------------------------+------------------------------------+------------------------------------+
| Epoch |  training time(s) |   tesing time(s)  |        Loss       |               recall               |                ndcg                |             precision              |             hit_ratio              |
+-------+-------------------+-------------------+-------------------+------------------------------------+------------------------------------+------------------------------------+------------------------------------+
|   37  | 58.89614915847778 |  322.121160030365 | 179.4859619140625 | [0.07628946 0.10578922 0.12727611] | [0.03588276 0.04225177 0.04625202] | [0.00450127 0.00318171 0.00257018] | [0.0877089  0.1222354  0.14662732] |
|   37  | 58.89614915847778 | 270.7501153945923 | 179.4859619140625 | [0.01839409 0.02948865 0.03882666] | [0.007332   0.00964135 0.01134268] | [0.00097897 0.00079869 0.00071052] | [0.01950556 0.03171132 0.04214384] |
+-------+-------------------+-------------------+-------------------+------------------------------------+------------------------------------+------------------------------------+------------------------------------+
epoch: 38 s: 0 batch_loss 0.49495241045951843 BPR_loss 0.4593498110771179 reg_loss 0.03560260310769081
epoch: 38 s: 256000 batch_loss 0.49480167031288147 BPR_loss 0.4586924910545349 reg_loss 0.03610917925834656
epoch: 38 s: 512000 batch_loss 0.496601939201355 BPR_loss 0.4608585834503174 reg_loss 0.0357433557510376
+-------+-------------------+--------------------+-------------------+------------------------------------+------------------------------------+------------------------------------+------------------------------------+
| Epoch |  training time(s) |   tesing time(s)   |        Loss       |               recall               |                ndcg                |             precision              |             hit_ratio              |
+-------+-------------------+--------------------+-------------------+------------------------------------+------------------------------------+------------------------------------+------------------------------------+
|   38  | 58.16565155982971 | 313.1274869441986  | 179.1132354736328 | [0.07627912 0.10559462 0.12675157] | [0.03586071 0.04218288 0.04612028] | [0.00450472 0.00317653 0.00255915] | [0.08777784 0.12197342 0.14597926] |
|   38  | 58.16565155982971 | 267.92666935920715 | 179.1132354736328 | [0.0182611  0.02958839 0.03880327] | [0.00731056 0.00967066 0.01134748] | [0.00097232 0.00080202 0.00071052] | [0.01937257 0.03182953 0.04214384] |
+-------+-------------------+--------------------+-------------------+------------------------------------+------------------------------------+------------------------------------+------------------------------------+
epoch: 39 s: 0 batch_loss 0.4938022196292877 BPR_loss 0.4577314257621765 reg_loss 0.03607078641653061
epoch: 39 s: 256000 batch_loss 0.5085834264755249 BPR_loss 0.472467839717865 reg_loss 0.03611559420824051
epoch: 39 s: 512000 batch_loss 0.5055387616157532 BPR_loss 0.4696335792541504 reg_loss 0.03590518236160278
+-------+-------------------+--------------------+--------------------+------------------------------------+------------------------------------+------------------------------------+------------------------------------+
| Epoch |  training time(s) |   tesing time(s)   |        Loss        |               recall               |                ndcg                |             precision              |             hit_ratio              |
+-------+-------------------+--------------------+--------------------+------------------------------------+------------------------------------+------------------------------------+------------------------------------+
|   39  | 59.89739799499512 | 321.8584177494049  | 178.63699340820312 | [0.07616937 0.10594685 0.12636536] | [0.03588838 0.04230088 0.04610386] | [0.00449713 0.00318688 0.00255249] | [0.08761238 0.12234571 0.1456897 ] |
|   39  | 59.89739799499512 | 265.88459038734436 | 178.63699340820312 | [0.01825371 0.02968863 0.03894673] | [0.00732203 0.00970495 0.01139241] | [0.00097158 0.00080497 0.00071447] | [0.01937257 0.03196253 0.04236549] |
+-------+-------------------+--------------------+--------------------+------------------------------------+------------------------------------+------------------------------------+------------------------------------+
epoch: 40 s: 0 batch_loss 0.49523696303367615 BPR_loss 0.45921850204467773 reg_loss 0.036018457263708115
epoch: 40 s: 256000 batch_loss 0.5033197999000549 BPR_loss 0.4669113755226135 reg_loss 0.03640841692686081
epoch: 40 s: 512000 batch_loss 0.4963512122631073 BPR_loss 0.4599496126174927 reg_loss 0.036401599645614624
+-------+--------------------+-------------------+--------------------+------------------------------------+------------------------------------+------------------------------------+------------------------------------+
| Epoch |  training time(s)  |   tesing time(s)  |        Loss        |               recall               |                ndcg                |             precision              |             hit_ratio              |
+-------+--------------------+-------------------+--------------------+------------------------------------+------------------------------------+------------------------------------+------------------------------------+
|   40  | 54.156208992004395 | 296.0409231185913 | 178.32015991210938 | [0.07619466 0.10585641 0.12625932] | [0.03586821 0.04225195 0.04604944] | [0.00449989 0.00318446 0.00255042] | [0.08766753 0.12219403 0.14553803] |
|   40  | 54.156208992004395 |  279.662184715271 | 178.32015991210938 | [0.01814104 0.02956426 0.03893811] | [0.00730505 0.00968896 0.01139763] | [0.00096641 0.00080202 0.00071422] | [0.01925436 0.03184431 0.04235072] |
+-------+--------------------+-------------------+--------------------+------------------------------------+------------------------------------+------------------------------------+------------------------------------+
epoch: 41 s: 0 batch_loss 0.5025569796562195 BPR_loss 0.46628254652023315 reg_loss 0.03627442196011543
epoch: 41 s: 256000 batch_loss 0.4945673644542694 BPR_loss 0.4581964612007141 reg_loss 0.0363709032535553
epoch: 41 s: 512000 batch_loss 0.49519577622413635 BPR_loss 0.4584420919418335 reg_loss 0.036753688007593155
+-------+-------------------+--------------------+--------------------+------------------------------------+------------------------------------+------------------------------------+------------------------------------+
| Epoch |  training time(s) |   tesing time(s)   |        Loss        |               recall               |                ndcg                |             precision              |             hit_ratio              |
+-------+-------------------+--------------------+--------------------+------------------------------------+------------------------------------+------------------------------------+------------------------------------+
|   41  | 54.22610139846802 |  322.230117559433  | 177.96151733398438 | [0.07630287 0.10553274 0.1262259 ] | [0.03596975 0.04227009 0.04611943] | [0.00450334 0.00317826 0.0025518 ] | [0.08775026 0.12194584 0.14555182] |
|   41  | 54.22610139846802 | 276.43067359924316 | 177.96151733398438 | [0.01803637 0.02953101 0.03911592] | [0.00728662 0.00969216 0.01143928] | [0.00095976 0.00080202 0.00071841] | [0.01910659 0.03181476 0.04254282] |
+-------+-------------------+--------------------+--------------------+------------------------------------+------------------------------------+------------------------------------+------------------------------------+
epoch: 42 s: 0 batch_loss 0.49386459589004517 BPR_loss 0.4572404623031616 reg_loss 0.03662411868572235
epoch: 42 s: 256000 batch_loss 0.5003207921981812 BPR_loss 0.4638589024543762 reg_loss 0.03646190091967583
epoch: 42 s: 512000 batch_loss 0.49989739060401917 BPR_loss 0.4632037281990051 reg_loss 0.03669366240501404
+-------+-------------------+-------------------+-------------------+------------------------------------+------------------------------------+------------------------------------+------------------------------------+
| Epoch |  training time(s) |   tesing time(s)  |        Loss       |               recall               |                ndcg                |             precision              |             hit_ratio              |
+-------+-------------------+-------------------+-------------------+------------------------------------+------------------------------------+------------------------------------+------------------------------------+
|   42  | 55.43010187149048 | 294.0935425758362 | 177.5804901123047 | [0.0758945  0.1054975  0.12594623] | [0.03584514 0.04222989 0.04602533] | [0.00448196 0.00318102 0.0025449 ] | [0.08732282 0.12202857 0.14515195] |
|   42  | 55.43010187149048 | 275.5272195339203 | 177.5804901123047 | [0.01803452 0.02968617 0.03914671] | [0.00728581 0.00971952 0.01144463] | [0.00095976 0.0008046  0.00071816] | [0.01912136 0.03193297 0.04257237] |
+-------+-------------------+-------------------+-------------------+------------------------------------+------------------------------------+------------------------------------+------------------------------------+
epoch: 43 s: 0 batch_loss 0.4964139461517334 BPR_loss 0.45936471223831177 reg_loss 0.03704924136400223
epoch: 43 s: 256000 batch_loss 0.503019392490387 BPR_loss 0.46599531173706055 reg_loss 0.03702407702803612
epoch: 43 s: 512000 batch_loss 0.5014227032661438 BPR_loss 0.46455442905426025 reg_loss 0.03686826676130295
+-------+-------------------+--------------------+-------------------+------------------------------------+------------------------------------+------------------------------------+------------------------------------+
| Epoch |  training time(s) |   tesing time(s)   |        Loss       |               recall               |                ndcg                |             precision              |             hit_ratio              |
+-------+-------------------+--------------------+-------------------+------------------------------------+------------------------------------+------------------------------------+------------------------------------+
|   43  | 56.55117225646973 | 327.9816472530365  | 177.2779541015625 | [0.07571974 0.10469852 0.12583618] | [0.03578783 0.04204032 0.04597348] | [0.00447576 0.00315275 0.00254399] | [0.08717114 0.12106337 0.14505543] |
|   43  | 56.55117225646973 | 275.48636269569397 | 177.2779541015625 | [0.01819891 0.02971449 0.03903169] | [0.00734512 0.00974918 0.01144743] | [0.00097011 0.00080645 0.0007157 ] | [0.01931346 0.03200686 0.04243938] |
+-------+-------------------+--------------------+-------------------+------------------------------------+------------------------------------+------------------------------------+------------------------------------+
epoch: 44 s: 0 batch_loss 0.49397027492523193 BPR_loss 0.4571004807949066 reg_loss 0.036869801580905914
epoch: 44 s: 256000 batch_loss 0.49618226289749146 BPR_loss 0.4586217999458313 reg_loss 0.03756047412753105
epoch: 44 s: 512000 batch_loss 0.4916849434375763 BPR_loss 0.4540712833404541 reg_loss 0.03761366382241249
+-------+-------------------+-------------------+------------------+------------------------------------+------------------------------------+------------------------------------+------------------------------------+
| Epoch |  training time(s) |   tesing time(s)  |       Loss       |               recall               |                ndcg                |             precision              |             hit_ratio              |
+-------+-------------------+-------------------+------------------+------------------------------------+------------------------------------+------------------------------------+------------------------------------+
|   44  | 56.09346842765808 | 286.4453694820404 | 177.057373046875 | [0.07558975 0.10460701 0.12497287] | [0.03573844 0.04199954 0.04579673] | [0.00446542 0.00315103 0.00252859] | [0.08696432 0.12093928 0.14415917] |
|   44  | 56.09346842765808 | 206.8372175693512 | 177.057373046875 | [0.01807577 0.02982039 0.03911912] | [0.00732024 0.00977617 0.01147134] | [0.00096272 0.0008083  0.00071717] | [0.01916569 0.03208074 0.04249849] |
+-------+-------------------+-------------------+------------------+------------------------------------+------------------------------------+------------------------------------+------------------------------------+
epoch: 45 s: 0 batch_loss 0.48918572068214417 BPR_loss 0.4516852796077728 reg_loss 0.03750043734908104
epoch: 45 s: 256000 batch_loss 0.4988587498664856 BPR_loss 0.4615251421928406 reg_loss 0.037333592772483826
epoch: 45 s: 512000 batch_loss 0.48938944935798645 BPR_loss 0.45182937383651733 reg_loss 0.03756006807088852
+-------+--------------------+--------------------+--------------------+------------------------------------+------------------------------------+------------------------------------+------------------------------------+
| Epoch |  training time(s)  |   tesing time(s)   |        Loss        |               recall               |                ndcg                |             precision              |             hit_ratio              |
+-------+--------------------+--------------------+--------------------+------------------------------------+------------------------------------+------------------------------------+------------------------------------+
|   45  | 51.628618478775024 | 267.07492756843567 | 176.70823669433594 | [0.07550219 0.10438697 0.1248761 ] | [0.03569215 0.04192563 0.04574844] | [0.00445783 0.00314172 0.00252606] | [0.08688158 0.12063593 0.14399371] |
|   45  | 51.628618478775024 | 208.4078779220581  | 176.70823669433594 | [0.01800927 0.02988935 0.03914745] | [0.00728127 0.00976457 0.01145048] | [0.00095902 0.00081088 0.00071791] | [0.01909181 0.0321694  0.04255759] |
+-------+--------------------+--------------------+--------------------+------------------------------------+------------------------------------+------------------------------------+------------------------------------+
epoch: 46 s: 0 batch_loss 0.4954327344894409 BPR_loss 0.45808637142181396 reg_loss 0.03734636306762695
epoch: 46 s: 256000 batch_loss 0.4941251277923584 BPR_loss 0.45662128925323486 reg_loss 0.03750383481383324
epoch: 46 s: 512000 batch_loss 0.49295473098754883 BPR_loss 0.4554935097694397 reg_loss 0.03746122121810913
+-------+-------------------+--------------------+--------------------+------------------------------------+------------------------------------+------------------------------------+------------------------------------+
| Epoch |  training time(s) |   tesing time(s)   |        Loss        |               recall               |                ndcg                |             precision              |             hit_ratio              |
+-------+-------------------+--------------------+--------------------+------------------------------------+------------------------------------+------------------------------------+------------------------------------+
|   46  | 51.76429343223572 | 249.24422192573547 | 176.45797729492188 | [0.07570178 0.10446612 0.12497233] | [0.03579693 0.0420022  0.04582999] | [0.00447024 0.00314413 0.00252974] | [0.08711599 0.12076002 0.14404887] |
|   46  | 51.76429343223572 | 189.6545431613922  | 176.45797729492188 | [0.01809055 0.02970784 0.0391972 ] | [0.0073176  0.00974598 0.01147152] | [0.00096346 0.00080608 0.0007189 ] | [0.01918047 0.03199208 0.04260192] |
+-------+-------------------+--------------------+--------------------+------------------------------------+------------------------------------+------------------------------------+------------------------------------+
epoch: 47 s: 0 batch_loss 0.4925750494003296 BPR_loss 0.45491883158683777 reg_loss 0.03765622898936272
epoch: 47 s: 256000 batch_loss 0.48533105850219727 BPR_loss 0.4470180571079254 reg_loss 0.03831300884485245
epoch: 47 s: 512000 batch_loss 0.4940696954727173 BPR_loss 0.45588329434394836 reg_loss 0.038186389952898026
+-------+--------------------+--------------------+--------------------+------------------------------------+------------------------------------+------------------------------------+------------------------------------+
| Epoch |  training time(s)  |   tesing time(s)   |        Loss        |               recall               |                ndcg                |             precision              |             hit_ratio              |
+-------+--------------------+--------------------+--------------------+------------------------------------+------------------------------------+------------------------------------+------------------------------------+
|   47  | 51.680835485458374 | 249.15393805503845 | 176.17794799804688 | [0.07553346 0.10428802 0.12492564] | [0.03571317 0.04191321 0.04575969] | [0.00446818 0.00314    0.00252836] | [0.08703326 0.12053941 0.1440075 ] |
|   47  | 51.680835485458374 | 215.45595979690552 | 176.17794799804688 | [0.01817428 0.02972286 0.03902665] | [0.00735226 0.00976736 0.01146014] | [0.00096567 0.00080719 0.00071594] | [0.01923958 0.03203641 0.04240982] |
+-------+--------------------+--------------------+--------------------+------------------------------------+------------------------------------+------------------------------------+------------------------------------+
Early stopping is trigger at step: 10 log:0.01817428418029811
early stopping at 47, recall@20:0.0184
