Namespace(K=1, Ks='[20, 40, 60]', alpha=0.0, batch_size=2048, batch_test_flag=True, context_hops=3, cuda=True, data_path='data/', dataset='amazon', dim=64, edge_dropout=False, edge_dropout_rate=0.1, epoch=1000, gnn='lightgcn', gpu_id=2, l2=0.001, lr=0.001, mess_dropout=False, mess_dropout_rate=0.1, n_negs=16, neg_mix_num=2, ns='mixgcf', out_dir='./weights/yelp2018/', pool='mean', save=False, test_batch_size=2048, test_flag='part')
reading train and test user-item set ...
building the adj mat ...
loading over ...
卷积器不需要第0层embedding
拿这个最难的neg_item去和pos_item在每一个维度上进行softmax自适应权重,引入alpha超参数来控制模型倾向......
start training ...
epoch: 0 s: 0 batch_loss 0.6931478977203369 BPR_loss 0.6931476593017578 reg_loss 2.1523693760627793e-07
epoch: 0 s: 256000 batch_loss 0.6887950897216797 BPR_loss 0.6875559687614441 reg_loss 0.0012391171185299754
epoch: 0 s: 512000 batch_loss 0.6778782606124878 BPR_loss 0.67266845703125 reg_loss 0.005209802649915218
epoch: 0 s: 768000 batch_loss 0.669234573841095 BPR_loss 0.6610162258148193 reg_loss 0.008218358270823956
epoch: 0 s: 1024000 batch_loss 0.6661821603775024 BPR_loss 0.657249927520752 reg_loss 0.008932257071137428
epoch: 0 s: 1280000 batch_loss 0.6591295003890991 BPR_loss 0.6487900018692017 reg_loss 0.01033951435238123
+-------+-------------------+-------------------+-------------------+------------------------------------+------------------------------------+------------------------------------+------------------------------------+
| Epoch |  training time(s) |   tesing time(s)  |        Loss       |               recall               |                ndcg                |             precision              |             hit_ratio              |
+-------+-------------------+-------------------+-------------------+------------------------------------+------------------------------------+------------------------------------+------------------------------------+
|   0   | 99.18464469909668 | 895.2499639987946 | 449.7415466308594 | [0.02953712 0.05217884 0.06593216] | [0.01336047 0.01812728 0.02065244] | [0.0016806  0.00150371 0.00127484] | [0.03328343 0.05934499 0.07511045] |
|   0   | 99.18464469909668 | 788.0133855342865 | 449.7415466308594 | [0.04297918 0.0599325  0.07466264] | [0.01769468 0.02126792 0.02397116] | [0.00249945 0.0017502  0.00145909] | [0.04928779 0.06840886 0.08521366] |
+-------+-------------------+-------------------+-------------------+------------------------------------+------------------------------------+------------------------------------+------------------------------------+
epoch: 1 s: 0 batch_loss 0.6468705534934998 BPR_loss 0.6362456679344177 reg_loss 0.010624886490404606
epoch: 1 s: 256000 batch_loss 0.6550872325897217 BPR_loss 0.6441508531570435 reg_loss 0.010936379432678223
epoch: 1 s: 512000 batch_loss 0.651452362537384 BPR_loss 0.6389409303665161 reg_loss 0.012511405162513256
epoch: 1 s: 768000 batch_loss 0.6483594179153442 BPR_loss 0.6353310346603394 reg_loss 0.013028386048972607
epoch: 1 s: 1024000 batch_loss 0.6413388252258301 BPR_loss 0.6278778314590454 reg_loss 0.013460966758430004
epoch: 1 s: 1280000 batch_loss 0.6402701735496521 BPR_loss 0.6256811022758484 reg_loss 0.014589069411158562
+-------+--------------------+-------------------+-------------------+------------------------------------+------------------------------------+------------------------------------+------------------------------------+
| Epoch |  training time(s)  |   tesing time(s)  |        Loss       |               recall               |                ndcg                |             precision              |             hit_ratio              |
+-------+--------------------+-------------------+-------------------+------------------------------------+------------------------------------+------------------------------------+------------------------------------+
|   1   | 106.03368949890137 | 944.1757326126099 | 431.1014709472656 | [0.03606521 0.05631224 0.07022639] | [0.01698962 0.02125495 0.02379797] | [0.00205922 0.00162565 0.00135505] | [0.04074629 0.0640111  0.07963051] |
|   1   | 106.03368949890137 | 804.6444039344788 | 431.1014709472656 | [0.04614205 0.06666864 0.08338142] | [0.01969441 0.02401807 0.02707554] | [0.00266096 0.00193653 0.00162034] | [0.05244706 0.07584615 0.09477026] |
+-------+--------------------+-------------------+-------------------+------------------------------------+------------------------------------+------------------------------------+------------------------------------+
epoch: 2 s: 0 batch_loss 0.6374022364616394 BPR_loss 0.6226464509963989 reg_loss 0.014755811542272568
epoch: 2 s: 256000 batch_loss 0.6353874802589417 BPR_loss 0.6202256679534912 reg_loss 0.015161793678998947
epoch: 2 s: 512000 batch_loss 0.6342548131942749 BPR_loss 0.6190005540847778 reg_loss 0.015254253521561623
epoch: 2 s: 768000 batch_loss 0.6258971095085144 BPR_loss 0.6105085015296936 reg_loss 0.01538862194865942
epoch: 2 s: 1024000 batch_loss 0.6234918832778931 BPR_loss 0.6066100597381592 reg_loss 0.016881847754120827
epoch: 2 s: 1280000 batch_loss 0.6176338791847229 BPR_loss 0.5998803973197937 reg_loss 0.01775350607931614
+-------+--------------------+-------------------+------------------+------------------------------------+------------------------------------+------------------------------------+------------------------------------+
| Epoch |  training time(s)  |   tesing time(s)  |       Loss       |               recall               |                ndcg                |             precision              |             hit_ratio              |
+-------+--------------------+-------------------+------------------+------------------------------------+------------------------------------+------------------------------------+------------------------------------+
|   2   | 102.57302141189575 | 893.6956708431244 | 419.264892578125 | [0.03843901 0.0588549  0.07339047] | [0.0182339  0.02254303 0.02519414] | [0.00219541 0.00169448 0.00141152] | [0.04338968 0.06653766 0.08278506] |
|   2   | 102.57302141189575 | 830.2511398792267 | 419.264892578125 | [0.04925491 0.07205379 0.08909862] | [0.02147875 0.02628805 0.0294124 ] | [0.0028331  0.00208031 0.00172329] | [0.05581117 0.08149502 0.10094699] |
+-------+--------------------+-------------------+------------------+------------------------------------+------------------------------------+------------------------------------+------------------------------------+
epoch: 3 s: 0 batch_loss 0.6140859127044678 BPR_loss 0.5951879024505615 reg_loss 0.018897995352745056
epoch: 3 s: 256000 batch_loss 0.6053726673126221 BPR_loss 0.5870938301086426 reg_loss 0.018278837203979492
epoch: 3 s: 512000 batch_loss 0.6114549040794373 BPR_loss 0.592108964920044 reg_loss 0.019345911219716072
epoch: 3 s: 768000 batch_loss 0.6146286129951477 BPR_loss 0.5960396528244019 reg_loss 0.01858893223106861
epoch: 3 s: 1024000 batch_loss 0.6058420538902283 BPR_loss 0.586174726486206 reg_loss 0.019667331129312515
epoch: 3 s: 1280000 batch_loss 0.6104172468185425 BPR_loss 0.590796709060669 reg_loss 0.019620515406131744
+-------+-------------------+-------------------+-------------------+------------------------------------+------------------------------------+------------------------------------+------------------------------------+
| Epoch |  training time(s) |   tesing time(s)  |        Loss       |               recall               |                ndcg                |             precision              |             hit_ratio              |
+-------+-------------------+-------------------+-------------------+------------------------------------+------------------------------------+------------------------------------+------------------------------------+
|   3   | 99.45094966888428 | 904.7881925106049 | 407.9825439453125 | [0.04100707 0.06108935 0.07654052] | [0.01944774 0.02368186 0.02649859] | [0.00234109 0.00175508 0.00146713] | [0.04620103 0.06876483 0.08604914] |
|   3   | 99.45094966888428 | 820.6928341388702 | 407.9825439453125 | [0.05213253 0.07552642 0.09328719] | [0.02267651 0.02760669 0.0308561 ] | [0.00298122 0.00217781 0.0018005 ] | [0.05877348 0.08533184 0.10539834] |
+-------+-------------------+-------------------+-------------------+------------------------------------+------------------------------------+------------------------------------+------------------------------------+
epoch: 4 s: 0 batch_loss 0.6057213544845581 BPR_loss 0.5851958990097046 reg_loss 0.020525479689240456
epoch: 4 s: 256000 batch_loss 0.5925410985946655 BPR_loss 0.5706229209899902 reg_loss 0.02191816084086895
epoch: 4 s: 512000 batch_loss 0.5904272198677063 BPR_loss 0.5695165395736694 reg_loss 0.02091069146990776
epoch: 4 s: 768000 batch_loss 0.5947182774543762 BPR_loss 0.5722196698188782 reg_loss 0.02249862067401409
epoch: 4 s: 1024000 batch_loss 0.5822296142578125 BPR_loss 0.5597524642944336 reg_loss 0.02247713878750801
epoch: 4 s: 1280000 batch_loss 0.5923357605934143 BPR_loss 0.569466769695282 reg_loss 0.022868962958455086
+-------+--------------------+-------------------+-------------------+------------------------------------+------------------------------------+------------------------------------+------------------------------------+
| Epoch |  training time(s)  |   tesing time(s)  |        Loss       |               recall               |                ndcg                |             precision              |             hit_ratio              |
+-------+--------------------+-------------------+-------------------+------------------------------------+------------------------------------+------------------------------------+------------------------------------+
|   4   | 101.25830125808716 | 926.9228637218475 | 396.9084167480469 | [0.04265709 0.06339159 0.07934676] | [0.0202528  0.02461253 0.02751912] | [0.00242433 0.00181496 0.00151703] | [0.04785133 0.07113075 0.08894082] |
|   4   | 101.25830125808716 | 837.5663068294525 | 396.9084167480469 | [0.05364566 0.07838104 0.09702893] | [0.02351263 0.02872553 0.03213006] | [0.00305961 0.00225738 0.00186825] | [0.06024675 0.0884596  0.10925091] |
+-------+--------------------+-------------------+-------------------+------------------------------------+------------------------------------+------------------------------------+------------------------------------+
epoch: 5 s: 0 batch_loss 0.5840297341346741 BPR_loss 0.5609954595565796 reg_loss 0.023034250363707542
epoch: 5 s: 256000 batch_loss 0.5765156745910645 BPR_loss 0.5515282154083252 reg_loss 0.024987438693642616
epoch: 5 s: 512000 batch_loss 0.5799997448921204 BPR_loss 0.5546033382415771 reg_loss 0.025396395474672318
epoch: 5 s: 768000 batch_loss 0.5766512155532837 BPR_loss 0.5517853498458862 reg_loss 0.02486589178442955
epoch: 5 s: 1024000 batch_loss 0.5674610733985901 BPR_loss 0.5425170063972473 reg_loss 0.02494407817721367
epoch: 5 s: 1280000 batch_loss 0.5642021894454956 BPR_loss 0.5395867824554443 reg_loss 0.024615386500954628
+-------+--------------------+-------------------+--------------------+------------------------------------+------------------------------------+------------------------------------+------------------------------------+
| Epoch |  training time(s)  |   tesing time(s)  |        Loss        |               recall               |                ndcg                |             precision              |             hit_ratio              |
+-------+--------------------+-------------------+--------------------+------------------------------------+------------------------------------+------------------------------------+------------------------------------+
|   5   | 102.88434028625488 | 883.6719110012054 | 385.91680908203125 | [0.0437831  0.06508938 0.08110981] | [0.02051942 0.02499406 0.02791613] | [0.00248129 0.00185841 0.00154807] | [0.04896856 0.07289788 0.09075906] |
|   5   | 102.88434028625488 | 817.9132187366486 | 385.91680908203125 | [0.0548369  0.08048598 0.09987635] | [0.02426051 0.02967702 0.03322252] | [0.00312342 0.00231706 0.0019255 ] | [0.06144428 0.09073648 0.11250473] |
+-------+--------------------+-------------------+--------------------+------------------------------------+------------------------------------+------------------------------------+------------------------------------+
epoch: 6 s: 0 batch_loss 0.5575021505355835 BPR_loss 0.5306940078735352 reg_loss 0.02680817060172558
epoch: 6 s: 256000 batch_loss 0.567102313041687 BPR_loss 0.5407301187515259 reg_loss 0.026372190564870834
epoch: 6 s: 512000 batch_loss 0.5541374087333679 BPR_loss 0.5261816382408142 reg_loss 0.02795574627816677
epoch: 6 s: 768000 batch_loss 0.572792649269104 BPR_loss 0.545724630355835 reg_loss 0.027067990973591805
epoch: 6 s: 1024000 batch_loss 0.565747082233429 BPR_loss 0.538470447063446 reg_loss 0.02727665938436985
epoch: 6 s: 1280000 batch_loss 0.5452694892883301 BPR_loss 0.5166027545928955 reg_loss 0.028666721656918526
+-------+-------------------+-------------------+-------------------+------------------------------------+------------------------------------+------------------------------------+------------------------------------+
| Epoch |  training time(s) |   tesing time(s)  |        Loss       |               recall               |                ndcg                |             precision              |             hit_ratio              |
+-------+-------------------+-------------------+-------------------+------------------------------------+------------------------------------+------------------------------------+------------------------------------+
|   6   | 97.22910666465759 | 919.2432498931885 | 375.2701416015625 | [0.04431341 0.06580147 0.08237676] | [0.020632   0.02515668 0.02817013] | [0.00250575 0.0018763  0.0015679 ] | [0.04946511 0.07359889 0.09192742] |
|   6   | 97.22910666465759 | 851.3402044773102 | 375.2701416015625 | [0.05630338 0.08204426 0.10194282] | [0.0249861  0.03041896 0.03405814] | [0.00320891 0.00236158 0.00196411] | [0.06308301 0.09239096 0.11467131] |
+-------+-------------------+-------------------+-------------------+------------------------------------+------------------------------------+------------------------------------+------------------------------------+
epoch: 7 s: 0 batch_loss 0.5402315258979797 BPR_loss 0.511526346206665 reg_loss 0.02870517410337925
epoch: 7 s: 256000 batch_loss 0.5476987957954407 BPR_loss 0.5188384056091309 reg_loss 0.028860390186309814
epoch: 7 s: 512000 batch_loss 0.5589924454689026 BPR_loss 0.5307809710502625 reg_loss 0.028211470693349838
epoch: 7 s: 768000 batch_loss 0.5487053394317627 BPR_loss 0.5194473266601562 reg_loss 0.029258040711283684
epoch: 7 s: 1024000 batch_loss 0.5381405353546143 BPR_loss 0.5081283450126648 reg_loss 0.0300122182816267
epoch: 7 s: 1280000 batch_loss 0.5477955341339111 BPR_loss 0.5178364515304565 reg_loss 0.02995910681784153
+-------+-------------------+-------------------+-------------------+------------------------------------+------------------------------------+------------------------------------+------------------------------------+
| Epoch |  training time(s) |   tesing time(s)  |        Loss       |               recall               |                ndcg                |             precision              |             hit_ratio              |
+-------+-------------------+-------------------+-------------------+------------------------------------+------------------------------------+------------------------------------+------------------------------------+
|   7   | 99.06117558479309 | 920.8149168491364 | 364.1364440917969 | [0.04483929 0.06708001 0.08317715] | [0.02082502 0.02550027 0.02843242] | [0.00253131 0.00190697 0.00158068] | [0.04999817 0.07484757 0.09275256] |
|   7   | 99.06117558479309 | 854.3894414901733 | 364.1364440917969 | [0.05777397 0.08374136 0.10374899] | [0.02570956 0.0311924  0.03484833] | [0.00328808 0.00240963 0.00199733] | [0.06454053 0.09421089 0.11658578] |
+-------+-------------------+-------------------+-------------------+------------------------------------+------------------------------------+------------------------------------+------------------------------------+
epoch: 8 s: 0 batch_loss 0.5429336428642273 BPR_loss 0.5117948055267334 reg_loss 0.031138841062784195
epoch: 8 s: 256000 batch_loss 0.5394595265388489 BPR_loss 0.5078631639480591 reg_loss 0.0315963514149189
epoch: 8 s: 512000 batch_loss 0.5386213660240173 BPR_loss 0.5083873271942139 reg_loss 0.030234040692448616
epoch: 8 s: 768000 batch_loss 0.5335459113121033 BPR_loss 0.5011945366859436 reg_loss 0.03235137462615967
epoch: 8 s: 1024000 batch_loss 0.5419226288795471 BPR_loss 0.5097851753234863 reg_loss 0.03213747218251228
epoch: 8 s: 1280000 batch_loss 0.5145612359046936 BPR_loss 0.48125511407852173 reg_loss 0.03330610319972038
+-------+--------------------+-------------------+-------------------+------------------------------------+------------------------------------+------------------------------------+------------------------------------+
| Epoch |  training time(s)  |   tesing time(s)  |        Loss       |               recall               |                ndcg                |             precision              |             hit_ratio              |
+-------+--------------------+-------------------+-------------------+------------------------------------+------------------------------------+------------------------------------+------------------------------------+
|   8   | 102.75080108642578 | 919.0551223754883 | 352.7243347167969 | [0.04531419 0.06787958 0.08431015] | [0.02087477 0.02562039 0.02861763] | [0.0025492  0.00192413 0.00160003] | [0.0504144  0.07554858 0.09389171] |
|   8   | 102.75080108642578 | 845.1104218959808 | 352.7243347167969 | [0.05836984 0.08478779 0.10502402] | [0.02589202 0.03145889 0.03516058] | [0.0033192  0.00243386 0.00201978] | [0.06518656 0.09514843 0.11794876] |
+-------+--------------------+-------------------+-------------------+------------------------------------+------------------------------------+------------------------------------+------------------------------------+
epoch: 9 s: 0 batch_loss 0.5335467457771301 BPR_loss 0.5011475086212158 reg_loss 0.0323992557823658
epoch: 9 s: 256000 batch_loss 0.5198073983192444 BPR_loss 0.4852873682975769 reg_loss 0.034520041197538376
epoch: 9 s: 512000 batch_loss 0.5127609372138977 BPR_loss 0.4791591167449951 reg_loss 0.0336017943918705
epoch: 9 s: 768000 batch_loss 0.50730961561203 BPR_loss 0.47311240434646606 reg_loss 0.03419722616672516
epoch: 9 s: 1024000 batch_loss 0.5007524490356445 BPR_loss 0.46625155210494995 reg_loss 0.03450089320540428
epoch: 9 s: 1280000 batch_loss 0.5145247578620911 BPR_loss 0.47912144660949707 reg_loss 0.0354032963514328
+-------+--------------------+-------------------+-------------------+------------------------------------+------------------------------------+------------------------------------+------------------------------------+
| Epoch |  training time(s)  |   tesing time(s)  |        Loss       |               recall               |                ndcg                |             precision              |             hit_ratio              |
+-------+--------------------+-------------------+-------------------+------------------------------------+------------------------------------+------------------------------------+------------------------------------+
|   9   | 102.13047575950623 | 936.3776233196259 | 340.9482116699219 | [0.04585396 0.06819712 0.08470221] | [0.02105857 0.02575686 0.02876711] | [0.00257658 0.00193216 0.00160612] | [0.05094746 0.07582606 0.09424952] |
|   9   | 102.13047575950623 | 849.7794024944305 | 340.9482116699219 | [0.05898802 0.08612567 0.10610267] | [0.02631348 0.03203175 0.0356893 ] | [0.0033519  0.00247089 0.00204145] | [0.06584835 0.09662959 0.11920144] |
+-------+--------------------+-------------------+-------------------+------------------------------------+------------------------------------+------------------------------------+------------------------------------+
epoch: 10 s: 0 batch_loss 0.5089012980461121 BPR_loss 0.47365841269493103 reg_loss 0.03524290397763252
epoch: 10 s: 256000 batch_loss 0.4928857088088989 BPR_loss 0.4574298858642578 reg_loss 0.03545583039522171
epoch: 10 s: 512000 batch_loss 0.490474134683609 BPR_loss 0.45362767577171326 reg_loss 0.03684644773602486
epoch: 10 s: 768000 batch_loss 0.48397210240364075 BPR_loss 0.44699233770370483 reg_loss 0.036979757249355316
epoch: 10 s: 1024000 batch_loss 0.4998968243598938 BPR_loss 0.4630022943019867 reg_loss 0.03689451515674591
epoch: 10 s: 1280000 batch_loss 0.4885164797306061 BPR_loss 0.450959175825119 reg_loss 0.037557296454906464
+-------+--------------------+-------------------+--------------------+------------------------------------+------------------------------------+------------------------------------+------------------------------------+
| Epoch |  training time(s)  |   tesing time(s)  |        Loss        |               recall               |                ndcg                |             precision              |             hit_ratio              |
+-------+--------------------+-------------------+--------------------+------------------------------------+------------------------------------+------------------------------------+------------------------------------+
|   10  | 103.73986220359802 | 897.2590126991272 | 328.77447509765625 | [0.04640649 0.06830891 0.0849274 ] | [0.02124415 0.02585599 0.02888562] | [0.00259958 0.00193435 0.00160904] | [0.05147322 0.0759575  0.09441747] |
|   10  | 103.73986220359802 | 850.6956646442413 | 328.77447509765625 | [0.05944028 0.0869377  0.10680114] | [0.02668605 0.03247117 0.03610421] | [0.00338144 0.00249157 0.00205182] | [0.06635258 0.09745683 0.11985535] |
+-------+--------------------+-------------------+--------------------+------------------------------------+------------------------------------+------------------------------------+------------------------------------+
epoch: 11 s: 0 batch_loss 0.4792743921279907 BPR_loss 0.44025593996047974 reg_loss 0.03901846334338188
epoch: 11 s: 256000 batch_loss 0.4749673008918762 BPR_loss 0.43608373403549194 reg_loss 0.03888355568051338
epoch: 11 s: 512000 batch_loss 0.4699232578277588 BPR_loss 0.43060240149497986 reg_loss 0.039320845156908035
epoch: 11 s: 768000 batch_loss 0.48189014196395874 BPR_loss 0.44201719760894775 reg_loss 0.03987295553088188
epoch: 11 s: 1024000 batch_loss 0.46914446353912354 BPR_loss 0.42871493101119995 reg_loss 0.04042954742908478
epoch: 11 s: 1280000 batch_loss 0.4554630517959595 BPR_loss 0.4143067002296448 reg_loss 0.0411563441157341
+-------+--------------------+-------------------+-------------------+------------------------------------+------------------------------------+------------------------------------+------------------------------------+
| Epoch |  training time(s)  |   tesing time(s)  |        Loss       |               recall               |                ndcg                |             precision              |             hit_ratio              |
+-------+--------------------+-------------------+-------------------+------------------------------------+------------------------------------+------------------------------------+------------------------------------+
|   11  | 100.16782927513123 | 926.1296887397766 | 316.6292724609375 | [0.04648225 0.06836397 0.08531671] | [0.02134218 0.02594662 0.02903846] | [0.0026047  0.00193198 0.00161415] | [0.05155354 0.07588448 0.09473146] |
|   11  | 100.16782927513123 | 876.1663680076599 | 316.6292724609375 | [0.0599929  0.08736578 0.10792488] | [0.02697014 0.03273809 0.03649604] | [0.00340666 0.00250634 0.00207362] | [0.0668568  0.09803983 0.12108439] |
+-------+--------------------+-------------------+-------------------+------------------------------------+------------------------------------+------------------------------------+------------------------------------+
epoch: 12 s: 0 batch_loss 0.4732728898525238 BPR_loss 0.43218928575515747 reg_loss 0.041083596646785736
epoch: 12 s: 256000 batch_loss 0.457384318113327 BPR_loss 0.4153480529785156 reg_loss 0.042036257684230804
epoch: 12 s: 512000 batch_loss 0.4541078507900238 BPR_loss 0.4117771089076996 reg_loss 0.04233073443174362
epoch: 12 s: 768000 batch_loss 0.45462363958358765 BPR_loss 0.4130403995513916 reg_loss 0.041583240032196045
epoch: 12 s: 1024000 batch_loss 0.4522934556007385 BPR_loss 0.40917250514030457 reg_loss 0.043120939284563065
epoch: 12 s: 1280000 batch_loss 0.439412385225296 BPR_loss 0.3961581587791443 reg_loss 0.043254222720861435
+-------+--------------------+-------------------+--------------------+------------------------------------+------------------------------------+------------------------------------+------------------------------------+
| Epoch |  training time(s)  |   tesing time(s)  |        Loss        |               recall               |                ndcg                |             precision              |             hit_ratio              |
+-------+--------------------+-------------------+--------------------+------------------------------------+------------------------------------+------------------------------------+------------------------------------+
|   12  | 107.74600124359131 | 921.1654245853424 | 304.24102783203125 | [0.04644571 0.06846043 0.08529499] | [0.0212695  0.02589957 0.02896751] | [0.00259849 0.00193235 0.00161342] | [0.05145131 0.07589908 0.09472416] |
|   12  | 107.74600124359131 | 816.1532564163208 | 304.24102783203125 | [0.06041831 0.0885184  0.10836314] | [0.02732891 0.03323569 0.03686239] | [0.00343147 0.0025347  0.00208044] | [0.06738466 0.0991507  0.12149408] |
+-------+--------------------+-------------------+--------------------+------------------------------------+------------------------------------+------------------------------------+------------------------------------+
epoch: 13 s: 0 batch_loss 0.4460391402244568 BPR_loss 0.4021598696708679 reg_loss 0.04387925937771797
epoch: 13 s: 256000 batch_loss 0.4402015209197998 BPR_loss 0.39725226163864136 reg_loss 0.042949263006448746
epoch: 13 s: 512000 batch_loss 0.4376060962677002 BPR_loss 0.39479631185531616 reg_loss 0.04280979186296463
epoch: 13 s: 768000 batch_loss 0.43705353140830994 BPR_loss 0.392112135887146 reg_loss 0.044941388070583344
epoch: 13 s: 1024000 batch_loss 0.43262016773223877 BPR_loss 0.3870730400085449 reg_loss 0.045547131448984146
epoch: 13 s: 1280000 batch_loss 0.4315034747123718 BPR_loss 0.38540175557136536 reg_loss 0.046101707965135574
+-------+--------------------+-------------------+-------------------+------------------------------------+------------------------------------+------------------------------------+------------------------------------+
| Epoch |  training time(s)  |   tesing time(s)  |        Loss       |               recall               |                ndcg                |             precision              |             hit_ratio              |
+-------+--------------------+-------------------+-------------------+------------------------------------+------------------------------------+------------------------------------+------------------------------------+
|   13  | 107.48900437355042 | 927.2513198852539 | 291.6318664550781 | [0.04637601 0.06856312 0.08501503] | [0.02128808 0.02595503 0.02895604] | [0.00259228 0.00193344 0.00160734] | [0.05131987 0.0759648  0.09437365] |
|   13  | 107.48900437355042 |  839.144623041153 | 291.6318664550781 | [0.06067951 0.088272   0.10891177] | [0.02746173 0.03326686 0.03703612] | [0.00344644 0.00253037 0.00209056] | [0.06771556 0.09892222 0.12206133] |
+-------+--------------------+-------------------+-------------------+------------------------------------+------------------------------------+------------------------------------+------------------------------------+
epoch: 14 s: 0 batch_loss 0.41661471128463745 BPR_loss 0.37025368213653564 reg_loss 0.04636101424694061
epoch: 14 s: 256000 batch_loss 0.42513877153396606 BPR_loss 0.3780949115753174 reg_loss 0.04704387113451958
epoch: 14 s: 512000 batch_loss 0.4342659115791321 BPR_loss 0.3868665099143982 reg_loss 0.047399409115314484
epoch: 14 s: 768000 batch_loss 0.410707950592041 BPR_loss 0.36334335803985596 reg_loss 0.04736459627747536
epoch: 14 s: 1024000 batch_loss 0.40722429752349854 BPR_loss 0.35962727665901184 reg_loss 0.04759702458977699
epoch: 14 s: 1280000 batch_loss 0.41212043166160583 BPR_loss 0.3646537661552429 reg_loss 0.04746667295694351
+-------+--------------------+-------------------+-------------------+------------------------------------+------------------------------------+------------------------------------+------------------------------------+
| Epoch |  training time(s)  |   tesing time(s)  |        Loss       |               recall               |                ndcg                |             precision              |             hit_ratio              |
+-------+--------------------+-------------------+-------------------+------------------------------------+------------------------------------+------------------------------------+------------------------------------+
|   14  | 105.02063035964966 | 911.6778213977814 | 279.2913513183594 | [0.04643001 0.06857974 0.08490321] | [0.02134627 0.02600561 0.02897585] | [0.00259228 0.00193308 0.00160137] | [0.05131987 0.07603783 0.09415459] |
|   14  | 105.02063035964966 | 803.6371443271637 | 279.2913513183594 | [0.06079334 0.08842567 0.10923442] | [0.02756081 0.03337107 0.03717435] | [0.00344999 0.00253175 0.00209502] | [0.06780222 0.09900889 0.12240798] |
+-------+--------------------+-------------------+-------------------+------------------------------------+------------------------------------+------------------------------------+------------------------------------+
epoch: 15 s: 0 batch_loss 0.39568158984184265 BPR_loss 0.3474453389644623 reg_loss 0.04823625832796097
epoch: 15 s: 256000 batch_loss 0.39162492752075195 BPR_loss 0.34221553802490234 reg_loss 0.049409374594688416
epoch: 15 s: 512000 batch_loss 0.41005828976631165 BPR_loss 0.3625611662864685 reg_loss 0.04749712347984314
epoch: 15 s: 768000 batch_loss 0.40302348136901855 BPR_loss 0.3526883125305176 reg_loss 0.05033518001437187
epoch: 15 s: 1024000 batch_loss 0.38816314935684204 BPR_loss 0.33626651763916016 reg_loss 0.05189662426710129
epoch: 15 s: 1280000 batch_loss 0.3947426378726959 BPR_loss 0.34461843967437744 reg_loss 0.050124190747737885
+-------+-------------------+-------------------+-------------------+------------------------------------+------------------------------------+------------------------------------+------------------------------------+
| Epoch |  training time(s) |   tesing time(s)  |        Loss       |               recall               |                ndcg                |             precision              |             hit_ratio              |
+-------+-------------------+-------------------+-------------------+------------------------------------+------------------------------------+------------------------------------+------------------------------------+
|   15  | 101.5034646987915 | 844.6122560501099 | 267.3329772949219 | [0.04664917 0.06845788 0.08469973] | [0.02142369 0.02601023 0.02896746] | [0.0026047  0.00192979 0.00159809] | [0.05158275 0.07591369 0.09389171] |
|   15  | 101.5034646987915 | 754.6556386947632 | 267.3329772949219 | [0.06113847 0.08860917 0.10965607] | [0.02771579 0.03348185 0.0373317 ] | [0.00347087 0.0025353  0.00210408] | [0.06820402 0.09919797 0.1229122 ] |
+-------+-------------------+-------------------+-------------------+------------------------------------+------------------------------------+------------------------------------+------------------------------------+
epoch: 16 s: 0 batch_loss 0.38064634799957275 BPR_loss 0.32995617389678955 reg_loss 0.0506901852786541
epoch: 16 s: 256000 batch_loss 0.39134714007377625 BPR_loss 0.34004873037338257 reg_loss 0.05129840597510338
epoch: 16 s: 512000 batch_loss 0.379635214805603 BPR_loss 0.32709234952926636 reg_loss 0.05254285782575607
epoch: 16 s: 768000 batch_loss 0.37316039204597473 BPR_loss 0.3204828202724457 reg_loss 0.05267758294939995
epoch: 16 s: 1024000 batch_loss 0.3826989531517029 BPR_loss 0.33013901114463806 reg_loss 0.052559953182935715
epoch: 16 s: 1280000 batch_loss 0.38016486167907715 BPR_loss 0.32784271240234375 reg_loss 0.0523221455514431
+-------+--------------------+-------------------+--------------------+------------------------------------+------------------------------------+------------------------------------+------------------------------------+
| Epoch |  training time(s)  |   tesing time(s)  |        Loss        |               recall               |                ndcg                |             precision              |             hit_ratio              |
+-------+--------------------+-------------------+--------------------+------------------------------------+------------------------------------+------------------------------------+------------------------------------+
|   16  | 100.15153360366821 | 827.5407807826996 | 255.87049865722656 | [0.0466193  0.06810397 0.08418688] | [0.02139034 0.02590604 0.02883536] | [0.00260214 0.00191792 0.0015875 ] | [0.05150973 0.07548286 0.09335865] |
|   16  | 100.15153360366821 | 713.7222971916199 | 255.87049865722656 | [0.06115051 0.08864266 0.10974899] | [0.02773785 0.03351131 0.03737186] | [0.00347362 0.00253707 0.00210539] | [0.06825129 0.09922948 0.12298311] |
+-------+--------------------+-------------------+--------------------+------------------------------------+------------------------------------+------------------------------------+------------------------------------+
epoch: 17 s: 0 batch_loss 0.36683061718940735 BPR_loss 0.3136711120605469 reg_loss 0.05315949395298958
epoch: 17 s: 256000 batch_loss 0.3679516613483429 BPR_loss 0.3135451674461365 reg_loss 0.05440649017691612
epoch: 17 s: 512000 batch_loss 0.35885635018348694 BPR_loss 0.3050077557563782 reg_loss 0.05384859815239906
epoch: 17 s: 768000 batch_loss 0.3594856262207031 BPR_loss 0.304510235786438 reg_loss 0.05497538670897484
epoch: 17 s: 1024000 batch_loss 0.3704022169113159 BPR_loss 0.31633830070495605 reg_loss 0.05406391620635986
epoch: 17 s: 1280000 batch_loss 0.36058104038238525 BPR_loss 0.30510231852531433 reg_loss 0.05547873303294182
+-------+--------------------+-------------------+--------------------+------------------------------------+------------------------------------+------------------------------------+------------------------------------+
| Epoch |  training time(s)  |   tesing time(s)  |        Loss        |               recall               |                ndcg                |             precision              |             hit_ratio              |
+-------+--------------------+-------------------+--------------------+------------------------------------+------------------------------------+------------------------------------+------------------------------------+
|   17  | 103.73527884483337 | 680.3912868499756 | 244.97364807128906 | [0.04633986 0.06784757 0.08383506] | [0.02131265 0.02582761 0.02874297] | [0.00258571 0.00190916 0.00158093] | [0.05119574 0.07513965 0.09303005] |
|   17  | 103.73527884483337 | 611.7017612457275 | 244.97364807128906 | [0.06108371 0.0888293  0.10964219] | [0.02775251 0.03358688 0.03739426] | [0.00346929 0.00254278 0.00210447] | [0.06823554 0.0994422  0.12289645] |
+-------+--------------------+-------------------+--------------------+------------------------------------+------------------------------------+------------------------------------+------------------------------------+
epoch: 18 s: 0 batch_loss 0.37751564383506775 BPR_loss 0.3214791417121887 reg_loss 0.05603649094700813
epoch: 18 s: 256000 batch_loss 0.3474133610725403 BPR_loss 0.29200980067253113 reg_loss 0.05540354549884796
epoch: 18 s: 512000 batch_loss 0.3571855425834656 BPR_loss 0.3002743721008301 reg_loss 0.056911177933216095
epoch: 18 s: 768000 batch_loss 0.35411694645881653 BPR_loss 0.29750415682792664 reg_loss 0.05661279708147049
epoch: 18 s: 1024000 batch_loss 0.3416282832622528 BPR_loss 0.2836505174636841 reg_loss 0.05797775462269783
epoch: 18 s: 1280000 batch_loss 0.3444893956184387 BPR_loss 0.2870282232761383 reg_loss 0.05746118351817131
+-------+------------------+-------------------+--------------------+------------------------------------+------------------------------------+------------------------------------+------------------------------------+
| Epoch | training time(s) |   tesing time(s)  |        Loss        |               recall               |                ndcg                |             precision              |             hit_ratio              |
+-------+------------------+-------------------+--------------------+------------------------------------+------------------------------------+------------------------------------+------------------------------------+
|   18  | 93.9299795627594 | 646.0220983028412 | 234.71554565429688 | [0.04598456 0.06762052 0.08317684] | [0.02117404 0.02571975 0.02855603] | [0.00256417 0.00190222 0.00156839] | [0.05080142 0.07486217 0.09230713] |
|   18  | 93.9299795627594 |  577.428240776062 | 234.71554565429688 | [0.06049036 0.08874283 0.10940846] | [0.02754444 0.03348781 0.03726512] | [0.00343305 0.0025414  0.00210053] | [0.06753435 0.09941857 0.12267585] |
+-------+------------------+-------------------+--------------------+------------------------------------+------------------------------------+------------------------------------+------------------------------------+
epoch: 19 s: 0 batch_loss 0.3488748371601105 BPR_loss 0.29181861877441406 reg_loss 0.05705622583627701
epoch: 19 s: 256000 batch_loss 0.3428979218006134 BPR_loss 0.28348028659820557 reg_loss 0.05941762775182724
epoch: 19 s: 512000 batch_loss 0.3338339924812317 BPR_loss 0.2749587595462799 reg_loss 0.05887523293495178
epoch: 19 s: 768000 batch_loss 0.3380555510520935 BPR_loss 0.2784254550933838 reg_loss 0.05963011085987091
epoch: 19 s: 1024000 batch_loss 0.33989107608795166 BPR_loss 0.27917394042015076 reg_loss 0.06071712449193001
epoch: 19 s: 1280000 batch_loss 0.33090588450431824 BPR_loss 0.27103105187416077 reg_loss 0.059874825179576874
+-------+-------------------+-------------------+-------------------+------------------------------------+------------------------------------+------------------------------------+------------------------------------+
| Epoch |  training time(s) |   tesing time(s)  |        Loss       |               recall               |                ndcg                |             precision              |             hit_ratio              |
+-------+-------------------+-------------------+-------------------+------------------------------------+------------------------------------+------------------------------------+------------------------------------+
|   19  | 92.50581288337708 | 667.6599261760712 | 225.1723175048828 | [0.04576581 0.0671877  0.08234617] | [0.02106701 0.02556509 0.02833039] | [0.00254847 0.00188871 0.0015522 ] | [0.05051663 0.07439483 0.09139436] |
|   19  | 92.50581288337708 | 587.3329267501831 | 225.1723175048828 | [0.06046982 0.08821484 0.10890256] | [0.02755136 0.03340151 0.03718204] | [0.00343265 0.0025284  0.00209042] | [0.06753435 0.09886707 0.12205345] |
+-------+-------------------+-------------------+-------------------+------------------------------------+------------------------------------+------------------------------------+------------------------------------+
epoch: 20 s: 0 batch_loss 0.32973313331604004 BPR_loss 0.27033835649490356 reg_loss 0.05939476564526558
epoch: 20 s: 256000 batch_loss 0.31654372811317444 BPR_loss 0.25682637095451355 reg_loss 0.05971735715866089
epoch: 20 s: 512000 batch_loss 0.32553040981292725 BPR_loss 0.26430314779281616 reg_loss 0.061227262020111084
epoch: 20 s: 768000 batch_loss 0.3250903785228729 BPR_loss 0.2643653154373169 reg_loss 0.06072507053613663
epoch: 20 s: 1024000 batch_loss 0.32996422052383423 BPR_loss 0.2685163617134094 reg_loss 0.0614478625357151
epoch: 20 s: 1280000 batch_loss 0.3273388147354126 BPR_loss 0.2654935121536255 reg_loss 0.061845310032367706
+-------+-------------------+-------------------+-------------------+------------------------------------+------------------------------------+------------------------------------+------------------------------------+
| Epoch |  training time(s) |   tesing time(s)  |        Loss       |               recall               |                ndcg                |             precision              |             hit_ratio              |
+-------+-------------------+-------------------+-------------------+------------------------------------+------------------------------------+------------------------------------+------------------------------------+
|   20  | 90.84376859664917 | 638.6463868618011 | 215.9315185546875 | [0.04550271 0.06639736 0.08182336] | [0.02085994 0.02525489 0.02806719] | [0.00252912 0.00186717 0.00154113] | [0.05016613 0.07354047 0.09075906] |
|   20  | 90.84376859664917 | 591.9150893688202 | 215.9315185546875 | [0.06041698 0.08798675 0.10862307] | [0.02757984 0.03339264 0.03717047] | [0.00342911 0.00251934 0.00208662] | [0.06748708 0.09857557 0.12182497] |
+-------+-------------------+-------------------+-------------------+------------------------------------+------------------------------------+------------------------------------+------------------------------------+
epoch: 21 s: 0 batch_loss 0.32087981700897217 BPR_loss 0.2589675188064575 reg_loss 0.06191230192780495
epoch: 21 s: 256000 batch_loss 0.3073902130126953 BPR_loss 0.24522149562835693 reg_loss 0.062168702483177185
epoch: 21 s: 512000 batch_loss 0.32136988639831543 BPR_loss 0.25884324312210083 reg_loss 0.062526635825634
epoch: 21 s: 768000 batch_loss 0.3074125647544861 BPR_loss 0.24314938485622406 reg_loss 0.06426318734884262
epoch: 21 s: 1024000 batch_loss 0.3134438097476959 BPR_loss 0.24960005283355713 reg_loss 0.0638437494635582
epoch: 21 s: 1280000 batch_loss 0.30581751465797424 BPR_loss 0.24265480041503906 reg_loss 0.06316271424293518
+-------+------------------+--------------------+--------------------+------------------------------------+------------------------------------+------------------------------------+------------------------------------+
| Epoch | training time(s) |   tesing time(s)   |        Loss        |               recall               |                ndcg                |             precision              |             hit_ratio              |
+-------+------------------+--------------------+--------------------+------------------------------------+------------------------------------+------------------------------------+------------------------------------+
|   21  | 83.8279960155487 | 519.4194118976593  | 207.81817626953125 | [0.04535539 0.06622317 0.08140607] | [0.02087306 0.02526078 0.02802977] | [0.00252255 0.00186334 0.00153456] | [0.05001278 0.07339443 0.09037935] |
|   21  | 83.8279960155487 | 475.13344979286194 | 207.81817626953125 | [0.06015797 0.08766844 0.1081857 ] | [0.02737086 0.03316336 0.03691435] | [0.00341335 0.00250831 0.00207624] | [0.06719558 0.09815013 0.12125772] |
+-------+------------------+--------------------+--------------------+------------------------------------+------------------------------------+------------------------------------+------------------------------------+
epoch: 22 s: 0 batch_loss 0.30593132972717285 BPR_loss 0.24029920995235443 reg_loss 0.06563213467597961
epoch: 22 s: 256000 batch_loss 0.2948847711086273 BPR_loss 0.23216672241687775 reg_loss 0.06271805614233017
epoch: 22 s: 512000 batch_loss 0.30262964963912964 BPR_loss 0.23847877979278564 reg_loss 0.064150869846344
epoch: 22 s: 768000 batch_loss 0.30124813318252563 BPR_loss 0.2366769015789032 reg_loss 0.06457121670246124
epoch: 22 s: 1024000 batch_loss 0.2912132143974304 BPR_loss 0.22723320126533508 reg_loss 0.06398000568151474
epoch: 22 s: 1280000 batch_loss 0.29175865650177 BPR_loss 0.22574841976165771 reg_loss 0.06601022928953171
+-------+-------------------+-------------------+--------------------+------------------------------------+------------------------------------+------------------------------------+------------------------------------+
| Epoch |  training time(s) |   tesing time(s)  |        Loss        |               recall               |                ndcg                |             precision              |             hit_ratio              |
+-------+-------------------+-------------------+--------------------+------------------------------------+------------------------------------+------------------------------------+------------------------------------+
|   22  | 85.21531462669373 | 507.8710472583771 | 199.94912719726562 | [0.04493345 0.06547861 0.08064854] | [0.0206491  0.02497222 0.02773656] | [0.00249954 0.00184362 0.00152032] | [0.04955274 0.07259119 0.08958341] |
|   22  | 85.21531462669373 | 392.1690216064453 | 199.94912719726562 | [0.06000663 0.08713844 0.10748782] | [0.02730407 0.03301681 0.03674193] | [0.00340626 0.00249492 0.00206442] | [0.06703801 0.0976144  0.12058805] |
+-------+-------------------+-------------------+--------------------+------------------------------------+------------------------------------+------------------------------------+------------------------------------+
epoch: 23 s: 0 batch_loss 0.28397437930107117 BPR_loss 0.21783363819122314 reg_loss 0.06614074110984802
epoch: 23 s: 256000 batch_loss 0.28797927498817444 BPR_loss 0.22231054306030273 reg_loss 0.0656687319278717
epoch: 23 s: 512000 batch_loss 0.28312402963638306 BPR_loss 0.21667873859405518 reg_loss 0.06644527614116669
epoch: 23 s: 768000 batch_loss 0.28399932384490967 BPR_loss 0.21710392832756042 reg_loss 0.06689538806676865
epoch: 23 s: 1024000 batch_loss 0.2888854146003723 BPR_loss 0.22195689380168915 reg_loss 0.06692850589752197
epoch: 23 s: 1280000 batch_loss 0.28015226125717163 BPR_loss 0.21288248896598816 reg_loss 0.06726977229118347
+-------+-------------------+--------------------+------------------+------------------------------------+------------------------------------+------------------------------------+------------------------------------+
| Epoch |  training time(s) |   tesing time(s)   |       Loss       |               recall               |                ndcg                |             precision              |             hit_ratio              |
+-------+-------------------+--------------------+------------------+------------------------------------+------------------------------------+------------------------------------+------------------------------------+
|   23  | 76.10210943222046 | 287.4564220905304  | 192.667724609375 | [0.04463459 0.06501124 0.08030627] | [0.02051402 0.0247938  0.02758208] | [0.00248275 0.00182701 0.00151241] | [0.04924605 0.07201431 0.08913798] |
|   23  | 76.10210943222046 | 259.62146615982056 | 192.667724609375 | [0.06019746 0.08663439 0.1068297 ] | [0.02735985 0.03292783 0.03662594] | [0.00341414 0.00248015 0.00205208] | [0.0671877  0.09701563 0.11977657] |
+-------+-------------------+--------------------+------------------+------------------------------------+------------------------------------+------------------------------------+------------------------------------+
epoch: 24 s: 0 batch_loss 0.27742499113082886 BPR_loss 0.2103823721408844 reg_loss 0.06704262644052505
epoch: 24 s: 256000 batch_loss 0.2846488356590271 BPR_loss 0.2174176275730133 reg_loss 0.06723121553659439
epoch: 24 s: 512000 batch_loss 0.275259405374527 BPR_loss 0.2070716917514801 reg_loss 0.06818770617246628
epoch: 24 s: 768000 batch_loss 0.26793399453163147 BPR_loss 0.1990165412425995 reg_loss 0.06891746073961258
epoch: 24 s: 1024000 batch_loss 0.2763671576976776 BPR_loss 0.2066633105278015 reg_loss 0.0697038471698761
epoch: 24 s: 1280000 batch_loss 0.2877213954925537 BPR_loss 0.2179880440235138 reg_loss 0.06973333656787872
+-------+-------------------+--------------------+-------------------+------------------------------------+------------------------------------+------------------------------------+------------------------------------+
| Epoch |  training time(s) |   tesing time(s)   |        Loss       |               recall               |                ndcg                |             precision              |             hit_ratio              |
+-------+-------------------+--------------------+-------------------+------------------------------------+------------------------------------+------------------------------------+------------------------------------+
|   24  | 68.26091408729553 | 271.14600706100464 | 186.1329803466797 | [0.04440479 0.0644315  0.07954496] | [0.0203623  0.02456671 0.02732107] | [0.00246887 0.00180949 0.00149719] | [0.04896126 0.0713206  0.08824711] |
|   24  | 68.26091408729553 | 233.97693920135498 | 186.1329803466797 | [0.05950982 0.08632579 0.10621984] | [0.02722549 0.0328768  0.03651578] | [0.00337908 0.00247207 0.00203961] | [0.06647863 0.09669261 0.11907538] |
+-------+-------------------+--------------------+-------------------+------------------------------------+------------------------------------+------------------------------------+------------------------------------+
epoch: 25 s: 0 batch_loss 0.27055466175079346 BPR_loss 0.201284721493721 reg_loss 0.06926995515823364
epoch: 25 s: 256000 batch_loss 0.2817137837409973 BPR_loss 0.2110445201396942 reg_loss 0.0706692785024643
epoch: 25 s: 512000 batch_loss 0.2719193994998932 BPR_loss 0.20239275693893433 reg_loss 0.06952664256095886
epoch: 25 s: 768000 batch_loss 0.2792750895023346 BPR_loss 0.20802953839302063 reg_loss 0.07124554365873337
epoch: 25 s: 1024000 batch_loss 0.27017927169799805 BPR_loss 0.19975672662258148 reg_loss 0.07042253017425537
epoch: 25 s: 1280000 batch_loss 0.2670913338661194 BPR_loss 0.1960003674030304 reg_loss 0.07109096646308899
+-------+-------------------+--------------------+--------------------+------------------------------------+------------------------------------+------------------------------------+------------------------------------+
| Epoch |  training time(s) |   tesing time(s)   |        Loss        |               recall               |                ndcg                |             precision              |             hit_ratio              |
+-------+-------------------+--------------------+--------------------+------------------------------------+------------------------------------+------------------------------------+------------------------------------+
|   25  | 66.94282698631287 | 256.58815574645996 | 180.43084716796875 | [0.04421547 0.06429494 0.07916624] | [0.02035569 0.02457111 0.02728237] | [0.00245756 0.00180492 0.00149062] | [0.04873489 0.07117456 0.08782358] |
|   25  | 66.94282698631287 | 236.8803539276123  | 180.43084716796875 | [0.05943535 0.0855751  0.10559957] | [0.0270914  0.03259997 0.03626361] | [0.00337317 0.00244903 0.00202713] | [0.0663447  0.09582598 0.11835056] |
+-------+-------------------+--------------------+--------------------+------------------------------------+------------------------------------+------------------------------------+------------------------------------+
epoch: 26 s: 0 batch_loss 0.2688426077365875 BPR_loss 0.19772469997406006 reg_loss 0.07111790776252747
epoch: 26 s: 256000 batch_loss 0.2621381878852844 BPR_loss 0.1901971995830536 reg_loss 0.07194099575281143
epoch: 26 s: 512000 batch_loss 0.26576322317123413 BPR_loss 0.1937616616487503 reg_loss 0.07200157642364502
epoch: 26 s: 768000 batch_loss 0.25897395610809326 BPR_loss 0.186958909034729 reg_loss 0.07201506197452545
epoch: 26 s: 1024000 batch_loss 0.2641093134880066 BPR_loss 0.1913822889328003 reg_loss 0.0727270245552063
epoch: 26 s: 1280000 batch_loss 0.2578117847442627 BPR_loss 0.18561723828315735 reg_loss 0.07219454646110535
+-------+-------------------+--------------------+--------------------+------------------------------------+------------------------------------+------------------------------------+------------------------------------+
| Epoch |  training time(s) |   tesing time(s)   |        Loss        |               recall               |                ndcg                |             precision              |             hit_ratio              |
+-------+-------------------+--------------------+--------------------+------------------------------------+------------------------------------+------------------------------------+------------------------------------+
|   26  | 66.89990782737732 | 259.20879006385803 | 174.61785888671875 | [0.0440593  0.06382654 0.07846376] | [0.02021429 0.02436544 0.02703799] | [0.00244952 0.00179233 0.00147809] | [0.04856694 0.07069261 0.08712257] |
|   26  | 66.89990782737732 | 236.94103622436523 | 174.61785888671875 | [0.05916211 0.0853064  0.10507095] | [0.02701192 0.0325241  0.03614131] | [0.00335978 0.00244391 0.00201886] | [0.06610834 0.09562114 0.11780695] |
+-------+-------------------+--------------------+--------------------+------------------------------------+------------------------------------+------------------------------------+------------------------------------+
Early stopping is trigger at step: 10 log:0.05916211173386186
early stopping at 26, recall@20:0.0612
