Namespace(K=1, Ks='[20, 40, 60]', alpha=2.0, batch_size=2048, batch_test_flag=True, context_hops=3, cuda=True, data_path='data/', dataset='ali', dim=64, edge_dropout=False, edge_dropout_rate=0.1, epoch=1000, gnn='lightgcn', gpu_id=4, l2=0.001, lr=0.001, mess_dropout=False, mess_dropout_rate=0.1, n_negs=32, neg_mix_num=2, ns='mixgcf', out_dir='./weights/yelp2018/', pool='mean', save=False, test_batch_size=2048, test_flag='part')
reading train and test user-item set ...
building the adj mat ...
loading over ...
卷积器不需要第0层embedding
拿这个最难的neg_item去和pos_item在每一个维度上进行softmax自适应权重,引入alpha超参数来控制模型倾向......
start training ...
epoch: 0 s: 0 batch_loss 0.6931479573249817 BPR_loss 0.6931476593017578 reg_loss 3.105674863945751e-07
epoch: 0 s: 256000 batch_loss 0.6926199197769165 BPR_loss 0.6925703287124634 reg_loss 4.9603917432250455e-05
epoch: 0 s: 512000 batch_loss 0.6874954700469971 BPR_loss 0.6868491172790527 reg_loss 0.0006463672034442425
+-------+--------------------+--------------------+--------------------+------------------------------------+------------------------------------+------------------------------------+------------------------------------+
| Epoch |  training time(s)  |   tesing time(s)   |        Loss        |               recall               |                ndcg                |             precision              |             hit_ratio              |
+-------+--------------------+--------------------+--------------------+------------------------------------+------------------------------------+------------------------------------+------------------------------------+
|   0   | 54.250723123550415 | 354.84548020362854 | 247.02427673339844 | [0.03044851 0.04991725 0.0649411 ] | [0.01304806 0.01726212 0.02010065] | [0.00198969 0.00163429 0.00142505] | [0.03804258 0.06170371 0.07950472] |
|   0   | 54.250723123550415 | 412.5877933502197  | 247.02427673339844 | [0.00368069 0.00719194 0.01023979] | [0.00141687 0.00215514 0.00271508] | [0.00019801 0.00020171 0.00019629] | [0.00390111 0.00790566 0.01149646] |
+-------+--------------------+--------------------+--------------------+------------------------------------+------------------------------------+------------------------------------+------------------------------------+
epoch: 1 s: 0 batch_loss 0.6829400658607483 BPR_loss 0.6815449595451355 reg_loss 0.001395119703374803
epoch: 1 s: 256000 batch_loss 0.6810408234596252 BPR_loss 0.6792705059051514 reg_loss 0.001770308124832809
epoch: 1 s: 512000 batch_loss 0.6772895455360413 BPR_loss 0.6747300624847412 reg_loss 0.002559458836913109
+-------+--------------------+-------------------+--------------------+------------------------------------+------------------------------------+------------------------------------+------------------------------------+
| Epoch |  training time(s)  |   tesing time(s)  |        Loss        |               recall               |                ndcg                |             precision              |             hit_ratio              |
+-------+--------------------+-------------------+--------------------+------------------------------------+------------------------------------+------------------------------------+------------------------------------+
|   1   | 54.492023944854736 | 441.4429612159729 | 243.79550170898438 | [0.04094683 0.06465708 0.08312351] | [0.01781631 0.0229445  0.02641528] | [0.00259293 0.00206483 0.00178033] | [0.04984557 0.07826375 0.10004964] |
|   1   | 54.492023944854736 | 349.5989329814911 | 243.79550170898438 | [0.00538189 0.01047438 0.01517037] | [0.00221554 0.00327506 0.00413074] | [0.00028963 0.00029074 0.00028421] | [0.00568912 0.01143735 0.01669794] |
+-------+--------------------+-------------------+--------------------+------------------------------------+------------------------------------+------------------------------------+------------------------------------+
epoch: 2 s: 0 batch_loss 0.6795448660850525 BPR_loss 0.6771377325057983 reg_loss 0.0024071214720606804
epoch: 2 s: 256000 batch_loss 0.6788721680641174 BPR_loss 0.676118016242981 reg_loss 0.002754122717306018
epoch: 2 s: 512000 batch_loss 0.6761963963508606 BPR_loss 0.6728711724281311 reg_loss 0.003325224621221423
+-------+-------------------+--------------------+--------------------+------------------------------------+------------------------------------+------------------------------------+------------------------------------+
| Epoch |  training time(s) |   tesing time(s)   |        Loss        |               recall               |                ndcg                |             precision              |             hit_ratio              |
+-------+-------------------+--------------------+--------------------+------------------------------------+------------------------------------+------------------------------------+------------------------------------+
|   2   | 48.86456918716431 | 444.4738185405731  | 242.20297241210938 | [0.04990404 0.07587721 0.09675492] | [0.02204779 0.02765705 0.03156559] | [0.0030845  0.00237094 0.00203266] | [0.05959407 0.09024599 0.11472064] |
|   2   | 48.86456918716431 | 375.69153904914856 | 242.20297241210938 | [0.00679308 0.01263551 0.01854185] | [0.00275589 0.0039721  0.00504757] | [0.00036425 0.00034689 0.00034406] | [0.00721115 0.01369823 0.02028874] |
+-------+-------------------+--------------------+--------------------+------------------------------------+------------------------------------+------------------------------------+------------------------------------+
epoch: 3 s: 0 batch_loss 0.675118625164032 BPR_loss 0.671454906463623 reg_loss 0.003663700772449374
epoch: 3 s: 256000 batch_loss 0.6725523471832275 BPR_loss 0.668671727180481 reg_loss 0.003880629548802972
epoch: 3 s: 512000 batch_loss 0.6732497215270996 BPR_loss 0.6693644523620605 reg_loss 0.003885269397869706
+-------+-------------------+--------------------+-------------------+------------------------------------+------------------------------------+------------------------------------+------------------------------------+
| Epoch |  training time(s) |   tesing time(s)   |        Loss       |               recall               |                ndcg                |             precision              |             hit_ratio              |
+-------+-------------------+--------------------+-------------------+------------------------------------+------------------------------------+------------------------------------+------------------------------------+
|   3   | 54.96405529975891 | 365.28649497032166 | 240.6400909423828 | [0.05632262 0.08449425 0.1062645 ] | [0.02519939 0.03127758 0.03535319] | [0.00342921 0.00261293 0.00221145] | [0.06647455 0.09981523 0.12514478] |
|   3   | 54.96405529975891 | 334.1386651992798  | 240.6400909423828 | [0.0078287  0.0147097  0.02064018] | [0.00319729 0.00462566 0.0057036 ] | [0.00041745 0.00040304 0.00038198] | [0.00826031 0.01594432 0.02254961] |
+-------+-------------------+--------------------+-------------------+------------------------------------+------------------------------------+------------------------------------+------------------------------------+
epoch: 4 s: 0 batch_loss 0.6710479259490967 BPR_loss 0.6662879586219788 reg_loss 0.004759988281875849
epoch: 4 s: 256000 batch_loss 0.6632087230682373 BPR_loss 0.6583653688430786 reg_loss 0.004843328148126602
epoch: 4 s: 512000 batch_loss 0.6684102416038513 BPR_loss 0.663408100605011 reg_loss 0.005002132151275873
+-------+--------------------+-------------------+--------------------+------------------------------------+------------------------------------+------------------------------------+------------------------------------+
| Epoch |  training time(s)  |   tesing time(s)  |        Loss        |               recall               |                ndcg                |             precision              |             hit_ratio              |
+-------+--------------------+-------------------+--------------------+------------------------------------+------------------------------------+------------------------------------+------------------------------------+
|   4   | 58.703455209732056 | 413.0696716308594 | 238.55406188964844 | [0.06051288 0.09032921 0.11232982] | [0.02724899 0.03366141 0.03778271] | [0.00365465 0.00276564 0.00231969] | [0.07090067 0.10604765 0.13165297] |
|   4   | 58.703455209732056 | 392.1578209400177 | 238.55406188964844 | [0.00843825 0.01601007 0.02254566] | [0.00340664 0.00498807 0.006174  ] | [0.00044848 0.00043888 0.00041597] | [0.00886617 0.01733335 0.0245445 ] |
+-------+--------------------+-------------------+--------------------+------------------------------------+------------------------------------+------------------------------------+------------------------------------+
epoch: 5 s: 0 batch_loss 0.6683226227760315 BPR_loss 0.6626036167144775 reg_loss 0.005718991160392761
epoch: 5 s: 256000 batch_loss 0.6648380756378174 BPR_loss 0.6591827869415283 reg_loss 0.005655265878885984
epoch: 5 s: 512000 batch_loss 0.6576523184776306 BPR_loss 0.6511533260345459 reg_loss 0.00649897800758481
+-------+--------------------+--------------------+-------------------+------------------------------------+------------------------------------+------------------------------------+------------------------------------+
| Epoch |  training time(s)  |   tesing time(s)   |        Loss       |               recall               |                ndcg                |             precision              |             hit_ratio              |
+-------+--------------------+--------------------+-------------------+------------------------------------+------------------------------------+------------------------------------+------------------------------------+
|   5   | 58.251692056655884 | 434.07684445381165 | 236.1348419189453 | [0.06361215 0.09434554 0.11671584] | [0.02891623 0.03554967 0.03973175] | [0.00381736 0.00288284 0.0023999 ] | [0.07420992 0.11054272 0.13636865] |
|   5   | 58.251692056655884 | 277.2905282974243  | 236.1348419189453 | [0.00928792 0.01713435 0.02399454] | [0.00367098 0.00530586 0.00654938] | [0.00049429 0.00046843 0.00044208] | [0.00978234 0.01851551 0.02611086] |
+-------+--------------------+--------------------+-------------------+------------------------------------+------------------------------------+------------------------------------+------------------------------------+
epoch: 6 s: 0 batch_loss 0.654460072517395 BPR_loss 0.6475309133529663 reg_loss 0.006929138209670782
epoch: 6 s: 256000 batch_loss 0.6565322875976562 BPR_loss 0.6494789123535156 reg_loss 0.007053394801914692
epoch: 6 s: 512000 batch_loss 0.6531339883804321 BPR_loss 0.6451472640037537 reg_loss 0.007986696437001228
+-------+------------------+--------------------+-------------------+------------------------------------+------------------------------------+------------------------------------+------------------------------------+
| Epoch | training time(s) |   tesing time(s)   |        Loss       |               recall               |                ndcg                |             precision              |             hit_ratio              |
+-------+------------------+--------------------+-------------------+------------------------------------+------------------------------------+------------------------------------+------------------------------------+
|   6   | 57.4644992351532 | 436.34840154647827 | 233.3014678955078 | [0.06593421 0.0970952  0.11925975] | [0.03005291 0.03678134 0.04091721] | [0.00393732 0.00295799 0.0024408 ] | [0.0766367  0.11364514 0.13900226] |
|   6   | 57.4644992351532 | 409.94162225723267 | 233.3014678955078 | [0.00999968 0.01791999 0.0251352 ] | [0.0039432  0.00559298 0.00690326] | [0.00053345 0.00048912 0.00046252] | [0.01058029 0.01937257 0.02733734] |
+-------+------------------+--------------------+-------------------+------------------------------------+------------------------------------+------------------------------------+------------------------------------+
epoch: 7 s: 0 batch_loss 0.6412382125854492 BPR_loss 0.6321846842765808 reg_loss 0.009053515270352364
epoch: 7 s: 256000 batch_loss 0.6459174156188965 BPR_loss 0.6368619203567505 reg_loss 0.009055521339178085
epoch: 7 s: 512000 batch_loss 0.6391263604164124 BPR_loss 0.6292217969894409 reg_loss 0.009904569014906883
+-------+-------------------+--------------------+--------------------+------------------------------------+------------------------------------+------------------------------------+------------------------------------+
| Epoch |  training time(s) |   tesing time(s)   |        Loss        |               recall               |                ndcg                |             precision              |             hit_ratio              |
+-------+-------------------+--------------------+--------------------+------------------------------------+------------------------------------+------------------------------------+------------------------------------+
|   7   | 58.58565044403076 | 421.55978870391846 | 230.45498657226562 | [0.06833077 0.0998488  0.12151767] | [0.03103593 0.03781284 0.04186361] | [0.004069   0.00303038 0.00248194] | [0.07925652 0.11648558 0.14124979] |
|   7   | 58.58565044403076 | 383.8858473300934  | 230.45498657226562 | [0.01046023 0.01877828 0.02656351] | [0.00411789 0.00585072 0.00726053] | [0.00055931 0.00051202 0.00048715] | [0.01109748 0.02028874 0.02882981] |
+-------+-------------------+--------------------+--------------------+------------------------------------+------------------------------------+------------------------------------+------------------------------------+
epoch: 8 s: 0 batch_loss 0.639790415763855 BPR_loss 0.6298993229866028 reg_loss 0.009891082532703876
epoch: 8 s: 256000 batch_loss 0.6308450102806091 BPR_loss 0.6200457811355591 reg_loss 0.010799208655953407
epoch: 8 s: 512000 batch_loss 0.6316328644752502 BPR_loss 0.6200568079948425 reg_loss 0.011576047167181969
+-------+-------------------+-------------------+--------------------+------------------------------------+------------------------------------+------------------------------------+------------------------------------+
| Epoch |  training time(s) |   tesing time(s)  |        Loss        |               recall               |                ndcg                |             precision              |             hit_ratio              |
+-------+-------------------+-------------------+--------------------+------------------------------------+------------------------------------+------------------------------------+------------------------------------+
|   8   | 51.88553595542908 | 404.8490240573883 | 227.62814331054688 | [0.06977632 0.10160735 0.12326651] | [0.03171238 0.0385468  0.04259097] | [0.00415035 0.00307967 0.00251411] | [0.08085599 0.11845734 0.14330429] |
|   8   | 51.88553595542908 | 399.1733798980713 | 227.62814331054688 | [0.0110321  0.01960825 0.02751858] | [0.00433315 0.00611782 0.00754968] | [0.00058886 0.00053419 0.00050291] | [0.01168856 0.02119013 0.02979032] |
+-------+-------------------+-------------------+--------------------+------------------------------------+------------------------------------+------------------------------------+------------------------------------+
epoch: 9 s: 0 batch_loss 0.6304217576980591 BPR_loss 0.6192269325256348 reg_loss 0.011194812133908272
epoch: 9 s: 256000 batch_loss 0.6336801052093506 BPR_loss 0.621142566204071 reg_loss 0.012537546455860138
epoch: 9 s: 512000 batch_loss 0.6291689276695251 BPR_loss 0.6164863109588623 reg_loss 0.01268259808421135
+-------+--------------------+--------------------+--------------------+------------------------------------+------------------------------------+------------------------------------+------------------------------------+
| Epoch |  training time(s)  |   tesing time(s)   |        Loss        |               recall               |                ndcg                |             precision              |             hit_ratio              |
+-------+--------------------+--------------------+--------------------+------------------------------------+------------------------------------+------------------------------------+------------------------------------+
|   9   | 62.786452531814575 | 383.73370575904846 | 224.94171142578125 | [0.07098059 0.10328024 0.12535819] | [0.03235929 0.03929609 0.04341864] | [0.00421722 0.00312655 0.00255433] | [0.08212454 0.12026364 0.14548287] |
|   9   | 62.786452531814575 | 391.84176778793335 | 224.94171142578125 | [0.01152589 0.02070298 0.02841259] | [0.0044903  0.00639407 0.00779037] | [0.00061398 0.00056263 0.00051892] | [0.01219098 0.02232796 0.03078037] |
+-------+--------------------+--------------------+--------------------+------------------------------------+------------------------------------+------------------------------------+------------------------------------+
epoch: 10 s: 0 batch_loss 0.621677041053772 BPR_loss 0.6084448099136353 reg_loss 0.013232207857072353
epoch: 10 s: 256000 batch_loss 0.6211596131324768 BPR_loss 0.6074537634849548 reg_loss 0.013705836609005928
epoch: 10 s: 512000 batch_loss 0.6185185313224792 BPR_loss 0.6040838956832886 reg_loss 0.01443461887538433
+-------+-------------------+-------------------+--------------------+------------------------------------+------------------------------------+------------------------------------+------------------------------------+
| Epoch |  training time(s) |   tesing time(s)  |        Loss        |               recall               |                ndcg                |             precision              |             hit_ratio              |
+-------+-------------------+-------------------+--------------------+------------------------------------+------------------------------------+------------------------------------+------------------------------------+
|   10  | 56.22514343261719 | 431.3008358478546 | 222.32362365722656 | [0.0723768  0.10458902 0.12686812] | [0.03286015 0.03978963 0.04393937] | [0.00429306 0.0031655  0.0025803 ] | [0.08366885 0.1217528  0.1471375 ] |
|   10  | 56.22514343261719 | 378.1481602191925 | 222.32362365722656 | [0.01207018 0.02161718 0.02953933] | [0.00469142 0.00666522 0.00810131] | [0.00064354 0.00058554 0.00053936] | [0.01278205 0.02324413 0.03196253] |
+-------+-------------------+-------------------+--------------------+------------------------------------+------------------------------------+------------------------------------+------------------------------------+
epoch: 11 s: 0 batch_loss 0.6206843256950378 BPR_loss 0.6066755652427673 reg_loss 0.014008739963173866
epoch: 11 s: 256000 batch_loss 0.613914966583252 BPR_loss 0.5988216400146484 reg_loss 0.015093352645635605
epoch: 11 s: 512000 batch_loss 0.6118780374526978 BPR_loss 0.5967512130737305 reg_loss 0.015126841142773628
+-------+--------------------+-------------------+--------------------+------------------------------------+------------------------------------+------------------------------------+------------------------------------+
| Epoch |  training time(s)  |   tesing time(s)  |        Loss        |               recall               |                ndcg                |             precision              |             hit_ratio              |
+-------+--------------------+-------------------+--------------------+------------------------------------+------------------------------------+------------------------------------+------------------------------------+
|   11  | 61.134889125823975 | 371.2872211933136 | 220.01014709472656 | [0.07292687 0.10532621 0.127651  ] | [0.03321126 0.04019427 0.04434979] | [0.00431995 0.00318481 0.00259156] | [0.08428934 0.12240086 0.14793723] |
|   11  | 61.134889125823975 | 387.9868106842041 | 220.01014709472656 | [0.01243467 0.02230431 0.03017474] | [0.00487031 0.00691792 0.00835234] | [0.00066348 0.00060364 0.00055217] | [0.01318103 0.0239682  0.03271615] |
+-------+--------------------+-------------------+--------------------+------------------------------------+------------------------------------+------------------------------------+------------------------------------+
epoch: 12 s: 0 batch_loss 0.6122158169746399 BPR_loss 0.5955411195755005 reg_loss 0.016674719750881195
epoch: 12 s: 256000 batch_loss 0.6089968681335449 BPR_loss 0.592536985874176 reg_loss 0.016459861770272255
epoch: 12 s: 512000 batch_loss 0.6100335717201233 BPR_loss 0.5937686562538147 reg_loss 0.016264906153082848
+-------+-------------------+--------------------+-------------------+------------------------------------+------------------------------------+------------------------------------+------------------------------------+
| Epoch |  training time(s) |   tesing time(s)   |        Loss       |               recall               |                ndcg                |             precision              |             hit_ratio              |
+-------+-------------------+--------------------+-------------------+------------------------------------+------------------------------------+------------------------------------+------------------------------------+
|   12  | 62.76024317741394 | 410.0916085243225  | 217.6885986328125 | [0.07404983 0.10597693 0.12826173] | [0.03368259 0.04056694 0.04472066] | [0.00438544 0.00320135 0.00260121] | [0.08550273 0.1230765  0.14848878] |
|   12  | 62.76024317741394 | 373.48165106773376 | 217.6885986328125 | [0.01295876 0.02292247 0.0310318 ] | [0.00507071 0.00714235 0.0086166 ] | [0.00069008 0.00062137 0.00056694] | [0.013713   0.02467749 0.03360277] |
+-------+-------------------+--------------------+-------------------+------------------------------------+------------------------------------+------------------------------------+------------------------------------+
epoch: 13 s: 0 batch_loss 0.6028919219970703 BPR_loss 0.5853660106658936 reg_loss 0.01752593368291855
epoch: 13 s: 256000 batch_loss 0.6040999889373779 BPR_loss 0.5862694978713989 reg_loss 0.017830494791269302
epoch: 13 s: 512000 batch_loss 0.5989722013473511 BPR_loss 0.5807152986526489 reg_loss 0.01825687475502491
+-------+--------------------+--------------------+--------------------+------------------------------------+------------------------------------+------------------------------------+------------------------------------+
| Epoch |  training time(s)  |   tesing time(s)   |        Loss        |               recall               |                ndcg                |             precision              |             hit_ratio              |
+-------+--------------------+--------------------+--------------------+------------------------------------+------------------------------------+------------------------------------+------------------------------------+
|   13  | 50.271101236343384 | 370.06259298324585 | 215.56643676757812 | [0.0746088  0.10681861 0.12889622] | [0.03398988 0.04093246 0.04504997] | [0.00441578 0.00322445 0.00261431] | [0.08609564 0.12384866 0.14920578] |
|   13  | 50.271101236343384 | 379.04220151901245 | 215.56643676757812 | [0.01340207 0.0236181  0.03194551] | [0.00524533 0.00736938 0.00888207] | [0.00071225 0.00063984 0.00058369] | [0.01417109 0.02541634 0.03459282] |
+-------+--------------------+--------------------+--------------------+------------------------------------+------------------------------------+------------------------------------+------------------------------------+
epoch: 14 s: 0 batch_loss 0.6001011729240417 BPR_loss 0.5816338062286377 reg_loss 0.018467342481017113
epoch: 14 s: 256000 batch_loss 0.5947110056877136 BPR_loss 0.5757074356079102 reg_loss 0.01900358684360981
epoch: 14 s: 512000 batch_loss 0.5973642468452454 BPR_loss 0.5778181552886963 reg_loss 0.01954609714448452
+-------+-------------------+-------------------+-------------------+------------------------------------+------------------------------------+------------------------------------+------------------------------------+
| Epoch |  training time(s) |   tesing time(s)  |        Loss       |               recall               |                ndcg                |             precision              |             hit_ratio              |
+-------+-------------------+-------------------+-------------------+------------------------------------+------------------------------------+------------------------------------+------------------------------------+
|   14  | 61.25861215591431 | 451.8018102645874 | 213.6847686767578 | [0.07545936 0.10731914 0.12973787] | [0.03452941 0.0413851  0.045563  ] | [0.00446266 0.00323479 0.00262764] | [0.08693674 0.12433126 0.15006067] |
|   14  | 61.25861215591431 | 389.2970941066742 | 213.6847686767578 | [0.01388232 0.02423134 0.03251812] | [0.00545439 0.00760344 0.00911188] | [0.00073959 0.00065647 0.00059453] | [0.01470306 0.02603697 0.03522823] |
+-------+-------------------+-------------------+-------------------+------------------------------------+------------------------------------+------------------------------------+------------------------------------+
epoch: 15 s: 0 batch_loss 0.5921598672866821 BPR_loss 0.5722601413726807 reg_loss 0.019899753853678703
epoch: 15 s: 256000 batch_loss 0.5882077217102051 BPR_loss 0.5685873031616211 reg_loss 0.019620446488261223
epoch: 15 s: 512000 batch_loss 0.5933047533035278 BPR_loss 0.573043704032898 reg_loss 0.02026103064417839
+-------+-------------------+--------------------+--------------------+------------------------------------+------------------------------------+------------------------------------+------------------------------------+
| Epoch |  training time(s) |   tesing time(s)   |        Loss        |               recall               |                ndcg                |             precision              |             hit_ratio              |
+-------+-------------------+--------------------+--------------------+------------------------------------+------------------------------------+------------------------------------+------------------------------------+
|   15  | 52.04493474960327 | 430.28908920288086 | 211.81581115722656 | [0.07589931 0.10773858 0.12972163] | [0.03481375 0.0416531  0.04575908] | [0.00448679 0.00324237 0.00262718] | [0.0874607  0.12455187 0.15003309] |
|   15  | 52.04493474960327 | 424.3145854473114  | 211.81581115722656 | [0.01433671 0.02459226 0.03319662] | [0.00565264 0.00777949 0.0093466 ] | [0.00076323 0.00066459 0.00060635] | [0.01517592 0.02636206 0.03593752] |
+-------+-------------------+--------------------+--------------------+------------------------------------+------------------------------------+------------------------------------+------------------------------------+
epoch: 16 s: 0 batch_loss 0.5893028378486633 BPR_loss 0.5684801936149597 reg_loss 0.02082264982163906
epoch: 16 s: 256000 batch_loss 0.5896100997924805 BPR_loss 0.5680495500564575 reg_loss 0.0215605478733778
epoch: 16 s: 512000 batch_loss 0.5866133570671082 BPR_loss 0.5655500888824463 reg_loss 0.021063275635242462
+-------+--------------------+--------------------+--------------------+------------------------------------+------------------------------------+------------------------------------+------------------------------------+
| Epoch |  training time(s)  |   tesing time(s)   |        Loss        |               recall               |                ndcg                |             precision              |             hit_ratio              |
+-------+--------------------+--------------------+--------------------+------------------------------------+------------------------------------+------------------------------------+------------------------------------+
|   16  | 59.396347761154175 | 484.20717763900757 | 210.09617614746094 | [0.076462   0.10775219 0.13039573] | [0.03504523 0.04176406 0.04598787] | [0.00451575 0.00324272 0.00263844] | [0.08803982 0.12468976 0.15073631] |
|   16  | 59.396347761154175 | 349.29339718818665 | 210.09617614746094 | [0.01454359 0.02521535 0.03373721] | [0.0057361  0.00794814 0.00950144] | [0.00077579 0.00068048 0.0006162 ] | [0.01541235 0.0269827  0.03654338] |
+-------+--------------------+--------------------+--------------------+------------------------------------+------------------------------------+------------------------------------+------------------------------------+
epoch: 17 s: 0 batch_loss 0.5845180153846741 BPR_loss 0.5625271797180176 reg_loss 0.021990828216075897
epoch: 17 s: 256000 batch_loss 0.5818254947662354 BPR_loss 0.5600066184997559 reg_loss 0.02181888371706009
epoch: 17 s: 512000 batch_loss 0.5792890787124634 BPR_loss 0.556465744972229 reg_loss 0.02282334491610527
+-------+-------------------+--------------------+--------------------+------------------------------------+------------------------------------+------------------------------------+------------------------------------+
| Epoch |  training time(s) |   tesing time(s)   |        Loss        |               recall               |                ndcg                |             precision              |             hit_ratio              |
+-------+-------------------+--------------------+--------------------+------------------------------------+------------------------------------+------------------------------------+------------------------------------+
|   17  | 62.93807625770569 | 446.4009518623352  | 208.72872924804688 | [0.0767682  0.10788213 0.13019028] | [0.03523427 0.04191221 0.04607433] | [0.0045316  0.00324341 0.00263131] | [0.08838453 0.12474491 0.15036402] |
|   17  | 62.93807625770569 | 364.48128604888916 | 208.72872924804688 | [0.01489085 0.02564747 0.03456314] | [0.00590655 0.00813985 0.00975902] | [0.00079278 0.0006923  0.00062999] | [0.01575222 0.02747034 0.03737089] |
+-------+-------------------+--------------------+--------------------+------------------------------------+------------------------------------+------------------------------------+------------------------------------+
epoch: 18 s: 0 batch_loss 0.5780333876609802 BPR_loss 0.5551306009292603 reg_loss 0.022902803495526314
epoch: 18 s: 256000 batch_loss 0.5788591504096985 BPR_loss 0.5553593635559082 reg_loss 0.023499764502048492
epoch: 18 s: 512000 batch_loss 0.5852082967758179 BPR_loss 0.5624183416366577 reg_loss 0.022789934650063515
+-------+-------------------+--------------------+--------------------+------------------------------------+------------------------------------+------------------------------------+------------------------------------+
| Epoch |  training time(s) |   tesing time(s)   |        Loss        |               recall               |                ndcg                |             precision              |             hit_ratio              |
+-------+-------------------+--------------------+--------------------+------------------------------------+------------------------------------+------------------------------------+------------------------------------+
|   18  | 63.62343645095825 | 441.68202328681946 | 207.23377990722656 | [0.07688827 0.1081958  0.13046756] | [0.03535311 0.04207034 0.04623382] | [0.00453988 0.00325065 0.00263936] | [0.08856379 0.12499311 0.15070873] |
|   18  | 63.62343645095825 | 377.54739141464233 | 207.23377990722656 | [0.01514698 0.02605002 0.03506974] | [0.00601813 0.00828579 0.00992439] | [0.00080756 0.00070375 0.00063984] | [0.01604776 0.02791364 0.03791763] |
+-------+-------------------+--------------------+--------------------+------------------------------------+------------------------------------+------------------------------------+------------------------------------+
epoch: 19 s: 0 batch_loss 0.5749471187591553 BPR_loss 0.5512991547584534 reg_loss 0.02364795282483101
epoch: 19 s: 256000 batch_loss 0.5747659802436829 BPR_loss 0.5502958297729492 reg_loss 0.02447013556957245
epoch: 19 s: 512000 batch_loss 0.5737261772155762 BPR_loss 0.5497623085975647 reg_loss 0.02396385185420513
+-------+------------------+--------------------+--------------------+------------------------------------+------------------------------------+------------------------------------+------------------------------------+
| Epoch | training time(s) |   tesing time(s)   |        Loss        |               recall               |                ndcg                |             precision              |             hit_ratio              |
+-------+------------------+--------------------+--------------------+------------------------------------+------------------------------------+------------------------------------+------------------------------------+
|   19  | 59.4840190410614 | 481.02153635025024 | 205.93380737304688 | [0.07735483 0.10828575 0.1305772 ] | [0.03559838 0.04223876 0.0464073 ] | [0.00456263 0.00325341 0.00264211] | [0.08897744 0.12504826 0.15072252] |
|   19  | 59.4840190410614 |  381.643257856369  | 205.93380737304688 | [0.01549547 0.02629272 0.03552955] | [0.00616352 0.0084134  0.01009132] | [0.00082455 0.00071114 0.00064822] | [0.01638763 0.02820918 0.03840527] |
+-------+------------------+--------------------+--------------------+------------------------------------+------------------------------------+------------------------------------+------------------------------------+
epoch: 20 s: 0 batch_loss 0.5720919966697693 BPR_loss 0.5481547117233276 reg_loss 0.023937294259667397
epoch: 20 s: 256000 batch_loss 0.5741283893585205 BPR_loss 0.5495952367782593 reg_loss 0.024533167481422424
epoch: 20 s: 512000 batch_loss 0.5650275945663452 BPR_loss 0.5397132635116577 reg_loss 0.02531430684030056
+-------+-------------------+-------------------+-------------------+------------------------------------+------------------------------------+------------------------------------+------------------------------------+
| Epoch |  training time(s) |   tesing time(s)  |        Loss       |               recall               |                ndcg                |             precision              |             hit_ratio              |
+-------+-------------------+-------------------+-------------------+------------------------------------+------------------------------------+------------------------------------+------------------------------------+
|   20  | 52.89057970046997 | 426.1668212413788 | 204.6855010986328 | [0.07758279 0.10852071 0.13054618] | [0.03572932 0.04236448 0.04648747] | [0.00457159 0.00325927 0.00264188] | [0.08925321 0.12531024 0.15081904] |
|   20  | 52.89057970046997 | 401.6380844116211 | 204.6855010986328 | [0.01595971 0.0265661  0.03585106] | [0.0063269  0.00853272 0.01022191] | [0.00084967 0.00071816 0.00065388] | [0.01689004 0.02848994 0.03874514] |
+-------+-------------------+-------------------+-------------------+------------------------------------+------------------------------------+------------------------------------+------------------------------------+
epoch: 21 s: 0 batch_loss 0.5709296464920044 BPR_loss 0.5457999110221863 reg_loss 0.025129739195108414
epoch: 21 s: 256000 batch_loss 0.5809932351112366 BPR_loss 0.5558090209960938 reg_loss 0.02518419921398163
epoch: 21 s: 512000 batch_loss 0.5659083724021912 BPR_loss 0.5403061509132385 reg_loss 0.025602223351597786
+-------+--------------------+--------------------+--------------------+------------------------------------+------------------------------------+------------------------------------+------------------------------------+
| Epoch |  training time(s)  |   tesing time(s)   |        Loss        |               recall               |                ndcg                |             precision              |             hit_ratio              |
+-------+--------------------+--------------------+--------------------+------------------------------------+------------------------------------+------------------------------------+------------------------------------+
|   21  | 59.206862449645996 | 458.3750014305115  | 203.57240295410156 | [0.07752381 0.10863496 0.13075026] | [0.03585238 0.04253086 0.04667012] | [0.00457159 0.0032634  0.00264786] | [0.08921185 0.12548949 0.15103966] |
|   21  | 59.206862449645996 | 379.50159788131714 | 203.57240295410156 | [0.01618506 0.02685425 0.03621148] | [0.00641192 0.00862701 0.01033344] | [0.00086076 0.00072444 0.00066053] | [0.0171117  0.02874115 0.03912934] |
+-------+--------------------+--------------------+--------------------+------------------------------------+------------------------------------+------------------------------------+------------------------------------+
epoch: 22 s: 0 batch_loss 0.5622303485870361 BPR_loss 0.5358873605728149 reg_loss 0.02634299173951149
epoch: 22 s: 256000 batch_loss 0.5611776113510132 BPR_loss 0.5343585014343262 reg_loss 0.02681908942759037
epoch: 22 s: 512000 batch_loss 0.5628437995910645 BPR_loss 0.535962700843811 reg_loss 0.02688111737370491
+-------+-------------------+--------------------+-------------------+------------------------------------+------------------------------------+------------------------------------+------------------------------------+
| Epoch |  training time(s) |   tesing time(s)   |        Loss       |               recall               |                ndcg                |             precision              |             hit_ratio              |
+-------+-------------------+--------------------+-------------------+------------------------------------+------------------------------------+------------------------------------+------------------------------------+
|   22  | 47.13424801826477 | 386.4679820537567  | 202.5418243408203 | [0.07743303 0.10854223 0.13070624] | [0.035901   0.04258367 0.04673277] | [0.00456607 0.00325927 0.00264763] | [0.0891429  0.1253654  0.15108102] |
|   22  | 47.13424801826477 | 416.63624358177185 | 202.5418243408203 | [0.01643381 0.02733696 0.03659396] | [0.00656719 0.00882716 0.01051123] | [0.00087406 0.00073811 0.00066718] | [0.01737768 0.0292879  0.03952832] |
+-------+-------------------+--------------------+-------------------+------------------------------------+------------------------------------+------------------------------------+------------------------------------+
epoch: 23 s: 0 batch_loss 0.5666100978851318 BPR_loss 0.5400365591049194 reg_loss 0.02657356858253479
epoch: 23 s: 256000 batch_loss 0.5621460676193237 BPR_loss 0.5351957082748413 reg_loss 0.026950335130095482
epoch: 23 s: 512000 batch_loss 0.556905210018158 BPR_loss 0.5296046733856201 reg_loss 0.027300534769892693
+-------+-------------------+--------------------+--------------------+------------------------------------+------------------------------------+------------------------------------+------------------------------------+
| Epoch |  training time(s) |   tesing time(s)   |        Loss        |               recall               |                ndcg                |             precision              |             hit_ratio              |
+-------+-------------------+--------------------+--------------------+------------------------------------+------------------------------------+------------------------------------+------------------------------------+
|   23  | 59.15452742576599 | 459.38161611557007 | 201.62791442871094 | [0.0774008  0.10872372 0.13083598] | [0.03592087 0.04264807 0.04679142] | [0.00456125 0.00326306 0.00265062] | [0.08907396 0.12550328 0.15112239] |
|   23  | 59.15452742576599 | 337.15883207321167 | 201.62791442871094 | [0.01663083 0.02762511 0.03698716] | [0.00663179 0.00891002 0.01061422] | [0.00088514 0.0007455  0.00067457] | [0.01761411 0.02959821 0.03998641] |
+-------+-------------------+--------------------+--------------------+------------------------------------+------------------------------------+------------------------------------+------------------------------------+
epoch: 24 s: 0 batch_loss 0.5668290257453918 BPR_loss 0.5394378304481506 reg_loss 0.02739119902253151
epoch: 24 s: 256000 batch_loss 0.5600650310516357 BPR_loss 0.5322712063789368 reg_loss 0.027793822810053825
epoch: 24 s: 512000 batch_loss 0.5618332028388977 BPR_loss 0.5341550707817078 reg_loss 0.027678145095705986
+-------+------------------+--------------------+--------------------+------------------------------------+------------------------------------+------------------------------------+------------------------------------+
| Epoch | training time(s) |   tesing time(s)   |        Loss        |               recall               |                ndcg                |             precision              |             hit_ratio              |
+-------+------------------+--------------------+--------------------+------------------------------------+------------------------------------+------------------------------------+------------------------------------+
|   24  | 59.5513174533844 | 437.0459337234497  | 200.68885803222656 | [0.07748399 0.10868509 0.13084709] | [0.03597389 0.04267354 0.04682585] | [0.00456676 0.0032603  0.00264924] | [0.08918427 0.12539297 0.15119133] |
|   24  | 59.5513174533844 | 375.16621708869934 | 200.68885803222656 | [0.01681308 0.02789602 0.0373418 ] | [0.0067266  0.00902291 0.01074021] | [0.00089622 0.00075325 0.00068097] | [0.01782099 0.02990853 0.04037061] |
+-------+------------------+--------------------+--------------------+------------------------------------+------------------------------------+------------------------------------+------------------------------------+
epoch: 25 s: 0 batch_loss 0.550774335861206 BPR_loss 0.5230840444564819 reg_loss 0.027690283954143524
epoch: 25 s: 256000 batch_loss 0.5639150142669678 BPR_loss 0.5353690981864929 reg_loss 0.028545906767249107
epoch: 25 s: 512000 batch_loss 0.5605291128158569 BPR_loss 0.5313129425048828 reg_loss 0.029216179624199867
+-------+-------------------+--------------------+--------------------+------------------------------------+------------------------------------+------------------------------------+------------------------------------+
| Epoch |  training time(s) |   tesing time(s)   |        Loss        |               recall               |                ndcg                |             precision              |             hit_ratio              |
+-------+-------------------+--------------------+--------------------+------------------------------------+------------------------------------+------------------------------------+------------------------------------+
|   25  | 62.81984829902649 | 434.7868537902832  | 199.89407348632812 | [0.07723323 0.10846573 0.13027838] | [0.03605365 0.04276828 0.04686249] | [0.00455711 0.0032541  0.00263936] | [0.08894986 0.12507584 0.15066737] |
|   25  | 62.81984829902649 | 366.31682229042053 | 199.89407348632812 | [0.01698105 0.02813492 0.03757739] | [0.00680933 0.00912399 0.01083917] | [0.00090435 0.00076064 0.0006854 ] | [0.01798354 0.03017452 0.04066614] |
+-------+-------------------+--------------------+--------------------+------------------------------------+------------------------------------+------------------------------------+------------------------------------+
epoch: 26 s: 0 batch_loss 0.557497501373291 BPR_loss 0.5293023586273193 reg_loss 0.02819516509771347
epoch: 26 s: 256000 batch_loss 0.5583522319793701 BPR_loss 0.5295712947845459 reg_loss 0.02878093719482422
epoch: 26 s: 512000 batch_loss 0.5525829792022705 BPR_loss 0.5231488943099976 reg_loss 0.02943405881524086
+-------+-------------------+-------------------+--------------------+------------------------------------+------------------------------------+------------------------------------+------------------------------------+
| Epoch |  training time(s) |   tesing time(s)  |        Loss        |               recall               |                ndcg                |             precision              |             hit_ratio              |
+-------+-------------------+-------------------+--------------------+------------------------------------+------------------------------------+------------------------------------+------------------------------------+
|   26  | 63.81208252906799 | 446.8445370197296 | 199.12342834472656 | [0.07760939 0.10852108 0.1305147 ] | [0.03613065 0.04277589 0.04689853] | [0.00457917 0.00325858 0.0026451 ] | [0.08930837 0.12522751 0.15090177] |
|   26  | 63.81208252906799 | 362.6826503276825 | 199.12342834472656 | [0.01714852 0.0283812  0.03784152] | [0.00688308 0.00921008 0.01093084] | [0.00091322 0.00076582 0.00069033] | [0.01816086 0.03039617 0.04094691] |
+-------+-------------------+-------------------+--------------------+------------------------------------+------------------------------------+------------------------------------+------------------------------------+
epoch: 27 s: 0 batch_loss 0.5436041951179504 BPR_loss 0.5139487981796265 reg_loss 0.02965541183948517
epoch: 27 s: 256000 batch_loss 0.5529340505599976 BPR_loss 0.523099958896637 reg_loss 0.029834076762199402
epoch: 27 s: 512000 batch_loss 0.5539475679397583 BPR_loss 0.5238236784934998 reg_loss 0.030123889446258545
+-------+-------------------+-------------------+-------------------+------------------------------------+------------------------------------+------------------------------------+------------------------------------+
| Epoch |  training time(s) |   tesing time(s)  |        Loss       |               recall               |                ndcg                |             precision              |             hit_ratio              |
+-------+-------------------+-------------------+-------------------+------------------------------------+------------------------------------+------------------------------------+------------------------------------+
|   27  | 53.08767127990723 | 424.6010248661041 | 198.4534454345703 | [0.07734162 0.10854291 0.13021238] | [0.0360665  0.04276774 0.04682934] | [0.0045647  0.00325685 0.00263706] | [0.08906017 0.12517236 0.1505019 ] |
|   27  | 53.08767127990723 | 423.0408790111542 | 198.4534454345703 | [0.01725319 0.02850927 0.03811081] | [0.00694467 0.00927862 0.01102803] | [0.00091986 0.00076951 0.00069624] | [0.01830863 0.03054394 0.04130155] |
+-------+-------------------+-------------------+-------------------+------------------------------------+------------------------------------+------------------------------------+------------------------------------+
epoch: 28 s: 0 batch_loss 0.5507537126541138 BPR_loss 0.520759642124176 reg_loss 0.029994074255228043
epoch: 28 s: 256000 batch_loss 0.5522685050964355 BPR_loss 0.5225164890289307 reg_loss 0.029752016067504883
epoch: 28 s: 512000 batch_loss 0.5557572245597839 BPR_loss 0.5261117815971375 reg_loss 0.029645441100001335
+-------+-------------------+-------------------+--------------------+------------------------------------+------------------------------------+------------------------------------+------------------------------------+
| Epoch |  training time(s) |   tesing time(s)  |        Loss        |               recall               |                ndcg                |             precision              |             hit_ratio              |
+-------+-------------------+-------------------+--------------------+------------------------------------+------------------------------------+------------------------------------+------------------------------------+
|   28  | 60.51790928840637 | 421.8736922740936 | 197.77883911132812 | [0.07748732 0.10832036 0.13014559] | [0.0360946  0.04272947 0.04681505] | [0.00457228 0.00325341 0.00263476] | [0.08923942 0.12503447 0.15028129] |
|   28  | 60.51790928840637 | 361.4881269931793 | 197.77883911132812 | [0.01736648 0.02864718 0.03841462] | [0.00699342 0.00933628 0.01111284] | [0.0009243  0.00077283 0.00070092] | [0.01839729 0.03069171 0.04159709] |
+-------+-------------------+-------------------+--------------------+------------------------------------+------------------------------------+------------------------------------+------------------------------------+
epoch: 29 s: 0 batch_loss 0.5545154213905334 BPR_loss 0.5238556861877441 reg_loss 0.030659720301628113
epoch: 29 s: 256000 batch_loss 0.5471521615982056 BPR_loss 0.5160462260246277 reg_loss 0.031105956062674522
epoch: 29 s: 512000 batch_loss 0.5537658333778381 BPR_loss 0.5229032039642334 reg_loss 0.030862638726830482
+-------+-------------------+--------------------+-------------------+------------------------------------+------------------------------------+------------------------------------+------------------------------------+
| Epoch |  training time(s) |   tesing time(s)   |        Loss       |               recall               |                ndcg                |             precision              |             hit_ratio              |
+-------+-------------------+--------------------+-------------------+------------------------------------+------------------------------------+------------------------------------+------------------------------------+
|   29  | 62.03682470321655 | 408.1724343299866  | 197.2230987548828 | [0.07764566 0.10831069 0.12973875] | [0.03621855 0.04281214 0.04682716] | [0.00458469 0.00325203 0.00262787] | [0.08943246 0.12495174 0.14982626] |
|   29  | 62.03682470321655 | 416.93265891075134 | 197.2230987548828 | [0.01761276 0.02890332 0.0386323 ] | [0.00707007 0.00941049 0.01118368] | [0.00093686 0.00077985 0.00070683] | [0.0186485  0.03098725 0.04190741] |
+-------+-------------------+--------------------+-------------------+------------------------------------+------------------------------------+------------------------------------+------------------------------------+
epoch: 30 s: 0 batch_loss 0.5450388789176941 BPR_loss 0.5146766901016235 reg_loss 0.030362216755747795
epoch: 30 s: 256000 batch_loss 0.5527685284614563 BPR_loss 0.5224848985671997 reg_loss 0.030283622443675995
epoch: 30 s: 512000 batch_loss 0.5468659996986389 BPR_loss 0.5152338743209839 reg_loss 0.03163215145468712
+-------+--------------------+-------------------+-------------------+------------------------------------+------------------------------------+------------------------------------+------------------------------------+
| Epoch |  training time(s)  |   tesing time(s)  |        Loss       |               recall               |                ndcg                |             precision              |             hit_ratio              |
+-------+--------------------+-------------------+-------------------+------------------------------------+------------------------------------+------------------------------------+------------------------------------+
|   30  | 59.043036460876465 | 412.2258596420288 | 196.5883026123047 | [0.07744718 0.10837259 0.12954021] | [0.03612919 0.04277549 0.04673955] | [0.00456883 0.00325237 0.00262212] | [0.08919806 0.12506205 0.14959186] |
|   30  | 59.043036460876465 | 288.1252362728119 | 196.5883026123047 | [0.01777284 0.02911266 0.03868684] | [0.00713882 0.00948752 0.01123074] | [0.00094572 0.00078576 0.00070732] | [0.01882582 0.03119412 0.04195174] |
+-------+--------------------+-------------------+-------------------+------------------------------------+------------------------------------+------------------------------------+------------------------------------+
epoch: 31 s: 0 batch_loss 0.5539579391479492 BPR_loss 0.5223081707954407 reg_loss 0.03164975345134735
epoch: 31 s: 256000 batch_loss 0.5498272180557251 BPR_loss 0.5185011625289917 reg_loss 0.031326036900281906
epoch: 31 s: 512000 batch_loss 0.5516176223754883 BPR_loss 0.5203343629837036 reg_loss 0.03128322958946228
+-------+-------------------+--------------------+--------------------+------------------------------------+------------------------------------+------------------------------------+------------------------------------+
| Epoch |  training time(s) |   tesing time(s)   |        Loss        |               recall               |                ndcg                |             precision              |             hit_ratio              |
+-------+-------------------+--------------------+--------------------+------------------------------------+------------------------------------+------------------------------------+------------------------------------+
|   31  | 54.40068769454956 | 420.33639550209045 | 196.10903930664062 | [0.07752425 0.10849516 0.12935349] | [0.03626826 0.04291689 0.04682308] | [0.00457642 0.00325616 0.00261936] | [0.08929458 0.12514478 0.14938503] |
|   31  | 54.40068769454956 | 355.50707817077637 | 196.10903930664062 | [0.01778023 0.0293023  0.0387813 ] | [0.00716301 0.00955197 0.01127894] | [0.00094572 0.00079094 0.00070954] | [0.01882582 0.031401   0.04208473] |
+-------+-------------------+--------------------+--------------------+------------------------------------+------------------------------------+------------------------------------+------------------------------------+
epoch: 32 s: 0 batch_loss 0.542262613773346 BPR_loss 0.5101040601730347 reg_loss 0.032158564776182175
epoch: 32 s: 256000 batch_loss 0.547502875328064 BPR_loss 0.5151163339614868 reg_loss 0.03238651528954506
epoch: 32 s: 512000 batch_loss 0.5485895276069641 BPR_loss 0.5164856910705566 reg_loss 0.032103851437568665
+-------+-------------------+--------------------+--------------------+------------------------------------+------------------------------------+------------------------------------+------------------------------------+
| Epoch |  training time(s) |   tesing time(s)   |        Loss        |               recall               |                ndcg                |             precision              |             hit_ratio              |
+-------+-------------------+--------------------+--------------------+------------------------------------+------------------------------------+------------------------------------+------------------------------------+
|   32  | 58.74989175796509 | 376.3583264350891  | 195.61073303222656 | [0.07760284 0.1082357  0.12907106] | [0.03623226 0.04282558 0.04673088] | [0.00457573 0.00325168 0.00261454] | [0.08930837 0.12491037 0.14890243] |
|   32  | 58.74989175796509 | 306.31136178970337 | 195.61073303222656 | [0.01782456 0.02933185 0.0391927 ] | [0.00718792 0.00958022 0.01137411] | [0.0009472  0.00079241 0.00071693] | [0.01885538 0.03147489 0.04249849] |
+-------+-------------------+--------------------+--------------------+------------------------------------+------------------------------------+------------------------------------+------------------------------------+
epoch: 33 s: 0 batch_loss 0.546435534954071 BPR_loss 0.5143206119537354 reg_loss 0.032114915549755096
epoch: 33 s: 256000 batch_loss 0.5496822595596313 BPR_loss 0.5176970958709717 reg_loss 0.031985193490982056
epoch: 33 s: 512000 batch_loss 0.5406768321990967 BPR_loss 0.5082160234451294 reg_loss 0.03246082365512848
+-------+--------------------+-------------------+-------------------+------------------------------------+------------------------------------+------------------------------------+------------------------------------+
| Epoch |  training time(s)  |   tesing time(s)  |        Loss       |               recall               |                ndcg                |             precision              |             hit_ratio              |
+-------+--------------------+-------------------+-------------------+------------------------------------+------------------------------------+------------------------------------+------------------------------------+
|   33  | 61.798628091812134 | 435.7197105884552 | 195.1324005126953 | [0.07766899 0.10831154 0.12890363] | [0.03620368 0.04278883 0.04664116] | [0.00458055 0.0032541  0.00260994] | [0.08937731 0.12507584 0.14875076] |
|   33  | 61.798628091812134 | 360.0887689590454 | 195.1324005126953 | [0.01797972 0.02939711 0.03911181] | [0.00721607 0.00958688 0.01136004] | [0.00095681 0.00079352 0.00071668] | [0.01904748 0.03150444 0.04248371] |
+-------+--------------------+-------------------+-------------------+------------------------------------+------------------------------------+------------------------------------+------------------------------------+
epoch: 34 s: 0 batch_loss 0.5475500822067261 BPR_loss 0.5150840282440186 reg_loss 0.032466039061546326
epoch: 34 s: 256000 batch_loss 0.5440375208854675 BPR_loss 0.5108849406242371 reg_loss 0.03315257653594017
epoch: 34 s: 512000 batch_loss 0.5418145656585693 BPR_loss 0.5087872743606567 reg_loss 0.03302731364965439
+-------+--------------------+--------------------+--------------------+------------------------------------+------------------------------------+------------------------------------+------------------------------------+
| Epoch |  training time(s)  |   tesing time(s)   |        Loss        |               recall               |                ndcg                |             precision              |             hit_ratio              |
+-------+--------------------+--------------------+--------------------+------------------------------------+------------------------------------+------------------------------------+------------------------------------+
|   34  | 57.697887659072876 | 354.7329366207123  | 194.74293518066406 | [0.07739737 0.10779035 0.12845808] | [0.03617122 0.04271383 0.04658654] | [0.00456607 0.00323858 0.00260236] | [0.08904638 0.12449672 0.14818543] |
|   34  | 57.697887659072876 | 342.96852684020996 | 194.74293518066406 | [0.01811271 0.02945992 0.03921413] | [0.00729597 0.00965659 0.01143395] | [0.00096272 0.00079574 0.00071816] | [0.01916569 0.03157833 0.04255759] |
+-------+--------------------+--------------------+--------------------+------------------------------------+------------------------------------+------------------------------------+------------------------------------+
epoch: 35 s: 0 batch_loss 0.5472248792648315 BPR_loss 0.5142200589179993 reg_loss 0.033004797995090485
epoch: 35 s: 256000 batch_loss 0.5499498248100281 BPR_loss 0.5165736675262451 reg_loss 0.03337614983320236
epoch: 35 s: 512000 batch_loss 0.5482755303382874 BPR_loss 0.5148785710334778 reg_loss 0.03339695185422897
+-------+-------------------+--------------------+--------------------+------------------------------------+------------------------------------+------------------------------------+------------------------------------+
| Epoch |  training time(s) |   tesing time(s)   |        Loss        |               recall               |                ndcg                |             precision              |             hit_ratio              |
+-------+-------------------+--------------------+--------------------+------------------------------------+------------------------------------+------------------------------------+------------------------------------+
|   35  | 54.93138575553894 | 403.20314145088196 | 194.35231018066406 | [0.07757976 0.10780795 0.12830513] | [0.03618823 0.04269395 0.04653173] | [0.00457848 0.003241   0.00259799] | [0.08928079 0.12456566 0.14800618] |
|   35  | 54.93138575553894 | 314.0342581272125  | 194.35231018066406 | [0.01822847 0.02941435 0.03929061] | [0.00732347 0.00965326 0.01145432] | [0.00096937 0.00079426 0.00071939] | [0.01929869 0.03153399 0.04267581] |
+-------+-------------------+--------------------+--------------------+------------------------------------+------------------------------------+------------------------------------+------------------------------------+
epoch: 36 s: 0 batch_loss 0.5417813062667847 BPR_loss 0.508543848991394 reg_loss 0.033237483352422714
epoch: 36 s: 256000 batch_loss 0.5365740060806274 BPR_loss 0.5030132532119751 reg_loss 0.033560771495103836
epoch: 36 s: 512000 batch_loss 0.5433202981948853 BPR_loss 0.5102524757385254 reg_loss 0.03306782990694046
+-------+--------------------+--------------------+--------------------+------------------------------------+------------------------------------+------------------------------------+------------------------------------+
| Epoch |  training time(s)  |   tesing time(s)   |        Loss        |               recall               |                ndcg                |             precision              |             hit_ratio              |
+-------+--------------------+--------------------+--------------------+------------------------------------+------------------------------------+------------------------------------+------------------------------------+
|   36  | 51.911266803741455 | 407.09371399879456 | 193.91244506835938 | [0.0773318  0.10769671 0.12798546] | [0.03613172 0.0426759  0.04647869] | [0.00456125 0.00323858 0.00259408] | [0.08893608 0.1244002  0.14768904] |
|   36  | 51.911266803741455 | 331.83779311180115 | 193.91244506835938 | [0.01825063 0.02957444 0.03944802] | [0.00734375 0.00969937 0.01149981] | [0.00097085 0.00079795 0.00072284] | [0.01932824 0.03166699 0.04283836] |
+-------+--------------------+--------------------+--------------------+------------------------------------+------------------------------------+------------------------------------+------------------------------------+
epoch: 37 s: 0 batch_loss 0.5397759675979614 BPR_loss 0.5056852102279663 reg_loss 0.03409072756767273
epoch: 37 s: 256000 batch_loss 0.5399090051651001 BPR_loss 0.5062904357910156 reg_loss 0.033618584275245667
epoch: 37 s: 512000 batch_loss 0.5394372940063477 BPR_loss 0.5052781105041504 reg_loss 0.034159205853939056
+-------+--------------------+--------------------+--------------------+------------------------------------+------------------------------------+------------------------------------+------------------------------------+
| Epoch |  training time(s)  |   tesing time(s)   |        Loss        |               recall               |                ndcg                |             precision              |             hit_ratio              |
+-------+--------------------+--------------------+--------------------+------------------------------------+------------------------------------+------------------------------------+------------------------------------+
|   37  | 59.221020221710205 | 408.41137766838074 | 193.58184814453125 | [0.07725744 0.10760746 0.12802966] | [0.03609015 0.04262667 0.04644374] | [0.00455711 0.00323617 0.00259202] | [0.0889085  0.12430368 0.14771662] |
|   37  | 59.221020221710205 | 292.10919761657715 | 193.58184814453125 | [0.01817859 0.02954858 0.03952855] | [0.00731644 0.00968694 0.01150921] | [0.00096641 0.00079685 0.00072481] | [0.01923958 0.03162266 0.04295657] |
+-------+--------------------+--------------------+--------------------+------------------------------------+------------------------------------+------------------------------------+------------------------------------+
epoch: 38 s: 0 batch_loss 0.5348007678985596 BPR_loss 0.5009530782699585 reg_loss 0.03384769335389137
epoch: 38 s: 256000 batch_loss 0.5348424315452576 BPR_loss 0.5004360675811768 reg_loss 0.03440636023879051
epoch: 38 s: 512000 batch_loss 0.5366189479827881 BPR_loss 0.5025749206542969 reg_loss 0.03404403105378151
+-------+-------------------+--------------------+-------------------+------------------------------------+------------------------------------+------------------------------------+------------------------------------+
| Epoch |  training time(s) |   tesing time(s)   |        Loss       |               recall               |                ndcg                |             precision              |             hit_ratio              |
+-------+-------------------+--------------------+-------------------+------------------------------------+------------------------------------+------------------------------------+------------------------------------+
|   38  | 65.33516335487366 | 414.7504713535309  | 193.2801055908203 | [0.07681586 0.10728819 0.1277184 ] | [0.0359472  0.0425189  0.04633606] | [0.00453298 0.00322755 0.00258581] | [0.0884259  0.12397275 0.14735812] |
|   38  | 65.33516335487366 | 337.43903851509094 | 193.2801055908203 | [0.01831651 0.02957444 0.03954825] | [0.00737198 0.00972056 0.01154115] | [0.00097454 0.00079832 0.00072506] | [0.01940212 0.03168176 0.04297135] |
+-------+-------------------+--------------------+-------------------+------------------------------------+------------------------------------+------------------------------------+------------------------------------+
epoch: 39 s: 0 batch_loss 0.5344808101654053 BPR_loss 0.5001410841941833 reg_loss 0.034339748322963715
epoch: 39 s: 256000 batch_loss 0.5471035242080688 BPR_loss 0.5127609372138977 reg_loss 0.03434259444475174
epoch: 39 s: 512000 batch_loss 0.5427365899085999 BPR_loss 0.5085809230804443 reg_loss 0.034155651926994324
+-------+-------------------+--------------------+--------------------+------------------------------------+------------------------------------+------------------------------------+------------------------------------+
| Epoch |  training time(s) |   tesing time(s)   |        Loss        |               recall               |                ndcg                |             precision              |             hit_ratio              |
+-------+-------------------+--------------------+--------------------+------------------------------------+------------------------------------+------------------------------------+------------------------------------+
|   39  | 52.95958662033081 | 360.5158019065857  | 192.89918518066406 | [0.0769377  0.1073179  0.12738814] | [0.03598203 0.04252736 0.04628098] | [0.00454332 0.00322583 0.00257869] | [0.08857757 0.12389002 0.14697204] |
|   39  | 52.95958662033081 | 327.70029735565186 | 192.89918518066406 | [0.01842241 0.02973575 0.03961341] | [0.00741799 0.00977797 0.0115776 ] | [0.00097971 0.0008035  0.00072579] | [0.01950556 0.03188864 0.04304523] |
+-------+-------------------+--------------------+--------------------+------------------------------------+------------------------------------+------------------------------------+------------------------------------+
epoch: 40 s: 0 batch_loss 0.5364553928375244 BPR_loss 0.5022200345993042 reg_loss 0.034235380589962006
epoch: 40 s: 256000 batch_loss 0.5419570207595825 BPR_loss 0.5073052644729614 reg_loss 0.0346517339348793
epoch: 40 s: 512000 batch_loss 0.5371821522712708 BPR_loss 0.5025312304496765 reg_loss 0.03465094789862633
+-------+-------------------+--------------------+-------------------+------------------------------------+------------------------------------+------------------------------------+------------------------------------+
| Epoch |  training time(s) |   tesing time(s)   |        Loss       |               recall               |                ndcg                |             precision              |             hit_ratio              |
+-------+-------------------+--------------------+-------------------+------------------------------------+------------------------------------+------------------------------------+------------------------------------+
|   40  | 58.06027102470398 | 393.3250460624695  | 192.6324920654297 | [0.07693483 0.10685771 0.1275612 ] | [0.03595579 0.04241539 0.04628171] | [0.0045385  0.00321583 0.00258167] | [0.08848105 0.123435   0.14716508] |
|   40  | 58.06027102470398 | 333.03919744491577 | 192.6324920654297 | [0.01836885 0.02986505 0.03955589] | [0.00741565 0.00981019 0.01157899] | [0.00097676 0.00080608 0.00072456] | [0.01944646 0.03199208 0.04295657] |
+-------+-------------------+--------------------+-------------------+------------------------------------+------------------------------------+------------------------------------+------------------------------------+
epoch: 41 s: 0 batch_loss 0.5423612594604492 BPR_loss 0.5078675746917725 reg_loss 0.03449365496635437
epoch: 41 s: 256000 batch_loss 0.534828245639801 BPR_loss 0.5002609491348267 reg_loss 0.034567322582006454
epoch: 41 s: 512000 batch_loss 0.5351675748825073 BPR_loss 0.5002009868621826 reg_loss 0.03496657311916351
+-------+-------------------+-------------------+--------------------+------------------------------------+------------------------------------+------------------------------------+------------------------------------+
| Epoch |  training time(s) |   tesing time(s)  |        Loss        |               recall               |                ndcg                |             precision              |             hit_ratio              |
+-------+-------------------+-------------------+--------------------+------------------------------------+------------------------------------+------------------------------------+------------------------------------+
|   41  | 61.67147970199585 | 382.5600619316101 | 192.36569213867188 | [0.07716831 0.10693809 0.12764726] | [0.0360516  0.0424705  0.04633484] | [0.00455435 0.00321893 0.00258282] | [0.08881198 0.1235591  0.14728917] |
|   41  | 61.67147970199585 |  337.556725025177 | 192.36569213867188 | [0.0186022  0.02997957 0.03965329] | [0.00744152 0.00981017 0.01157497] | [0.00098858 0.00081052 0.00072703] | [0.01966811 0.03218418 0.04310434] |
+-------+-------------------+-------------------+--------------------+------------------------------------+------------------------------------+------------------------------------+------------------------------------+
epoch: 42 s: 0 batch_loss 0.5352295637130737 BPR_loss 0.5003777146339417 reg_loss 0.03485186770558357
epoch: 42 s: 256000 batch_loss 0.5409616231918335 BPR_loss 0.5062991976737976 reg_loss 0.034662436693906784
epoch: 42 s: 512000 batch_loss 0.5400543808937073 BPR_loss 0.5052100419998169 reg_loss 0.03484431654214859
+-------+-------------------+--------------------+--------------------+------------------------------------+------------------------------------+------------------------------------+------------------------------------+
| Epoch |  training time(s) |   tesing time(s)   |        Loss        |               recall               |                ndcg                |             precision              |             hit_ratio              |
+-------+-------------------+--------------------+--------------------+------------------------------------+------------------------------------+------------------------------------+------------------------------------+
|   42  | 57.27025008201599 | 411.25060653686523 | 192.04595947265625 | [0.07691713 0.10676552 0.12729877] | [0.03593606 0.0423728  0.04620998] | [0.00453988 0.00321376 0.00257869] | [0.08853621 0.12332469 0.14691688] |
|   42  | 57.27025008201599 | 292.19130778312683 | 192.04595947265625 | [0.01859789 0.03001651 0.03962756] | [0.00748247 0.00985703 0.01160977] | [0.00098858 0.00081199 0.00072629] | [0.01968289 0.03222851 0.04308956] |
+-------+-------------------+--------------------+--------------------+------------------------------------+------------------------------------+------------------------------------+------------------------------------+
epoch: 43 s: 0 batch_loss 0.537476658821106 BPR_loss 0.5022640824317932 reg_loss 0.035212546586990356
epoch: 43 s: 256000 batch_loss 0.5436396598815918 BPR_loss 0.5084058046340942 reg_loss 0.035233862698078156
epoch: 43 s: 512000 batch_loss 0.5421409010887146 BPR_loss 0.507190465927124 reg_loss 0.03495040908455849
+-------+-------------------+-------------------+--------------------+------------------------------------+------------------------------------+------------------------------------+------------------------------------+
| Epoch |  training time(s) |   tesing time(s)  |        Loss        |               recall               |                ndcg                |             precision              |             hit_ratio              |
+-------+-------------------+-------------------+--------------------+------------------------------------+------------------------------------+------------------------------------+------------------------------------+
|   43  | 55.43108606338501 | 415.0007801055908 | 191.80462646484375 | [0.0768899  0.10649647 0.12701793] | [0.0359604  0.04234274 0.04617767] | [0.00453643 0.00320342 0.00257133] | [0.08846727 0.1229524  0.14662732] |
|   43  | 55.43108606338501 | 327.4394314289093 | 191.80462646484375 | [0.01861513 0.02995125 0.03972053] | [0.00750724 0.00986703 0.01165069] | [0.00099079 0.00081088 0.00072875] | [0.01971244 0.03218418 0.04323733] |
+-------+-------------------+-------------------+--------------------+------------------------------------+------------------------------------+------------------------------------+------------------------------------+
epoch: 44 s: 0 batch_loss 0.5346096158027649 BPR_loss 0.49958336353302 reg_loss 0.03502622991800308
epoch: 44 s: 256000 batch_loss 0.5374876260757446 BPR_loss 0.501705527305603 reg_loss 0.035782068967819214
epoch: 44 s: 512000 batch_loss 0.5312934517860413 BPR_loss 0.49546805024147034 reg_loss 0.03582540899515152
+-------+-------------------+--------------------+--------------------+------------------------------------+------------------------------------+------------------------------------+------------------------------------+
| Epoch |  training time(s) |   tesing time(s)   |        Loss        |               recall               |                ndcg                |             precision              |             hit_ratio              |
+-------+-------------------+--------------------+--------------------+------------------------------------+------------------------------------+------------------------------------+------------------------------------+
|   44  | 54.20887517929077 | 392.86333441734314 | 191.63890075683594 | [0.07661208 0.10660779 0.12696156] | [0.03589816 0.04235641 0.04616114] | [0.00452333 0.00320584 0.00257041] | [0.08826044 0.12309029 0.14650323] |
|   44  | 54.20887517929077 | 284.68994879722595 | 191.63890075683594 | [0.01858311 0.03016798 0.03980353] | [0.00750459 0.00991679 0.01167532] | [0.00098858 0.00081643 0.00073047] | [0.01968289 0.03239106 0.04332599] |
+-------+-------------------+--------------------+--------------------+------------------------------------+------------------------------------+------------------------------------+------------------------------------+
epoch: 45 s: 0 batch_loss 0.5289578437805176 BPR_loss 0.4932587146759033 reg_loss 0.035699158906936646
epoch: 45 s: 256000 batch_loss 0.5382578372955322 BPR_loss 0.5027728080749512 reg_loss 0.035485006868839264
epoch: 45 s: 512000 batch_loss 0.5313071608543396 BPR_loss 0.4955606758594513 reg_loss 0.035746511071920395
+-------+-------------------+--------------------+--------------------+------------------------------------+------------------------------------+------------------------------------+------------------------------------+
| Epoch |  training time(s) |   tesing time(s)   |        Loss        |               recall               |                ndcg                |             precision              |             hit_ratio              |
+-------+-------------------+--------------------+--------------------+------------------------------------+------------------------------------+------------------------------------+------------------------------------+
|   45  | 58.08623671531677 | 420.21559166908264 | 191.32777404785156 | [0.07642971 0.10620757 0.12624751] | [0.03581941 0.04223573 0.0459889 ] | [0.00451023 0.00319239 0.00255594] | [0.08798467 0.12255253 0.14571728] |
|   45  | 58.08623671531677 | 325.38499784469604 | 191.32777404785156 | [0.0188885  0.02993032 0.03983431] | [0.00758373 0.00988161 0.01169097] | [0.00100335 0.00080941 0.00073121] | [0.01997843 0.03212507 0.04337032] |
+-------+-------------------+--------------------+--------------------+------------------------------------+------------------------------------+------------------------------------+------------------------------------+
epoch: 46 s: 0 batch_loss 0.5351963043212891 BPR_loss 0.4996822774410248 reg_loss 0.03551402688026428
epoch: 46 s: 256000 batch_loss 0.5360005497932434 BPR_loss 0.500352144241333 reg_loss 0.03564838320016861
epoch: 46 s: 512000 batch_loss 0.5329185724258423 BPR_loss 0.49735409021377563 reg_loss 0.03556445613503456
+-------+--------------------+-------------------+--------------------+------------------------------------+------------------------------------+------------------------------------+------------------------------------+
| Epoch |  training time(s)  |   tesing time(s)  |        Loss        |               recall               |                ndcg                |             precision              |             hit_ratio              |
+-------+--------------------+-------------------+--------------------+------------------------------------+------------------------------------+------------------------------------+------------------------------------+
|   46  | 52.721301794052124 | 347.5224766731262 | 191.13743591308594 | [0.07656998 0.10637849 0.12646912] | [0.03592348 0.04234824 0.04610548] | [0.00452126 0.0032017  0.00256168] | [0.08815013 0.12284209 0.14596547] |
|   46  | 52.721301794052124 | 340.6189823150635 | 191.13743591308594 | [0.01873335 0.03006331 0.03984552] | [0.00753153 0.00988915 0.01167414] | [0.00099523 0.0008131  0.00073121] | [0.01981588 0.03227284 0.0433851 ] |
+-------+--------------------+-------------------+--------------------+------------------------------------+------------------------------------+------------------------------------+------------------------------------+
epoch: 47 s: 0 batch_loss 0.5335120558738708 BPR_loss 0.4977053999900818 reg_loss 0.035806670784950256
epoch: 47 s: 256000 batch_loss 0.5272670388221741 BPR_loss 0.49079155921936035 reg_loss 0.036475494503974915
epoch: 47 s: 512000 batch_loss 0.5360027551651001 BPR_loss 0.49970507621765137 reg_loss 0.03629767522215843
+-------+-------------------+-------------------+--------------------+------------------------------------+------------------------------------+------------------------------------+------------------------------------+
| Epoch |  training time(s) |   tesing time(s)  |        Loss        |               recall               |                ndcg                |             precision              |             hit_ratio              |
+-------+-------------------+-------------------+--------------------+------------------------------------+------------------------------------+------------------------------------+------------------------------------+
|   47  | 57.39299035072327 | 432.7230625152588 | 190.92221069335938 | [0.07640629 0.10626336 0.12647988] | [0.03587668 0.04231301 0.04609216] | [0.00451368 0.00319929 0.00256398] | [0.08797088 0.12274557 0.14597926] |
|   47  | 57.39299035072327 |  322.262736082077 | 190.92221069335938 | [0.01874566 0.02995494 0.03970809] | [0.00753712 0.00987335 0.01165579] | [0.00099523 0.00081088 0.00072949] | [0.01981588 0.03218418 0.04326689] |
+-------+-------------------+-------------------+--------------------+------------------------------------+------------------------------------+------------------------------------+------------------------------------+
epoch: 48 s: 0 batch_loss 0.5300417542457581 BPR_loss 0.4935181140899658 reg_loss 0.03652362525463104
epoch: 48 s: 256000 batch_loss 0.531680703163147 BPR_loss 0.49528181552886963 reg_loss 0.03639887645840645
epoch: 48 s: 512000 batch_loss 0.5407239198684692 BPR_loss 0.5044286847114563 reg_loss 0.03629520535469055
+-------+--------------------+-------------------+-------------------+------------------------------------+------------------------------------+------------------------------------+------------------------------------+
| Epoch |  training time(s)  |   tesing time(s)  |        Loss       |               recall               |                ndcg                |             precision              |             hit_ratio              |
+-------+--------------------+-------------------+-------------------+------------------------------------+------------------------------------+------------------------------------+------------------------------------+
|   48  | 52.837000608444214 | 404.4119019508362 | 190.6902618408203 | [0.07611129 0.10591025 0.12628712] | [0.03579207 0.0422181  0.04602835] | [0.0044992  0.00318791 0.00255961] | [0.08769511 0.12233192 0.14577243] |
|   48  | 52.837000608444214 | 360.9103262424469 | 190.6902618408203 | [0.01877029 0.0298318  0.03973937] | [0.00753338 0.00983753 0.01164894] | [0.00099597 0.00080682 0.00072998] | [0.01983066 0.03202163 0.04329644] |
+-------+--------------------+-------------------+-------------------+------------------------------------+------------------------------------+------------------------------------+------------------------------------+
epoch: 49 s: 0 batch_loss 0.5304029583930969 BPR_loss 0.4940803647041321 reg_loss 0.03632260859012604
epoch: 49 s: 256000 batch_loss 0.5317203998565674 BPR_loss 0.4951896369457245 reg_loss 0.0365307554602623
epoch: 49 s: 512000 batch_loss 0.5370726585388184 BPR_loss 0.5013081431388855 reg_loss 0.03576452285051346
+-------+-------------------+-------------------+--------------------+------------------------------------+------------------------------------+------------------------------------+------------------------------------+
| Epoch |  training time(s) |   tesing time(s)  |        Loss        |               recall               |                ndcg                |             precision              |             hit_ratio              |
+-------+-------------------+-------------------+--------------------+------------------------------------+------------------------------------+------------------------------------+------------------------------------+
|   49  | 51.28506946563721 | 420.8757905960083 | 190.47219848632812 | [0.07620494 0.10585079 0.1259368 ] | [0.03579009 0.04217477 0.04593056] | [0.00449851 0.00318343 0.00255042] | [0.08773647 0.12218024 0.14527605] |
|   49  | 51.28506946563721 | 300.4498255252838 | 190.47219848632812 | [0.01857326 0.02974807 0.03944506] | [0.00748791 0.00981956 0.01159255] | [0.00098488 0.0008046  0.00072382] | [0.019609   0.03193297 0.04292702] |
+-------+-------------------+-------------------+--------------------+------------------------------------+------------------------------------+------------------------------------+------------------------------------+
epoch: 50 s: 0 batch_loss 0.5324608087539673 BPR_loss 0.49579471349716187 reg_loss 0.03666610270738602
epoch: 50 s: 256000 batch_loss 0.5315731763839722 BPR_loss 0.4948125183582306 reg_loss 0.03676064312458038
epoch: 50 s: 512000 batch_loss 0.534365177154541 BPR_loss 0.4976436495780945 reg_loss 0.03672155737876892
+-------+-------------------+--------------------+-----------------+------------------------------------+------------------------------------+------------------------------------+------------------------------------+
| Epoch |  training time(s) |   tesing time(s)   |       Loss      |               recall               |                ndcg                |             precision              |             hit_ratio              |
+-------+-------------------+--------------------+-----------------+------------------------------------+------------------------------------+------------------------------------+------------------------------------+
|   50  | 57.76964211463928 |  412.933123588562  | 190.42919921875 | [0.07627616 0.10562714 0.12579856] | [0.03582173 0.04214573 0.04591767] | [0.00450265 0.00317826 0.00254858] | [0.08780542 0.12200099 0.1452071 ] |
|   50  | 57.76964211463928 | 328.45719361305237 | 190.42919921875 | [0.01856834 0.02982811 0.03966833] | [0.00750651 0.00985594 0.01165563] | [0.00098636 0.00080645 0.00072826] | [0.01963856 0.03200686 0.04320778] |
+-------+-------------------+--------------------+-----------------+------------------------------------+------------------------------------+------------------------------------+------------------------------------+
epoch: 51 s: 0 batch_loss 0.5278327465057373 BPR_loss 0.4906238317489624 reg_loss 0.03720888867974281
epoch: 51 s: 256000 batch_loss 0.5335461497306824 BPR_loss 0.4971940517425537 reg_loss 0.03635210916399956
epoch: 51 s: 512000 batch_loss 0.5326685905456543 BPR_loss 0.4957274794578552 reg_loss 0.036941103637218475
+-------+--------------------+-------------------+--------------------+------------------------------------+------------------------------------+------------------------------------+------------------------------------+
| Epoch |  training time(s)  |   tesing time(s)  |        Loss        |               recall               |                ndcg                |             precision              |             hit_ratio              |
+-------+--------------------+-------------------+--------------------+------------------------------------+------------------------------------+------------------------------------+------------------------------------+
|   51  | 59.164122104644775 | 362.6675817966461 | 190.18772888183594 | [0.07604474 0.10546168 0.12546054] | [0.03570317 0.04204212 0.04578878] | [0.00448541 0.00317033 0.00254261] | [0.0874607  0.12179416 0.14477966] |
|   51  | 59.164122104644775 | 354.7493395805359 | 190.18772888183594 | [0.01868532 0.02986382 0.03970725] | [0.00752993 0.00986076 0.01166065] | [0.00099079 0.00080719 0.0007285 ] | [0.01974199 0.03203641 0.04322256] |
+-------+--------------------+-------------------+--------------------+------------------------------------+------------------------------------+------------------------------------+------------------------------------+
epoch: 52 s: 0 batch_loss 0.524061918258667 BPR_loss 0.48701387643814087 reg_loss 0.037048038095235825
epoch: 52 s: 256000 batch_loss 0.528202474117279 BPR_loss 0.4910775423049927 reg_loss 0.03712493181228638
epoch: 52 s: 512000 batch_loss 0.5253900289535522 BPR_loss 0.4881812334060669 reg_loss 0.03720881789922714
+-------+------------------+-------------------+--------------------+------------------------------------+------------------------------------+------------------------------------+------------------------------------+
| Epoch | training time(s) |   tesing time(s)  |        Loss        |               recall               |                ndcg                |             precision              |             hit_ratio              |
+-------+------------------+-------------------+--------------------+------------------------------------+------------------------------------+------------------------------------+------------------------------------+
|   52  | 54.2654926776886 | 413.3105778694153 | 190.11705017089844 | [0.07584563 0.1056572  0.12560033] | [0.03569921 0.04212038 0.04585603] | [0.00447714 0.00317585 0.00254559] | [0.08725387 0.12189068 0.14491754] |
|   52  | 54.2654926776886 | 317.5614764690399 | 190.11705017089844 | [0.01874689 0.03002883 0.03958632] | [0.00757382 0.00992617 0.01167185] | [0.00099523 0.00081273 0.00072653] | [0.01983066 0.03225806 0.04308956] |
+-------+------------------+-------------------+--------------------+------------------------------------+------------------------------------+------------------------------------+------------------------------------+
epoch: 53 s: 0 batch_loss 0.5348208546638489 BPR_loss 0.4980108439922333 reg_loss 0.03681002929806709
epoch: 53 s: 256000 batch_loss 0.5344567894935608 BPR_loss 0.497163325548172 reg_loss 0.03729347884654999
epoch: 53 s: 512000 batch_loss 0.5309332013130188 BPR_loss 0.4940900504589081 reg_loss 0.03684317320585251
+-------+-------------------+-------------------+--------------------+------------------------------------+------------------------------------+------------------------------------+------------------------------------+
| Epoch |  training time(s) |   tesing time(s)  |        Loss        |               recall               |                ndcg                |             precision              |             hit_ratio              |
+-------+-------------------+-------------------+--------------------+------------------------------------+------------------------------------+------------------------------------+------------------------------------+
|   53  | 52.42751908302307 | 369.3749349117279 | 189.87472534179688 | [0.07571935 0.10550511 0.12562825] | [0.03562662 0.04205075 0.0458152 ] | [0.00446887 0.00317447 0.00254536] | [0.0871022  0.12176659 0.14495891] |
|   53  | 52.42751908302307 | 337.2898325920105 | 189.87472534179688 | [0.01869887 0.03011133 0.03976783] | [0.00751972 0.00989893 0.01166217] | [0.00099301 0.00081532 0.00073072] | [0.01978633 0.0323615  0.04331122] |
+-------+-------------------+-------------------+--------------------+------------------------------------+------------------------------------+------------------------------------+------------------------------------+
epoch: 54 s: 0 batch_loss 0.5291869044303894 BPR_loss 0.49137377738952637 reg_loss 0.03781310096383095
epoch: 54 s: 256000 batch_loss 0.525852382183075 BPR_loss 0.4886172115802765 reg_loss 0.03723514452576637
epoch: 54 s: 512000 batch_loss 0.5333400964736938 BPR_loss 0.49608394503593445 reg_loss 0.03725617006421089
+-------+-------------------+--------------------+--------------------+------------------------------------+------------------------------------+------------------------------------+------------------------------------+
| Epoch |  training time(s) |   tesing time(s)   |        Loss        |               recall               |                ndcg                |             precision              |             hit_ratio              |
+-------+-------------------+--------------------+--------------------+------------------------------------+------------------------------------+------------------------------------+------------------------------------+
|   54  | 57.33771896362305 | 408.0142607688904  | 189.73318481445312 | [0.07587338 0.10543202 0.12543841] | [0.03567216 0.04204414 0.04578339] | [0.00447645 0.00317274 0.00253916] | [0.08725387 0.12183553 0.14469693] |
|   54  | 57.33771896362305 | 284.87527227401733 | 189.73318481445312 | [0.01882693 0.02997218 0.03964715] | [0.00757551 0.00990283 0.01166736] | [0.00099892 0.00081273 0.00072776] | [0.01988976 0.03225806 0.04314867] |
+-------+-------------------+--------------------+--------------------+------------------------------------+------------------------------------+------------------------------------+------------------------------------+
epoch: 55 s: 0 batch_loss 0.5277315974235535 BPR_loss 0.4905524253845215 reg_loss 0.03717917948961258
epoch: 55 s: 256000 batch_loss 0.5315693616867065 BPR_loss 0.4942619204521179 reg_loss 0.037307463586330414
epoch: 55 s: 512000 batch_loss 0.5315449237823486 BPR_loss 0.4939577579498291 reg_loss 0.03758718818426132
+-------+-------------------+--------------------+------------------+------------------------------------+------------------------------------+------------------------------------+------------------------------------+
| Epoch |  training time(s) |   tesing time(s)   |       Loss       |               recall               |                ndcg                |             precision              |             hit_ratio              |
+-------+-------------------+--------------------+------------------+------------------------------------+------------------------------------+------------------------------------+------------------------------------+
|   55  | 58.53461194038391 | 412.52424144744873 | 189.484619140625 | [0.07598185 0.10534259 0.12545392] | [0.03572575 0.04205446 0.04581568] | [0.00448541 0.00316964 0.002541  ] | [0.08740555 0.12161491 0.14482102] |
|   55  | 58.53461194038391 | 330.9869599342346  | 189.484619140625 | [0.01868655 0.03008252 0.0396841 ] | [0.00754547 0.00992521 0.01167519] | [0.00099227 0.00081569 0.0007285 ] | [0.01975677 0.03237628 0.04320778] |
+-------+-------------------+--------------------+------------------+------------------------------------+------------------------------------+------------------------------------+------------------------------------+
Early stopping is trigger at step: 10 log:0.0186865515050312
early stopping at 55, recall@20:0.0189
