Namespace(K=1, Ks='[20, 40, 60]', alpha=1.0, batch_size=2048, batch_test_flag=True, context_hops=3, cuda=True, data_path='data/', dataset='amazon', dim=64, edge_dropout=False, edge_dropout_rate=0.1, epoch=1000, gnn='lightgcn', gpu_id=2, l2=0.001, lr=0.001, mess_dropout=False, mess_dropout_rate=0.1, n_negs=16, neg_mix_num=2, ns='mixgcf', out_dir='./weights/yelp2018/', pool='mean', save=False, test_batch_size=2048, test_flag='part')
reading train and test user-item set ...
building the adj mat ...
loading over ...
卷积器不需要第0层embedding
拿这个最难的neg_item去和pos_item在每一个维度上进行softmax自适应权重,引入alpha超参数来控制模型倾向......
start training ...
epoch: 0 s: 0 batch_loss 0.693147599697113 BPR_loss 0.6931474208831787 reg_loss 1.6988676065921027e-07
epoch: 0 s: 256000 batch_loss 0.6928787231445312 BPR_loss 0.692760169506073 reg_loss 0.00011855750199174508
epoch: 0 s: 512000 batch_loss 0.6893547773361206 BPR_loss 0.6874169111251831 reg_loss 0.001937849330715835
epoch: 0 s: 768000 batch_loss 0.6836426854133606 BPR_loss 0.6784026622772217 reg_loss 0.005240018479526043
epoch: 0 s: 1024000 batch_loss 0.6802992224693298 BPR_loss 0.6732000708580017 reg_loss 0.007099155802279711
epoch: 0 s: 1280000 batch_loss 0.6761063933372498 BPR_loss 0.667171835899353 reg_loss 0.008934572339057922
+-------+-------------------+-------------------+-----------------+------------------------------------+------------------------------------+------------------------------------+------------------------------------+
| Epoch |  training time(s) |   tesing time(s)  |       Loss      |               recall               |                ndcg                |             precision              |             hit_ratio              |
+-------+-------------------+-------------------+-----------------+------------------------------------+------------------------------------+------------------------------------+------------------------------------+
|   0   | 75.90783977508545 | 514.5140969753265 | 457.00537109375 | [0.02642544 0.04785406 0.06215314] | [0.01197244 0.01645648 0.01908971] | [0.00150097 0.00136989 0.00120036] | [0.02974917 0.05403629 0.07073643] |
|   0   | 75.90783977508545 | 826.3865387439728 | 457.00537109375 | [0.04304486 0.05935339 0.0742067 ] | [0.0176039  0.02104832 0.02376486] | [0.00251087 0.0017376  0.00145082] | [0.04946111 0.0679204  0.08474883] |
+-------+-------------------+-------------------+-----------------+------------------------------------+------------------------------------+------------------------------------+------------------------------------+
epoch: 1 s: 0 batch_loss 0.6677823662757874 BPR_loss 0.6579848527908325 reg_loss 0.00979749858379364
epoch: 1 s: 256000 batch_loss 0.673265814781189 BPR_loss 0.6631402969360352 reg_loss 0.010125530883669853
epoch: 1 s: 512000 batch_loss 0.670108437538147 BPR_loss 0.6582967042922974 reg_loss 0.011811741627752781
epoch: 1 s: 768000 batch_loss 0.6676537394523621 BPR_loss 0.6552965641021729 reg_loss 0.012357148341834545
epoch: 1 s: 1024000 batch_loss 0.6641742587089539 BPR_loss 0.6510717868804932 reg_loss 0.013102455995976925
epoch: 1 s: 1280000 batch_loss 0.6637505292892456 BPR_loss 0.6492980122566223 reg_loss 0.014452538453042507
+-------+------------------+-------------------+--------------------+------------------------------------+------------------------------------+------------------------------------+------------------------------------+
| Epoch | training time(s) |   tesing time(s)  |        Loss        |               recall               |                ndcg                |             precision              |             hit_ratio              |
+-------+------------------+-------------------+--------------------+------------------------------------+------------------------------------+------------------------------------+------------------------------------+
|   1   | 89.5731315612793 | 918.0950963497162 | 444.84844970703125 | [0.03266518 0.05372564 0.06803847] | [0.01548192 0.01991119 0.02253235] | [0.00186462 0.00155062 0.00131452] | [0.03685421 0.0610318  0.07730841] |
|   1   | 89.5731315612793 | 939.2491471767426 | 444.84844970703125 | [0.04532942 0.06425348 0.07962848] | [0.01904082 0.02301933 0.02584447] | [0.0026255  0.00186897 0.00155574] | [0.05170648 0.07316747 0.09076012] |
+-------+------------------+-------------------+--------------------+------------------------------------+------------------------------------+------------------------------------+------------------------------------+
epoch: 2 s: 0 batch_loss 0.6618019342422485 BPR_loss 0.6475377082824707 reg_loss 0.014264225959777832
epoch: 2 s: 256000 batch_loss 0.6604218482971191 BPR_loss 0.6457328796386719 reg_loss 0.014688988216221333
epoch: 2 s: 512000 batch_loss 0.6596403121948242 BPR_loss 0.6447223424911499 reg_loss 0.014917940832674503
epoch: 2 s: 768000 batch_loss 0.654267430305481 BPR_loss 0.6394467949867249 reg_loss 0.014820641838014126
epoch: 2 s: 1024000 batch_loss 0.6530341506004333 BPR_loss 0.6363265514373779 reg_loss 0.01670762337744236
epoch: 2 s: 1280000 batch_loss 0.6492617726325989 BPR_loss 0.6320846080780029 reg_loss 0.017177173867821693
+-------+-------------------+-------------------+-----------------+------------------------------------+------------------------------------+------------------------------------+------------------------------------+
| Epoch |  training time(s) |   tesing time(s)  |       Loss      |               recall               |                ndcg                |             precision              |             hit_ratio              |
+-------+-------------------+-------------------+-----------------+------------------------------------+------------------------------------+------------------------------------+------------------------------------+
|   2   | 96.79480338096619 | 977.3430123329163 | 437.89404296875 | [0.03583691 0.05691841 0.07087356] | [0.01706025 0.02150297 0.02405679] | [0.00204535 0.00164227 0.00136855] | [0.04041769 0.06444923 0.08023659] |
|   2   | 96.79480338096619 | 957.1418437957764 | 437.89404296875 | [0.04750598 0.06880975 0.08517703] | [0.02039072 0.02487711 0.02788409] | [0.00274644 0.00199365 0.00165776] | [0.05403851 0.07810727 0.09685018] |
+-------+-------------------+-------------------+-----------------+------------------------------------+------------------------------------+------------------------------------+------------------------------------+
epoch: 3 s: 0 batch_loss 0.647027850151062 BPR_loss 0.6283944249153137 reg_loss 0.018633441999554634
epoch: 3 s: 256000 batch_loss 0.6422120332717896 BPR_loss 0.6243206858634949 reg_loss 0.017891330644488335
epoch: 3 s: 512000 batch_loss 0.6471249461174011 BPR_loss 0.6285778284072876 reg_loss 0.01854710280895233
epoch: 3 s: 768000 batch_loss 0.6497240662574768 BPR_loss 0.6319985389709473 reg_loss 0.017725534737110138
epoch: 3 s: 1024000 batch_loss 0.646277666091919 BPR_loss 0.627697765827179 reg_loss 0.018579892814159393
epoch: 3 s: 1280000 batch_loss 0.6470823287963867 BPR_loss 0.6286394000053406 reg_loss 0.018442925065755844
+-------+--------------------+--------------------+---------------+------------------------------------+------------------------------------+------------------------------------+------------------------------------+
| Epoch |  training time(s)  |   tesing time(s)   |      Loss     |               recall               |                ndcg                |             precision              |             hit_ratio              |
+-------+--------------------+--------------------+---------------+------------------------------------+------------------------------------+------------------------------------+------------------------------------+
|   3   | 115.59364604949951 | 1003.2768201828003 | 432.083984375 | [0.03822857 0.05911458 0.07368826] | [0.0182375  0.02264352 0.0253066 ] | [0.00218117 0.00170433 0.00142162] | [0.04305378 0.06677863 0.08328161] |
|   3   | 115.59364604949951 | 881.7909977436066  | 432.083984375 | [0.05000426 0.07212455 0.0891761 ] | [0.02142496 0.02608683 0.02921238] | [0.00288037 0.00208563 0.00173064] | [0.05666992 0.08177865 0.1011282 ] |
+-------+--------------------+--------------------+---------------+------------------------------------+------------------------------------+------------------------------------+------------------------------------+
epoch: 4 s: 0 batch_loss 0.6451366543769836 BPR_loss 0.6260324716567993 reg_loss 0.019104165956377983
epoch: 4 s: 256000 batch_loss 0.63791823387146 BPR_loss 0.6167241334915161 reg_loss 0.02119411900639534
epoch: 4 s: 512000 batch_loss 0.6369486451148987 BPR_loss 0.6174843907356262 reg_loss 0.019464263692498207
epoch: 4 s: 768000 batch_loss 0.6401516199111938 BPR_loss 0.6195884943008423 reg_loss 0.0205631535500288
epoch: 4 s: 1024000 batch_loss 0.6308065056800842 BPR_loss 0.6092873811721802 reg_loss 0.02151910960674286
epoch: 4 s: 1280000 batch_loss 0.6391006708145142 BPR_loss 0.6186316013336182 reg_loss 0.020469047129154205
+-------+-------------------+--------------------+-------------------+------------------------------------+------------------------------------+------------------------------------+------------------------------------+
| Epoch |  training time(s) |   tesing time(s)   |        Loss       |               recall               |                ndcg                |             precision              |             hit_ratio              |
+-------+-------------------+--------------------+-------------------+------------------------------------+------------------------------------+------------------------------------+------------------------------------+
|   4   | 98.09857034683228 | 1025.0630493164062 | 426.8023376464844 | [0.03983141 0.06108446 0.07618876] | [0.01904755 0.02351242 0.02627257] | [0.00227245 0.00175618 0.00146555] | [0.0447771  0.06872102 0.08581547] |
|   4   | 98.09857034683228 | 927.2136118412018  | 426.8023376464844 | [0.05156407 0.0743448  0.0919016 ] | [0.02213682 0.02693644 0.03014895] | [0.00296546 0.00214748 0.00177686] | [0.05841895 0.08418946 0.10398021] |
+-------+-------------------+--------------------+-------------------+------------------------------------+------------------------------------+------------------------------------+------------------------------------+
epoch: 5 s: 0 batch_loss 0.6345419883728027 BPR_loss 0.6135943531990051 reg_loss 0.020947622135281563
epoch: 5 s: 256000 batch_loss 0.6315515637397766 BPR_loss 0.6085314750671387 reg_loss 0.023020075634121895
epoch: 5 s: 512000 batch_loss 0.6332330703735352 BPR_loss 0.6101259589195251 reg_loss 0.023107120767235756
epoch: 5 s: 768000 batch_loss 0.6299874782562256 BPR_loss 0.6076221466064453 reg_loss 0.022365352138876915
epoch: 5 s: 1024000 batch_loss 0.6259961128234863 BPR_loss 0.603086531162262 reg_loss 0.02290959656238556
epoch: 5 s: 1280000 batch_loss 0.6247785687446594 BPR_loss 0.6026280522346497 reg_loss 0.022150518372654915
+-------+-------------------+--------------------+-------------------+------------------------------------+------------------------------------+------------------------------------+------------------------------------+
| Epoch |  training time(s) |   tesing time(s)   |        Loss       |               recall               |                ndcg                |             precision              |             hit_ratio              |
+-------+-------------------+--------------------+-------------------+------------------------------------+------------------------------------+------------------------------------+------------------------------------+
|   5   | 90.81310296058655 | 1018.4076683521271 | 421.7781677246094 | [0.04118928 0.06241238 0.07846882] | [0.01947773 0.02394838 0.02687796] | [0.00234474 0.00179141 0.00150584] | [0.04623024 0.07012304 0.08815218] |
|   5   | 90.81310296058655 | 955.3991429805756  | 421.7781677246094 | [0.05283098 0.07659184 0.09522861] | [0.02299054 0.02799481 0.03140304] | [0.0030344  0.0022107  0.00184054] | [0.05977405 0.08661603 0.10766734] |
+-------+-------------------+--------------------+-------------------+------------------------------------+------------------------------------+------------------------------------+------------------------------------+
epoch: 6 s: 0 batch_loss 0.6212042570114136 BPR_loss 0.5972386598587036 reg_loss 0.02396557666361332
epoch: 6 s: 256000 batch_loss 0.6288681030273438 BPR_loss 0.6056489944458008 reg_loss 0.02321908064186573
epoch: 6 s: 512000 batch_loss 0.6195750832557678 BPR_loss 0.5944610238075256 reg_loss 0.025114065036177635
epoch: 6 s: 768000 batch_loss 0.6313528418540955 BPR_loss 0.6080518960952759 reg_loss 0.023300955072045326
epoch: 6 s: 1024000 batch_loss 0.6273430585861206 BPR_loss 0.6040379405021667 reg_loss 0.023305129259824753
epoch: 6 s: 1280000 batch_loss 0.6142902970314026 BPR_loss 0.5889893770217896 reg_loss 0.025300905108451843
+-------+-------------------+--------------------+-------------------+------------------------------------+------------------------------------+------------------------------------+------------------------------------+
| Epoch |  training time(s) |   tesing time(s)   |        Loss       |               recall               |                ndcg                |             precision              |             hit_ratio              |
+-------+-------------------+--------------------+-------------------+------------------------------------+------------------------------------+------------------------------------+------------------------------------+
|   6   | 99.87964081764221 | 1000.6571612358093 | 417.2765808105469 | [0.04215179 0.06363127 0.07955156] | [0.01987909 0.02440248 0.02731007] | [0.00239695 0.00182519 0.00152665] | [0.04721604 0.07144474 0.08936434] |
|   6   | 99.87964081764221 |  866.39537358284   | 417.2765808105469 | [0.05415667 0.07804086 0.09702956] | [0.02374501 0.02877548 0.03225401] | [0.00310058 0.00224911 0.00187495] | [0.06105036 0.08807355 0.10961332] |
+-------+-------------------+--------------------+-------------------+------------------------------------+------------------------------------+------------------------------------+------------------------------------+
epoch: 7 s: 0 batch_loss 0.6126285791397095 BPR_loss 0.587325394153595 reg_loss 0.025303157046437263
epoch: 7 s: 256000 batch_loss 0.6203629970550537 BPR_loss 0.5952188968658447 reg_loss 0.025144115090370178
epoch: 7 s: 512000 batch_loss 0.6273868680000305 BPR_loss 0.6036850810050964 reg_loss 0.02370179258286953
epoch: 7 s: 768000 batch_loss 0.6218315958976746 BPR_loss 0.5973019599914551 reg_loss 0.024529647082090378
epoch: 7 s: 1024000 batch_loss 0.612889289855957 BPR_loss 0.5871012210845947 reg_loss 0.025788070634007454
epoch: 7 s: 1280000 batch_loss 0.6233610510826111 BPR_loss 0.5985840559005737 reg_loss 0.024776998907327652
+-------+--------------------+--------------------+-------------------+------------------------------------+------------------------------------+------------------------------------+------------------------------------+
| Epoch |  training time(s)  |   tesing time(s)   |        Loss       |               recall               |                ndcg                |             precision              |             hit_ratio              |
+-------+--------------------+--------------------+-------------------+------------------------------------+------------------------------------+------------------------------------+------------------------------------+
|   7   | 101.25025677680969 | 1078.5644390583038 | 412.7638854980469 | [0.04316646 0.06488836 0.08108664] | [0.02034704 0.02491801 0.02787213] | [0.00245244 0.00185932 0.00155269] | [0.04834057 0.07278835 0.09095622] |
|   7   | 101.25025677680969 | 881.0845160484314  | 412.7638854980469 | [0.05492331 0.07992903 0.09886055] | [0.02432627 0.02959621 0.03306374] | [0.0031447  0.00230308 0.00191132] | [0.06183821 0.09012984 0.11155143] |
+-------+--------------------+--------------------+-------------------+------------------------------------+------------------------------------+------------------------------------+------------------------------------+
epoch: 8 s: 0 batch_loss 0.6177673935890198 BPR_loss 0.5912113189697266 reg_loss 0.026556098833680153
epoch: 8 s: 256000 batch_loss 0.6183936595916748 BPR_loss 0.5920902490615845 reg_loss 0.026303384453058243
epoch: 8 s: 512000 batch_loss 0.6191101670265198 BPR_loss 0.5939858555793762 reg_loss 0.02512429840862751
epoch: 8 s: 768000 batch_loss 0.6161932945251465 BPR_loss 0.5894484519958496 reg_loss 0.026744846254587173
epoch: 8 s: 1024000 batch_loss 0.6200335621833801 BPR_loss 0.5934056639671326 reg_loss 0.02662789262831211
epoch: 8 s: 1280000 batch_loss 0.6065844893455505 BPR_loss 0.5784968733787537 reg_loss 0.02808762900531292
+-------+------------------+-------------------+--------------------+------------------------------------+------------------------------------+------------------------------------+------------------------------------+
| Epoch | training time(s) |   tesing time(s)  |        Loss        |               recall               |                ndcg                |             precision              |             hit_ratio              |
+-------+------------------+-------------------+--------------------+------------------------------------+------------------------------------+------------------------------------+------------------------------------+
|   8   | 90.1911928653717 |  967.908989906311 | 408.39337158203125 | [0.04394383 0.06577596 0.08239302] | [0.02061794 0.02521931 0.02824474] | [0.00249334 0.00188579 0.00157496] | [0.04913651 0.07384716 0.09226332] |
|   8   | 90.1911928653717 | 959.5125703811646 | 408.39337158203125 | [0.05566848 0.08099035 0.10031357] | [0.02448625 0.02982209 0.0333629 ] | [0.00318094 0.0023342  0.00193798] | [0.06255515 0.09130373 0.11302471] |
+-------+------------------+-------------------+--------------------+------------------------------------+------------------------------------+------------------------------------+------------------------------------+
epoch: 9 s: 0 batch_loss 0.6186444163322449 BPR_loss 0.5921423435211182 reg_loss 0.026502061635255814
epoch: 9 s: 256000 batch_loss 0.6105665564537048 BPR_loss 0.5820807218551636 reg_loss 0.028485842049121857
epoch: 9 s: 512000 batch_loss 0.6064949035644531 BPR_loss 0.5791782736778259 reg_loss 0.02731665037572384
epoch: 9 s: 768000 batch_loss 0.6037995219230652 BPR_loss 0.5756464004516602 reg_loss 0.02815312333405018
epoch: 9 s: 1024000 batch_loss 0.6002898216247559 BPR_loss 0.5722400546073914 reg_loss 0.028049759566783905
epoch: 9 s: 1280000 batch_loss 0.6101395487785339 BPR_loss 0.5817203521728516 reg_loss 0.028419168666005135
+-------+-------------------+--------------------+-------------------+------------------------------------+------------------------------------+------------------------------------+------------------------------------+
| Epoch |  training time(s) |   tesing time(s)   |        Loss       |               recall               |                ndcg                |             precision              |             hit_ratio              |
+-------+-------------------+--------------------+-------------------+------------------------------------+------------------------------------+------------------------------------+------------------------------------+
|   9   | 88.96805167198181 | 1006.0851049423218 | 404.2840270996094 | [0.04462789 0.06673399 0.08298405] | [0.02091559 0.02556465 0.02852082] | [0.00252985 0.00190825 0.00158446] | [0.04987404 0.07473073 0.09279638] |
|   9   | 88.96805167198181 | 885.3785438537598  | 404.2840270996094 | [0.05682514 0.08238724 0.10194101] | [0.02513573 0.03052263 0.03410641] | [0.00324475 0.00237379 0.00196778] | [0.06377631 0.09272974 0.11475797] |
+-------+-------------------+--------------------+-------------------+------------------------------------+------------------------------------+------------------------------------+------------------------------------+
epoch: 10 s: 0 batch_loss 0.6055558919906616 BPR_loss 0.5771481394767761 reg_loss 0.028407765552401543
epoch: 10 s: 256000 batch_loss 0.5975914597511292 BPR_loss 0.5689874887466431 reg_loss 0.028603950515389442
epoch: 10 s: 512000 batch_loss 0.6005645990371704 BPR_loss 0.5711525678634644 reg_loss 0.029412023723125458
epoch: 10 s: 768000 batch_loss 0.5954675674438477 BPR_loss 0.5659972429275513 reg_loss 0.029470307752490044
epoch: 10 s: 1024000 batch_loss 0.6038361191749573 BPR_loss 0.5751737952232361 reg_loss 0.028662344440817833
epoch: 10 s: 1280000 batch_loss 0.5970942974090576 BPR_loss 0.5676535367965698 reg_loss 0.029440732672810555
+-------+-------------------+--------------------+-------------------+------------------------------------+------------------------------------+------------------------------------+------------------------------------+
| Epoch |  training time(s) |   tesing time(s)   |        Loss       |               recall               |                ndcg                |             precision              |             hit_ratio              |
+-------+-------------------+--------------------+-------------------+------------------------------------+------------------------------------+------------------------------------+------------------------------------+
|   10  | 98.92948889732361 | 1049.1564207077026 | 400.0391845703125 | [0.04519012 0.06745951 0.08367278] | [0.02116595 0.02584933 0.02879496] | [0.00255942 0.00192869 0.00159602] | [0.05047282 0.07552667 0.09349009] |
|   10  | 98.92948889732361 | 866.7048559188843  | 400.0391845703125 | [0.05794312 0.08360023 0.10340098] | [0.02564395 0.03104623 0.0346713 ] | [0.00330739 0.00240786 0.00199326] | [0.06497384 0.09408484 0.11629428] |
+-------+-------------------+--------------------+-------------------+------------------------------------+------------------------------------+------------------------------------+------------------------------------+
epoch: 11 s: 0 batch_loss 0.59149169921875 BPR_loss 0.5603516697883606 reg_loss 0.031140033155679703
epoch: 11 s: 256000 batch_loss 0.590948224067688 BPR_loss 0.5602923631668091 reg_loss 0.030655836686491966
epoch: 11 s: 512000 batch_loss 0.5859824419021606 BPR_loss 0.5547325611114502 reg_loss 0.031249895691871643
epoch: 11 s: 768000 batch_loss 0.5981778502464294 BPR_loss 0.5673713684082031 reg_loss 0.030806466937065125
epoch: 11 s: 1024000 batch_loss 0.590032696723938 BPR_loss 0.5581670999526978 reg_loss 0.031865593045949936
epoch: 11 s: 1280000 batch_loss 0.5826138854026794 BPR_loss 0.5504968762397766 reg_loss 0.03211703151464462
+-------+-------------------+--------------------+-----------------+------------------------------------+------------------------------------+------------------------------------+------------------------------------+
| Epoch |  training time(s) |   tesing time(s)   |       Loss      |               recall               |                ndcg                |             precision              |             hit_ratio              |
+-------+-------------------+--------------------+-----------------+------------------------------------+------------------------------------+------------------------------------+------------------------------------+
|   11  | 96.79518795013428 | 1008.5112981796265 | 396.06494140625 | [0.04557174 0.06809905 0.08468108] | [0.02130981 0.02604876 0.02906378] | [0.0025806  0.00194385 0.00161354] | [0.05088904 0.07613275 0.09456351] |
|   11  | 96.79518795013428 | 894.3129968643188  | 396.06494140625 | [0.05869673 0.08495569 0.1045823 ] | [0.02597077 0.03148855 0.03508672] | [0.00335151 0.00244312 0.00201715] | [0.06580896 0.09547145 0.11768089] |
+-------+-------------------+--------------------+-----------------+------------------------------------+------------------------------------+------------------------------------+------------------------------------+
epoch: 12 s: 0 batch_loss 0.597435712814331 BPR_loss 0.5662901401519775 reg_loss 0.031145580112934113
epoch: 12 s: 256000 batch_loss 0.5853400826454163 BPR_loss 0.5528571605682373 reg_loss 0.03248291462659836
epoch: 12 s: 512000 batch_loss 0.583844006061554 BPR_loss 0.5515199899673462 reg_loss 0.03232399374246597
epoch: 12 s: 768000 batch_loss 0.5863391160964966 BPR_loss 0.5540966987609863 reg_loss 0.032242417335510254
epoch: 12 s: 1024000 batch_loss 0.5853020548820496 BPR_loss 0.5524300932884216 reg_loss 0.03287198394536972
epoch: 12 s: 1280000 batch_loss 0.5791096687316895 BPR_loss 0.5456690788269043 reg_loss 0.033440589904785156
+-------+-------------------+-------------------+-------------------+------------------------------------+------------------------------------+------------------------------------+------------------------------------+
| Epoch |  training time(s) |   tesing time(s)  |        Loss       |               recall               |                ndcg                |             precision              |             hit_ratio              |
+-------+-------------------+-------------------+-------------------+------------------------------------+------------------------------------+------------------------------------+------------------------------------+
|   12  | 89.72544527053833 | 995.4633178710938 | 392.1174011230469 | [0.04589563 0.0682493  0.08492354] | [0.0214032  0.02610277 0.02914251] | [0.00259812 0.00194512 0.00161817] | [0.05121764 0.07617657 0.09484099] |
|   12  | 89.72544527053833 | 844.5689618587494 | 392.1174011230469 | [0.05946724 0.08619154 0.10593393] | [0.02638923 0.03200667 0.03562608] | [0.00339602 0.00247916 0.0020442 ] | [0.06664408 0.09679503 0.11924871] |
+-------+-------------------+-------------------+-------------------+------------------------------------+------------------------------------+------------------------------------+------------------------------------+
epoch: 13 s: 0 batch_loss 0.5850217342376709 BPR_loss 0.5520682334899902 reg_loss 0.03295353055000305
epoch: 13 s: 256000 batch_loss 0.5825453996658325 BPR_loss 0.5504064559936523 reg_loss 0.03213893622159958
epoch: 13 s: 512000 batch_loss 0.5823929309844971 BPR_loss 0.5501863956451416 reg_loss 0.03220650926232338
epoch: 13 s: 768000 batch_loss 0.5778929591178894 BPR_loss 0.5445317029953003 reg_loss 0.03336125239729881
epoch: 13 s: 1024000 batch_loss 0.5768328905105591 BPR_loss 0.5426189303398132 reg_loss 0.03421398252248764
epoch: 13 s: 1280000 batch_loss 0.5798909068107605 BPR_loss 0.545615553855896 reg_loss 0.03427533432841301
+-------+-------------------+-------------------+------------------+------------------------------------+------------------------------------+------------------------------------+------------------------------------+
| Epoch |  training time(s) |   tesing time(s)  |       Loss       |               recall               |                ndcg                |             precision              |             hit_ratio              |
+-------+-------------------+-------------------+------------------+------------------------------------+------------------------------------+------------------------------------+------------------------------------+
|   13  | 86.71123266220093 | 894.9916467666626 | 387.879638671875 | [0.04647903 0.06869994 0.08570712] | [0.02170154 0.02637841 0.02947151] | [0.00262916 0.00195809 0.00163083] | [0.05183833 0.07672423 0.0955274 ] |
|   13  | 86.71123266220093 | 749.6811580657959 | 387.879638671875 | [0.05985441 0.08695252 0.10668452] | [0.02668706 0.03239065 0.03601038] | [0.0034165  0.00249925 0.0020572 ] | [0.0670774  0.09759076 0.12004443] |
+-------+-------------------+-------------------+------------------+------------------------------------+------------------------------------+------------------------------------+------------------------------------+
epoch: 14 s: 0 batch_loss 0.5694006085395813 BPR_loss 0.5344997048377991 reg_loss 0.03490089625120163
epoch: 14 s: 256000 batch_loss 0.5782838463783264 BPR_loss 0.544073224067688 reg_loss 0.03421061858534813
epoch: 14 s: 512000 batch_loss 0.5862064361572266 BPR_loss 0.5517209768295288 reg_loss 0.03448544442653656
epoch: 14 s: 768000 batch_loss 0.5699068903923035 BPR_loss 0.534928023815155 reg_loss 0.03497888892889023
epoch: 14 s: 1024000 batch_loss 0.5685803294181824 BPR_loss 0.5329960584640503 reg_loss 0.03558429330587387
epoch: 14 s: 1280000 batch_loss 0.5744253396987915 BPR_loss 0.5401798486709595 reg_loss 0.03424551337957382
+-------+-------------------+-------------------+--------------------+------------------------------------+------------------------------------+------------------------------------+------------------------------------+
| Epoch |  training time(s) |   tesing time(s)  |        Loss        |               recall               |                ndcg                |             precision              |             hit_ratio              |
+-------+-------------------+-------------------+--------------------+------------------------------------+------------------------------------+------------------------------------+------------------------------------+
|   14  | 87.31371998786926 | 927.7680451869965 | 383.74603271484375 | [0.0469466  0.06899724 0.08610168] | [0.02190415 0.02654422 0.02965708] | [0.00264851 0.00196411 0.00163728] | [0.05229837 0.07696521 0.09594363] |
|   14  | 87.31371998786926 | 792.8171780109406 | 383.74603271484375 | [0.06038162 0.08754044 0.10767996] | [0.02694322 0.03266782 0.0363626 ] | [0.00343738 0.00251521 0.00207637] | [0.06751859 0.09822892 0.12110803] |
+-------+-------------------+-------------------+--------------------+------------------------------------+------------------------------------+------------------------------------+------------------------------------+
epoch: 15 s: 0 batch_loss 0.5651187300682068 BPR_loss 0.5299909710884094 reg_loss 0.03512775897979736
epoch: 15 s: 256000 batch_loss 0.5575532913208008 BPR_loss 0.5215529203414917 reg_loss 0.03600040078163147
epoch: 15 s: 512000 batch_loss 0.5738123655319214 BPR_loss 0.5398622751235962 reg_loss 0.033950090408325195
epoch: 15 s: 768000 batch_loss 0.5730844736099243 BPR_loss 0.537146270275116 reg_loss 0.03593817725777626
epoch: 15 s: 1024000 batch_loss 0.5599713921546936 BPR_loss 0.5223753452301025 reg_loss 0.03759605437517166
epoch: 15 s: 1280000 batch_loss 0.5651671290397644 BPR_loss 0.5298722982406616 reg_loss 0.03529481217265129
+-------+-------------------+-------------------+-------------------+------------------------------------+------------------------------------+------------------------------------+------------------------------------+
| Epoch |  training time(s) |   tesing time(s)  |        Loss       |               recall               |                ndcg                |             precision              |             hit_ratio              |
+-------+-------------------+-------------------+-------------------+------------------------------------+------------------------------------+------------------------------------+------------------------------------+
|   15  | 94.50224375724792 | 879.3353095054626 | 379.6719055175781 | [0.04729938 0.06951065 0.08667287] | [0.02210419 0.02677603 0.02989645] | [0.00266932 0.00198036 0.00164738] | [0.0527292  0.0776005  0.09653511] |
|   15  | 94.50224375724792 | 862.3498783111572 | 379.6719055175781 | [0.06101046 0.08883929 0.10844033] | [0.02727722 0.03313747 0.03673063] | [0.00347205 0.00255302 0.0020895 ] | [0.06819614 0.09968644 0.12184073] |
+-------+-------------------+-------------------+-------------------+------------------------------------+------------------------------------+------------------------------------+------------------------------------+
epoch: 16 s: 0 batch_loss 0.5599228739738464 BPR_loss 0.5240135192871094 reg_loss 0.035909365862607956
epoch: 16 s: 256000 batch_loss 0.5598545670509338 BPR_loss 0.5230525732040405 reg_loss 0.03680199012160301
epoch: 16 s: 512000 batch_loss 0.5624563097953796 BPR_loss 0.5252653360366821 reg_loss 0.03719097748398781
epoch: 16 s: 768000 batch_loss 0.5571402907371521 BPR_loss 0.5197985172271729 reg_loss 0.03734179213643074
epoch: 16 s: 1024000 batch_loss 0.5642908215522766 BPR_loss 0.527550220489502 reg_loss 0.03674061968922615
epoch: 16 s: 1280000 batch_loss 0.560837984085083 BPR_loss 0.5240310430526733 reg_loss 0.03680696710944176
+-------+------------------+-------------------+----------------+------------------------------------+------------------------------------+------------------------------------+------------------------------------+
| Epoch | training time(s) |   tesing time(s)  |      Loss      |               recall               |                ndcg                |             precision              |             hit_ratio              |
+-------+------------------+-------------------+----------------+------------------------------------+------------------------------------+------------------------------------+------------------------------------+
|   16  | 90.6879289150238 |  886.868448972702 | 375.6728515625 | [0.04750149 0.06994582 0.08680029] | [0.02217254 0.02688877 0.02995322] | [0.00267553 0.00199003 0.00164872] | [0.05283873 0.07800942 0.09658622] |
|   16  | 90.6879289150238 | 778.0122406482697 | 375.6728515625 | [0.06146709 0.08952068 0.10935079] | [0.02760113 0.03351761 0.03715363] | [0.00349962 0.00257272 0.00210749] | [0.06874764 0.10051368 0.12294372] |
+-------+------------------+-------------------+----------------+------------------------------------+------------------------------------+------------------------------------+------------------------------------+
epoch: 17 s: 0 batch_loss 0.5523694753646851 BPR_loss 0.5145711302757263 reg_loss 0.03779836371541023
epoch: 17 s: 256000 batch_loss 0.5557938814163208 BPR_loss 0.5176516771316528 reg_loss 0.03814219310879707
epoch: 17 s: 512000 batch_loss 0.5545012950897217 BPR_loss 0.5171064138412476 reg_loss 0.037394896149635315
epoch: 17 s: 768000 batch_loss 0.5517279505729675 BPR_loss 0.5133543014526367 reg_loss 0.03837364539504051
epoch: 17 s: 1024000 batch_loss 0.5612297654151917 BPR_loss 0.5240300893783569 reg_loss 0.03719968721270561
epoch: 17 s: 1280000 batch_loss 0.5546119213104248 BPR_loss 0.5163084268569946 reg_loss 0.038303520530462265
+-------+-------------------+-------------------+-------------------+------------------------------------+------------------------------------+------------------------------------+------------------------------------+
| Epoch |  training time(s) |   tesing time(s)  |        Loss       |               recall               |                ndcg                |             precision              |             hit_ratio              |
+-------+-------------------+-------------------+-------------------+------------------------------------+------------------------------------+------------------------------------+------------------------------------+
|   17  | 92.25107979774475 | 871.7761034965515 | 371.7528076171875 | [0.04793093 0.0704971  0.08707093] | [0.02245871 0.0271903  0.0302094 ] | [0.00270401 0.00200354 0.00165383] | [0.0533937  0.07853518 0.0968564 ] |
|   17  | 92.25107979774475 | 759.7938768863678 | 371.7528076171875 | [0.06194195 0.09016647 0.10964166] | [0.02768438 0.03363112 0.03720067] | [0.00353035 0.00259281 0.00211314] | [0.06938579 0.10126213 0.12325886] |
+-------+-------------------+-------------------+-------------------+------------------------------------+------------------------------------+------------------------------------+------------------------------------+
epoch: 18 s: 0 batch_loss 0.5676878690719604 BPR_loss 0.5291010141372681 reg_loss 0.03858688473701477
epoch: 18 s: 256000 batch_loss 0.5497210621833801 BPR_loss 0.5113829970359802 reg_loss 0.03833805397152901
epoch: 18 s: 512000 batch_loss 0.5578751564025879 BPR_loss 0.5192070007324219 reg_loss 0.03866814821958542
epoch: 18 s: 768000 batch_loss 0.5562115907669067 BPR_loss 0.5180054903030396 reg_loss 0.0382060743868351
epoch: 18 s: 1024000 batch_loss 0.5441572666168213 BPR_loss 0.5041587352752686 reg_loss 0.039998505264520645
epoch: 18 s: 1280000 batch_loss 0.549834132194519 BPR_loss 0.5102840065956116 reg_loss 0.03955015540122986
+-------+-------------------+-------------------+-----------------+------------------------------------+------------------------------------+------------------------------------+------------------------------------+
| Epoch |  training time(s) |   tesing time(s)  |       Loss      |               recall               |                ndcg                |             precision              |             hit_ratio              |
+-------+-------------------+-------------------+-----------------+------------------------------------+------------------------------------+------------------------------------+------------------------------------+
|   18  | 88.58741021156311 | 913.4623029232025 | 368.00244140625 | [0.04787054 0.07073503 0.08723545] | [0.02242778 0.02722799 0.03023369] | [0.00269524 0.00200938 0.00165736] | [0.05321114 0.07875424 0.09711198] |
|   18  | 88.58741021156311 | 720.4870038032532 | 368.00244140625 | [0.06222545 0.0903908  0.11039758] | [0.02790243 0.03383642 0.03750226] | [0.00354335 0.00259793 0.00212693] | [0.06966154 0.10149061 0.12406246] |
+-------+-------------------+-------------------+-----------------+------------------------------------+------------------------------------+------------------------------------+------------------------------------+
epoch: 19 s: 0 batch_loss 0.5517474412918091 BPR_loss 0.5131094455718994 reg_loss 0.038637999445199966
epoch: 19 s: 256000 batch_loss 0.5465509295463562 BPR_loss 0.5058320760726929 reg_loss 0.04071885719895363
epoch: 19 s: 512000 batch_loss 0.5450868010520935 BPR_loss 0.5048797726631165 reg_loss 0.04020700231194496
epoch: 19 s: 768000 batch_loss 0.5475403070449829 BPR_loss 0.5066000819206238 reg_loss 0.04094023257493973
epoch: 19 s: 1024000 batch_loss 0.5521364808082581 BPR_loss 0.5111547708511353 reg_loss 0.0409817211329937
epoch: 19 s: 1280000 batch_loss 0.5417723059654236 BPR_loss 0.5012860298156738 reg_loss 0.040486302226781845
+-------+-------------------+-------------------+--------------------+------------------------------------+------------------------------------+------------------------------------+------------------------------------+
| Epoch |  training time(s) |   tesing time(s)  |        Loss        |               recall               |                ndcg                |             precision              |             hit_ratio              |
+-------+-------------------+-------------------+--------------------+------------------------------------+------------------------------------+------------------------------------+------------------------------------+
|   19  | 90.97990942001343 | 817.2601699829102 | 364.35015869140625 | [0.04800353 0.070638   0.08703609] | [0.02246416 0.0272171  0.03020651] | [0.00270145 0.00200427 0.00165212] | [0.05330607 0.07857169 0.0968564 ] |
|   19  | 90.97990942001343 | 748.8455729484558 | 364.35015869140625 | [0.06260042 0.09090965 0.111215  ] | [0.02801712 0.03399148 0.03770786] | [0.0035658  0.00261507 0.00214242] | [0.07007122 0.1021524  0.12489758] |
+-------+-------------------+-------------------+--------------------+------------------------------------+------------------------------------+------------------------------------+------------------------------------+
epoch: 20 s: 0 batch_loss 0.5463064312934875 BPR_loss 0.5069360733032227 reg_loss 0.0393703430891037
epoch: 20 s: 256000 batch_loss 0.5366747975349426 BPR_loss 0.49568915367126465 reg_loss 0.04098566249012947
epoch: 20 s: 512000 batch_loss 0.5435842871665955 BPR_loss 0.5034608840942383 reg_loss 0.04012342914938927
epoch: 20 s: 768000 batch_loss 0.5454784631729126 BPR_loss 0.5049566030502319 reg_loss 0.040521882474422455
epoch: 20 s: 1024000 batch_loss 0.5450385212898254 BPR_loss 0.5039929747581482 reg_loss 0.04104553908109665
epoch: 20 s: 1280000 batch_loss 0.5476540327072144 BPR_loss 0.5074445009231567 reg_loss 0.040209509432315826
+-------+-------------------+-------------------+--------------------+------------------------------------+------------------------------------+------------------------------------+------------------------------------+
| Epoch |  training time(s) |   tesing time(s)  |        Loss        |               recall               |                ndcg                |             precision              |             hit_ratio              |
+-------+-------------------+-------------------+--------------------+------------------------------------+------------------------------------+------------------------------------+------------------------------------+
|   20  | 94.00142574310303 | 894.2434070110321 | 360.64532470703125 | [0.04822021 0.0707341  0.08724616] | [0.02252106 0.02724803 0.03025808] | [0.00271021 0.002005   0.00165468] | [0.05351053 0.0785936  0.09699514] |
|   20  | 94.00142574310303 | 781.1662611961365 | 360.64532470703125 | [0.06319006 0.09145265 0.11199375] | [0.02838437 0.03434366 0.03810041] | [0.00359968 0.00262984 0.00215687] | [0.07074877 0.10272753 0.12568543] |
+-------+-------------------+-------------------+--------------------+------------------------------------+------------------------------------+------------------------------------+------------------------------------+
epoch: 21 s: 0 batch_loss 0.5421867370605469 BPR_loss 0.5008878111839294 reg_loss 0.04129892587661743
epoch: 21 s: 256000 batch_loss 0.5301082730293274 BPR_loss 0.4884539544582367 reg_loss 0.041654299944639206
epoch: 21 s: 512000 batch_loss 0.5395551323890686 BPR_loss 0.49879464507102966 reg_loss 0.04076050594449043
epoch: 21 s: 768000 batch_loss 0.5340994596481323 BPR_loss 0.49188870191574097 reg_loss 0.04221077263355255
epoch: 21 s: 1024000 batch_loss 0.5365175008773804 BPR_loss 0.49477696418762207 reg_loss 0.04174051806330681
epoch: 21 s: 1280000 batch_loss 0.5341795682907104 BPR_loss 0.4926176965236664 reg_loss 0.041561879217624664
+-------+-------------------+-------------------+-------------------+------------------------------------+------------------------------------+------------------------------------+------------------------------------+
| Epoch |  training time(s) |   tesing time(s)  |        Loss       |               recall               |                ndcg                |             precision              |             hit_ratio              |
+-------+-------------------+-------------------+-------------------+------------------------------------+------------------------------------+------------------------------------+------------------------------------+
|   21  | 86.71474027633667 |  915.589822769165 | 357.2244567871094 | [0.04857884 0.07106361 0.08722362] | [0.02274602 0.02745999 0.03041236] | [0.00273029 0.00201084 0.00165541] | [0.05390485 0.07885648 0.09705356] |
|   21  | 86.71474027633667 | 790.9586098194122 | 357.2244567871094 | [0.06342151 0.09144227 0.11219764] | [0.02838167 0.03429016 0.03808942] | [0.00360401 0.0026259  0.00215897] | [0.07086695 0.10262511 0.125843  ] |
+-------+-------------------+-------------------+-------------------+------------------------------------+------------------------------------+------------------------------------+------------------------------------+
epoch: 22 s: 0 batch_loss 0.5335645079612732 BPR_loss 0.49002695083618164 reg_loss 0.04353754222393036
epoch: 22 s: 256000 batch_loss 0.5232371091842651 BPR_loss 0.4818836450576782 reg_loss 0.04135345667600632
epoch: 22 s: 512000 batch_loss 0.5374374389648438 BPR_loss 0.49635785818099976 reg_loss 0.041079580783843994
epoch: 22 s: 768000 batch_loss 0.5364589691162109 BPR_loss 0.4938676357269287 reg_loss 0.04259132221341133
epoch: 22 s: 1024000 batch_loss 0.5217533707618713 BPR_loss 0.4796135425567627 reg_loss 0.04213983565568924
epoch: 22 s: 1280000 batch_loss 0.5311118960380554 BPR_loss 0.4877586364746094 reg_loss 0.04335325211286545
+-------+-------------------+-------------------+-----------------+------------------------------------+------------------------------------+------------------------------------+------------------------------------+
| Epoch |  training time(s) |   tesing time(s)  |       Loss      |               recall               |                ndcg                |             precision              |             hit_ratio              |
+-------+-------------------+-------------------+-----------------+------------------------------------+------------------------------------+------------------------------------+------------------------------------+
|   22  | 86.52623081207275 | 875.1301202774048 | 353.94580078125 | [0.04854168 0.07062422 0.08705451] | [0.02258972 0.02722404 0.03022161] | [0.00272518 0.00199825 0.00165078] | [0.05381723 0.07839644 0.09681989] |
|   22  | 86.52623081207275 | 818.4641859531403 | 353.94580078125 | [0.06357589 0.09193993 0.11296946] | [0.02854083 0.03452361 0.03837112] | [0.00361465 0.00264225 0.00217525] | [0.07105603 0.10320812 0.12678054] |
+-------+-------------------+-------------------+-----------------+------------------------------------+------------------------------------+------------------------------------+------------------------------------+
epoch: 23 s: 0 batch_loss 0.5168977975845337 BPR_loss 0.47301986813545227 reg_loss 0.04387789964675903
epoch: 23 s: 256000 batch_loss 0.5276119112968445 BPR_loss 0.48526138067245483 reg_loss 0.04235055670142174
epoch: 23 s: 512000 batch_loss 0.5213798880577087 BPR_loss 0.4783521294593811 reg_loss 0.04302774369716644
epoch: 23 s: 768000 batch_loss 0.5234101414680481 BPR_loss 0.4793509542942047 reg_loss 0.044059187173843384
epoch: 23 s: 1024000 batch_loss 0.5254657864570618 BPR_loss 0.48160311579704285 reg_loss 0.04386268928647041
epoch: 23 s: 1280000 batch_loss 0.5237511396408081 BPR_loss 0.4803009033203125 reg_loss 0.043450236320495605
+-------+-------------------+-------------------+-------------------+------------------------------------+------------------------------------+------------------------------------+------------------------------------+
| Epoch |  training time(s) |   tesing time(s)  |        Loss       |               recall               |                ndcg                |             precision              |             hit_ratio              |
+-------+-------------------+-------------------+-------------------+------------------------------------+------------------------------------+------------------------------------+------------------------------------+
|   23  | 95.18683433532715 | 929.2367630004883 | 350.6918640136719 | [0.04876633 0.07052163 0.08706932] | [0.02274003 0.0273085  0.03033135] | [0.0027354  0.0019935  0.00165054] | [0.0540582  0.0782723  0.09681989] |
|   23  | 95.18683433532715 | 769.7547330856323 | 350.6918640136719 | [0.06346986 0.0920635  0.11334984] | [0.02853002 0.03456752 0.03846255] | [0.00360834 0.00264481 0.00218142] | [0.07090634 0.10334205 0.12717446] |
+-------+-------------------+-------------------+-------------------+------------------------------------+------------------------------------+------------------------------------+------------------------------------+
epoch: 24 s: 0 batch_loss 0.5193393230438232 BPR_loss 0.47548234462738037 reg_loss 0.04385700821876526
epoch: 24 s: 256000 batch_loss 0.523703396320343 BPR_loss 0.4805406332015991 reg_loss 0.04316273704171181
epoch: 24 s: 512000 batch_loss 0.5194370150566101 BPR_loss 0.47522813081741333 reg_loss 0.04420890286564827
epoch: 24 s: 768000 batch_loss 0.5188047885894775 BPR_loss 0.47383445501327515 reg_loss 0.0449703224003315
epoch: 24 s: 1024000 batch_loss 0.5162431001663208 BPR_loss 0.47052615880966187 reg_loss 0.04571692645549774
epoch: 24 s: 1280000 batch_loss 0.5280424952507019 BPR_loss 0.48264172673225403 reg_loss 0.04540076479315758
+-------+-------------------+-------------------+-------------------+------------------------------------+------------------------------------+------------------------------------+------------------------------------+
| Epoch |  training time(s) |   tesing time(s)  |        Loss       |               recall               |                ndcg                |             precision              |             hit_ratio              |
+-------+-------------------+-------------------+-------------------+------------------------------------+------------------------------------+------------------------------------+------------------------------------+
|   24  | 93.38538002967834 | 903.7373037338257 | 347.6910095214844 | [0.0486407  0.07059383 0.08706061] | [0.02267835 0.02728421 0.03028874] | [0.00272372 0.00199368 0.00164872] | [0.05386104 0.078265   0.09675417] |
|   24  | 93.38538002967834 | 770.9717354774475 | 347.6910095214844 | [0.06389036 0.09223837 0.11333442] | [0.02873075 0.03471032 0.03857429] | [0.00363828 0.00265091 0.0021826 ] | [0.07148147 0.10357841 0.12724537] |
+-------+-------------------+-------------------+-------------------+------------------------------------+------------------------------------+------------------------------------+------------------------------------+
epoch: 25 s: 0 batch_loss 0.5158670544624329 BPR_loss 0.4710208475589752 reg_loss 0.04484623298048973
epoch: 25 s: 256000 batch_loss 0.526917040348053 BPR_loss 0.4814987778663635 reg_loss 0.045418281108140945
epoch: 25 s: 512000 batch_loss 0.518899142742157 BPR_loss 0.47422337532043457 reg_loss 0.04467577114701271
epoch: 25 s: 768000 batch_loss 0.5210623741149902 BPR_loss 0.4750790596008301 reg_loss 0.04598328843712807
epoch: 25 s: 1024000 batch_loss 0.5231791734695435 BPR_loss 0.478621244430542 reg_loss 0.04455791786313057
epoch: 25 s: 1280000 batch_loss 0.5179410576820374 BPR_loss 0.4723502993583679 reg_loss 0.04559074714779854
+-------+-------------------+-------------------+-------------------+------------------------------------+------------------------------------+------------------------------------+------------------------------------+
| Epoch |  training time(s) |   tesing time(s)  |        Loss       |               recall               |                ndcg                |             precision              |             hit_ratio              |
+-------+-------------------+-------------------+-------------------+------------------------------------+------------------------------------+------------------------------------+------------------------------------+
|   25  | 84.73209142684937 | 695.2936556339264 | 345.1493835449219 | [0.04875105 0.07076076 0.08746714] | [0.0228581  0.02748427 0.03053245] | [0.0027354  0.00199953 0.00165736] | [0.0540655  0.07852788 0.09730914] |
|   25  | 84.73209142684937 |  681.05845952034  | 345.1493835449219 | [0.06379477 0.09239357 0.11347647] | [0.02872146 0.03475798 0.03861848] | [0.00362371 0.00265288 0.00218523] | [0.07122936 0.10368871 0.12743445] |
+-------+-------------------+-------------------+-------------------+------------------------------------+------------------------------------+------------------------------------+------------------------------------+
epoch: 26 s: 0 batch_loss 0.51737380027771 BPR_loss 0.47150418162345886 reg_loss 0.045869629830121994
epoch: 26 s: 256000 batch_loss 0.5143420100212097 BPR_loss 0.4678739905357361 reg_loss 0.04646803438663483
epoch: 26 s: 512000 batch_loss 0.516163170337677 BPR_loss 0.4695754051208496 reg_loss 0.046587761491537094
epoch: 26 s: 768000 batch_loss 0.515354335308075 BPR_loss 0.46938356757164 reg_loss 0.04597079008817673
epoch: 26 s: 1024000 batch_loss 0.5185932517051697 BPR_loss 0.47310835123062134 reg_loss 0.045484911650419235
epoch: 26 s: 1280000 batch_loss 0.5096961855888367 BPR_loss 0.4634646475315094 reg_loss 0.04623153805732727
+-------+-------------------+-------------------+--------------------+------------------------------------+------------------------------------+------------------------------------+------------------------------------+
| Epoch |  training time(s) |   tesing time(s)  |        Loss        |               recall               |                ndcg                |             precision              |             hit_ratio              |
+-------+-------------------+-------------------+--------------------+------------------------------------+------------------------------------+------------------------------------+------------------------------------+
|   26  | 92.89495873451233 | 741.4834470748901 | 342.26007080078125 | [0.04873726 0.07070021 0.08710825] | [0.02273702 0.02734788 0.03034452] | [0.00273321 0.0019966  0.0016503 ] | [0.0540509  0.07838913 0.09689291] |
|   26  | 92.89495873451233 |  644.462694644928 | 342.26007080078125 | [0.06428389 0.09268541 0.11382395] | [0.02893054 0.0349216  0.03878726] | [0.00365522 0.00266155 0.00219061] | [0.07184388 0.10401172 0.12767868] |
+-------+-------------------+-------------------+--------------------+------------------------------------+------------------------------------+------------------------------------+------------------------------------+
epoch: 27 s: 0 batch_loss 0.5055941939353943 BPR_loss 0.46068769693374634 reg_loss 0.04490647837519646
epoch: 27 s: 256000 batch_loss 0.5172687768936157 BPR_loss 0.4724443852901459 reg_loss 0.044824376702308655
epoch: 27 s: 512000 batch_loss 0.5156351923942566 BPR_loss 0.46904751658439636 reg_loss 0.046587686985731125
epoch: 27 s: 768000 batch_loss 0.5164937376976013 BPR_loss 0.47105252742767334 reg_loss 0.045441195368766785
epoch: 27 s: 1024000 batch_loss 0.5055122375488281 BPR_loss 0.4581591784954071 reg_loss 0.047353070229291916
epoch: 27 s: 1280000 batch_loss 0.5146886110305786 BPR_loss 0.46866172552108765 reg_loss 0.04602688178420067
+-------+-------------------+-------------------+-------------------+------------------------------------+------------------------------------+------------------------------------+------------------------------------+
| Epoch |  training time(s) |   tesing time(s)  |        Loss       |               recall               |                ndcg                |             precision              |             hit_ratio              |
+-------+-------------------+-------------------+-------------------+------------------------------------+------------------------------------+------------------------------------+------------------------------------+
|   27  | 83.79539060592651 | 747.7613968849182 | 339.7256774902344 | [0.04885913 0.07074505 0.08724555] | [0.02282552 0.02742507 0.03043647] | [0.00274052 0.00199898 0.00165273] | [0.05418964 0.07850597 0.09707547] |
|   27  | 83.79539060592651 |  666.894378900528 | 339.7256774902344 | [0.06435775 0.09248146 0.11384124] | [0.029003   0.03494102 0.03884859] | [0.00365562 0.00265603 0.00219022] | [0.07185176 0.10373598 0.12769444] |
+-------+-------------------+-------------------+-------------------+------------------------------------+------------------------------------+------------------------------------+------------------------------------+
epoch: 28 s: 0 batch_loss 0.5009994506835938 BPR_loss 0.45447397232055664 reg_loss 0.0465254969894886
epoch: 28 s: 256000 batch_loss 0.505448043346405 BPR_loss 0.4587068557739258 reg_loss 0.046741172671318054
epoch: 28 s: 512000 batch_loss 0.5040851831436157 BPR_loss 0.45651376247406006 reg_loss 0.04757142812013626
epoch: 28 s: 768000 batch_loss 0.5022445917129517 BPR_loss 0.4552631378173828 reg_loss 0.04698142409324646
epoch: 28 s: 1024000 batch_loss 0.5012146830558777 BPR_loss 0.45378971099853516 reg_loss 0.047424957156181335
epoch: 28 s: 1280000 batch_loss 0.5042563080787659 BPR_loss 0.4559253454208374 reg_loss 0.04833093658089638
+-------+------------------+-------------------+-------------------+------------------------------------+------------------------------------+------------------------------------+------------------------------------+
| Epoch | training time(s) |   tesing time(s)  |        Loss       |               recall               |                ndcg                |             precision              |             hit_ratio              |
+-------+------------------+-------------------+-------------------+------------------------------------+------------------------------------+------------------------------------+------------------------------------+
|   28  | 85.6796326637268 |  645.053389787674 | 337.3387145996094 | [0.04857505 0.07037934 0.08677563] | [0.02270035 0.02728747 0.03027844] | [0.00272153 0.00198875 0.00164251] | [0.05381723 0.07808974 0.09645478] |
|   28  | 85.6796326637268 | 550.5852925777435 | 337.3387145996094 | [0.06430413 0.09273479 0.11413452] | [0.02896601 0.03496551 0.03887796] | [0.0036564  0.00266411 0.00219665] | [0.07189115 0.10409051 0.12804897] |
+-------+------------------+-------------------+-------------------+------------------------------------+------------------------------------+------------------------------------+------------------------------------+
epoch: 29 s: 0 batch_loss 0.500559389591217 BPR_loss 0.45160430669784546 reg_loss 0.04895509406924248
epoch: 29 s: 256000 batch_loss 0.5049580931663513 BPR_loss 0.45760416984558105 reg_loss 0.04735393077135086
epoch: 29 s: 512000 batch_loss 0.5021265745162964 BPR_loss 0.4538639485836029 reg_loss 0.04826262965798378
epoch: 29 s: 768000 batch_loss 0.49733734130859375 BPR_loss 0.44923990964889526 reg_loss 0.04809744656085968
epoch: 29 s: 1024000 batch_loss 0.5059695243835449 BPR_loss 0.45808327198028564 reg_loss 0.04788625240325928
epoch: 29 s: 1280000 batch_loss 0.509139895439148 BPR_loss 0.46193021535873413 reg_loss 0.04720968008041382
+-------+-------------------+-------------------+-------------------+------------------------------------+------------------------------------+------------------------------------+------------------------------------+
| Epoch |  training time(s) |   tesing time(s)  |        Loss       |               recall               |                ndcg                |             precision              |             hit_ratio              |
+-------+-------------------+-------------------+-------------------+------------------------------------+------------------------------------+------------------------------------+------------------------------------+
|   29  | 73.34745717048645 | 470.0962529182434 | 335.1866149902344 | [0.04842859 0.07055717 0.08685326] | [0.02269647 0.02735112 0.03032362] | [0.00271204 0.00199368 0.00164482] | [0.05363467 0.07825039 0.09657162] |
|   29  | 73.34745717048645 | 436.7479772567749 | 335.1866149902344 | [0.06417805 0.09295547 0.11410871] | [0.02898743 0.0350673  0.03893259] | [0.00364419 0.0026712  0.00219534] | [0.07170207 0.10438201 0.12798594] |
+-------+-------------------+-------------------+-------------------+------------------------------------+------------------------------------+------------------------------------+------------------------------------+
epoch: 30 s: 0 batch_loss 0.4897620677947998 BPR_loss 0.441760778427124 reg_loss 0.048001281917095184
epoch: 30 s: 256000 batch_loss 0.4956120550632477 BPR_loss 0.44668129086494446 reg_loss 0.04893077537417412
epoch: 30 s: 512000 batch_loss 0.5041267275810242 BPR_loss 0.456288605928421 reg_loss 0.04783814400434494
epoch: 30 s: 768000 batch_loss 0.4951936900615692 BPR_loss 0.4441521167755127 reg_loss 0.05104157701134682
epoch: 30 s: 1024000 batch_loss 0.49865055084228516 BPR_loss 0.44893598556518555 reg_loss 0.049714550375938416
epoch: 30 s: 1280000 batch_loss 0.496498167514801 BPR_loss 0.446904718875885 reg_loss 0.04959343373775482
+-------+-------------------+-------------------+--------------------+------------------------------------+------------------------------------+------------------------------------+------------------------------------+
| Epoch |  training time(s) |   tesing time(s)  |        Loss        |               recall               |                ndcg                |             precision              |             hit_ratio              |
+-------+-------------------+-------------------+--------------------+------------------------------------+------------------------------------+------------------------------------+------------------------------------+
|   30  | 73.48734712600708 | 459.8683087825775 | 333.16546630859375 | [0.04851259 0.07045698 0.08656244] | [0.02272176 0.02733552 0.03027428] | [0.00271642 0.00199204 0.00164007] | [0.05370769 0.07822849 0.09630143] |
|   30  | 73.48734712600708 | 378.5658826828003 | 333.16546630859375 | [0.06443452 0.09311216 0.11417136] | [0.02906999 0.03511634 0.0389729 ] | [0.00366074 0.00267297 0.00219836] | [0.07201721 0.10449231 0.12817503] |
+-------+-------------------+-------------------+--------------------+------------------------------------+------------------------------------+------------------------------------+------------------------------------+
epoch: 31 s: 0 batch_loss 0.5019242167472839 BPR_loss 0.45304083824157715 reg_loss 0.04888336360454559
epoch: 31 s: 256000 batch_loss 0.497175395488739 BPR_loss 0.44910725951194763 reg_loss 0.04806814715266228
epoch: 31 s: 512000 batch_loss 0.5010668635368347 BPR_loss 0.45246508717536926 reg_loss 0.04860180243849754
epoch: 31 s: 768000 batch_loss 0.500946581363678 BPR_loss 0.45113420486450195 reg_loss 0.04981235787272453
epoch: 31 s: 1024000 batch_loss 0.49498265981674194 BPR_loss 0.44479575753211975 reg_loss 0.050186894834041595
epoch: 31 s: 1280000 batch_loss 0.49608930945396423 BPR_loss 0.4461163282394409 reg_loss 0.049972981214523315
+-------+-------------------+--------------------+-------------------+------------------------------------+------------------------------------+------------------------------------+------------------------------------+
| Epoch |  training time(s) |   tesing time(s)   |        Loss       |               recall               |                ndcg                |             precision              |             hit_ratio              |
+-------+-------------------+--------------------+-------------------+------------------------------------+------------------------------------+------------------------------------+------------------------------------+
|   31  | 68.22805523872375 | 391.71674132347107 | 331.2217102050781 | [0.04858004 0.07021333 0.08647308] | [0.02267453 0.02722605 0.0301919 ] | [0.00271897 0.00198419 0.00163776] | [0.05376611 0.07789258 0.0961846 ] |
|   31  | 68.22805523872375 | 377.33320212364197 | 331.2217102050781 | [0.06442477 0.09299735 0.11413202] | [0.02904128 0.03506281 0.0389289 ] | [0.00366231 0.00266884 0.00219495] | [0.07202509 0.1043505  0.1280017 ] |
+-------+-------------------+--------------------+-------------------+------------------------------------+------------------------------------+------------------------------------+------------------------------------+
epoch: 32 s: 0 batch_loss 0.49491527676582336 BPR_loss 0.4454754590988159 reg_loss 0.04943982511758804
epoch: 32 s: 256000 batch_loss 0.49355050921440125 BPR_loss 0.4420512318611145 reg_loss 0.05149926617741585
epoch: 32 s: 512000 batch_loss 0.4928228259086609 BPR_loss 0.44091421365737915 reg_loss 0.051908619701862335
epoch: 32 s: 768000 batch_loss 0.4822673797607422 BPR_loss 0.43126532435417175 reg_loss 0.05100207030773163
epoch: 32 s: 1024000 batch_loss 0.5007240772247314 BPR_loss 0.45235052704811096 reg_loss 0.04837353900074959
epoch: 32 s: 1280000 batch_loss 0.4943808317184448 BPR_loss 0.44440585374832153 reg_loss 0.049974966794252396
+-------+------------------+--------------------+--------------------+------------------------------------+------------------------------------+------------------------------------+------------------------------------+
| Epoch | training time(s) |   tesing time(s)   |        Loss        |               recall               |                ndcg                |             precision              |             hit_ratio              |
+-------+------------------+--------------------+--------------------+------------------------------------+------------------------------------+------------------------------------+------------------------------------+
|   32  | 68.290372133255  | 414.7469480037689  | 329.29962158203125 | [0.0485809  0.07020674 0.08624632] | [0.02261298 0.02715668 0.03008549] | [0.00271642 0.00198145 0.00163265] | [0.0537296  0.07782686 0.09589981] |
|   32  | 68.290372133255  | 363.21441769599915 | 329.29962158203125 | [0.06423117 0.09264707 0.11394234] | [0.02896033 0.0349567  0.03885628] | [0.00364931 0.00265899 0.00219232] | [0.07180449 0.10388567 0.12785989] |
+-------+------------------+--------------------+--------------------+------------------------------------+------------------------------------+------------------------------------+------------------------------------+
epoch: 33 s: 0 batch_loss 0.49073898792266846 BPR_loss 0.44076967239379883 reg_loss 0.049969326704740524
epoch: 33 s: 256000 batch_loss 0.48615407943725586 BPR_loss 0.43471115827560425 reg_loss 0.05144292861223221
epoch: 33 s: 512000 batch_loss 0.4889083802700043 BPR_loss 0.4379253387451172 reg_loss 0.05098304525017738
epoch: 33 s: 768000 batch_loss 0.4830208718776703 BPR_loss 0.43071675300598145 reg_loss 0.05230412632226944
epoch: 33 s: 1024000 batch_loss 0.4953445792198181 BPR_loss 0.4451618194580078 reg_loss 0.05018274858593941
epoch: 33 s: 1280000 batch_loss 0.49428364634513855 BPR_loss 0.4423711597919464 reg_loss 0.05191247537732124
+-------+-------------------+--------------------+-------------------+------------------------------------+------------------------------------+------------------------------------+------------------------------------+
| Epoch |  training time(s) |   tesing time(s)   |        Loss       |               recall               |                ndcg                |             precision              |             hit_ratio              |
+-------+-------------------+--------------------+-------------------+------------------------------------+------------------------------------+------------------------------------+------------------------------------+
|   33  | 67.82023572921753 | 374.48358154296875 | 327.6018981933594 | [0.04865332 0.07029014 0.08624359] | [0.02259946 0.02713912 0.03005128] | [0.00272336 0.00198127 0.00163107] | [0.05383913 0.07784147 0.0958487 ] |
|   33  | 67.82023572921753 | 336.1434772014618  | 327.6018981933594 | [0.06420171 0.09258576 0.11397848] | [0.02893825 0.0349263  0.03884303] | [0.00364931 0.00265859 0.00219389] | [0.07182024 0.10390142 0.1279308 ] |
+-------+-------------------+--------------------+-------------------+------------------------------------+------------------------------------+------------------------------------+------------------------------------+
epoch: 34 s: 0 batch_loss 0.4894317388534546 BPR_loss 0.4387814998626709 reg_loss 0.05065024644136429
epoch: 34 s: 256000 batch_loss 0.48514512181282043 BPR_loss 0.4325236678123474 reg_loss 0.05262144282460213
epoch: 34 s: 512000 batch_loss 0.49012458324432373 BPR_loss 0.4401359558105469 reg_loss 0.04998861253261566
epoch: 34 s: 768000 batch_loss 0.4858589470386505 BPR_loss 0.43469351530075073 reg_loss 0.05116543546319008
epoch: 34 s: 1024000 batch_loss 0.4893508851528168 BPR_loss 0.43578284978866577 reg_loss 0.053568027913570404
epoch: 34 s: 1280000 batch_loss 0.49015292525291443 BPR_loss 0.4409785866737366 reg_loss 0.04917432740330696
+-------+-------------------+--------------------+--------------------+------------------------------------+------------------------------------+------------------------------------+------------------------------------+
| Epoch |  training time(s) |   tesing time(s)   |        Loss        |               recall               |                ndcg                |             precision              |             hit_ratio              |
+-------+-------------------+--------------------+--------------------+------------------------------------+------------------------------------+------------------------------------+------------------------------------+
|   34  | 67.56713151931763 | 390.03299856185913 | 326.10601806640625 | [0.04839701 0.0701     0.08601388] | [0.02252727 0.02708543 0.02999034] | [0.00270985 0.00197817 0.00162815] | [0.05359816 0.07772463 0.09565154] |
|   34  | 67.56713151931763 | 358.3273620605469  | 326.10601806640625 | [0.06414978 0.09273317 0.11382996] | [0.02892215 0.03495839 0.03882012] | [0.00364577 0.00266411 0.00219179] | [0.07174146 0.10409051 0.12781262] |
+-------+-------------------+--------------------+--------------------+------------------------------------+------------------------------------+------------------------------------+------------------------------------+
epoch: 35 s: 0 batch_loss 0.485189288854599 BPR_loss 0.434990793466568 reg_loss 0.0501985065639019
epoch: 35 s: 256000 batch_loss 0.4883177578449249 BPR_loss 0.43567392230033875 reg_loss 0.052643828094005585
epoch: 35 s: 512000 batch_loss 0.4882860779762268 BPR_loss 0.43604162335395813 reg_loss 0.05224443972110748
epoch: 35 s: 768000 batch_loss 0.4877821207046509 BPR_loss 0.4356076121330261 reg_loss 0.05217450112104416
epoch: 35 s: 1024000 batch_loss 0.4890628159046173 BPR_loss 0.43619200587272644 reg_loss 0.05287081003189087
epoch: 35 s: 1280000 batch_loss 0.48310261964797974 BPR_loss 0.4306492805480957 reg_loss 0.05245332792401314
+-------+-------------------+--------------------+--------------------+------------------------------------+------------------------------------+------------------------------------+------------------------------------+
| Epoch |  training time(s) |   tesing time(s)   |        Loss        |               recall               |                ndcg                |             precision              |             hit_ratio              |
+-------+-------------------+--------------------+--------------------+------------------------------------+------------------------------------+------------------------------------+------------------------------------+
|   35  | 68.11457657814026 | 388.11715388298035 | 324.51422119140625 | [0.04813426 0.07001951 0.08612155] | [0.02244338 0.02704082 0.02997524] | [0.00269597 0.00197707 0.00162863] | [0.05329147 0.07770273 0.09570996] |
|   35  | 68.11457657814026 | 359.3520185947418  | 324.51422119140625 | [0.06434101 0.09266579 0.11383629] | [0.02905985 0.03504072 0.03891573] | [0.00365759 0.00266214 0.0021914 ] | [0.07198569 0.10407475 0.12780474] |
+-------+-------------------+--------------------+--------------------+------------------------------------+------------------------------------+------------------------------------+------------------------------------+
epoch: 36 s: 0 batch_loss 0.4826701581478119 BPR_loss 0.4299984574317932 reg_loss 0.05267171189188957
epoch: 36 s: 256000 batch_loss 0.47905686497688293 BPR_loss 0.42700469493865967 reg_loss 0.05205216258764267
epoch: 36 s: 512000 batch_loss 0.48260238766670227 BPR_loss 0.43084537982940674 reg_loss 0.05175701156258583
epoch: 36 s: 768000 batch_loss 0.4776478409767151 BPR_loss 0.4263871908187866 reg_loss 0.05126063898205757
epoch: 36 s: 1024000 batch_loss 0.47981706261634827 BPR_loss 0.42772793769836426 reg_loss 0.05208912119269371
epoch: 36 s: 1280000 batch_loss 0.48881345987319946 BPR_loss 0.4365310072898865 reg_loss 0.052282437682151794
+-------+-------------------+--------------------+-------------------+------------------------------------+------------------------------------+------------------------------------+------------------------------------+
| Epoch |  training time(s) |   tesing time(s)   |        Loss       |               recall               |                ndcg                |             precision              |             hit_ratio              |
+-------+-------------------+--------------------+-------------------+------------------------------------+------------------------------------+------------------------------------+------------------------------------+
|   36  | 67.80993175506592 | 369.65291118621826 | 323.1982727050781 | [0.04828771 0.07013932 0.08617902] | [0.02246157 0.02705062 0.02997541] | [0.00270364 0.00197963 0.00162985] | [0.05346672 0.07779766 0.09579028] |
|   36  | 67.80993175506592 | 359.4537811279297  | 323.1982727050781 | [0.06404481 0.09247157 0.11347452] | [0.0288017  0.0347979  0.03864269] | [0.0036371  0.00265426 0.00218352] | [0.07156025 0.10373598 0.12738718] |
+-------+-------------------+--------------------+-------------------+------------------------------------+------------------------------------+------------------------------------+------------------------------------+
epoch: 37 s: 0 batch_loss 0.48138803243637085 BPR_loss 0.42796826362609863 reg_loss 0.05341978371143341
epoch: 37 s: 256000 batch_loss 0.48469480872154236 BPR_loss 0.4326644837856293 reg_loss 0.05203032121062279
epoch: 37 s: 512000 batch_loss 0.4842115342617035 BPR_loss 0.43301236629486084 reg_loss 0.05119916796684265
epoch: 37 s: 768000 batch_loss 0.4802924394607544 BPR_loss 0.42714154720306396 reg_loss 0.053150881081819534
epoch: 37 s: 1024000 batch_loss 0.48899948596954346 BPR_loss 0.4353537857532501 reg_loss 0.05364569276571274
epoch: 37 s: 1280000 batch_loss 0.48151135444641113 BPR_loss 0.42904114723205566 reg_loss 0.052470214664936066
+-------+-------------------+-------------------+-------------------+------------------------------------+------------------------------------+------------------------------------+------------------------------------+
| Epoch |  training time(s) |   tesing time(s)  |        Loss       |               recall               |                ndcg                |             precision              |             hit_ratio              |
+-------+-------------------+-------------------+-------------------+------------------------------------+------------------------------------+------------------------------------+------------------------------------+
|   37  | 67.44021844863892 | 396.1554682254791 | 322.0124206542969 | [0.04813981 0.07016714 0.08614902] | [0.02239944 0.02702789 0.02993855] | [0.00269561 0.0019809  0.00162803] | [0.05329147 0.07788528 0.09573186] |
|   37  | 67.44021844863892 |  361.281533241272 | 322.0124206542969 | [0.06426638 0.09247305 0.11339634] | [0.02895748 0.03490818 0.0387364 ] | [0.00365246 0.00265603 0.00218208] | [0.07186752 0.10381476 0.12729264] |
+-------+-------------------+-------------------+-------------------+------------------------------------+------------------------------------+------------------------------------+------------------------------------+
epoch: 38 s: 0 batch_loss 0.4816674590110779 BPR_loss 0.4283868670463562 reg_loss 0.05328059196472168
epoch: 38 s: 256000 batch_loss 0.4860229194164276 BPR_loss 0.43369385600090027 reg_loss 0.05232905596494675
epoch: 38 s: 512000 batch_loss 0.48033300042152405 BPR_loss 0.4264293313026428 reg_loss 0.05390368029475212
epoch: 38 s: 768000 batch_loss 0.4841848909854889 BPR_loss 0.43113499879837036 reg_loss 0.05304989218711853
epoch: 38 s: 1024000 batch_loss 0.48002856969833374 BPR_loss 0.426133394241333 reg_loss 0.05389516428112984
epoch: 38 s: 1280000 batch_loss 0.4759698212146759 BPR_loss 0.423526406288147 reg_loss 0.052443426102399826
+-------+-------------------+-------------------+-----------------+------------------------------------+------------------------------------+------------------------------------+------------------------------------+
| Epoch |  training time(s) |   tesing time(s)  |       Loss      |               recall               |                ndcg                |             precision              |             hit_ratio              |
+-------+-------------------+-------------------+-----------------+------------------------------------+------------------------------------+------------------------------------+------------------------------------+
|   38  | 67.36520743370056 | 393.3806116580963 | 320.71435546875 | [0.04811782 0.07004869 0.08598153] | [0.022379   0.026983   0.02988806] | [0.00269415 0.00197798 0.00162596] | [0.05326226 0.07776845 0.09557121] |
|   38  | 67.36520743370056 | 362.3887264728546 | 320.71435546875 | [0.0639674  0.09254161 0.11331639] | [0.02887722 0.03490343 0.03870487] | [0.00363434 0.00265584 0.00217945] | [0.07153662 0.1038384  0.12711143] |
+-------+-------------------+-------------------+-----------------+------------------------------------+------------------------------------+------------------------------------+------------------------------------+
epoch: 39 s: 0 batch_loss 0.46921876072883606 BPR_loss 0.4148713946342468 reg_loss 0.05434736981987953
epoch: 39 s: 256000 batch_loss 0.4716786742210388 BPR_loss 0.41659846901893616 reg_loss 0.055080194026231766
epoch: 39 s: 512000 batch_loss 0.47496187686920166 BPR_loss 0.4215455651283264 reg_loss 0.05341630429029465
epoch: 39 s: 768000 batch_loss 0.4792373478412628 BPR_loss 0.4246593415737152 reg_loss 0.05457799509167671
epoch: 39 s: 1024000 batch_loss 0.4686475992202759 BPR_loss 0.4154632091522217 reg_loss 0.053184401243925095
epoch: 39 s: 1280000 batch_loss 0.47719529271125793 BPR_loss 0.4240957498550415 reg_loss 0.05309954285621643
+-------+-------------------+-------------------+--------------------+------------------------------------+------------------------------------+------------------------------------+------------------------------------+
| Epoch |  training time(s) |   tesing time(s)  |        Loss        |               recall               |                ndcg                |             precision              |             hit_ratio              |
+-------+-------------------+-------------------+--------------------+------------------------------------+------------------------------------+------------------------------------+------------------------------------+
|   39  | 67.37123608589172 |  389.220360994339 | 319.58843994140625 | [0.04808021 0.06990048 0.08599334] | [0.02242509 0.02700789 0.0299402 ] | [0.00269342 0.00197397 0.00162559] | [0.05326226 0.0776151  0.09555661] |
|   39  | 67.37123608589172 | 364.8708508014679 | 319.58843994140625 | [0.06389467 0.09231217 0.11328639] | [0.0288159  0.03481094 0.03864949] | [0.00362844 0.00264914 0.00217945] | [0.07141844 0.10353901 0.12706416] |
+-------+-------------------+-------------------+--------------------+------------------------------------+------------------------------------+------------------------------------+------------------------------------+
epoch: 40 s: 0 batch_loss 0.4783366918563843 BPR_loss 0.4248265027999878 reg_loss 0.05351017415523529
epoch: 40 s: 256000 batch_loss 0.4799833595752716 BPR_loss 0.4267567992210388 reg_loss 0.05322654917836189
epoch: 40 s: 512000 batch_loss 0.4690767228603363 BPR_loss 0.41460898518562317 reg_loss 0.05446774512529373
epoch: 40 s: 768000 batch_loss 0.4830022156238556 BPR_loss 0.4294884204864502 reg_loss 0.05351380258798599
epoch: 40 s: 1024000 batch_loss 0.4801004230976105 BPR_loss 0.4265841841697693 reg_loss 0.053516242653131485
epoch: 40 s: 1280000 batch_loss 0.4741218090057373 BPR_loss 0.419690877199173 reg_loss 0.05443093553185463
+-------+-------------------+-------------------+-----------------+------------------------------------+------------------------------------+------------------------------------+------------------------------------+
| Epoch |  training time(s) |   tesing time(s)  |       Loss      |               recall               |                ndcg                |             precision              |             hit_ratio              |
+-------+-------------------+-------------------+-----------------+------------------------------------+------------------------------------+------------------------------------+------------------------------------+
|   40  | 67.20155954360962 | 395.5522096157074 | 318.33740234375 | [0.04796344 0.06977086 0.0858191 ] | [0.02234094 0.02692091 0.02984615] | [0.00268575 0.00196959 0.00162267] | [0.05312352 0.07746906 0.09542517] |
|   40  | 67.20155954360962 |  365.682514667511 | 318.33740234375 | [0.06396787 0.09233278 0.11321363] | [0.02885175 0.03483436 0.03865842] | [0.00363198 0.00264934 0.00217945] | [0.07150511 0.10356265 0.12714295] |
+-------+-------------------+-------------------+-----------------+------------------------------------+------------------------------------+------------------------------------+------------------------------------+
Early stopping is trigger at step: 10 log:0.06396787419796088
early stopping at 40, recall@20:0.0644
