Namespace(K=1, Ks='[20, 40, 60]', alpha=0.3, batch_size=2048, batch_test_flag=True, context_hops=3, cuda=True, data_path='data/', dataset='amazon', dim=64, edge_dropout=False, edge_dropout_rate=0.1, epoch=1000, gnn='lightgcn', gpu_id=2, l2=0.001, lr=0.001, mess_dropout=False, mess_dropout_rate=0.1, n_negs=16, neg_mix_num=1, ns='mixgcf', out_dir='./weights/yelp2018/', pool='mean', save=False, test_batch_size=2048, test_flag='part')
reading train and test user-item set ...
building the adj mat ...
loading over ...
卷积器不需要第0层embedding
拿这个最难的neg_item去和pos_item在每一个维度上进行softmax自适应权重,引入alpha超参数来控制模型倾向......
start training ...
epoch: 0 s: 0 batch_loss 0.6931477189064026 BPR_loss 0.6931475400924683 reg_loss 1.845443904358035e-07
epoch: 0 s: 256000 batch_loss 0.6911723613739014 BPR_loss 0.6905169486999512 reg_loss 0.0006553895073011518
epoch: 0 s: 512000 batch_loss 0.6824635863304138 BPR_loss 0.6782024502754211 reg_loss 0.00426114397123456
epoch: 0 s: 768000 batch_loss 0.6746982336044312 BPR_loss 0.6671615839004517 reg_loss 0.007536676712334156
epoch: 0 s: 1024000 batch_loss 0.6713491678237915 BPR_loss 0.662806510925293 reg_loss 0.00854266807436943
epoch: 0 s: 1280000 batch_loss 0.6654132604598999 BPR_loss 0.6553564071655273 reg_loss 0.010056856088340282
+-------+--------------------+--------------------+-------------------+------------------------------------+------------------------------------+------------------------------------+------------------------------------+
| Epoch |  training time(s)  |   tesing time(s)   |        Loss       |               recall               |                ndcg                |             precision              |             hit_ratio              |
+-------+--------------------+--------------------+-------------------+------------------------------------+------------------------------------+------------------------------------+------------------------------------+
|   0   | 135.40702080726624 | 1180.8934473991394 | 452.5283508300781 | [0.02835475 0.05070537 0.064721  ] | [0.01285238 0.01754942 0.02012414] | [0.00161342 0.00145916 0.00125062] | [0.03194713 0.05761437 0.07365731] |
|   0   | 135.40702080726624 | 1087.5007243156433 | 452.5283508300781 | [0.04275827 0.05949134 0.07406064] | [0.01754736 0.02107772 0.02374407] | [0.00249118 0.00174016 0.00144662] | [0.0490987  0.06801494 0.08453611] |
+-------+--------------------+--------------------+-------------------+------------------------------------+------------------------------------+------------------------------------+------------------------------------+
epoch: 1 s: 0 batch_loss 0.6544131636619568 BPR_loss 0.643911600112915 reg_loss 0.010501583106815815
epoch: 1 s: 256000 batch_loss 0.6619548797607422 BPR_loss 0.6512131690979004 reg_loss 0.010741684585809708
epoch: 1 s: 512000 batch_loss 0.6584791541099548 BPR_loss 0.6461730599403381 reg_loss 0.012306097894906998
epoch: 1 s: 768000 batch_loss 0.6557884812355042 BPR_loss 0.6430217027664185 reg_loss 0.012766750529408455
epoch: 1 s: 1024000 batch_loss 0.6500798463821411 BPR_loss 0.6368099451065063 reg_loss 0.013269905932247639
epoch: 1 s: 1280000 batch_loss 0.6492329239845276 BPR_loss 0.6347641944885254 reg_loss 0.014468708075582981
+-------+--------------------+--------------------+-------------------+------------------------------------+------------------------------------+------------------------------------+------------------------------------+
| Epoch |  training time(s)  |   tesing time(s)   |        Loss       |               recall               |                ndcg                |             precision              |             hit_ratio              |
+-------+--------------------+--------------------+-------------------+------------------------------------+------------------------------------+------------------------------------+------------------------------------+
|   1   | 149.54675245285034 | 1197.7772281169891 | 436.2751159667969 | [0.03478729 0.05531992 0.06959153] | [0.01648054 0.02081471 0.02341689] | [0.00198437 0.00160101 0.00134251] | [0.03927124 0.063018   0.0789295 ] |
|   1   | 149.54675245285034 | 1163.8631949424744 | 436.2751159667969 | [0.04578758 0.06543774 0.08169126] | [0.01940242 0.0235366  0.0265182 ] | [0.00264087 0.0018997  0.00159053] | [0.05205313 0.07441227 0.09291094] |
+-------+--------------------+--------------------+-------------------+------------------------------------+------------------------------------+------------------------------------+------------------------------------+
epoch: 2 s: 0 batch_loss 0.6468238830566406 BPR_loss 0.6324111819267273 reg_loss 0.014412685297429562
epoch: 2 s: 256000 batch_loss 0.6452450156211853 BPR_loss 0.6304492354393005 reg_loss 0.014795752242207527
epoch: 2 s: 512000 batch_loss 0.6441614627838135 BPR_loss 0.6291908621788025 reg_loss 0.014970609918236732
epoch: 2 s: 768000 batch_loss 0.6370888352394104 BPR_loss 0.6222060918807983 reg_loss 0.014882714487612247
epoch: 2 s: 1024000 batch_loss 0.6352035999298096 BPR_loss 0.6186797618865967 reg_loss 0.01652386039495468
epoch: 2 s: 1280000 batch_loss 0.6301143169403076 BPR_loss 0.6129401922225952 reg_loss 0.0171741284430027
+-------+-------------------+--------------------+--------------------+------------------------------------+------------------------------------+------------------------------------+------------------------------------+
| Epoch |  training time(s) |   tesing time(s)   |        Loss        |               recall               |                ndcg                |             precision              |             hit_ratio              |
+-------+-------------------+--------------------+--------------------+------------------------------------+------------------------------------+------------------------------------+------------------------------------+
|   2   | 163.5714190006256 | 1219.7590918540955 | 426.61505126953125 | [0.0375392  0.05841863 0.07212576] | [0.01787431 0.02227299 0.02477848] | [0.00214539 0.00168389 0.0013907 ] | [0.04239658 0.06615064 0.08161671] |
|   2   | 163.5714190006256 | 1185.9798114299774 | 426.61505126953125 | [0.04834011 0.07057683 0.08754359] | [0.02101656 0.02570609 0.02881707] | [0.00278268 0.00204072 0.00169755] | [0.0548106  0.08002174 0.09930827] |
+-------+-------------------+--------------------+--------------------+------------------------------------+------------------------------------+------------------------------------+------------------------------------+
epoch: 3 s: 0 batch_loss 0.6268555521965027 BPR_loss 0.6083946228027344 reg_loss 0.018460944294929504
epoch: 3 s: 256000 batch_loss 0.6202622652053833 BPR_loss 0.6024984121322632 reg_loss 0.01776384748518467
epoch: 3 s: 512000 batch_loss 0.6261974573135376 BPR_loss 0.6076048016548157 reg_loss 0.018592629581689835
epoch: 3 s: 768000 batch_loss 0.6290929913520813 BPR_loss 0.6113169193267822 reg_loss 0.01777607761323452
epoch: 3 s: 1024000 batch_loss 0.6225354671478271 BPR_loss 0.6037430763244629 reg_loss 0.018792401999235153
epoch: 3 s: 1280000 batch_loss 0.6256787180900574 BPR_loss 0.6070573925971985 reg_loss 0.01862131990492344
+-------+--------------------+--------------------+-------------------+------------------------------------+------------------------------------+------------------------------------+------------------------------------+
| Epoch |  training time(s)  |   tesing time(s)   |        Loss       |               recall               |                ndcg                |             precision              |             hit_ratio              |
+-------+--------------------+--------------------+-------------------+------------------------------------+------------------------------------+------------------------------------+------------------------------------+
|   3   | 124.56485652923584 | 1159.5395367145538 | 417.8551025390625 | [0.03985976 0.06028237 0.0754094 ] | [0.01905228 0.02336106 0.0261229 ] | [0.00227792 0.00173446 0.00144924] | [0.04495235 0.06792508 0.08493921] |
|   3   | 124.56485652923584 | 1158.7377588748932 | 417.8551025390625 | [0.05118131 0.07408474 0.09135332] | [0.0221825  0.02700729 0.03016604] | [0.00293749 0.00213802 0.00176452] | [0.05785957 0.08376402 0.10330266] |
+-------+--------------------+--------------------+-------------------+------------------------------------+------------------------------------+------------------------------------+------------------------------------+
epoch: 4 s: 0 batch_loss 0.6221566200256348 BPR_loss 0.6027646660804749 reg_loss 0.019391970708966255
epoch: 4 s: 256000 batch_loss 0.6112097501754761 BPR_loss 0.590141773223877 reg_loss 0.02106795459985733
epoch: 4 s: 512000 batch_loss 0.6097729802131653 BPR_loss 0.5900214314460754 reg_loss 0.019751550629734993
epoch: 4 s: 768000 batch_loss 0.6138313412666321 BPR_loss 0.5927485823631287 reg_loss 0.021082773804664612
epoch: 4 s: 1024000 batch_loss 0.6021345257759094 BPR_loss 0.5806288719177246 reg_loss 0.02150564081966877
epoch: 4 s: 1280000 batch_loss 0.6122440099716187 BPR_loss 0.591105043888092 reg_loss 0.021138962358236313
+-------+--------------------+--------------------+----------------+------------------------------------+------------------------------------+------------------------------------+------------------------------------+
| Epoch |  training time(s)  |   tesing time(s)   |      Loss      |               recall               |                ndcg                |             precision              |             hit_ratio              |
+-------+--------------------+--------------------+----------------+------------------------------------+------------------------------------+------------------------------------+------------------------------------+
|   4   | 122.09761834144592 | 1186.6376659870148 | 409.4482421875 | [0.04143617 0.06223338 0.07805059] | [0.01983987 0.02421765 0.02710233] | [0.00236263 0.00178703 0.00149659] | [0.04662456 0.06994049 0.08768484] |
|   4   | 122.09761834144592 | 1219.6581099033356 | 409.4482421875 | [0.05252245 0.07659899 0.09511588] | [0.02295732 0.02803386 0.03141288] | [0.003008   0.00220854 0.00183253] | [0.0592777  0.08657664 0.10724978] |
+-------+--------------------+--------------------+----------------+------------------------------------+------------------------------------+------------------------------------+------------------------------------+
epoch: 5 s: 0 batch_loss 0.6055377721786499 BPR_loss 0.5841172933578491 reg_loss 0.02142050489783287
epoch: 5 s: 256000 batch_loss 0.600424587726593 BPR_loss 0.5770111083984375 reg_loss 0.023413490504026413
epoch: 5 s: 512000 batch_loss 0.6020457148551941 BPR_loss 0.5784658193588257 reg_loss 0.02357991598546505
epoch: 5 s: 768000 batch_loss 0.5994748473167419 BPR_loss 0.5764991044998169 reg_loss 0.022975750267505646
epoch: 5 s: 1024000 batch_loss 0.5924057960510254 BPR_loss 0.5691444873809814 reg_loss 0.023261316120624542
epoch: 5 s: 1280000 batch_loss 0.5900665521621704 BPR_loss 0.5672730803489685 reg_loss 0.022793469950556755
+-------+--------------------+--------------------+-------------------+------------------------------------+------------------------------------+------------------------------------+------------------------------------+
| Epoch |  training time(s)  |   tesing time(s)   |        Loss       |               recall               |                ndcg                |             precision              |             hit_ratio              |
+-------+--------------------+--------------------+-------------------+------------------------------------+------------------------------------+------------------------------------+------------------------------------+
|   5   | 111.74225974082947 | 1198.1064665317535 | 401.2507019042969 | [0.04289854 0.06410269 0.08010679] | [0.02022732 0.02468953 0.02760767] | [0.00243565 0.00183596 0.00153285] | [0.04803388 0.07194859 0.08983899] |
|   5   | 111.74225974082947 | 1205.506689786911  | 401.2507019042969 | [0.05398599 0.07911123 0.09816367] | [0.02375536 0.02905157 0.03253706] | [0.00308403 0.00227924 0.00189399] | [0.06070371 0.08929472 0.1106848 ] |
+-------+--------------------+--------------------+-------------------+------------------------------------+------------------------------------+------------------------------------+------------------------------------+
epoch: 6 s: 0 batch_loss 0.5847947597503662 BPR_loss 0.560096025466919 reg_loss 0.024698706343770027
epoch: 6 s: 256000 batch_loss 0.5938044190406799 BPR_loss 0.5696903467178345 reg_loss 0.02411407046020031
epoch: 6 s: 512000 batch_loss 0.582086980342865 BPR_loss 0.5563616752624512 reg_loss 0.02572530321776867
epoch: 6 s: 768000 batch_loss 0.5984768271446228 BPR_loss 0.5740208029747009 reg_loss 0.024456031620502472
epoch: 6 s: 1024000 batch_loss 0.5932310223579407 BPR_loss 0.5686479806900024 reg_loss 0.02458304353058338
epoch: 6 s: 1280000 batch_loss 0.5756748914718628 BPR_loss 0.5494414567947388 reg_loss 0.026233457028865814
+-------+--------------------+--------------------+--------------------+------------------------------------+------------------------------------+------------------------------------+------------------------------------+
| Epoch |  training time(s)  |   tesing time(s)   |        Loss        |               recall               |                ndcg                |             precision              |             hit_ratio              |
+-------+--------------------+--------------------+--------------------+------------------------------------+------------------------------------+------------------------------------+------------------------------------+
|   6   | 112.94460153579712 | 1265.8087141513824 | 393.59637451171875 | [0.04345484 0.06522729 0.08148451] | [0.02036327 0.02494351 0.02790308] | [0.00246486 0.00186407 0.00155537] | [0.04861076 0.07308043 0.09115338] |
|   6   | 112.94460153579712 | 1234.3891246318817 | 393.59637451171875 | [0.05525568 0.08082387 0.10006394] | [0.02447621 0.02987383 0.03339292] | [0.00315139 0.00232868 0.0019301 ] | [0.06195638 0.09114616 0.11270169] |
+-------+--------------------+--------------------+--------------------+------------------------------------+------------------------------------+------------------------------------+------------------------------------+
epoch: 7 s: 0 batch_loss 0.571843683719635 BPR_loss 0.5455416440963745 reg_loss 0.026302067562937737
epoch: 7 s: 256000 batch_loss 0.5800530314445496 BPR_loss 0.5538750290870667 reg_loss 0.026177989318966866
epoch: 7 s: 512000 batch_loss 0.590162992477417 BPR_loss 0.5650113224983215 reg_loss 0.025151671841740608
epoch: 7 s: 768000 batch_loss 0.5817936658859253 BPR_loss 0.5557454824447632 reg_loss 0.026048168540000916
epoch: 7 s: 1024000 batch_loss 0.5711804032325745 BPR_loss 0.5441306829452515 reg_loss 0.027049731463193893
epoch: 7 s: 1280000 batch_loss 0.5822897553443909 BPR_loss 0.5557371973991394 reg_loss 0.026552533730864525
+-------+--------------------+--------------------+-------------------+------------------------------------+------------------------------------+------------------------------------+------------------------------------+
| Epoch |  training time(s)  |   tesing time(s)   |        Loss       |               recall               |                ndcg                |             precision              |             hit_ratio              |
+-------+--------------------+--------------------+-------------------+------------------------------------+------------------------------------+------------------------------------+------------------------------------+
|   7   | 137.35322952270508 | 1250.8088636398315 | 385.7847900390625 | [0.04443991 0.06609794 0.08266152] | [0.02070748 0.02526547 0.02827915] | [0.0025167  0.00188707 0.00157496] | [0.04965497 0.0739786  0.09235094] |
|   7   | 137.35322952270508 | 1199.253170967102  | 385.7847900390625 | [0.05667855 0.08228037 0.10238337] | [0.02521638 0.03062119 0.03429206] | [0.00323372 0.00237004 0.00197198] | [0.06351632 0.09269034 0.1151519 ] |
+-------+--------------------+--------------------+-------------------+------------------------------------+------------------------------------+------------------------------------+------------------------------------+
epoch: 8 s: 0 batch_loss 0.5768624544143677 BPR_loss 0.5489118099212646 reg_loss 0.027950620278716087
epoch: 8 s: 256000 batch_loss 0.575356125831604 BPR_loss 0.5472990274429321 reg_loss 0.028057074174284935
epoch: 8 s: 512000 batch_loss 0.5754762291908264 BPR_loss 0.5487104654312134 reg_loss 0.026765789836645126
epoch: 8 s: 768000 batch_loss 0.5715391635894775 BPR_loss 0.5431022644042969 reg_loss 0.028436891734600067
epoch: 8 s: 1024000 batch_loss 0.577782154083252 BPR_loss 0.5493130087852478 reg_loss 0.028469143435359
epoch: 8 s: 1280000 batch_loss 0.5565504431724548 BPR_loss 0.5268265008926392 reg_loss 0.02972395345568657
+-------+--------------------+--------------------+-------------------+------------------------------------+------------------------------------+------------------------------------+------------------------------------+
| Epoch |  training time(s)  |   tesing time(s)   |        Loss       |               recall               |                ndcg                |             precision              |             hit_ratio              |
+-------+--------------------+--------------------+-------------------+------------------------------------+------------------------------------+------------------------------------+------------------------------------+
|   8   | 130.40146851539612 | 1253.3159322738647 | 378.0000915527344 | [0.0449686  0.06724865 0.0838381 ] | [0.02083993 0.02552247 0.02854569] | [0.0025408  0.00191482 0.00159602] | [0.05015882 0.07505933 0.09362883] |
|   8   | 130.40146851539612 | 1233.709866285324  | 378.0000915527344 | [0.05736089 0.08365824 0.10340491] | [0.02533108 0.03088092 0.03449447] | [0.00326878 0.00240609 0.00199312] | [0.06413872 0.09406908 0.1163573 ] |
+-------+--------------------+--------------------+-------------------+------------------------------------+------------------------------------+------------------------------------+------------------------------------+
epoch: 9 s: 0 batch_loss 0.5733542442321777 BPR_loss 0.544849693775177 reg_loss 0.028504548594355583
epoch: 9 s: 256000 batch_loss 0.5621355175971985 BPR_loss 0.5316929221153259 reg_loss 0.030442586168646812
epoch: 9 s: 512000 batch_loss 0.5554935932159424 BPR_loss 0.5261380672454834 reg_loss 0.02935551293194294
epoch: 9 s: 768000 batch_loss 0.5518268346786499 BPR_loss 0.5217653512954712 reg_loss 0.0300615131855011
epoch: 9 s: 1024000 batch_loss 0.5467130541801453 BPR_loss 0.5165711641311646 reg_loss 0.030141865834593773
epoch: 9 s: 1280000 batch_loss 0.5600159168243408 BPR_loss 0.5292580723762512 reg_loss 0.03075784631073475
+-------+--------------------+--------------------+-----------------+------------------------------------+------------------------------------+------------------------------------+------------------------------------+
| Epoch |  training time(s)  |   tesing time(s)   |       Loss      |               recall               |                ndcg                |             precision              |             hit_ratio              |
+-------+--------------------+--------------------+-----------------+------------------------------------+------------------------------------+------------------------------------+------------------------------------+
|   9   | 121.01293778419495 | 1312.1193718910217 | 370.25048828125 | [0.04543406 0.06789511 0.08425206] | [0.02110721 0.02583314 0.02880841] | [0.0025638  0.00193271 0.00160089] | [0.05064807 0.07580415 0.09395743] |
|   9   | 121.01293778419495 | 1238.3079800605774 | 370.25048828125 | [0.05864996 0.08496194 0.10505902] | [0.02606951 0.0316154  0.03529151] | [0.00333811 0.00244154 0.00202254] | [0.06548594 0.09546357 0.11812996] |
+-------+--------------------+--------------------+-----------------+------------------------------------+------------------------------------+------------------------------------+------------------------------------+
epoch: 10 s: 0 batch_loss 0.5545215010643005 BPR_loss 0.5239638686180115 reg_loss 0.03055763617157936
epoch: 10 s: 256000 batch_loss 0.5415253639221191 BPR_loss 0.5106872320175171 reg_loss 0.030838141217827797
epoch: 10 s: 512000 batch_loss 0.5418046116828918 BPR_loss 0.5099774599075317 reg_loss 0.031827133148908615
epoch: 10 s: 768000 batch_loss 0.5361230969429016 BPR_loss 0.5041418671607971 reg_loss 0.03198123350739479
epoch: 10 s: 1024000 batch_loss 0.5491876602172852 BPR_loss 0.5178059339523315 reg_loss 0.03138173744082451
epoch: 10 s: 1280000 batch_loss 0.5395833849906921 BPR_loss 0.5074834823608398 reg_loss 0.03209992125630379
+-------+--------------------+--------------------+-------------------+------------------------------------+------------------------------------+------------------------------------+------------------------------------+
| Epoch |  training time(s)  |   tesing time(s)   |        Loss       |               recall               |                ndcg                |             precision              |             hit_ratio              |
+-------+--------------------+--------------------+-------------------+------------------------------------+------------------------------------+------------------------------------+------------------------------------+
|   10  | 140.15795731544495 | 1268.4098732471466 | 362.2331237792969 | [0.04604085 0.06835701 0.08448799] | [0.0213141  0.02601165 0.02894988] | [0.00259411 0.00194385 0.00160502] | [0.05129066 0.07623498 0.09416189] |
|   10  | 140.15795731544495 | 1233.1720929145813 | 362.2331237792969 | [0.05908909 0.08647796 0.10610096] | [0.02637899 0.03214553 0.03573847] | [0.00335978 0.00248192 0.00204171] | [0.0659035  0.09698412 0.11920932] |
+-------+--------------------+--------------------+-------------------+------------------------------------+------------------------------------+------------------------------------+------------------------------------+
epoch: 11 s: 0 batch_loss 0.5324628353118896 BPR_loss 0.49891042709350586 reg_loss 0.033552385866642
epoch: 11 s: 256000 batch_loss 0.5297741889953613 BPR_loss 0.49641910195350647 reg_loss 0.03335508704185486
epoch: 11 s: 512000 batch_loss 0.5240122079849243 BPR_loss 0.4902406334877014 reg_loss 0.03377154469490051
epoch: 11 s: 768000 batch_loss 0.5368494987487793 BPR_loss 0.5029948949813843 reg_loss 0.03385460376739502
epoch: 11 s: 1024000 batch_loss 0.5255629420280457 BPR_loss 0.4910200238227844 reg_loss 0.03454289957880974
epoch: 11 s: 1280000 batch_loss 0.5158390998840332 BPR_loss 0.4807778298854828 reg_loss 0.03506126627326012
+-------+-------------------+--------------------+--------------------+------------------------------------+------------------------------------+------------------------------------+------------------------------------+
| Epoch |  training time(s) |   tesing time(s)   |        Loss        |               recall               |                ndcg                |             precision              |             hit_ratio              |
+-------+-------------------+--------------------+--------------------+------------------------------------+------------------------------------+------------------------------------+------------------------------------+
|   11  | 144.7930257320404 | 1185.569172859192  | 354.38360595703125 | [0.04636389 0.0689047  0.08531491] | [0.02140684 0.02614895 0.02914028] | [0.00260944 0.00195589 0.0016206 ] | [0.05161196 0.07670233 0.09506736] |
|   11  | 144.7930257320404 | 1229.5543854236603 | 354.38360595703125 | [0.05955538 0.08728498 0.10724585] | [0.02662962 0.03247001 0.0361251 ] | [0.00338775 0.00250319 0.00206285] | [0.06642348 0.09789802 0.12047775] |
+-------+-------------------+--------------------+--------------------+------------------------------------+------------------------------------+------------------------------------+------------------------------------+
epoch: 12 s: 0 batch_loss 0.5326585173606873 BPR_loss 0.4981009364128113 reg_loss 0.03455756977200508
epoch: 12 s: 256000 batch_loss 0.5185420513153076 BPR_loss 0.4828190207481384 reg_loss 0.03572302684187889
epoch: 12 s: 512000 batch_loss 0.5158064961433411 BPR_loss 0.480203777551651 reg_loss 0.03560270741581917
epoch: 12 s: 768000 batch_loss 0.5178702473640442 BPR_loss 0.4826442003250122 reg_loss 0.03522607311606407
epoch: 12 s: 1024000 batch_loss 0.5158288478851318 BPR_loss 0.4795685410499573 reg_loss 0.03626033663749695
epoch: 12 s: 1280000 batch_loss 0.5055750608444214 BPR_loss 0.4690214991569519 reg_loss 0.03655353933572769
+-------+--------------------+--------------------+--------------------+------------------------------------+------------------------------------+------------------------------------+------------------------------------+
| Epoch |  training time(s)  |   tesing time(s)   |        Loss        |               recall               |                ndcg                |             precision              |             hit_ratio              |
+-------+--------------------+--------------------+--------------------+------------------------------------+------------------------------------+------------------------------------+------------------------------------+
|   12  | 127.84766292572021 | 1255.6181404590607 | 346.38800048828125 | [0.04659281 0.06886337 0.08541429] | [0.02140602 0.02609405 0.02911113] | [0.00261492 0.00195261 0.00162072] | [0.0517434  0.07659279 0.09503815] |
|   12  | 127.84766292572021 | 1225.8443505764008 | 346.38800048828125 | [0.06054284 0.08809476 0.10824366] | [0.02717212 0.03297111 0.03666126] | [0.00344053 0.00252486 0.00208202] | [0.06752647 0.09873314 0.1215965 ] |
+-------+--------------------+--------------------+--------------------+------------------------------------+------------------------------------+------------------------------------+------------------------------------+
epoch: 13 s: 0 batch_loss 0.5133429765701294 BPR_loss 0.4766392409801483 reg_loss 0.036703746765851974
epoch: 13 s: 256000 batch_loss 0.5090296864509583 BPR_loss 0.47322726249694824 reg_loss 0.035802438855171204
epoch: 13 s: 512000 batch_loss 0.5073854923248291 BPR_loss 0.4715591371059418 reg_loss 0.035826362669467926
epoch: 13 s: 768000 batch_loss 0.5051234364509583 BPR_loss 0.4678139090538025 reg_loss 0.03730952739715576
epoch: 13 s: 1024000 batch_loss 0.502040684223175 BPR_loss 0.4641912877559662 reg_loss 0.03784937411546707
epoch: 13 s: 1280000 batch_loss 0.5033590197563171 BPR_loss 0.4650978744029999 reg_loss 0.03826115280389786
+-------+--------------------+--------------------+------------------+------------------------------------+------------------------------------+------------------------------------+------------------------------------+
| Epoch |  training time(s)  |   tesing time(s)   |       Loss       |               recall               |                ndcg                |             precision              |             hit_ratio              |
+-------+--------------------+--------------------+------------------+------------------------------------+------------------------------------+------------------------------------+------------------------------------+
|   13  | 132.06961178779602 | 1213.0809733867645 | 338.064208984375 | [0.04709419 0.0690492  0.08593935] | [0.02167831 0.02629513 0.02937645] | [0.00264486 0.00195462 0.00163034] | [0.05230567 0.07670233 0.09560042] |
|   13  | 132.06961178779602 | 1171.1656818389893 | 338.064208984375 | [0.06084086 0.0886596  0.1090745 ] | [0.02736485 0.03321528 0.03695008] | [0.00345747 0.00254101 0.0020962 ] | [0.06788888 0.0993713  0.12240798] |
+-------+--------------------+--------------------+------------------+------------------------------------+------------------------------------+------------------------------------+------------------------------------+
epoch: 14 s: 0 batch_loss 0.48995450139045715 BPR_loss 0.45124611258506775 reg_loss 0.0387083999812603
epoch: 14 s: 256000 batch_loss 0.500264048576355 BPR_loss 0.46162059903144836 reg_loss 0.03864342346787453
epoch: 14 s: 512000 batch_loss 0.5090578198432922 BPR_loss 0.4700796604156494 reg_loss 0.038978155702352524
epoch: 14 s: 768000 batch_loss 0.48630863428115845 BPR_loss 0.44718411564826965 reg_loss 0.039124518632888794
epoch: 14 s: 1024000 batch_loss 0.48567527532577515 BPR_loss 0.4461076855659485 reg_loss 0.03956759721040726
epoch: 14 s: 1280000 batch_loss 0.490792453289032 BPR_loss 0.4520631730556488 reg_loss 0.03872926905751228
+-------+--------------------+--------------------+--------------------+------------------------------------+------------------------------------+------------------------------------+------------------------------------+
| Epoch |  training time(s)  |   tesing time(s)   |        Loss        |               recall               |                ndcg                |             precision              |             hit_ratio              |
+-------+--------------------+--------------------+--------------------+------------------------------------+------------------------------------+------------------------------------+------------------------------------+
|   14  | 125.64357852935791 | 1266.1953027248383 | 329.82757568359375 | [0.04732155 0.06951198 0.08591166] | [0.02174746 0.02641389 0.029405  ] | [0.00265143 0.00196484 0.00162803] | [0.05251013 0.07714776 0.09544708] |
|   14  | 125.64357852935791 |  1220.88028550148  | 329.82757568359375 | [0.06106992 0.08900469 0.10988481] | [0.02749907 0.03338249 0.03719933] | [0.00346614 0.00255066 0.00211038] | [0.0681016  0.09974946 0.12327461] |
+-------+--------------------+--------------------+--------------------+------------------------------------+------------------------------------+------------------------------------+------------------------------------+
epoch: 15 s: 0 batch_loss 0.47771620750427246 BPR_loss 0.43795809149742126 reg_loss 0.039758116006851196
epoch: 15 s: 256000 batch_loss 0.4707960784435272 BPR_loss 0.4302467107772827 reg_loss 0.040549375116825104
epoch: 15 s: 512000 batch_loss 0.48908254504203796 BPR_loss 0.4505314826965332 reg_loss 0.038551054894924164
epoch: 15 s: 768000 batch_loss 0.485470175743103 BPR_loss 0.4445834755897522 reg_loss 0.040886688977479935
epoch: 15 s: 1024000 batch_loss 0.47054359316825867 BPR_loss 0.4280763566493988 reg_loss 0.04246722534298897
epoch: 15 s: 1280000 batch_loss 0.47748708724975586 BPR_loss 0.43700888752937317 reg_loss 0.0404781848192215
+-------+-------------------+--------------------+-------------------+------------------------------------+------------------------------------+------------------------------------+------------------------------------+
| Epoch |  training time(s) |   tesing time(s)   |        Loss       |               recall               |                ndcg                |             precision              |             hit_ratio              |
+-------+-------------------+--------------------+-------------------+------------------------------------+------------------------------------+------------------------------------+------------------------------------+
|   15  | 128.7619433403015 | 1241.4092791080475 | 321.7644958496094 | [0.04748758 0.0697246  0.08583072] | [0.02190238 0.0265798  0.02951921] | [0.00266238 0.00197178 0.00162705] | [0.0527292  0.07741794 0.09538136] |
|   15  | 128.7619433403015 | 1144.562548160553  | 321.7644958496094 | [0.06142798 0.08969893 0.1105375 ] | [0.02773461 0.03368778 0.03750065] | [0.00348623 0.00257035 0.00212364] | [0.06849553 0.10052156 0.12403883] |
+-------+-------------------+--------------------+-------------------+------------------------------------+------------------------------------+------------------------------------+------------------------------------+
epoch: 16 s: 0 batch_loss 0.46687713265419006 BPR_loss 0.42576199769973755 reg_loss 0.04111512750387192
epoch: 16 s: 256000 batch_loss 0.4715555012226105 BPR_loss 0.42979711294174194 reg_loss 0.04175839200615883
epoch: 16 s: 512000 batch_loss 0.4674359858036041 BPR_loss 0.42493778467178345 reg_loss 0.04249819740653038
epoch: 16 s: 768000 batch_loss 0.4628775119781494 BPR_loss 0.420173704624176 reg_loss 0.04270382225513458
epoch: 16 s: 1024000 batch_loss 0.4711267650127411 BPR_loss 0.4287903904914856 reg_loss 0.04233637452125549
epoch: 16 s: 1280000 batch_loss 0.46772050857543945 BPR_loss 0.42536139488220215 reg_loss 0.042359109967947006
+-------+--------------------+--------------------+-----------------+------------------------------------+------------------------------------+------------------------------------+------------------------------------+
| Epoch |  training time(s)  |   tesing time(s)   |       Loss      |               recall               |                ndcg                |             precision              |             hit_ratio              |
+-------+--------------------+--------------------+-----------------+------------------------------------+------------------------------------+------------------------------------+------------------------------------+
|   16  | 139.03579092025757 | 1082.3462073802948 | 313.87939453125 | [0.04737857 0.06969056 0.08569205] | [0.02189822 0.02659085 0.02951078] | [0.00265216 0.00196904 0.00162291] | [0.05253204 0.07733762 0.09524262] |
|   16  | 139.03579092025757 | 999.2474014759064  | 313.87939453125 | [0.06194517 0.09007129 0.11123182] | [0.02802867 0.03395353 0.03782553] | [0.00351774 0.00258296 0.00213691] | [0.06910217 0.10099426 0.12483455] |
+-------+--------------------+--------------------+-----------------+------------------------------------+------------------------------------+------------------------------------+------------------------------------+
epoch: 17 s: 0 batch_loss 0.4556071162223816 BPR_loss 0.4124572277069092 reg_loss 0.043149903416633606
epoch: 17 s: 256000 batch_loss 0.456734299659729 BPR_loss 0.41296839714050293 reg_loss 0.04376590996980667
epoch: 17 s: 512000 batch_loss 0.45455577969551086 BPR_loss 0.41126447916030884 reg_loss 0.04329128935933113
epoch: 17 s: 768000 batch_loss 0.4513814151287079 BPR_loss 0.4072399139404297 reg_loss 0.0441414900124073
epoch: 17 s: 1024000 batch_loss 0.4634666442871094 BPR_loss 0.4203406274318695 reg_loss 0.043126024305820465
epoch: 17 s: 1280000 batch_loss 0.45413827896118164 BPR_loss 0.4097733497619629 reg_loss 0.04436493292450905
+-------+-------------------+-------------------+--------------------+------------------------------------+------------------------------------+------------------------------------+------------------------------------+
| Epoch |  training time(s) |   tesing time(s)  |        Loss        |               recall               |                ndcg                |             precision              |             hit_ratio              |
+-------+-------------------+-------------------+--------------------+------------------------------------+------------------------------------+------------------------------------+------------------------------------+
|   17  | 108.5343029499054 | 965.8747477531433 | 306.30047607421875 | [0.04756818 0.06972601 0.08580337] | [0.02203519 0.02669711 0.02963039] | [0.00266129 0.00197013 0.00162437] | [0.0527219  0.07738873 0.09535215] |
|   17  | 108.5343029499054 | 816.4659340381622 | 306.30047607421875 | [0.0622043  0.09037765 0.1116149 ] | [0.02812317 0.03405588 0.03794025] | [0.00353311 0.00259182 0.00214374] | [0.06948821 0.10132516 0.12525999] |
+-------+-------------------+-------------------+--------------------+------------------------------------+------------------------------------+------------------------------------+------------------------------------+
epoch: 18 s: 0 batch_loss 0.470366507768631 BPR_loss 0.4258440136909485 reg_loss 0.0445224829018116
epoch: 18 s: 256000 batch_loss 0.4436882734298706 BPR_loss 0.39938634634017944 reg_loss 0.04430191218852997
epoch: 18 s: 512000 batch_loss 0.45526790618896484 BPR_loss 0.41016554832458496 reg_loss 0.04510236904025078
epoch: 18 s: 768000 batch_loss 0.45289453864097595 BPR_loss 0.4082775115966797 reg_loss 0.04461703076958656
epoch: 18 s: 1024000 batch_loss 0.43884751200675964 BPR_loss 0.39252346754074097 reg_loss 0.04632405564188957
epoch: 18 s: 1280000 batch_loss 0.4435965418815613 BPR_loss 0.39765703678131104 reg_loss 0.04593951627612114
+-------+--------------------+-------------------+-------------------+------------------------------------+------------------------------------+------------------------------------+------------------------------------+
| Epoch |  training time(s)  |   tesing time(s)  |        Loss       |               recall               |                ndcg                |             precision              |             hit_ratio              |
+-------+--------------------+-------------------+-------------------+------------------------------------+------------------------------------+------------------------------------+------------------------------------+
|   18  | 106.44448590278625 | 838.7189757823944 | 299.0214538574219 | [0.04766097 0.0697127  0.08576871] | [0.02208153 0.02671662 0.0296481 ] | [0.00266348 0.00196758 0.00162425] | [0.0527365  0.07733762 0.09533754] |
|   18  | 106.44448590278625 | 813.1157894134521 | 299.0214538574219 | [0.06209825 0.09050953 0.11169669] | [0.02813008 0.03411163 0.03798673] | [0.00352759 0.00259438 0.00214505] | [0.06933064 0.1014197  0.1253309 ] |
+-------+--------------------+-------------------+-------------------+------------------------------------+------------------------------------+------------------------------------+------------------------------------+
epoch: 19 s: 0 batch_loss 0.44617968797683716 BPR_loss 0.40094301104545593 reg_loss 0.04523666575551033
epoch: 19 s: 256000 batch_loss 0.4416173994541168 BPR_loss 0.39422670006752014 reg_loss 0.047390688210725784
epoch: 19 s: 512000 batch_loss 0.43538835644721985 BPR_loss 0.3884425759315491 reg_loss 0.04694578796625137
epoch: 19 s: 768000 batch_loss 0.4389016330242157 BPR_loss 0.39148837327957153 reg_loss 0.04741325229406357
epoch: 19 s: 1024000 batch_loss 0.4434712529182434 BPR_loss 0.39553797245025635 reg_loss 0.04793328419327736
epoch: 19 s: 1280000 batch_loss 0.43170687556266785 BPR_loss 0.38431745767593384 reg_loss 0.04738941043615341
+-------+--------------------+-------------------+------------------+------------------------------------+------------------------------------+------------------------------------+------------------------------------+
| Epoch |  training time(s)  |   tesing time(s)  |       Loss       |               recall               |                ndcg                |             precision              |             hit_ratio              |
+-------+--------------------+-------------------+------------------+------------------------------------+------------------------------------+------------------------------------+------------------------------------+
|   19  | 110.69860792160034 | 749.5896759033203 | 292.164306640625 | [0.047385   0.0696873  0.08528267] | [0.02191562 0.02660106 0.02944936] | [0.00264486 0.00196521 0.0016133 ] | [0.0523933  0.07725729 0.09475337] |
|   19  | 110.69860792160034 | 735.1619806289673 | 292.164306640625 | [0.06230349 0.09066691 0.11192061] | [0.02822296 0.03419691 0.038085  ] | [0.00353744 0.00259872 0.00215017] | [0.06953548 0.10158515 0.12556725] |
+-------+--------------------+-------------------+------------------+------------------------------------+------------------------------------+------------------------------------+------------------------------------+
epoch: 20 s: 0 batch_loss 0.4333939254283905 BPR_loss 0.3869285583496094 reg_loss 0.04646536707878113
epoch: 20 s: 256000 batch_loss 0.4201807379722595 BPR_loss 0.3724782466888428 reg_loss 0.04770248383283615
epoch: 20 s: 512000 batch_loss 0.42878758907318115 BPR_loss 0.38099148869514465 reg_loss 0.0477961003780365
epoch: 20 s: 768000 batch_loss 0.431233286857605 BPR_loss 0.38352125883102417 reg_loss 0.04771201312541962
epoch: 20 s: 1024000 batch_loss 0.43386635184288025 BPR_loss 0.3855223059654236 reg_loss 0.04834405705332756
epoch: 20 s: 1280000 batch_loss 0.4343964755535126 BPR_loss 0.38629475235939026 reg_loss 0.04810171201825142
+-------+-------------------+-------------------+-------------------+------------------------------------+------------------------------------+------------------------------------+------------------------------------+
| Epoch |  training time(s) |   tesing time(s)  |        Loss       |               recall               |                ndcg                |             precision              |             hit_ratio              |
+-------+-------------------+-------------------+-------------------+------------------------------------+------------------------------------+------------------------------------+------------------------------------+
|   20  | 96.60419297218323 | 689.5710952281952 | 285.2947998046875 | [0.047275   0.06934183 0.08522917] | [0.02184117 0.02647956 0.02937623] | [0.00263938 0.00195498 0.00161074] | [0.05228376 0.07686297 0.09462923] |
|   20  | 96.60419297218323 | 640.8039016723633 | 285.2947998046875 | [0.06234056 0.09100263 0.11219171] | [0.0283158  0.03435804 0.03823669] | [0.00353704 0.00260896 0.00215608] | [0.06955912 0.10200271 0.1259139 ] |
+-------+-------------------+-------------------+-------------------+------------------------------------+------------------------------------+------------------------------------+------------------------------------+
epoch: 21 s: 0 batch_loss 0.42799389362335205 BPR_loss 0.3793651759624481 reg_loss 0.04862871766090393
epoch: 21 s: 256000 batch_loss 0.41373538970947266 BPR_loss 0.36470916867256165 reg_loss 0.049026232212781906
epoch: 21 s: 512000 batch_loss 0.42663809657096863 BPR_loss 0.37807273864746094 reg_loss 0.04856535792350769
epoch: 21 s: 768000 batch_loss 0.4144386649131775 BPR_loss 0.3643626570701599 reg_loss 0.05007600039243698
epoch: 21 s: 1024000 batch_loss 0.42203402519226074 BPR_loss 0.3723191022872925 reg_loss 0.04971492663025856
epoch: 21 s: 1280000 batch_loss 0.4152291715145111 BPR_loss 0.3658275008201599 reg_loss 0.049401674419641495
+-------+-------------------+-------------------+-----------------+------------------------------------+------------------------------------+------------------------------------+------------------------------------+
| Epoch |  training time(s) |   tesing time(s)  |       Loss      |               recall               |                ndcg                |             precision              |             hit_ratio              |
+-------+-------------------+-------------------+-----------------+------------------------------------+------------------------------------+------------------------------------+------------------------------------+
|   21  | 94.61087846755981 | 616.7006804943085 | 279.18408203125 | [0.04732357 0.06925725 0.08519486] | [0.02194764 0.0265594  0.02946545] | [0.00264595 0.00195389 0.00161038] | [0.05242251 0.07681916 0.09462923] |
|   21  | 94.61087846755981 | 602.8957893848419 | 279.18408203125 | [0.06241493 0.09068262 0.11169606] | [0.02820271 0.03416141 0.0380118 ] | [0.00353941 0.00259773 0.00214584] | [0.06961427 0.10160091 0.12535453] |
+-------+-------------------+-------------------+-----------------+------------------------------------+------------------------------------+------------------------------------+------------------------------------+
epoch: 22 s: 0 batch_loss 0.4135388731956482 BPR_loss 0.36222898960113525 reg_loss 0.05130988731980324
epoch: 22 s: 256000 batch_loss 0.4006720781326294 BPR_loss 0.35158246755599976 reg_loss 0.049089595675468445
epoch: 22 s: 512000 batch_loss 0.41579610109329224 BPR_loss 0.366019070148468 reg_loss 0.04977701976895332
epoch: 22 s: 768000 batch_loss 0.4144359529018402 BPR_loss 0.3638746738433838 reg_loss 0.05056127533316612
epoch: 22 s: 1024000 batch_loss 0.3981131911277771 BPR_loss 0.34811726212501526 reg_loss 0.049995940178632736
epoch: 22 s: 1280000 batch_loss 0.4046007990837097 BPR_loss 0.3531051278114319 reg_loss 0.05149566009640694
+-------+------------------+--------------------+-------------------+------------------------------------+------------------------------------+------------------------------------+------------------------------------+
| Epoch | training time(s) |   tesing time(s)   |        Loss       |               recall               |                ndcg                |             precision              |             hit_ratio              |
+-------+------------------+--------------------+-------------------+------------------------------------+------------------------------------+------------------------------------+------------------------------------+
|   22  | 88.8142626285553 | 492.64599537849426 | 273.1991882324219 | [0.04707671 0.06873296 0.08467991] | [0.02175316 0.02630864 0.02921726] | [0.00262806 0.00193855 0.00159979] | [0.052072   0.07622038 0.09409617] |
|   22  | 88.8142626285553 | 504.7320818901062  | 273.1991882324219 | [0.06233781 0.09078086 0.11174137] | [0.0282912  0.03428721 0.03812597] | [0.00353704 0.0026001  0.00214636] | [0.06953548 0.10171121 0.12537817] |
+-------+------------------+--------------------+-------------------+------------------------------------+------------------------------------+------------------------------------+------------------------------------+
epoch: 23 s: 0 batch_loss 0.39462074637413025 BPR_loss 0.34280943870544434 reg_loss 0.05181131139397621
epoch: 23 s: 256000 batch_loss 0.4014054238796234 BPR_loss 0.35057732462882996 reg_loss 0.050828106701374054
epoch: 23 s: 512000 batch_loss 0.39457717537879944 BPR_loss 0.3430015444755554 reg_loss 0.05157561972737312
epoch: 23 s: 768000 batch_loss 0.39762383699417114 BPR_loss 0.34528642892837524 reg_loss 0.0523374006152153
epoch: 23 s: 1024000 batch_loss 0.3996005058288574 BPR_loss 0.3474234342575073 reg_loss 0.052177056670188904
epoch: 23 s: 1280000 batch_loss 0.3952711224555969 BPR_loss 0.343031108379364 reg_loss 0.05224000662565231
+-------+-------------------+--------------------+-------------------+------------------------------------+------------------------------------+------------------------------------+------------------------------------+
| Epoch |  training time(s) |   tesing time(s)   |        Loss       |               recall               |                ndcg                |             precision              |             hit_ratio              |
+-------+-------------------+--------------------+-------------------+------------------------------------+------------------------------------+------------------------------------+------------------------------------+
|   23  | 85.52237582206726 | 456.13710927963257 | 267.5531005859375 | [0.04693595 0.06825437 0.08448521] | [0.02174926 0.0262381  0.02920278] | [0.00262332 0.00192377 0.00159602] | [0.05197707 0.07567272 0.0938552 ] |
|   23  | 85.52237582206726 | 486.32302236557007 | 267.5531005859375 | [0.06218251 0.09056724 0.11162541] | [0.02821399 0.0342006  0.03805933] | [0.0035272  0.00259182 0.00214387] | [0.06937792 0.1014197  0.1252206 ] |
+-------+-------------------+--------------------+-------------------+------------------------------------+------------------------------------+------------------------------------+------------------------------------+
epoch: 24 s: 0 batch_loss 0.3893556296825409 BPR_loss 0.337306410074234 reg_loss 0.052049219608306885
epoch: 24 s: 256000 batch_loss 0.3987516462802887 BPR_loss 0.3469293713569641 reg_loss 0.05182226747274399
epoch: 24 s: 512000 batch_loss 0.38898640871047974 BPR_loss 0.33601653575897217 reg_loss 0.05296988785266876
epoch: 24 s: 768000 batch_loss 0.38700830936431885 BPR_loss 0.33336514234542847 reg_loss 0.05364317446947098
epoch: 24 s: 1024000 batch_loss 0.3893137574195862 BPR_loss 0.3350755572319031 reg_loss 0.05423818901181221
epoch: 24 s: 1280000 batch_loss 0.40186673402786255 BPR_loss 0.3476313054561615 reg_loss 0.054235439747571945
+-------+-------------------+--------------------+-------------------+------------------------------------+------------------------------------+------------------------------------+------------------------------------+
| Epoch |  training time(s) |   tesing time(s)   |        Loss       |               recall               |                ndcg                |             precision              |             hit_ratio              |
+-------+-------------------+--------------------+-------------------+------------------------------------+------------------------------------+------------------------------------+------------------------------------+
|   24  | 83.41655611991882 | 453.72646284103394 | 262.3563537597656 | [0.04676648 0.06817902 0.08422   ] | [0.02163929 0.02614101 0.02906955] | [0.00260944 0.00191847 0.00158932] | [0.0517434  0.07546825 0.09346088] |
|   24  | 83.41655611991882 | 491.1688551902771  | 262.3563537597656 | [0.06225104 0.09074679 0.11179306] | [0.02824847 0.03425807 0.03810967] | [0.0035268  0.00259832 0.00214623] | [0.06937792 0.10163242 0.12542544] |
+-------+-------------------+--------------------+-------------------+------------------------------------+------------------------------------+------------------------------------+------------------------------------+
epoch: 25 s: 0 batch_loss 0.3850903809070587 BPR_loss 0.33130234479904175 reg_loss 0.05378802865743637
epoch: 25 s: 256000 batch_loss 0.39805951714515686 BPR_loss 0.34354373812675476 reg_loss 0.0545157864689827
epoch: 25 s: 512000 batch_loss 0.38853198289871216 BPR_loss 0.3349232077598572 reg_loss 0.053608763962984085
epoch: 25 s: 768000 batch_loss 0.3951946496963501 BPR_loss 0.34008175134658813 reg_loss 0.05511289834976196
epoch: 25 s: 1024000 batch_loss 0.3882826268672943 BPR_loss 0.3343910574913025 reg_loss 0.05389158055186272
epoch: 25 s: 1280000 batch_loss 0.38501405715942383 BPR_loss 0.3301280438899994 reg_loss 0.05488601699471474
+-------+------------------+-------------------+-------------------+------------------------------------+------------------------------------+------------------------------------+------------------------------------+
| Epoch | training time(s) |   tesing time(s)  |        Loss       |               recall               |                ndcg                |             precision              |             hit_ratio              |
+-------+------------------+-------------------+-------------------+------------------------------------+------------------------------------+------------------------------------+------------------------------------+
|   25  | 87.4044873714447 | 459.5601980686188 | 257.9122619628906 | [0.0469012  0.06814644 0.08411438] | [0.02176581 0.02623649 0.02915172] | [0.00261674 0.00191811 0.0015875 ] | [0.05188214 0.07548286 0.09336595] |
|   25  | 87.4044873714447 | 491.5869069099426 | 257.9122619628906 | [0.06229249 0.0906805  0.11114827] | [0.02818288 0.034158   0.03791144] | [0.00352838 0.00259261 0.00213467] | [0.06941731 0.1014197  0.1246691 ] |
+-------+------------------+-------------------+-------------------+------------------------------------+------------------------------------+------------------------------------+------------------------------------+
epoch: 26 s: 0 batch_loss 0.38615983724594116 BPR_loss 0.3311924934387207 reg_loss 0.054967328906059265
epoch: 26 s: 256000 batch_loss 0.3812350928783417 BPR_loss 0.32542043924331665 reg_loss 0.05581466481089592
epoch: 26 s: 512000 batch_loss 0.38265568017959595 BPR_loss 0.3269031345844269 reg_loss 0.05575255677103996
epoch: 26 s: 768000 batch_loss 0.38002461194992065 BPR_loss 0.32461047172546387 reg_loss 0.05541412532329559
epoch: 26 s: 1024000 batch_loss 0.38462477922439575 BPR_loss 0.3291163444519043 reg_loss 0.055508438497781754
epoch: 26 s: 1280000 batch_loss 0.37337979674339294 BPR_loss 0.31774672865867615 reg_loss 0.0556330643594265
+-------+------------------+-------------------+--------------------+------------------------------------+------------------------------------+------------------------------------+------------------------------------+
| Epoch | training time(s) |   tesing time(s)  |        Loss        |               recall               |                ndcg                |             precision              |             hit_ratio              |
+-------+------------------+-------------------+--------------------+------------------------------------+------------------------------------+------------------------------------+------------------------------------+
|   26  | 88.3147406578064 | 452.0342826843262 | 253.12814331054688 | [0.04671014 0.0678981  0.08411332] | [0.02165034 0.02610866 0.02906417] | [0.00260835 0.00191153 0.00158665] | [0.05169229 0.07525649 0.09332944] |
|   26  | 88.3147406578064 | 489.3980441093445 | 253.12814331054688 | [0.06249318 0.09055911 0.11110611] | [0.02832338 0.0342279  0.03799167] | [0.00354689 0.00259044 0.00213428] | [0.0697876  0.10130153 0.12465335] |
+-------+------------------+-------------------+--------------------+------------------------------------+------------------------------------+------------------------------------+------------------------------------+
epoch: 27 s: 0 batch_loss 0.36841973662376404 BPR_loss 0.3138396739959717 reg_loss 0.05458005890250206
epoch: 27 s: 256000 batch_loss 0.3849586546421051 BPR_loss 0.3298516869544983 reg_loss 0.05510697141289711
epoch: 27 s: 512000 batch_loss 0.37811464071273804 BPR_loss 0.321699321269989 reg_loss 0.056415315717458725
epoch: 27 s: 768000 batch_loss 0.3794894516468048 BPR_loss 0.3244066536426544 reg_loss 0.05508280172944069
epoch: 27 s: 1024000 batch_loss 0.3706034719944 BPR_loss 0.31397122144699097 reg_loss 0.056632257997989655
epoch: 27 s: 1280000 batch_loss 0.3762817978858948 BPR_loss 0.3205109238624573 reg_loss 0.0557708665728569
+-------+-------------------+--------------------+--------------------+------------------------------------+------------------------------------+------------------------------------+------------------------------------+
| Epoch |  training time(s) |   tesing time(s)   |        Loss        |               recall               |                ndcg                |             precision              |             hit_ratio              |
+-------+-------------------+--------------------+--------------------+------------------------------------+------------------------------------+------------------------------------+------------------------------------+
|   27  | 86.29978966712952 | 460.5604386329651  | 248.95164489746094 | [0.04670234 0.06778689 0.08372792] | [0.02164461 0.02607875 0.02898622] | [0.00260944 0.00190898 0.00157959] | [0.05169229 0.07518347 0.09294242] |
|   27  | 86.29978966712952 | 502.74592757225037 | 248.95164489746094 | [0.0623415  0.09022091 0.11058413] | [0.02833057 0.03420155 0.03793442] | [0.00353704 0.0025804  0.00212364] | [0.06960639 0.1009076  0.12403095] |
+-------+-------------------+--------------------+--------------------+------------------------------------+------------------------------------+------------------------------------+------------------------------------+
epoch: 28 s: 0 batch_loss 0.3640635311603546 BPR_loss 0.3076585829257965 reg_loss 0.056404948234558105
epoch: 28 s: 256000 batch_loss 0.36579424142837524 BPR_loss 0.3093540668487549 reg_loss 0.05644018203020096
epoch: 28 s: 512000 batch_loss 0.3649728298187256 BPR_loss 0.30761903524398804 reg_loss 0.05735378339886665
epoch: 28 s: 768000 batch_loss 0.36685746908187866 BPR_loss 0.3100716173648834 reg_loss 0.056785840541124344
epoch: 28 s: 1024000 batch_loss 0.36222225427627563 BPR_loss 0.30508890748023987 reg_loss 0.05713334679603577
epoch: 28 s: 1280000 batch_loss 0.3701275885105133 BPR_loss 0.31174227595329285 reg_loss 0.05838530883193016
+-------+------------------+-------------------+--------------------+------------------------------------+------------------------------------+------------------------------------+------------------------------------+
| Epoch | training time(s) |   tesing time(s)  |        Loss        |               recall               |                ndcg                |             precision              |             hit_ratio              |
+-------+------------------+-------------------+--------------------+------------------------------------+------------------------------------+------------------------------------+------------------------------------+
|   28  | 79.8185966014862 | 374.4816949367523 | 245.08238220214844 | [0.04624978 0.06709216 0.08308324] | [0.02143721 0.02582126 0.02874016] | [0.00258206 0.00188744 0.00156693] | [0.05118113 0.07438753 0.0921976 ] |
|   28  | 79.8185966014862 | 396.4761173725128 | 245.08238220214844 | [0.0621957  0.09007362 0.11053059] | [0.02824619 0.03411768 0.03786338] | [0.00353311 0.00257804 0.00212273] | [0.06951973 0.1007973  0.12405458] |
+-------+------------------+-------------------+--------------------+------------------------------------+------------------------------------+------------------------------------+------------------------------------+
epoch: 29 s: 0 batch_loss 0.36170732975006104 BPR_loss 0.30291715264320374 reg_loss 0.058790192008018494
epoch: 29 s: 256000 batch_loss 0.3636627495288849 BPR_loss 0.3060636520385742 reg_loss 0.057599104940891266
epoch: 29 s: 512000 batch_loss 0.35894376039505005 BPR_loss 0.30073854327201843 reg_loss 0.05820522457361221
epoch: 29 s: 768000 batch_loss 0.3581708073616028 BPR_loss 0.3001405596733093 reg_loss 0.05803024023771286
epoch: 29 s: 1024000 batch_loss 0.35984888672828674 BPR_loss 0.301514208316803 reg_loss 0.058334678411483765
epoch: 29 s: 1280000 batch_loss 0.37255099415779114 BPR_loss 0.31469544768333435 reg_loss 0.057855550199747086
+-------+-------------------+-------------------+--------------------+------------------------------------+------------------------------------+------------------------------------+------------------------------------+
| Epoch |  training time(s) |   tesing time(s)  |        Loss        |               recall               |                ndcg                |             precision              |             hit_ratio              |
+-------+-------------------+-------------------+--------------------+------------------------------------+------------------------------------+------------------------------------+------------------------------------+
|   29  | 76.84435629844666 | 370.6943190097809 | 241.58441162109375 | [0.04620669 0.06689907 0.0828499 ] | [0.02140225 0.0257508  0.02866545] | [0.00258133 0.00188178 0.00156389] | [0.05115922 0.07415386 0.09204425] |
|   29  | 76.84435629844666 | 397.7020432949066 | 241.58441162109375 | [0.06242647 0.08990053 0.11048023] | [0.02825193 0.03404041 0.03780776] | [0.00354217 0.00257193 0.00212089] | [0.06974033 0.10063973 0.12392065] |
+-------+-------------------+-------------------+--------------------+------------------------------------+------------------------------------+------------------------------------+------------------------------------+
epoch: 30 s: 0 batch_loss 0.34921860694885254 BPR_loss 0.29124024510383606 reg_loss 0.057978350669145584
epoch: 30 s: 256000 batch_loss 0.35239943861961365 BPR_loss 0.29322728514671326 reg_loss 0.05917215719819069
epoch: 30 s: 512000 batch_loss 0.36509108543395996 BPR_loss 0.3066777288913727 reg_loss 0.05841336399316788
epoch: 30 s: 768000 batch_loss 0.35495632886886597 BPR_loss 0.29384028911590576 reg_loss 0.06111603230237961
epoch: 30 s: 1024000 batch_loss 0.35618114471435547 BPR_loss 0.2958996891975403 reg_loss 0.06028145179152489
epoch: 30 s: 1280000 batch_loss 0.35244476795196533 BPR_loss 0.29272669553756714 reg_loss 0.059718068689107895
+-------+-------------------+--------------------+------------------+------------------------------------+------------------------------------+------------------------------------+------------------------------------+
| Epoch |  training time(s) |   tesing time(s)   |       Loss       |               recall               |                ndcg                |             precision              |             hit_ratio              |
+-------+-------------------+--------------------+------------------+------------------------------------+------------------------------------+------------------------------------+------------------------------------+
|   30  | 76.50705766677856 | 371.16464829444885 | 238.276611328125 | [0.04613321 0.06665853 0.08271782] | [0.02132286 0.0256321  0.02856475] | [0.00257622 0.00187429 0.00156158] | [0.0510643  0.07384716 0.09189091] |
|   30  | 76.50705766677856 | 393.61864590644836 | 238.276611328125 | [0.06208154 0.08959889 0.10998944] | [0.02821419 0.03401617 0.03775078] | [0.00352405 0.00256386 0.00211196] | [0.06937792 0.10030096 0.12338491] |
+-------+-------------------+--------------------+------------------+------------------------------------+------------------------------------+------------------------------------+------------------------------------+
epoch: 31 s: 0 batch_loss 0.35847362875938416 BPR_loss 0.2990873456001282 reg_loss 0.05938629433512688
epoch: 31 s: 256000 batch_loss 0.3572746515274048 BPR_loss 0.2984260320663452 reg_loss 0.058848630636930466
epoch: 31 s: 512000 batch_loss 0.3588219881057739 BPR_loss 0.299935519695282 reg_loss 0.05888647958636284
epoch: 31 s: 768000 batch_loss 0.3561036288738251 BPR_loss 0.2954978942871094 reg_loss 0.060605742037296295
epoch: 31 s: 1024000 batch_loss 0.3447806239128113 BPR_loss 0.2843850255012512 reg_loss 0.060395605862140656
epoch: 31 s: 1280000 batch_loss 0.35088470578193665 BPR_loss 0.29038897156715393 reg_loss 0.06049572676420212
+-------+-------------------+--------------------+--------------------+------------------------------------+------------------------------------+------------------------------------+------------------------------------+
| Epoch |  training time(s) |   tesing time(s)   |        Loss        |               recall               |                ndcg                |             precision              |             hit_ratio              |
+-------+-------------------+--------------------+--------------------+------------------------------------+------------------------------------+------------------------------------+------------------------------------+
|   31  | 78.00803089141846 |  369.540531873703  | 235.15652465820312 | [0.04594985 0.06657679 0.0822973 ] | [0.02126952 0.02559689 0.02846938] | [0.00256636 0.00187174 0.00155391] | [0.05085983 0.07378145 0.09143817] |
|   31  | 78.00803089141846 | 403.90744400024414 | 235.15652465820312 | [0.06194741 0.08948953 0.10979767] | [0.02812293 0.03392364 0.03763762] | [0.00351735 0.00256011 0.00210697] | [0.06927549 0.10014339 0.12306189] |
+-------+-------------------+--------------------+--------------------+------------------------------------+------------------------------------+------------------------------------+------------------------------------+
epoch: 32 s: 0 batch_loss 0.35260632634162903 BPR_loss 0.29225391149520874 reg_loss 0.06035241857171059
epoch: 32 s: 256000 batch_loss 0.34531569480895996 BPR_loss 0.28332704305648804 reg_loss 0.061988651752471924
epoch: 32 s: 512000 batch_loss 0.35222327709198 BPR_loss 0.2895752191543579 reg_loss 0.06264805793762207
epoch: 32 s: 768000 batch_loss 0.3347284197807312 BPR_loss 0.2730758786201477 reg_loss 0.061652541160583496
epoch: 32 s: 1024000 batch_loss 0.35346564650535583 BPR_loss 0.29389601945877075 reg_loss 0.059569623321294785
epoch: 32 s: 1280000 batch_loss 0.3494666814804077 BPR_loss 0.28887832164764404 reg_loss 0.06058836355805397
+-------+-------------------+--------------------+--------------------+------------------------------------+------------------------------------+------------------------------------+------------------------------------+
| Epoch |  training time(s) |   tesing time(s)   |        Loss        |               recall               |                ndcg                |             precision              |             hit_ratio              |
+-------+-------------------+--------------------+--------------------+------------------------------------+------------------------------------+------------------------------------+------------------------------------+
|   32  | 77.58226466178894 | 379.64990305900574 | 232.17877197265625 | [0.04570417 0.06616276 0.08198069] | [0.02111898 0.02541414 0.02830504] | [0.00254993 0.00185914 0.00154661] | [0.05054584 0.0732995  0.09104385] |
|   32  | 77.58226466178894 |  395.432076215744  | 232.17877197265625 | [0.0616841  0.08889994 0.1091834 ] | [0.02799991 0.03374029 0.03745251] | [0.00349883 0.00254337 0.00209541] | [0.06885006 0.09952887 0.12242374] |
+-------+-------------------+--------------------+--------------------+------------------------------------+------------------------------------+------------------------------------+------------------------------------+
epoch: 33 s: 0 batch_loss 0.3443840444087982 BPR_loss 0.28342196345329285 reg_loss 0.06096208468079567
epoch: 33 s: 256000 batch_loss 0.34219488501548767 BPR_loss 0.28017622232437134 reg_loss 0.06201867386698723
epoch: 33 s: 512000 batch_loss 0.34405994415283203 BPR_loss 0.2823318839073181 reg_loss 0.06172804534435272
epoch: 33 s: 768000 batch_loss 0.33327969908714294 BPR_loss 0.27046918869018555 reg_loss 0.0628105029463768
epoch: 33 s: 1024000 batch_loss 0.3466908931732178 BPR_loss 0.2853531241416931 reg_loss 0.06133777275681496
epoch: 33 s: 1280000 batch_loss 0.34423398971557617 BPR_loss 0.28119003772735596 reg_loss 0.06304396688938141
+-------+-------------------+--------------------+-------------------+------------------------------------+------------------------------------+------------------------------------+------------------------------------+
| Epoch |  training time(s) |   tesing time(s)   |        Loss       |               recall               |                ndcg                |             precision              |             hit_ratio              |
+-------+-------------------+--------------------+-------------------+------------------------------------+------------------------------------+------------------------------------+------------------------------------+
|   33  | 76.65150713920593 | 373.36011481285095 | 229.4912567138672 | [0.04555704 0.06609001 0.08178259] | [0.02106395 0.02537481 0.02823852] | [0.00254664 0.00185969 0.00154283] | [0.05048742 0.07334331 0.09086129] |
|   33  | 76.65150713920593 | 384.5871436595917  | 229.4912567138672 | [0.06156392 0.08886116 0.10877742] | [0.02783145 0.03358122 0.03722537] | [0.00349332 0.00254298 0.00208872] | [0.06877127 0.09949735 0.12198254] |
+-------+-------------------+--------------------+-------------------+------------------------------------+------------------------------------+------------------------------------+------------------------------------+
epoch: 34 s: 0 batch_loss 0.342806339263916 BPR_loss 0.2813587486743927 reg_loss 0.061447590589523315
epoch: 34 s: 256000 batch_loss 0.340468168258667 BPR_loss 0.2769017219543457 reg_loss 0.06356644630432129
epoch: 34 s: 512000 batch_loss 0.34322071075439453 BPR_loss 0.28229689598083496 reg_loss 0.060923803597688675
epoch: 34 s: 768000 batch_loss 0.3342251479625702 BPR_loss 0.2720198631286621 reg_loss 0.06220528483390808
epoch: 34 s: 1024000 batch_loss 0.34426021575927734 BPR_loss 0.27987831830978394 reg_loss 0.06438188999891281
epoch: 34 s: 1280000 batch_loss 0.3429095149040222 BPR_loss 0.28240472078323364 reg_loss 0.06050478294491768
+-------+------------------+--------------------+--------------------+------------------------------------+------------------------------------+------------------------------------+------------------------------------+
| Epoch | training time(s) |   tesing time(s)   |        Loss        |               recall               |                ndcg                |             precision              |             hit_ratio              |
+-------+------------------+--------------------+--------------------+------------------------------------+------------------------------------+------------------------------------+------------------------------------+
|   34  | 78.4595217704773 | 387.9040026664734  | 227.17042541503906 | [0.04519517 0.06593462 0.08150616] | [0.02092923 0.02528675 0.02812613] | [0.00252328 0.00185604 0.00153784] | [0.05002738 0.07316806 0.09059842] |
|   34  | 78.4595217704773 | 377.13903164863586 | 227.17042541503906 | [0.06139958 0.08850117 0.10862028] | [0.02778624 0.03350513 0.03718656] | [0.00348702 0.0025347  0.00208609] | [0.06865309 0.09919797 0.12180134] |
+-------+------------------+--------------------+--------------------+------------------------------------+------------------------------------+------------------------------------+------------------------------------+
epoch: 35 s: 0 batch_loss 0.3340805470943451 BPR_loss 0.27278104424476624 reg_loss 0.06129951402544975
epoch: 35 s: 256000 batch_loss 0.3403517007827759 BPR_loss 0.2765505909919739 reg_loss 0.0638011246919632
epoch: 35 s: 512000 batch_loss 0.339533269405365 BPR_loss 0.2761976718902588 reg_loss 0.0633355900645256
epoch: 35 s: 768000 batch_loss 0.33643704652786255 BPR_loss 0.2730785608291626 reg_loss 0.06335847079753876
epoch: 35 s: 1024000 batch_loss 0.33775681257247925 BPR_loss 0.2736993730068207 reg_loss 0.06405743956565857
epoch: 35 s: 1280000 batch_loss 0.3325578570365906 BPR_loss 0.26901811361312866 reg_loss 0.06353974342346191
+-------+-------------------+--------------------+-------------------+------------------------------------+------------------------------------+------------------------------------+------------------------------------+
| Epoch |  training time(s) |   tesing time(s)   |        Loss       |               recall               |                ndcg                |             precision              |             hit_ratio              |
+-------+-------------------+--------------------+-------------------+------------------------------------+------------------------------------+------------------------------------+------------------------------------+
|   35  | 77.33266472816467 | 388.43539237976074 | 224.6219482421875 | [0.04517973 0.06573833 0.08113405] | [0.02092168 0.0252352  0.02804268] | [0.00252583 0.00185038 0.00153078] | [0.05006389 0.0729636  0.09017489] |
|   35  | 77.33266472816467 | 378.9607079029083  | 224.6219482421875 | [0.06158568 0.08873077 0.10833192] | [0.02784151 0.03356207 0.03715066] | [0.00349726 0.0025412  0.00208202] | [0.06888945 0.09936342 0.12154922] |
+-------+-------------------+--------------------+-------------------+------------------------------------+------------------------------------+------------------------------------+------------------------------------+
epoch: 36 s: 0 batch_loss 0.33370476961135864 BPR_loss 0.26996511220932007 reg_loss 0.06373964995145798
epoch: 36 s: 256000 batch_loss 0.32872259616851807 BPR_loss 0.2653208374977112 reg_loss 0.06340176612138748
epoch: 36 s: 512000 batch_loss 0.33097657561302185 BPR_loss 0.2679859697818756 reg_loss 0.06299060583114624
epoch: 36 s: 768000 batch_loss 0.3207395076751709 BPR_loss 0.25845497846603394 reg_loss 0.06228454411029816
epoch: 36 s: 1024000 batch_loss 0.32799702882766724 BPR_loss 0.26440662145614624 reg_loss 0.06359042227268219
epoch: 36 s: 1280000 batch_loss 0.3422703742980957 BPR_loss 0.27853119373321533 reg_loss 0.06373919546604156
+-------+-------------------+--------------------+--------------------+------------------------------------+------------------------------------+------------------------------------+------------------------------------+
| Epoch |  training time(s) |   tesing time(s)   |        Loss        |               recall               |                ndcg                |             precision              |             hit_ratio              |
+-------+-------------------+--------------------+--------------------+------------------------------------+------------------------------------+------------------------------------+------------------------------------+
|   36  | 78.25535154342651 | 329.0704758167267  | 222.58689880371094 | [0.0451766  0.06586709 0.08110902] | [0.0209357  0.02527931 0.02805684] | [0.00252328 0.00185458 0.0015303 ] | [0.05001278 0.07312425 0.09012377] |
|   36  | 78.25535154342651 | 236.32022857666016 | 222.58689880371094 | [0.06098529 0.08833757 0.10790265] | [0.02758734 0.03335562 0.03693421] | [0.00346614 0.00252998 0.00207217] | [0.06827493 0.09895374 0.12102924] |
+-------+-------------------+--------------------+--------------------+------------------------------------+------------------------------------+------------------------------------+------------------------------------+
Early stopping is trigger at step: 10 log:0.060985286744088436
early stopping at 36, recall@20:0.0625
