Namespace(K=1, Ks='[20, 40, 60]', alpha=0.5, batch_size=2048, batch_test_flag=True, context_hops=3, cuda=True, data_path='data/', dataset='amazon', dim=64, edge_dropout=False, edge_dropout_rate=0.1, epoch=1000, gnn='lightgcn', gpu_id=2, l2=0.001, lr=0.001, mess_dropout=False, mess_dropout_rate=0.1, n_negs=16, neg_mix_num=2, ns='mixgcf', out_dir='./weights/yelp2018/', pool='mean', save=False, test_batch_size=2048, test_flag='part')
reading train and test user-item set ...
building the adj mat ...
loading over ...
卷积器不需要第0层embedding
拿这个最难的neg_item去和pos_item在每一个维度上进行softmax自适应权重,引入alpha超参数来控制模型倾向......
start training ...
epoch: 0 s: 0 batch_loss 0.6931476593017578 BPR_loss 0.6931474804878235 reg_loss 1.76274767227369e-07
epoch: 0 s: 256000 batch_loss 0.6920211315155029 BPR_loss 0.6916103959083557 reg_loss 0.00041073132888413966
epoch: 0 s: 512000 batch_loss 0.6849682927131653 BPR_loss 0.6813924312591553 reg_loss 0.003575861919671297
epoch: 0 s: 768000 batch_loss 0.6777247786521912 BPR_loss 0.6707185506820679 reg_loss 0.007006242871284485
epoch: 0 s: 1024000 batch_loss 0.6743101477622986 BPR_loss 0.666050910949707 reg_loss 0.008259223774075508
epoch: 0 s: 1280000 batch_loss 0.6689028739929199 BPR_loss 0.6590768098831177 reg_loss 0.009826062247157097
+-------+-------------------+-------------------+------------------+------------------------------------+------------------------------------+------------------------------------+------------------------------------+
| Epoch |  training time(s) |   tesing time(s)  |       Loss       |               recall               |                ndcg                |             precision              |             hit_ratio              |
+-------+-------------------+-------------------+------------------+------------------------------------+------------------------------------+------------------------------------+------------------------------------+
|   0   | 99.62154126167297 | 667.2892496585846 | 454.062744140625 | [0.02772527 0.04963182 0.06366158] | [0.01254232 0.01713941 0.01972043] | [0.00157691 0.00142722 0.00123066] | [0.03123882 0.05633649 0.07250356] |
|   0   | 99.62154126167297 | 905.5994455814362 | 454.062744140625 | [0.04280384 0.0592499  0.07388998] | [0.01754676 0.0210188  0.02369768] | [0.00249472 0.00173386 0.00144308] | [0.04913809 0.06778646 0.08433915] |
+-------+-------------------+-------------------+------------------+------------------------------------+------------------------------------+------------------------------------+------------------------------------+
epoch: 1 s: 0 batch_loss 0.6587672233581543 BPR_loss 0.648344874382019 reg_loss 0.010422375053167343
epoch: 1 s: 256000 batch_loss 0.6657940149307251 BPR_loss 0.6551567316055298 reg_loss 0.010637260973453522
epoch: 1 s: 512000 batch_loss 0.6623875498771667 BPR_loss 0.6501564979553223 reg_loss 0.012231064960360527
epoch: 1 s: 768000 batch_loss 0.6598423719406128 BPR_loss 0.6471520066261292 reg_loss 0.012690367177128792
epoch: 1 s: 1024000 batch_loss 0.6548349261283875 BPR_loss 0.6415724158287048 reg_loss 0.013262525200843811
epoch: 1 s: 1280000 batch_loss 0.6542337536811829 BPR_loss 0.6397020220756531 reg_loss 0.014531711116433144
+-------+--------------------+--------------------+-------------------+------------------------------------+------------------------------------+------------------------------------+------------------------------------+
| Epoch |  training time(s)  |   tesing time(s)   |        Loss       |               recall               |                ndcg                |             precision              |             hit_ratio              |
+-------+--------------------+--------------------+-------------------+------------------------------------+------------------------------------+------------------------------------+------------------------------------+
|   1   | 130.31647515296936 | 1250.572378873825  | 439.1614074707031 | [0.03410248 0.05467997 0.06906425] | [0.01620358 0.02054415 0.02317156] | [0.00194786 0.00158129 0.0013329 ] | [0.03854832 0.06222936 0.07834532] |
|   1   | 130.31647515296936 | 1068.0089123249054 | 439.1614074707031 | [0.04552346 0.06500254 0.08063857] | [0.01921271 0.02330897 0.02618208] | [0.00262866 0.00188749 0.00157228] | [0.05181678 0.07397107 0.0917922 ] |
+-------+--------------------+--------------------+-------------------+------------------------------------+------------------------------------+------------------------------------+------------------------------------+
epoch: 2 s: 0 batch_loss 0.651896595954895 BPR_loss 0.6375194191932678 reg_loss 0.014377182349562645
epoch: 2 s: 256000 batch_loss 0.6504847407341003 BPR_loss 0.6357253193855286 reg_loss 0.014759398996829987
epoch: 2 s: 512000 batch_loss 0.6495073437690735 BPR_loss 0.6345535516738892 reg_loss 0.014953803271055222
epoch: 2 s: 768000 batch_loss 0.6430197358131409 BPR_loss 0.6281779408454895 reg_loss 0.014841810800135136
epoch: 2 s: 1024000 batch_loss 0.6414867639541626 BPR_loss 0.6249290704727173 reg_loss 0.016557669267058372
epoch: 2 s: 1280000 batch_loss 0.6367564797401428 BPR_loss 0.6196199655532837 reg_loss 0.01713654026389122
+-------+--------------------+-------------------+-------------------+------------------------------------+------------------------------------+------------------------------------+------------------------------------+
| Epoch |  training time(s)  |   tesing time(s)  |        Loss       |               recall               |                ndcg                |             precision              |             hit_ratio              |
+-------+--------------------+-------------------+-------------------+------------------------------------+------------------------------------+------------------------------------+------------------------------------+
|   2   | 157.11414408683777 | 1237.519368171692 | 430.5173645019531 | [0.0370282  0.0578536  0.07185914] | [0.01765429 0.02204398 0.02460354] | [0.00211289 0.00166819 0.00138584] | [0.04175399 0.06549345 0.08133192] |
|   2   | 157.11414408683777 | 1068.192354440689 | 430.5173645019531 | [0.04794665 0.06984717 0.08665694] | [0.02079112 0.02541035 0.02849215] | [0.00276338 0.00202221 0.00168245] | [0.05442456 0.07924177 0.09834709] |
+-------+--------------------+-------------------+-------------------+------------------------------------+------------------------------------+------------------------------------+------------------------------------+
epoch: 3 s: 0 batch_loss 0.6338189244270325 BPR_loss 0.6152932643890381 reg_loss 0.018525656312704086
epoch: 3 s: 256000 batch_loss 0.6280532479286194 BPR_loss 0.6102687120437622 reg_loss 0.017784539610147476
epoch: 3 s: 512000 batch_loss 0.6335875988006592 BPR_loss 0.6150920391082764 reg_loss 0.01849554106593132
epoch: 3 s: 768000 batch_loss 0.6364903450012207 BPR_loss 0.6188371181488037 reg_loss 0.017653249204158783
epoch: 3 s: 1024000 batch_loss 0.6310368776321411 BPR_loss 0.6123835444450378 reg_loss 0.01865336112678051
epoch: 3 s: 1280000 batch_loss 0.6333556771278381 BPR_loss 0.614884614944458 reg_loss 0.01847108080983162
+-------+--------------------+--------------------+--------------------+------------------------------------+------------------------------------+------------------------------------+------------------------------------+
| Epoch |  training time(s)  |   tesing time(s)   |        Loss        |               recall               |                ndcg                |             precision              |             hit_ratio              |
+-------+--------------------+--------------------+--------------------+------------------------------------+------------------------------------+------------------------------------+------------------------------------+
|   3   | 152.23137521743774 | 1276.9518089294434 | 422.87713623046875 | [0.03955461 0.05995107 0.07476498] | [0.01889033 0.02318819 0.02589643] | [0.00225967 0.00172569 0.00143951] | [0.04455803 0.0676476  0.08434043] |
|   3   | 152.23137521743774 | 1106.6771442890167 | 422.87713623046875 | [0.05089921 0.07324544 0.09043409] | [0.02189497 0.02660305 0.0297505 ] | [0.0029241  0.00211596 0.00174915] | [0.05758383 0.08291315 0.10238876] |
+-------+--------------------+--------------------+--------------------+------------------------------------+------------------------------------+------------------------------------+------------------------------------+
epoch: 4 s: 0 batch_loss 0.6302512884140015 BPR_loss 0.6110708713531494 reg_loss 0.019180435687303543
epoch: 4 s: 256000 batch_loss 0.6207571625709534 BPR_loss 0.5997519493103027 reg_loss 0.021005207672715187
epoch: 4 s: 512000 batch_loss 0.6193526983261108 BPR_loss 0.5998021960258484 reg_loss 0.019550472497940063
epoch: 4 s: 768000 batch_loss 0.6232808828353882 BPR_loss 0.6025296449661255 reg_loss 0.020751221105456352
epoch: 4 s: 1024000 batch_loss 0.6122260093688965 BPR_loss 0.5908531546592712 reg_loss 0.021372882649302483
epoch: 4 s: 1280000 batch_loss 0.621865451335907 BPR_loss 0.6011008024215698 reg_loss 0.0207646656781435
+-------+--------------------+--------------------+--------------------+------------------------------------+------------------------------------+------------------------------------+------------------------------------+
| Epoch |  training time(s)  |   tesing time(s)   |        Loss        |               recall               |                ndcg                |             precision              |             hit_ratio              |
+-------+--------------------+--------------------+--------------------+------------------------------------+------------------------------------+------------------------------------+------------------------------------+
|   4   | 146.11964654922485 | 1226.3673646450043 | 415.64715576171875 | [0.0409979  0.06190551 0.07744789] | [0.01962191 0.02401916 0.02685945] | [0.00233707 0.00177736 0.00148746] | [0.0461061  0.06958268 0.08710796] |
|   4   | 146.11964654922485 | 1126.5245628356934 | 415.64715576171875 | [0.05211948 0.07562085 0.09401244] | [0.02268914 0.02764771 0.03100595] | [0.00298831 0.00218155 0.00181258] | [0.05888378 0.08550517 0.10615467] |
+-------+--------------------+--------------------+--------------------+------------------------------------+------------------------------------+------------------------------------+------------------------------------+
epoch: 5 s: 0 batch_loss 0.6160582900047302 BPR_loss 0.5948902368545532 reg_loss 0.02116803638637066
epoch: 5 s: 256000 batch_loss 0.6114950180053711 BPR_loss 0.5883694291114807 reg_loss 0.02312557026743889
epoch: 5 s: 512000 batch_loss 0.613444447517395 BPR_loss 0.5901402831077576 reg_loss 0.02330419234931469
epoch: 5 s: 768000 batch_loss 0.6103894114494324 BPR_loss 0.5878003835678101 reg_loss 0.022589027881622314
epoch: 5 s: 1024000 batch_loss 0.6045244336128235 BPR_loss 0.5815473198890686 reg_loss 0.02297709695994854
epoch: 5 s: 1280000 batch_loss 0.6027063727378845 BPR_loss 0.5802820920944214 reg_loss 0.022424254566431046
+-------+--------------------+--------------------+-------------------+------------------------------------+------------------------------------+------------------------------------+------------------------------------+
| Epoch |  training time(s)  |   tesing time(s)   |        Loss       |               recall               |                ndcg                |             precision              |             hit_ratio              |
+-------+--------------------+--------------------+-------------------+------------------------------------+------------------------------------+------------------------------------+------------------------------------+
|   5   | 127.54200530052185 | 1318.5477788448334 | 408.6524353027344 | [0.04230116 0.06312363 0.07960356] | [0.02004329 0.02444031 0.02744411] | [0.00240498 0.00181131 0.00152409] | [0.0474351  0.07092628 0.08930593] |
|   5   | 127.54200530052185 | 1160.2066762447357 | 408.6524353027344 | [0.05357771 0.07826338 0.09712675] | [0.02346802 0.02866523 0.03212058] | [0.00306315 0.00225325 0.00187495] | [0.06031766 0.08832566 0.10963696] |
+-------+--------------------+--------------------+-------------------+------------------------------------+------------------------------------+------------------------------------+------------------------------------+
epoch: 6 s: 0 batch_loss 0.5980497002601624 BPR_loss 0.5737858414649963 reg_loss 0.02426386997103691
epoch: 6 s: 256000 batch_loss 0.6065244674682617 BPR_loss 0.5829136967658997 reg_loss 0.023610778152942657
epoch: 6 s: 512000 batch_loss 0.5956341624259949 BPR_loss 0.5703201293945312 reg_loss 0.02531401254236698
epoch: 6 s: 768000 batch_loss 0.6104651689529419 BPR_loss 0.5866547226905823 reg_loss 0.02381044439971447
epoch: 6 s: 1024000 batch_loss 0.6057864427566528 BPR_loss 0.5818495154380798 reg_loss 0.023936940357089043
epoch: 6 s: 1280000 batch_loss 0.5898247957229614 BPR_loss 0.5641252994537354 reg_loss 0.025699492543935776
+-------+--------------------+--------------------+-------------------+------------------------------------+------------------------------------+------------------------------------+------------------------------------+
| Epoch |  training time(s)  |   tesing time(s)   |        Loss       |               recall               |                ndcg                |             precision              |             hit_ratio              |
+-------+--------------------+--------------------+-------------------+------------------------------------+------------------------------------+------------------------------------+------------------------------------+
|   6   | 135.39983534812927 | 1267.4477083683014 | 402.2126159667969 | [0.04325657 0.0646336  0.08082149] | [0.02025    0.02474878 0.02769945] | [0.00245537 0.00185001 0.00154527] | [0.04839899 0.07247435 0.09054   ] |
|   6   | 135.39983534812927 | 1122.1569583415985 | 402.2126159667969 | [0.05471265 0.08004928 0.09904545] | [0.02425033 0.02959593 0.03307152] | [0.00312264 0.00230564 0.00191185] | [0.0614364  0.09027953 0.11166173] |
+-------+--------------------+--------------------+-------------------+------------------------------------+------------------------------------+------------------------------------+------------------------------------+
epoch: 7 s: 0 batch_loss 0.5867592692375183 BPR_loss 0.5610119104385376 reg_loss 0.025747336447238922
epoch: 7 s: 256000 batch_loss 0.5947485566139221 BPR_loss 0.569184422492981 reg_loss 0.025564152747392654
epoch: 7 s: 512000 batch_loss 0.6040735244750977 BPR_loss 0.5796737670898438 reg_loss 0.024399759247899055
epoch: 7 s: 768000 batch_loss 0.5965514183044434 BPR_loss 0.571289598941803 reg_loss 0.025261815637350082
epoch: 7 s: 1024000 batch_loss 0.5863631963729858 BPR_loss 0.5600364208221436 reg_loss 0.026326805353164673
epoch: 7 s: 1280000 batch_loss 0.5977362394332886 BPR_loss 0.5720847845077515 reg_loss 0.025651467964053154
+-------+-------------------+--------------------+----------------+------------------------------------+------------------------------------+------------------------------------+------------------------------------+
| Epoch |  training time(s) |   tesing time(s)   |      Loss      |               recall               |                ndcg                |             precision              |             hit_ratio              |
+-------+-------------------+--------------------+----------------+------------------------------------+------------------------------------+------------------------------------+------------------------------------+
|   7   | 130.2364947795868 | 1353.5696771144867 | 395.7080078125 | [0.04401367 0.06568416 0.0824555 ] | [0.02061473 0.02517723 0.02823153] | [0.00249626 0.00187758 0.00157435] | [0.04923875 0.07360619 0.09224141] |
|   7   | 130.2364947795868 | 1143.0211563110352 | 395.7080078125 | [0.05608557 0.08157009 0.1010966 ] | [0.02492616 0.03030385 0.03387559] | [0.00320103 0.00235055 0.00195019] | [0.06291756 0.09198128 0.11385195] |
+-------+-------------------+--------------------+----------------+------------------------------------+------------------------------------+------------------------------------+------------------------------------+
epoch: 8 s: 0 batch_loss 0.5916850566864014 BPR_loss 0.5644975900650024 reg_loss 0.02718748338520527
epoch: 8 s: 256000 batch_loss 0.5914105176925659 BPR_loss 0.5642222166061401 reg_loss 0.027188315987586975
epoch: 8 s: 512000 batch_loss 0.5917785167694092 BPR_loss 0.5658248662948608 reg_loss 0.025953644886612892
epoch: 8 s: 768000 batch_loss 0.5882800817489624 BPR_loss 0.5607515573501587 reg_loss 0.027528543025255203
epoch: 8 s: 1024000 batch_loss 0.5935101509094238 BPR_loss 0.5660335421562195 reg_loss 0.027476632967591286
epoch: 8 s: 1280000 batch_loss 0.5753920078277588 BPR_loss 0.546552300453186 reg_loss 0.028839726001024246
+-------+--------------------+--------------------+------------------+------------------------------------+------------------------------------+------------------------------------+------------------------------------+
| Epoch |  training time(s)  |   tesing time(s)   |       Loss       |               recall               |                ndcg                |             precision              |             hit_ratio              |
+-------+--------------------+--------------------+------------------+------------------------------------+------------------------------------+------------------------------------+------------------------------------+
|   8   | 162.76972937583923 | 1279.2329602241516 | 389.302978515625 | [0.04476076 0.06669025 0.08364829] | [0.02084985 0.02546697 0.02854825] | [0.00253313 0.00190624 0.00159395] | [0.04996897 0.07470882 0.09346818] |
|   8   | 162.76972937583923 | 1129.4275968074799 | 389.302978515625 | [0.05673456 0.08272698 0.10238182] | [0.0250522  0.03054015 0.03413432] | [0.00323569 0.00238285 0.00197343] | [0.06350845 0.0931473  0.11519917] |
+-------+--------------------+--------------------+------------------+------------------------------------+------------------------------------+------------------------------------+------------------------------------+
epoch: 9 s: 0 batch_loss 0.5903666019439697 BPR_loss 0.5628663301467896 reg_loss 0.027500253170728683
epoch: 9 s: 256000 batch_loss 0.5803452730178833 BPR_loss 0.5509505271911621 reg_loss 0.02939477004110813
epoch: 9 s: 512000 batch_loss 0.5746018290519714 BPR_loss 0.546290397644043 reg_loss 0.028311407193541527
epoch: 9 s: 768000 batch_loss 0.5715036392211914 BPR_loss 0.5424177646636963 reg_loss 0.029085902497172356
epoch: 9 s: 1024000 batch_loss 0.5669767260551453 BPR_loss 0.5379250645637512 reg_loss 0.02905166707932949
epoch: 9 s: 1280000 batch_loss 0.5789429545402527 BPR_loss 0.5494327545166016 reg_loss 0.02951018139719963
+-------+-------------------+--------------------+-----------------+------------------------------------+------------------------------------+------------------------------------+------------------------------------+
| Epoch |  training time(s) |   tesing time(s)   |       Loss      |               recall               |                ndcg                |             precision              |             hit_ratio              |
+-------+-------------------+--------------------+-----------------+------------------------------------+------------------------------------+------------------------------------+------------------------------------+
|   9   | 138.0356307029724 | 1323.8195774555206 | 383.06103515625 | [0.04524162 0.06755488 0.08394029] | [0.02107252 0.02576804 0.02874909] | [0.00255833 0.00192687 0.00159857] | [0.05049472 0.07554858 0.09377487] |
|   9   | 138.0356307029724 | 1173.1236815452576 | 383.06103515625 | [0.05801042 0.08418036 0.1040365 ] | [0.0257102  0.03122606 0.03485959] | [0.00330857 0.00242283 0.00200507] | [0.06490294 0.09473087 0.1170191 ] |
+-------+-------------------+--------------------+-----------------+------------------------------------+------------------------------------+------------------------------------+------------------------------------+
epoch: 10 s: 0 batch_loss 0.5741413831710815 BPR_loss 0.5447244644165039 reg_loss 0.029416948556900024
epoch: 10 s: 256000 batch_loss 0.5629516839981079 BPR_loss 0.533231794834137 reg_loss 0.029719892889261246
epoch: 10 s: 512000 batch_loss 0.5640804171562195 BPR_loss 0.5334681272506714 reg_loss 0.030612291768193245
epoch: 10 s: 768000 batch_loss 0.5584091544151306 BPR_loss 0.527744710445404 reg_loss 0.030664442107081413
epoch: 10 s: 1024000 batch_loss 0.5703612565994263 BPR_loss 0.5403349995613098 reg_loss 0.030026262626051903
epoch: 10 s: 1280000 batch_loss 0.561329185962677 BPR_loss 0.5306260585784912 reg_loss 0.030703138560056686
+-------+--------------------+--------------------+-------------------+------------------------------------+------------------------------------+------------------------------------+------------------------------------+
| Epoch |  training time(s)  |   tesing time(s)   |        Loss       |               recall               |                ndcg                |             precision              |             hit_ratio              |
+-------+--------------------+--------------------+-------------------+------------------------------------+------------------------------------+------------------------------------+------------------------------------+
|   10  | 124.33435869216919 | 1298.7396459579468 | 376.6148986816406 | [0.04555658 0.06810808 0.08456148] | [0.02118761 0.02593533 0.02893286] | [0.00257074 0.0019391  0.00160977] | [0.05078681 0.07605243 0.09442477] |
|   10  | 124.33435869216919 | 1144.4939527511597 | 376.6148986816406 | [0.0586973  0.08558285 0.10534457] | [0.02616224 0.03182328 0.03544061] | [0.00334757 0.00246006 0.00202818] | [0.06567503 0.09611748 0.1184451 ] |
+-------+--------------------+--------------------+-------------------+------------------------------------+------------------------------------+------------------------------------+------------------------------------+
epoch: 11 s: 0 batch_loss 0.5547008514404297 BPR_loss 0.5224666595458984 reg_loss 0.03223419561982155
epoch: 11 s: 256000 batch_loss 0.5532558560371399 BPR_loss 0.5212907791137695 reg_loss 0.03196508437395096
epoch: 11 s: 512000 batch_loss 0.5473769903182983 BPR_loss 0.5149463415145874 reg_loss 0.03243062272667885
epoch: 11 s: 768000 batch_loss 0.5604057312011719 BPR_loss 0.528131365776062 reg_loss 0.03227439150214195
epoch: 11 s: 1024000 batch_loss 0.5499633550643921 BPR_loss 0.5167727470397949 reg_loss 0.03319060802459717
epoch: 11 s: 1280000 batch_loss 0.5414628386497498 BPR_loss 0.5079368948936462 reg_loss 0.03352596238255501
+-------+--------------------+--------------------+-------------------+------------------------------------+------------------------------------+------------------------------------+------------------------------------+
| Epoch |  training time(s)  |   tesing time(s)   |        Loss       |               recall               |                ndcg                |             precision              |             hit_ratio              |
+-------+--------------------+--------------------+-------------------+------------------------------------+------------------------------------+------------------------------------+------------------------------------+
|   11  | 122.88201928138733 | 1352.3351199626923 | 370.3951416015625 | [0.04608134 0.06871928 0.0851509 ] | [0.02140084 0.0261606  0.02915423] | [0.00260214 0.00195425 0.00161938] | [0.0514148  0.07665121 0.09496513] |
|   11  | 122.88201928138733 | 1147.887024641037  | 370.3951416015625 | [0.059228   0.08666294 0.10642308] | [0.02638289 0.03216629 0.03578817] | [0.00337238 0.00249039 0.00205011] | [0.06614774 0.09730713 0.11969778] |
+-------+--------------------+--------------------+-------------------+------------------------------------+------------------------------------+------------------------------------+------------------------------------+
epoch: 12 s: 0 batch_loss 0.5578787326812744 BPR_loss 0.5250756740570068 reg_loss 0.03280308470129967
epoch: 12 s: 256000 batch_loss 0.5443693399429321 BPR_loss 0.5102946758270264 reg_loss 0.03407466039061546
epoch: 12 s: 512000 batch_loss 0.5420054197311401 BPR_loss 0.5081033706665039 reg_loss 0.03390201926231384
epoch: 12 s: 768000 batch_loss 0.544235110282898 BPR_loss 0.5105950832366943 reg_loss 0.03364000469446182
epoch: 12 s: 1024000 batch_loss 0.5427824258804321 BPR_loss 0.5082793235778809 reg_loss 0.03450308367609978
epoch: 12 s: 1280000 batch_loss 0.5341137647628784 BPR_loss 0.4991632401943207 reg_loss 0.03495050221681595
+-------+--------------------+--------------------+-------------------+------------------------------------+------------------------------------+------------------------------------+------------------------------------+
| Epoch |  training time(s)  |   tesing time(s)   |        Loss       |               recall               |                ndcg                |             precision              |             hit_ratio              |
+-------+--------------------+--------------------+-------------------+------------------------------------+------------------------------------+------------------------------------+------------------------------------+
|   12  | 148.17369413375854 | 1271.2610065937042 | 364.0892028808594 | [0.04626831 0.06874508 0.08558814] | [0.02139311 0.02612118 0.02919237] | [0.00260579 0.00195334 0.0016273 ] | [0.05148052 0.07658549 0.09541057] |
|   12  | 148.17369413375854 | 1198.4066326618195 | 364.0892028808594 | [0.06009952 0.087608   0.10761743] | [0.02690708 0.03269594 0.03636752] | [0.00342359 0.00251383 0.00207217] | [0.06716406 0.09822104 0.12095834] |
+-------+--------------------+--------------------+-------------------+------------------------------------+------------------------------------+------------------------------------+------------------------------------+
epoch: 13 s: 0 batch_loss 0.5414428114891052 BPR_loss 0.5066302418708801 reg_loss 0.03481258079409599
epoch: 13 s: 256000 batch_loss 0.5376308560371399 BPR_loss 0.5036691427230835 reg_loss 0.033961694687604904
epoch: 13 s: 512000 batch_loss 0.5364377498626709 BPR_loss 0.5024434328079224 reg_loss 0.03399432450532913
epoch: 13 s: 768000 batch_loss 0.5333614945411682 BPR_loss 0.49801212549209595 reg_loss 0.03534936532378197
epoch: 13 s: 1024000 batch_loss 0.5308095812797546 BPR_loss 0.4948156774044037 reg_loss 0.035993918776512146
epoch: 13 s: 1280000 batch_loss 0.5328407287597656 BPR_loss 0.4966003894805908 reg_loss 0.036240316927433014
+-------+--------------------+--------------------+-------------------+------------------------------------+------------------------------------+------------------------------------+------------------------------------+
| Epoch |  training time(s)  |   tesing time(s)   |        Loss       |               recall               |                ndcg                |             precision              |             hit_ratio              |
+-------+--------------------+--------------------+-------------------+------------------------------------+------------------------------------+------------------------------------+------------------------------------+
|   13  | 129.49071073532104 | 1331.2829732894897 | 357.4571228027344 | [0.04670453 0.06919835 0.08606277] | [0.02166701 0.02639787 0.02946858] | [0.00262879 0.00196447 0.00163387] | [0.05195516 0.07701632 0.09580489] |
|   13  | 129.49071073532104 | 1186.3527247905731 | 357.4571228027344 | [0.06089152 0.08857226 0.10842821] | [0.02719032 0.03301147 0.03664575] | [0.00346181 0.00254219 0.00208557] | [0.06796767 0.09931615 0.12176194] |
+-------+--------------------+--------------------+-------------------+------------------------------------+------------------------------------+------------------------------------+------------------------------------+
epoch: 14 s: 0 batch_loss 0.52072674036026 BPR_loss 0.483917772769928 reg_loss 0.036808982491493225
epoch: 14 s: 256000 batch_loss 0.5308833122253418 BPR_loss 0.49445050954818726 reg_loss 0.03643279895186424
epoch: 14 s: 512000 batch_loss 0.539685070514679 BPR_loss 0.502971351146698 reg_loss 0.036713723093271255
epoch: 14 s: 768000 batch_loss 0.5188373327255249 BPR_loss 0.48175370693206787 reg_loss 0.037083595991134644
epoch: 14 s: 1024000 batch_loss 0.5177956819534302 BPR_loss 0.48025208711624146 reg_loss 0.037543606013059616
epoch: 14 s: 1280000 batch_loss 0.5234676003456116 BPR_loss 0.48695749044418335 reg_loss 0.03651008382439613
+-------+--------------------+--------------------+--------------------+------------------------------------+------------------------------------+------------------------------------+------------------------------------+
| Epoch |  training time(s)  |   tesing time(s)   |        Loss        |               recall               |                ndcg                |             precision              |             hit_ratio              |
+-------+--------------------+--------------------+--------------------+------------------------------------+------------------------------------+------------------------------------+------------------------------------+
|   14  | 136.61186909675598 | 1224.281587600708  | 350.89898681640625 | [0.04716644 0.06936066 0.08651266] | [0.02184569 0.02651065 0.02963499] | [0.00265216 0.00196648 0.00164214] | [0.05244441 0.07714776 0.09627953] |
|   14  | 136.61186909675598 | 1149.7683732509613 | 350.89898681640625 | [0.06110707 0.08906302 0.10925707] | [0.02738812 0.03327457 0.03697021] | [0.00346968 0.00255322 0.00210014] | [0.06818039 0.09976522 0.12263646] |
+-------+--------------------+--------------------+--------------------+------------------------------------+------------------------------------+------------------------------------+------------------------------------+
epoch: 15 s: 0 batch_loss 0.5118586421012878 BPR_loss 0.47440677881240845 reg_loss 0.0374518521130085
epoch: 15 s: 256000 batch_loss 0.503867506980896 BPR_loss 0.4656335711479187 reg_loss 0.038233909755945206
epoch: 15 s: 512000 batch_loss 0.5224910378456116 BPR_loss 0.48623529076576233 reg_loss 0.036255739629268646
epoch: 15 s: 768000 batch_loss 0.520043134689331 BPR_loss 0.48158007860183716 reg_loss 0.038463082164525986
epoch: 15 s: 1024000 batch_loss 0.5055716633796692 BPR_loss 0.4654926359653473 reg_loss 0.040079038590192795
epoch: 15 s: 1280000 batch_loss 0.5119903087615967 BPR_loss 0.47402632236480713 reg_loss 0.03796398639678955
+-------+-------------------+--------------------+-------------------+------------------------------------+------------------------------------+------------------------------------+------------------------------------+
| Epoch |  training time(s) |   tesing time(s)   |        Loss       |               recall               |                ndcg                |             precision              |             hit_ratio              |
+-------+-------------------+--------------------+-------------------+------------------------------------+------------------------------------+------------------------------------+------------------------------------+
|   15  | 135.1660168170929 | 1280.7891864776611 | 344.4826965332031 | [0.04757847 0.07001928 0.08660263] | [0.02197743 0.02668643 0.02970856] | [0.00267115 0.0019831  0.00164287] | [0.05282413 0.07783417 0.09634525] |
|   15  | 135.1660168170929 | 1151.4121837615967 | 344.4826965332031 | [0.06140619 0.08985009 0.11022832] | [0.02762421 0.03361656 0.03734593] | [0.00348268 0.00257548 0.00211905] | [0.0684325  0.10063973 0.12376308] |
+-------+-------------------+--------------------+-------------------+------------------------------------+------------------------------------+------------------------------------+------------------------------------+
epoch: 16 s: 0 batch_loss 0.5034136176109314 BPR_loss 0.46484774351119995 reg_loss 0.03856589272618294
epoch: 16 s: 256000 batch_loss 0.5055899620056152 BPR_loss 0.46632033586502075 reg_loss 0.03926962614059448
epoch: 16 s: 512000 batch_loss 0.5049054622650146 BPR_loss 0.46496492624282837 reg_loss 0.03994053602218628
epoch: 16 s: 768000 batch_loss 0.49978336691856384 BPR_loss 0.45975518226623535 reg_loss 0.04002818837761879
epoch: 16 s: 1024000 batch_loss 0.5076541900634766 BPR_loss 0.46806782484054565 reg_loss 0.0395863838493824
epoch: 16 s: 1280000 batch_loss 0.5042263269424438 BPR_loss 0.46465301513671875 reg_loss 0.039573341608047485
+-------+--------------------+--------------------+-------------------+------------------------------------+------------------------------------+------------------------------------+------------------------------------+
| Epoch |  training time(s)  |   tesing time(s)   |        Loss       |               recall               |                ndcg                |             precision              |             hit_ratio              |
+-------+--------------------+--------------------+-------------------+------------------------------------+------------------------------------+------------------------------------+------------------------------------+
|   16  | 145.06841135025024 | 1303.2912871837616 | 338.1414489746094 | [0.04752499 0.06989707 0.08626091] | [0.02204817 0.02675079 0.02973534] | [0.00266859 0.0019789  0.00163655] | [0.05275841 0.07769543 0.09597284] |
|   16  | 145.06841135025024 | 1017.7971985340118 | 338.1414489746094 | [0.06206271 0.09039546 0.11115243] | [0.02789453 0.03386372 0.03765869] | [0.00352483 0.00259241 0.00213625] | [0.0692361  0.10138819 0.12474789] |
+-------+--------------------+--------------------+-------------------+------------------------------------+------------------------------------+------------------------------------+------------------------------------+
epoch: 17 s: 0 batch_loss 0.49391984939575195 BPR_loss 0.453357458114624 reg_loss 0.040562402456998825
epoch: 17 s: 256000 batch_loss 0.4956337511539459 BPR_loss 0.4546399712562561 reg_loss 0.04099378362298012
epoch: 17 s: 512000 batch_loss 0.49416473507881165 BPR_loss 0.4537678360939026 reg_loss 0.04039689525961876
epoch: 17 s: 768000 batch_loss 0.49083900451660156 BPR_loss 0.44950419664382935 reg_loss 0.04133481904864311
epoch: 17 s: 1024000 batch_loss 0.5017673373222351 BPR_loss 0.4615112245082855 reg_loss 0.040256138890981674
epoch: 17 s: 1280000 batch_loss 0.4941193461418152 BPR_loss 0.4528164863586426 reg_loss 0.04130285978317261
+-------+--------------------+--------------------+---------------+------------------------------------+------------------------------------+------------------------------------+------------------------------------+
| Epoch |  training time(s)  |   tesing time(s)   |      Loss     |               recall               |                ndcg                |             precision              |             hit_ratio              |
+-------+--------------------+--------------------+---------------+------------------------------------+------------------------------------+------------------------------------+------------------------------------+
|   17  | 146.09837365150452 | 1113.9098103046417 | 332.021484375 | [0.04786284 0.06992933 0.08634547] | [0.02223013 0.02686789 0.02986427] | [0.00268685 0.00197817 0.00163728] | [0.05313082 0.07762971 0.09602395] |
|   17  | 146.09837365150452 | 877.1474502086639  | 332.021484375 | [0.06233039 0.09076884 0.11150718] | [0.0280419  0.0340318  0.03782782] | [0.00354256 0.00260463 0.00214505] | [0.06964578 0.10186878 0.12525999] |
+-------+--------------------+--------------------+---------------+------------------------------------+------------------------------------+------------------------------------+------------------------------------+
epoch: 18 s: 0 batch_loss 0.5089164972305298 BPR_loss 0.4673205018043518 reg_loss 0.04159596934914589
epoch: 18 s: 256000 batch_loss 0.48550835251808167 BPR_loss 0.44414660334587097 reg_loss 0.041361745446920395
epoch: 18 s: 512000 batch_loss 0.49634045362472534 BPR_loss 0.4544146656990051 reg_loss 0.04192580282688141
epoch: 18 s: 768000 batch_loss 0.4935341477394104 BPR_loss 0.4520133435726166 reg_loss 0.041520796716213226
epoch: 18 s: 1024000 batch_loss 0.48043978214263916 BPR_loss 0.4371824860572815 reg_loss 0.043257299810647964
epoch: 18 s: 1280000 batch_loss 0.48554155230522156 BPR_loss 0.4426729679107666 reg_loss 0.04286857321858406
+-------+--------------------+-------------------+-------------------+------------------------------------+------------------------------------+------------------------------------+------------------------------------+
| Epoch |  training time(s)  |   tesing time(s)  |        Loss       |               recall               |                ndcg                |             precision              |             hit_ratio              |
+-------+--------------------+-------------------+-------------------+------------------------------------+------------------------------------+------------------------------------+------------------------------------+
|   18  | 127.24980521202087 | 918.0620386600494 | 326.1140441894531 | [0.04799941 0.07002458 0.08629665] | [0.02229589 0.02692737 0.02989667] | [0.00268831 0.00197944 0.00163521] | [0.05321114 0.07773194 0.09592172] |
|   18  | 127.24980521202087 |  752.264050245285 | 326.1140441894531 | [0.06250417 0.09062791 0.11176726] | [0.02814984 0.03408024 0.03794668] | [0.00355004 0.0026001  0.00214781] | [0.06982699 0.1016403  0.12540968] |
+-------+--------------------+-------------------+-------------------+------------------------------------+------------------------------------+------------------------------------+------------------------------------+
epoch: 19 s: 0 batch_loss 0.4876513183116913 BPR_loss 0.44565415382385254 reg_loss 0.041997164487838745
epoch: 19 s: 256000 batch_loss 0.48246586322784424 BPR_loss 0.43834513425827026 reg_loss 0.04412074387073517
epoch: 19 s: 512000 batch_loss 0.478366494178772 BPR_loss 0.4346563220024109 reg_loss 0.04371016100049019
epoch: 19 s: 768000 batch_loss 0.48177284002304077 BPR_loss 0.4375123977661133 reg_loss 0.04426043853163719
epoch: 19 s: 1024000 batch_loss 0.4861464500427246 BPR_loss 0.4416012167930603 reg_loss 0.04454522952437401
epoch: 19 s: 1280000 batch_loss 0.4743960499763489 BPR_loss 0.43034297227859497 reg_loss 0.0440530851483345
+-------+--------------------+-------------------+--------------------+------------------------------------+------------------------------------+------------------------------------+------------------------------------+
| Epoch |  training time(s)  |   tesing time(s)  |        Loss        |               recall               |                ndcg                |             precision              |             hit_ratio              |
+-------+--------------------+-------------------+--------------------+------------------------------------+------------------------------------+------------------------------------+------------------------------------+
|   19  | 113.70666217803955 | 882.0514497756958 | 320.52252197265625 | [0.04785823 0.07025008 0.08629458] | [0.02221771 0.02692221 0.02984802] | [0.00267772 0.00198328 0.00163411] | [0.05301398 0.07788528 0.09587791] |
|   19  | 113.70666217803955 | 781.3704371452332 | 320.52252197265625 | [0.06304217 0.09145461 0.11215807] | [0.02834761 0.03432529 0.03811305] | [0.00358235 0.00262413 0.00215621] | [0.07045727 0.10260147 0.12585088] |
+-------+--------------------+-------------------+--------------------+------------------------------------+------------------------------------+------------------------------------+------------------------------------+
epoch: 20 s: 0 batch_loss 0.4778268039226532 BPR_loss 0.4348430037498474 reg_loss 0.042983800172805786
epoch: 20 s: 256000 batch_loss 0.465276837348938 BPR_loss 0.4208942651748657 reg_loss 0.04438256844878197
epoch: 20 s: 512000 batch_loss 0.47355014085769653 BPR_loss 0.4294033646583557 reg_loss 0.044146787375211716
epoch: 20 s: 768000 batch_loss 0.4768102467060089 BPR_loss 0.43252480030059814 reg_loss 0.04428545758128166
epoch: 20 s: 1024000 batch_loss 0.47757604718208313 BPR_loss 0.43268948793411255 reg_loss 0.04488655552268028
epoch: 20 s: 1280000 batch_loss 0.47909003496170044 BPR_loss 0.4347507357597351 reg_loss 0.04433930292725563
+-------+--------------------+-------------------+--------------------+------------------------------------+------------------------------------+------------------------------------+------------------------------------+
| Epoch |  training time(s)  |   tesing time(s)  |        Loss        |               recall               |                ndcg                |             precision              |             hit_ratio              |
+-------+--------------------+-------------------+--------------------+------------------------------------+------------------------------------+------------------------------------+------------------------------------+
|   20  | 104.08957314491272 | 771.3331496715546 | 314.83428955078125 | [0.04782055 0.07001524 0.08629856] | [0.02218454 0.02685543 0.02982011] | [0.0026748  0.00197835 0.00163241] | [0.05294096 0.07768082 0.0958487 ] |
|   20  | 104.08957314491272 | 700.4984495639801 | 314.83428955078125 | [0.0631804  0.09160577 0.11263149] | [0.02850297 0.034492   0.03834017] | [0.00359062 0.00262846 0.00216593] | [0.07056757 0.10271965 0.12636298] |
+-------+--------------------+-------------------+--------------------+------------------------------------+------------------------------------+------------------------------------+------------------------------------+
epoch: 21 s: 0 batch_loss 0.47272709012031555 BPR_loss 0.4276687502861023 reg_loss 0.04505835101008415
epoch: 21 s: 256000 batch_loss 0.4591165781021118 BPR_loss 0.4136365056037903 reg_loss 0.04548007249832153
epoch: 21 s: 512000 batch_loss 0.47108492255210876 BPR_loss 0.42626047134399414 reg_loss 0.04482444003224373
epoch: 21 s: 768000 batch_loss 0.4611523151397705 BPR_loss 0.4148179292678833 reg_loss 0.046334393322467804
epoch: 21 s: 1024000 batch_loss 0.46682009100914 BPR_loss 0.42084747552871704 reg_loss 0.04597260802984238
epoch: 21 s: 1280000 batch_loss 0.46268194913864136 BPR_loss 0.41698139905929565 reg_loss 0.045700553804636
+-------+------------------+-------------------+------------------+------------------------------------+------------------------------------+------------------------------------+------------------------------------+
| Epoch | training time(s) |   tesing time(s)  |       Loss       |               recall               |                ndcg                |             precision              |             hit_ratio              |
+-------+------------------+-------------------+------------------+------------------------------------+------------------------------------+------------------------------------+------------------------------------+
|   21  | 96.0816798210144 | 649.4003672599792 | 309.727783203125 | [0.04780009 0.07017325 0.08626608] | [0.02231215 0.02701888 0.02995552] | [0.00267443 0.00198182 0.00163314] | [0.05290445 0.07786338 0.09590712] |
|   21  | 96.0816798210144 | 559.2415890693665 | 309.727783203125 | [0.06294207 0.09167978 0.11258763] | [0.02834604 0.03440494 0.03823113] | [0.00357053 0.00262688 0.00216356] | [0.07020516 0.1026645  0.12626844] |
+-------+------------------+-------------------+------------------+------------------------------------+------------------------------------+------------------------------------+------------------------------------+
epoch: 22 s: 0 batch_loss 0.46031326055526733 BPR_loss 0.41275447607040405 reg_loss 0.04755879193544388
epoch: 22 s: 256000 batch_loss 0.44842907786369324 BPR_loss 0.4030090570449829 reg_loss 0.04542000964283943
epoch: 22 s: 512000 batch_loss 0.4635677933692932 BPR_loss 0.41788250207901 reg_loss 0.0456852987408638
epoch: 22 s: 768000 batch_loss 0.46204155683517456 BPR_loss 0.41536134481430054 reg_loss 0.04668021947145462
epoch: 22 s: 1024000 batch_loss 0.4455733299255371 BPR_loss 0.3993542492389679 reg_loss 0.04621907323598862
epoch: 22 s: 1280000 batch_loss 0.45327433943748474 BPR_loss 0.4056555926799774 reg_loss 0.047618746757507324
+-------+-------------------+-------------------+-------------------+------------------------------------+------------------------------------+------------------------------------+------------------------------------+
| Epoch |  training time(s) |   tesing time(s)  |        Loss       |               recall               |                ndcg                |             precision              |             hit_ratio              |
+-------+-------------------+-------------------+-------------------+------------------------------------+------------------------------------+------------------------------------+------------------------------------+
|   22  | 98.20452833175659 | 647.5040860176086 | 304.7478942871094 | [0.04761862 0.06973466 0.08579066] | [0.0221688  0.02681757 0.02974623] | [0.00266275 0.00196794 0.00162279] | [0.0527219  0.07733032 0.09535215] |
|   22  | 98.20452833175659 | 524.8434672355652 | 304.7478942871094 | [0.06321223 0.09187337 0.11263199] |  [0.0285227 0.0345629 0.0383636]   | [0.00358747 0.00263338 0.00216501] | [0.07051242 0.10291661 0.12633146] |
+-------+-------------------+-------------------+-------------------+------------------------------------+------------------------------------+------------------------------------+------------------------------------+
epoch: 23 s: 0 batch_loss 0.44148507714271545 BPR_loss 0.3935384154319763 reg_loss 0.04794667288661003
epoch: 23 s: 256000 batch_loss 0.4507823884487152 BPR_loss 0.4039076566696167 reg_loss 0.04687473922967911
epoch: 23 s: 512000 batch_loss 0.4440370798110962 BPR_loss 0.3964783549308777 reg_loss 0.0475587323307991
epoch: 23 s: 768000 batch_loss 0.4467602074146271 BPR_loss 0.3983958959579468 reg_loss 0.048364318907260895
epoch: 23 s: 1024000 batch_loss 0.44880595803260803 BPR_loss 0.4005260467529297 reg_loss 0.048279911279678345
epoch: 23 s: 1280000 batch_loss 0.4441491961479187 BPR_loss 0.3960801362991333 reg_loss 0.048069067299366
+-------+-------------------+--------------------+-------------------+------------------------------------+------------------------------------+------------------------------------+------------------------------------+
| Epoch |  training time(s) |   tesing time(s)   |        Loss       |               recall               |                ndcg                |             precision              |             hit_ratio              |
+-------+-------------------+--------------------+-------------------+------------------------------------+------------------------------------+------------------------------------+------------------------------------+
|   23  | 83.48878049850464 |  527.399533033371  | 299.9825439453125 | [0.04746005 0.06978035 0.08560768] | [0.0221224  0.02681583 0.02970527] | [0.00265216 0.00196794 0.00161975] | [0.05253204 0.07736683 0.0951769 ] |
|   23  | 83.48878049850464 | 436.69809889793396 | 299.9825439453125 | [0.06340143 0.09174725 0.11278552] | [0.02853649 0.03451219 0.03836363] | [0.00359771 0.00262846 0.00216737] | [0.07073301 0.10275117 0.12649691] |
+-------+-------------------+--------------------+-------------------+------------------------------------+------------------------------------+------------------------------------+------------------------------------+
epoch: 24 s: 0 batch_loss 0.4400378167629242 BPR_loss 0.3918772339820862 reg_loss 0.048160579055547714
epoch: 24 s: 256000 batch_loss 0.4479466676712036 BPR_loss 0.4001513123512268 reg_loss 0.047795370221138
epoch: 24 s: 512000 batch_loss 0.4398839771747589 BPR_loss 0.391090989112854 reg_loss 0.04879297688603401
epoch: 24 s: 768000 batch_loss 0.43818891048431396 BPR_loss 0.38863658905029297 reg_loss 0.0495523102581501
epoch: 24 s: 1024000 batch_loss 0.43930456042289734 BPR_loss 0.38912975788116455 reg_loss 0.05017479136586189
epoch: 24 s: 1280000 batch_loss 0.45075273513793945 BPR_loss 0.4007776379585266 reg_loss 0.04997509345412254
+-------+-------------------+-------------------+-------------------+------------------------------------+------------------------------------+------------------------------------+------------------------------------+
| Epoch |  training time(s) |   tesing time(s)  |        Loss       |               recall               |                ndcg                |             precision              |             hit_ratio              |
+-------+-------------------+-------------------+-------------------+------------------------------------+------------------------------------+------------------------------------+------------------------------------+
|   24  | 83.29046511650085 | 490.0056219100952 | 295.5968933105469 | [0.04755216 0.06953509 0.08561706] | [0.02208272 0.02669896 0.02963256] | [0.00265545 0.00195882 0.00161841] | [0.05259046 0.07704553 0.09510387] |
|   24  | 83.29046511650085 | 450.1207208633423 | 295.5968933105469 | [0.06332494 0.09198724 0.11299283] | [0.02857987 0.03462153 0.03846671] | [0.00359219 0.00263555 0.00217131] | [0.07059908 0.10297176 0.12674902] |
+-------+-------------------+-------------------+-------------------+------------------------------------+------------------------------------+------------------------------------+------------------------------------+
epoch: 25 s: 0 batch_loss 0.4362473487854004 BPR_loss 0.38668912649154663 reg_loss 0.04955822974443436
epoch: 25 s: 256000 batch_loss 0.448662668466568 BPR_loss 0.3984012305736542 reg_loss 0.05026143789291382
epoch: 25 s: 512000 batch_loss 0.4391597807407379 BPR_loss 0.3897988200187683 reg_loss 0.0493609681725502
epoch: 25 s: 768000 batch_loss 0.44418397545814514 BPR_loss 0.3933447599411011 reg_loss 0.05083920806646347
epoch: 25 s: 1024000 batch_loss 0.44083958864212036 BPR_loss 0.39133965969085693 reg_loss 0.04949994012713432
epoch: 25 s: 1280000 batch_loss 0.4365820288658142 BPR_loss 0.3860253691673279 reg_loss 0.05055665969848633
+-------+-------------------+--------------------+-------------------+------------------------------------+------------------------------------+------------------------------------+------------------------------------+
| Epoch |  training time(s) |   tesing time(s)   |        Loss       |               recall               |                ndcg                |             precision              |             hit_ratio              |
+-------+-------------------+--------------------+-------------------+------------------------------------+------------------------------------+------------------------------------+------------------------------------+
|   25  | 81.51540422439575 | 493.92874693870544 | 291.8331604003906 | [0.04765153 0.06975824 0.08546689] | [0.02220236 0.02684486 0.02971321] | [0.00266275 0.00196484 0.00161634] | [0.0527292  0.0772646  0.09498704] |
|   25  | 81.51540422439575 | 445.3705244064331  | 291.8331604003906 | [0.06346152 0.09193475 0.11264448] | [0.02862954 0.034625   0.03841575] | [0.00359692 0.00263358 0.00216422] | [0.07071726 0.10291661 0.12636298] |
+-------+-------------------+--------------------+-------------------+------------------------------------+------------------------------------+------------------------------------+------------------------------------+
epoch: 26 s: 0 batch_loss 0.4374608099460602 BPR_loss 0.3867902159690857 reg_loss 0.05067059397697449
epoch: 26 s: 256000 batch_loss 0.43223559856414795 BPR_loss 0.38091379404067993 reg_loss 0.051321789622306824
epoch: 26 s: 512000 batch_loss 0.4352254867553711 BPR_loss 0.3837375044822693 reg_loss 0.05148797109723091
epoch: 26 s: 768000 batch_loss 0.43268507719039917 BPR_loss 0.3817826211452484 reg_loss 0.05090246722102165
epoch: 26 s: 1024000 batch_loss 0.43670016527175903 BPR_loss 0.3857802450656891 reg_loss 0.050919923931360245
epoch: 26 s: 1280000 batch_loss 0.42606204748153687 BPR_loss 0.374803364276886 reg_loss 0.05125869810581207
+-------+-------------------+--------------------+-------------------+------------------------------------+------------------------------------+------------------------------------+------------------------------------+
| Epoch |  training time(s) |   tesing time(s)   |        Loss       |               recall               |                ndcg                |             precision              |             hit_ratio              |
+-------+-------------------+--------------------+-------------------+------------------------------------+------------------------------------+------------------------------------+------------------------------------+
|   26  | 83.32888436317444 | 486.0895926952362  | 287.7020568847656 | [0.04737444 0.06944366 0.08529425] | [0.02205892 0.0266988  0.02959401] | [0.00264741 0.00195626 0.00161306] | [0.05242251 0.0769433  0.09480448] |
|   26  | 83.32888436317444 | 454.74080085754395 | 287.7020568847656 | [0.06382649 0.09175849 0.11258059] | [0.02878838 0.0346716  0.03848641] | [0.00362016 0.00262925 0.00216396] | [0.07118209 0.10275904 0.12626056] |
+-------+-------------------+--------------------+-------------------+------------------------------------+------------------------------------+------------------------------------+------------------------------------+
epoch: 27 s: 0 batch_loss 0.42055776715278625 BPR_loss 0.37052467465400696 reg_loss 0.0500330924987793
epoch: 27 s: 256000 batch_loss 0.4350561499595642 BPR_loss 0.3848152458667755 reg_loss 0.05024091899394989
epoch: 27 s: 512000 batch_loss 0.4310377836227417 BPR_loss 0.3792833983898163 reg_loss 0.05175440013408661
epoch: 27 s: 768000 batch_loss 0.43357032537460327 BPR_loss 0.38295698165893555 reg_loss 0.05061333253979683
epoch: 27 s: 1024000 batch_loss 0.4233086109161377 BPR_loss 0.371029794216156 reg_loss 0.052278824150562286
epoch: 27 s: 1280000 batch_loss 0.4308251142501831 BPR_loss 0.3796452581882477 reg_loss 0.051179856061935425
+-------+-------------------+--------------------+--------------------+------------------------------------+------------------------------------+------------------------------------+------------------------------------+
| Epoch |  training time(s) |   tesing time(s)   |        Loss        |               recall               |                ndcg                |             precision              |             hit_ratio              |
+-------+-------------------+--------------------+--------------------+------------------------------------+------------------------------------+------------------------------------+------------------------------------+
|   27  | 84.79936099052429 | 483.88052582740784 | 284.11553955078125 | [0.04766969 0.06927358 0.08515599] | [0.02219776 0.02673512 0.02963811] | [0.00266567 0.00195151 0.00161062] | [0.05276571 0.07683377 0.09468035] |
|   27  | 84.79936099052429 | 457.27327847480774 | 284.11553955078125 | [0.06361655 0.091746   0.11250992] | [0.02875757 0.03468624 0.03848382] | [0.00360677 0.00263023 0.00216133] | [0.07090634 0.10278268 0.12617389] |
+-------+-------------------+--------------------+--------------------+------------------------------------+------------------------------------+------------------------------------+------------------------------------+
epoch: 28 s: 0 batch_loss 0.41697046160697937 BPR_loss 0.36515185236930847 reg_loss 0.0518186055123806
epoch: 28 s: 256000 batch_loss 0.42015311121940613 BPR_loss 0.3683242201805115 reg_loss 0.051828883588314056
epoch: 28 s: 512000 batch_loss 0.41831743717193604 BPR_loss 0.3655226230621338 reg_loss 0.05279482901096344
epoch: 28 s: 768000 batch_loss 0.41982969641685486 BPR_loss 0.367628276348114 reg_loss 0.052201420068740845
epoch: 28 s: 1024000 batch_loss 0.41635996103286743 BPR_loss 0.36369165778160095 reg_loss 0.05266830697655678
epoch: 28 s: 1280000 batch_loss 0.42300084233283997 BPR_loss 0.3692961037158966 reg_loss 0.053704749792814255
+-------+-------------------+--------------------+--------------------+------------------------------------+------------------------------------+------------------------------------+------------------------------------+
| Epoch |  training time(s) |   tesing time(s)   |        Loss        |               recall               |                ndcg                |             precision              |             hit_ratio              |
+-------+-------------------+--------------------+--------------------+------------------------------------+------------------------------------+------------------------------------+------------------------------------+
|   28  | 86.73482656478882 | 503.72452759742737 | 280.76312255859375 | [0.04730803 0.06894563 0.08486425] | [0.02204574 0.0265878  0.02949265] | [0.00264559 0.00194129 0.00160308] | [0.0524006  0.07643945 0.09430063] |
|   28  | 86.73482656478882 | 466.1979146003723  | 280.76312255859375 | [0.06342521 0.09160435 0.11233862] | [0.02867353 0.03460592 0.03840229] | [0.00360401 0.00262472 0.00215778] | [0.07081968 0.10256996 0.12605572] |
+-------+-------------------+--------------------+--------------------+------------------------------------+------------------------------------+------------------------------------+------------------------------------+
epoch: 29 s: 0 batch_loss 0.4159199595451355 BPR_loss 0.36169254779815674 reg_loss 0.05422741547226906
epoch: 29 s: 256000 batch_loss 0.4177152216434479 BPR_loss 0.3648529648780823 reg_loss 0.0528622642159462
epoch: 29 s: 512000 batch_loss 0.41422152519226074 BPR_loss 0.36068010330200195 reg_loss 0.053541429340839386
epoch: 29 s: 768000 batch_loss 0.41193485260009766 BPR_loss 0.3584679365158081 reg_loss 0.053466908633708954
epoch: 29 s: 1024000 batch_loss 0.41665369272232056 BPR_loss 0.36318302154541016 reg_loss 0.05347065627574921
epoch: 29 s: 1280000 batch_loss 0.4247494041919708 BPR_loss 0.37188276648521423 reg_loss 0.052866626530885696
+-------+-------------------+--------------------+-------------------+------------------------------------+------------------------------------+------------------------------------+------------------------------------+
| Epoch |  training time(s) |   tesing time(s)   |        Loss       |               recall               |                ndcg                |             precision              |             hit_ratio              |
+-------+-------------------+--------------------+-------------------+------------------------------------+------------------------------------+------------------------------------+------------------------------------+
|   29  | 76.83131909370422 | 390.31296968460083 | 277.7378845214844 | [0.04723162 0.0687445  0.08482978] | [0.02199463 0.02651109 0.02944964] | [0.00264048 0.00193746 0.00160429] | [0.05228376 0.07626419 0.09435175] |
|   29  | 76.83131909370422 | 366.14057636260986 | 277.7378845214844 | [0.06358755 0.09167136 0.11194458] | [0.02866087 0.03456998 0.03828779] | [0.00360795 0.00262452 0.00215109] | [0.07095361 0.10256996 0.12556725] |
+-------+-------------------+--------------------+-------------------+------------------------------------+------------------------------------+------------------------------------+------------------------------------+
epoch: 30 s: 0 batch_loss 0.4029378592967987 BPR_loss 0.3496518135070801 reg_loss 0.05328604206442833
epoch: 30 s: 256000 batch_loss 0.40722185373306274 BPR_loss 0.3528723120689392 reg_loss 0.05434955656528473
epoch: 30 s: 512000 batch_loss 0.419415682554245 BPR_loss 0.36595994234085083 reg_loss 0.05345573276281357
epoch: 30 s: 768000 batch_loss 0.40796753764152527 BPR_loss 0.35160619020462036 reg_loss 0.056361354887485504
epoch: 30 s: 1024000 batch_loss 0.41203540563583374 BPR_loss 0.35671359300613403 reg_loss 0.055321820080280304
epoch: 30 s: 1280000 batch_loss 0.4073799252510071 BPR_loss 0.35239624977111816 reg_loss 0.05498366057872772
+-------+-------------------+-------------------+-----------------+------------------------------------+------------------------------------+------------------------------------+------------------------------------+
| Epoch |  training time(s) |   tesing time(s)  |       Loss      |               recall               |                ndcg                |             precision              |             hit_ratio              |
+-------+-------------------+-------------------+-----------------+------------------------------------+------------------------------------+------------------------------------+------------------------------------+
|   30  | 77.75001811981201 |  391.858345746994 | 274.89794921875 | [0.0468948  0.06838673 0.08445046] | [0.02183274 0.02635008 0.02928434] | [0.00261966 0.00192669 0.00159687] | [0.05190405 0.07589178 0.0938771 ] |
|   30  | 77.75001811981201 | 367.9284312725067 | 274.89794921875 | [0.06341507 0.09156401 0.11204693] | [0.02869227 0.03461439 0.0383698 ] | [0.00360086 0.00262038 0.00215345] | [0.07078028 0.10245966 0.12567755] |
+-------+-------------------+-------------------+-----------------+------------------------------------+------------------------------------+------------------------------------+------------------------------------+
epoch: 31 s: 0 batch_loss 0.4140537679195404 BPR_loss 0.3595864772796631 reg_loss 0.054467279464006424
epoch: 31 s: 256000 batch_loss 0.41178885102272034 BPR_loss 0.3579242527484894 reg_loss 0.053864605724811554
epoch: 31 s: 512000 batch_loss 0.41374483704566956 BPR_loss 0.3596680164337158 reg_loss 0.05407680943608284
epoch: 31 s: 768000 batch_loss 0.41220733523368835 BPR_loss 0.3566592037677765 reg_loss 0.05554812774062157
epoch: 31 s: 1024000 batch_loss 0.4019765257835388 BPR_loss 0.34632766246795654 reg_loss 0.05564885213971138
epoch: 31 s: 1280000 batch_loss 0.40834879875183105 BPR_loss 0.3525826930999756 reg_loss 0.05576610937714577
+-------+-------------------+-------------------+--------------------+------------------------------------+------------------------------------+------------------------------------+------------------------------------+
| Epoch |  training time(s) |   tesing time(s)  |        Loss        |               recall               |                ndcg                |             precision              |             hit_ratio              |
+-------+-------------------+-------------------+--------------------+------------------------------------+------------------------------------+------------------------------------+------------------------------------+
|   31  | 77.75146222114563 | 393.1258511543274 | 272.17559814453125 | [0.04687408 0.06840384 0.08415402] | [0.02181039 0.02633307 0.02921049] | [0.00261857 0.00192669 0.00159139] | [0.05186754 0.07586987 0.09357771] |
|   31  | 77.75146222114563 | 375.1929380893707 | 272.17559814453125 | [0.06326861 0.09117897 0.11163381] | [0.02856334 0.03444235 0.03819023] | [0.00359022 0.00261014 0.00214518] | [0.0705912  0.10205786 0.12519696] |
+-------+-------------------+-------------------+--------------------+------------------------------------+------------------------------------+------------------------------------+------------------------------------+
epoch: 32 s: 0 batch_loss 0.4068569540977478 BPR_loss 0.35160931944847107 reg_loss 0.05524763837456703
epoch: 32 s: 256000 batch_loss 0.40278640389442444 BPR_loss 0.34564143419265747 reg_loss 0.05714496970176697
epoch: 32 s: 512000 batch_loss 0.40695425868034363 BPR_loss 0.349248468875885 reg_loss 0.057705797255039215
epoch: 32 s: 768000 batch_loss 0.39086398482322693 BPR_loss 0.3342187702655792 reg_loss 0.0566452220082283
epoch: 32 s: 1024000 batch_loss 0.4109100103378296 BPR_loss 0.35643917322158813 reg_loss 0.054470837116241455
epoch: 32 s: 1280000 batch_loss 0.4046151340007782 BPR_loss 0.34890300035476685 reg_loss 0.055712129920721054
+-------+-------------------+--------------------+-------------------+------------------------------------+------------------------------------+------------------------------------+------------------------------------+
| Epoch |  training time(s) |   tesing time(s)   |        Loss       |               recall               |                ndcg                |             precision              |             hit_ratio              |
+-------+-------------------+--------------------+-------------------+------------------------------------+------------------------------------+------------------------------------+------------------------------------+
|   32  | 77.57855439186096 | 385.60135221481323 | 269.5570068359375 | [0.04663764 0.06816994 0.08408375] | [0.02172185 0.02624377 0.0291509 ] | [0.0026047  0.00191865 0.00158969] | [0.05159005 0.07559969 0.0935339 ] |
|   32  | 77.57855439186096 | 377.2695937156677  | 269.5570068359375 | [0.06336875 0.09082637 0.11142995] | [0.02852352 0.03430228 0.03807609] | [0.00359495 0.00259911 0.0021398 ] | [0.0707015  0.1016403  0.12494485] |
+-------+-------------------+--------------------+-------------------+------------------------------------+------------------------------------+------------------------------------+------------------------------------+
epoch: 33 s: 0 batch_loss 0.4004341661930084 BPR_loss 0.34456998109817505 reg_loss 0.055864185094833374
epoch: 33 s: 256000 batch_loss 0.3976791501045227 BPR_loss 0.340573251247406 reg_loss 0.0571058914065361
epoch: 33 s: 512000 batch_loss 0.3990997076034546 BPR_loss 0.34234532713890076 reg_loss 0.056754373013973236
epoch: 33 s: 768000 batch_loss 0.3903666138648987 BPR_loss 0.3324483335018158 reg_loss 0.05791826918721199
epoch: 33 s: 1024000 batch_loss 0.4032498002052307 BPR_loss 0.3470677435398102 reg_loss 0.05618205666542053
epoch: 33 s: 1280000 batch_loss 0.40090200304985046 BPR_loss 0.3430584669113159 reg_loss 0.05784353241324425
+-------+-------------------+--------------------+-------------------+------------------------------------+------------------------------------+------------------------------------+------------------------------------+
| Epoch |  training time(s) |   tesing time(s)   |        Loss       |               recall               |                ndcg                |             precision              |             hit_ratio              |
+-------+-------------------+--------------------+-------------------+------------------------------------+------------------------------------+------------------------------------+------------------------------------+
|   33  | 77.94736337661743 | 396.4759373664856  | 267.2191162109375 | [0.0465205  0.06801219 0.08400329] | [0.02163045 0.02614824 0.02906633] | [0.00259812 0.00191482 0.00158689] | [0.05145131 0.07543904 0.09338055] |
|   33  | 77.94736337661743 | 386.41573882102966 | 267.2191162109375 | [0.06299989 0.09069291 0.11139692] | [0.02842819 0.03425825 0.03805303] | [0.00357526 0.00259576 0.00214111] | [0.07033121 0.10154576 0.12501576] |
+-------+-------------------+--------------------+-------------------+------------------------------------+------------------------------------+------------------------------------+------------------------------------+
epoch: 34 s: 0 batch_loss 0.3999924659729004 BPR_loss 0.34349656105041504 reg_loss 0.056495897471904755
epoch: 34 s: 256000 batch_loss 0.39559558033943176 BPR_loss 0.3371926546096802 reg_loss 0.058402933180332184
epoch: 34 s: 512000 batch_loss 0.39958494901657104 BPR_loss 0.3437485098838806 reg_loss 0.05583644285798073
epoch: 34 s: 768000 batch_loss 0.3927026391029358 BPR_loss 0.33563584089279175 reg_loss 0.05706681311130524
epoch: 34 s: 1024000 batch_loss 0.3998790681362152 BPR_loss 0.34047481417655945 reg_loss 0.05940426141023636
epoch: 34 s: 1280000 batch_loss 0.3999268412590027 BPR_loss 0.3447006344795227 reg_loss 0.05522621050477028
+-------+-------------------+--------------------+-------------------+------------------------------------+------------------------------------+------------------------------------+------------------------------------+
| Epoch |  training time(s) |   tesing time(s)   |        Loss       |               recall               |                ndcg                |             precision              |             hit_ratio              |
+-------+-------------------+--------------------+-------------------+------------------------------------+------------------------------------+------------------------------------+------------------------------------+
|   34  | 77.19065928459167 | 397.5898883342743  | 265.1695556640625 | [0.04637951 0.06784002 0.08361963] | [0.02155837 0.02606943 0.02895029] | [0.00259009 0.00191153 0.00158093] | [0.05131987 0.07533681 0.09305196] |
|   34  | 77.19065928459167 | 382.93107891082764 | 265.1695556640625 | [0.06300227 0.09066723 0.11116069] | [0.02839227 0.03421979 0.03797659] | [0.00357683 0.00259596 0.00213717] | [0.07033909 0.10150637 0.12476365] |
+-------+-------------------+--------------------+-------------------+------------------------------------+------------------------------------+------------------------------------+------------------------------------+
epoch: 35 s: 0 batch_loss 0.3917985260486603 BPR_loss 0.3355923295021057 reg_loss 0.05620618537068367
epoch: 35 s: 256000 batch_loss 0.3974758982658386 BPR_loss 0.3388820290565491 reg_loss 0.058593880385160446
epoch: 35 s: 512000 batch_loss 0.39552798867225647 BPR_loss 0.3373311161994934 reg_loss 0.05819687247276306
epoch: 35 s: 768000 batch_loss 0.3941957354545593 BPR_loss 0.3359813690185547 reg_loss 0.05821436271071434
epoch: 35 s: 1024000 batch_loss 0.395968496799469 BPR_loss 0.3371039628982544 reg_loss 0.0588645301759243
epoch: 35 s: 1280000 batch_loss 0.3905062675476074 BPR_loss 0.33214280009269714 reg_loss 0.05836348235607147
+-------+-------------------+--------------------+--------------------+------------------------------------+------------------------------------+------------------------------------+------------------------------------+
| Epoch |  training time(s) |   tesing time(s)   |        Loss        |               recall               |                ndcg                |             precision              |             hit_ratio              |
+-------+-------------------+--------------------+--------------------+------------------------------------+------------------------------------+------------------------------------+------------------------------------+
|   35  | 76.68436598777771 | 385.8690984249115  | 262.96453857421875 | [0.04619614 0.06757013 0.08328152] | [0.02149704 0.02598901 0.0288571 ] | [0.00258096 0.00190387 0.00157375] | [0.05112271 0.07505203 0.09265033] |
|   35  | 76.68436598777771 | 370.77756905555725 | 262.96453857421875 | [0.06303657 0.09056615 0.11097118] | [0.02845003 0.03425649 0.03799702] | [0.00357801 0.00259379 0.00213389] | [0.07038636 0.10145122 0.1245588 ] |
+-------+-------------------+--------------------+--------------------+------------------------------------+------------------------------------+------------------------------------+------------------------------------+
epoch: 36 s: 0 batch_loss 0.39151930809020996 BPR_loss 0.3327810764312744 reg_loss 0.058738239109516144
epoch: 36 s: 256000 batch_loss 0.384535014629364 BPR_loss 0.326435923576355 reg_loss 0.058099083602428436
epoch: 36 s: 512000 batch_loss 0.39003100991249084 BPR_loss 0.3322221040725708 reg_loss 0.057808905839920044
epoch: 36 s: 768000 batch_loss 0.3815723657608032 BPR_loss 0.3244627118110657 reg_loss 0.05710965767502785
epoch: 36 s: 1024000 batch_loss 0.3855611979961395 BPR_loss 0.32718026638031006 reg_loss 0.05838092789053917
epoch: 36 s: 1280000 batch_loss 0.39808332920074463 BPR_loss 0.33961600065231323 reg_loss 0.0584673248231411
+-------+------------------+--------------------+------------------+------------------------------------+------------------------------------+------------------------------------+------------------------------------+
| Epoch | training time(s) |   tesing time(s)   |       Loss       |               recall               |                ndcg                |             precision              |             hit_ratio              |
+-------+------------------+--------------------+------------------+------------------------------------+------------------------------------+------------------------------------+------------------------------------+
|   36  | 76.3490047454834 | 384.07422852516174 | 261.162841796875 | [0.04630236 0.06763859 0.08329934] | [0.02151702 0.02599968 0.02885809] | [0.00259009 0.00190514 0.00157399] | [0.05126876 0.07508854 0.09265764] |
|   36  | 76.3490047454834 | 378.1350588798523  | 261.162841796875 | [0.06265099 0.08994422 0.11056795] | [0.02819738 0.03395803 0.03773483] | [0.00356029 0.00257745 0.00212535] | [0.07003183 0.10082094 0.1240861 ] |
+-------+------------------+--------------------+------------------+------------------------------------+------------------------------------+------------------------------------+------------------------------------+
Early stopping is trigger at step: 10 log:0.06265098720318851
early stopping at 36, recall@20:0.0638
