Namespace(K=1, Ks='[20, 40, 60]', batch_size=2048, batch_test_flag=True, context_hops=3, cuda=True, data_path='data/', dataset='yelp2018', dim=64, edge_dropout=False, edge_dropout_rate=0.1, epoch=1000, gnn='lightgcn', gpu_id=1, l2=0.0001, lr=0.001, mess_dropout=False, mess_dropout_rate=0.1, n_negs=16, ns='mixgcf', out_dir='./weights/yelp2018/', pool='mean', save=False, test_batch_size=2048, test_flag='part')
reading train and test user-item set ...
building the adj mat ...
loading over ...
start training ...
epoch: 0 bpr_loss 0.693146288394928
epoch: 0 bpr_loss 0.4670795500278473
epoch: 0 bpr_loss 0.4598615765571594
epoch: 0 bpr_loss 0.4600119888782501
epoch: 0 bpr_loss 0.44777798652648926
+-------+-------------------+-------------------+-------------------+------------------------------------+------------------------------------+------------------------------------+------------------------------------+
| Epoch |  training time(s) |   tesing time(s)  |        Loss       |               recall               |                ndcg                |             precision              |             hit_ratio              |
+-------+-------------------+-------------------+-------------------+------------------------------------+------------------------------------+------------------------------------+------------------------------------+
|   0   | 71.56305146217346 | 42.10091257095337 | 289.7452087402344 | [0.03675883 0.06199972 0.08201809] | [0.03036341 0.03982638 0.04686358] | [0.01725401 0.0146307  0.0130184 ] | [0.25063155 0.36585828 0.43971833] |
+-------+-------------------+-------------------+-------------------+------------------------------------+------------------------------------+------------------------------------+------------------------------------+
epoch: 1 bpr_loss 0.43804049491882324
epoch: 1 bpr_loss 0.4302864074707031
epoch: 1 bpr_loss 0.4272143244743347
epoch: 1 bpr_loss 0.41550007462501526
epoch: 1 bpr_loss 0.41169700026512146
+-------+-------------------+--------------------+-------------------+------------------------------------+------------------------------------+------------------------------------+------------------------------------+
| Epoch |  training time(s) |   tesing time(s)   |        Loss       |               recall               |                ndcg                |             precision              |             hit_ratio              |
+-------+-------------------+--------------------+-------------------+------------------------------------+------------------------------------+------------------------------------+------------------------------------+
|   1   | 74.34965515136719 | 45.675912857055664 | 256.2366943359375 | [0.0412275  0.06861557 0.08988006] | [0.0339245  0.04415208 0.05161587] | [0.01946918 0.01623563 0.01427256] | [0.27829355 0.40015157 0.47470633] |
+-------+-------------------+--------------------+-------------------+------------------------------------+------------------------------------+------------------------------------+------------------------------------+
epoch: 2 bpr_loss 0.40918490290641785
epoch: 2 bpr_loss 0.4085451066493988
epoch: 2 bpr_loss 0.40923574566841125
epoch: 2 bpr_loss 0.40332818031311035
epoch: 2 bpr_loss 0.40164774656295776
+-------+------------------+------------------+-------------------+------------------------------------+------------------------------------+------------------------------------+------------------------------------+
| Epoch | training time(s) |  tesing time(s)  |        Loss       |               recall               |                ndcg                |             precision              |             hit_ratio              |
+-------+------------------+------------------+-------------------+------------------------------------+------------------------------------+------------------------------------+------------------------------------+
|   2   | 85.7649884223938 | 45.4321653842926 | 245.8656005859375 | [0.04316474 0.07173305 0.09431559] | [0.03543863 0.04618813 0.05409479] | [0.02018915 0.01694139 0.014932  ] | [0.29013515 0.41508779 0.49384236] |
+-------+------------------+------------------+-------------------+------------------------------------+------------------------------------+------------------------------------+------------------------------------+
epoch: 3 bpr_loss 0.3980195224285126
epoch: 3 bpr_loss 0.40044355392456055
epoch: 3 bpr_loss 0.3970169425010681
epoch: 3 bpr_loss 0.39651161432266235
epoch: 3 bpr_loss 0.39584511518478394
+-------+-------------------+-------------------+--------------------+------------------------------------+------------------------------------+------------------------------------+------------------------------------+
| Epoch |  training time(s) |   tesing time(s)  |        Loss        |               recall               |                ndcg                |             precision              |             hit_ratio              |
+-------+-------------------+-------------------+--------------------+------------------------------------+------------------------------------+------------------------------------+------------------------------------+
|   3   | 77.20539617538452 | 41.32798767089844 | 238.68032836914062 | [0.04521266 0.07528657 0.09889697] | [0.03721643 0.04851859 0.05680246] | [0.02105122 0.01765347 0.01557198] | [0.30087154 0.43071871 0.51064166] |
+-------+-------------------+-------------------+--------------------+------------------------------------+------------------------------------+------------------------------------+------------------------------------+
epoch: 4 bpr_loss 0.39117830991744995
epoch: 4 bpr_loss 0.3815450370311737
epoch: 4 bpr_loss 0.3899253308773041
epoch: 4 bpr_loss 0.3813667893409729
epoch: 4 bpr_loss 0.38107430934906006
+-------+-------------------+-------------------+--------------------+------------------------------------+------------------------------------+------------------------------------+------------------------------------+
| Epoch |  training time(s) |   tesing time(s)  |        Loss        |               recall               |                ndcg                |             precision              |             hit_ratio              |
+-------+-------------------+-------------------+--------------------+------------------------------------+------------------------------------+------------------------------------+------------------------------------+
|   4   | 76.09705638885498 | 42.61358022689819 | 232.81503295898438 | [0.04681202 0.07832565 0.10380862] | [0.03862856 0.05047099 0.0594141 ] | [0.02168909 0.01822739 0.01620984] | [0.30955539 0.4427182  0.52696729] |
+-------+-------------------+-------------------+--------------------+------------------------------------+------------------------------------+------------------------------------+------------------------------------+
epoch: 5 bpr_loss 0.3848687410354614
epoch: 5 bpr_loss 0.37360987067222595
epoch: 5 bpr_loss 0.38081634044647217
epoch: 5 bpr_loss 0.37519633769989014
epoch: 5 bpr_loss 0.37996575236320496
+-------+-------------------+-------------------+--------------------+------------------------------------+------------------------------------+------------------------------------+------------------------------------+
| Epoch |  training time(s) |   tesing time(s)  |        Loss        |               recall               |                ndcg                |             precision              |             hit_ratio              |
+-------+-------------------+-------------------+--------------------+------------------------------------+------------------------------------+------------------------------------+------------------------------------+
|   5   | 75.24457931518555 | 48.28506350517273 | 228.39149475097656 | [0.04823765 0.08093307 0.10749605] | [0.03966458 0.05197978 0.0612978 ] | [0.02222433 0.01876737 0.01671245] | [0.31748137 0.45383352 0.53861943] |
+-------+-------------------+-------------------+--------------------+------------------------------------+------------------------------------+------------------------------------+------------------------------------+
epoch: 6 bpr_loss 0.37606462836265564
epoch: 6 bpr_loss 0.38002809882164
epoch: 6 bpr_loss 0.37077513337135315
epoch: 6 bpr_loss 0.3749373257160187
epoch: 6 bpr_loss 0.37728244066238403
+-------+-------------------+-----------------+--------------------+------------------------------------+------------------------------------+------------------------------------+------------------------------------+
| Epoch |  training time(s) |  tesing time(s) |        Loss        |               recall               |                ndcg                |             precision              |             hit_ratio              |
+-------+-------------------+-----------------+--------------------+------------------------------------+------------------------------------+------------------------------------+------------------------------------+
|   6   | 79.78416395187378 | 43.643070936203 | 225.27938842773438 | [0.04972561 0.08310475 0.1106871 ] | [0.04081024 0.05337133 0.06305336] | [0.02284641 0.01922445 0.01716822] | [0.32496526 0.46340154 0.54960844] |
+-------+-------------------+-----------------+--------------------+------------------------------------+------------------------------------+------------------------------------+------------------------------------+
epoch: 7 bpr_loss 0.363899290561676
epoch: 7 bpr_loss 0.3684060871601105
epoch: 7 bpr_loss 0.36469200253486633
epoch: 7 bpr_loss 0.3724524974822998
epoch: 7 bpr_loss 0.37019991874694824
+-------+-------------------+--------------------+-------------------+------------------------------------+------------------------------------+------------------------------------+------------------------------------+
| Epoch |  training time(s) |   tesing time(s)   |        Loss       |               recall               |                ndcg                |             precision              |             hit_ratio              |
+-------+-------------------+--------------------+-------------------+------------------------------------+------------------------------------+------------------------------------+------------------------------------+
|   7   | 75.33520722389221 | 47.633423805236816 | 222.6763153076172 | [0.05089434 0.08503966 0.11316109] | [0.04181364 0.05466052 0.06453507] | [0.02337217 0.01964049 0.01753137] | [0.3316913  0.47116963 0.55788177] |
+-------+-------------------+--------------------+-------------------+------------------------------------+------------------------------------+------------------------------------+------------------------------------+
epoch: 8 bpr_loss 0.36801302433013916
epoch: 8 bpr_loss 0.3628518879413605
epoch: 8 bpr_loss 0.36425966024398804
epoch: 8 bpr_loss 0.3598331809043884
epoch: 8 bpr_loss 0.3604874014854431
+-------+-------------------+-------------------+-------------------+------------------------------------+------------------------------------+------------------------------------+------------------------------------+
| Epoch |  training time(s) |   tesing time(s)  |        Loss       |               recall               |                ndcg                |             precision              |             hit_ratio              |
+-------+-------------------+-------------------+-------------------+------------------------------------+------------------------------------+------------------------------------+------------------------------------+
|   8   | 76.34615564346313 | 42.12313175201416 | 220.5090789794922 | [0.05236918 0.08724428 0.11571069] | [0.04290837 0.05601606 0.06599032] | [0.02401162 0.02012047 0.01789925] | [0.33844891 0.47979032 0.56555513] |
+-------+-------------------+-------------------+-------------------+------------------------------------+------------------------------------+------------------------------------+------------------------------------+
epoch: 9 bpr_loss 0.3640839159488678
epoch: 9 bpr_loss 0.36113283038139343
epoch: 9 bpr_loss 0.3576416075229645
epoch: 9 bpr_loss 0.35642582178115845
epoch: 9 bpr_loss 0.36354902386665344
+-------+-------------------+-------------------+--------------------+------------------------------------+------------------------------------+------------------------------------+------------------------------------+
| Epoch |  training time(s) |   tesing time(s)  |        Loss        |               recall               |                ndcg                |             precision              |             hit_ratio              |
+-------+-------------------+-------------------+--------------------+------------------------------------+------------------------------------+------------------------------------+------------------------------------+
|   9   | 78.19099760055542 | 40.13187289237976 | 218.46241760253906 | [0.05332787 0.08852969 0.11757802] | [0.04374201 0.05695466 0.0671347 ] | [0.02445529 0.02042282 0.01819713] | [0.34378552 0.48408488 0.57067071] |
+-------+-------------------+-------------------+--------------------+------------------------------------+------------------------------------+------------------------------------+------------------------------------+
epoch: 10 bpr_loss 0.3562324345111847
epoch: 10 bpr_loss 0.35467764735221863
epoch: 10 bpr_loss 0.36238953471183777
epoch: 10 bpr_loss 0.35884130001068115
epoch: 10 bpr_loss 0.35825464129447937
+-------+-------------------+------------------+--------------------+------------------------------------+------------------------------------+------------------------------------+------------------------------------+
| Epoch |  training time(s) |  tesing time(s)  |        Loss        |               recall               |                ndcg                |             precision              |             hit_ratio              |
+-------+-------------------+------------------+--------------------+------------------------------------+------------------------------------+------------------------------------+------------------------------------+
|   10  | 78.39170956611633 | 54.8374502658844 | 216.73641967773438 | [0.0542092  0.09011117 0.11958682] | [0.04451522 0.05796541 0.06831188] | [0.02490842 0.02076149 0.01850869] | [0.34909056 0.49008463 0.57698623] |
+-------+-------------------+------------------+--------------------+------------------------------------+------------------------------------+------------------------------------+------------------------------------+
epoch: 11 bpr_loss 0.3566547632217407
epoch: 11 bpr_loss 0.3641223907470703
epoch: 11 bpr_loss 0.3580961227416992
epoch: 11 bpr_loss 0.3548681139945984
epoch: 11 bpr_loss 0.357777863740921
+-------+-------------------+------------------+-------------------+------------------------------------+------------------------------------+------------------------------------+------------------------------------+
| Epoch |  training time(s) |  tesing time(s)  |        Loss       |               recall               |                ndcg                |             precision              |             hit_ratio              |
+-------+-------------------+------------------+-------------------+------------------------------------+------------------------------------+------------------------------------+------------------------------------+
|   11  | 75.18997240066528 | 42.3987877368927 | 215.1830596923828 | [0.05499296 0.09155022 0.12124636] | [0.04516198 0.05888377 0.06929925] | [0.02523683 0.02111674 0.01877395] | [0.35294303 0.49453707 0.58134394] |
+-------+-------------------+------------------+-------------------+------------------------------------+------------------------------------+------------------------------------+------------------------------------+
epoch: 12 bpr_loss 0.3567958176136017
epoch: 12 bpr_loss 0.35656359791755676
epoch: 12 bpr_loss 0.35238996148109436
epoch: 12 bpr_loss 0.3578786551952362
epoch: 12 bpr_loss 0.341886967420578
+-------+-------------------+-------------------+--------------------+------------------------------------+------------------------------------+------------------------------------+------------------------------------+
| Epoch |  training time(s) |   tesing time(s)  |        Loss        |               recall               |                ndcg                |             precision              |             hit_ratio              |
+-------+-------------------+-------------------+--------------------+------------------------------------+------------------------------------+------------------------------------+------------------------------------+
|   12  | 74.45850110054016 | 45.96939468383789 | 213.81642150878906 | [0.05558089 0.0924753  0.12245345] | [0.04571418 0.059551   0.07007245] | [0.02553208 0.02133463 0.01897131] | [0.35575344 0.49791588 0.58510168] |
+-------+-------------------+-------------------+--------------------+------------------------------------+------------------------------------+------------------------------------+------------------------------------+
epoch: 13 bpr_loss 0.3518640995025635
epoch: 13 bpr_loss 0.353252112865448
epoch: 13 bpr_loss 0.3569962978363037
epoch: 13 bpr_loss 0.35037997364997864
epoch: 13 bpr_loss 0.3502253592014313
+-------+-------------------+-------------------+--------------------+------------------------------------+------------------------------------+------------------------------------+------------------------------------+
| Epoch |  training time(s) |   tesing time(s)  |        Loss        |               recall               |                ndcg                |             precision              |             hit_ratio              |
+-------+-------------------+-------------------+--------------------+------------------------------------+------------------------------------+------------------------------------+------------------------------------+
|   13  | 79.94426918029785 | 44.12368035316467 | 212.36387634277344 | [0.05617517 0.09352258 0.12385595] | [0.04619022 0.06020685 0.07082845] | [0.02580997 0.02160304 0.01917972] | [0.35809019 0.50119995 0.5895857 ] |
+-------+-------------------+-------------------+--------------------+------------------------------------+------------------------------------+------------------------------------+------------------------------------+
epoch: 14 bpr_loss 0.3525417149066925
epoch: 14 bpr_loss 0.34242624044418335
epoch: 14 bpr_loss 0.3507051169872284
epoch: 14 bpr_loss 0.34911245107650757
epoch: 14 bpr_loss 0.34772199392318726
+-------+------------------+-------------------+-------------------+------------------------------------+------------------------------------+------------------------------------+------------------------------------+
| Epoch | training time(s) |   tesing time(s)  |        Loss       |               recall               |                ndcg                |             precision              |             hit_ratio              |
+-------+------------------+-------------------+-------------------+------------------------------------+------------------------------------+------------------------------------+------------------------------------+
|   14  | 77.6772072315216 | 45.70117139816284 | 211.3614044189453 | [0.05643663 0.09429718 0.12472097] | [0.04651716 0.06073772 0.07139155] | [0.02595996 0.02178777 0.01932445] | [0.36023746 0.50416825 0.59166982] |
+-------+------------------+-------------------+-------------------+------------------------------------+------------------------------------+------------------------------------+------------------------------------+
epoch: 15 bpr_loss 0.3502943813800812
epoch: 15 bpr_loss 0.3468974828720093
epoch: 15 bpr_loss 0.35055044293403625
epoch: 15 bpr_loss 0.3555211126804352
epoch: 15 bpr_loss 0.3483661413192749
+-------+-------------------+--------------------+----------------+------------------------------------+------------------------------------+------------------------------------+------------------------------------+
| Epoch |  training time(s) |   tesing time(s)   |      Loss      |               recall               |                ndcg                |             precision              |             hit_ratio              |
+-------+-------------------+--------------------+----------------+------------------------------------+------------------------------------+------------------------------------+------------------------------------+
|   15  | 75.85452008247375 | 44.173750162124634 | 210.1630859375 | [0.05685568 0.09506377 0.12579256] | [0.04686087 0.06123105 0.07198913] | [0.02613837 0.02196302 0.01948865] | [0.36222685 0.50659972 0.59504863] |
+-------+-------------------+--------------------+----------------+------------------------------------+------------------------------------+------------------------------------+------------------------------------+
epoch: 16 bpr_loss 0.3460463285446167
epoch: 16 bpr_loss 0.3457084000110626
epoch: 16 bpr_loss 0.3470776677131653
epoch: 16 bpr_loss 0.34343764185905457
epoch: 16 bpr_loss 0.3447604775428772
+-------+------------------+-------------------+-------------------+------------------------------------+------------------------------------+------------------------------------+------------------------------------+
| Epoch | training time(s) |   tesing time(s)  |        Loss       |               recall               |                ndcg                |             precision              |             hit_ratio              |
+-------+------------------+-------------------+-------------------+------------------------------------+------------------------------------+------------------------------------+------------------------------------+
|   16  | 76.620849609375  | 45.06548070907593 | 209.2117156982422 | [0.05730669 0.09564193 0.1268652 ] | [0.04724481 0.06165078 0.07258037] | [0.02631837 0.02208381 0.01963549] | [0.36440571 0.50862069 0.59849059] |
+-------+------------------+-------------------+-------------------+------------------------------------+------------------------------------+------------------------------------+------------------------------------+
epoch: 17 bpr_loss 0.34544581174850464
epoch: 17 bpr_loss 0.3431985676288605
epoch: 17 bpr_loss 0.3409181535243988
epoch: 17 bpr_loss 0.3436681628227234
epoch: 17 bpr_loss 0.34263426065444946
+-------+-------------------+------------------+-------------------+------------------------------------+------------------------------------+------------------------------------+------------------------------------+
| Epoch |  training time(s) |  tesing time(s)  |        Loss       |               recall               |                ndcg                |             precision              |             hit_ratio              |
+-------+-------------------+------------------+-------------------+------------------------------------+------------------------------------+------------------------------------+------------------------------------+
|   17  | 77.32801842689514 | 42.3370521068573 | 208.3207550048828 | [0.05757639 0.0964175  0.12784717] | [0.04750525 0.06211899 0.07310883] | [0.02644152 0.02227011 0.01978654] | [0.36551093 0.5117153  0.60060629] |
+-------+-------------------+------------------+-------------------+------------------------------------+------------------------------------+------------------------------------+------------------------------------+
epoch: 18 bpr_loss 0.34421318769454956
epoch: 18 bpr_loss 0.34228360652923584
epoch: 18 bpr_loss 0.347767174243927
epoch: 18 bpr_loss 0.345365434885025
epoch: 18 bpr_loss 0.3457922637462616
+-------+-------------------+-------------------+--------------------+------------------------------------+------------------------------------+------------------------------------+------------------------------------+
| Epoch |  training time(s) |   tesing time(s)  |        Loss        |               recall               |                ndcg                |             precision              |             hit_ratio              |
+-------+-------------------+-------------------+--------------------+------------------------------------+------------------------------------+------------------------------------+------------------------------------+
|   18  | 75.78206968307495 | 48.25595021247864 | 207.46205139160156 | [0.05771019 0.09675163 0.12830356] | [0.04770612 0.0624014  0.07343015] | [0.02652362 0.02237116 0.01986601] | [0.36642668 0.51329418 0.60199571] |
+-------+-------------------+-------------------+--------------------+------------------------------------+------------------------------------+------------------------------------+------------------------------------+
epoch: 19 bpr_loss 0.3432987928390503
epoch: 19 bpr_loss 0.34272319078445435
epoch: 19 bpr_loss 0.3407580256462097
epoch: 19 bpr_loss 0.3464309871196747
epoch: 19 bpr_loss 0.33959463238716125
+-------+-------------------+--------------------+-------------------+------------------------------------+------------------------------------+------------------------------------+------------------------------------+
| Epoch |  training time(s) |   tesing time(s)   |        Loss       |               recall               |                ndcg                |             precision              |             hit_ratio              |
+-------+-------------------+--------------------+-------------------+------------------------------------+------------------------------------+------------------------------------+------------------------------------+
|   19  | 75.83706641197205 | 37.597551345825195 | 206.6417694091797 | [0.0581121  0.09720835 0.12905479] | [0.04788382 0.06259879 0.07371536] | [0.02670993 0.02249353 0.01996653] | [0.36866869 0.51458886 0.60354301] |
+-------+-------------------+--------------------+-------------------+------------------------------------+------------------------------------+------------------------------------+------------------------------------+
epoch: 20 bpr_loss 0.34281933307647705
epoch: 20 bpr_loss 0.34012240171432495
epoch: 20 bpr_loss 0.34237393736839294
epoch: 20 bpr_loss 0.33875763416290283
epoch: 20 bpr_loss 0.3410996198654175
+-------+-------------------+-------------------+-------------------+------------------------------------+------------------------------------+------------------------------------+------------------------------------+
| Epoch |  training time(s) |   tesing time(s)  |        Loss       |               recall               |                ndcg                |             precision              |             hit_ratio              |
+-------+-------------------+-------------------+-------------------+------------------------------------+------------------------------------+------------------------------------+------------------------------------+
|   20  | 80.84711289405823 | 42.11470413208008 | 205.7924346923828 | [0.05869254 0.09770899 0.1301312 ] | [0.04831543 0.06299862 0.07431425] | [0.02698307 0.02262457 0.02013915] | [0.3714791  0.51648352 0.60704812] |
+-------+-------------------+-------------------+-------------------+------------------------------------+------------------------------------+------------------------------------+------------------------------------+
epoch: 21 bpr_loss 0.3366796374320984
epoch: 21 bpr_loss 0.33994027972221375
epoch: 21 bpr_loss 0.33762916922569275
epoch: 21 bpr_loss 0.34188127517700195
epoch: 21 bpr_loss 0.33927813172340393
+-------+-------------------+-------------------+-----------------+------------------------------------+------------------------------------+------------------------------------+------------------------------------+
| Epoch |  training time(s) |   tesing time(s)  |       Loss      |               recall               |                ndcg                |             precision              |             hit_ratio              |
+-------+-------------------+-------------------+-----------------+------------------------------------+------------------------------------+------------------------------------+------------------------------------+
|   21  | 76.98279857635498 | 51.52444863319397 | 205.05126953125 | [0.05879034 0.09820981 0.13041937] | [0.0484678  0.06331185 0.07455161] | [0.02706044 0.02276588 0.02020283] | [0.37204749 0.51844133 0.60711128] |
+-------+-------------------+-------------------+-----------------+------------------------------------+------------------------------------+------------------------------------+------------------------------------+
epoch: 22 bpr_loss 0.3367942273616791
epoch: 22 bpr_loss 0.34135910868644714
epoch: 22 bpr_loss 0.3376200497150421
epoch: 22 bpr_loss 0.33795785903930664
epoch: 22 bpr_loss 0.33842629194259644
+-------+-------------------+-------------------+-------------------+------------------------------------+------------------------------------+------------------------------------+------------------------------------+
| Epoch |  training time(s) |   tesing time(s)  |        Loss       |               recall               |                ndcg                |             precision              |             hit_ratio              |
+-------+-------------------+-------------------+-------------------+------------------------------------+------------------------------------+------------------------------------+------------------------------------+
|   22  | 75.68409442901611 | 39.17872858047485 | 204.4075927734375 | [0.05910438 0.09859245 0.13125816] | [0.04876454 0.06364747 0.07505336] | [0.02715359 0.02283141 0.02032599] | [0.37327902 0.51957812 0.60903751] |
+-------+-------------------+-------------------+-------------------+------------------------------------+------------------------------------+------------------------------------+------------------------------------+
epoch: 23 bpr_loss 0.3369172513484955
epoch: 23 bpr_loss 0.33605140447616577
epoch: 23 bpr_loss 0.3396664559841156
epoch: 23 bpr_loss 0.34307536482810974
epoch: 23 bpr_loss 0.33260729908943176
+-------+-------------------+-------------------+-------------------+------------------------------------+------------------------------------+------------------------------------+------------------------------------+
| Epoch |  training time(s) |   tesing time(s)  |        Loss       |               recall               |                ndcg                |             precision              |             hit_ratio              |
+-------+-------------------+-------------------+-------------------+------------------------------------+------------------------------------+------------------------------------+------------------------------------+
|   23  | 79.16765785217285 | 44.64941382408142 | 203.6571807861328 | [0.05917598 0.09922714 0.13192574] | [0.0488291  0.06392147 0.07532913] | [0.02725622 0.02297509 0.02043125] | [0.37381584 0.5214412  0.61058482] |
+-------+-------------------+-------------------+-------------------+------------------------------------+------------------------------------+------------------------------------+------------------------------------+
epoch: 24 bpr_loss 0.33509403467178345
epoch: 24 bpr_loss 0.33913272619247437
epoch: 24 bpr_loss 0.3349643349647522
epoch: 24 bpr_loss 0.33472582697868347
epoch: 24 bpr_loss 0.3377908766269684
+-------+-------------------+-------------------+--------------------+------------------------------------+------------------------------------+------------------------------------+------------------------------------+
| Epoch |  training time(s) |   tesing time(s)  |        Loss        |               recall               |                ndcg                |             precision              |             hit_ratio              |
+-------+-------------------+-------------------+--------------------+------------------------------------+------------------------------------+------------------------------------+------------------------------------+
|   24  | 76.41388964653015 | 47.53084182739258 | 203.00772094726562 | [0.05956089 0.09973022 0.13230519] | [0.04915454 0.06427092 0.0756426 ] | [0.02744727 0.02308324 0.02049387] | [0.37555261 0.52305166 0.61181634] |
+-------+-------------------+-------------------+--------------------+------------------------------------+------------------------------------+------------------------------------+------------------------------------+
epoch: 25 bpr_loss 0.3337003290653229
epoch: 25 bpr_loss 0.3339003026485443
epoch: 25 bpr_loss 0.33463263511657715
epoch: 25 bpr_loss 0.3336394429206848
epoch: 25 bpr_loss 0.3376520574092865
+-------+-------------------+-------------------+-------------------+------------------------------------+------------------------------------+------------------------------------+------------------------------------+
| Epoch |  training time(s) |   tesing time(s)  |        Loss       |               recall               |                ndcg                |             precision              |             hit_ratio              |
+-------+-------------------+-------------------+-------------------+------------------------------------+------------------------------------+------------------------------------+------------------------------------+
|   25  | 76.50949263572693 | 47.62667942047119 | 202.3166046142578 | [0.05991142 0.10026173 0.13292655] | [0.04939167 0.06458191 0.07599942] | [0.02759094 0.02320323 0.02060229] | [0.37681571 0.52519894 0.61345838] |
+-------+-------------------+-------------------+-------------------+------------------------------------+------------------------------------+------------------------------------+------------------------------------+
epoch: 26 bpr_loss 0.3320189416408539
epoch: 26 bpr_loss 0.3341074287891388
epoch: 26 bpr_loss 0.33306393027305603
epoch: 26 bpr_loss 0.3328682780265808
epoch: 26 bpr_loss 0.3314575254917145
+-------+-------------------+-------------------+--------------------+------------------------------------+------------------------------------+------------------------------------+------------------------------------+
| Epoch |  training time(s) |   tesing time(s)  |        Loss        |               recall               |                ndcg                |             precision              |             hit_ratio              |
+-------+-------------------+-------------------+--------------------+------------------------------------+------------------------------------+------------------------------------+------------------------------------+
|   26  | 74.47477722167969 | 39.14505696296692 | 201.72085571289062 | [0.0600998  0.10068892 0.13336449] | [0.04958543 0.0648616  0.07627563] | [0.02768252 0.02331454 0.02066808] | [0.37826828 0.52728306 0.61472149] |
+-------+-------------------+-------------------+--------------------+------------------------------------+------------------------------------+------------------------------------+------------------------------------+
epoch: 27 bpr_loss 0.33144959807395935
epoch: 27 bpr_loss 0.3338943123817444
epoch: 27 bpr_loss 0.3328959345817566
epoch: 27 bpr_loss 0.33195799589157104
epoch: 27 bpr_loss 0.33368784189224243
+-------+-------------------+--------------------+--------------------+------------------------------------+------------------------------------+------------------------------------+------------------------------------+
| Epoch |  training time(s) |   tesing time(s)   |        Loss        |               recall               |                ndcg                |             precision              |             hit_ratio              |
+-------+-------------------+--------------------+--------------------+------------------------------------+------------------------------------+------------------------------------+------------------------------------+
|   27  | 78.90648317337036 | 43.827945709228516 | 201.13809204101562 | [0.06033946 0.10122703 0.13399703] | [0.04975421 0.06515599 0.07659919] | [0.02779936 0.02344954 0.02076807] | [0.37877353 0.5289251  0.61604775] |
+-------+-------------------+--------------------+--------------------+------------------------------------+------------------------------------+------------------------------------+------------------------------------+
epoch: 28 bpr_loss 0.3281804621219635
epoch: 28 bpr_loss 0.3328387439250946
epoch: 28 bpr_loss 0.33065006136894226
epoch: 28 bpr_loss 0.335673987865448
epoch: 28 bpr_loss 0.32753267884254456
+-------+------------------+--------------------+--------------------+------------------------------------+------------------------------------+------------------------------------+------------------------------------+
| Epoch | training time(s) |   tesing time(s)   |        Loss        |               recall               |                ndcg                |             precision              |             hit_ratio              |
+-------+------------------+--------------------+--------------------+------------------------------------+------------------------------------+------------------------------------+------------------------------------+
|   28  | 75.951744556427  | 45.614728927612305 | 200.55709838867188 | [0.06067595 0.10182104 0.13444479] | [0.04999783 0.06549439 0.07686824] | [0.02792725 0.02356559 0.02081123] | [0.38041556 0.53034609 0.61721612] |
+-------+------------------+--------------------+--------------------+------------------------------------+------------------------------------+------------------------------------+------------------------------------+
epoch: 29 bpr_loss 0.33235764503479004
epoch: 29 bpr_loss 0.32565444707870483
epoch: 29 bpr_loss 0.33589601516723633
epoch: 29 bpr_loss 0.32978156208992004
epoch: 29 bpr_loss 0.3286917507648468
+-------+-------------------+-------------------+--------------------+------------------------------------+------------------------------------+------------------------------------+------------------------------------+
| Epoch |  training time(s) |   tesing time(s)  |        Loss        |               recall               |                ndcg                |             precision              |             hit_ratio              |
+-------+-------------------+-------------------+--------------------+------------------------------------+------------------------------------+------------------------------------+------------------------------------+
|   29  | 77.12013578414917 | 55.38035321235657 | 200.03684997558594 | [0.0608178  0.10203564 0.13510843] | [0.05018422 0.0656985  0.07723069] | [0.02801566 0.02361927 0.02090754] | [0.38183655 0.53078818 0.61841607] |
+-------+-------------------+-------------------+--------------------+------------------------------------+------------------------------------+------------------------------------+------------------------------------+
epoch: 30 bpr_loss 0.3303183317184448
epoch: 30 bpr_loss 0.33219417929649353
epoch: 30 bpr_loss 0.33443573117256165
epoch: 30 bpr_loss 0.33034080266952515
epoch: 30 bpr_loss 0.3295574486255646
+-------+-------------------+-------------------+--------------------+------------------------------------+------------------------------------+------------------------------------+------------------------------------+
| Epoch |  training time(s) |   tesing time(s)  |        Loss        |               recall               |                ndcg                |             precision              |             hit_ratio              |
+-------+-------------------+-------------------+--------------------+------------------------------------+------------------------------------+------------------------------------+------------------------------------+
|   30  | 74.98000860214233 | 45.07629084587097 | 199.48773193359375 | [0.06098634 0.10224496 0.13498613] | [0.05033149 0.06585077 0.07727499] | [0.02808987 0.02366032 0.02089175] | [0.38215233 0.53192497 0.61762663] |
+-------+-------------------+-------------------+--------------------+------------------------------------+------------------------------------+------------------------------------+------------------------------------+
epoch: 31 bpr_loss 0.32742589712142944
epoch: 31 bpr_loss 0.33022600412368774
epoch: 31 bpr_loss 0.33141398429870605
epoch: 31 bpr_loss 0.33180975914001465
epoch: 31 bpr_loss 0.326931893825531
+-------+-------------------+-------------------+-------------------+------------------------------------+------------------------------------+------------------------------------+------------------------------------+
| Epoch |  training time(s) |   tesing time(s)  |        Loss       |               recall               |                ndcg                |             precision              |             hit_ratio              |
+-------+-------------------+-------------------+-------------------+------------------------------------+------------------------------------+------------------------------------+------------------------------------+
|   31  | 77.05326819419861 | 42.71822643280029 | 198.9964599609375 | [0.06121716 0.10259928 0.13552998] | [0.05052374 0.06609172 0.07756644] | [0.02819881 0.02375663 0.02097175] | [0.38306808 0.53255652 0.61895289] |
+-------+-------------------+-------------------+-------------------+------------------------------------+------------------------------------+------------------------------------+------------------------------------+
epoch: 32 bpr_loss 0.3266441226005554
epoch: 32 bpr_loss 0.325905978679657
epoch: 32 bpr_loss 0.32866936922073364
epoch: 32 bpr_loss 0.3290082812309265
epoch: 32 bpr_loss 0.32431620359420776
+-------+------------------+-------------------+------------------+------------------------------------+------------------------------------+------------------------------------+------------------------------------+
| Epoch | training time(s) |   tesing time(s)  |       Loss       |               recall               |                ndcg                |             precision              |             hit_ratio              |
+-------+------------------+-------------------+------------------+------------------------------------+------------------------------------+------------------------------------+------------------------------------+
|   32  | 77.7817735671997 | 51.81054496765137 | 198.421630859375 | [0.06143262 0.1028877  0.13583375] | [0.05072896 0.06629459 0.07780324] | [0.02831091 0.02379531 0.02103385] | [0.3836049  0.53356701 0.61945813] |
+-------+------------------+-------------------+------------------+------------------------------------+------------------------------------+------------------------------------+------------------------------------+
epoch: 33 bpr_loss 0.32983410358428955
epoch: 33 bpr_loss 0.32786130905151367
epoch: 33 bpr_loss 0.32671982049942017
epoch: 33 bpr_loss 0.327553927898407
epoch: 33 bpr_loss 0.3295021057128906
+-------+-------------------+-------------------+--------------------+------------------------------------+------------------------------------+------------------------------------+------------------------------------+
| Epoch |  training time(s) |   tesing time(s)  |        Loss        |               recall               |                ndcg                |             precision              |             hit_ratio              |
+-------+-------------------+-------------------+--------------------+------------------------------------+------------------------------------+------------------------------------+------------------------------------+
|   33  | 78.95743584632874 | 42.04967260360718 | 197.96463012695312 | [0.06152775 0.10335296 0.13615467] | [0.05078282 0.06651574 0.07795327] | [0.02833775 0.02391531 0.02106964] | [0.3838891  0.53524062 0.62056334] |
+-------+-------------------+-------------------+--------------------+------------------------------------+------------------------------------+------------------------------------+------------------------------------+
epoch: 34 bpr_loss 0.33066028356552124
epoch: 34 bpr_loss 0.323243647813797
epoch: 34 bpr_loss 0.3249891400337219
epoch: 34 bpr_loss 0.32260844111442566
epoch: 34 bpr_loss 0.32435670495033264
+-------+------------------+-------------------+-------------------+------------------------------------+------------------------------------+------------------------------------+------------------------------------+
| Epoch | training time(s) |   tesing time(s)  |        Loss       |               recall               |                ndcg                |             precision              |             hit_ratio              |
+-------+------------------+-------------------+-------------------+------------------------------------+------------------------------------+------------------------------------+------------------------------------+
|   34  | 81.4158878326416 | 40.06560468673706 | 197.5198211669922 | [0.06183155 0.10362177 0.13652089] | [0.05104677 0.06678563 0.07824087] | [0.02843722 0.02398557 0.02111069] | [0.38499432 0.53577744 0.6218896 ] |
+-------+------------------+-------------------+-------------------+------------------------------------+------------------------------------+------------------------------------+------------------------------------+
epoch: 35 bpr_loss 0.3269658386707306
epoch: 35 bpr_loss 0.324673056602478
epoch: 35 bpr_loss 0.32733747363090515
epoch: 35 bpr_loss 0.33053240180015564
epoch: 35 bpr_loss 0.32399216294288635
+-------+-------------------+--------------------+--------------------+------------------------------------+------------------------------------+------------------------------------+------------------------------------+
| Epoch |  training time(s) |   tesing time(s)   |        Loss        |               recall               |                ndcg                |             precision              |             hit_ratio              |
+-------+-------------------+--------------------+--------------------+------------------------------------+------------------------------------+------------------------------------+------------------------------------+
|   35  | 75.51418828964233 | 47.643266677856445 | 197.03297424316406 | [0.06198782 0.10377844 0.13686176] | [0.05118512 0.0668992  0.07843209] | [0.02851933 0.02400609 0.02116753] | [0.38625742 0.53574586 0.62321586] |
+-------+-------------------+--------------------+--------------------+------------------------------------+------------------------------------+------------------------------------+------------------------------------+
epoch: 36 bpr_loss 0.32150906324386597
epoch: 36 bpr_loss 0.32445675134658813
epoch: 36 bpr_loss 0.3224523365497589
epoch: 36 bpr_loss 0.3284428119659424
epoch: 36 bpr_loss 0.32864394783973694
+-------+-------------------+--------------------+--------------------+------------------------------------+------------------------------------+------------------------------------+------------------------------------+
| Epoch |  training time(s) |   tesing time(s)   |        Loss        |               recall               |                ndcg                |             precision              |             hit_ratio              |
+-------+-------------------+--------------------+--------------------+------------------------------------+------------------------------------+------------------------------------+------------------------------------+
|   36  | 77.42372441291809 | 43.839927434921265 | 196.53018188476562 | [0.06200044 0.10366524 0.13702231] | [0.05125666 0.06693572 0.07855634] | [0.02853827 0.02401083 0.021197  ] | [0.38651004 0.53612479 0.62337375] |
+-------+-------------------+--------------------+--------------------+------------------------------------+------------------------------------+------------------------------------+------------------------------------+
epoch: 37 bpr_loss 0.32245710492134094
epoch: 37 bpr_loss 0.3226099908351898
epoch: 37 bpr_loss 0.32492825388908386
epoch: 37 bpr_loss 0.3269779682159424
epoch: 37 bpr_loss 0.3248153626918793
+-------+-------------------+------------------+--------------------+------------------------------------+------------------------------------+------------------------------------+------------------------------------+
| Epoch |  training time(s) |  tesing time(s)  |        Loss        |               recall               |                ndcg                |             precision              |             hit_ratio              |
+-------+-------------------+------------------+--------------------+------------------------------------+------------------------------------+------------------------------------+------------------------------------+
|   37  | 76.56002974510193 | 44.0103075504303 | 196.05296325683594 | [0.06207307 0.10401646 0.13719691] | [0.05133094 0.06710685 0.07870633] | [0.02857143 0.0240653  0.02125489] | [0.38666793 0.53732474 0.62419477] |
+-------+-------------------+------------------+--------------------+------------------------------------+------------------------------------+------------------------------------+------------------------------------+
epoch: 38 bpr_loss 0.3205842673778534
epoch: 38 bpr_loss 0.32265380024909973
epoch: 38 bpr_loss 0.32379022240638733
epoch: 38 bpr_loss 0.32433459162712097
epoch: 38 bpr_loss 0.3274751603603363
+-------+------------------+-------------------+--------------------+------------------------------------+------------------------------------+------------------------------------+------------------------------------+
| Epoch | training time(s) |   tesing time(s)  |        Loss        |               recall               |                ndcg                |             precision              |             hit_ratio              |
+-------+------------------+-------------------+--------------------+------------------------------------+------------------------------------+------------------------------------+------------------------------------+
|   38  | 80.458988904953  | 41.96250033378601 | 195.67288208007812 | [0.06243445 0.10427993 0.13758913] | [0.05151363 0.06722241 0.07884779] | [0.02878142 0.02413951 0.02130331] | [0.3886889  0.53820892 0.62548945] |
+-------+------------------+-------------------+--------------------+------------------------------------+------------------------------------+------------------------------------+------------------------------------+
epoch: 39 bpr_loss 0.3209686279296875
epoch: 39 bpr_loss 0.3249515891075134
epoch: 39 bpr_loss 0.32323145866394043
epoch: 39 bpr_loss 0.3188960552215576
epoch: 39 bpr_loss 0.32118308544158936
+-------+-------------------+--------------------+-------------------+------------------------------------+------------------------------------+------------------------------------+------------------------------------+
| Epoch |  training time(s) |   tesing time(s)   |        Loss       |               recall               |                ndcg                |             precision              |             hit_ratio              |
+-------+-------------------+--------------------+-------------------+------------------------------------+------------------------------------+------------------------------------+------------------------------------+
|   39  | 74.32270884513855 | 45.502941846847534 | 195.2213134765625 | [0.06239925 0.10428293 0.13789298] | [0.05154945 0.06727703 0.07900374] | [0.02877984 0.02414898 0.02135173] | [0.38827839 0.53726159 0.62589996] |
+-------+-------------------+--------------------+-------------------+------------------------------------+------------------------------------+------------------------------------+------------------------------------+
epoch: 40 bpr_loss 0.32302170991897583
epoch: 40 bpr_loss 0.3214339017868042
epoch: 40 bpr_loss 0.3256354033946991
epoch: 40 bpr_loss 0.32151052355766296
epoch: 40 bpr_loss 0.32760992646217346
+-------+-------------------+-------------------+--------------------+------------------------------------+------------------------------------+------------------------------------+------------------------------------+
| Epoch |  training time(s) |   tesing time(s)  |        Loss        |               recall               |                ndcg                |             precision              |             hit_ratio              |
+-------+-------------------+-------------------+--------------------+------------------------------------+------------------------------------+------------------------------------+------------------------------------+
|   40  | 78.11220097541809 | 47.75433039665222 | 194.91000366210938 | [0.06256087 0.10438287 0.13782448] | [0.05165258 0.06733715 0.07901824] | [0.02883352 0.02414977 0.02134647] | [0.38909941 0.53833523 0.62615258] |
+-------+-------------------+-------------------+--------------------+------------------------------------+------------------------------------+------------------------------------+------------------------------------+
epoch: 41 bpr_loss 0.3198396861553192
epoch: 41 bpr_loss 0.3192416727542877
epoch: 41 bpr_loss 0.3272205591201782
epoch: 41 bpr_loss 0.3211718201637268
epoch: 41 bpr_loss 0.31979742646217346
+-------+-------------------+-------------------+--------------------+------------------------------------+------------------------------------+------------------------------------+------------------------------------+
| Epoch |  training time(s) |   tesing time(s)  |        Loss        |               recall               |                ndcg                |             precision              |             hit_ratio              |
+-------+-------------------+-------------------+--------------------+------------------------------------+------------------------------------+------------------------------------+------------------------------------+
|   41  | 76.83094716072083 | 47.18984079360962 | 194.39077758789062 | [0.06267302 0.10464193 0.13806488] | [0.05180926 0.06754204 0.07921635] | [0.02885878 0.02418767 0.02136121] | [0.39004673 0.53814576 0.62684729] |
+-------+-------------------+-------------------+--------------------+------------------------------------+------------------------------------+------------------------------------+------------------------------------+
epoch: 42 bpr_loss 0.32441794872283936
epoch: 42 bpr_loss 0.3218438923358917
epoch: 42 bpr_loss 0.3215188980102539
epoch: 42 bpr_loss 0.32022470235824585
epoch: 42 bpr_loss 0.3203650414943695
+-------+-------------------+-------------------+--------------------+------------------------------------+------------------------------------+------------------------------------+------------------------------------+
| Epoch |  training time(s) |   tesing time(s)  |        Loss        |               recall               |                ndcg                |             precision              |             hit_ratio              |
+-------+-------------------+-------------------+--------------------+------------------------------------+------------------------------------+------------------------------------+------------------------------------+
|   42  | 75.15840888023376 | 42.15555667877197 | 194.04273986816406 | [0.06292164 0.10482615 0.13842532] | [0.05198965 0.06767606 0.07942957] | [0.02902141 0.02422714 0.02143699] | [0.39083618 0.53868258 0.62773146] |
+-------+-------------------+-------------------+--------------------+------------------------------------+------------------------------------+------------------------------------+------------------------------------+
epoch: 43 bpr_loss 0.32170408964157104
epoch: 43 bpr_loss 0.3212778866291046
epoch: 43 bpr_loss 0.31844544410705566
epoch: 43 bpr_loss 0.32433122396469116
epoch: 43 bpr_loss 0.31758105754852295
+-------+-------------------+-------------------+--------------------+------------------------------------+------------------------------------+------------------------------------+------------------------------------+
| Epoch |  training time(s) |   tesing time(s)  |        Loss        |               recall               |                ndcg                |             precision              |             hit_ratio              |
+-------+-------------------+-------------------+--------------------+------------------------------------+------------------------------------+------------------------------------+------------------------------------+
|   43  | 75.79913902282715 | 48.72663760185242 | 193.64076232910156 | [0.06286253 0.10479904 0.13850683] | [0.05198336 0.06771722 0.07949105] | [0.02895194 0.02424135 0.02144278] | [0.3905204  0.53902994 0.62779462] |
+-------+-------------------+-------------------+--------------------+------------------------------------+------------------------------------+------------------------------------+------------------------------------+
epoch: 44 bpr_loss 0.3202455937862396
epoch: 44 bpr_loss 0.3185866177082062
epoch: 44 bpr_loss 0.3191993236541748
epoch: 44 bpr_loss 0.3223764896392822
epoch: 44 bpr_loss 0.3163512945175171
+-------+-------------------+-------------------+-------------------+------------------------------------+------------------------------------+------------------------------------+------------------------------------+
| Epoch |  training time(s) |   tesing time(s)  |        Loss       |               recall               |                ndcg                |             precision              |             hit_ratio              |
+-------+-------------------+-------------------+-------------------+------------------------------------+------------------------------------+------------------------------------+------------------------------------+
|   44  | 76.85599732398987 | 47.39037322998047 | 193.2109832763672 | [0.06299096 0.10506313 0.13878397] | [0.052095   0.06786729 0.0796397 ] | [0.02904825 0.02431082 0.02148804] | [0.39153088 0.53975622 0.62807882] |
+-------+-------------------+-------------------+-------------------+------------------------------------+------------------------------------+------------------------------------+------------------------------------+
epoch: 45 bpr_loss 0.31812411546707153
epoch: 45 bpr_loss 0.32045939564704895
epoch: 45 bpr_loss 0.3210524022579193
epoch: 45 bpr_loss 0.3220098316669464
epoch: 45 bpr_loss 0.320137619972229
+-------+-------------------+--------------------+--------------------+------------------------------------+------------------------------------+------------------------------------+------------------------------------+
| Epoch |  training time(s) |   tesing time(s)   |        Loss        |               recall               |                ndcg                |             precision              |             hit_ratio              |
+-------+-------------------+--------------------+--------------------+------------------------------------+------------------------------------+------------------------------------+------------------------------------+
|   45  | 85.62599611282349 | 40.990997552871704 | 192.86058044433594 | [0.06314088 0.10520766 0.13891321] | [0.05223471 0.06798455 0.07974585] | [0.02914298 0.02434003 0.02149646] | [0.39156246 0.53969307 0.62848933] |
+-------+-------------------+--------------------+--------------------+------------------------------------+------------------------------------+------------------------------------+------------------------------------+
epoch: 46 bpr_loss 0.32088953256607056
epoch: 46 bpr_loss 0.31614524126052856
epoch: 46 bpr_loss 0.31685683131217957
epoch: 46 bpr_loss 0.317807674407959
epoch: 46 bpr_loss 0.31662487983703613
+-------+-------------------+------------------+--------------------+------------------------------------+------------------------------------+------------------------------------+------------------------------------+
| Epoch |  training time(s) |  tesing time(s)  |        Loss        |               recall               |                ndcg                |             precision              |             hit_ratio              |
+-------+-------------------+------------------+--------------------+------------------------------------+------------------------------------+------------------------------------+------------------------------------+
|   46  | 74.25428009033203 | 52.4095664024353 | 192.45687866210938 | [0.06328437 0.10510735 0.13879991] | [0.05226391 0.06792676 0.07969125] | [0.0291493  0.02431319 0.02148278] | [0.39269925 0.54000884 0.62871037] |
+-------+-------------------+------------------+--------------------+------------------------------------+------------------------------------+------------------------------------+------------------------------------+
epoch: 47 bpr_loss 0.3181627690792084
epoch: 47 bpr_loss 0.3173176646232605
epoch: 47 bpr_loss 0.3182612657546997
epoch: 47 bpr_loss 0.3150995969772339
epoch: 47 bpr_loss 0.31876522302627563
+-------+-------------------+-------------------+--------------------+------------------------------------+------------------------------------+------------------------------------+------------------------------------+
| Epoch |  training time(s) |   tesing time(s)  |        Loss        |               recall               |                ndcg                |             precision              |             hit_ratio              |
+-------+-------------------+-------------------+--------------------+------------------------------------+------------------------------------+------------------------------------+------------------------------------+
|   47  | 75.35461330413818 | 42.49813461303711 | 192.09214782714844 | [0.06329818 0.10519928 0.13897982] | [0.05228599 0.06798802 0.07978818] | [0.02916509 0.02434555 0.02151488] | [0.39295188 0.53997726 0.62899457] |
+-------+-------------------+-------------------+--------------------+------------------------------------+------------------------------------+------------------------------------+------------------------------------+
epoch: 48 bpr_loss 0.31782811880111694
epoch: 48 bpr_loss 0.3150184452533722
epoch: 48 bpr_loss 0.3196520507335663
epoch: 48 bpr_loss 0.3190271854400635
epoch: 48 bpr_loss 0.320956289768219
+-------+-------------------+-------------------+-------------------+------------------------------------+------------------------------------+------------------------------------+------------------------------------+
| Epoch |  training time(s) |   tesing time(s)  |        Loss       |               recall               |                ndcg                |             precision              |             hit_ratio              |
+-------+-------------------+-------------------+-------------------+------------------------------------+------------------------------------+------------------------------------+------------------------------------+
|   48  | 76.50000381469727 | 49.81401228904724 | 191.8233184814453 | [0.06325608 0.10533576 0.13935213] | [0.05230037 0.06807191 0.07995239] | [0.02914614 0.02436687 0.02156857] | [0.39257294 0.54082986 0.62997347] |
+-------+-------------------+-------------------+-------------------+------------------------------------+------------------------------------+------------------------------------+------------------------------------+
epoch: 49 bpr_loss 0.31369006633758545
epoch: 49 bpr_loss 0.3143574297428131
epoch: 49 bpr_loss 0.32026147842407227
epoch: 49 bpr_loss 0.3215005099773407
epoch: 49 bpr_loss 0.3188406825065613
+-------+------------------+------------------+--------------------+------------------------------------+------------------------------------+------------------------------------+------------------------------------+
| Epoch | training time(s) |  tesing time(s)  |        Loss        |               recall               |                ndcg                |             precision              |             hit_ratio              |
+-------+------------------+------------------+--------------------+------------------------------------+------------------------------------+------------------------------------+------------------------------------+
|   49  | 75.5334243774414 | 45.1362566947937 | 191.46324157714844 | [0.06340969 0.10553293 0.13901593] | [0.0523544  0.06813978 0.07985137] | [0.02920456 0.02440003 0.02153278] | [0.39377289 0.54120879 0.62972085] |
+-------+------------------+------------------+--------------------+------------------------------------+------------------------------------+------------------------------------+------------------------------------+
epoch: 50 bpr_loss 0.3184322416782379
epoch: 50 bpr_loss 0.3137668967247009
epoch: 50 bpr_loss 0.31496599316596985
epoch: 50 bpr_loss 0.31604495644569397
epoch: 50 bpr_loss 0.3126041889190674
+-------+------------------+-------------------+--------------------+------------------------------------+------------------------------------+------------------------------------+------------------------------------+
| Epoch | training time(s) |   tesing time(s)  |        Loss        |               recall               |                ndcg                |             precision              |             hit_ratio              |
+-------+------------------+-------------------+--------------------+------------------------------------+------------------------------------+------------------------------------+------------------------------------+
|   50  | 74.5949764251709 | 41.71168518066406 | 191.19644165039062 | [0.06348251 0.10542818 0.13929264] | [0.05243993 0.06814027 0.07998294] | [0.02925193 0.02436213 0.02156383] | [0.3938992  0.54111406 0.62997347] |
+-------+------------------+-------------------+--------------------+------------------------------------+------------------------------------+------------------------------------+------------------------------------+
epoch: 51 bpr_loss 0.3128359913825989
epoch: 51 bpr_loss 0.3148668110370636
epoch: 51 bpr_loss 0.31310907006263733
epoch: 51 bpr_loss 0.3179756999015808
epoch: 51 bpr_loss 0.3143128454685211
+-------+-------------------+-------------------+--------------------+------------------------------------+------------------------------------+------------------------------------+------------------------------------+
| Epoch |  training time(s) |   tesing time(s)  |        Loss        |               recall               |                ndcg                |             precision              |             hit_ratio              |
+-------+-------------------+-------------------+--------------------+------------------------------------+------------------------------------+------------------------------------+------------------------------------+
|   51  | 80.54246616363525 | 46.05650734901428 | 190.79400634765625 | [0.06355431 0.1055156  0.13937247] | [0.05253674 0.06825438 0.08009421] | [0.02928982 0.02440239 0.02158383] | [0.39408867 0.54127195 0.63016294] |
+-------+-------------------+-------------------+--------------------+------------------------------------+------------------------------------+------------------------------------+------------------------------------+
epoch: 52 bpr_loss 0.31628310680389404
epoch: 52 bpr_loss 0.31531521677970886
epoch: 52 bpr_loss 0.3137834370136261
epoch: 52 bpr_loss 0.31441810727119446
epoch: 52 bpr_loss 0.3160545825958252
+-------+-------------------+-------------------+--------------------+------------------------------------+------------------------------------+------------------------------------+------------------------------------+
| Epoch |  training time(s) |   tesing time(s)  |        Loss        |               recall               |                ndcg                |             precision              |             hit_ratio              |
+-------+-------------------+-------------------+--------------------+------------------------------------+------------------------------------+------------------------------------+------------------------------------+
|   52  | 79.24425554275513 | 44.44308686256409 | 190.53297424316406 | [0.06360643 0.10563312 0.139268  ] | [0.05254014 0.06825871 0.08002514] | [0.02931982 0.02441976 0.02156962] | [0.39478338 0.54152457 0.62987874] |
+-------+-------------------+-------------------+--------------------+------------------------------------+------------------------------------+------------------------------------+------------------------------------+
epoch: 53 bpr_loss 0.3111865818500519
epoch: 53 bpr_loss 0.31493014097213745
epoch: 53 bpr_loss 0.3152827322483063
epoch: 53 bpr_loss 0.3131055235862732
epoch: 53 bpr_loss 0.3121342957019806
+-------+-------------------+--------------------+-------------------+------------------------------------+------------------------------------+------------------------------------+------------------------------------+
| Epoch |  training time(s) |   tesing time(s)   |        Loss       |               recall               |                ndcg                |             precision              |             hit_ratio              |
+-------+-------------------+--------------------+-------------------+------------------------------------+------------------------------------+------------------------------------+------------------------------------+
|   53  | 76.56995630264282 | 41.758394718170166 | 190.1482696533203 | [0.06361234 0.10587086 0.13951533] | [0.05254146 0.06837532 0.08014067] | [0.02929613 0.0244695  0.02159646] | [0.39487811 0.54187192 0.63044714] |
+-------+-------------------+--------------------+-------------------+------------------------------------+------------------------------------+------------------------------------+------------------------------------+
epoch: 54 bpr_loss 0.31641533970832825
epoch: 54 bpr_loss 0.31258681416511536
epoch: 54 bpr_loss 0.3144546151161194
epoch: 54 bpr_loss 0.3123617172241211
epoch: 54 bpr_loss 0.3130767345428467
+-------+-------------------+--------------------+--------------------+------------------------------------+------------------------------------+------------------------------------+------------------------------------+
| Epoch |  training time(s) |   tesing time(s)   |        Loss        |               recall               |                ndcg                |             precision              |             hit_ratio              |
+-------+-------------------+--------------------+--------------------+------------------------------------+------------------------------------+------------------------------------+------------------------------------+
|   54  | 75.28640079498291 | 43.388856649398804 | 189.91285705566406 | [0.06348094 0.1056928  0.13944304] | [0.05251948 0.0683357  0.08014313] | [0.02925193 0.02443792 0.0216033 ] | [0.39383605 0.54212454 0.63016294] |
+-------+-------------------+--------------------+--------------------+------------------------------------+------------------------------------+------------------------------------+------------------------------------+
epoch: 55 bpr_loss 0.3125344514846802
epoch: 55 bpr_loss 0.3143805265426636
epoch: 55 bpr_loss 0.3143433630466461
epoch: 55 bpr_loss 0.31177449226379395
epoch: 55 bpr_loss 0.3114767074584961
+-------+-------------------+--------------------+--------------------+------------------------------------+------------------------------------+------------------------------------+------------------------------------+
| Epoch |  training time(s) |   tesing time(s)   |        Loss        |               recall               |                ndcg                |             precision              |             hit_ratio              |
+-------+-------------------+--------------------+--------------------+------------------------------------+------------------------------------+------------------------------------+------------------------------------+
|   55  | 76.88444304466248 | 45.560357093811035 | 189.54005432128906 | [0.06358868 0.10569255 0.13938534] | [0.05257153 0.06834276 0.08012457] | [0.02927877 0.02443634 0.0215733 ] | [0.39459391 0.54240874 0.63006821] |
+-------+-------------------+--------------------+--------------------+------------------------------------+------------------------------------+------------------------------------+------------------------------------+
epoch: 56 bpr_loss 0.31297561526298523
epoch: 56 bpr_loss 0.3094835579395294
epoch: 56 bpr_loss 0.3158644437789917
epoch: 56 bpr_loss 0.31132522225379944
epoch: 56 bpr_loss 0.31439605355262756
+-------+-------------------+-------------------+--------------------+------------------------------------+------------------------------------+------------------------------------+------------------------------------+
| Epoch |  training time(s) |   tesing time(s)  |        Loss        |               recall               |                ndcg                |             precision              |             hit_ratio              |
+-------+-------------------+-------------------+--------------------+------------------------------------+------------------------------------+------------------------------------+------------------------------------+
|   56  | 76.29446315765381 | 41.49007511138916 | 189.29483032226562 | [0.06356229 0.10566601 0.13945232] | [0.05257499 0.06835491 0.08016158] | [0.02926456 0.02443318 0.02157857] | [0.39490969 0.54174561 0.63025767] |
+-------+-------------------+-------------------+--------------------+------------------------------------+------------------------------------+------------------------------------+------------------------------------+
epoch: 57 bpr_loss 0.3087475597858429
epoch: 57 bpr_loss 0.31428632140159607
epoch: 57 bpr_loss 0.3144805431365967
epoch: 57 bpr_loss 0.3172483444213867
epoch: 57 bpr_loss 0.31050577759742737
+-------+-------------------+--------------------+--------------------+------------------------------------+------------------------------------+------------------------------------+------------------------------------+
| Epoch |  training time(s) |   tesing time(s)   |        Loss        |               recall               |                ndcg                |             precision              |             hit_ratio              |
+-------+-------------------+--------------------+--------------------+------------------------------------+------------------------------------+------------------------------------+------------------------------------+
|   57  | 74.09913969039917 | 38.436049461364746 | 189.04119873046875 | [0.06361095 0.10560944 0.13950275] | [0.05261588 0.06835004 0.08019668] | [0.0293135  0.0244166  0.02158699] | [0.39440445 0.54228243 0.63016294] |
+-------+-------------------+--------------------+--------------------+------------------------------------+------------------------------------+------------------------------------+------------------------------------+
epoch: 58 bpr_loss 0.3112005591392517
epoch: 58 bpr_loss 0.312504380941391
epoch: 58 bpr_loss 0.3085062801837921
epoch: 58 bpr_loss 0.31231534481048584
epoch: 58 bpr_loss 0.31723299622535706
+-------+-------------------+-------------------+--------------------+------------------------------------+------------------------------------+------------------------------------+------------------------------------+
| Epoch |  training time(s) |   tesing time(s)  |        Loss        |               recall               |                ndcg                |             precision              |             hit_ratio              |
+-------+-------------------+-------------------+--------------------+------------------------------------+------------------------------------+------------------------------------+------------------------------------+
|   58  | 73.99305033683777 | 39.13206720352173 | 188.72576904296875 | [0.06360677 0.10566752 0.13969853] | [0.05266373 0.06842423 0.08032146] | [0.02928982 0.0244245  0.02161225] | [0.39424656 0.54256663 0.63013136] |
+-------+-------------------+-------------------+--------------------+------------------------------------+------------------------------------+------------------------------------+------------------------------------+
epoch: 59 bpr_loss 0.30972301959991455
epoch: 59 bpr_loss 0.31130465865135193
epoch: 59 bpr_loss 0.31000781059265137
epoch: 59 bpr_loss 0.31237345933914185
epoch: 59 bpr_loss 0.3156307339668274
+-------+------------------+-------------------+--------------------+------------------------------------+------------------------------------+------------------------------------+------------------------------------+
| Epoch | training time(s) |   tesing time(s)  |        Loss        |               recall               |                ndcg                |             precision              |             hit_ratio              |
+-------+------------------+-------------------+--------------------+------------------------------------+------------------------------------+------------------------------------+------------------------------------+
|   59  | 76.9166796207428 | 44.52332782745361 | 188.43702697753906 | [0.063667   0.10574117 0.13961241] | [0.05259827 0.06838779 0.08022791] | [0.0292835  0.02445529 0.02160804] | [0.39456233 0.54281925 0.63028925] |
+-------+------------------+-------------------+--------------------+------------------------------------+------------------------------------+------------------------------------+------------------------------------+
epoch: 60 bpr_loss 0.3105597198009491
epoch: 60 bpr_loss 0.31498196721076965
epoch: 60 bpr_loss 0.3086373805999756
epoch: 60 bpr_loss 0.31158140301704407
epoch: 60 bpr_loss 0.3116920292377472
+-------+-------------------+-------------------+--------------------+------------------------------------+------------------------------------+------------------------------------+------------------------------------+
| Epoch |  training time(s) |   tesing time(s)  |        Loss        |               recall               |                ndcg                |             precision              |             hit_ratio              |
+-------+-------------------+-------------------+--------------------+------------------------------------+------------------------------------+------------------------------------+------------------------------------+
|   60  | 68.95897459983826 | 40.18131470680237 | 188.15406799316406 | [0.0635803  0.10559773 0.13942371] | [0.05262894 0.06837306 0.0801855 ] | [0.02928982 0.02442845 0.02156751] | [0.39465707 0.54269294 0.62915246] |
+-------+-------------------+-------------------+--------------------+------------------------------------+------------------------------------+------------------------------------+------------------------------------+
epoch: 61 bpr_loss 0.31140273809432983
epoch: 61 bpr_loss 0.3067135214805603
epoch: 61 bpr_loss 0.3123345375061035
epoch: 61 bpr_loss 0.3110169768333435
epoch: 61 bpr_loss 0.3103904724121094
+-------+------------------+-------------------+--------------------+------------------------------------+------------------------------------+------------------------------------+------------------------------------+
| Epoch | training time(s) |   tesing time(s)  |        Loss        |               recall               |                ndcg                |             precision              |             hit_ratio              |
+-------+------------------+-------------------+--------------------+------------------------------------+------------------------------------+------------------------------------+------------------------------------+
|   61  | 69.1125910282135 | 42.41706585884094 | 187.93795776367188 | [0.0635882  0.1056178  0.13958392] | [0.05265057 0.06839509 0.08025191] | [0.0293135  0.02442687 0.02158435] | [0.39453076 0.5424719  0.6299419 ] |
+-------+------------------+-------------------+--------------------+------------------------------------+------------------------------------+------------------------------------+------------------------------------+
epoch: 62 bpr_loss 0.3124541640281677
epoch: 62 bpr_loss 0.31063950061798096
epoch: 62 bpr_loss 0.31001725792884827
epoch: 62 bpr_loss 0.3122994601726532
epoch: 62 bpr_loss 0.31433039903640747
+-------+-------------------+-------------------+-------------------+------------------------------------+------------------------------------+------------------------------------+------------------------------------+
| Epoch |  training time(s) |   tesing time(s)  |        Loss       |               recall               |                ndcg                |             precision              |             hit_ratio              |
+-------+-------------------+-------------------+-------------------+------------------------------------+------------------------------------+------------------------------------+------------------------------------+
|   62  | 70.06420731544495 | 36.17890667915344 | 187.6426544189453 | [0.06358874 0.1053727  0.13976305] | [0.05266564 0.0683452  0.08034203] | [0.02928824 0.02438503 0.02160593] | [0.39453076 0.54177719 0.63013136] |
+-------+-------------------+-------------------+-------------------+------------------------------------+------------------------------------+------------------------------------+------------------------------------+
epoch: 63 bpr_loss 0.3119516670703888
epoch: 63 bpr_loss 0.30972525477409363
epoch: 63 bpr_loss 0.310307115316391
epoch: 63 bpr_loss 0.3108425438404083
epoch: 63 bpr_loss 0.3080141842365265
+-------+-------------------+-------------------+-------------------+------------------------------------+------------------------------------+------------------------------------+------------------------------------+
| Epoch |  training time(s) |   tesing time(s)  |        Loss       |               recall               |                ndcg                |             precision              |             hit_ratio              |
+-------+-------------------+-------------------+-------------------+------------------------------------+------------------------------------+------------------------------------+------------------------------------+
|   63  | 70.43764328956604 | 39.00918507575989 | 187.3980255126953 | [0.06359184 0.10542261 0.13958906] | [0.05269822 0.06839373 0.08031986] | [0.02927087 0.0243866  0.02158488] | [0.39443602 0.54187192 0.62987874] |
+-------+-------------------+-------------------+-------------------+------------------------------------+------------------------------------+------------------------------------+------------------------------------+
epoch: 64 bpr_loss 0.30884528160095215
epoch: 64 bpr_loss 0.31024929881095886
epoch: 64 bpr_loss 0.31270015239715576
epoch: 64 bpr_loss 0.3099225163459778
epoch: 64 bpr_loss 0.3092273771762848
+-------+-------------------+-------------------+-------------------+------------------------------------+------------------------------------+------------------------------------+------------------------------------+
| Epoch |  training time(s) |   tesing time(s)  |        Loss       |               recall               |                ndcg                |             precision              |             hit_ratio              |
+-------+-------------------+-------------------+-------------------+------------------------------------+------------------------------------+------------------------------------+------------------------------------+
|   64  | 70.11257290840149 | 38.82201647758484 | 187.1515350341797 | [0.06354381 0.1053736  0.13964726] | [0.05266262 0.06834995 0.08031306] | [0.02928982 0.02438266 0.02159593] | [0.39456233 0.54165088 0.63006821] |
+-------+-------------------+-------------------+-------------------+------------------------------------+------------------------------------+------------------------------------+------------------------------------+
epoch: 65 bpr_loss 0.3104703724384308
epoch: 65 bpr_loss 0.30709370970726013
epoch: 65 bpr_loss 0.30790936946868896
epoch: 65 bpr_loss 0.3104749321937561
epoch: 65 bpr_loss 0.31009361147880554
+-------+-------------------+-------------------+--------------------+------------------------------------+------------------------------------+------------------------------------+------------------------------------+
| Epoch |  training time(s) |   tesing time(s)  |        Loss        |               recall               |                ndcg                |             precision              |             hit_ratio              |
+-------+-------------------+-------------------+--------------------+------------------------------------+------------------------------------+------------------------------------+------------------------------------+
|   65  | 69.29651951789856 | 34.83908700942993 | 186.90260314941406 | [0.06352478 0.10542667 0.13962503] | [0.05267442 0.06838495 0.08031739] | [0.02928508 0.02439529 0.02159067] | [0.39449918 0.54184034 0.63035241] |
+-------+-------------------+-------------------+--------------------+------------------------------------+------------------------------------+------------------------------------+------------------------------------+
epoch: 66 bpr_loss 0.3100789487361908
epoch: 66 bpr_loss 0.3079466223716736
epoch: 66 bpr_loss 0.30683135986328125
epoch: 66 bpr_loss 0.3107612431049347
epoch: 66 bpr_loss 0.3095436692237854
+-------+-------------------+-------------------+--------------------+------------------------------------+------------------------------------+------------------------------------+------------------------------------+
| Epoch |  training time(s) |   tesing time(s)  |        Loss        |               recall               |                ndcg                |             precision              |             hit_ratio              |
+-------+-------------------+-------------------+--------------------+------------------------------------+------------------------------------+------------------------------------+------------------------------------+
|   66  | 70.45617604255676 | 39.05651521682739 | 186.65460205078125 | [0.0633603  0.1051958  0.13949829] | [0.05258359 0.06825925 0.08024112] | [0.02924719 0.02434871 0.02158909] | [0.3938992  0.5416193  0.63009979] |
+-------+-------------------+-------------------+--------------------+------------------------------------+------------------------------------+------------------------------------+------------------------------------+
epoch: 67 bpr_loss 0.30739909410476685
epoch: 67 bpr_loss 0.3080540597438812
epoch: 67 bpr_loss 0.3073970675468445
epoch: 67 bpr_loss 0.3099967837333679
epoch: 67 bpr_loss 0.3089032471179962
+-------+-------------------+--------------------+--------------------+------------------------------------+------------------------------------+------------------------------------+------------------------------------+
| Epoch |  training time(s) |   tesing time(s)   |        Loss        |               recall               |                ndcg                |             precision              |             hit_ratio              |
+-------+-------------------+--------------------+--------------------+------------------------------------+------------------------------------+------------------------------------+------------------------------------+
|   67  | 70.31044459342957 | 40.101218938827515 | 186.44290161132812 | [0.06339611 0.10525887 0.13909481] | [0.05253571 0.06825194 0.08008356] | [0.0291793  0.02434397 0.0215412 ] | [0.39364658 0.54136668 0.6285209 ] |
+-------+-------------------+--------------------+--------------------+------------------------------------+------------------------------------+------------------------------------+------------------------------------+
epoch: 68 bpr_loss 0.3060658872127533
epoch: 68 bpr_loss 0.30289241671562195
epoch: 68 bpr_loss 0.3083799183368683
epoch: 68 bpr_loss 0.304910272359848
epoch: 68 bpr_loss 0.3092515468597412
+-------+-------------------+-------------------+--------------------+------------------------------------+------------------------------------+------------------------------------+------------------------------------+
| Epoch |  training time(s) |   tesing time(s)  |        Loss        |               recall               |                ndcg                |             precision              |             hit_ratio              |
+-------+-------------------+-------------------+--------------------+------------------------------------+------------------------------------+------------------------------------+------------------------------------+
|   68  | 69.74817037582397 | 36.48057842254639 | 186.11468505859375 | [0.06328307 0.10525629 0.13913059] | [0.05249252 0.06826025 0.08009076] | [0.02916351 0.0243574  0.02153594] | [0.39304661 0.54101933 0.62874195] |
+-------+-------------------+-------------------+--------------------+------------------------------------+------------------------------------+------------------------------------+------------------------------------+
epoch: 69 bpr_loss 0.3097977638244629
epoch: 69 bpr_loss 0.31105905771255493
epoch: 69 bpr_loss 0.3095239996910095
epoch: 69 bpr_loss 0.3056206703186035
epoch: 69 bpr_loss 0.3059941530227661
+-------+-------------------+-------------------+--------------------+------------------------------------+------------------------------------+------------------------------------+------------------------------------+
| Epoch |  training time(s) |   tesing time(s)  |        Loss        |               recall               |                ndcg                |             precision              |             hit_ratio              |
+-------+-------------------+-------------------+--------------------+------------------------------------+------------------------------------+------------------------------------+------------------------------------+
|   69  | 69.40240669250488 | 36.57096886634827 | 185.92752075195312 | [0.06335158 0.10508381 0.13938599] | [0.05256093 0.06823764 0.0802166 ] | [0.02916193 0.02431871 0.02157488] | [0.39307819 0.5403562  0.62968928] |
+-------+-------------------+-------------------+--------------------+------------------------------------+------------------------------------+------------------------------------+------------------------------------+
Early stopping is trigger at step: 10 log:0.0633515814761394
early stopping at 69, recall@20:0.0637
