Namespace(K=1, Ks='[20, 40, 60]', batch_size=2048, batch_test_flag=True, context_hops=3, cuda=True, data_path='data/', dataset='yelp2018', dim=64, edge_dropout=False, edge_dropout_rate=0.1, epoch=1000, gnn='lightgcn', gpu_id=1, l2=0.0001, lr=0.001, mess_dropout=False, mess_dropout_rate=0.1, n_negs=32, ns='mixgcf', out_dir='./weights/yelp2018/', pool='mean', save=False, test_batch_size=2048, test_flag='part')
reading train and test user-item set ...
building the adj mat ...
loading over ...
start training ...
epoch: 0 bpr_loss 0.693146288394928
epoch: 0 bpr_loss 0.4499332010746002
epoch: 0 bpr_loss 0.4500603973865509
epoch: 0 bpr_loss 0.45132607221603394
epoch: 0 bpr_loss 0.4309644103050232
+-------+--------------------+-------------------+-------------------+------------------------------------+------------------------------------+------------------------------------+------------------------------------+
| Epoch |  training time(s)  |   tesing time(s)  |        Loss       |               recall               |                ndcg                |             precision              |             hit_ratio              |
+-------+--------------------+-------------------+-------------------+------------------------------------+------------------------------------+------------------------------------+------------------------------------+
|   0   | 112.67445874214172 | 38.29874348640442 | 281.9574279785156 | [0.03679209 0.06210323 0.08211484] | [0.03019443 0.03970568 0.04673219] | [0.01727296 0.01467412 0.0130405 ] | [0.25082102 0.36636352 0.43908678] |
+-------+--------------------+-------------------+-------------------+------------------------------------+------------------------------------+------------------------------------+------------------------------------+
epoch: 1 bpr_loss 0.4142313003540039
epoch: 1 bpr_loss 0.41231659054756165
epoch: 1 bpr_loss 0.4021003842353821
epoch: 1 bpr_loss 0.39434441924095154
epoch: 1 bpr_loss 0.38820675015449524
+-------+--------------------+-------------------+--------------------+------------------------------------+------------------------------------+------------------------------------+------------------------------------+
| Epoch |  training time(s)  |   tesing time(s)  |        Loss        |               recall               |                ndcg                |             precision              |             hit_ratio              |
+-------+--------------------+-------------------+--------------------+------------------------------------+------------------------------------+------------------------------------+------------------------------------+
|   1   | 112.94712352752686 | 36.68723917007446 | 243.10800170898438 | [0.04130563 0.06933619 0.09065424] | [0.03405477 0.04452843 0.05201163] | [0.01953865 0.0163951  0.01441097] | [0.27952507 0.40305671 0.47748516] |
+-------+--------------------+-------------------+--------------------+------------------------------------+------------------------------------+------------------------------------+------------------------------------+
epoch: 2 bpr_loss 0.3903249502182007
epoch: 2 bpr_loss 0.38434821367263794
epoch: 2 bpr_loss 0.39035913348197937
epoch: 2 bpr_loss 0.3741357624530792
epoch: 2 bpr_loss 0.37449270486831665
+-------+--------------------+--------------------+--------------------+------------------------------------+------------------------------------+------------------------------------+------------------------------------+
| Epoch |  training time(s)  |   tesing time(s)   |        Loss        |               recall               |                ndcg                |             precision              |             hit_ratio              |
+-------+--------------------+--------------------+--------------------+------------------------------------+------------------------------------+------------------------------------+------------------------------------+
|   2   | 112.02713656425476 | 35.750871658325195 | 230.63792419433594 | [0.04388605 0.07303308 0.09596551] | [0.03603132 0.046999   0.05503439] | [0.02052545 0.01723348 0.01519094] | [0.29376658 0.42023494 0.49898952] |
+-------+--------------------+--------------------+--------------------+------------------------------------+------------------------------------+------------------------------------+------------------------------------+
epoch: 3 bpr_loss 0.3714139461517334
epoch: 3 bpr_loss 0.37322309613227844
epoch: 3 bpr_loss 0.37030699849128723
epoch: 3 bpr_loss 0.3699607849121094
epoch: 3 bpr_loss 0.37016740441322327
+-------+-------------------+-------------------+-------------------+------------------------------------+------------------------------------+------------------------------------+------------------------------------+
| Epoch |  training time(s) |   tesing time(s)  |        Loss       |               recall               |                ndcg                |             precision              |             hit_ratio              |
+-------+-------------------+-------------------+-------------------+------------------------------------+------------------------------------+------------------------------------+------------------------------------+
|   3   | 111.4501371383667 | 39.41123127937317 | 221.6902313232422 | [0.04616522 0.07702492 0.10154532] | [0.03803982 0.04966107 0.05825297] | [0.02140962 0.01802214 0.01593828] | [0.30617658 0.438771   0.51891499] |
+-------+-------------------+-------------------+-------------------+------------------------------------+------------------------------------+------------------------------------+------------------------------------+
epoch: 4 bpr_loss 0.3605748116970062
epoch: 4 bpr_loss 0.35394787788391113
epoch: 4 bpr_loss 0.35996297001838684
epoch: 4 bpr_loss 0.35461100935935974
epoch: 4 bpr_loss 0.34869667887687683
+-------+--------------------+-------------------+--------------------+------------------------------------+------------------------------------+------------------------------------+------------------------------------+
| Epoch |  training time(s)  |   tesing time(s)  |        Loss        |               recall               |                ndcg                |             precision              |             hit_ratio              |
+-------+--------------------+-------------------+--------------------+------------------------------------+------------------------------------+------------------------------------+------------------------------------+
|   4   | 111.09135723114014 | 35.25674533843994 | 214.50599670410156 | [0.0481682  0.08026149 0.10635154] | [0.03958342 0.0516301  0.06081289] | [0.02225275 0.01864106 0.01660299] | [0.31694455 0.45171782 0.53543009] |
+-------+--------------------+-------------------+--------------------+------------------------------------+------------------------------------+------------------------------------+------------------------------------+
epoch: 5 bpr_loss 0.3546750545501709
epoch: 5 bpr_loss 0.34368008375167847
epoch: 5 bpr_loss 0.3474765121936798
epoch: 5 bpr_loss 0.3413901627063751
epoch: 5 bpr_loss 0.3476850688457489
+-------+--------------------+-------------------+------------------+------------------------------------+------------------------------------+------------------------------------+------------------------------------+
| Epoch |  training time(s)  |   tesing time(s)  |       Loss       |               recall               |                ndcg                |             precision              |             hit_ratio              |
+-------+--------------------+-------------------+------------------+------------------------------------+------------------------------------+------------------------------------+------------------------------------+
|   5   | 110.55483317375183 | 36.73530888557434 | 209.576904296875 | [0.04972584 0.08295212 0.11052483] | [0.04079468 0.05328472 0.06297388] | [0.02286377 0.01918577 0.01716559] | [0.32531262 0.46280157 0.54922951] |
+-------+--------------------+-------------------+------------------+------------------------------------+------------------------------------+------------------------------------+------------------------------------+
epoch: 6 bpr_loss 0.34580716490745544
epoch: 6 bpr_loss 0.34818118810653687
epoch: 6 bpr_loss 0.3325006067752838
epoch: 6 bpr_loss 0.342488169670105
epoch: 6 bpr_loss 0.34438657760620117
+-------+------------------+-------------------+-------------------+------------------------------------+------------------------------------+------------------------------------+------------------------------------+
| Epoch | training time(s) |   tesing time(s)  |        Loss       |               recall               |                ndcg                |             precision              |             hit_ratio              |
+-------+------------------+-------------------+-------------------+------------------------------------+------------------------------------+------------------------------------+------------------------------------+
|   6   | 110.36767578125  | 38.24356150627136 | 205.6903533935547 | [0.05132976 0.08550432 0.11375371] | [0.04206723 0.05492229 0.06483049] | [0.02354901 0.01973522 0.017614  ] | [0.33292282 0.4729064  0.55952381] |
+-------+------------------+-------------------+-------------------+------------------------------------+------------------------------------+------------------------------------+------------------------------------+
epoch: 7 bpr_loss 0.3318028748035431
epoch: 7 bpr_loss 0.33188512921333313
epoch: 7 bpr_loss 0.3300304710865021
epoch: 7 bpr_loss 0.33597058057785034
epoch: 7 bpr_loss 0.33754634857177734
+-------+--------------------+-------------------+-------------------+------------------------------------+------------------------------------+------------------------------------+------------------------------------+
| Epoch |  training time(s)  |   tesing time(s)  |        Loss       |               recall               |                ndcg                |             precision              |             hit_ratio              |
+-------+--------------------+-------------------+-------------------+------------------------------------+------------------------------------+------------------------------------+------------------------------------+
|   7   | 112.36429142951965 | 39.81676626205444 | 202.5189666748047 | [0.05256026 0.08758737 0.11627281] | [0.04315294 0.05629662 0.06637365] | [0.02412214 0.02018204 0.01800187] | [0.33920677 0.48076923 0.56707086] |
+-------+--------------------+-------------------+-------------------+------------------------------------+------------------------------------+------------------------------------+------------------------------------+
epoch: 8 bpr_loss 0.33541205525398254
epoch: 8 bpr_loss 0.3281029164791107
epoch: 8 bpr_loss 0.32519400119781494
epoch: 8 bpr_loss 0.3258850872516632
epoch: 8 bpr_loss 0.32943880558013916
+-------+--------------------+-------------------+--------------------+------------------------------------+------------------------------------+------------------------------------+------------------------------------+
| Epoch |  training time(s)  |   tesing time(s)  |        Loss        |               recall               |                ndcg                |             precision              |             hit_ratio              |
+-------+--------------------+-------------------+--------------------+------------------------------------+------------------------------------+------------------------------------+------------------------------------+
|   8   | 111.37569832801819 | 40.37920928001404 | 199.82028198242188 | [0.05404869 0.08962506 0.11878933] | [0.04428903 0.057637   0.06789749] | [0.02474896 0.02063597 0.01840449] | [0.34672224 0.48790577 0.57464949] |
+-------+--------------------+-------------------+--------------------+------------------------------------+------------------------------------+------------------------------------+------------------------------------+
epoch: 9 bpr_loss 0.32556673884391785
epoch: 9 bpr_loss 0.32769206166267395
epoch: 9 bpr_loss 0.3273533582687378
epoch: 9 bpr_loss 0.325292706489563
epoch: 9 bpr_loss 0.3269422650337219
+-------+--------------------+-------------------+--------------------+------------------------------------+------------------------------------+------------------------------------+------------------------------------+
| Epoch |  training time(s)  |   tesing time(s)  |        Loss        |               recall               |                ndcg                |             precision              |             hit_ratio              |
+-------+--------------------+-------------------+--------------------+------------------------------------+------------------------------------+------------------------------------+------------------------------------+
|   9   | 109.93924236297607 | 46.56890845298767 | 197.39466857910156 | [0.05489564 0.09121528 0.12071707] | [0.04503852 0.05867547 0.06904969] | [0.02511999 0.02100148 0.01870711] | [0.35155362 0.49362132 0.57998611] |
+-------+--------------------+-------------------+--------------------+------------------------------------+------------------------------------+------------------------------------+------------------------------------+
epoch: 10 bpr_loss 0.3189385235309601
epoch: 10 bpr_loss 0.3270075023174286
epoch: 10 bpr_loss 0.32630568742752075
epoch: 10 bpr_loss 0.32708126306533813
epoch: 10 bpr_loss 0.3219791054725647
+-------+--------------------+-------------------+-------------------+------------------------------------+------------------------------------+------------------------------------+------------------------------------+
| Epoch |  training time(s)  |   tesing time(s)  |        Loss       |               recall               |                ndcg                |             precision              |             hit_ratio              |
+-------+--------------------+-------------------+-------------------+------------------------------------+------------------------------------+------------------------------------+------------------------------------+
|   10  | 111.81886315345764 | 41.86703610420227 | 195.3738555908203 | [0.05564771 0.09286401 0.12247198] | [0.0457296  0.05970204 0.07012009] | [0.02546577 0.02136147 0.01898183] | [0.3558166  0.49861058 0.58456486] |
+-------+--------------------+-------------------+-------------------+------------------------------------+------------------------------------+------------------------------------+------------------------------------+
epoch: 11 bpr_loss 0.3244835436344147
epoch: 11 bpr_loss 0.32688355445861816
epoch: 11 bpr_loss 0.3181487023830414
epoch: 11 bpr_loss 0.32177892327308655
epoch: 11 bpr_loss 0.3176723122596741
+-------+--------------------+-------------------+--------------------+------------------------------------+------------------------------------+------------------------------------+------------------------------------+
| Epoch |  training time(s)  |   tesing time(s)  |        Loss        |               recall               |                ndcg                |             precision              |             hit_ratio              |
+-------+--------------------+-------------------+--------------------+------------------------------------+------------------------------------+------------------------------------+------------------------------------+
|   11  | 110.55138945579529 | 40.92989373207092 | 193.34713745117188 | [0.05629294 0.09404135 0.12416112] | [0.04628534 0.06046767 0.07102418] | [0.02581944 0.02168909 0.01922603] | [0.35878489 0.50293672 0.59009094] |
+-------+--------------------+-------------------+--------------------+------------------------------------+------------------------------------+------------------------------------+------------------------------------+
epoch: 12 bpr_loss 0.32086822390556335
epoch: 12 bpr_loss 0.317409873008728
epoch: 12 bpr_loss 0.31542128324508667
epoch: 12 bpr_loss 0.3208216428756714
epoch: 12 bpr_loss 0.3111354112625122
+-------+--------------------+------------------+--------------------+------------------------------------+------------------------------------+------------------------------------+------------------------------------+
| Epoch |  training time(s)  |  tesing time(s)  |        Loss        |               recall               |                ndcg                |             precision              |             hit_ratio              |
+-------+--------------------+------------------+--------------------+------------------------------------+------------------------------------+------------------------------------+------------------------------------+
|   12  | 111.23934268951416 | 39.8377730846405 | 191.58993530273438 | [0.05691889 0.09485127 0.12559057] | [0.04673168 0.06099958 0.07174697] | [0.02608785 0.02188408 0.01942287] | [0.36247947 0.50596817 0.59533283] |
+-------+--------------------+------------------+--------------------+------------------------------------+------------------------------------+------------------------------------+------------------------------------+
epoch: 13 bpr_loss 0.3169085383415222
epoch: 13 bpr_loss 0.3158021569252014
epoch: 13 bpr_loss 0.3184199333190918
epoch: 13 bpr_loss 0.3101615309715271
epoch: 13 bpr_loss 0.31512489914894104
+-------+--------------------+-------------------+-------------------+------------------------------------+------------------------------------+------------------------------------+------------------------------------+
| Epoch |  training time(s)  |   tesing time(s)  |        Loss       |               recall               |                ndcg                |             precision              |             hit_ratio              |
+-------+--------------------+-------------------+-------------------+------------------------------------+------------------------------------+------------------------------------+------------------------------------+
|   13  | 110.94861674308777 | 39.11671805381775 | 190.0753631591797 | [0.05745793 0.09573333 0.12678062] | [0.0472859  0.06168234 0.07254935] | [0.02637363 0.02210275 0.01962707] | [0.36560566 0.50855753 0.59836428] |
+-------+--------------------+-------------------+-------------------+------------------------------------+------------------------------------+------------------------------------+------------------------------------+
epoch: 14 bpr_loss 0.31110358238220215
epoch: 14 bpr_loss 0.30516305565834045
epoch: 14 bpr_loss 0.3118717670440674
epoch: 14 bpr_loss 0.31560027599334717
epoch: 14 bpr_loss 0.3142387866973877
+-------+-------------------+-------------------+-------------------+------------------------------------+------------------------------------+------------------------------------+------------------------------------+
| Epoch |  training time(s) |   tesing time(s)  |        Loss       |               recall               |                ndcg                |             precision              |             hit_ratio              |
+-------+-------------------+-------------------+-------------------+------------------------------------+------------------------------------+------------------------------------+------------------------------------+
|   14  | 110.6299569606781 | 43.81533145904541 | 188.5828094482422 | [0.05798101 0.09654934 0.12780503] | [0.04770938 0.06218556 0.07310629] | [0.02663098 0.0222788  0.01975338] | [0.36797398 0.51196792 0.60089049] |
+-------+-------------------+-------------------+-------------------+------------------------------------+------------------------------------+------------------------------------+------------------------------------+
epoch: 15 bpr_loss 0.3112589716911316
epoch: 15 bpr_loss 0.30788975954055786
epoch: 15 bpr_loss 0.31174996495246887
epoch: 15 bpr_loss 0.31803280115127563
epoch: 15 bpr_loss 0.31155917048454285
+-------+--------------------+--------------------+--------------------+------------------------------------+------------------------------------+------------------------------------+------------------------------------+
| Epoch |  training time(s)  |   tesing time(s)   |        Loss        |               recall               |                ndcg                |             precision              |             hit_ratio              |
+-------+--------------------+--------------------+--------------------+------------------------------------+------------------------------------+------------------------------------+------------------------------------+
|   15  | 111.36496305465698 | 38.920711040496826 | 187.31198120117188 | [0.05836097 0.09715884 0.12898767] | [0.04807245 0.06266712 0.07377437] | [0.02679519 0.0224509  0.01993232] | [0.36983706 0.51323102 0.60382721] |
+-------+--------------------+--------------------+--------------------+------------------------------------+------------------------------------+------------------------------------+------------------------------------+
epoch: 16 bpr_loss 0.30385589599609375
epoch: 16 bpr_loss 0.30287104845046997
epoch: 16 bpr_loss 0.3141467273235321
epoch: 16 bpr_loss 0.30595895648002625
epoch: 16 bpr_loss 0.30653518438339233
+-------+-------------------+-------------------+--------------------+------------------------------------+------------------------------------+------------------------------------+------------------------------------+
| Epoch |  training time(s) |   tesing time(s)  |        Loss        |               recall               |                ndcg                |             precision              |             hit_ratio              |
+-------+-------------------+-------------------+--------------------+------------------------------------+------------------------------------+------------------------------------+------------------------------------+
|   16  | 111.5599513053894 | 36.98862910270691 | 186.05921936035156 | [0.05856805 0.09779382 0.12955132] | [0.04828857 0.06305584 0.07413824] | [0.02691676 0.02260721 0.02002705] | [0.37160541 0.5156625  0.60518504] |
+-------+-------------------+-------------------+--------------------+------------------------------------+------------------------------------+------------------------------------+------------------------------------+
epoch: 17 bpr_loss 0.30519673228263855
epoch: 17 bpr_loss 0.3053778409957886
epoch: 17 bpr_loss 0.3064941465854645
epoch: 17 bpr_loss 0.304831862449646
epoch: 17 bpr_loss 0.30765804648399353
+-------+--------------------+-------------------+--------------------+------------------------------------+------------------------------------+------------------------------------+------------------------------------+
| Epoch |  training time(s)  |   tesing time(s)  |        Loss        |               recall               |                ndcg                |             precision              |             hit_ratio              |
+-------+--------------------+-------------------+--------------------+------------------------------------+------------------------------------+------------------------------------+------------------------------------+
|   17  | 110.67432951927185 | 44.17970681190491 | 184.91439819335938 | [0.05893426 0.09861544 0.13055702] | [0.04860978 0.06353886 0.07467912] | [0.02709517 0.02278167 0.02017126] | [0.37261589 0.51856764 0.60802703] |
+-------+--------------------+-------------------+--------------------+------------------------------------+------------------------------------+------------------------------------+------------------------------------+
epoch: 18 bpr_loss 0.30243077874183655
epoch: 18 bpr_loss 0.3023560047149658
epoch: 18 bpr_loss 0.30647027492523193
epoch: 18 bpr_loss 0.30419161915779114
epoch: 18 bpr_loss 0.30866068601608276
+-------+--------------------+-------------------+--------------------+------------------------------------+------------------------------------+------------------------------------+------------------------------------+
| Epoch |  training time(s)  |   tesing time(s)  |        Loss        |               recall               |                ndcg                |             precision              |             hit_ratio              |
+-------+--------------------+-------------------+--------------------+------------------------------------+------------------------------------+------------------------------------+------------------------------------+
|   18  | 110.79088234901428 | 38.15516185760498 | 183.85116577148438 | [0.05921155 0.09919929 0.13122135] | [0.04892766 0.06398222 0.07514904] | [0.02721991 0.02291825 0.02027546] | [0.37416319 0.52024125 0.60966907] |
+-------+--------------------+-------------------+--------------------+------------------------------------+------------------------------------+------------------------------------+------------------------------------+
epoch: 19 bpr_loss 0.3049553334712982
epoch: 19 bpr_loss 0.3023297190666199
epoch: 19 bpr_loss 0.30363741517066956
epoch: 19 bpr_loss 0.3054383397102356
epoch: 19 bpr_loss 0.29810670018196106
+-------+--------------------+--------------------+-----------------+------------------------------------+------------------------------------+------------------------------------+------------------------------------+
| Epoch |  training time(s)  |   tesing time(s)   |       Loss      |               recall               |                ndcg                |             precision              |             hit_ratio              |
+-------+--------------------+--------------------+-----------------+------------------------------------+------------------------------------+------------------------------------+------------------------------------+
|   19  | 110.76596069335938 | 37.223198652267456 | 182.79931640625 | [0.05964978 0.09971484 0.13197938] | [0.04923025 0.06430131 0.07556012] | [0.02740621 0.02302798 0.02039756] | [0.37583681 0.5220096  0.6115953 ] |
+-------+--------------------+--------------------+-----------------+------------------------------------+------------------------------------+------------------------------------+------------------------------------+
epoch: 20 bpr_loss 0.308913916349411
epoch: 20 bpr_loss 0.3023727834224701
epoch: 20 bpr_loss 0.3030757009983063
epoch: 20 bpr_loss 0.2985273003578186
epoch: 20 bpr_loss 0.29874297976493835
+-------+--------------------+--------------------+--------------------+------------------------------------+------------------------------------+------------------------------------+------------------------------------+
| Epoch |  training time(s)  |   tesing time(s)   |        Loss        |               recall               |                ndcg                |             precision              |             hit_ratio              |
+-------+--------------------+--------------------+--------------------+------------------------------------+------------------------------------+------------------------------------+------------------------------------+
|   20  | 110.07230353355408 | 36.750773191452026 | 181.70391845703125 | [0.0599751  0.10015516 0.13300346] | [0.04947431 0.06460998 0.07604932] | [0.0275641  0.02315666 0.02054545] | [0.37763673 0.52406214 0.6139952 ] |
+-------+--------------------+--------------------+--------------------+------------------------------------+------------------------------------+------------------------------------+------------------------------------+
epoch: 21 bpr_loss 0.29377004504203796
epoch: 21 bpr_loss 0.3003943860530853
epoch: 21 bpr_loss 0.2942085862159729
epoch: 21 bpr_loss 0.30381351709365845
epoch: 21 bpr_loss 0.29632455110549927
+-------+-------------------+-------------------+--------------------+------------------------------------+------------------------------------+------------------------------------+------------------------------------+
| Epoch |  training time(s) |   tesing time(s)  |        Loss        |               recall               |                ndcg                |             precision              |             hit_ratio              |
+-------+-------------------+-------------------+--------------------+------------------------------------+------------------------------------+------------------------------------+------------------------------------+
|   21  | 110.3216323852539 | 36.93797159194946 | 180.81735229492188 | [0.06057387 0.10069624 0.13370756] | [0.04986301 0.06493546 0.07644863] | [0.0278483  0.02326402 0.02066176] | [0.38051029 0.52579891 0.61570039] |
+-------+-------------------+-------------------+--------------------+------------------------------------+------------------------------------+------------------------------------+------------------------------------+
epoch: 22 bpr_loss 0.2975653409957886
epoch: 22 bpr_loss 0.30048277974128723
epoch: 22 bpr_loss 0.2958153784275055
epoch: 22 bpr_loss 0.29761719703674316
epoch: 22 bpr_loss 0.3002544045448303
+-------+--------------------+-------------------+-------------------+------------------------------------+------------------------------------+------------------------------------+------------------------------------+
| Epoch |  training time(s)  |   tesing time(s)  |        Loss       |               recall               |                ndcg                |             precision              |             hit_ratio              |
+-------+--------------------+-------------------+-------------------+------------------------------------+------------------------------------+------------------------------------+------------------------------------+
|   22  | 110.86812472343445 | 37.44584798812866 | 179.9563751220703 | [0.06083313 0.10133493 0.1341949 ] | [0.05008358 0.06530407 0.07678216] | [0.02793356 0.02338796 0.02074228] | [0.3806366  0.52791461 0.6163951 ] |
+-------+--------------------+-------------------+-------------------+------------------------------------+------------------------------------+------------------------------------+------------------------------------+
epoch: 23 bpr_loss 0.29608574509620667
epoch: 23 bpr_loss 0.29728132486343384
epoch: 23 bpr_loss 0.2978501319885254
epoch: 23 bpr_loss 0.29830649495124817
epoch: 23 bpr_loss 0.2940513491630554
+-------+--------------------+--------------------+--------------------+------------------------------------+------------------------------------+------------------------------------+------------------------------------+
| Epoch |  training time(s)  |   tesing time(s)   |        Loss        |               recall               |                ndcg                |             precision              |             hit_ratio              |
+-------+--------------------+--------------------+--------------------+------------------------------------+------------------------------------+------------------------------------+------------------------------------+
|   23  | 112.05823969841003 | 38.003469467163086 | 178.94979858398438 | [0.06105103 0.10184103 0.13470671] | [0.05038115 0.06570276 0.07717759] | [0.02809303 0.02352927 0.02083754] | [0.38259442 0.52933561 0.61768978] |
+-------+--------------------+--------------------+--------------------+------------------------------------+------------------------------------+------------------------------------+------------------------------------+
epoch: 24 bpr_loss 0.29446592926979065
epoch: 24 bpr_loss 0.2929258346557617
epoch: 24 bpr_loss 0.291538268327713
epoch: 24 bpr_loss 0.29402685165405273
epoch: 24 bpr_loss 0.2978963851928711
+-------+--------------------+-------------------+--------------------+------------------------------------+------------------------------------+------------------------------------+------------------------------------+
| Epoch |  training time(s)  |   tesing time(s)  |        Loss        |               recall               |                ndcg                |             precision              |             hit_ratio              |
+-------+--------------------+-------------------+--------------------+------------------------------------+------------------------------------+------------------------------------+------------------------------------+
|   24  | 110.04363322257996 | 37.60488271713257 | 178.09361267089844 | [0.06129681 0.10236403 0.13556177] | [0.0506146  0.06604523 0.07763002] | [0.02819881 0.02364137 0.02095385] | [0.38392068 0.53107238 0.61920551] |
+-------+--------------------+-------------------+--------------------+------------------------------------+------------------------------------+------------------------------------+------------------------------------+
epoch: 25 bpr_loss 0.2913912534713745
epoch: 25 bpr_loss 0.2881355285644531
epoch: 25 bpr_loss 0.29336056113243103
epoch: 25 bpr_loss 0.29236891865730286
epoch: 25 bpr_loss 0.2946223020553589
+-------+--------------------+-------------------+-------------------+------------------------------------+------------------------------------+------------------------------------+------------------------------------+
| Epoch |  training time(s)  |   tesing time(s)  |        Loss       |               recall               |                ndcg                |             precision              |             hit_ratio              |
+-------+--------------------+-------------------+-------------------+------------------------------------+------------------------------------+------------------------------------+------------------------------------+
|   25  | 110.70291256904602 | 40.89694046974182 | 177.2636260986328 | [0.06174188 0.10293551 0.13632277] | [0.05097083 0.06642642 0.07808047] | [0.02842617 0.02377953 0.02108332] | [0.38524694 0.53312492 0.62135279] |
+-------+--------------------+-------------------+-------------------+------------------------------------+------------------------------------+------------------------------------+------------------------------------+
epoch: 26 bpr_loss 0.28970837593078613
epoch: 26 bpr_loss 0.29402026534080505
epoch: 26 bpr_loss 0.2888999879360199
epoch: 26 bpr_loss 0.29342591762542725
epoch: 26 bpr_loss 0.29540786147117615
+-------+--------------------+-------------------+--------------------+------------------------------------+------------------------------------+------------------------------------+------------------------------------+
| Epoch |  training time(s)  |   tesing time(s)  |        Loss        |               recall               |                ndcg                |             precision              |             hit_ratio              |
+-------+--------------------+-------------------+--------------------+------------------------------------+------------------------------------+------------------------------------+------------------------------------+
|   26  | 110.57034754753113 | 37.68635845184326 | 176.44248962402344 | [0.0618762  0.1033193  0.13672444] | [0.05109695 0.06666    0.07830375] | [0.02850512 0.02389163 0.02113911] | [0.38578376 0.53369332 0.62173172] |
+-------+--------------------+-------------------+--------------------+------------------------------------+------------------------------------+------------------------------------+------------------------------------+
epoch: 27 bpr_loss 0.28905799984931946
epoch: 27 bpr_loss 0.292279452085495
epoch: 27 bpr_loss 0.292754203081131
epoch: 27 bpr_loss 0.2927422523498535
epoch: 27 bpr_loss 0.2951682507991791
+-------+--------------------+-------------------+--------------------+------------------------------------+------------------------------------+------------------------------------+------------------------------------+
| Epoch |  training time(s)  |   tesing time(s)  |        Loss        |               recall               |                ndcg                |             precision              |             hit_ratio              |
+-------+--------------------+-------------------+--------------------+------------------------------------+------------------------------------+------------------------------------+------------------------------------+
|   27  | 110.18960475921631 | 37.31623697280884 | 175.64056396484375 | [0.06214617 0.10382048 0.13706649] | [0.05135115 0.06700371 0.07858919] | [0.02862985 0.02400767 0.02119174] | [0.38654162 0.53539851 0.62299482] |
+-------+--------------------+-------------------+--------------------+------------------------------------+------------------------------------+------------------------------------+------------------------------------+
epoch: 28 bpr_loss 0.28640422224998474
epoch: 28 bpr_loss 0.29496851563453674
epoch: 28 bpr_loss 0.28785064816474915
epoch: 28 bpr_loss 0.29036808013916016
epoch: 28 bpr_loss 0.2876080572605133
+-------+--------------------+-------------------+-------------------+------------------------------------+------------------------------------+------------------------------------+------------------------------------+
| Epoch |  training time(s)  |   tesing time(s)  |        Loss       |               recall               |                ndcg                |             precision              |             hit_ratio              |
+-------+--------------------+-------------------+-------------------+------------------------------------+------------------------------------+------------------------------------+------------------------------------+
|   28  | 111.11621928215027 | 36.39115500450134 | 174.9066925048828 | [0.06227523 0.10411851 0.1374236 ] | [0.05139958 0.06713044 0.0787416 ] | [0.02868984 0.02406767 0.02124332] | [0.38758368 0.53719843 0.62372111] |
+-------+--------------------+-------------------+-------------------+------------------------------------+------------------------------------+------------------------------------+------------------------------------+
epoch: 29 bpr_loss 0.2891605496406555
epoch: 29 bpr_loss 0.2826327979564667
epoch: 29 bpr_loss 0.2927458882331848
epoch: 29 bpr_loss 0.28193846344947815
epoch: 29 bpr_loss 0.2870299816131592
+-------+--------------------+-------------------+--------------------+------------------------------------+------------------------------------+------------------------------------+------------------------------------+
| Epoch |  training time(s)  |   tesing time(s)  |        Loss        |               recall               |                ndcg                |             precision              |             hit_ratio              |
+-------+--------------------+-------------------+--------------------+------------------------------------+------------------------------------+------------------------------------+------------------------------------+
|   29  | 111.01301860809326 | 37.75555181503296 | 174.13894653320312 | [0.06253725 0.10442938 0.13772529] | [0.05171008 0.06743531 0.07905615] | [0.02881458 0.02413162 0.02130068] | [0.38884679 0.53779841 0.6245737 ] |
+-------+--------------------+-------------------+--------------------+------------------------------------+------------------------------------+------------------------------------+------------------------------------+
epoch: 30 bpr_loss 0.28958114981651306
epoch: 30 bpr_loss 0.2854478359222412
epoch: 30 bpr_loss 0.2899664044380188
epoch: 30 bpr_loss 0.2890615165233612
epoch: 30 bpr_loss 0.28440043330192566
+-------+--------------------+--------------------+-------------------+------------------------------------+------------------------------------+------------------------------------+------------------------------------+
| Epoch |  training time(s)  |   tesing time(s)   |        Loss       |               recall               |                ndcg                |             precision              |             hit_ratio              |
+-------+--------------------+--------------------+-------------------+------------------------------------+------------------------------------+------------------------------------+------------------------------------+
|   30  | 110.67536783218384 | 37.883033752441406 | 173.4116668701172 | [0.06276395 0.10480265 0.13797979] | [0.05188335 0.06767717 0.07924578] | [0.02890615 0.02423109 0.02134121] | [0.38913098 0.53884047 0.62577365] |
+-------+--------------------+--------------------+-------------------+------------------------------------+------------------------------------+------------------------------------+------------------------------------+
epoch: 31 bpr_loss 0.2846844792366028
epoch: 31 bpr_loss 0.28481584787368774
epoch: 31 bpr_loss 0.2869760990142822
epoch: 31 bpr_loss 0.28776925802230835
epoch: 31 bpr_loss 0.28497177362442017
+-------+--------------------+------------------+--------------------+------------------------------------+------------------------------------+------------------------------------+------------------------------------+
| Epoch |  training time(s)  |  tesing time(s)  |        Loss        |               recall               |                ndcg                |             precision              |             hit_ratio              |
+-------+--------------------+------------------+--------------------+------------------------------------+------------------------------------+------------------------------------+------------------------------------+
|   31  | 111.43613529205322 | 37.6813485622406 | 172.67562866210938 | [0.06308506 0.10497903 0.1383421 ] | [0.05207466 0.06781559 0.07945836] | [0.02903562 0.02428161 0.02140752] | [0.39026778 0.53896678 0.62646836] |
+-------+--------------------+------------------+--------------------+------------------------------------+------------------------------------+------------------------------------+------------------------------------+
epoch: 32 bpr_loss 0.2835126221179962
epoch: 32 bpr_loss 0.2842545509338379
epoch: 32 bpr_loss 0.2815525233745575
epoch: 32 bpr_loss 0.2826218605041504
epoch: 32 bpr_loss 0.281022310256958
+-------+--------------------+------------------+--------------------+------------------------------------+------------------------------------+------------------------------------+------------------------------------+
| Epoch |  training time(s)  |  tesing time(s)  |        Loss        |               recall               |                ndcg                |             precision              |             hit_ratio              |
+-------+--------------------+------------------+--------------------+------------------------------------+------------------------------------+------------------------------------+------------------------------------+
|   32  | 109.85610103607178 | 37.3002405166626 | 171.96885681152344 | [0.06337357 0.10521684 0.13858883] | [0.05232676 0.06802176 0.07967234] | [0.02916982 0.02431003 0.0214412 ] | [0.39146773 0.53991411 0.62747884] |
+-------+--------------------+------------------+--------------------+------------------------------------+------------------------------------+------------------------------------+------------------------------------+
epoch: 33 bpr_loss 0.28403839468955994
epoch: 33 bpr_loss 0.2863385081291199
epoch: 33 bpr_loss 0.27890744805336
epoch: 33 bpr_loss 0.2862167954444885
epoch: 33 bpr_loss 0.2834852337837219
+-------+--------------------+------------------+-------------------+------------------------------------+------------------------------------+------------------------------------+------------------------------------+
| Epoch |  training time(s)  |  tesing time(s)  |        Loss       |               recall               |                ndcg                |             precision              |             hit_ratio              |
+-------+--------------------+------------------+-------------------+------------------------------------+------------------------------------+------------------------------------+------------------------------------+
|   33  | 110.01006007194519 | 38.8788275718689 | 171.3507843017578 | [0.06330789 0.10555629 0.13895756] | [0.05234389 0.06819807 0.0798593 ] | [0.02916825 0.0243866  0.02150015] | [0.39153088 0.54026146 0.62836302] |
+-------+--------------------+------------------+-------------------+------------------------------------+------------------------------------+------------------------------------+------------------------------------+
epoch: 34 bpr_loss 0.2819541096687317
epoch: 34 bpr_loss 0.2796797752380371
epoch: 34 bpr_loss 0.28652042150497437
epoch: 34 bpr_loss 0.27767685055732727
epoch: 34 bpr_loss 0.2776445746421814
+-------+--------------------+--------------------+--------------------+------------------------------------+------------------------------------+------------------------------------+------------------------------------+
| Epoch |  training time(s)  |   tesing time(s)   |        Loss        |               recall               |                ndcg                |             precision              |             hit_ratio              |
+-------+--------------------+--------------------+--------------------+------------------------------------+------------------------------------+------------------------------------+------------------------------------+
|   34  | 110.88407015800476 | 36.222012519836426 | 170.73065185546875 | [0.06343984 0.10584999 0.13948515] | [0.05252568 0.06843451 0.080184  ] | [0.02923772 0.02445134 0.02157962] | [0.39301503 0.54114564 0.62924719] |
+-------+--------------------+--------------------+--------------------+------------------------------------+------------------------------------+------------------------------------+------------------------------------+
epoch: 35 bpr_loss 0.2787197232246399
epoch: 35 bpr_loss 0.2858353555202484
epoch: 35 bpr_loss 0.2823466360569
epoch: 35 bpr_loss 0.2867599427700043
epoch: 35 bpr_loss 0.28274017572402954
+-------+--------------------+-------------------+-------------------+------------------------------------+------------------------------------+------------------------------------+------------------------------------+
| Epoch |  training time(s)  |   tesing time(s)  |        Loss       |               recall               |                ndcg                |             precision              |             hit_ratio              |
+-------+--------------------+-------------------+-------------------+------------------------------------+------------------------------------+------------------------------------+------------------------------------+
|   35  | 110.61982369422913 | 36.26294422149658 | 170.1212615966797 | [0.063754   0.10623976 0.13990299] | [0.05274563 0.0686618  0.08043148] | [0.02937666 0.02452791 0.02165067] | [0.39430971 0.54221927 0.63047872] |
+-------+--------------------+-------------------+-------------------+------------------------------------+------------------------------------+------------------------------------+------------------------------------+
epoch: 36 bpr_loss 0.2794438302516937
epoch: 36 bpr_loss 0.2822759747505188
epoch: 36 bpr_loss 0.27809688448905945
epoch: 36 bpr_loss 0.28337913751602173
epoch: 36 bpr_loss 0.2900293171405792
+-------+--------------------+-------------------+-------------------+------------------------------------+------------------------------------+------------------------------------+------------------------------------+
| Epoch |  training time(s)  |   tesing time(s)  |        Loss       |               recall               |                ndcg                |             precision              |             hit_ratio              |
+-------+--------------------+-------------------+-------------------+------------------------------------+------------------------------------+------------------------------------+------------------------------------+
|   36  | 110.59267854690552 | 39.69001603126526 | 169.4308624267578 | [0.06385115 0.1064701  0.14007352] | [0.05283965 0.06881869 0.08055022] | [0.02942718 0.02460212 0.02166909] | [0.3947518  0.54199823 0.63047872] |
+-------+--------------------+-------------------+-------------------+------------------------------------+------------------------------------+------------------------------------+------------------------------------+
epoch: 37 bpr_loss 0.27341118454933167
epoch: 37 bpr_loss 0.27713504433631897
epoch: 37 bpr_loss 0.2789357900619507
epoch: 37 bpr_loss 0.280335396528244
epoch: 37 bpr_loss 0.28194180130958557
+-------+--------------------+-------------------+-------------------+------------------------------------+------------------------------------+------------------------------------+------------------------------------+
| Epoch |  training time(s)  |   tesing time(s)  |        Loss       |               recall               |                ndcg                |             precision              |             hit_ratio              |
+-------+--------------------+-------------------+-------------------+------------------------------------+------------------------------------+------------------------------------+------------------------------------+
|   37  | 110.90600275993347 | 36.96209502220154 | 168.8052215576172 | [0.06398026 0.10657445 0.14049419] | [0.05281881 0.06879845 0.08064313] | [0.02944771 0.02462502 0.0217333 ] | [0.39506758 0.54259821 0.63215233] |
+-------+--------------------+-------------------+-------------------+------------------------------------+------------------------------------+------------------------------------+------------------------------------+
epoch: 38 bpr_loss 0.28121909499168396
epoch: 38 bpr_loss 0.27752554416656494
epoch: 38 bpr_loss 0.2757984697818756
epoch: 38 bpr_loss 0.2808709740638733
epoch: 38 bpr_loss 0.2827828526496887
+-------+--------------------+--------------------+-------------------+------------------------------------+------------------------------------+------------------------------------+------------------------------------+
| Epoch |  training time(s)  |   tesing time(s)   |        Loss       |               recall               |                ndcg                |             precision              |             hit_ratio              |
+-------+--------------------+--------------------+-------------------+------------------------------------+------------------------------------+------------------------------------+------------------------------------+
|   38  | 110.66651773452759 | 37.884331941604614 | 168.2165985107422 | [0.06406314 0.10687978 0.14075236] | [0.05298904 0.06904088 0.08086864] | [0.02952191 0.02468896 0.02177277] | [0.39569913 0.54360869 0.63275231] |
+-------+--------------------+--------------------+-------------------+------------------------------------+------------------------------------+------------------------------------+------------------------------------+
epoch: 39 bpr_loss 0.2736470401287079
epoch: 39 bpr_loss 0.2789786756038666
epoch: 39 bpr_loss 0.27649959921836853
epoch: 39 bpr_loss 0.2770180106163025
epoch: 39 bpr_loss 0.2752615809440613
+-------+-------------------+--------------------+--------------------+------------------------------------+------------------------------------+------------------------------------+------------------------------------+
| Epoch |  training time(s) |   tesing time(s)   |        Loss        |               recall               |                ndcg                |             precision              |             hit_ratio              |
+-------+-------------------+--------------------+--------------------+------------------------------------+------------------------------------+------------------------------------+------------------------------------+
|   39  | 111.6612491607666 | 37.415149211883545 | 167.63906860351562 | [0.06416743 0.10732941 0.14109594] | [0.05310885 0.069266   0.08105078] | [0.02961981 0.02478054 0.02181171] | [0.39579386 0.54496653 0.63382594] |
+-------+-------------------+--------------------+--------------------+------------------------------------+------------------------------------+------------------------------------+------------------------------------+
epoch: 40 bpr_loss 0.27661430835723877
epoch: 40 bpr_loss 0.2746261656284332
epoch: 40 bpr_loss 0.2769145667552948
epoch: 40 bpr_loss 0.27577388286590576
epoch: 40 bpr_loss 0.2775334119796753
+-------+--------------------+-------------------+-------------------+------------------------------------+------------------------------------+------------------------------------+------------------------------------+
| Epoch |  training time(s)  |   tesing time(s)  |        Loss       |               recall               |                ndcg                |             precision              |             hit_ratio              |
+-------+--------------------+-------------------+-------------------+------------------------------------+------------------------------------+------------------------------------+------------------------------------+
|   40  | 110.16400456428528 | 35.68751811981201 | 167.0491180419922 | [0.06430301 0.10726563 0.14130798] | [0.05324948 0.06933563 0.08122089] | [0.02963875 0.02475212 0.02183592] | [0.3962991  0.54588228 0.63448907] |
+-------+--------------------+-------------------+-------------------+------------------------------------+------------------------------------+------------------------------------+------------------------------------+
epoch: 41 bpr_loss 0.26924213767051697
epoch: 41 bpr_loss 0.2727154493331909
epoch: 41 bpr_loss 0.2798101305961609
epoch: 41 bpr_loss 0.2741083800792694
epoch: 41 bpr_loss 0.2727475166320801
+-------+--------------------+-------------------+--------------------+------------------------------------+------------------------------------+------------------------------------+------------------------------------+
| Epoch |  training time(s)  |   tesing time(s)  |        Loss        |               recall               |                ndcg                |             precision              |             hit_ratio              |
+-------+--------------------+-------------------+--------------------+------------------------------------+------------------------------------+------------------------------------+------------------------------------+
|   41  | 110.92146015167236 | 34.99009656906128 | 166.45318603515625 | [0.06438696 0.10737274 0.1417555 ] | [0.05331167 0.06941196 0.0814131 ] | [0.02965454 0.02477422 0.0218896 ] | [0.39737274 0.54477706 0.6354364 ] |
+-------+--------------------+-------------------+--------------------+------------------------------------+------------------------------------+------------------------------------+------------------------------------+
epoch: 42 bpr_loss 0.2794540524482727
epoch: 42 bpr_loss 0.27572083473205566
epoch: 42 bpr_loss 0.27344995737075806
epoch: 42 bpr_loss 0.2725963592529297
epoch: 42 bpr_loss 0.2761728763580322
+-------+--------------------+------------------+-------------------+------------------------------------+------------------------------------+------------------------------------+------------------------------------+
| Epoch |  training time(s)  |  tesing time(s)  |        Loss       |               recall               |                ndcg                |             precision              |             hit_ratio              |
+-------+--------------------+------------------+-------------------+------------------------------------+------------------------------------+------------------------------------+------------------------------------+
|   42  | 111.39481282234192 | 36.5935161113739 | 165.9437713623047 | [0.06450792 0.10747318 0.14206704] | [0.0533945  0.06950455 0.08155977] | [0.02971296 0.02482869 0.02193329] | [0.39734116 0.5455665  0.63622584] |
+-------+--------------------+------------------+-------------------+------------------------------------+------------------------------------+------------------------------------+------------------------------------+
epoch: 43 bpr_loss 0.2745356559753418
epoch: 43 bpr_loss 0.2794913947582245
epoch: 43 bpr_loss 0.27197715640068054
epoch: 43 bpr_loss 0.2779223918914795
epoch: 43 bpr_loss 0.2681792080402374
+-------+--------------------+--------------------+--------------------+------------------------------------+------------------------------------+------------------------------------+------------------------------------+
| Epoch |  training time(s)  |   tesing time(s)   |        Loss        |               recall               |                ndcg                |             precision              |             hit_ratio              |
+-------+--------------------+--------------------+--------------------+------------------------------------+------------------------------------+------------------------------------+------------------------------------+
|   43  | 109.87530303001404 | 36.679078817367554 | 165.41392517089844 | [0.06446899 0.10765423 0.14204598] | [0.05338325 0.06955854 0.08155551] | [0.02970191 0.02484606 0.0219296 ] | [0.39721485 0.54607174 0.63594164] |
+-------+--------------------+--------------------+--------------------+------------------------------------+------------------------------------+------------------------------------+------------------------------------+
epoch: 44 bpr_loss 0.27285727858543396
epoch: 44 bpr_loss 0.2741536498069763
epoch: 44 bpr_loss 0.27362626791000366
epoch: 44 bpr_loss 0.2776556611061096
epoch: 44 bpr_loss 0.26993805170059204
+-------+--------------------+-------------------+--------------------+------------------------------------+------------------------------------+------------------------------------+------------------------------------+
| Epoch |  training time(s)  |   tesing time(s)  |        Loss        |               recall               |                ndcg                |             precision              |             hit_ratio              |
+-------+--------------------+-------------------+--------------------+------------------------------------+------------------------------------+------------------------------------+------------------------------------+
|   44  | 109.93123292922974 | 42.99166941642761 | 164.84744262695312 | [0.06468428 0.1076985  0.14205295] | [0.05356744 0.06967145 0.08165222] | [0.02981243 0.02486974 0.02193539] | [0.39832007 0.5467033  0.63512063] |
+-------+--------------------+-------------------+--------------------+------------------------------------+------------------------------------+------------------------------------+------------------------------------+
epoch: 45 bpr_loss 0.2743074297904968
epoch: 45 bpr_loss 0.273255854845047
epoch: 45 bpr_loss 0.2743369936943054
epoch: 45 bpr_loss 0.2714730203151703
epoch: 45 bpr_loss 0.2744006812572479
+-------+--------------------+-------------------+-----------------+------------------------------------+------------------------------------+------------------------------------+------------------------------------+
| Epoch |  training time(s)  |   tesing time(s)  |       Loss      |               recall               |                ndcg                |             precision              |             hit_ratio              |
+-------+--------------------+-------------------+-----------------+------------------------------------+------------------------------------+------------------------------------+------------------------------------+
|   45  | 110.58409190177917 | 40.05945801734924 | 164.36376953125 | [0.06468941 0.10780114 0.14235454] | [0.05362677 0.0697757  0.0818088 ] | [0.02982822 0.02490527 0.02196855] | [0.39803587 0.54736643 0.63619427] |
+-------+--------------------+-------------------+-----------------+------------------------------------+------------------------------------+------------------------------------+------------------------------------+
epoch: 46 bpr_loss 0.27311989665031433
epoch: 46 bpr_loss 0.26682206988334656
epoch: 46 bpr_loss 0.267586886882782
epoch: 46 bpr_loss 0.26655614376068115
epoch: 46 bpr_loss 0.26925334334373474
+-------+--------------------+--------------------+-------------------+------------------------------------+------------------------------------+------------------------------------+------------------------------------+
| Epoch |  training time(s)  |   tesing time(s)   |        Loss       |               recall               |                ndcg                |             precision              |             hit_ratio              |
+-------+--------------------+--------------------+-------------------+------------------------------------+------------------------------------+------------------------------------+------------------------------------+
|   46  | 110.30250883102417 | 40.768550395965576 | 163.8419952392578 | [0.06478947 0.10786712 0.14277299] | [0.05368194 0.06979825 0.08195326] | [0.02991821 0.02492185 0.02203802] | [0.39860427 0.54733485 0.6375521 ] |
+-------+--------------------+--------------------+-------------------+------------------------------------+------------------------------------+------------------------------------+------------------------------------+
epoch: 47 bpr_loss 0.2703797221183777
epoch: 47 bpr_loss 0.26804450154304504
epoch: 47 bpr_loss 0.26955297589302063
epoch: 47 bpr_loss 0.2670011818408966
epoch: 47 bpr_loss 0.2784235179424286
+-------+--------------------+-------------------+--------------------+------------------------------------+------------------------------------+------------------------------------+------------------------------------+
| Epoch |  training time(s)  |   tesing time(s)  |        Loss        |               recall               |                ndcg                |             precision              |             hit_ratio              |
+-------+--------------------+-------------------+--------------------+------------------------------------+------------------------------------+------------------------------------+------------------------------------+
|   47  | 111.17814946174622 | 39.94477868080139 | 163.34864807128906 | [0.06498351 0.10790906 0.14291544] | [0.05388247 0.06997211 0.08215678] | [0.02992927 0.02494869 0.02206065] | [0.39961475 0.5479664  0.63821523] |
+-------+--------------------+-------------------+--------------------+------------------------------------+------------------------------------+------------------------------------+------------------------------------+
epoch: 48 bpr_loss 0.27057161927223206
epoch: 48 bpr_loss 0.27133625745773315
epoch: 48 bpr_loss 0.26965099573135376
epoch: 48 bpr_loss 0.2708800435066223
epoch: 48 bpr_loss 0.270671010017395
+-------+--------------------+-------------------+--------------------+------------------------------------+------------------------------------+------------------------------------+------------------------------------+
| Epoch |  training time(s)  |   tesing time(s)  |        Loss        |               recall               |                ndcg                |             precision              |             hit_ratio              |
+-------+--------------------+-------------------+--------------------+------------------------------------+------------------------------------+------------------------------------+------------------------------------+
|   48  | 110.55046844482422 | 41.01885151863098 | 162.90052795410156 | [0.06510363 0.10781334 0.14286222] | [0.0539194  0.06992438 0.08211888] | [0.02998295 0.02492895 0.02203802] | [0.40021473 0.54727169 0.63824681] |
+-------+--------------------+-------------------+--------------------+------------------------------------+------------------------------------+------------------------------------+------------------------------------+
epoch: 49 bpr_loss 0.27016493678092957
epoch: 49 bpr_loss 0.26715323328971863
epoch: 49 bpr_loss 0.2708439528942108
epoch: 49 bpr_loss 0.2752038836479187
epoch: 49 bpr_loss 0.27337387204170227
+-------+--------------------+-------------------+-------------------+------------------------------------+------------------------------------+------------------------------------+------------------------------------+
| Epoch |  training time(s)  |   tesing time(s)  |        Loss       |               recall               |                ndcg                |             precision              |             hit_ratio              |
+-------+--------------------+-------------------+-------------------+------------------------------------+------------------------------------+------------------------------------+------------------------------------+
|   49  | 110.24255013465881 | 40.20781707763672 | 162.3749542236328 | [0.06506549 0.10795384 0.1429233 ] | [0.05384828 0.06994862 0.08212557] | [0.02993085 0.02496921 0.02206644] | [0.39980422 0.54755589 0.63786788] |
+-------+--------------------+-------------------+-------------------+------------------------------------+------------------------------------+------------------------------------+------------------------------------+
epoch: 50 bpr_loss 0.2714657187461853
epoch: 50 bpr_loss 0.2639986276626587
epoch: 50 bpr_loss 0.2680106461048126
epoch: 50 bpr_loss 0.26363837718963623
epoch: 50 bpr_loss 0.26650506258010864
+-------+--------------------+-------------------+-------------------+------------------------------------+------------------------------------+------------------------------------+------------------------------------+
| Epoch |  training time(s)  |   tesing time(s)  |        Loss       |               recall               |                ndcg                |             precision              |             hit_ratio              |
+-------+--------------------+-------------------+-------------------+------------------------------------+------------------------------------+------------------------------------+------------------------------------+
|   50  | 110.50419425964355 | 41.77140498161316 | 161.9505157470703 | [0.06499269 0.10792083 0.14273971] | [0.05383747 0.06994692 0.08208503] | [0.02992927 0.02496842 0.02206381] | [0.39945686 0.54695592 0.63739421] |
+-------+--------------------+-------------------+-------------------+------------------------------------+------------------------------------+------------------------------------+------------------------------------+
epoch: 51 bpr_loss 0.26703640818595886
epoch: 51 bpr_loss 0.2631532847881317
epoch: 51 bpr_loss 0.26638680696487427
epoch: 51 bpr_loss 0.2694702446460724
epoch: 51 bpr_loss 0.2655313014984131
+-------+--------------------+------------------+--------------------+------------------------------------+------------------------------------+------------------------------------+------------------------------------+
| Epoch |  training time(s)  |  tesing time(s)  |        Loss        |               recall               |                ndcg                |             precision              |             hit_ratio              |
+-------+--------------------+------------------+--------------------+------------------------------------+------------------------------------+------------------------------------+------------------------------------+
|   51  | 108.72302675247192 | 41.3177649974823 | 161.39834594726562 | [0.06503286 0.10799021 0.14288882] | [0.05382781 0.06994015 0.08212409] | [0.029964   0.02496448 0.02208907] | [0.39967791 0.5479664  0.63777315] |
+-------+--------------------+------------------+--------------------+------------------------------------+------------------------------------+------------------------------------+------------------------------------+
epoch: 52 bpr_loss 0.2657071650028229
epoch: 52 bpr_loss 0.26935428380966187
epoch: 52 bpr_loss 0.2631809711456299
epoch: 52 bpr_loss 0.269035279750824
epoch: 52 bpr_loss 0.26386964321136475
+-------+-------------------+--------------------+--------------------+------------------------------------+------------------------------------+------------------------------------+------------------------------------+
| Epoch |  training time(s) |   tesing time(s)   |        Loss        |               recall               |                ndcg                |             precision              |             hit_ratio              |
+-------+-------------------+--------------------+--------------------+------------------------------------+------------------------------------+------------------------------------+------------------------------------+
|   52  | 110.4139199256897 | 43.543063163757324 | 161.01197814941406 | [0.0651736  0.10791706 0.14290237] | [0.0539569  0.06996698 0.08217512] | [0.03003189 0.02493211 0.02207328] | [0.39977264 0.54793482 0.63796261] |
+-------+-------------------+--------------------+--------------------+------------------------------------+------------------------------------+------------------------------------+------------------------------------+
epoch: 53 bpr_loss 0.263290137052536
epoch: 53 bpr_loss 0.26573947072029114
epoch: 53 bpr_loss 0.2639141082763672
epoch: 53 bpr_loss 0.2635512948036194
epoch: 53 bpr_loss 0.26503393054008484
+-------+--------------------+------------------+--------------------+------------------------------------+------------------------------------+------------------------------------+------------------------------------+
| Epoch |  training time(s)  |  tesing time(s)  |        Loss        |               recall               |                ndcg                |             precision              |             hit_ratio              |
+-------+--------------------+------------------+--------------------+------------------------------------+------------------------------------+------------------------------------+------------------------------------+
|   53  | 109.88319182395935 | 43.2069149017334 | 160.55787658691406 | [0.06517036 0.10819287 0.1428853 ] | [0.05394309 0.07008774 0.08217991] | [0.02998295 0.02499684 0.02206328] | [0.40015157 0.548819   0.63770999] |
+-------+--------------------+------------------+--------------------+------------------------------------+------------------------------------+------------------------------------+------------------------------------+
epoch: 54 bpr_loss 0.26937150955200195
epoch: 54 bpr_loss 0.26567620038986206
epoch: 54 bpr_loss 0.2604057192802429
epoch: 54 bpr_loss 0.2605289816856384
epoch: 54 bpr_loss 0.26412591338157654
+-------+--------------------+------------------+--------------------+------------------------------------+------------------------------------+------------------------------------+------------------------------------+
| Epoch |  training time(s)  |  tesing time(s)  |        Loss        |               recall               |                ndcg                |             precision              |             hit_ratio              |
+-------+--------------------+------------------+--------------------+------------------------------------+------------------------------------+------------------------------------+------------------------------------+
|   54  | 110.99188661575317 | 41.4045844078064 | 160.16539001464844 | [0.06518409 0.10808633 0.14286765] | [0.05402349 0.07012133 0.08225711] | [0.029994   0.02498342 0.02207854] | [0.40024631 0.54862953 0.63786788] |
+-------+--------------------+------------------+--------------------+------------------------------------+------------------------------------+------------------------------------+------------------------------------+
epoch: 55 bpr_loss 0.26389992237091064
epoch: 55 bpr_loss 0.26112687587738037
epoch: 55 bpr_loss 0.2630283534526825
epoch: 55 bpr_loss 0.26453468203544617
epoch: 55 bpr_loss 0.2640224099159241
+-------+--------------------+-------------------+------------------+------------------------------------+------------------------------------+------------------------------------+------------------------------------+
| Epoch |  training time(s)  |   tesing time(s)  |       Loss       |               recall               |                ndcg                |             precision              |             hit_ratio              |
+-------+--------------------+-------------------+------------------+------------------------------------+------------------------------------+------------------------------------+------------------------------------+
|   55  | 109.78790140151978 | 42.33410143852234 | 159.760009765625 | [0.06504361 0.10811773 0.14285288] | [0.05390726 0.0700757  0.08217082] | [0.02994821 0.025      0.02205381] | [0.39974106 0.54799798 0.63793103] |
+-------+--------------------+-------------------+------------------+------------------------------------+------------------------------------+------------------------------------+------------------------------------+
epoch: 56 bpr_loss 0.264537513256073
epoch: 56 bpr_loss 0.26664477586746216
epoch: 56 bpr_loss 0.2668856680393219
epoch: 56 bpr_loss 0.25953906774520874
epoch: 56 bpr_loss 0.26525866985321045
+-------+--------------------+-------------------+--------------------+------------------------------------+------------------------------------+------------------------------------+------------------------------------+
| Epoch |  training time(s)  |   tesing time(s)  |        Loss        |               recall               |                ndcg                |             precision              |             hit_ratio              |
+-------+--------------------+-------------------+--------------------+------------------------------------+------------------------------------+------------------------------------+------------------------------------+
|   56  | 110.17419624328613 | 42.00587439537048 | 159.27195739746094 | [0.06509217 0.10799759 0.14289598] | [0.05395758 0.07006959 0.0822346 ] | [0.0299119  0.02494711 0.02205381] | [0.39964633 0.54809271 0.63853101] |
+-------+--------------------+-------------------+--------------------+------------------------------------+------------------------------------+------------------------------------+------------------------------------+
epoch: 57 bpr_loss 0.2626279592514038
epoch: 57 bpr_loss 0.2647415101528168
epoch: 57 bpr_loss 0.2650681734085083
epoch: 57 bpr_loss 0.26754137873649597
epoch: 57 bpr_loss 0.26292210817337036
+-------+--------------------+-----------------+--------------------+------------------------------------+------------------------------------+------------------------------------+------------------------------------+
| Epoch |  training time(s)  |  tesing time(s) |        Loss        |               recall               |                ndcg                |             precision              |             hit_ratio              |
+-------+--------------------+-----------------+--------------------+------------------------------------+------------------------------------+------------------------------------+------------------------------------+
|   57  | 110.14416193962097 | 43.359947681427 | 158.86151123046875 | [0.06524272 0.1080043  0.14285918] | [0.05406672 0.07010753 0.0822531 ] | [0.03001295 0.02497553 0.02206223] | [0.40046735 0.54885057 0.63777315] |
+-------+--------------------+-----------------+--------------------+------------------------------------+------------------------------------+------------------------------------+------------------------------------+
epoch: 58 bpr_loss 0.26461172103881836
epoch: 58 bpr_loss 0.25928571820259094
epoch: 58 bpr_loss 0.2590039372444153
epoch: 58 bpr_loss 0.2620457708835602
epoch: 58 bpr_loss 0.2656248211860657
+-------+--------------------+------------------+--------------------+------------------------------------+------------------------------------+------------------------------------+------------------------------------+
| Epoch |  training time(s)  |  tesing time(s)  |        Loss        |               recall               |                ndcg                |             precision              |             hit_ratio              |
+-------+--------------------+------------------+--------------------+------------------------------------+------------------------------------+------------------------------------+------------------------------------+
|   58  | 111.70151495933533 | 40.5077588558197 | 158.46693420410156 | [0.06533518 0.10805818 0.14283899] | [0.05413073 0.07014974 0.08228292] | [0.03005558 0.02497158 0.02206486] | [0.40103575 0.54850322 0.63748895] |
+-------+--------------------+------------------+--------------------+------------------------------------+------------------------------------+------------------------------------+------------------------------------+
epoch: 59 bpr_loss 0.26210257411003113
epoch: 59 bpr_loss 0.2659022808074951
epoch: 59 bpr_loss 0.2640937566757202
epoch: 59 bpr_loss 0.26641735434532166
epoch: 59 bpr_loss 0.264919638633728
+-------+--------------------+-------------------+--------------------+------------------------------------+------------------------------------+------------------------------------+------------------------------------+
| Epoch |  training time(s)  |   tesing time(s)  |        Loss        |               recall               |                ndcg                |             precision              |             hit_ratio              |
+-------+--------------------+-------------------+--------------------+------------------------------------+------------------------------------+------------------------------------+------------------------------------+
|   59  | 110.05833315849304 | 39.67780613899231 | 158.12881469726562 | [0.06540408 0.10806768 0.14274443] | [0.05414055 0.07014963 0.08225519] | [0.03004295 0.02497553 0.02205802] | [0.40103575 0.54878742 0.63714159] |
+-------+--------------------+-------------------+--------------------+------------------------------------+------------------------------------+------------------------------------+------------------------------------+
epoch: 60 bpr_loss 0.25953611731529236
epoch: 60 bpr_loss 0.26466482877731323
epoch: 60 bpr_loss 0.26256006956100464
epoch: 60 bpr_loss 0.26261958479881287
epoch: 60 bpr_loss 0.2607851028442383
+-------+--------------------+-------------------+----------------+------------------------------------+------------------------------------+------------------------------------+------------------------------------+
| Epoch |  training time(s)  |   tesing time(s)  |      Loss      |               recall               |                ndcg                |             precision              |             hit_ratio              |
+-------+--------------------+-------------------+----------------+------------------------------------+------------------------------------+------------------------------------+------------------------------------+
|   60  | 110.93417930603027 | 40.54666328430176 | 157.7392578125 | [0.06528293 0.10795454 0.14257401] | [0.05402231 0.07005924 0.08213356] | [0.02998768 0.02496448 0.02203013] | [0.40027788 0.5476822  0.63701528] |
+-------+--------------------+-------------------+----------------+------------------------------------+------------------------------------+------------------------------------+------------------------------------+
epoch: 61 bpr_loss 0.25712838768959045
epoch: 61 bpr_loss 0.25911110639572144
epoch: 61 bpr_loss 0.2598600685596466
epoch: 61 bpr_loss 0.25892072916030884
epoch: 61 bpr_loss 0.25993379950523376
+-------+-------------------+------------------+--------------------+------------------------------------+------------------------------------+------------------------------------+------------------------------------+
| Epoch |  training time(s) |  tesing time(s)  |        Loss        |               recall               |                ndcg                |             precision              |             hit_ratio              |
+-------+-------------------+------------------+--------------------+------------------------------------+------------------------------------+------------------------------------+------------------------------------+
|   61  | 108.8667345046997 | 39.5176043510437 | 157.36880493164062 | [0.06540429 0.10798716 0.14239141] | [0.05410505 0.07010046 0.08212592] | [0.03001137 0.02495027 0.02202697] | [0.4010989  0.54790325 0.63644689] |
+-------+-------------------+------------------+--------------------+------------------------------------+------------------------------------+------------------------------------+------------------------------------+
epoch: 62 bpr_loss 0.2607821226119995
epoch: 62 bpr_loss 0.2630246877670288
epoch: 62 bpr_loss 0.2592657506465912
epoch: 62 bpr_loss 0.2596290707588196
epoch: 62 bpr_loss 0.2635558545589447
+-------+--------------------+-------------------+-------------------+------------------------------------+------------------------------------+------------------------------------+------------------------------------+
| Epoch |  training time(s)  |   tesing time(s)  |        Loss       |               recall               |                ndcg                |             precision              |             hit_ratio              |
+-------+--------------------+-------------------+-------------------+------------------------------------+------------------------------------+------------------------------------+------------------------------------+
|   62  | 110.39095544815063 | 39.21221995353699 | 156.9381866455078 | [0.06535056 0.10792374 0.14243143] | [0.05408859 0.07009044 0.08214432] | [0.02998611 0.02494079 0.02202065] | [0.40116206 0.54806113 0.63635215] |
+-------+--------------------+-------------------+-------------------+------------------------------------+------------------------------------+------------------------------------+------------------------------------+
epoch: 63 bpr_loss 0.2638065218925476
epoch: 63 bpr_loss 0.2581601142883301
epoch: 63 bpr_loss 0.2602485716342926
epoch: 63 bpr_loss 0.2634672522544861
epoch: 63 bpr_loss 0.2553131580352783
+-------+------------------+-------------------+--------------------+------------------------------------+------------------------------------+------------------------------------+------------------------------------+
| Epoch | training time(s) |   tesing time(s)  |        Loss        |               recall               |                ndcg                |             precision              |             hit_ratio              |
+-------+------------------+-------------------+--------------------+------------------------------------+------------------------------------+------------------------------------+------------------------------------+
|   63  | 111.442538022995 | 37.51162075996399 | 156.59841918945312 | [0.06532083 0.10801407 0.14253242] | [0.05409624 0.07014646 0.08219753] | [0.02996242 0.02496448 0.02202591] | [0.40068839 0.54834533 0.63707844] |
+-------+------------------+-------------------+--------------------+------------------------------------+------------------------------------+------------------------------------+------------------------------------+
epoch: 64 bpr_loss 0.26068350672721863
epoch: 64 bpr_loss 0.25756627321243286
epoch: 64 bpr_loss 0.25833043456077576
epoch: 64 bpr_loss 0.25936365127563477
epoch: 64 bpr_loss 0.2598456144332886
+-------+--------------------+-------------------+-------------------+------------------------------------+------------------------------------+------------------------------------+------------------------------------+
| Epoch |  training time(s)  |   tesing time(s)  |        Loss       |               recall               |                ndcg                |             precision              |             hit_ratio              |
+-------+--------------------+-------------------+-------------------+------------------------------------+------------------------------------+------------------------------------+------------------------------------+
|   64  | 110.98416018486023 | 37.01878833770752 | 156.2647705078125 | [0.06512758 0.10772888 0.1420463 ] | [0.05394198 0.06993743 0.08193862] | [0.02995295 0.02490685 0.02198276] | [0.39974106 0.54780851 0.63619427] |
+-------+--------------------+-------------------+-------------------+------------------------------------+------------------------------------+------------------------------------+------------------------------------+
epoch: 65 bpr_loss 0.2573903501033783
epoch: 65 bpr_loss 0.2572670578956604
epoch: 65 bpr_loss 0.2597495913505554
epoch: 65 bpr_loss 0.25924405455589294
epoch: 65 bpr_loss 0.26019132137298584
+-------+-------------------+-------------------+-------------------+------------------------------------+------------------------------------+------------------------------------+------------------------------------+
| Epoch |  training time(s) |   tesing time(s)  |        Loss       |               recall               |                ndcg                |             precision              |             hit_ratio              |
+-------+-------------------+-------------------+-------------------+------------------------------------+------------------------------------+------------------------------------+------------------------------------+
|   65  | 110.4858124256134 | 38.66615867614746 | 155.9384002685547 | [0.0651253  0.10787924 0.14229003] | [0.05400867 0.0700591  0.0820932 ] | [0.02992927 0.02491395 0.02199855] | [0.40011999 0.54844007 0.63698371] |
+-------+-------------------+-------------------+-------------------+------------------------------------+------------------------------------+------------------------------------+------------------------------------+
epoch: 66 bpr_loss 0.26001614332199097
epoch: 66 bpr_loss 0.2553490996360779
epoch: 66 bpr_loss 0.2535388767719269
epoch: 66 bpr_loss 0.2567591667175293
epoch: 66 bpr_loss 0.25594407320022583
+-------+-------------------+-------------------+--------------------+------------------------------------+------------------------------------+------------------------------------+------------------------------------+
| Epoch |  training time(s) |   tesing time(s)  |        Loss        |               recall               |                ndcg                |             precision              |             hit_ratio              |
+-------+-------------------+-------------------+--------------------+------------------------------------+------------------------------------+------------------------------------+------------------------------------+
|   66  | 111.6465253829956 | 37.04932999610901 | 155.57989501953125 | [0.06507874 0.10778881 0.1421272 ] | [0.05397132 0.07000531 0.08200283] | [0.02989769 0.02490053 0.02196855] | [0.40065681 0.54742958 0.63603638] |
+-------+-------------------+-------------------+--------------------+------------------------------------+------------------------------------+------------------------------------+------------------------------------+
epoch: 67 bpr_loss 0.2572385370731354
epoch: 67 bpr_loss 0.25588148832321167
epoch: 67 bpr_loss 0.2543725371360779
epoch: 67 bpr_loss 0.25926753878593445
epoch: 67 bpr_loss 0.25653237104415894
+-------+--------------------+--------------------+--------------------+------------------------------------+------------------------------------+------------------------------------+------------------------------------+
| Epoch |  training time(s)  |   tesing time(s)   |        Loss        |               recall               |                ndcg                |             precision              |             hit_ratio              |
+-------+--------------------+--------------------+--------------------+------------------------------------+------------------------------------+------------------------------------+------------------------------------+
|   67  | 110.92457580566406 | 36.981444120407104 | 155.25506591796875 | [0.06523181 0.10787712 0.14197341] | [0.05403844 0.0700317  0.08197199] | [0.02995611 0.02490132 0.02196486] | [0.40103575 0.54787167 0.63527851] |
+-------+--------------------+--------------------+--------------------+------------------------------------+------------------------------------+------------------------------------+------------------------------------+
epoch: 68 bpr_loss 0.25818589329719543
epoch: 68 bpr_loss 0.24977749586105347
epoch: 68 bpr_loss 0.25725844502449036
epoch: 68 bpr_loss 0.25443440675735474
epoch: 68 bpr_loss 0.2578888535499573
+-------+--------------------+------------------+--------------------+------------------------------------+------------------------------------+------------------------------------+------------------------------------+
| Epoch |  training time(s)  |  tesing time(s)  |        Loss        |               recall               |                ndcg                |             precision              |             hit_ratio              |
+-------+--------------------+------------------+--------------------+------------------------------------+------------------------------------+------------------------------------+------------------------------------+
|   68  | 110.67089486122131 | 38.8611626625061 | 154.92953491210938 | [0.06521529 0.10782331 0.14178346] | [0.05405553 0.07003691 0.08191809] | [0.02994505 0.02488948 0.02192645] | [0.40065681 0.54806113 0.63508905] |
+-------+--------------------+------------------+--------------------+------------------------------------+------------------------------------+------------------------------------+------------------------------------+
epoch: 69 bpr_loss 0.25608640909194946
epoch: 69 bpr_loss 0.2556886672973633
epoch: 69 bpr_loss 0.25630486011505127
epoch: 69 bpr_loss 0.25462526082992554
epoch: 69 bpr_loss 0.25321197509765625
+-------+--------------------+--------------------+--------------------+------------------------------------+------------------------------------+------------------------------------+------------------------------------+
| Epoch |  training time(s)  |   tesing time(s)   |        Loss        |               recall               |                ndcg                |             precision              |             hit_ratio              |
+-------+--------------------+--------------------+--------------------+------------------------------------+------------------------------------+------------------------------------+------------------------------------+
|   69  | 110.56218457221985 | 36.766510009765625 | 154.56204223632812 | [0.06522119 0.10776568 0.1417415 ] | [0.05406286 0.07001714 0.0819195 ] | [0.02991506 0.02486185 0.02192697] | [0.40049893 0.54784009 0.63537325] |
+-------+--------------------+--------------------+--------------------+------------------------------------+------------------------------------+------------------------------------+------------------------------------+
epoch: 70 bpr_loss 0.2550492584705353
epoch: 70 bpr_loss 0.250894159078598
epoch: 70 bpr_loss 0.25880664587020874
epoch: 70 bpr_loss 0.2515600919723511
epoch: 70 bpr_loss 0.24978788197040558
+-------+--------------------+-------------------+-------------------+------------------------------------+------------------------------------+------------------------------------+------------------------------------+
| Epoch |  training time(s)  |   tesing time(s)  |        Loss       |               recall               |                ndcg                |             precision              |             hit_ratio              |
+-------+--------------------+-------------------+-------------------+------------------------------------+------------------------------------+------------------------------------+------------------------------------+
|   70  | 110.53447103500366 | 36.73670744895935 | 154.2864990234375 | [0.06532865 0.10763985 0.14170471] | [0.05410855 0.06995394 0.08189751] | [0.029964   0.02481843 0.02193013] | [0.40094101 0.54736643 0.63578376] |
+-------+--------------------+-------------------+-------------------+------------------------------------+------------------------------------+------------------------------------+------------------------------------+
epoch: 71 bpr_loss 0.2530970275402069
epoch: 71 bpr_loss 0.2575276494026184
epoch: 71 bpr_loss 0.252107709646225
epoch: 71 bpr_loss 0.25466132164001465
epoch: 71 bpr_loss 0.2536442279815674
+-------+--------------------+-------------------+--------------------+------------------------------------+------------------------------------+------------------------------------+------------------------------------+
| Epoch |  training time(s)  |   tesing time(s)  |        Loss        |               recall               |                ndcg                |             precision              |             hit_ratio              |
+-------+--------------------+-------------------+--------------------+------------------------------------+------------------------------------+------------------------------------+------------------------------------+
|   71  | 111.28438115119934 | 35.59316277503967 | 153.96897888183594 | [0.06521337 0.10766845 0.14172288] | [0.05402439 0.06992259 0.08185911] | [0.029904   0.02481053 0.02192381] | [0.40090944 0.5479664  0.63578376] |
+-------+--------------------+-------------------+--------------------+------------------------------------+------------------------------------+------------------------------------+------------------------------------+
Early stopping is trigger at step: 10 log:0.06521336823071107
early stopping at 71, recall@20:0.0654
