Namespace(K=1, Ks='[20, 40, 60]', batch_size=2048, batch_test_flag=True, context_hops=3, cuda=True, data_path='data/', dataset='yelp2018', dim=64, edge_dropout=False, edge_dropout_rate=0.1, epoch=1000, gnn='lightgcn', gpu_id=0, l2=0.0001, lr=0.001, mess_dropout=False, mess_dropout_rate=0.1, n_negs=32, ns='mixgcf', out_dir='./weights/yelp2018/', pool='mean', save=False, test_batch_size=2048, test_flag='part')
reading train and test user-item set ...
building the adj mat ...
loading over ...
start training ...
epoch: 0 bpr_loss 0.693146288394928
epoch: 0 bpr_loss 0.4499557614326477
epoch: 0 bpr_loss 0.4500485956668854
epoch: 0 bpr_loss 0.4513092637062073
epoch: 0 bpr_loss 0.43095341324806213
+-------+--------------------+-------------------+--------------------+------------------------------------+------------------------------------+------------------------------------+------------------------------------+
| Epoch |  training time(s)  |   tesing time(s)  |        Loss        |               recall               |                ndcg                |             precision              |             hit_ratio              |
+-------+--------------------+-------------------+--------------------+------------------------------------+------------------------------------+------------------------------------+------------------------------------+
|   0   | 115.22929787635803 | 38.54883027076721 | 281.95440673828125 | [0.03679344 0.06211453 0.08209075] | [0.03019012 0.03970568 0.04672139] | [0.01727138 0.01467649 0.01303945] | [0.25082102 0.36636352 0.43899204] |
+-------+--------------------+-------------------+--------------------+------------------------------------+------------------------------------+------------------------------------+------------------------------------+
epoch: 1 bpr_loss 0.41422849893569946
epoch: 1 bpr_loss 0.4123241603374481
epoch: 1 bpr_loss 0.4021270275115967
epoch: 1 bpr_loss 0.3943771719932556
epoch: 1 bpr_loss 0.38825955986976624
+-------+--------------------+-------------------+--------------------+------------------------------------+------------------------------------+------------------------------------+------------------------------------+
| Epoch |  training time(s)  |   tesing time(s)  |        Loss        |               recall               |                ndcg                |             precision              |             hit_ratio              |
+-------+--------------------+-------------------+--------------------+------------------------------------+------------------------------------+------------------------------------+------------------------------------+
|   1   | 121.96481585502625 | 57.96422243118286 | 243.12106323242188 | [0.04129572 0.06933061 0.09065654] | [0.0340484  0.04452286 0.05200895] | [0.01953707 0.01639431 0.0144115 ] | [0.27946192 0.40305671 0.47748516] |
+-------+--------------------+-------------------+--------------------+------------------------------------+------------------------------------+------------------------------------+------------------------------------+
epoch: 2 bpr_loss 0.3903728425502777
epoch: 2 bpr_loss 0.38441696763038635
epoch: 2 bpr_loss 0.39042967557907104
epoch: 2 bpr_loss 0.37422624230384827
epoch: 2 bpr_loss 0.3746020793914795
+-------+--------------------+------------------+--------------------+------------------------------------+------------------------------------+------------------------------------+------------------------------------+
| Epoch |  training time(s)  |  tesing time(s)  |        Loss        |               recall               |                ndcg                |             precision              |             hit_ratio              |
+-------+--------------------+------------------+--------------------+------------------------------------+------------------------------------+------------------------------------+------------------------------------+
|   2   | 126.46495223045349 | 45.8258113861084 | 230.68411254882812 | [0.04385715 0.0729983  0.09592584] | [0.03601755 0.0469793  0.05501453] | [0.02052229 0.01722717 0.01518673] | [0.29367185 0.41995074 0.49898952] |
+-------+--------------------+------------------+--------------------+------------------------------------+------------------------------------+------------------------------------+------------------------------------+
epoch: 3 bpr_loss 0.37151530385017395
epoch: 3 bpr_loss 0.37334001064300537
epoch: 3 bpr_loss 0.37046030163764954
epoch: 3 bpr_loss 0.3701125979423523
epoch: 3 bpr_loss 0.370318740606308
+-------+-------------------+-------------------+--------------------+------------------------------------+------------------------------------+------------------------------------+------------------------------------+
| Epoch |  training time(s) |   tesing time(s)  |        Loss        |               recall               |                ndcg                |             precision              |             hit_ratio              |
+-------+-------------------+-------------------+--------------------+------------------------------------+------------------------------------+------------------------------------+------------------------------------+
|   3   | 126.7375156879425 | 45.46989679336548 | 221.77374267578125 | [0.04612557 0.07697929 0.10148822] | [0.03801785 0.04963299 0.05822709] | [0.02139699 0.01800793 0.01593407] | [0.30601869 0.43864469 0.51882026] |
+-------+-------------------+-------------------+--------------------+------------------------------------+------------------------------------+------------------------------------+------------------------------------+
epoch: 4 bpr_loss 0.36072710156440735
epoch: 4 bpr_loss 0.3541039526462555
epoch: 4 bpr_loss 0.3601433038711548
epoch: 4 bpr_loss 0.3547881841659546
epoch: 4 bpr_loss 0.3489024043083191
+-------+--------------------+------------------+-------------------+------------------------------------+------------------------------------+------------------------------------+------------------------------------+
| Epoch |  training time(s)  |  tesing time(s)  |        Loss       |               recall               |                ndcg                |             precision              |             hit_ratio              |
+-------+--------------------+------------------+-------------------+------------------------------------+------------------------------------+------------------------------------+------------------------------------+
|   4   | 127.70709466934204 | 46.6871395111084 | 214.6151123046875 | [0.04815289 0.08019702 0.10626638] | [0.03957347 0.05160121 0.06078031] | [0.02224485 0.01862527 0.01659193] | [0.31691297 0.45140205 0.534988  ] |
+-------+--------------------+------------------+-------------------+------------------------------------+------------------------------------+------------------------------------+------------------------------------+
epoch: 5 bpr_loss 0.35487791895866394
epoch: 5 bpr_loss 0.34390029311180115
epoch: 5 bpr_loss 0.34769973158836365
epoch: 5 bpr_loss 0.34163570404052734
epoch: 5 bpr_loss 0.34793058037757874
+-------+--------------------+-------------------+--------------------+------------------------------------+------------------------------------+------------------------------------+------------------------------------+
| Epoch |  training time(s)  |   tesing time(s)  |        Loss        |               recall               |                ndcg                |             precision              |             hit_ratio              |
+-------+--------------------+-------------------+--------------------+------------------------------------+------------------------------------+------------------------------------+------------------------------------+
|   5   | 122.71928143501282 | 44.97548174858093 | 209.70675659179688 | [0.04968946 0.08280522 0.11048228] | [0.04076102 0.05321208 0.06293576] | [0.02284956 0.01915735 0.01715822] | [0.32496526 0.46226475 0.54919793] |
+-------+--------------------+-------------------+--------------------+------------------------------------+------------------------------------+------------------------------------+------------------------------------+
epoch: 6 bpr_loss 0.3460334539413452
epoch: 6 bpr_loss 0.34842365980148315
epoch: 6 bpr_loss 0.3327392637729645
epoch: 6 bpr_loss 0.342746376991272
epoch: 6 bpr_loss 0.3446555435657501
+-------+--------------------+------------------+--------------------+------------------------------------+------------------------------------+------------------------------------+------------------------------------+
| Epoch |  training time(s)  |  tesing time(s)  |        Loss        |               recall               |                ndcg                |             precision              |             hit_ratio              |
+-------+--------------------+------------------+--------------------+------------------------------------+------------------------------------+------------------------------------+------------------------------------+
|   6   | 125.51452541351318 | 42.1139440536499 | 205.84246826171875 | [0.05126582 0.08541783 0.11367711] | [0.04201994 0.05485531 0.06477685] | [0.02353322 0.01970522 0.017604  ] | [0.33263863 0.47255905 0.55933434] |
+-------+--------------------+------------------+--------------------+------------------------------------+------------------------------------+------------------------------------+------------------------------------+
epoch: 7 bpr_loss 0.33206456899642944
epoch: 7 bpr_loss 0.3321462571620941
epoch: 7 bpr_loss 0.3303271532058716
epoch: 7 bpr_loss 0.3362535834312439
epoch: 7 bpr_loss 0.3378342390060425
+-------+--------------------+--------------------+--------------------+------------------------------------+------------------------------------+------------------------------------+------------------------------------+
| Epoch |  training time(s)  |   tesing time(s)   |        Loss        |               recall               |                ndcg                |             precision              |             hit_ratio              |
+-------+--------------------+--------------------+--------------------+------------------------------------+------------------------------------+------------------------------------+------------------------------------+
|   7   | 123.98879075050354 | 45.453608989715576 | 202.69418334960938 | [0.05249599 0.08744574 0.11612474] | [0.04309314 0.05619788 0.06627766] | [0.02411267 0.02014652 0.01797977] | [0.33885942 0.48026399 0.56656562] |
+-------+--------------------+--------------------+--------------------+------------------------------------+------------------------------------+------------------------------------+------------------------------------+
epoch: 8 bpr_loss 0.335683673620224
epoch: 8 bpr_loss 0.32840776443481445
epoch: 8 bpr_loss 0.32552677392959595
epoch: 8 bpr_loss 0.32619473338127136
epoch: 8 bpr_loss 0.3297758400440216
+-------+-------------------+-------------------+-------------------+------------------------------------+------------------------------------+------------------------------------+------------------------------------+
| Epoch |  training time(s) |   tesing time(s)  |        Loss       |               recall               |                ndcg                |             precision              |             hit_ratio              |
+-------+-------------------+-------------------+-------------------+------------------------------------+------------------------------------+------------------------------------+------------------------------------+
|   8   | 125.0200924873352 | 40.88100624084473 | 200.0171356201172 | [0.05399416 0.08957502 0.11864532] | [0.0442554  0.05760326 0.06783118] | [0.02472527 0.02062492 0.01838238] | [0.34646962 0.48746369 0.57408109] |
+-------+-------------------+-------------------+-------------------+------------------------------------+------------------------------------+------------------------------------+------------------------------------+
epoch: 9 bpr_loss 0.3259424865245819
epoch: 9 bpr_loss 0.32801881432533264
epoch: 9 bpr_loss 0.3277052044868469
epoch: 9 bpr_loss 0.325629323720932
epoch: 9 bpr_loss 0.3272993862628937
+-------+--------------------+--------------------+--------------------+------------------------------------+------------------------------------+------------------------------------+------------------------------------+
| Epoch |  training time(s)  |   tesing time(s)   |        Loss        |               recall               |                ndcg                |             precision              |             hit_ratio              |
+-------+--------------------+--------------------+--------------------+------------------------------------+------------------------------------+------------------------------------+------------------------------------+
|   9   | 126.79103231430054 | 41.837642192840576 | 197.61070251464844 | [0.0548356  0.09118462 0.1206736 ] | [0.04497236 0.05861968 0.06899151] | [0.02509315 0.02098964 0.01870027] | [0.35139573 0.49362132 0.57989137] |
+-------+--------------------+--------------------+--------------------+------------------------------------+------------------------------------+------------------------------------+------------------------------------+
epoch: 10 bpr_loss 0.31935736536979675
epoch: 10 bpr_loss 0.3273767828941345
epoch: 10 bpr_loss 0.3267144560813904
epoch: 10 bpr_loss 0.3274831175804138
epoch: 10 bpr_loss 0.322358101606369
+-------+--------------------+-------------------+--------------------+------------------------------------+------------------------------------+------------------------------------+------------------------------------+
| Epoch |  training time(s)  |   tesing time(s)  |        Loss        |               recall               |                ndcg                |             precision              |             hit_ratio              |
+-------+--------------------+-------------------+--------------------+------------------------------------+------------------------------------+------------------------------------+------------------------------------+
|   10  | 125.03686189651489 | 46.84526586532593 | 195.60858154296875 | [0.05557584 0.09280894 0.12232725] | [0.04567282 0.05964865 0.07003015] | [0.02543577 0.02134884 0.01895341] | [0.35540609 0.49861058 0.58424908] |
+-------+--------------------+-------------------+--------------------+------------------------------------+------------------------------------+------------------------------------+------------------------------------+
epoch: 11 bpr_loss 0.32489147782325745
epoch: 11 bpr_loss 0.3272574245929718
epoch: 11 bpr_loss 0.3185766339302063
epoch: 11 bpr_loss 0.3221744894981384
epoch: 11 bpr_loss 0.3181173801422119
+-------+-------------------+-------------------+--------------------+------------------------------------+------------------------------------+------------------------------------+------------------------------------+
| Epoch |  training time(s) |   tesing time(s)  |        Loss        |               recall               |                ndcg                |             precision              |             hit_ratio              |
+-------+-------------------+-------------------+--------------------+------------------------------------+------------------------------------+------------------------------------+------------------------------------+
|   11  | 123.0327615737915 | 45.34519386291504 | 193.59884643554688 | [0.056266   0.0940037  0.12409356] | [0.04624827 0.06042804 0.07097495] | [0.02579576 0.02167803 0.01921709] | [0.35853227 0.50287356 0.58993306] |
+-------+-------------------+-------------------+--------------------+------------------------------------+------------------------------------+------------------------------------+------------------------------------+
epoch: 12 bpr_loss 0.3213275372982025
epoch: 12 bpr_loss 0.3178367614746094
epoch: 12 bpr_loss 0.31587696075439453
epoch: 12 bpr_loss 0.32129597663879395
epoch: 12 bpr_loss 0.3115571141242981
+-------+--------------------+-------------------+--------------------+------------------------------------+------------------------------------+------------------------------------+------------------------------------+
| Epoch |  training time(s)  |   tesing time(s)  |        Loss        |               recall               |                ndcg                |             precision              |             hit_ratio              |
+-------+--------------------+-------------------+--------------------+------------------------------------+------------------------------------+------------------------------------+------------------------------------+
|   12  | 125.24610233306885 | 39.35060167312622 | 191.85745239257812 | [0.05687198 0.09472057 0.12539895] | [0.04669125 0.06092854 0.07166213] | [0.02606259 0.02185329 0.01940181] | [0.36213212 0.50565239 0.59485916] |
+-------+--------------------+-------------------+--------------------+------------------------------------+------------------------------------+------------------------------------+------------------------------------+
epoch: 13 bpr_loss 0.31740039587020874
epoch: 13 bpr_loss 0.3162468671798706
epoch: 13 bpr_loss 0.31886887550354004
epoch: 13 bpr_loss 0.31066349148750305
epoch: 13 bpr_loss 0.3156142234802246
+-------+--------------------+-------------------+-------------------+------------------------------------+------------------------------------+------------------------------------+---------------------------------+
| Epoch |  training time(s)  |   tesing time(s)  |        Loss       |               recall               |                ndcg                |             precision              |            hit_ratio            |
+-------+--------------------+-------------------+-------------------+------------------------------------+------------------------------------+------------------------------------+---------------------------------+
|   13  | 125.23594188690186 | 49.74806475639343 | 190.3578338623047 | [0.05745932 0.09566836 0.12663273] | [0.04725073 0.06161787 0.07245785] | [0.02636415 0.0220846  0.01960444] | [0.3652583 0.5084628 0.5977643] |
+-------+--------------------+-------------------+-------------------+------------------------------------+------------------------------------+------------------------------------+---------------------------------+
epoch: 14 bpr_loss 0.311562716960907
epoch: 14 bpr_loss 0.3056458532810211
epoch: 14 bpr_loss 0.3123435974121094
epoch: 14 bpr_loss 0.3160804510116577
epoch: 14 bpr_loss 0.31471124291419983
+-------+-------------------+-------------------+-------------------+------------------------------------+------------------------------------+------------------------------------+------------------------------------+
| Epoch |  training time(s) |   tesing time(s)  |        Loss       |               recall               |                ndcg                |             precision              |             hit_ratio              |
+-------+-------------------+-------------------+-------------------+------------------------------------+------------------------------------+------------------------------------+------------------------------------+
|   14  | 124.6098325252533 | 51.81643009185791 | 188.8794708251953 | [0.05794219 0.09646481 0.12780429] | [0.04766113 0.06212374 0.07307631] | [0.0266073  0.02225669 0.01975496] | [0.36768978 0.51165214 0.6010168 ] |
+-------+-------------------+-------------------+-------------------+------------------------------------+------------------------------------+------------------------------------+------------------------------------+
epoch: 15 bpr_loss 0.31178048253059387
epoch: 15 bpr_loss 0.30843207240104675
epoch: 15 bpr_loss 0.31228145956993103
epoch: 15 bpr_loss 0.3185366094112396
epoch: 15 bpr_loss 0.3120362460613251
+-------+-------------------+--------------------+--------------------+------------------------------------+------------------------------------+------------------------------------+------------------------------------+
| Epoch |  training time(s) |   tesing time(s)   |        Loss        |               recall               |                ndcg                |             precision              |             hit_ratio              |
+-------+-------------------+--------------------+--------------------+------------------------------------+------------------------------------+------------------------------------+------------------------------------+
|   15  | 124.6505298614502 | 50.134819746017456 | 187.62240600585938 | [0.05828849 0.09713591 0.1288658 ] | [0.04801784 0.06262826 0.07369572] | [0.02676835 0.02244063 0.01990495] | [0.36930024 0.51307313 0.60344828] |
+-------+-------------------+--------------------+--------------------+------------------------------------+------------------------------------+------------------------------------+------------------------------------+
epoch: 16 bpr_loss 0.30441293120384216
epoch: 16 bpr_loss 0.3033684492111206
epoch: 16 bpr_loss 0.3146664798259735
epoch: 16 bpr_loss 0.306500107049942
epoch: 16 bpr_loss 0.3070945739746094
+-------+--------------------+-------------------+-------------------+------------------------------------+------------------------------------+------------------------------------+------------------------------------+
| Epoch |  training time(s)  |   tesing time(s)  |        Loss       |               recall               |                ndcg                |             precision              |             hit_ratio              |
+-------+--------------------+-------------------+-------------------+------------------------------------+------------------------------------+------------------------------------+------------------------------------+
|   16  | 124.33017563819885 | 40.71567416191101 | 186.3830108642578 | [0.05848388 0.09766244 0.12950467] | [0.04823937 0.06298725 0.07410317] | [0.0268915  0.02258115 0.02002495] | [0.37094228 0.51512568 0.60490085] |
+-------+--------------------+-------------------+-------------------+------------------------------------+------------------------------------+------------------------------------+------------------------------------+
epoch: 17 bpr_loss 0.3057258427143097
epoch: 17 bpr_loss 0.3059556186199188
epoch: 17 bpr_loss 0.3070450723171234
epoch: 17 bpr_loss 0.305400550365448
epoch: 17 bpr_loss 0.3082067370414734
+-------+-------------------+-------------------+--------------------+------------------------------------+------------------------------------+------------------------------------+------------------------------------+
| Epoch |  training time(s) |   tesing time(s)  |        Loss        |               recall               |                ndcg                |             precision              |             hit_ratio              |
+-------+-------------------+-------------------+--------------------+------------------------------------+------------------------------------+------------------------------------+------------------------------------+
|   17  | 127.0566611289978 | 39.16848301887512 | 185.25245666503906 | [0.05886829 0.09853292 0.1304652 ] | [0.04854343 0.06347302 0.07460796] | [0.0270557  0.0227643  0.02015441] | [0.37248958 0.51825186 0.60771125] |
+-------+-------------------+-------------------+--------------------+------------------------------------+------------------------------------+------------------------------------+------------------------------------+
epoch: 18 bpr_loss 0.30297625064849854
epoch: 18 bpr_loss 0.3029327690601349
epoch: 18 bpr_loss 0.3070620894432068
epoch: 18 bpr_loss 0.3047736585140228
epoch: 18 bpr_loss 0.3092550039291382
+-------+--------------------+--------------------+--------------------+------------------------------------+------------------------------------+------------------------------------+------------------------------------+
| Epoch |  training time(s)  |   tesing time(s)   |        Loss        |               recall               |                ndcg                |             precision              |             hit_ratio              |
+-------+--------------------+--------------------+--------------------+------------------------------------+------------------------------------+------------------------------------+------------------------------------+
|   18  | 125.75774073600769 | 48.076772928237915 | 184.20416259765625 | [0.05916066 0.09906969 0.13109581] | [0.04883583 0.06386423 0.07503763] | [0.0271978  0.02289298 0.02026757] | [0.37406846 0.52020968 0.60963749] |
+-------+--------------------+--------------------+--------------------+------------------------------------+------------------------------------+------------------------------------+------------------------------------+
epoch: 19 bpr_loss 0.3055562973022461
epoch: 19 bpr_loss 0.30295830965042114
epoch: 19 bpr_loss 0.3042626678943634
epoch: 19 bpr_loss 0.30603983998298645
epoch: 19 bpr_loss 0.29872387647628784
+-------+--------------------+--------------------+--------------------+------------------------------------+------------------------------------+------------------------------------+------------------------------------+
| Epoch |  training time(s)  |   tesing time(s)   |        Loss        |               recall               |                ndcg                |             precision              |             hit_ratio              |
+-------+--------------------+--------------------+--------------------+------------------------------------+------------------------------------+------------------------------------+------------------------------------+
|   19  | 121.27130484580994 | 44.494603633880615 | 183.16629028320312 | [0.05961065 0.09959231 0.13177456] | [0.04918603 0.06423004 0.0754584 ] | [0.02738411 0.02300508 0.02036756] | [0.37586838 0.52178856 0.61099533] |
+-------+--------------------+--------------------+--------------------+------------------------------------+------------------------------------+------------------------------------+------------------------------------+
epoch: 20 bpr_loss 0.309559166431427
epoch: 20 bpr_loss 0.3030335605144501
epoch: 20 bpr_loss 0.3037016689777374
epoch: 20 bpr_loss 0.2991563081741333
epoch: 20 bpr_loss 0.2994157075881958
+-------+--------------------+-------------------+--------------------+------------------------------------+------------------------------------+------------------------------------+------------------------------------+
| Epoch |  training time(s)  |   tesing time(s)  |        Loss        |               recall               |                ndcg                |             precision              |             hit_ratio              |
+-------+--------------------+-------------------+--------------------+------------------------------------+------------------------------------+------------------------------------+------------------------------------+
|   20  | 124.73605513572693 | 43.83698558807373 | 182.08485412597656 | [0.05995897 0.10018204 0.13283849] | [0.04944165 0.06459564 0.07596872] | [0.02753884 0.02316297 0.02052598] | [0.37738411 0.52399899 0.613711  ] |
+-------+--------------------+-------------------+--------------------+------------------------------------+------------------------------------+------------------------------------+------------------------------------+
epoch: 21 bpr_loss 0.2944723069667816
epoch: 21 bpr_loss 0.3010931611061096
epoch: 21 bpr_loss 0.2948628067970276
epoch: 21 bpr_loss 0.3044566214084625
epoch: 21 bpr_loss 0.29701516032218933
+-------+--------------------+-------------------+--------------------+------------------------------------+------------------------------------+------------------------------------+------------------------------------+
| Epoch |  training time(s)  |   tesing time(s)  |        Loss        |               recall               |                ndcg                |             precision              |             hit_ratio              |
+-------+--------------------+-------------------+--------------------+------------------------------------+------------------------------------+------------------------------------+------------------------------------+
|   21  | 127.03715896606445 | 48.58477306365967 | 181.21347045898438 | [0.06045517 0.10058963 0.13356025] | [0.04977773 0.06487143 0.07636931] | [0.02777567 0.02324507 0.02063808] | [0.38032083 0.52529367 0.61519515] |
+-------+--------------------+-------------------+--------------------+------------------------------------+------------------------------------+------------------------------------+------------------------------------+
epoch: 22 bpr_loss 0.29820752143859863
epoch: 22 bpr_loss 0.3011346757411957
epoch: 22 bpr_loss 0.29645735025405884
epoch: 22 bpr_loss 0.2983280420303345
epoch: 22 bpr_loss 0.3009607493877411
+-------+--------------------+--------------------+-------------------+------------------------------------+------------------------------------+------------------------------------+------------------------------------+
| Epoch |  training time(s)  |   tesing time(s)   |        Loss       |               recall               |                ndcg                |             precision              |             hit_ratio              |
+-------+--------------------+--------------------+-------------------+------------------------------------+------------------------------------+------------------------------------+------------------------------------+
|   22  | 124.51351308822632 | 43.656177043914795 | 180.3661346435547 | [0.06078439 0.10128977 0.13398816] | [0.05005273 0.06527504 0.07669941] | [0.0279004  0.02337217 0.02071123] | [0.3806366  0.52800935 0.61585828] |
+-------+--------------------+--------------------+-------------------+------------------------------------+------------------------------------+------------------------------------+------------------------------------+
epoch: 23 bpr_loss 0.296742707490921
epoch: 23 bpr_loss 0.29798150062561035
epoch: 23 bpr_loss 0.2985502779483795
epoch: 23 bpr_loss 0.2989872097969055
epoch: 23 bpr_loss 0.2947305738925934
+-------+--------------------+-------------------+--------------------+------------------------------------+------------------------------------+------------------------------------+------------------------------------+
| Epoch |  training time(s)  |   tesing time(s)  |        Loss        |               recall               |                ndcg                |             precision              |             hit_ratio              |
+-------+--------------------+-------------------+--------------------+------------------------------------+------------------------------------+------------------------------------+------------------------------------+
|   23  | 126.48644685745239 | 50.46054482460022 | 179.37364196777344 | [0.06099858 0.10167106 0.13465038] | [0.05032676 0.06559853 0.07711236] | [0.0280725  0.02348743 0.02082228] | [0.38215233 0.52883037 0.61756347] |
+-------+--------------------+-------------------+--------------------+------------------------------------+------------------------------------+------------------------------------+------------------------------------+
epoch: 24 bpr_loss 0.29517579078674316
epoch: 24 bpr_loss 0.2936420738697052
epoch: 24 bpr_loss 0.29223549365997314
epoch: 24 bpr_loss 0.29477575421333313
epoch: 24 bpr_loss 0.29863038659095764
+-------+-------------------+--------------------+--------------------+------------------------------------+------------------------------------+------------------------------------+------------------------------------+
| Epoch |  training time(s) |   tesing time(s)   |        Loss        |               recall               |                ndcg                |             precision              |             hit_ratio              |
+-------+-------------------+--------------------+--------------------+------------------------------------+------------------------------------+------------------------------------+------------------------------------+
|   24  | 131.4913649559021 | 47.616604804992676 | 178.53250122070312 | [0.06125517 0.10227919 0.13551696] | [0.05055112 0.0659684  0.07756619] | [0.02816566 0.02362006 0.02094754] | [0.38392068 0.5310408  0.61942655] |
+-------+-------------------+--------------------+--------------------+------------------------------------+------------------------------------+------------------------------------+------------------------------------+
epoch: 25 bpr_loss 0.2921614646911621
epoch: 25 bpr_loss 0.28891363739967346
epoch: 25 bpr_loss 0.29408618807792664
epoch: 25 bpr_loss 0.29310768842697144
epoch: 25 bpr_loss 0.295381635427475
+-------+--------------------+-------------------+--------------------+------------------------------------+------------------------------------+------------------------------------+------------------------------------+
| Epoch |  training time(s)  |   tesing time(s)  |        Loss        |               recall               |                ndcg                |             precision              |             hit_ratio              |
+-------+--------------------+-------------------+--------------------+------------------------------------+------------------------------------+------------------------------------+------------------------------------+
|   25  | 126.07753896713257 | 41.88717722892761 | 177.71632385253906 | [0.06164638 0.1028263  0.13619811] | [0.0508823  0.06633245 0.07798161] | [0.02838828 0.02375426 0.02107017] | [0.38505747 0.53296703 0.62100543] |
+-------+--------------------+-------------------+--------------------+------------------------------------+------------------------------------+------------------------------------+------------------------------------+
epoch: 26 bpr_loss 0.2904813587665558
epoch: 26 bpr_loss 0.29480767250061035
epoch: 26 bpr_loss 0.2897111475467682
epoch: 26 bpr_loss 0.29423218965530396
epoch: 26 bpr_loss 0.2961929440498352
+-------+--------------------+-------------------+--------------------+------------------------------------+------------------------------------+------------------------------------+------------------------------------+
| Epoch |  training time(s)  |   tesing time(s)  |        Loss        |               recall               |                ndcg                |             precision              |             hit_ratio              |
+-------+--------------------+-------------------+--------------------+------------------------------------+------------------------------------+------------------------------------+------------------------------------+
|   26  | 125.35114812850952 | 42.94935750961304 | 176.91021728515625 | [0.0619289  0.1032859  0.13650141] | [0.05108891 0.06660092 0.0781868 ] | [0.0285288  0.02387584 0.0211128 ] | [0.38581533 0.53394594 0.62132121] |
+-------+--------------------+-------------------+--------------------+------------------------------------+------------------------------------+------------------------------------+------------------------------------+
epoch: 27 bpr_loss 0.2898121476173401
epoch: 27 bpr_loss 0.2930693030357361
epoch: 27 bpr_loss 0.2935565114021301
epoch: 27 bpr_loss 0.29352855682373047
epoch: 27 bpr_loss 0.29595208168029785
+-------+--------------------+-------------------+--------------------+------------------------------------+------------------------------------+------------------------------------+------------------------------------+
| Epoch |  training time(s)  |   tesing time(s)  |        Loss        |               recall               |                ndcg                |             precision              |             hit_ratio              |
+-------+--------------------+-------------------+--------------------+------------------------------------+------------------------------------+------------------------------------+------------------------------------+
|   27  | 124.81696271896362 | 49.39323329925537 | 176.12098693847656 | [0.06208755 0.10375224 0.13690327] | [0.05128558 0.06694188 0.07849626] | [0.02858722 0.02399662 0.02117385] | [0.38622584 0.53511431 0.62264747] |
+-------+--------------------+-------------------+--------------------+------------------------------------+------------------------------------+------------------------------------+------------------------------------+
epoch: 28 bpr_loss 0.28717562556266785
epoch: 28 bpr_loss 0.2957681119441986
epoch: 28 bpr_loss 0.2886274456977844
epoch: 28 bpr_loss 0.29121243953704834
epoch: 28 bpr_loss 0.28841835260391235
+-------+--------------------+------------------+--------------------+------------------------------------+------------------------------------+------------------------------------+------------------------------------+
| Epoch |  training time(s)  |  tesing time(s)  |        Loss        |               recall               |                ndcg                |             precision              |             hit_ratio              |
+-------+--------------------+------------------+--------------------+------------------------------------+------------------------------------+------------------------------------+------------------------------------+
|   28  | 124.09483027458191 | 47.0481481552124 | 175.40176391601562 | [0.06222763 0.10402361 0.13744384] | [0.05134221 0.06706033 0.07871186] | [0.02865037 0.0240503  0.02125174] | [0.38692055 0.53669319 0.62365795] |
+-------+--------------------+------------------+--------------------+------------------------------------+------------------------------------+------------------------------------+------------------------------------+
epoch: 29 bpr_loss 0.28994664549827576
epoch: 29 bpr_loss 0.2834514081478119
epoch: 29 bpr_loss 0.29357531666755676
epoch: 29 bpr_loss 0.2828008234500885
epoch: 29 bpr_loss 0.2879093885421753
+-------+--------------------+-------------------+-------------------+------------------------------------+------------------------------------+------------------------------------+------------------------------------+
| Epoch |  training time(s)  |   tesing time(s)  |        Loss       |               recall               |                ndcg                |             precision              |             hit_ratio              |
+-------+--------------------+-------------------+-------------------+------------------------------------+------------------------------------+------------------------------------+------------------------------------+
|   29  | 123.60587120056152 | 40.56476330757141 | 174.6481475830078 | [0.06242077 0.10433678 0.13754051] | [0.05161948 0.06737598 0.07896401] | [0.02875142 0.02412609 0.02128331] | [0.3884047  0.53789314 0.62410004] |
+-------+--------------------+-------------------+-------------------+------------------------------------+------------------------------------+------------------------------------+------------------------------------+
epoch: 30 bpr_loss 0.29040101170539856
epoch: 30 bpr_loss 0.2863224148750305
epoch: 30 bpr_loss 0.29085680842399597
epoch: 30 bpr_loss 0.28995800018310547
epoch: 30 bpr_loss 0.2852306067943573
+-------+--------------------+-------------------+--------------------+------------------------------------+------------------------------------+------------------------------------+------------------------------------+
| Epoch |  training time(s)  |   tesing time(s)  |        Loss        |               recall               |                ndcg                |             precision              |             hit_ratio              |
+-------+--------------------+-------------------+--------------------+------------------------------------+------------------------------------+------------------------------------+------------------------------------+
|   30  | 124.85094094276428 | 45.51376295089722 | 173.93540954589844 | [0.06267589 0.10468783 0.13789848] | [0.05181578 0.06759592 0.07917858] | [0.02887299 0.02420424 0.02132858] | [0.38903625 0.53820892 0.6251421 ] |
+-------+--------------------+-------------------+--------------------+------------------------------------+------------------------------------+------------------------------------+------------------------------------+
epoch: 31 bpr_loss 0.2855533957481384
epoch: 31 bpr_loss 0.2857329249382019
epoch: 31 bpr_loss 0.287867933511734
epoch: 31 bpr_loss 0.28864845633506775
epoch: 31 bpr_loss 0.2858698070049286
+-------+--------------------+-------------------+--------------------+------------------------------------+------------------------------------+------------------------------------+------------------------------------+
| Epoch |  training time(s)  |   tesing time(s)  |        Loss        |               recall               |                ndcg                |             precision              |             hit_ratio              |
+-------+--------------------+-------------------+--------------------+------------------------------------+------------------------------------+------------------------------------+------------------------------------+
|   31  | 124.30659794807434 | 46.99293088912964 | 173.21237182617188 | [0.06290856 0.10487433 0.13832811] | [0.05197208 0.06775086 0.07942135] | [0.02895825 0.02426661 0.02140805] | [0.38969938 0.53874574 0.62612101] |
+-------+--------------------+-------------------+--------------------+------------------------------------+------------------------------------+------------------------------------+------------------------------------+
epoch: 32 bpr_loss 0.28441503643989563
epoch: 32 bpr_loss 0.2851303815841675
epoch: 32 bpr_loss 0.2824822962284088
epoch: 32 bpr_loss 0.2835252285003662
epoch: 32 bpr_loss 0.28194597363471985
+-------+--------------------+-------------------+-------------------+------------------------------------+------------------------------------+------------------------------------+------------------------------------+
| Epoch |  training time(s)  |   tesing time(s)  |        Loss       |               recall               |                ndcg                |             precision              |             hit_ratio              |
+-------+--------------------+-------------------+-------------------+------------------------------------+------------------------------------+------------------------------------+------------------------------------+
|   32  | 127.54543709754944 | 50.11438345909119 | 172.5202178955078 | [0.0632531  0.10506918 0.1384694 ] | [0.05222428 0.06792676 0.07957888] | [0.02910667 0.02429266 0.02142383] | [0.39102564 0.53997726 0.6266894 ] |
+-------+--------------------+-------------------+-------------------+------------------------------------+------------------------------------+------------------------------------+------------------------------------+
epoch: 33 bpr_loss 0.28495854139328003
epoch: 33 bpr_loss 0.28727614879608154
epoch: 33 bpr_loss 0.2798224091529846
epoch: 33 bpr_loss 0.28717586398124695
epoch: 33 bpr_loss 0.28444018959999084
+-------+--------------------+--------------------+--------------------+------------------------------------+------------------------------------+------------------------------------+------------------------------------+
| Epoch |  training time(s)  |   tesing time(s)   |        Loss        |               recall               |                ndcg                |             precision              |             hit_ratio              |
+-------+--------------------+--------------------+--------------------+------------------------------------+------------------------------------+------------------------------------+------------------------------------+
|   33  | 123.10949158668518 | 54.106526613235474 | 171.91554260253906 | [0.06327099 0.10543609 0.1388195 ] | [0.05228652 0.06809776 0.0797501 ] | [0.02916509 0.02435976 0.02147594] | [0.39143615 0.53981938 0.62801566] |
+-------+--------------------+--------------------+--------------------+------------------------------------+------------------------------------+------------------------------------+------------------------------------+
epoch: 34 bpr_loss 0.282917320728302
epoch: 34 bpr_loss 0.28061094880104065
epoch: 34 bpr_loss 0.2875111401081085
epoch: 34 bpr_loss 0.27863720059394836
epoch: 34 bpr_loss 0.2786174416542053
+-------+-------------------+--------------------+-------------------+------------------------------------+------------------------------------+------------------------------------+------------------------------------+
| Epoch |  training time(s) |   tesing time(s)   |        Loss       |               recall               |                ndcg                |             precision              |             hit_ratio              |
+-------+-------------------+--------------------+-------------------+------------------------------------+------------------------------------+------------------------------------+------------------------------------+
|   34  | 124.1792049407959 | 42.683539390563965 | 171.3090362548828 | [0.06338148 0.10583933 0.13939483] | [0.0524654  0.06839381 0.08010845] | [0.02920456 0.02445055 0.02156383] | [0.39282557 0.54117721 0.62912088] |
+-------+-------------------+--------------------+-------------------+------------------------------------+------------------------------------+------------------------------------+------------------------------------+
epoch: 35 bpr_loss 0.2796936631202698
epoch: 35 bpr_loss 0.28680330514907837
epoch: 35 bpr_loss 0.28329992294311523
epoch: 35 bpr_loss 0.28772279620170593
epoch: 35 bpr_loss 0.2837018668651581
+-------+--------------------+-------------------+-------------------+------------------------------------+------------------------------------+------------------------------------+------------------------------------+
| Epoch |  training time(s)  |   tesing time(s)  |        Loss       |               recall               |                ndcg                |             precision              |             hit_ratio              |
+-------+--------------------+-------------------+-------------------+------------------------------------+------------------------------------+------------------------------------+------------------------------------+
|   35  | 129.24875617027283 | 44.86178183555603 | 170.7127227783203 | [0.06373581 0.10612869 0.13962613] | [0.05271605 0.0685929  0.08030377] | [0.02938613 0.02452318 0.02161962] | [0.3944676  0.54149299 0.6299419 ] |
+-------+--------------------+-------------------+-------------------+------------------------------------+------------------------------------+------------------------------------+------------------------------------+
epoch: 36 bpr_loss 0.2804624140262604
epoch: 36 bpr_loss 0.2832643687725067
epoch: 36 bpr_loss 0.27904829382896423
epoch: 36 bpr_loss 0.28438642621040344
epoch: 36 bpr_loss 0.2910021245479584
+-------+--------------------+--------------------+--------------------+------------------------------------+------------------------------------+------------------------------------+------------------------------------+
| Epoch |  training time(s)  |   tesing time(s)   |        Loss        |               recall               |                ndcg                |             precision              |             hit_ratio              |
+-------+--------------------+--------------------+--------------------+------------------------------------+------------------------------------+------------------------------------+------------------------------------+
|   36  | 124.14078402519226 | 49.537665605545044 | 170.03489685058594 | [0.06386983 0.10645651 0.13986007] | [0.05279319 0.06875689 0.08042189] | [0.0294256  0.02460212 0.02164909] | [0.39456233 0.54199823 0.62997347] |
+-------+--------------------+--------------------+--------------------+------------------------------------+------------------------------------+------------------------------------+------------------------------------+
epoch: 37 bpr_loss 0.27442610263824463
epoch: 37 bpr_loss 0.2781198024749756
epoch: 37 bpr_loss 0.2800005376338959
epoch: 37 bpr_loss 0.2813553214073181
epoch: 37 bpr_loss 0.2829843759536743
+-------+--------------------+-------------------+--------------------+------------------------------------+------------------------------------+------------------------------------+------------------------------------+
| Epoch |  training time(s)  |   tesing time(s)  |        Loss        |               recall               |                ndcg                |             precision              |             hit_ratio              |
+-------+--------------------+-------------------+--------------------+------------------------------------+------------------------------------+------------------------------------+------------------------------------+
|   37  | 125.03504300117493 | 47.96420407295227 | 169.42274475097656 | [0.06392474 0.10656121 0.14018468] | [0.05277142 0.0687697  0.08052086] | [0.02941929 0.02462659 0.02170593] | [0.39456233 0.54237716 0.63098396] |
+-------+--------------------+-------------------+--------------------+------------------------------------+------------------------------------+------------------------------------+------------------------------------+
epoch: 38 bpr_loss 0.2822943925857544
epoch: 38 bpr_loss 0.2785646617412567
epoch: 38 bpr_loss 0.27684253454208374
epoch: 38 bpr_loss 0.2819443643093109
epoch: 38 bpr_loss 0.2838595509529114
+-------+--------------------+--------------------+-------------------+------------------------------------+------------------------------------+------------------------------------+------------------------------------+
| Epoch |  training time(s)  |   tesing time(s)   |        Loss       |               recall               |                ndcg                |             precision              |             hit_ratio              |
+-------+--------------------+--------------------+-------------------+------------------------------------+------------------------------------+------------------------------------+------------------------------------+
|   38  | 124.50672364234924 | 43.081244707107544 | 168.8478546142578 | [0.06398474 0.10682012 0.14055762] | [0.05291004 0.06896228 0.08074973] | [0.02948718 0.02466686 0.02174856] | [0.39538335 0.54348238 0.63287862] |
+-------+--------------------+--------------------+-------------------+------------------------------------+------------------------------------+------------------------------------+------------------------------------+
epoch: 39 bpr_loss 0.27470868825912476
epoch: 39 bpr_loss 0.2800217568874359
epoch: 39 bpr_loss 0.2775094211101532
epoch: 39 bpr_loss 0.27805617451667786
epoch: 39 bpr_loss 0.2763265073299408
+-------+-------------------+-------------------+--------------------+------------------------------------+------------------------------------+------------------------------------+------------------------------------+
| Epoch |  training time(s) |   tesing time(s)  |        Loss        |               recall               |                ndcg                |             precision              |             hit_ratio              |
+-------+-------------------+-------------------+--------------------+------------------------------------+------------------------------------+------------------------------------+------------------------------------+
|   39  | 124.1293773651123 | 41.83262848854065 | 168.28216552734375 | [0.0640827  0.10713132 0.14099636] | [0.05304157 0.06916351 0.08098864] | [0.02957402 0.0247387  0.02180856] | [0.39550966 0.54427182 0.63373121] |
+-------+-------------------+-------------------+--------------------+------------------------------------+------------------------------------+------------------------------------+------------------------------------+
epoch: 40 bpr_loss 0.2776920795440674
epoch: 40 bpr_loss 0.27572497725486755
epoch: 40 bpr_loss 0.2779577672481537
epoch: 40 bpr_loss 0.27689650654792786
epoch: 40 bpr_loss 0.2785813510417938
+-------+-------------------+-------------------+--------------------+------------------------------------+------------------------------------+------------------------------------+------------------------------------+
| Epoch |  training time(s) |   tesing time(s)  |        Loss        |               recall               |                ndcg                |             precision              |             hit_ratio              |
+-------+-------------------+-------------------+--------------------+------------------------------------+------------------------------------+------------------------------------+------------------------------------+
|   40  | 118.3481068611145 | 43.71210479736328 | 167.70521545410156 | [0.06425211 0.10720693 0.14124825] | [0.05318137 0.06926959 0.08114856] | [0.02961191 0.02474264 0.02182224] | [0.3960149  0.54531388 0.63467854] |
+-------+-------------------+-------------------+--------------------+------------------------------------+------------------------------------+------------------------------------+------------------------------------+
epoch: 41 bpr_loss 0.27025750279426575
epoch: 41 bpr_loss 0.27383294701576233
epoch: 41 bpr_loss 0.280967652797699
epoch: 41 bpr_loss 0.27520057559013367
epoch: 41 bpr_loss 0.2738407552242279
+-------+--------------------+--------------------+------------------+------------------------------------+------------------------------------+------------------------------------+------------------------------------+
| Epoch |  training time(s)  |   tesing time(s)   |       Loss       |               recall               |                ndcg                |             precision              |             hit_ratio              |
+-------+--------------------+--------------------+------------------+------------------------------------+------------------------------------+------------------------------------+------------------------------------+
|   41  | 116.24355936050415 | 41.959813594818115 | 167.121826171875 | [0.06426516 0.10729266 0.14158915] | [0.05319528 0.0693226  0.08129651] | [0.02959139 0.02475843 0.02186645] | [0.39661488 0.54471391 0.63502589] |
+-------+--------------------+--------------------+------------------+------------------------------------+------------------------------------+------------------------------------+------------------------------------+
epoch: 42 bpr_loss 0.28059691190719604
epoch: 42 bpr_loss 0.27678459882736206
epoch: 42 bpr_loss 0.27463147044181824
epoch: 42 bpr_loss 0.27370527386665344
epoch: 42 bpr_loss 0.27730071544647217
+-------+-------------------+-------------------+--------------------+------------------------------------+------------------------------------+------------------------------------+------------------------------------+
| Epoch |  training time(s) |   tesing time(s)  |        Loss        |               recall               |                ndcg                |             precision              |             hit_ratio              |
+-------+-------------------+-------------------+--------------------+------------------------------------+------------------------------------+------------------------------------+------------------------------------+
|   42  | 116.3469512462616 | 40.24494814872742 | 166.62445068359375 | [0.06451359 0.10746822 0.1419435 ] | [0.05337745 0.0694685  0.0815017 ] | [0.02971296 0.02481211 0.02193223] | [0.39734116 0.54569281 0.63591007] |
+-------+-------------------+-------------------+--------------------+------------------------------------+------------------------------------+------------------------------------+------------------------------------+
epoch: 43 bpr_loss 0.275684118270874
epoch: 43 bpr_loss 0.2806677222251892
epoch: 43 bpr_loss 0.2731345593929291
epoch: 43 bpr_loss 0.27906548976898193
epoch: 43 bpr_loss 0.26933497190475464
+-------+------------------+--------------------+-------------------+------------------------------------+------------------------------------+------------------------------------+------------------------------------+
| Epoch | training time(s) |   tesing time(s)   |        Loss       |               recall               |                ndcg                |             precision              |             hit_ratio              |
+-------+------------------+--------------------+-------------------+------------------------------------+------------------------------------+------------------------------------+------------------------------------+
|   43  | 117.126873254776 | 41.975669622421265 | 166.1076202392578 | [0.06445211 0.10762865 0.14188472] | [0.05330899 0.06948009 0.08143253] | [0.02968138 0.02484053 0.02191381] | [0.39721485 0.54575597 0.63546798] |
+-------+------------------+--------------------+-------------------+------------------------------------+------------------------------------+------------------------------------+------------------------------------+
epoch: 44 bpr_loss 0.2740330398082733
epoch: 44 bpr_loss 0.27532368898391724
epoch: 44 bpr_loss 0.2748139202594757
epoch: 44 bpr_loss 0.2788967192173004
epoch: 44 bpr_loss 0.27108582854270935
+-------+--------------------+--------------------+-------------------+------------------------------------+------------------------------------+------------------------------------+------------------------------------+
| Epoch |  training time(s)  |   tesing time(s)   |        Loss       |               recall               |                ndcg                |             precision              |             hit_ratio              |
+-------+--------------------+--------------------+-------------------+------------------------------------+------------------------------------+------------------------------------+------------------------------------+
|   44  | 116.04904985427856 | 34.859410762786865 | 165.5529022216797 | [0.06464927 0.1077008  0.14195105] | [0.05352722 0.06964072 0.08159856] | [0.02978875 0.0248579  0.02193223] | [0.39816218 0.54720854 0.63512063] |
+-------+--------------------+--------------------+-------------------+------------------------------------+------------------------------------+------------------------------------+------------------------------------+
epoch: 45 bpr_loss 0.27550485730171204
epoch: 45 bpr_loss 0.2744263708591461
epoch: 45 bpr_loss 0.275541216135025
epoch: 45 bpr_loss 0.2726776599884033
epoch: 45 bpr_loss 0.2756071090698242
+-------+--------------------+--------------------+--------------------+------------------------------------+------------------------------------+------------------------------------+------------------------------------+
| Epoch |  training time(s)  |   tesing time(s)   |        Loss        |               recall               |                ndcg                |             precision              |             hit_ratio              |
+-------+--------------------+--------------------+--------------------+------------------------------------+------------------------------------+------------------------------------+------------------------------------+
|   45  | 114.29482173919678 | 36.964383363723755 | 165.08059692382812 | [0.06463116 0.10786604 0.14223244] | [0.05357199 0.0697495  0.08172447] | [0.02982664 0.02491395 0.02196171] | [0.39765694 0.54787167 0.63594164] |
+-------+--------------------+--------------------+--------------------+------------------------------------+------------------------------------+------------------------------------+------------------------------------+
epoch: 46 bpr_loss 0.27428755164146423
epoch: 46 bpr_loss 0.26801323890686035
epoch: 46 bpr_loss 0.2688307762145996
epoch: 46 bpr_loss 0.2677817642688751
epoch: 46 bpr_loss 0.2704249322414398
+-------+--------------------+-------------------+-----------------+------------------------------------+------------------------------------+------------------------------------+------------------------------------+
| Epoch |  training time(s)  |   tesing time(s)  |       Loss      |               recall               |                ndcg                |             precision              |             hit_ratio              |
+-------+--------------------+-------------------+-----------------+------------------------------------+------------------------------------+------------------------------------+------------------------------------+
|   46  | 113.95646476745605 | 39.01973915100098 | 164.57080078125 | [0.06467411 0.10782458 0.1425311 ] | [0.05357909 0.06973682 0.08183179] | [0.02983769 0.02490921 0.02200697] | [0.39813061 0.54752431 0.63704686] |
+-------+--------------------+-------------------+-----------------+------------------------------------+------------------------------------+------------------------------------+------------------------------------+
epoch: 47 bpr_loss 0.27156293392181396
epoch: 47 bpr_loss 0.2692209780216217
epoch: 47 bpr_loss 0.2707557678222656
epoch: 47 bpr_loss 0.26820388436317444
epoch: 47 bpr_loss 0.2796418070793152
+-------+--------------------+-------------------+--------------------+------------------------------------+------------------------------------+------------------------------------+------------------------------------+
| Epoch |  training time(s)  |   tesing time(s)  |        Loss        |               recall               |                ndcg                |             precision              |             hit_ratio              |
+-------+--------------------+-------------------+--------------------+------------------------------------+------------------------------------+------------------------------------+------------------------------------+
|   47  | 113.21313762664795 | 36.49697923660278 | 164.08975219726562 | [0.06485741 0.10784668 0.1427285 ] | [0.05379199 0.06989868 0.08205369] | [0.02989137 0.02492027 0.02203749] | [0.39910951 0.54727169 0.63748895] |
+-------+--------------------+-------------------+--------------------+------------------------------------+------------------------------------+------------------------------------+------------------------------------+
epoch: 48 bpr_loss 0.2718104422092438
epoch: 48 bpr_loss 0.27260419726371765
epoch: 48 bpr_loss 0.2708633840084076
epoch: 48 bpr_loss 0.272106409072876
epoch: 48 bpr_loss 0.27191421389579773
+-------+--------------------+--------------------+-------------------+------------------------------------+------------------------------------+------------------------------------+------------------------------------+
| Epoch |  training time(s)  |   tesing time(s)   |        Loss       |               recall               |                ndcg                |             precision              |             hit_ratio              |
+-------+--------------------+--------------------+-------------------+------------------------------------+------------------------------------+------------------------------------+------------------------------------+
|   48  | 115.52219486236572 | 39.556190490722656 | 163.6528778076172 | [0.06500907 0.1076516  0.14278805] | [0.05385766 0.06983818 0.08206251] | [0.02994663 0.02489421 0.02202644] | [0.39986737 0.54667172 0.63764684] |
+-------+--------------------+--------------------+-------------------+------------------------------------+------------------------------------+------------------------------------+------------------------------------+
epoch: 49 bpr_loss 0.271465539932251
epoch: 49 bpr_loss 0.2684132158756256
epoch: 49 bpr_loss 0.2721194326877594
epoch: 49 bpr_loss 0.27647775411605835
epoch: 49 bpr_loss 0.2746288478374481
+-------+--------------------+-------------------+--------------------+------------------------------------+------------------------------------+------------------------------------+------------------------------------+
| Epoch |  training time(s)  |   tesing time(s)  |        Loss        |               recall               |                ndcg                |             precision              |             hit_ratio              |
+-------+--------------------+-------------------+--------------------+------------------------------------+------------------------------------+------------------------------------+------------------------------------+
|   49  | 113.56493139266968 | 35.10960507392883 | 163.13925170898438 | [0.06508925 0.10789716 0.14277469] | [0.05384061 0.06990358 0.08204784] | [0.02993874 0.02495895 0.02204697] | [0.40011999 0.54736643 0.63717317] |
+-------+--------------------+-------------------+--------------------+------------------------------------+------------------------------------+------------------------------------+------------------------------------+
epoch: 50 bpr_loss 0.27278366684913635
epoch: 50 bpr_loss 0.2652822732925415
epoch: 50 bpr_loss 0.2692969739437103
epoch: 50 bpr_loss 0.26496967673301697
epoch: 50 bpr_loss 0.2677847146987915
+-------+--------------------+--------------------+--------------------+------------------------------------+------------------------------------+------------------------------------+------------------------------------+
| Epoch |  training time(s)  |   tesing time(s)   |        Loss        |               recall               |                ndcg                |             precision              |             hit_ratio              |
+-------+--------------------+--------------------+--------------------+------------------------------------+------------------------------------+------------------------------------+------------------------------------+
|   50  | 113.90676045417786 | 43.860676288604736 | 162.72593688964844 | [0.06491802 0.10788042 0.14255861] | [0.05379262 0.06991515 0.08200905] | [0.02990243 0.02495263 0.02203486] | [0.39964633 0.54695592 0.63692055] |
+-------+--------------------+--------------------+--------------------+------------------------------------+------------------------------------+------------------------------------+------------------------------------+
epoch: 51 bpr_loss 0.26839742064476013
epoch: 51 bpr_loss 0.264426589012146
epoch: 51 bpr_loss 0.26772555708885193
epoch: 51 bpr_loss 0.2708285450935364
epoch: 51 bpr_loss 0.2668417692184448
+-------+-------------------+-------------------+-------------------+------------------------------------+------------------------------------+------------------------------------+------------------------------------+
| Epoch |  training time(s) |   tesing time(s)  |        Loss       |               recall               |                ndcg                |             precision              |             hit_ratio              |
+-------+-------------------+-------------------+-------------------+------------------------------------+------------------------------------+------------------------------------+------------------------------------+
|   51  | 113.4531021118164 | 36.56881594657898 | 162.1846160888672 | [0.06497705 0.10800828 0.14288342] | [0.05378117 0.06992089 0.08209022] | [0.02993558 0.02496369 0.0220817 ] | [0.39970949 0.54802956 0.63742579] |
+-------+-------------------+-------------------+-------------------+------------------------------------+------------------------------------+------------------------------------+------------------------------------+
epoch: 52 bpr_loss 0.26701873540878296
epoch: 52 bpr_loss 0.27072781324386597
epoch: 52 bpr_loss 0.26443707942962646
epoch: 52 bpr_loss 0.27035537362098694
epoch: 52 bpr_loss 0.265127956867218
+-------+--------------------+--------------------+--------------------+------------------------------------+------------------------------------+------------------------------------+------------------------------------+
| Epoch |  training time(s)  |   tesing time(s)   |        Loss        |               recall               |                ndcg                |             precision              |             hit_ratio              |
+-------+--------------------+--------------------+--------------------+------------------------------------+------------------------------------+------------------------------------+------------------------------------+
|   52  | 112.17586064338684 | 39.072299003601074 | 161.80894470214844 | [0.06508296 0.10791161 0.14283582] | [0.05386953 0.06990606 0.08209526] | [0.03000189 0.02492737 0.0220617 ] | [0.39974106 0.54784009 0.63774157] |
+-------+--------------------+--------------------+--------------------+------------------------------------+------------------------------------+------------------------------------+------------------------------------+
epoch: 53 bpr_loss 0.2646116018295288
epoch: 53 bpr_loss 0.26706400513648987
epoch: 53 bpr_loss 0.26531532406806946
epoch: 53 bpr_loss 0.26485127210617065
epoch: 53 bpr_loss 0.26633861660957336
+-------+--------------------+--------------------+-------------------+------------------------------------+------------------------------------+------------------------------------+------------------------------------+
| Epoch |  training time(s)  |   tesing time(s)   |        Loss       |               recall               |                ndcg                |             precision              |             hit_ratio              |
+-------+--------------------+--------------------+-------------------+------------------------------------+------------------------------------+------------------------------------+------------------------------------+
|   53  | 113.16781401634216 | 41.654444456100464 | 161.3664093017578 | [0.06513489 0.10820756 0.14280323] | [0.05391966 0.0700867  0.08214867] | [0.02994979 0.02499842 0.02205749] | [0.39996211 0.54856638 0.63777315] |
+-------+--------------------+--------------------+-------------------+------------------------------------+------------------------------------+------------------------------------+------------------------------------+
epoch: 54 bpr_loss 0.2707439661026001
epoch: 54 bpr_loss 0.26703715324401855
epoch: 54 bpr_loss 0.2617259621620178
epoch: 54 bpr_loss 0.26191744208335876
epoch: 54 bpr_loss 0.265485554933548
+-------+--------------------+-------------------+-------------------+------------------------------------+------------------------------------+------------------------------------+------------------------------------+
| Epoch |  training time(s)  |   tesing time(s)  |        Loss       |               recall               |                ndcg                |             precision              |             hit_ratio              |
+-------+--------------------+-------------------+-------------------+------------------------------------+------------------------------------+------------------------------------+------------------------------------+
|   54  | 112.33636116981506 | 38.86250185966492 | 160.9829864501953 | [0.06518934 0.10810022 0.14269423] | [0.05397621 0.07007014 0.08213405] | [0.03000979 0.02498895 0.02205012] | [0.40011999 0.54840849 0.63733106] |
+-------+--------------------+-------------------+-------------------+------------------------------------+------------------------------------+------------------------------------+------------------------------------+
epoch: 55 bpr_loss 0.26521581411361694
epoch: 55 bpr_loss 0.26246464252471924
epoch: 55 bpr_loss 0.26440873742103577
epoch: 55 bpr_loss 0.265909880399704
epoch: 55 bpr_loss 0.26544979214668274
+-------+--------------------+-------------------+--------------------+------------------------------------+------------------------------------+------------------------------------+------------------------------------+
| Epoch |  training time(s)  |   tesing time(s)  |        Loss        |               recall               |                ndcg                |             precision              |             hit_ratio              |
+-------+--------------------+-------------------+--------------------+------------------------------------+------------------------------------+------------------------------------+------------------------------------+
|   55  | 113.32185554504395 | 38.45839190483093 | 160.58941650390625 | [0.06498011 0.1080918  0.14269232] | [0.05385441 0.0700124  0.08206965] | [0.02994348 0.02497869 0.02203434] | [0.3992674  0.54818744 0.63736264] |
+-------+--------------------+-------------------+--------------------+------------------------------------+------------------------------------+------------------------------------+------------------------------------+
epoch: 56 bpr_loss 0.26590070128440857
epoch: 56 bpr_loss 0.26801353693008423
epoch: 56 bpr_loss 0.26818031072616577
epoch: 56 bpr_loss 0.2608933746814728
epoch: 56 bpr_loss 0.2666071951389313
+-------+--------------------+-------------------+--------------------+------------------------------------+------------------------------------+------------------------------------+------------------------------------+
| Epoch |  training time(s)  |   tesing time(s)  |        Loss        |               recall               |                ndcg                |             precision              |             hit_ratio              |
+-------+--------------------+-------------------+--------------------+------------------------------------+------------------------------------+------------------------------------+------------------------------------+
|   56  | 112.54468107223511 | 40.10477304458618 | 160.11178588867188 | [0.06511822 0.10798664 0.14276867] | [0.05394693 0.07002109 0.08215994] | [0.02995611 0.02493369 0.02205065] | [0.40027788 0.54809271 0.6381205 ] |
+-------+--------------------+-------------------+--------------------+------------------------------------+------------------------------------+------------------------------------+------------------------------------+
epoch: 57 bpr_loss 0.2639884948730469
epoch: 57 bpr_loss 0.26616647839546204
epoch: 57 bpr_loss 0.26646846532821655
epoch: 57 bpr_loss 0.2689161002635956
epoch: 57 bpr_loss 0.2643316388130188
+-------+--------------------+--------------------+-------------------+------------------------------------+------------------------------------+------------------------------------+------------------------------------+
| Epoch |  training time(s)  |   tesing time(s)   |        Loss       |               recall               |                ndcg                |             precision              |             hit_ratio              |
+-------+--------------------+--------------------+-------------------+------------------------------------+------------------------------------+------------------------------------+------------------------------------+
|   57  | 113.82727456092834 | 38.215290784835815 | 159.7108917236328 | [0.06513032 0.10799174 0.14273285] | [0.05402643 0.07009043 0.08219632] | [0.02998926 0.0249629  0.02203802] | [0.40015157 0.54859795 0.63736264] |
+-------+--------------------+--------------------+-------------------+------------------------------------+------------------------------------+------------------------------------+------------------------------------+
epoch: 58 bpr_loss 0.2660333812236786
epoch: 58 bpr_loss 0.2606826722621918
epoch: 58 bpr_loss 0.2604427933692932
epoch: 58 bpr_loss 0.263489305973053
epoch: 58 bpr_loss 0.26704758405685425
+-------+--------------------+-----------------+--------------------+------------------------------------+------------------------------------+------------------------------------+------------------------------------+
| Epoch |  training time(s)  |  tesing time(s) |        Loss        |               recall               |                ndcg                |             precision              |             hit_ratio              |
+-------+--------------------+-----------------+--------------------+------------------------------------+------------------------------------+------------------------------------+------------------------------------+
|   58  | 113.11981105804443 | 39.569664478302 | 159.32620239257812 | [0.06530656 0.10804129 0.14282608] | [0.05410229 0.07011634 0.08225006] | [0.03004768 0.02495974 0.02205802] | [0.40078312 0.54847164 0.63742579] |
+-------+--------------------+-----------------+--------------------+------------------------------------+------------------------------------+------------------------------------+------------------------------------+
epoch: 59 bpr_loss 0.26352638006210327
epoch: 59 bpr_loss 0.2673526406288147
epoch: 59 bpr_loss 0.2655535638332367
epoch: 59 bpr_loss 0.26783692836761475
epoch: 59 bpr_loss 0.2663898169994354
+-------+--------------------+-------------------+-------------------+------------------------------------+------------------------------------+------------------------------------+------------------------------------+
| Epoch |  training time(s)  |   tesing time(s)  |        Loss       |               recall               |                ndcg                |             precision              |             hit_ratio              |
+-------+--------------------+-------------------+-------------------+------------------------------------+------------------------------------+------------------------------------+------------------------------------+
|   59  | 113.54000401496887 | 37.61798095703125 | 158.9981231689453 | [0.06528466 0.1080574  0.1427623 ] | [0.0540775  0.07011831 0.0822284 ] | [0.03003189 0.02497553 0.02206065] | [0.40062524 0.54831376 0.63739421] |
+-------+--------------------+-------------------+-------------------+------------------------------------+------------------------------------+------------------------------------+------------------------------------+
epoch: 60 bpr_loss 0.26093652844429016
epoch: 60 bpr_loss 0.2660861313343048
epoch: 60 bpr_loss 0.2639554738998413
epoch: 60 bpr_loss 0.2640531361103058
epoch: 60 bpr_loss 0.26222649216651917
+-------+--------------------+-------------------+--------------------+------------------------------------+------------------------------------+------------------------------------+------------------------------------+
| Epoch |  training time(s)  |   tesing time(s)  |        Loss        |               recall               |                ndcg                |             precision              |             hit_ratio              |
+-------+--------------------+-------------------+--------------------+------------------------------------+------------------------------------+------------------------------------+------------------------------------+
|   60  | 113.02908968925476 | 35.51576066017151 | 158.61758422851562 | [0.06514204 0.10781266 0.14265957] | [0.0539757  0.07002406 0.08216756] | [0.02994348 0.02495263 0.02204276] | [0.39996211 0.54793482 0.6372679 ] |
+-------+--------------------+-------------------+--------------------+------------------------------------+------------------------------------+------------------------------------+------------------------------------+
epoch: 61 bpr_loss 0.25859972834587097
epoch: 61 bpr_loss 0.26059383153915405
epoch: 61 bpr_loss 0.26137489080429077
epoch: 61 bpr_loss 0.26040077209472656
epoch: 61 bpr_loss 0.26141196489334106
+-------+--------------------+-------------------+-------------------+------------------------------------+------------------------------------+------------------------------------+------------------------------------+
| Epoch |  training time(s)  |   tesing time(s)  |        Loss       |               recall               |                ndcg                |             precision              |             hit_ratio              |
+-------+--------------------+-------------------+-------------------+------------------------------------+------------------------------------+------------------------------------+------------------------------------+
|   61  | 113.73096871376038 | 37.52337646484375 | 158.2566680908203 | [0.06525596 0.10791702 0.14248842] | [0.05404401 0.07005574 0.08213875] | [0.02998768 0.02493684 0.02204012] | [0.40021473 0.54799798 0.63682582] |
+-------+--------------------+-------------------+-------------------+------------------------------------+------------------------------------+------------------------------------+------------------------------------+
epoch: 62 bpr_loss 0.26229414343833923
epoch: 62 bpr_loss 0.264555960893631
epoch: 62 bpr_loss 0.26072925329208374
epoch: 62 bpr_loss 0.26112204790115356
epoch: 62 bpr_loss 0.2650534212589264
+-------+--------------------+-------------------+--------------------+------------------------------------+------------------------------------+------------------------------------+------------------------------------+
| Epoch |  training time(s)  |   tesing time(s)  |        Loss        |               recall               |                ndcg                |             precision              |             hit_ratio              |
+-------+--------------------+-------------------+--------------------+------------------------------------+------------------------------------+------------------------------------+------------------------------------+
|   62  | 112.47392511367798 | 37.58444857597351 | 157.83607482910156 | [0.06536631 0.10790573 0.14245431] | [0.05409397 0.07007388 0.08213929] | [0.03000979 0.02494632 0.02203118] | [0.40141468 0.54774536 0.63673109] |
+-------+--------------------+-------------------+--------------------+------------------------------------+------------------------------------+------------------------------------+------------------------------------+
epoch: 63 bpr_loss 0.2653101682662964
epoch: 63 bpr_loss 0.2597569525241852
epoch: 63 bpr_loss 0.2616789638996124
epoch: 63 bpr_loss 0.26496484875679016
epoch: 63 bpr_loss 0.25684815645217896
+-------+--------------------+--------------------+--------------------+------------------------------------+------------------------------------+------------------------------------+------------------------------------+
| Epoch |  training time(s)  |   tesing time(s)   |        Loss        |               recall               |                ndcg                |             precision              |             hit_ratio              |
+-------+--------------------+--------------------+--------------------+------------------------------------+------------------------------------+------------------------------------+------------------------------------+
|   63  | 113.55461359024048 | 37.086284160614014 | 157.50494384765625 | [0.06533526 0.10801678 0.14263642] | [0.0540968  0.07012864 0.08221865] | [0.02998453 0.024955   0.02204697] | [0.40065681 0.54869269 0.63707844] |
+-------+--------------------+--------------------+--------------------+------------------------------------+------------------------------------+------------------------------------+------------------------------------+
epoch: 64 bpr_loss 0.26215121150016785
epoch: 64 bpr_loss 0.25906866788864136
epoch: 64 bpr_loss 0.25988468527793884
epoch: 64 bpr_loss 0.2608393728733063
epoch: 64 bpr_loss 0.2614019513130188
+-------+--------------------+-------------------+--------------------+------------------------------------+------------------------------------+------------------------------------+------------------------------------+
| Epoch |  training time(s)  |   tesing time(s)  |        Loss        |               recall               |                ndcg                |             precision              |             hit_ratio              |
+-------+--------------------+-------------------+--------------------+------------------------------------+------------------------------------+------------------------------------+------------------------------------+
|   64  | 113.93746328353882 | 37.76841402053833 | 157.18002319335938 | [0.0651327  0.1077911  0.14211579] | [0.05395292 0.06995438 0.08195877] | [0.02998453 0.02492027 0.02199749] | [0.39989895 0.54784009 0.63616269] |
+-------+--------------------+-------------------+--------------------+------------------------------------+------------------------------------+------------------------------------+------------------------------------+
epoch: 65 bpr_loss 0.258907675743103
epoch: 65 bpr_loss 0.25889989733695984
epoch: 65 bpr_loss 0.2612808048725128
epoch: 65 bpr_loss 0.2607966363430023
epoch: 65 bpr_loss 0.26177290081977844
+-------+-------------------+-------------------+--------------------+------------------------------------+------------------------------------+------------------------------------+------------------------------------+
| Epoch |  training time(s) |   tesing time(s)  |        Loss        |               recall               |                ndcg                |             precision              |             hit_ratio              |
+-------+-------------------+-------------------+--------------------+------------------------------------+------------------------------------+------------------------------------+------------------------------------+
|   65  | 113.9298632144928 | 35.44824576377869 | 156.86309814453125 | [0.06514102 0.10786362 0.14236618] | [0.05397973 0.07002829 0.08208167] | [0.02993874 0.02493527 0.02201381] | [0.39999368 0.54837691 0.63682582] |
+-------+-------------------+-------------------+--------------------+------------------------------------+------------------------------------+------------------------------------+------------------------------------+
epoch: 66 bpr_loss 0.26151731610298157
epoch: 66 bpr_loss 0.2568958103656769
epoch: 66 bpr_loss 0.2551056146621704
epoch: 66 bpr_loss 0.2583000659942627
epoch: 66 bpr_loss 0.257495641708374
+-------+--------------------+-------------------+----------------+------------------------------------+------------------------------------+------------------------------------+------------------------------------+
| Epoch |  training time(s)  |   tesing time(s)  |      Loss      |               recall               |                ndcg                |             precision              |             hit_ratio              |
+-------+--------------------+-------------------+----------------+------------------------------------+------------------------------------+------------------------------------+------------------------------------+
|   66  | 113.28830862045288 | 42.09653997421265 | 156.5126953125 | [0.06508005 0.10780807 0.14224974] | [0.05395494 0.06999343 0.08202323] | [0.02992295 0.02491711 0.02198855] | [0.40043577 0.54749274 0.6365732 ] |
+-------+--------------------+-------------------+----------------+------------------------------------+------------------------------------+------------------------------------+------------------------------------+
epoch: 67 bpr_loss 0.25883597135543823
epoch: 67 bpr_loss 0.25739049911499023
epoch: 67 bpr_loss 0.25595757365226746
epoch: 67 bpr_loss 0.2608188986778259
epoch: 67 bpr_loss 0.25802555680274963
+-------+--------------------+--------------------+-------------------+------------------------------------+------------------------------------+------------------------------------+------------------------------------+
| Epoch |  training time(s)  |   tesing time(s)   |        Loss       |               recall               |                ndcg                |             precision              |             hit_ratio              |
+-------+--------------------+--------------------+-------------------+------------------------------------+------------------------------------+------------------------------------+------------------------------------+
|   67  | 112.69681692123413 | 40.010231018066406 | 156.1967315673828 | [0.06513245 0.1079223  0.14216063] | [0.0539798  0.07002982 0.08201779] | [0.02992611 0.02491237 0.02199486] | [0.40040419 0.54755589 0.63594164] |
+-------+--------------------+--------------------+-------------------+------------------------------------+------------------------------------+------------------------------------+------------------------------------+
epoch: 68 bpr_loss 0.25969555974006653
epoch: 68 bpr_loss 0.25131478905677795
epoch: 68 bpr_loss 0.25881427526474
epoch: 68 bpr_loss 0.25602713227272034
epoch: 68 bpr_loss 0.2594067454338074
+-------+--------------------+-------------------+--------------------+------------------------------------+------------------------------------+------------------------------------+------------------------------------+
| Epoch |  training time(s)  |   tesing time(s)  |        Loss        |               recall               |                ndcg                |             precision              |             hit_ratio              |
+-------+--------------------+-------------------+--------------------+------------------------------------+------------------------------------+------------------------------------+------------------------------------+
|   68  | 113.14458537101746 | 38.77422571182251 | 155.87860107421875 | [0.0650708  0.10783203 0.14177237] | [0.05396319 0.07000445 0.08188823] | [0.02992137 0.02489737 0.02193802] | [0.39999368 0.54780851 0.63493116] |
+-------+--------------------+-------------------+--------------------+------------------------------------+------------------------------------+------------------------------------+------------------------------------+
epoch: 69 bpr_loss 0.25769418478012085
epoch: 69 bpr_loss 0.2573261260986328
epoch: 69 bpr_loss 0.25791293382644653
epoch: 69 bpr_loss 0.25631529092788696
epoch: 69 bpr_loss 0.2548447251319885
+-------+--------------------+------------------+-------------------+------------------------------------+------------------------------------+------------------------------------+------------------------------------+
| Epoch |  training time(s)  |  tesing time(s)  |        Loss       |               recall               |                ndcg                |             precision              |             hit_ratio              |
+-------+--------------------+------------------+-------------------+------------------------------------+------------------------------------+------------------------------------+------------------------------------+
|   69  | 114.70169448852539 | 38.7922625541687 | 155.5188446044922 | [0.06512479 0.10781136 0.14193475] | [0.05398536 0.06999908 0.08195588] | [0.029904   0.02489106 0.02197381] | [0.4005305  0.54799798 0.63606796] |
+-------+--------------------+------------------+-------------------+------------------------------------+------------------------------------+------------------------------------+------------------------------------+
epoch: 70 bpr_loss 0.2566450536251068
epoch: 70 bpr_loss 0.2524864077568054
epoch: 70 bpr_loss 0.26036158204078674
epoch: 70 bpr_loss 0.25312498211860657
epoch: 70 bpr_loss 0.25141841173171997
+-------+--------------------+-------------------+--------------------+------------------------------------+------------------------------------+------------------------------------+------------------------------------+
| Epoch |  training time(s)  |   tesing time(s)  |        Loss        |               recall               |                ndcg                |             precision              |             hit_ratio              |
+-------+--------------------+-------------------+--------------------+------------------------------------+------------------------------------+------------------------------------+------------------------------------+
|   70  | 113.59260964393616 | 40.56663131713867 | 155.25111389160156 | [0.06523395 0.10777387 0.14175907] | [0.05406506 0.06999216 0.08190766] | [0.02995295 0.02484448 0.02193697] | [0.40100417 0.5476822  0.63591007] |
+-------+--------------------+-------------------+--------------------+------------------------------------+------------------------------------+------------------------------------+------------------------------------+
epoch: 71 bpr_loss 0.25465449690818787
epoch: 71 bpr_loss 0.2591992914676666
epoch: 71 bpr_loss 0.2537412941455841
epoch: 71 bpr_loss 0.2562265396118164
epoch: 71 bpr_loss 0.2552390694618225
+-------+--------------------+-------------------+-------------------+------------------------------------+------------------------------------+------------------------------------+------------------------------------+
| Epoch |  training time(s)  |   tesing time(s)  |        Loss       |               recall               |                ndcg                |             precision              |             hit_ratio              |
+-------+--------------------+-------------------+-------------------+------------------------------------+------------------------------------+------------------------------------+------------------------------------+
|   71  | 114.03122591972351 | 39.68334889411926 | 154.9423370361328 | [0.06523718 0.10762852 0.14181911] | [0.05397091 0.06985032 0.08184028] | [0.02992611 0.02481764 0.02195118] | [0.40131994 0.54761905 0.63540483] |
+-------+--------------------+-------------------+-------------------+------------------------------------+------------------------------------+------------------------------------+------------------------------------+
epoch: 72 bpr_loss 0.25506964325904846
epoch: 72 bpr_loss 0.2556992173194885
epoch: 72 bpr_loss 0.25465086102485657
epoch: 72 bpr_loss 0.25492793321609497
epoch: 72 bpr_loss 0.2538387179374695
+-------+--------------------+-------------------+--------------------+------------------------------------+------------------------------------+------------------------------------+------------------------------------+
| Epoch |  training time(s)  |   tesing time(s)  |        Loss        |               recall               |                ndcg                |             precision              |             hit_ratio              |
+-------+--------------------+-------------------+--------------------+------------------------------------+------------------------------------+------------------------------------+------------------------------------+
|   72  | 113.20684099197388 | 38.30328702926636 | 154.71084594726562 | [0.06511653 0.1075456  0.14156208] | [0.05395389 0.06983425 0.08176012] | [0.0299119  0.02480185 0.0219075 ] | [0.40084628 0.54749274 0.63527851] |
+-------+--------------------+-------------------+--------------------+------------------------------------+------------------------------------+------------------------------------+------------------------------------+
Early stopping is trigger at step: 10 log:0.06511653008237331
early stopping at 72, recall@20:0.0654
