Namespace(K=1, Ks='[20, 40, 60]', batch_size=2048, batch_test_flag=True, context_hops=3, cuda=True, data_path='data/', dataset='gowalla', dim=64, edge_dropout=False, edge_dropout_rate=0.1, epoch=1000, eps=0.01, gnn='lightgcn', gpu_id=2, l2=0.001, lr=0.006, mess_dropout=False, mess_dropout_rate=0.1, n_negs=16, ns='mixgcf', out_dir='./weights/yelp2018/', pool='mean', save=False, test_batch_size=2048, test_flag='part')
reading train and test user-item set ...
building the adj mat ...
loading over ...
卷积器不需要第0层embedding
拿这个最难的neg_item去和pos_item在每一个维度上自适应权重......
start training ...
epoch: 0 s: 0 batch_loss 0.6931489706039429 BPR_loss 0.6931487321853638 reg_loss 2.4288399913530156e-07
epoch: 0 s: 256000 batch_loss 0.5944710969924927 BPR_loss 0.5849885940551758 reg_loss 0.009482487104833126
epoch: 0 s: 512000 batch_loss 0.5324681401252747 BPR_loss 0.5135957598686218 reg_loss 0.018872380256652832
epoch: 0 s: 768000 batch_loss 0.5005004405975342 BPR_loss 0.47699615359306335 reg_loss 0.02350429818034172
+-------+--------------------+-------------------+-------------------+------------------------------------+------------------------------------+------------------------------------+------------------------------------+
| Epoch |  training time(s)  |   tesing time(s)  |        Loss       |               recall               |                ndcg                |             precision              |             hit_ratio              |
+-------+--------------------+-------------------+-------------------+------------------------------------+------------------------------------+------------------------------------+------------------------------------+
|   0   | 61.324755907058716 | 115.6380889415741 | 225.7443389892578 | [0.12771307 0.184614   0.2245287 ] | [0.10658466 0.12439089 0.1362768 ] | [0.04089691 0.02962271 0.02414428] | [0.47340746 0.58051443 0.639929  ] |
+-------+--------------------+-------------------+-------------------+------------------------------------+------------------------------------+------------------------------------+------------------------------------+
epoch: 1 s: 0 batch_loss 0.515296220779419 BPR_loss 0.4909340739250183 reg_loss 0.024362139403820038
epoch: 1 s: 256000 batch_loss 0.47599586844444275 BPR_loss 0.4464210867881775 reg_loss 0.029574789106845856
epoch: 1 s: 512000 batch_loss 0.4622019827365875 BPR_loss 0.4299536347389221 reg_loss 0.032248351722955704
epoch: 1 s: 768000 batch_loss 0.443314790725708 BPR_loss 0.40683868527412415 reg_loss 0.03647609055042267
+-------+-------------------+-------------------+-------------------+------------------------------------+------------------------------------+------------------------------------+------------------------------------+
| Epoch |  training time(s) |   tesing time(s)  |        Loss       |               recall               |                ndcg                |             precision              |             hit_ratio              |
+-------+-------------------+-------------------+-------------------+------------------------------------+------------------------------------+------------------------------------+------------------------------------+
|   1   | 65.06902360916138 | 108.3125228881836 | 189.4731903076172 | [0.13533409 0.19426651 0.23597385] | [0.1133602  0.13179336 0.1442382 ] | [0.04319445 0.03109133 0.02536227] | [0.49169402 0.59819814 0.65644048] |
+-------+-------------------+-------------------+-------------------+------------------------------------+------------------------------------+------------------------------------+------------------------------------+
epoch: 2 s: 0 batch_loss 0.45968931913375854 BPR_loss 0.4233208894729614 reg_loss 0.03636842593550682
epoch: 2 s: 256000 batch_loss 0.46764427423477173 BPR_loss 0.42887070775032043 reg_loss 0.0387735553085804
epoch: 2 s: 512000 batch_loss 0.42907679080963135 BPR_loss 0.38642987608909607 reg_loss 0.04264692962169647
epoch: 2 s: 768000 batch_loss 0.42185312509536743 BPR_loss 0.37670257687568665 reg_loss 0.045150551944971085
+-------+-------------------+-----------------+--------------------+------------------------------------+------------------------------------+------------------------------------+------------------------------------+
| Epoch |  training time(s) |  tesing time(s) |        Loss        |               recall               |                ndcg                |             precision              |             hit_ratio              |
+-------+-------------------+-----------------+--------------------+------------------------------------+------------------------------------+------------------------------------+------------------------------------+
|   2   | 72.43154001235962 | 99.550057888031 | 174.80172729492188 | [0.14075655 0.20107192 0.24478637] | [0.11789433 0.13678741 0.14977195] | [0.04486067 0.0322175  0.0262498 ] | [0.50532521 0.61015473 0.67027262] |
+-------+-------------------+-----------------+--------------------+------------------------------------+------------------------------------+------------------------------------+------------------------------------+
epoch: 3 s: 0 batch_loss 0.4206794202327728 BPR_loss 0.37419646978378296 reg_loss 0.04648294672369957
epoch: 3 s: 256000 batch_loss 0.42495083808898926 BPR_loss 0.3772926330566406 reg_loss 0.04765819013118744
epoch: 3 s: 512000 batch_loss 0.40522247552871704 BPR_loss 0.3551616668701172 reg_loss 0.05006081983447075
epoch: 3 s: 768000 batch_loss 0.4069612920284271 BPR_loss 0.3551556169986725 reg_loss 0.05180567502975464
+-------+------------------+-------------------+-------------------+------------------------------------+------------------------------------+------------------------------------+------------------------------------+
| Epoch | training time(s) |   tesing time(s)  |        Loss       |               recall               |                ndcg                |             precision              |             hit_ratio              |
+-------+------------------+-------------------+-------------------+------------------------------------+------------------------------------+------------------------------------+------------------------------------+
|   3   | 73.2517158985138 | 76.03841543197632 | 164.2759552001953 | [0.14505503 0.20606451 0.25027286] | [0.12173681 0.14079392 0.15401379] | [0.04616518 0.0329786  0.02692132] | [0.51637752 0.61879563 0.67640163] |
+-------+------------------+-------------------+-------------------+------------------------------------+------------------------------------+------------------------------------+------------------------------------+
epoch: 4 s: 0 batch_loss 0.40128329396247864 BPR_loss 0.35058847069740295 reg_loss 0.050694819539785385
epoch: 4 s: 256000 batch_loss 0.3907981216907501 BPR_loss 0.33735448122024536 reg_loss 0.05344364792108536
epoch: 4 s: 512000 batch_loss 0.39196714758872986 BPR_loss 0.3370749056339264 reg_loss 0.05489225313067436
epoch: 4 s: 768000 batch_loss 0.39392247796058655 BPR_loss 0.3367222547531128 reg_loss 0.057200219482183456
+-------+------------------+-------------------+--------------------+------------------------------------+------------------------------------+------------------------------------+------------------------------------+
| Epoch | training time(s) |   tesing time(s)  |        Loss        |               recall               |                ndcg                |             precision              |             hit_ratio              |
+-------+------------------+-------------------+--------------------+------------------------------------+------------------------------------+------------------------------------+------------------------------------+
|   4   | 70.8059332370758 | 85.82185006141663 | 156.03553771972656 | [0.14855274 0.21072332 0.25560831] | [0.12490201 0.14426888 0.15766803] | [0.04720343 0.03368946 0.02744826] | [0.52421462 0.62525956 0.68500904] |
+-------+------------------+-------------------+--------------------+------------------------------------+------------------------------------+------------------------------------+------------------------------------+
epoch: 5 s: 0 batch_loss 0.38153108954429626 BPR_loss 0.32475408911705017 reg_loss 0.0567769929766655
epoch: 5 s: 256000 batch_loss 0.3921230137348175 BPR_loss 0.33250313997268677 reg_loss 0.05961987376213074
epoch: 5 s: 512000 batch_loss 0.38177505135536194 BPR_loss 0.3204551935195923 reg_loss 0.06131986528635025
epoch: 5 s: 768000 batch_loss 0.3726693391799927 BPR_loss 0.3085463047027588 reg_loss 0.06412301957607269
+-------+-------------------+--------------------+-------------------+------------------------------------+------------------------------------+------------------------------------+------------------------------------+
| Epoch |  training time(s) |   tesing time(s)   |        Loss       |               recall               |                ndcg                |             precision              |             hit_ratio              |
+-------+-------------------+--------------------+-------------------+------------------------------------+------------------------------------+------------------------------------+------------------------------------+
|   5   | 65.80589890480042 | 107.45518445968628 | 149.8111114501953 | [0.14975378 0.21335121 0.25893932] | [0.12634475 0.14621909 0.15979428] | [0.0476539  0.03415667 0.02779601] | [0.52568826 0.62793891 0.68869315] |
+-------+-------------------+--------------------+-------------------+------------------------------------+------------------------------------+------------------------------------+------------------------------------+
epoch: 6 s: 0 batch_loss 0.3635329306125641 BPR_loss 0.2995153069496155 reg_loss 0.06401762366294861
epoch: 6 s: 256000 batch_loss 0.3475531041622162 BPR_loss 0.2836567461490631 reg_loss 0.06389635801315308
epoch: 6 s: 512000 batch_loss 0.36951982975006104 BPR_loss 0.303924024105072 reg_loss 0.06559582054615021
epoch: 6 s: 768000 batch_loss 0.37106508016586304 BPR_loss 0.3031260073184967 reg_loss 0.06793908774852753
+-------+-------------------+-------------------+-------------------+------------------------------------+------------------------------------+------------------------------------+------------------------------------+
| Epoch |  training time(s) |   tesing time(s)  |        Loss       |               recall               |                ndcg                |             precision              |             hit_ratio              |
+-------+-------------------+-------------------+-------------------+------------------------------------+------------------------------------+------------------------------------+------------------------------------+
|   6   | 59.31975197792053 | 99.06397438049316 | 144.3478546142578 | [0.15258904 0.21651422 0.26337391] | [0.12860023 0.1485853  0.16255905] | [0.04837062 0.03461719 0.02826267] | [0.53221917 0.63467078 0.69462121] |
+-------+-------------------+-------------------+-------------------+------------------------------------+------------------------------------+------------------------------------+------------------------------------+
epoch: 7 s: 0 batch_loss 0.3735809922218323 BPR_loss 0.30684754252433777 reg_loss 0.0667334496974945
epoch: 7 s: 256000 batch_loss 0.36268433928489685 BPR_loss 0.29384273290634155 reg_loss 0.0688416063785553
epoch: 7 s: 512000 batch_loss 0.3581375479698181 BPR_loss 0.2874312996864319 reg_loss 0.07070626318454742
epoch: 7 s: 768000 batch_loss 0.3529963791370392 BPR_loss 0.283200740814209 reg_loss 0.0697956457734108
+-------+-------------------+-------------------+-------------------+------------------------------------+------------------------------------+------------------------------------+------------------------------------+
| Epoch |  training time(s) |   tesing time(s)  |        Loss       |               recall               |                ndcg                |             precision              |             hit_ratio              |
+-------+-------------------+-------------------+-------------------+------------------------------------+------------------------------------+------------------------------------+------------------------------------+
|   7   | 58.05305242538452 | 98.26347231864929 | 140.2461395263672 | [0.15460935 0.21903379 0.26564214] | [0.13053534 0.15067299 0.16457936] | [0.04897347 0.03495462 0.02845078] | [0.53519995 0.63805345 0.69766897] |
+-------+-------------------+-------------------+-------------------+------------------------------------+------------------------------------+------------------------------------+------------------------------------+
epoch: 8 s: 0 batch_loss 0.3543625473976135 BPR_loss 0.2843579053878784 reg_loss 0.0700046569108963
epoch: 8 s: 256000 batch_loss 0.34764182567596436 BPR_loss 0.2753099799156189 reg_loss 0.07233183085918427
epoch: 8 s: 512000 batch_loss 0.32768940925598145 BPR_loss 0.2541867196559906 reg_loss 0.07350270450115204
epoch: 8 s: 768000 batch_loss 0.33126524090766907 BPR_loss 0.25816696882247925 reg_loss 0.07309827208518982
+-------+------------------+-----------------+--------------------+------------------------------------+------------------------------------+------------------------------------+------------------------------------+
| Epoch | training time(s) |  tesing time(s) |        Loss        |               recall               |                ndcg                |             precision              |             hit_ratio              |
+-------+------------------+-----------------+--------------------+------------------------------------+------------------------------------+------------------------------------+------------------------------------+
|   8   | 57.7292640209198 | 92.509192943573 | 136.42018127441406 | [0.15660763 0.22174024 0.26847081] | [0.13225012 0.15263333 0.16654822] | [0.04951604 0.0353741  0.02874774] | [0.53931945 0.64106772 0.7008172 ] |
+-------+------------------+-----------------+--------------------+------------------------------------+------------------------------------+------------------------------------+------------------------------------+
epoch: 9 s: 0 batch_loss 0.3448463976383209 BPR_loss 0.2721710205078125 reg_loss 0.07267538458108902
epoch: 9 s: 256000 batch_loss 0.34389278292655945 BPR_loss 0.26981320977211 reg_loss 0.07407957315444946
epoch: 9 s: 512000 batch_loss 0.3372153639793396 BPR_loss 0.2633805274963379 reg_loss 0.0738348439335823
epoch: 9 s: 768000 batch_loss 0.3252977132797241 BPR_loss 0.2471424639225006 reg_loss 0.07815524935722351
+-------+-------------------+------------------+--------------------+------------------------------------+------------------------------------+------------------------------------+------------------------------------+
| Epoch |  training time(s) |  tesing time(s)  |        Loss        |               recall               |                ndcg                |             precision              |             hit_ratio              |
+-------+-------------------+------------------+--------------------+------------------------------------+------------------------------------+------------------------------------+------------------------------------+
|   9   | 59.94955825805664 | 87.8775851726532 | 133.31753540039062 | [0.15787215 0.22343759 0.27026355] | [0.13332248 0.15377983 0.16777701] | [0.04998325 0.03558343 0.02893808] | [0.54219975 0.64458437 0.70255878] |
+-------+-------------------+------------------+--------------------+------------------------------------+------------------------------------+------------------------------------+------------------------------------+
epoch: 10 s: 0 batch_loss 0.34179073572158813 BPR_loss 0.2654572129249573 reg_loss 0.07633353024721146
epoch: 10 s: 256000 batch_loss 0.3114282488822937 BPR_loss 0.2346101999282837 reg_loss 0.07681804150342941
epoch: 10 s: 512000 batch_loss 0.3245965838432312 BPR_loss 0.24420377612113953 reg_loss 0.08039280772209167
epoch: 10 s: 768000 batch_loss 0.3220806121826172 BPR_loss 0.24336756765842438 reg_loss 0.07871303707361221
+-------+-------------------+-------------------+--------------------+------------------------------------+------------------------------------+------------------------------------+------------------------------------+
| Epoch |  training time(s) |   tesing time(s)  |        Loss        |               recall               |                ndcg                |             precision              |             hit_ratio              |
+-------+-------------------+-------------------+--------------------+------------------------------------+------------------------------------+------------------------------------+------------------------------------+
|   10  | 60.46370458602905 | 78.93081998825073 | 129.62335205078125 | [0.15854744 0.22477852 0.27247957] | [0.13396109 0.15467382 0.16887625] | [0.05009378 0.03577517 0.02910443] | [0.54330498 0.64662737 0.70644383] |
+-------+-------------------+-------------------+--------------------+------------------------------------+------------------------------------+------------------------------------+------------------------------------+
epoch: 11 s: 0 batch_loss 0.3145146071910858 BPR_loss 0.23481398820877075 reg_loss 0.07970062643289566
epoch: 11 s: 256000 batch_loss 0.3288954198360443 BPR_loss 0.2481875717639923 reg_loss 0.0807078406214714
epoch: 11 s: 512000 batch_loss 0.32057446241378784 BPR_loss 0.24092213809490204 reg_loss 0.0796523168683052
epoch: 11 s: 768000 batch_loss 0.3085269331932068 BPR_loss 0.22761458158493042 reg_loss 0.08091236650943756
+-------+-------------------+-------------------+-------------------+------------------------------------+------------------------------------+------------------------------------+------------------------------------+
| Epoch |  training time(s) |   tesing time(s)  |        Loss       |               recall               |                ndcg                |             precision              |             hit_ratio              |
+-------+-------------------+-------------------+-------------------+------------------------------------+------------------------------------+------------------------------------+------------------------------------+
|   11  | 62.92908763885498 | 70.59794998168945 | 127.4034194946289 | [0.16096747 0.22636454 0.27453645] | [0.1360023  0.15646137 0.17079621] | [0.05079041 0.03604645 0.02932436] | [0.549367   0.64970862 0.70882176] |
+-------+-------------------+-------------------+-------------------+------------------------------------+------------------------------------+------------------------------------+------------------------------------+
epoch: 12 s: 0 batch_loss 0.3262118697166443 BPR_loss 0.24547262489795685 reg_loss 0.08073925226926804
epoch: 12 s: 256000 batch_loss 0.3166806995868683 BPR_loss 0.23333247005939484 reg_loss 0.08334823697805405
epoch: 12 s: 512000 batch_loss 0.30858102440834045 BPR_loss 0.2259751409292221 reg_loss 0.08260589092969894
epoch: 12 s: 768000 batch_loss 0.3247731328010559 BPR_loss 0.23961597681045532 reg_loss 0.08515714854001999
+-------+-------------------+-------------------+--------------------+------------------------------------+------------------------------------+------------------------------------+------------------------------------+
| Epoch |  training time(s) |   tesing time(s)  |        Loss        |               recall               |                ndcg                |             precision              |             hit_ratio              |
+-------+-------------------+-------------------+--------------------+------------------------------------+------------------------------------+------------------------------------+------------------------------------+
|   12  | 57.93742227554321 | 73.45758318901062 | 124.97789764404297 | [0.16220068 0.22821642 0.27595514] | [0.13686779 0.15751115 0.17176967] | [0.05105332 0.03628341 0.02948512] | [0.55067319 0.65235448 0.71019492] |
+-------+-------------------+-------------------+--------------------+------------------------------------+------------------------------------+------------------------------------+------------------------------------+
epoch: 13 s: 0 batch_loss 0.29706358909606934 BPR_loss 0.21368834376335144 reg_loss 0.0833752453327179
epoch: 13 s: 256000 batch_loss 0.3041856586933136 BPR_loss 0.21959516406059265 reg_loss 0.08459049463272095
epoch: 13 s: 512000 batch_loss 0.3140079975128174 BPR_loss 0.2312285304069519 reg_loss 0.08277946710586548
epoch: 13 s: 768000 batch_loss 0.336031436920166 BPR_loss 0.25143128633499146 reg_loss 0.08460015058517456
+-------+-------------------+------------------+--------------------+------------------------------------+------------------------------------+------------------------------------+------------------------------------+
| Epoch |  training time(s) |  tesing time(s)  |        Loss        |               recall               |                ndcg                |             precision              |             hit_ratio              |
+-------+-------------------+------------------+--------------------+------------------------------------+------------------------------------+------------------------------------+------------------------------------+
|   13  | 54.85570216178894 | 71.5990309715271 | 122.88408660888672 | [0.16307812 0.22954113 0.27753885] | [0.13769603 0.15853861 0.17283274] | [0.05124422 0.03646761 0.02960401] | [0.55254873 0.65536875 0.71180253] |
+-------+-------------------+------------------+--------------------+------------------------------------+------------------------------------+------------------------------------+------------------------------------+
epoch: 14 s: 0 batch_loss 0.29066163301467896 BPR_loss 0.20693673193454742 reg_loss 0.08372490853071213
epoch: 14 s: 256000 batch_loss 0.3044777810573578 BPR_loss 0.21945974230766296 reg_loss 0.08501804620027542
epoch: 14 s: 512000 batch_loss 0.3080250322818756 BPR_loss 0.22246873378753662 reg_loss 0.08555629849433899
epoch: 14 s: 768000 batch_loss 0.3035547733306885 BPR_loss 0.2164217084646225 reg_loss 0.08713305741548538
+-------+-------------------+-------------------+--------------------+------------------------------------+------------------------------------+------------------------------------+------------------------------------+
| Epoch |  training time(s) |   tesing time(s)  |        Loss        |               recall               |                ndcg                |             precision              |             hit_ratio              |
+-------+-------------------+-------------------+--------------------+------------------------------------+------------------------------------+------------------------------------+------------------------------------+
|   14  | 54.93830752372742 | 75.74250984191895 | 121.07914733886719 | [0.16381656 0.23056773 0.27903711] | [0.13837822 0.15928164 0.17374976] | [0.05148201 0.03661498 0.02976812] | [0.55405586 0.6567754  0.71364458] |
+-------+-------------------+-------------------+--------------------+------------------------------------+------------------------------------+------------------------------------+------------------------------------+
epoch: 15 s: 0 batch_loss 0.29424527287483215 BPR_loss 0.2071937918663025 reg_loss 0.08705148100852966
epoch: 15 s: 256000 batch_loss 0.3072655498981476 BPR_loss 0.22153295576572418 reg_loss 0.085732601583004
epoch: 15 s: 512000 batch_loss 0.30892878770828247 BPR_loss 0.21960601210594177 reg_loss 0.0893227756023407
epoch: 15 s: 768000 batch_loss 0.295396625995636 BPR_loss 0.2080911099910736 reg_loss 0.08730551600456238
+-------+--------------------+-------------------+--------------------+------------------------------------+------------------------------------+------------------------------------+------------------------------------+
| Epoch |  training time(s)  |   tesing time(s)  |        Loss        |               recall               |                ndcg                |             precision              |             hit_ratio              |
+-------+--------------------+-------------------+--------------------+------------------------------------+------------------------------------+------------------------------------+------------------------------------+
|   15  | 54.602461099624634 | 74.51499438285828 | 119.23270416259766 | [0.16420342 0.23199108 0.27961481] | [0.13848669 0.15970126 0.17396728] | [0.05162938 0.03674811 0.0298245 ] | [0.55562998 0.65845    0.7156206 ] |
+-------+--------------------+-------------------+--------------------+------------------------------------+------------------------------------+------------------------------------+------------------------------------+
epoch: 16 s: 0 batch_loss 0.2913995087146759 BPR_loss 0.2023630440235138 reg_loss 0.08903645724058151
epoch: 16 s: 256000 batch_loss 0.3089299201965332 BPR_loss 0.22052001953125 reg_loss 0.0884099006652832
epoch: 16 s: 512000 batch_loss 0.3068298399448395 BPR_loss 0.21951305866241455 reg_loss 0.08731677383184433
epoch: 16 s: 768000 batch_loss 0.2769715189933777 BPR_loss 0.18507623672485352 reg_loss 0.09189528226852417
+-------+------------------+-------------------+--------------------+------------------------------------+------------------------------------+------------------------------------+------------------------------------+
| Epoch | training time(s) |   tesing time(s)  |        Loss        |               recall               |                ndcg                |             precision              |             hit_ratio              |
+-------+------------------+-------------------+--------------------+------------------------------------+------------------------------------+------------------------------------+------------------------------------+
|   16  | 55.9206976890564 | 69.68160676956177 | 117.61883544921875 | [0.1656674  0.23222774 0.28089667] | [0.13965613 0.16048402 0.1750129 ] | [0.05208654 0.03688877 0.02996908] | [0.55814187 0.65791413 0.71746266] |
+-------+------------------+-------------------+--------------------+------------------------------------+------------------------------------+------------------------------------+------------------------------------+
epoch: 17 s: 0 batch_loss 0.2974289357662201 BPR_loss 0.20707374811172485 reg_loss 0.09035519510507584
epoch: 17 s: 256000 batch_loss 0.3058031499385834 BPR_loss 0.216067373752594 reg_loss 0.08973577618598938
epoch: 17 s: 512000 batch_loss 0.30739569664001465 BPR_loss 0.2170318216085434 reg_loss 0.09036388248205185
epoch: 17 s: 768000 batch_loss 0.3071717321872711 BPR_loss 0.21730685234069824 reg_loss 0.08986487984657288
+-------+-------------------+-------------------+--------------------+------------------------------------+------------------------------------+------------------------------------+------------------------------------+
| Epoch |  training time(s) |   tesing time(s)  |        Loss        |               recall               |                ndcg                |             precision              |             hit_ratio              |
+-------+-------------------+-------------------+--------------------+------------------------------------+------------------------------------+------------------------------------+------------------------------------+
|   17  | 57.39274835586548 | 66.35586786270142 | 116.49932098388672 | [0.16618423 0.23300632 0.2824869 ] | [0.14011693 0.16106761 0.17585526] | [0.05215688 0.03694236 0.03010528] | [0.55928059 0.65915333 0.71843392] |
+-------+-------------------+-------------------+--------------------+------------------------------------+------------------------------------+------------------------------------+------------------------------------+
epoch: 18 s: 0 batch_loss 0.28722041845321655 BPR_loss 0.19657525420188904 reg_loss 0.09064514935016632
epoch: 18 s: 256000 batch_loss 0.2873624563217163 BPR_loss 0.1960703730583191 reg_loss 0.09129209816455841
epoch: 18 s: 512000 batch_loss 0.28257477283477783 BPR_loss 0.1899845451116562 reg_loss 0.09259024262428284
epoch: 18 s: 768000 batch_loss 0.29085302352905273 BPR_loss 0.19736072421073914 reg_loss 0.0934922844171524
+-------+-------------------+-------------------+--------------------+------------------------------------+------------------------------------+------------------------------------+------------------------------------+
| Epoch |  training time(s) |   tesing time(s)  |        Loss        |               recall               |                ndcg                |             precision              |             hit_ratio              |
+-------+-------------------+-------------------+--------------------+------------------------------------+------------------------------------+------------------------------------+------------------------------------+
|   18  | 56.72114658355713 | 66.59489488601685 | 114.90878295898438 | [0.16623903 0.23403514 0.283044  ] | [0.14034271 0.16162203 0.17624996] | [0.05210161 0.03706712 0.03013988] | [0.55958202 0.66149776 0.71876884] |
+-------+-------------------+-------------------+--------------------+------------------------------------+------------------------------------+------------------------------------+------------------------------------+
epoch: 19 s: 0 batch_loss 0.2936028242111206 BPR_loss 0.20088227093219757 reg_loss 0.09272053837776184
epoch: 19 s: 256000 batch_loss 0.28251925110816956 BPR_loss 0.18967127799987793 reg_loss 0.09284796565771103
epoch: 19 s: 512000 batch_loss 0.275641530752182 BPR_loss 0.18478752672672272 reg_loss 0.09085399657487869
epoch: 19 s: 768000 batch_loss 0.27851301431655884 BPR_loss 0.18609972298145294 reg_loss 0.0924132764339447
+-------+-------------------+-------------------+--------------------+------------------------------------+------------------------------------+------------------------------------+------------------------------------+
| Epoch |  training time(s) |   tesing time(s)  |        Loss        |               recall               |                ndcg                |             precision              |             hit_ratio              |
+-------+-------------------+-------------------+--------------------+------------------------------------+------------------------------------+------------------------------------+------------------------------------+
|   19  | 57.09843587875366 | 70.11051535606384 | 113.60065460205078 | [0.16696086 0.23502071 0.28416428] | [0.14100524 0.1623716  0.17704029] | [0.05237625 0.03724462 0.03026269] | [0.56112265 0.66357425 0.72024248] |
+-------+-------------------+-------------------+--------------------+------------------------------------+------------------------------------+------------------------------------+------------------------------------+
epoch: 20 s: 0 batch_loss 0.2939249277114868 BPR_loss 0.2010371834039688 reg_loss 0.092887744307518
epoch: 20 s: 256000 batch_loss 0.2849647104740143 BPR_loss 0.19248700141906738 reg_loss 0.0924777016043663
epoch: 20 s: 512000 batch_loss 0.28785303235054016 BPR_loss 0.1937473714351654 reg_loss 0.09410566836595535
epoch: 20 s: 768000 batch_loss 0.2771208584308624 BPR_loss 0.18267256021499634 reg_loss 0.09444830566644669
+-------+-------------------+-------------------+--------------------+------------------------------------+------------------------------------+------------------------------------+------------------------------------+
| Epoch |  training time(s) |   tesing time(s)  |        Loss        |               recall               |                ndcg                |             precision              |             hit_ratio              |
+-------+-------------------+-------------------+--------------------+------------------------------------+------------------------------------+------------------------------------+------------------------------------+
|   20  | 55.06249952316284 | 72.69541454315186 | 112.47945404052734 | [0.16790608 0.2361377  0.28471566] | [0.14184773 0.16325707 0.17780633] | [0.05253198 0.03734594 0.03032074] | [0.56249581 0.66561726 0.72215152] |
+-------+-------------------+-------------------+--------------------+------------------------------------+------------------------------------+------------------------------------+------------------------------------+
epoch: 21 s: 0 batch_loss 0.2743104100227356 BPR_loss 0.18137268722057343 reg_loss 0.09293772280216217
epoch: 21 s: 256000 batch_loss 0.28929582238197327 BPR_loss 0.19567957520484924 reg_loss 0.09361623972654343
epoch: 21 s: 512000 batch_loss 0.27721747756004333 BPR_loss 0.18284177780151367 reg_loss 0.09437569230794907
epoch: 21 s: 768000 batch_loss 0.2799466550350189 BPR_loss 0.1846609115600586 reg_loss 0.09528574347496033
+-------+-------------------+-------------------+--------------------+------------------------------------+------------------------------------+------------------------------------+------------------------------------+
| Epoch |  training time(s) |   tesing time(s)  |        Loss        |               recall               |                ndcg                |             precision              |             hit_ratio              |
+-------+-------------------+-------------------+--------------------+------------------------------------+------------------------------------+------------------------------------+------------------------------------+
|   21  | 55.39296889305115 | 73.07382655143738 | 111.19137573242188 | [0.16787951 0.23610377 0.28487155] | [0.14174037 0.16315552 0.17774775] | [0.0525638  0.03734175 0.03030065] | [0.5625628  0.66484694 0.72195057] |
+-------+-------------------+-------------------+--------------------+------------------------------------+------------------------------------+------------------------------------+------------------------------------+
epoch: 22 s: 0 batch_loss 0.26338881254196167 BPR_loss 0.16770124435424805 reg_loss 0.09568756073713303
epoch: 22 s: 256000 batch_loss 0.27377641201019287 BPR_loss 0.1785949468612671 reg_loss 0.09518148005008698
epoch: 22 s: 512000 batch_loss 0.2713956832885742 BPR_loss 0.17599201202392578 reg_loss 0.09540368616580963
epoch: 22 s: 768000 batch_loss 0.28098756074905396 BPR_loss 0.1864214688539505 reg_loss 0.09456607699394226
+-------+--------------------+-------------------+--------------------+------------------------------------+------------------------------------+------------------------------------+------------------------------------+
| Epoch |  training time(s)  |   tesing time(s)  |        Loss        |               recall               |                ndcg                |             precision              |             hit_ratio              |
+-------+--------------------+-------------------+--------------------+------------------------------------+------------------------------------+------------------------------------+------------------------------------+
|   22  | 56.507416009902954 | 67.20896792411804 | 110.15138244628906 | [0.16811722 0.23677923 0.28547643] | [0.14194949 0.16356465 0.1781421 ] | [0.05249682 0.03740706 0.03035032] | [0.56329962 0.66729185 0.72241945] |
+-------+--------------------+-------------------+--------------------+------------------------------------+------------------------------------+------------------------------------+------------------------------------+
epoch: 23 s: 0 batch_loss 0.2821274995803833 BPR_loss 0.1883266568183899 reg_loss 0.0938008576631546
epoch: 23 s: 256000 batch_loss 0.2736000418663025 BPR_loss 0.1773846596479416 reg_loss 0.0962153822183609
epoch: 23 s: 512000 batch_loss 0.2791300415992737 BPR_loss 0.18150125443935394 reg_loss 0.09762880206108093
epoch: 23 s: 768000 batch_loss 0.27577531337738037 BPR_loss 0.17841839790344238 reg_loss 0.09735691547393799
+-------+-------------------+------------------+--------------------+------------------------------------+------------------------------------+------------------------------------+------------------------------------+
| Epoch |  training time(s) |  tesing time(s)  |        Loss        |               recall               |                ndcg                |             precision              |             hit_ratio              |
+-------+-------------------+------------------+--------------------+------------------------------------+------------------------------------+------------------------------------+------------------------------------+
|   23  | 57.08697152137756 | 71.2090117931366 | 109.21887969970703 | [0.16929726 0.23769018 0.28630532] | [0.14283096 0.16433908 0.17887589] | [0.05280494 0.03751088 0.03040056] | [0.56530913 0.66752629 0.72483087] |
+-------+-------------------+------------------+--------------------+------------------------------------+------------------------------------+------------------------------------+------------------------------------+
epoch: 24 s: 0 batch_loss 0.27536076307296753 BPR_loss 0.17850176990032196 reg_loss 0.09685898572206497
epoch: 24 s: 256000 batch_loss 0.26466917991638184 BPR_loss 0.16795501112937927 reg_loss 0.09671415388584137
epoch: 24 s: 512000 batch_loss 0.28648871183395386 BPR_loss 0.1897723376750946 reg_loss 0.09671635925769806
epoch: 24 s: 768000 batch_loss 0.2778052091598511 BPR_loss 0.17984645068645477 reg_loss 0.0979587659239769
+-------+-------------------+-------------------+--------------------+------------------------------------+------------------------------------+------------------------------------+------------------------------------+
| Epoch |  training time(s) |   tesing time(s)  |        Loss        |               recall               |                ndcg                |             precision              |             hit_ratio              |
+-------+-------------------+-------------------+--------------------+------------------------------------+------------------------------------+------------------------------------+------------------------------------+
|   24  | 57.69081258773804 | 69.34515118598938 | 108.29166412353516 | [0.16928066 0.2375901  0.28683591] | [0.14297522 0.1644452  0.17916258] | [0.05289537 0.03755191 0.03048485] | [0.56557706 0.6678947  0.72473039] |
+-------+-------------------+-------------------+--------------------+------------------------------------+------------------------------------+------------------------------------+------------------------------------+
epoch: 25 s: 0 batch_loss 0.27418261766433716 BPR_loss 0.178107351064682 reg_loss 0.09607525914907455
epoch: 25 s: 256000 batch_loss 0.27781447768211365 BPR_loss 0.1793750822544098 reg_loss 0.09843939542770386
epoch: 25 s: 512000 batch_loss 0.27320295572280884 BPR_loss 0.17743363976478577 reg_loss 0.09576931595802307
epoch: 25 s: 768000 batch_loss 0.28400278091430664 BPR_loss 0.1854916214942932 reg_loss 0.09851117432117462
+-------+-------------------+-------------------+--------------------+------------------------------------+------------------------------------+------------------------------------+------------------------------------+
| Epoch |  training time(s) |   tesing time(s)  |        Loss        |               recall               |                ndcg                |             precision              |             hit_ratio              |
+-------+-------------------+-------------------+--------------------+------------------------------------+------------------------------------+------------------------------------+------------------------------------+
|   25  | 57.93107628822327 | 68.50900101661682 | 107.52578735351562 | [0.16914847 0.23801789 0.2868413 ] | [0.14302154 0.16464946 0.17929717] | [0.05282839 0.03755359 0.03049546] | [0.56574452 0.66792819 0.7250988 ] |
+-------+-------------------+-------------------+--------------------+------------------------------------+------------------------------------+------------------------------------+------------------------------------+
epoch: 26 s: 0 batch_loss 0.261587917804718 BPR_loss 0.16379231214523315 reg_loss 0.09779559820890427
epoch: 26 s: 256000 batch_loss 0.2742551267147064 BPR_loss 0.17556610703468323 reg_loss 0.0986890122294426
epoch: 26 s: 512000 batch_loss 0.2672584652900696 BPR_loss 0.1703689992427826 reg_loss 0.09688945859670639
epoch: 26 s: 768000 batch_loss 0.26826900243759155 BPR_loss 0.16961334645748138 reg_loss 0.09865564852952957
+-------+--------------------+-------------------+--------------------+------------------------------------+------------------------------------+------------------------------------+------------------------------------+
| Epoch |  training time(s)  |   tesing time(s)  |        Loss        |               recall               |                ndcg                |             precision              |             hit_ratio              |
+-------+--------------------+-------------------+--------------------+------------------------------------+------------------------------------+------------------------------------+------------------------------------+
|   26  | 57.229533672332764 | 67.43472599983215 | 106.69083404541016 | [0.16942695 0.23847025 0.28782429] | [0.14330873 0.16505578 0.17983821] | [0.05285853 0.0376415  0.03056914] | [0.56517516 0.66940184 0.72607006] |
+-------+--------------------+-------------------+--------------------+------------------------------------+------------------------------------+------------------------------------+------------------------------------+
epoch: 27 s: 0 batch_loss 0.2702898681163788 BPR_loss 0.17175844311714172 reg_loss 0.09853142499923706
epoch: 27 s: 256000 batch_loss 0.2577476501464844 BPR_loss 0.16105593740940094 reg_loss 0.09669172018766403
epoch: 27 s: 512000 batch_loss 0.26737552881240845 BPR_loss 0.16983285546302795 reg_loss 0.09754268079996109
epoch: 27 s: 768000 batch_loss 0.2766963839530945 BPR_loss 0.1781705617904663 reg_loss 0.09852582216262817
+-------+--------------------+-------------------+-------------------+------------------------------------+------------------------------------+------------------------------------+------------------------------------+
| Epoch |  training time(s)  |   tesing time(s)  |        Loss       |               recall               |                ndcg                |             precision              |             hit_ratio              |
+-------+--------------------+-------------------+-------------------+------------------------------------+------------------------------------+------------------------------------+------------------------------------+
|   27  | 57.204400062561035 | 69.75267791748047 | 105.8118667602539 | [0.17031712 0.23905508 0.28772706] | [0.1438713  0.1654958  0.18004274] | [0.05313651 0.0378165  0.03059649] | [0.56661531 0.66943533 0.72630451] |
+-------+--------------------+-------------------+-------------------+------------------------------------+------------------------------------+------------------------------------+------------------------------------+
epoch: 28 s: 0 batch_loss 0.27354466915130615 BPR_loss 0.17491236329078674 reg_loss 0.0986323133111
epoch: 28 s: 256000 batch_loss 0.26418644189834595 BPR_loss 0.16511988639831543 reg_loss 0.09906655550003052
epoch: 28 s: 512000 batch_loss 0.250725120306015 BPR_loss 0.15001189708709717 reg_loss 0.10071321576833725
epoch: 28 s: 768000 batch_loss 0.25447505712509155 BPR_loss 0.15408378839492798 reg_loss 0.10039128363132477
+-------+-------------------+-------------------+-------------------+------------------------------------+------------------------------------+------------------------------------+------------------------------------+
| Epoch |  training time(s) |   tesing time(s)  |        Loss       |               recall               |                ndcg                |             precision              |             hit_ratio              |
+-------+-------------------+-------------------+-------------------+------------------------------------+------------------------------------+------------------------------------+------------------------------------+
|   28  | 57.12480115890503 | 70.78857398033142 | 105.0737533569336 | [0.1704059  0.23925504 0.28853928] | [0.14410483 0.16572292 0.18044188] | [0.05321689 0.03781231 0.03066012] | [0.56651484 0.67033961 0.72707482] |
+-------+-------------------+-------------------+-------------------+------------------------------------+------------------------------------+------------------------------------+------------------------------------+
epoch: 29 s: 0 batch_loss 0.2659664750099182 BPR_loss 0.16663701832294464 reg_loss 0.09932946413755417
epoch: 29 s: 256000 batch_loss 0.25848376750946045 BPR_loss 0.15884250402450562 reg_loss 0.09964124858379364
epoch: 29 s: 512000 batch_loss 0.2656320333480835 BPR_loss 0.16580477356910706 reg_loss 0.09982726722955704
epoch: 29 s: 768000 batch_loss 0.25806117057800293 BPR_loss 0.15805241465568542 reg_loss 0.1000087708234787
+-------+-------------------+-------------------+-----------------+------------------------------------+------------------------------------+------------------------------------+------------------------------------+
| Epoch |  training time(s) |   tesing time(s)  |       Loss      |               recall               |                ndcg                |             precision              |             hit_ratio              |
+-------+-------------------+-------------------+-----------------+------------------------------------+------------------------------------+------------------------------------+------------------------------------+
|   29  | 58.07648324966431 | 73.65513849258423 | 104.54052734375 | [0.1703995  0.23938002 0.28906685] | [0.14400105 0.16565927 0.18051943] | [0.05318173 0.0377604  0.03066961] | [0.56705071 0.67080849 0.72807958] |
+-------+-------------------+-------------------+-----------------+------------------------------------+------------------------------------+------------------------------------+------------------------------------+
epoch: 30 s: 0 batch_loss 0.26066476106643677 BPR_loss 0.1598116159439087 reg_loss 0.10085315257310867
epoch: 30 s: 256000 batch_loss 0.2622923254966736 BPR_loss 0.16132724285125732 reg_loss 0.10096509754657745
epoch: 30 s: 512000 batch_loss 0.2688482701778412 BPR_loss 0.16561359167099 reg_loss 0.1032346859574318
epoch: 30 s: 768000 batch_loss 0.2705639600753784 BPR_loss 0.1684950441122055 reg_loss 0.10206891596317291
+-------+-------------------+-------------------+--------------------+------------------------------------+------------------------------------+------------------------------------+------------------------------------+
| Epoch |  training time(s) |   tesing time(s)  |        Loss        |               recall               |                ndcg                |             precision              |             hit_ratio              |
+-------+-------------------+-------------------+--------------------+------------------------------------+------------------------------------+------------------------------------+------------------------------------+
|   30  | 56.32375192642212 | 69.49342226982117 | 103.77722930908203 | [0.17041362 0.24005838 0.28911352] | [0.14424538 0.16615891 0.18083173] | [0.05312647 0.03783073 0.03065789] | [0.56731864 0.67248309 0.72751022] |
+-------+-------------------+-------------------+--------------------+------------------------------------+------------------------------------+------------------------------------+------------------------------------+
epoch: 31 s: 0 batch_loss 0.25659212470054626 BPR_loss 0.1580500304698944 reg_loss 0.09854210168123245
epoch: 31 s: 256000 batch_loss 0.25568050146102905 BPR_loss 0.15550196170806885 reg_loss 0.10017852485179901
epoch: 31 s: 512000 batch_loss 0.27057597041130066 BPR_loss 0.16834202408790588 reg_loss 0.10223395377397537
epoch: 31 s: 768000 batch_loss 0.25900477170944214 BPR_loss 0.15693749487400055 reg_loss 0.1020672619342804
+-------+-------------------+-------------------+--------------------+------------------------------------+------------------------------------+------------------------------------+------------------------------------+
| Epoch |  training time(s) |   tesing time(s)  |        Loss        |               recall               |                ndcg                |             precision              |             hit_ratio              |
+-------+-------------------+-------------------+--------------------+------------------------------------+------------------------------------+------------------------------------+------------------------------------+
|   31  | 57.45668315887451 | 67.26403260231018 | 103.53467559814453 | [0.17065995 0.240002   0.28921941] | [0.14435183 0.16614282 0.18088298] | [0.05321689 0.03780813 0.03066626] | [0.56741912 0.67198071 0.72781164] |
+-------+-------------------+-------------------+--------------------+------------------------------------+------------------------------------+------------------------------------+------------------------------------+
epoch: 32 s: 0 batch_loss 0.27071037888526917 BPR_loss 0.16969034075737 reg_loss 0.10102003812789917
epoch: 32 s: 256000 batch_loss 0.25739115476608276 BPR_loss 0.15623097121715546 reg_loss 0.1011601909995079
epoch: 32 s: 512000 batch_loss 0.2613489031791687 BPR_loss 0.15984907746315002 reg_loss 0.10149984061717987
epoch: 32 s: 768000 batch_loss 0.25914818048477173 BPR_loss 0.15866965055465698 reg_loss 0.10047853738069534
+-------+--------------------+--------------------+--------------------+------------------------------------+------------------------------------+------------------------------------+------------------------------------+
| Epoch |  training time(s)  |   tesing time(s)   |        Loss        |               recall               |                ndcg                |             precision              |             hit_ratio              |
+-------+--------------------+--------------------+--------------------+------------------------------------+------------------------------------+------------------------------------+------------------------------------+
|   32  | 54.739593744277954 | 60.319703578948975 | 102.35616302490234 | [0.17096779 0.24042279 0.28930441] | [0.1444531  0.16630119 0.18091261] | [0.0531834  0.03784915 0.03062831] | [0.56751959 0.67261705 0.72828053] |
+-------+--------------------+--------------------+--------------------+------------------------------------+------------------------------------+------------------------------------+------------------------------------+
epoch: 33 s: 0 batch_loss 0.25679296255111694 BPR_loss 0.15493948757648468 reg_loss 0.10185346007347107
epoch: 33 s: 256000 batch_loss 0.24275504052639008 BPR_loss 0.13995055854320526 reg_loss 0.10280448198318481
epoch: 33 s: 512000 batch_loss 0.25589850544929504 BPR_loss 0.15450170636177063 reg_loss 0.10139679908752441
epoch: 33 s: 768000 batch_loss 0.25792646408081055 BPR_loss 0.15551450848579407 reg_loss 0.10241194814443588
+-------+--------------------+--------------------+--------------------+------------------------------------+------------------------------------+------------------------------------+------------------------------------+
| Epoch |  training time(s)  |   tesing time(s)   |        Loss        |               recall               |                ndcg                |             precision              |             hit_ratio              |
+-------+--------------------+--------------------+--------------------+------------------------------------+------------------------------------+------------------------------------+------------------------------------+
|   33  | 55.586559772491455 | 55.704967975616455 | 101.86414337158203 | [0.17080278 0.24043949 0.28938647] | [0.14438588 0.16632402 0.18093538] | [0.05318173 0.0379019  0.03065398] | [0.56772054 0.67208118 0.72811307] |
+-------+--------------------+--------------------+--------------------+------------------------------------+------------------------------------+------------------------------------+------------------------------------+
epoch: 34 s: 0 batch_loss 0.2566879391670227 BPR_loss 0.15446120500564575 reg_loss 0.10222671926021576
epoch: 34 s: 256000 batch_loss 0.2634933590888977 BPR_loss 0.1606590747833252 reg_loss 0.1028342992067337
epoch: 34 s: 512000 batch_loss 0.25170260667800903 BPR_loss 0.15083205699920654 reg_loss 0.10087056457996368
epoch: 34 s: 768000 batch_loss 0.24994733929634094 BPR_loss 0.14867058396339417 reg_loss 0.10127675533294678
+-------+--------------------+-------------------+--------------------+------------------------------------+------------------------------------+------------------------------------+------------------------------------+
| Epoch |  training time(s)  |   tesing time(s)  |        Loss        |               recall               |                ndcg                |             precision              |             hit_ratio              |
+-------+--------------------+-------------------+--------------------+------------------------------------+------------------------------------+------------------------------------+------------------------------------+
|   34  | 56.308220624923706 | 53.86305594444275 | 101.19708251953125 | [0.17136669 0.24039037 0.28957548] | [0.14439443 0.16613952 0.18078989] | [0.05326713 0.03788348 0.03064784] | [0.56855784 0.67151182 0.72811307] |
+-------+--------------------+-------------------+--------------------+------------------------------------+------------------------------------+------------------------------------+------------------------------------+
epoch: 35 s: 0 batch_loss 0.2563081979751587 BPR_loss 0.15358421206474304 reg_loss 0.10272397845983505
epoch: 35 s: 256000 batch_loss 0.2519773542881012 BPR_loss 0.149643212556839 reg_loss 0.1023341491818428
epoch: 35 s: 512000 batch_loss 0.264041006565094 BPR_loss 0.16211917996406555 reg_loss 0.10192181169986725
epoch: 35 s: 768000 batch_loss 0.2569430470466614 BPR_loss 0.15489760041236877 reg_loss 0.1020454615354538
+-------+-------------------+-------------------+--------------------+------------------------------------+------------------------------------+------------------------------------+------------------------------------+
| Epoch |  training time(s) |   tesing time(s)  |        Loss        |               recall               |                ndcg                |             precision              |             hit_ratio              |
+-------+-------------------+-------------------+--------------------+------------------------------------+------------------------------------+------------------------------------+------------------------------------+
|   35  | 56.46560502052307 | 52.51791548728943 | 100.85740661621094 | [0.17124986 0.24072732 0.29005533] | [0.14472177 0.16657541 0.18129715] | [0.05327383 0.03787176 0.03067185] | [0.56802197 0.67261705 0.73035702] |
+-------+-------------------+-------------------+--------------------+------------------------------------+------------------------------------+------------------------------------+------------------------------------+
epoch: 36 s: 0 batch_loss 0.25206324458122253 BPR_loss 0.14800241589546204 reg_loss 0.1040608361363411
epoch: 36 s: 256000 batch_loss 0.256191611289978 BPR_loss 0.15221461653709412 reg_loss 0.10397698730230331
epoch: 36 s: 512000 batch_loss 0.24080239236354828 BPR_loss 0.13832661509513855 reg_loss 0.10247577726840973
epoch: 36 s: 768000 batch_loss 0.24818845093250275 BPR_loss 0.1447272002696991 reg_loss 0.10346125066280365
+-------+-------------------+-------------------+--------------------+------------------------------------+------------------------------------+------------------------------------+------------------------------------+
| Epoch |  training time(s) |   tesing time(s)  |        Loss        |               recall               |                ndcg                |             precision              |             hit_ratio              |
+-------+-------------------+-------------------+--------------------+------------------------------------+------------------------------------+------------------------------------+------------------------------------+
|   36  | 56.43961191177368 | 61.03950238227844 | 100.28630828857422 | [0.17152317 0.24123699 0.29035093] | [0.14467689 0.1665724  0.18123502] | [0.05337598 0.03792702 0.03068915] | [0.56926117 0.67345435 0.72992163] |
+-------+-------------------+-------------------+--------------------+------------------------------------+------------------------------------+------------------------------------+------------------------------------+
epoch: 37 s: 0 batch_loss 0.2556186318397522 BPR_loss 0.15231001377105713 reg_loss 0.10330862551927567
epoch: 37 s: 256000 batch_loss 0.258533775806427 BPR_loss 0.1557498574256897 reg_loss 0.10278391093015671
epoch: 37 s: 512000 batch_loss 0.2604190409183502 BPR_loss 0.15610069036483765 reg_loss 0.10431835055351257
epoch: 37 s: 768000 batch_loss 0.2445334792137146 BPR_loss 0.1417483687400818 reg_loss 0.10278511792421341
+-------+-------------------+--------------------+-------------------+------------------------------------+------------------------------------+------------------------------------+------------------------------------+
| Epoch |  training time(s) |   tesing time(s)   |        Loss       |               recall               |                ndcg                |             precision              |             hit_ratio              |
+-------+-------------------+--------------------+-------------------+------------------------------------+------------------------------------+------------------------------------+------------------------------------+
|   37  | 57.07790160179138 | 61.970661878585815 | 99.84125518798828 | [0.17183438 0.24112363 0.29032395] | [0.14499169 0.16678386 0.18146796] | [0.05342789 0.03794126 0.03069641] | [0.56936165 0.67419117 0.72998861] |
+-------+-------------------+--------------------+-------------------+------------------------------------+------------------------------------+------------------------------------+------------------------------------+
epoch: 38 s: 0 batch_loss 0.25248655676841736 BPR_loss 0.14932917058467865 reg_loss 0.10315737873315811
epoch: 38 s: 256000 batch_loss 0.2530953288078308 BPR_loss 0.14953702688217163 reg_loss 0.10355830937623978
epoch: 38 s: 512000 batch_loss 0.249667227268219 BPR_loss 0.1467365026473999 reg_loss 0.10293073207139969
epoch: 38 s: 768000 batch_loss 0.258159339427948 BPR_loss 0.15326371788978577 reg_loss 0.10489563643932343
+-------+-------------------+-------------------+-------------------+------------------------------------+------------------------------------+------------------------------------+------------------------------------+
| Epoch |  training time(s) |   tesing time(s)  |        Loss       |               recall               |                ndcg                |             precision              |             hit_ratio              |
+-------+-------------------+-------------------+-------------------+------------------------------------+------------------------------------+------------------------------------+------------------------------------+
|   38  | 55.85014820098877 | 62.56055665016174 | 99.38862609863281 | [0.17161766 0.24145024 0.29081389] | [0.14509082 0.1669862  0.18174031] | [0.05353842 0.03801912 0.03079186] | [0.56979704 0.67395673 0.72958671] |
+-------+-------------------+-------------------+-------------------+------------------------------------+------------------------------------+------------------------------------+------------------------------------+
epoch: 39 s: 0 batch_loss 0.23853835463523865 BPR_loss 0.13541650772094727 reg_loss 0.10312185436487198
epoch: 39 s: 256000 batch_loss 0.25594472885131836 BPR_loss 0.15252737700939178 reg_loss 0.10341734439134598
epoch: 39 s: 512000 batch_loss 0.24325844645500183 BPR_loss 0.1404353827238083 reg_loss 0.10282306373119354
epoch: 39 s: 768000 batch_loss 0.25597599148750305 BPR_loss 0.15046367049217224 reg_loss 0.10551231354475021
+-------+------------------+-------------------+-------------------+------------------------------------+------------------------------------+------------------------------------+------------------------------------+
| Epoch | training time(s) |   tesing time(s)  |        Loss       |               recall               |                ndcg                |             precision              |             hit_ratio              |
+-------+------------------+-------------------+-------------------+------------------------------------+------------------------------------+------------------------------------+------------------------------------+
|   39  | 54.5525016784668 | 65.36404395103455 | 99.17469787597656 | [0.17158985 0.24161571 0.29061018] | [0.1448028  0.16683071 0.18145003] | [0.05333411 0.03798061 0.03071539] | [0.56889276 0.67469355 0.72911782] |
+-------+------------------+-------------------+-------------------+------------------------------------+------------------------------------+------------------------------------+------------------------------------+
epoch: 40 s: 0 batch_loss 0.24795982241630554 BPR_loss 0.14473573863506317 reg_loss 0.10322409123182297
epoch: 40 s: 256000 batch_loss 0.24107974767684937 BPR_loss 0.13719066977500916 reg_loss 0.1038890853524208
epoch: 40 s: 512000 batch_loss 0.24932366609573364 BPR_loss 0.14473535120487213 reg_loss 0.10458830744028091
epoch: 40 s: 768000 batch_loss 0.250718355178833 BPR_loss 0.14596103131771088 reg_loss 0.10475732386112213
+-------+-------------------+------------------+-------------------+------------------------------------+------------------------------------+------------------------------------+------------------------------------+
| Epoch |  training time(s) |  tesing time(s)  |        Loss       |               recall               |                ndcg                |             precision              |             hit_ratio              |
+-------+-------------------+------------------+-------------------+------------------------------------+------------------------------------+------------------------------------+------------------------------------+
|   40  | 56.75394129753113 | 63.3267502784729 | 98.65536499023438 | [0.17177945 0.24095173 0.2910659 ] | [0.14508043 0.16678172 0.18173061] | [0.05352669 0.03792786 0.0307846 ] | [0.56989751 0.67362181 0.72998861] |
+-------+-------------------+------------------+-------------------+------------------------------------+------------------------------------+------------------------------------+------------------------------------+
epoch: 41 s: 0 batch_loss 0.25866907835006714 BPR_loss 0.1525581032037735 reg_loss 0.10611096769571304
epoch: 41 s: 256000 batch_loss 0.24543020129203796 BPR_loss 0.1421748250722885 reg_loss 0.10325538367033005
epoch: 41 s: 512000 batch_loss 0.24434734880924225 BPR_loss 0.1401715874671936 reg_loss 0.10417576134204865
epoch: 41 s: 768000 batch_loss 0.25689244270324707 BPR_loss 0.15375185012817383 reg_loss 0.10314060747623444
+-------+--------------------+-------------------+-------------------+------------------------------------+------------------------------------+------------------------------------+------------------------------------+
| Epoch |  training time(s)  |   tesing time(s)  |        Loss       |               recall               |                ndcg                |             precision              |             hit_ratio              |
+-------+--------------------+-------------------+-------------------+------------------------------------+------------------------------------+------------------------------------+------------------------------------+
|   41  | 54.130226850509644 | 67.15439128875732 | 98.32278442382812 | [0.17178278 0.24152767 0.29118929] | [0.14515992 0.1671089  0.18190034] | [0.05338938 0.03798898 0.03075781] | [0.56916069 0.67462657 0.73065845] |
+-------+--------------------+-------------------+-------------------+------------------------------------+------------------------------------+------------------------------------+------------------------------------+
epoch: 42 s: 0 batch_loss 0.2550552785396576 BPR_loss 0.15072746574878693 reg_loss 0.10432781279087067
epoch: 42 s: 256000 batch_loss 0.2549530267715454 BPR_loss 0.1488403081893921 reg_loss 0.10611270368099213
epoch: 42 s: 512000 batch_loss 0.23679819703102112 BPR_loss 0.13223294913768768 reg_loss 0.10456524789333344
epoch: 42 s: 768000 batch_loss 0.25722551345825195 BPR_loss 0.1527787446975708 reg_loss 0.10444676876068115
+-------+-------------------+-------------------+-------------------+------------------------------------+------------------------------------+------------------------------------+------------------------------------+
| Epoch |  training time(s) |   tesing time(s)  |        Loss       |               recall               |                ndcg                |             precision              |             hit_ratio              |
+-------+-------------------+-------------------+-------------------+------------------------------------+------------------------------------+------------------------------------+------------------------------------+
|   42  | 54.68172597885132 | 69.50805592536926 | 97.81956481933594 | [0.17206891 0.24151398 0.29118304] | [0.14545366 0.16723927 0.18201401] | [0.05367741 0.03806936 0.03079521] | [0.57050037 0.67445911 0.72951973] |
+-------+-------------------+-------------------+-------------------+------------------------------------+------------------------------------+------------------------------------+------------------------------------+
epoch: 43 s: 0 batch_loss 0.2477228045463562 BPR_loss 0.14155039191246033 reg_loss 0.10617242008447647
epoch: 43 s: 256000 batch_loss 0.2579761743545532 BPR_loss 0.15437962114810944 reg_loss 0.10359655320644379
epoch: 43 s: 512000 batch_loss 0.24677973985671997 BPR_loss 0.14215579628944397 reg_loss 0.1046239510178566
epoch: 43 s: 768000 batch_loss 0.2379375696182251 BPR_loss 0.13299965858459473 reg_loss 0.10493791103363037
+-------+--------------------+-------------------+-------------------+------------------------------------+------------------------------------+------------------------------------+------------------------------------+
| Epoch |  training time(s)  |   tesing time(s)  |        Loss       |               recall               |                ndcg                |             precision              |             hit_ratio              |
+-------+--------------------+-------------------+-------------------+------------------------------------+------------------------------------+------------------------------------+------------------------------------+
|   43  | 54.150806188583374 | 70.80938172340393 | 97.68014526367188 | [0.17217254 0.24155344 0.29172304] | [0.14543544 0.16721132 0.18215155] | [0.05358363 0.03798731 0.03081028] | [0.5691272  0.67429165 0.73072543] |
+-------+--------------------+-------------------+-------------------+------------------------------------+------------------------------------+------------------------------------+------------------------------------+
epoch: 44 s: 0 batch_loss 0.2517886161804199 BPR_loss 0.1459389626979828 reg_loss 0.10584966093301773
epoch: 44 s: 256000 batch_loss 0.2431323230266571 BPR_loss 0.13935068249702454 reg_loss 0.10378164798021317
epoch: 44 s: 512000 batch_loss 0.23716214299201965 BPR_loss 0.13242806494235992 reg_loss 0.10473407804965973
epoch: 44 s: 768000 batch_loss 0.23047615587711334 BPR_loss 0.12437675148248672 reg_loss 0.10609940439462662
+-------+-------------------+------------------+-------------------+------------------------------------+------------------------------------+------------------------------------+------------------------------------+
| Epoch |  training time(s) |  tesing time(s)  |        Loss       |               recall               |                ndcg                |             precision              |             hit_ratio              |
+-------+-------------------+------------------+-------------------+------------------------------------+------------------------------------+------------------------------------+------------------------------------+
|   44  | 55.61848258972168 | 64.6230628490448 | 97.10934448242188 | [0.17206179 0.24178026 0.29132458] | [0.14529763 0.16719773 0.18196911] | [0.05357191 0.0380568  0.03080079] | [0.56973006 0.67425816 0.72972068] |
+-------+-------------------+------------------+-------------------+------------------------------------+------------------------------------+------------------------------------+------------------------------------+
epoch: 45 s: 0 batch_loss 0.2348710596561432 BPR_loss 0.12889347970485687 reg_loss 0.10597757250070572
epoch: 45 s: 256000 batch_loss 0.23745813965797424 BPR_loss 0.13272689282894135 reg_loss 0.1047312393784523
epoch: 45 s: 512000 batch_loss 0.249799907207489 BPR_loss 0.14363062381744385 reg_loss 0.10616927593946457
epoch: 45 s: 768000 batch_loss 0.24925175309181213 BPR_loss 0.14445897936820984 reg_loss 0.10479278117418289
+-------+--------------------+-------------------+-------------------+------------------------------------+------------------------------------+------------------------------------+------------------------------------+
| Epoch |  training time(s)  |   tesing time(s)  |        Loss       |               recall               |                ndcg                |             precision              |             hit_ratio              |
+-------+--------------------+-------------------+-------------------+------------------------------------+------------------------------------+------------------------------------+------------------------------------+
|   45  | 55.409313440322876 | 58.83460760116577 | 96.81854248046875 | [0.1723061  0.24179588 0.29093154] | [0.14540281 0.16722168 0.18189539] | [0.05359703 0.03801745 0.03074385] | [0.57053386 0.67395673 0.72908433] |
+-------+--------------------+-------------------+-------------------+------------------------------------+------------------------------------+------------------------------------+------------------------------------+
epoch: 46 s: 0 batch_loss 0.24725139141082764 BPR_loss 0.14266110956668854 reg_loss 0.1045902892947197
epoch: 46 s: 256000 batch_loss 0.24002882838249207 BPR_loss 0.13488692045211792 reg_loss 0.10514190047979355
epoch: 46 s: 512000 batch_loss 0.2334793210029602 BPR_loss 0.12839017808437347 reg_loss 0.10508915036916733
epoch: 46 s: 768000 batch_loss 0.24562491476535797 BPR_loss 0.1398119330406189 reg_loss 0.10581298172473907
+-------+-------------------+-------------------+------------------+------------------------------------+------------------------------------+------------------------------------+------------------------------------+
| Epoch |  training time(s) |   tesing time(s)  |       Loss       |               recall               |                ndcg                |             precision              |             hit_ratio              |
+-------+-------------------+-------------------+------------------+------------------------------------+------------------------------------+------------------------------------+------------------------------------+
|   46  | 55.40655016899109 | 53.21125531196594 | 96.4454345703125 | [0.17279892 0.24221873 0.29158753] | [0.14571509 0.16750685 0.18226386] | [0.05362382 0.0380074  0.03078851] | [0.57187353 0.67466006 0.73018956] |
+-------+-------------------+-------------------+------------------+------------------------------------+------------------------------------+------------------------------------+------------------------------------+
epoch: 47 s: 0 batch_loss 0.24924336373806 BPR_loss 0.14507828652858734 reg_loss 0.10416507720947266
epoch: 47 s: 256000 batch_loss 0.24776321649551392 BPR_loss 0.1430164873600006 reg_loss 0.10474672168493271
epoch: 47 s: 512000 batch_loss 0.2457095980644226 BPR_loss 0.13960427045822144 reg_loss 0.10610532760620117
epoch: 47 s: 768000 batch_loss 0.24361476302146912 BPR_loss 0.1386595070362091 reg_loss 0.10495524853467941
+-------+------------------+--------------------+-------------------+------------------------------------+------------------------------------+------------------------------------+------------------------------------+
| Epoch | training time(s) |   tesing time(s)   |        Loss       |               recall               |                ndcg                |             precision              |             hit_ratio              |
+-------+------------------+--------------------+-------------------+------------------------------------+------------------------------------+------------------------------------+------------------------------------+
|   47  | 55.0686674118042 | 48.989421129226685 | 96.25637817382812 | [0.17199776 0.24185971 0.2910448 ] | [0.14531692 0.16728356 0.18196549] | [0.05344296 0.03797726 0.03073157] | [0.57066783 0.67362181 0.72982115] |
+-------+------------------+--------------------+-------------------+------------------------------------+------------------------------------+------------------------------------+------------------------------------+
epoch: 48 s: 0 batch_loss 0.2387506365776062 BPR_loss 0.13184723258018494 reg_loss 0.10690339654684067
epoch: 48 s: 256000 batch_loss 0.2355158030986786 BPR_loss 0.1302686333656311 reg_loss 0.10524716228246689
epoch: 48 s: 512000 batch_loss 0.24614255130290985 BPR_loss 0.13989531993865967 reg_loss 0.10624723136425018
epoch: 48 s: 768000 batch_loss 0.24603170156478882 BPR_loss 0.14092501997947693 reg_loss 0.10510668158531189
+-------+-------------------+--------------------+-------------------+------------------------------------+------------------------------------+------------------------------------+------------------------------------+
| Epoch |  training time(s) |   tesing time(s)   |        Loss       |               recall               |                ndcg                |             precision              |             hit_ratio              |
+-------+-------------------+--------------------+-------------------+------------------------------------+------------------------------------+------------------------------------+------------------------------------+
|   48  | 54.43632960319519 | 48.343037366867065 | 95.88311004638672 | [0.17206765 0.24187227 0.29172055] | [0.1455393  0.16747457 0.18236312] | [0.05346976 0.03797726 0.03079632] | [0.57073481 0.67415768 0.72998861] |
+-------+-------------------+--------------------+-------------------+------------------------------------+------------------------------------+------------------------------------+------------------------------------+
epoch: 49 s: 0 batch_loss 0.23909780383110046 BPR_loss 0.1323414146900177 reg_loss 0.10675638169050217
epoch: 49 s: 256000 batch_loss 0.2481268048286438 BPR_loss 0.14175617694854736 reg_loss 0.10637062788009644
epoch: 49 s: 512000 batch_loss 0.24125099182128906 BPR_loss 0.13494546711444855 reg_loss 0.10630553215742111
epoch: 49 s: 768000 batch_loss 0.25854191184043884 BPR_loss 0.15237082540988922 reg_loss 0.10617107897996902
+-------+-------------------+------------------+-------------------+------------------------------------+------------------------------------+------------------------------------+------------------------------------+
| Epoch |  training time(s) |  tesing time(s)  |        Loss       |               recall               |                ndcg                |             precision              |             hit_ratio              |
+-------+-------------------+------------------+-------------------+------------------------------------+------------------------------------+------------------------------------+------------------------------------+
|   49  | 53.04658317565918 | 53.9303662776947 | 95.43883514404297 | [0.1724367  0.24242672 0.29193974] | [0.14511856 0.16714052 0.18192216] | [0.05347143 0.03803168 0.03079018] | [0.57173957 0.67496148 0.73183067] |
+-------+-------------------+------------------+-------------------+------------------------------------+------------------------------------+------------------------------------+------------------------------------+
epoch: 50 s: 0 batch_loss 0.23607507348060608 BPR_loss 0.12864798307418823 reg_loss 0.10742708295583725
epoch: 50 s: 256000 batch_loss 0.23432773351669312 BPR_loss 0.1277846097946167 reg_loss 0.10654312372207642
epoch: 50 s: 512000 batch_loss 0.24534344673156738 BPR_loss 0.13864722847938538 reg_loss 0.106696218252182
epoch: 50 s: 768000 batch_loss 0.23948362469673157 BPR_loss 0.13178065419197083 reg_loss 0.10770296305418015
+-------+--------------------+------------------+-------------------+------------------------------------+------------------------------------+------------------------------------+------------------------------------+
| Epoch |  training time(s)  |  tesing time(s)  |        Loss       |               recall               |                ndcg                |             precision              |             hit_ratio              |
+-------+--------------------+------------------+-------------------+------------------------------------+------------------------------------+------------------------------------+------------------------------------+
|   50  | 53.435619592666626 | 61.2874071598053 | 95.39910888671875 | [0.17217914 0.24150978 0.29147636] | [0.14518801 0.16700098 0.18190762] | [0.05344296 0.03793539 0.03074944] | [0.57056735 0.67382276 0.73176368] |
+-------+--------------------+------------------+-------------------+------------------------------------+------------------------------------+------------------------------------+------------------------------------+
epoch: 51 s: 0 batch_loss 0.23054365813732147 BPR_loss 0.12341020256280899 reg_loss 0.10713345557451248
epoch: 51 s: 256000 batch_loss 0.24658963084220886 BPR_loss 0.13993000984191895 reg_loss 0.10665961354970932
epoch: 51 s: 512000 batch_loss 0.24718554317951202 BPR_loss 0.1400749236345291 reg_loss 0.10711061954498291
epoch: 51 s: 768000 batch_loss 0.24603642523288727 BPR_loss 0.1399751454591751 reg_loss 0.10606127977371216
+-------+-------------------+-------------------+-------------------+------------------------------------+------------------------------------+------------------------------------+------------------------------------+
| Epoch |  training time(s) |   tesing time(s)  |        Loss       |               recall               |                ndcg                |             precision              |             hit_ratio              |
+-------+-------------------+-------------------+-------------------+------------------------------------+------------------------------------+------------------------------------+------------------------------------+
|   51  | 52.07113528251648 | 61.39072346687317 | 94.97486114501953 | [0.17204204 0.24224577 0.29115752] | [0.14498983 0.16706596 0.18171923] | [0.053381   0.03795884 0.0307366 ] | [0.5699645  0.67455958 0.73042401] |
+-------+-------------------+-------------------+-------------------+------------------------------------+------------------------------------+------------------------------------+------------------------------------+
epoch: 52 s: 0 batch_loss 0.23761588335037231 BPR_loss 0.13144898414611816 reg_loss 0.10616689175367355
epoch: 52 s: 256000 batch_loss 0.24494343996047974 BPR_loss 0.1382707953453064 reg_loss 0.10667263716459274
epoch: 52 s: 512000 batch_loss 0.23800334334373474 BPR_loss 0.13188204169273376 reg_loss 0.10612130910158157
epoch: 52 s: 768000 batch_loss 0.2379142940044403 BPR_loss 0.13026544451713562 reg_loss 0.10764885693788528
+-------+--------------------+-------------------+-------------------+------------------------------------+------------------------------------+------------------------------------+------------------------------------+
| Epoch |  training time(s)  |   tesing time(s)  |        Loss       |               recall               |                ndcg                |             precision              |             hit_ratio              |
+-------+--------------------+-------------------+-------------------+------------------------------------+------------------------------------+------------------------------------+------------------------------------+
|   52  | 51.305402755737305 | 58.19345140457153 | 94.68705749511719 | [0.17237883 0.24227379 0.291436  ] | [0.14554956 0.16748968 0.1821555 ] | [0.05356521 0.03802917 0.03072655] | [0.57123719 0.67476053 0.73146225] |
+-------+--------------------+-------------------+-------------------+------------------------------------+------------------------------------+------------------------------------+------------------------------------+
epoch: 53 s: 0 batch_loss 0.24472567439079285 BPR_loss 0.13612580299377441 reg_loss 0.10859987139701843
epoch: 53 s: 256000 batch_loss 0.23511742055416107 BPR_loss 0.12899652123451233 reg_loss 0.10612089931964874
epoch: 53 s: 512000 batch_loss 0.24156692624092102 BPR_loss 0.1347978562116623 reg_loss 0.10676907747983932
epoch: 53 s: 768000 batch_loss 0.24191105365753174 BPR_loss 0.1347293108701706 reg_loss 0.10718173533678055
+-------+--------------------+-------------------+-------------------+------------------------------------+------------------------------------+------------------------------------+------------------------------------+
| Epoch |  training time(s)  |   tesing time(s)  |        Loss       |               recall               |                ndcg                |             precision              |             hit_ratio              |
+-------+--------------------+-------------------+-------------------+------------------------------------+------------------------------------+------------------------------------+------------------------------------+
|   53  | 51.059231758117676 | 62.03341364860535 | 94.36849975585938 | [0.17276445 0.24182352 0.29115502] | [0.14568967 0.16737514 0.18210871] | [0.05365731 0.03799735 0.03072934] | [0.57257686 0.67445911 0.73012258] |
+-------+--------------------+-------------------+-------------------+------------------------------------+------------------------------------+------------------------------------+------------------------------------+
epoch: 54 s: 0 batch_loss 0.2303210198879242 BPR_loss 0.12453516572713852 reg_loss 0.10578584671020508
epoch: 54 s: 256000 batch_loss 0.24125200510025024 BPR_loss 0.13422033190727234 reg_loss 0.10703166574239731
epoch: 54 s: 512000 batch_loss 0.2344120442867279 BPR_loss 0.12747173011302948 reg_loss 0.10694031417369843
epoch: 54 s: 768000 batch_loss 0.23525282740592957 BPR_loss 0.1286829710006714 reg_loss 0.10656985640525818
+-------+--------------------+-------------------+-------------------+------------------------------------+------------------------------------+------------------------------------+------------------------------------+
| Epoch |  training time(s)  |   tesing time(s)  |        Loss       |               recall               |                ndcg                |             precision              |             hit_ratio              |
+-------+--------------------+-------------------+-------------------+------------------------------------+------------------------------------+------------------------------------+------------------------------------+
|   54  | 50.966702699661255 | 59.37023615837097 | 94.17505645751953 | [0.17222405 0.24190533 0.29179203] | [0.14553016 0.16741316 0.18227987] | [0.05352167 0.0379714  0.03075837] | [0.57093576 0.67439212 0.73253399] |
+-------+--------------------+-------------------+-------------------+------------------------------------+------------------------------------+------------------------------------+------------------------------------+
epoch: 55 s: 0 batch_loss 0.2333022952079773 BPR_loss 0.1251193881034851 reg_loss 0.10818291455507278
epoch: 55 s: 256000 batch_loss 0.22543662786483765 BPR_loss 0.11927838623523712 reg_loss 0.10615824162960052
epoch: 55 s: 512000 batch_loss 0.2470143735408783 BPR_loss 0.14062270522117615 reg_loss 0.10639167577028275
epoch: 55 s: 768000 batch_loss 0.2445298731327057 BPR_loss 0.13752631843090057 reg_loss 0.10700356215238571
+-------+-------------------+-------------------+-------------------+------------------------------------+------------------------------------+------------------------------------+------------------------------------+
| Epoch |  training time(s) |   tesing time(s)  |        Loss       |               recall               |                ndcg                |             precision              |             hit_ratio              |
+-------+-------------------+-------------------+-------------------+------------------------------------+------------------------------------+------------------------------------+------------------------------------+
|   55  | 51.37558054924011 | 60.50733041763306 | 94.14886474609375 | [0.17234817 0.24183797 0.29156189] | [0.14551376 0.16734886 0.18212619] | [0.05357693 0.03798898 0.0307126 ] | [0.57117021 0.67308594 0.73082591] |
+-------+-------------------+-------------------+-------------------+------------------------------------+------------------------------------+------------------------------------+------------------------------------+
epoch: 56 s: 0 batch_loss 0.24022382497787476 BPR_loss 0.13268354535102844 reg_loss 0.10754028707742691
epoch: 56 s: 256000 batch_loss 0.23674115538597107 BPR_loss 0.1290060132741928 reg_loss 0.10773513466119766
epoch: 56 s: 512000 batch_loss 0.23993036150932312 BPR_loss 0.13111554086208344 reg_loss 0.10881481319665909
epoch: 56 s: 768000 batch_loss 0.24562272429466248 BPR_loss 0.13672521710395813 reg_loss 0.10889749974012375
+-------+--------------------+--------------------+-------------------+------------------------------------+------------------------------------+------------------------------------+------------------------------------+
| Epoch |  training time(s)  |   tesing time(s)   |        Loss       |               recall               |                ndcg                |             precision              |             hit_ratio              |
+-------+--------------------+--------------------+-------------------+------------------------------------+------------------------------------+------------------------------------+------------------------------------+
|   56  | 52.954320430755615 | 52.892916440963745 | 93.57292175292969 | [0.17184698 0.24167726 0.29130754] | [0.14517396 0.16713918 0.18194173] | [0.05332072 0.03790274 0.03070255] | [0.56976355 0.67332038 0.73189765] |
+-------+--------------------+--------------------+-------------------+------------------------------------+------------------------------------+------------------------------------+------------------------------------+
Early stopping is trigger at step: 10 log:0.17184697548672415
early stopping at 56, recall@20:0.1728
