Namespace(K=1, Ks='[20, 40, 60]', batch_size=2048, batch_test_flag=True, context_hops=3, cuda=True, data_path='data/', dataset='gowalla', dim=64, edge_dropout=False, edge_dropout_rate=0.1, epoch=1000, eps=0.01, gnn='lightgcn', gpu_id=3, l2=0.0001, lr=0.006, mess_dropout=False, mess_dropout_rate=0.1, n_negs=16, ns='mixgcf', out_dir='./weights/yelp2018/', pool='mean', save=False, test_batch_size=2048, test_flag='part')
reading train and test user-item set ...
building the adj mat ...
loading over ...
卷积器不需要第0层embedding
拿这个最难的neg_item去和pos_item在每一个维度上自适应权重......
start training ...
epoch: 0 s: 0 batch_loss 0.6931487321853638 BPR_loss 0.6931487321853638 reg_loss 2.4288397071359213e-08
epoch: 0 s: 256000 batch_loss 0.5799504518508911 BPR_loss 0.5788102149963379 reg_loss 0.0011402306845411658
epoch: 0 s: 512000 batch_loss 0.5067288875579834 BPR_loss 0.5042424201965332 reg_loss 0.0024864471051841974
epoch: 0 s: 768000 batch_loss 0.4665430784225464 BPR_loss 0.46318304538726807 reg_loss 0.00336001836694777
+-------+-------------------+-------------------+-------------------+------------------------------------+------------------------------------+------------------------------------+------------------------------------+
| Epoch |  training time(s) |   tesing time(s)  |        Loss       |               recall               |                ndcg                |             precision              |             hit_ratio              |
+-------+-------------------+-------------------+-------------------+------------------------------------+------------------------------------+------------------------------------+------------------------------------+
|   0   | 64.06247305870056 | 82.88260531425476 | 217.9958953857422 | [0.12887027 0.18518568 0.22538735] | [0.10781281 0.12550322 0.13749605] | [0.04097394 0.02964113 0.02419564] | [0.47642173 0.58151919 0.6407328 ] |
+-------+-------------------+-------------------+-------------------+------------------------------------+------------------------------------+------------------------------------+------------------------------------+
epoch: 1 s: 0 batch_loss 0.4812315106391907 BPR_loss 0.4777160584926605 reg_loss 0.003515467047691345
epoch: 1 s: 256000 batch_loss 0.4310853183269501 BPR_loss 0.4265654683113098 reg_loss 0.004519842565059662
epoch: 1 s: 512000 batch_loss 0.4133601188659668 BPR_loss 0.4080389738082886 reg_loss 0.005321139935404062
epoch: 1 s: 768000 batch_loss 0.3871350884437561 BPR_loss 0.380858451128006 reg_loss 0.006276649888604879
+-------+-------------------+-------------------+--------------------+------------------------------------+------------------------------------+------------------------------------+------------------------------------+
| Epoch |  training time(s) |   tesing time(s)  |        Loss        |               recall               |                ndcg                |             precision              |             hit_ratio              |
+-------+-------------------+-------------------+--------------------+------------------------------------+------------------------------------+------------------------------------+------------------------------------+
|   1   | 89.65506672859192 | 138.3527271747589 | 171.16827392578125 | [0.13670391 0.19622322 0.2375646 ] | [0.1148454  0.13349708 0.14584242] | [0.04347579 0.03129814 0.02547391] | [0.49517717 0.60265256 0.65948824] |
+-------+-------------------+-------------------+--------------------+------------------------------------+------------------------------------+------------------------------------+------------------------------------+
epoch: 2 s: 0 batch_loss 0.4019688069820404 BPR_loss 0.3957391083240509 reg_loss 0.006229703314602375
epoch: 2 s: 256000 batch_loss 0.40892401337623596 BPR_loss 0.4021728038787842 reg_loss 0.006751200649887323
epoch: 2 s: 512000 batch_loss 0.3609069883823395 BPR_loss 0.353135883808136 reg_loss 0.007771103642880917
epoch: 2 s: 768000 batch_loss 0.3492473363876343 BPR_loss 0.340626060962677 reg_loss 0.008621268905699253
+-------+-------------------+-------------------+--------------------+------------------------------------+------------------------------------+------------------------------------+------------------------------------+
| Epoch |  training time(s) |   tesing time(s)  |        Loss        |               recall               |                ndcg                |             precision              |             hit_ratio              |
+-------+-------------------+-------------------+--------------------+------------------------------------+------------------------------------+------------------------------------+------------------------------------+
|   2   | 80.89311671257019 | 64.26107692718506 | 149.36410522460938 | [0.14302336 0.20358717 0.24717302] | [0.12015729 0.13917741 0.15215314] | [0.04530612 0.03247371 0.02644629] | [0.51024851 0.61608279 0.67368879] |
+-------+-------------------+-------------------+--------------------+------------------------------------+------------------------------------+------------------------------------+------------------------------------+
epoch: 3 s: 0 batch_loss 0.351158082485199 BPR_loss 0.34227073192596436 reg_loss 0.00888735055923462
epoch: 3 s: 256000 batch_loss 0.34629178047180176 BPR_loss 0.3369685411453247 reg_loss 0.00932323932647705
epoch: 3 s: 512000 batch_loss 0.3256402909755707 BPR_loss 0.3154861330986023 reg_loss 0.01015414483845234
epoch: 3 s: 768000 batch_loss 0.32332277297973633 BPR_loss 0.31254684925079346 reg_loss 0.010775912553071976
+-------+-------------------+-------------------+-------------------+------------------------------------+------------------------------------+------------------------------------+------------------------------------+
| Epoch |  training time(s) |   tesing time(s)  |        Loss       |               recall               |                ndcg                |             precision              |             hit_ratio              |
+-------+-------------------+-------------------+-------------------+------------------------------------+------------------------------------+------------------------------------+------------------------------------+
|   3   | 92.03023052215576 | 83.51794242858887 | 133.2977294921875 | [0.14727401 0.20929473 0.25364665] | [0.12397114 0.14343005 0.15664157] | [0.04657881 0.03337883 0.02715967] | [0.52089892 0.62502512 0.68299953] |
+-------+-------------------+-------------------+-------------------+------------------------------------+------------------------------------+------------------------------------+------------------------------------+
epoch: 4 s: 0 batch_loss 0.31703320145606995 BPR_loss 0.30663686990737915 reg_loss 0.010396328754723072
epoch: 4 s: 256000 batch_loss 0.30492427945137024 BPR_loss 0.29370778799057007 reg_loss 0.011216488666832447
epoch: 4 s: 512000 batch_loss 0.30471956729888916 BPR_loss 0.2929800748825073 reg_loss 0.011739478446543217
epoch: 4 s: 768000 batch_loss 0.30176734924316406 BPR_loss 0.28907883167266846 reg_loss 0.012688525952398777
+-------+-------------------+--------------------+--------------------+------------------------------------+------------------------------------+------------------------------------+------------------------------------+
| Epoch |  training time(s) |   tesing time(s)   |        Loss        |               recall               |                ndcg                |             precision              |             hit_ratio              |
+-------+-------------------+--------------------+--------------------+------------------------------------+------------------------------------+------------------------------------+------------------------------------+
|   4   | 78.01084423065186 | 136.18996262550354 | 120.37763214111328 | [0.15068455 0.21376063 0.25905234] | [0.12670934 0.14645725 0.15997617] | [0.04748476 0.03395237 0.02766204] | [0.52903744 0.63225936 0.69036774] |
+-------+-------------------+--------------------+--------------------+------------------------------------+------------------------------------+------------------------------------+------------------------------------+
epoch: 5 s: 0 batch_loss 0.28687235713005066 BPR_loss 0.2744627296924591 reg_loss 0.012409633956849575
epoch: 5 s: 256000 batch_loss 0.2904618978500366 BPR_loss 0.27701300382614136 reg_loss 0.013448885641992092
epoch: 5 s: 512000 batch_loss 0.27916380763053894 BPR_loss 0.2650848925113678 reg_loss 0.01407892070710659
epoch: 5 s: 768000 batch_loss 0.2628956735134125 BPR_loss 0.24797892570495605 reg_loss 0.014916738495230675
+-------+-------------------+--------------------+--------------------+------------------------------------+------------------------------------+------------------------------------+------------------------------------+
| Epoch |  training time(s) |   tesing time(s)   |        Loss        |               recall               |                ndcg                |             precision              |             hit_ratio              |
+-------+-------------------+--------------------+--------------------+------------------------------------+------------------------------------+------------------------------------+------------------------------------+
|   5   | 78.24340152740479 | 125.64974617958069 | 110.14443969726562 | [0.15269975 0.21719707 0.26245777] | [0.1286839  0.14889177 0.16240043] | [0.04811106 0.03445726 0.02798468] | [0.53221917 0.63741711 0.69375042] |
+-------+-------------------+--------------------+--------------------+------------------------------------+------------------------------------+------------------------------------+------------------------------------+
epoch: 6 s: 0 batch_loss 0.2618407905101776 BPR_loss 0.24665428698062897 reg_loss 0.015186508186161518
epoch: 6 s: 256000 batch_loss 0.23385199904441833 BPR_loss 0.21879425644874573 reg_loss 0.015057748183608055
epoch: 6 s: 512000 batch_loss 0.26631462574005127 BPR_loss 0.249943345785141 reg_loss 0.016371292993426323
epoch: 6 s: 768000 batch_loss 0.255280077457428 BPR_loss 0.23846621811389923 reg_loss 0.016813844442367554
+-------+-------------------+-------------------+--------------------+------------------------------------+------------------------------------+------------------------------------+------------------------------------+
| Epoch |  training time(s) |   tesing time(s)  |        Loss        |               recall               |                ndcg                |             precision              |             hit_ratio              |
+-------+-------------------+-------------------+--------------------+------------------------------------+------------------------------------+------------------------------------+------------------------------------+
|   6   | 74.57163310050964 | 74.81964159011841 | 101.14642333984375 | [0.15527659 0.2205935  0.26683424] | [0.13112784 0.15159575 0.16537745] | [0.04888305 0.03498811 0.0284318 ] | [0.53767834 0.64277581 0.70021435] |
+-------+-------------------+-------------------+--------------------+------------------------------------+------------------------------------+------------------------------------+------------------------------------+
epoch: 7 s: 0 batch_loss 0.26356562972068787 BPR_loss 0.2469712644815445 reg_loss 0.016594359651207924
epoch: 7 s: 256000 batch_loss 0.2429661750793457 BPR_loss 0.22587664425373077 reg_loss 0.01708952896296978
epoch: 7 s: 512000 batch_loss 0.2404392510652542 BPR_loss 0.22204157710075378 reg_loss 0.018397679552435875
epoch: 7 s: 768000 batch_loss 0.23807696998119354 BPR_loss 0.21980106830596924 reg_loss 0.018275896087288857
+-------+-------------------+--------------------+------------------+------------------------------------+------------------------------------+------------------------------------+------------------------------------+
| Epoch |  training time(s) |   tesing time(s)   |       Loss       |               recall               |                ndcg                |             precision              |             hit_ratio              |
+-------+-------------------+--------------------+------------------+------------------------------------+------------------------------------+------------------------------------+------------------------------------+
|   7   | 74.81065106391907 | 120.18359565734863 | 94.1174545288086 | [0.15741288 0.22264958 0.26911491] | [0.13291821 0.15338528 0.16723298] | [0.04940384 0.03521753 0.02859312] | [0.54062563 0.64522071 0.70309465] |
+-------+-------------------+--------------------+------------------+------------------------------------+------------------------------------+------------------------------------+------------------------------------+
epoch: 8 s: 0 batch_loss 0.2380186915397644 BPR_loss 0.2196478694677353 reg_loss 0.01837082765996456
epoch: 8 s: 256000 batch_loss 0.22905923426151276 BPR_loss 0.2100425660610199 reg_loss 0.01901666447520256
epoch: 8 s: 512000 batch_loss 0.2057037651538849 BPR_loss 0.18589523434638977 reg_loss 0.01980852521955967
epoch: 8 s: 768000 batch_loss 0.20261210203170776 BPR_loss 0.18286965787410736 reg_loss 0.019742451608181
+-------+-------------------+-------------------+-------------------+------------------------------------+------------------------------------+------------------------------------+------------------------------------+
| Epoch |  training time(s) |   tesing time(s)  |        Loss       |               recall               |                ndcg                |             precision              |             hit_ratio              |
+-------+-------------------+-------------------+-------------------+------------------------------------+------------------------------------+------------------------------------+------------------------------------+
|   8   | 76.56096744537354 | 141.3558042049408 | 88.02236938476562 | [0.15908207 0.22444778 0.27145084] | [0.13424964 0.1546964  0.16870089] | [0.04996316 0.03549635 0.02882868] | [0.54377386 0.64676134 0.70624288] |
+-------+-------------------+-------------------+-------------------+------------------------------------+------------------------------------+------------------------------------+------------------------------------+
epoch: 9 s: 0 batch_loss 0.21817158162593842 BPR_loss 0.19857773184776306 reg_loss 0.019593846052885056
epoch: 9 s: 256000 batch_loss 0.2205045223236084 BPR_loss 0.20056119561195374 reg_loss 0.019943321123719215
epoch: 9 s: 512000 batch_loss 0.21016082167625427 BPR_loss 0.18967750668525696 reg_loss 0.02048332244157791
epoch: 9 s: 768000 batch_loss 0.19336581230163574 BPR_loss 0.17177623510360718 reg_loss 0.021589571610093117
+-------+------------------+--------------------+-------------------+------------------------------------+------------------------------------+------------------------------------+------------------------------------+
| Epoch | training time(s) |   tesing time(s)   |        Loss       |               recall               |                ndcg                |             precision              |             hit_ratio              |
+-------+------------------+--------------------+-------------------+------------------------------------+------------------------------------+------------------------------------+------------------------------------+
|   9   | 71.8165054321289 | 105.87515950202942 | 82.81461334228516 | [0.1612937  0.22711084 0.2739025 ] | [0.13585887 0.15643742 0.17043771] | [0.05048563 0.03581703 0.02907484] | [0.54779289 0.65158417 0.70952509] |
+-------+------------------+--------------------+-------------------+------------------------------------+------------------------------------+------------------------------------+------------------------------------+
epoch: 10 s: 0 batch_loss 0.21369025111198425 BPR_loss 0.1924203783273697 reg_loss 0.021269867196679115
epoch: 10 s: 256000 batch_loss 0.18059085309505463 BPR_loss 0.15953786671161652 reg_loss 0.021052980795502663
epoch: 10 s: 512000 batch_loss 0.1899268478155136 BPR_loss 0.16705265641212463 reg_loss 0.022874193266034126
epoch: 10 s: 768000 batch_loss 0.18653717637062073 BPR_loss 0.16466909646987915 reg_loss 0.021868083626031876
+-------+------------------+-------------------+-------------------+------------------------------------+------------------------------------+------------------------------------+------------------------------------+
| Epoch | training time(s) |   tesing time(s)  |        Loss       |               recall               |                ndcg                |             precision              |             hit_ratio              |
+-------+------------------+-------------------+-------------------+------------------------------------+------------------------------------+------------------------------------+------------------------------------+
|   10  | 70.7841956615448 | 91.54920411109924 | 77.47738647460938 | [0.16175947 0.22824826 0.27638427] | [0.13656862 0.15745874 0.1717957 ] | [0.05053922 0.03599454 0.02925402] | [0.54826177 0.65302432 0.71200348] |
+-------+------------------+-------------------+-------------------+------------------------------------+------------------------------------+------------------------------------+------------------------------------+
epoch: 11 s: 0 batch_loss 0.18566548824310303 BPR_loss 0.16262149810791016 reg_loss 0.023043988272547722
epoch: 11 s: 256000 batch_loss 0.19110438227653503 BPR_loss 0.16688849031925201 reg_loss 0.02421589381992817
epoch: 11 s: 512000 batch_loss 0.18660378456115723 BPR_loss 0.16298328340053558 reg_loss 0.023620497435331345
epoch: 11 s: 768000 batch_loss 0.17141225934028625 BPR_loss 0.1475287824869156 reg_loss 0.023883478716015816
+-------+-------------------+-------------------+-------------------+------------------------------------+------------------------------------+------------------------------------+------------------------------------+
| Epoch |  training time(s) |   tesing time(s)  |        Loss       |               recall               |                ndcg                |             precision              |             hit_ratio              |
+-------+-------------------+-------------------+-------------------+------------------------------------+------------------------------------+------------------------------------+------------------------------------+
|   11  | 74.06388545036316 | 81.24366450309753 | 73.87676239013672 | [0.16275861 0.22906389 0.27756489] | [0.13746853 0.15832499 0.17278502] | [0.05082892 0.03611595 0.02935785] | [0.5506062  0.65292384 0.71354411] |
+-------+-------------------+-------------------+-------------------+------------------------------------+------------------------------------+------------------------------------+------------------------------------+
epoch: 12 s: 0 batch_loss 0.19300563633441925 BPR_loss 0.16954943537712097 reg_loss 0.023456202819943428
epoch: 12 s: 256000 batch_loss 0.17433662712574005 BPR_loss 0.14990127086639404 reg_loss 0.02443535067141056
epoch: 12 s: 512000 batch_loss 0.167831152677536 BPR_loss 0.14306394755840302 reg_loss 0.024767205119132996
epoch: 12 s: 768000 batch_loss 0.17862334847450256 BPR_loss 0.15291282534599304 reg_loss 0.025710519403219223
+-------+-------------------+--------------------+-------------------+------------------------------------+------------------------------------+------------------------------------+------------------------------------+
| Epoch |  training time(s) |   tesing time(s)   |        Loss       |               recall               |                ndcg                |             precision              |             hit_ratio              |
+-------+-------------------+--------------------+-------------------+------------------------------------+------------------------------------+------------------------------------+------------------------------------+
|   12  | 70.07105231285095 | 112.59103536605835 | 70.26226806640625 | [0.1641859  0.23054143 0.27906072] | [0.13829072 0.15918079 0.17366232] | [0.05107006 0.03625159 0.02948233] | [0.55331904 0.65540224 0.71531918] |
+-------+-------------------+--------------------+-------------------+------------------------------------+------------------------------------+------------------------------------+------------------------------------+
epoch: 13 s: 0 batch_loss 0.15988530218601227 BPR_loss 0.13454149663448334 reg_loss 0.02534380368888378
epoch: 13 s: 256000 batch_loss 0.16693077981472015 BPR_loss 0.14119583368301392 reg_loss 0.025734947994351387
epoch: 13 s: 512000 batch_loss 0.17381441593170166 BPR_loss 0.1483093947172165 reg_loss 0.02550501562654972
epoch: 13 s: 768000 batch_loss 0.1921507716178894 BPR_loss 0.16562891006469727 reg_loss 0.02652186155319214
+-------+-------------------+--------------------+-------------------+------------------------------------+------------------------------------+------------------------------------+------------------------------------+
| Epoch |  training time(s) |   tesing time(s)   |        Loss       |               recall               |                ndcg                |             precision              |             hit_ratio              |
+-------+-------------------+--------------------+-------------------+------------------------------------+------------------------------------+------------------------------------+------------------------------------+
|   13  | 71.50461959838867 | 104.12688422203064 | 67.06132507324219 | [0.16483451 0.23174373 0.28035812] | [0.13903872 0.16014971 0.17463846] | [0.05124087 0.03647431 0.02961629] | [0.55462523 0.65845    0.71732869] |
+-------+-------------------+--------------------+-------------------+------------------------------------+------------------------------------+------------------------------------+------------------------------------+
epoch: 14 s: 0 batch_loss 0.14966291189193726 BPR_loss 0.12426672875881195 reg_loss 0.025396181270480156
epoch: 14 s: 256000 batch_loss 0.15971459448337555 BPR_loss 0.13407140970230103 reg_loss 0.025643188506364822
epoch: 14 s: 512000 batch_loss 0.16042527556419373 BPR_loss 0.13448983430862427 reg_loss 0.02593543566763401
epoch: 14 s: 768000 batch_loss 0.15618853271007538 BPR_loss 0.12885862588882446 reg_loss 0.027329901233315468
+-------+-------------------+-------------------+-------------------+------------------------------------+------------------------------------+------------------------------------+------------------------------------+
| Epoch |  training time(s) |   tesing time(s)  |        Loss       |               recall               |                ndcg                |             precision              |             hit_ratio              |
+-------+-------------------+-------------------+-------------------+------------------------------------+------------------------------------+------------------------------------+------------------------------------+
|   14  | 72.26962685585022 | 84.21616697311401 | 64.23248291015625 | [0.16532324 0.23182905 0.28106167] | [0.13927993 0.16023117 0.17490658] | [0.05137986 0.03645505 0.0296509 ] | [0.55529506 0.6584165  0.71789805] |
+-------+-------------------+-------------------+-------------------+------------------------------------+------------------------------------+------------------------------------+------------------------------------+
epoch: 15 s: 0 batch_loss 0.14580169320106506 BPR_loss 0.11871892213821411 reg_loss 0.027082765474915504
epoch: 15 s: 256000 batch_loss 0.1611417829990387 BPR_loss 0.13366055488586426 reg_loss 0.027481231838464737
epoch: 15 s: 512000 batch_loss 0.16159169375896454 BPR_loss 0.13312985002994537 reg_loss 0.028461840003728867
epoch: 15 s: 768000 batch_loss 0.1544646918773651 BPR_loss 0.12672841548919678 reg_loss 0.027736283838748932
+-------+-------------------+-------------------+-------------------+------------------------------------+------------------------------------+------------------------------------+------------------------------------+
| Epoch |  training time(s) |   tesing time(s)  |        Loss       |               recall               |                ndcg                |             precision              |             hit_ratio              |
+-------+-------------------+-------------------+-------------------+------------------------------------+------------------------------------+------------------------------------+------------------------------------+
|   15  | 71.12959933280945 | 94.08002138137817 | 61.76900863647461 | [0.16555191 0.23298396 0.28215098] | [0.13937113 0.16068941 0.17537697] | [0.05127604 0.03650111 0.02971454] | [0.55459173 0.66119633 0.71943868] |
+-------+-------------------+-------------------+-------------------+------------------------------------+------------------------------------+------------------------------------+------------------------------------+
epoch: 16 s: 0 batch_loss 0.14576056599617004 BPR_loss 0.11725146323442459 reg_loss 0.0285091083496809
epoch: 16 s: 256000 batch_loss 0.1713872253894806 BPR_loss 0.14340955018997192 reg_loss 0.027977673336863518
epoch: 16 s: 512000 batch_loss 0.1592324674129486 BPR_loss 0.1310773491859436 reg_loss 0.028155125677585602
epoch: 16 s: 768000 batch_loss 0.13456158339977264 BPR_loss 0.10494944453239441 reg_loss 0.029612133279442787
+-------+-------------------+--------------------+--------------------+------------------------------------+------------------------------------+------------------------------------+------------------------------------+
| Epoch |  training time(s) |   tesing time(s)   |        Loss        |               recall               |                ndcg                |             precision              |             hit_ratio              |
+-------+-------------------+--------------------+--------------------+------------------------------------+------------------------------------+------------------------------------+------------------------------------+
|   16  | 72.15485572814941 | 105.75533151626587 | 59.407066345214844 | [0.16612329 0.23348052 0.28278162] | [0.13998257 0.16126986 0.17597974] | [0.05148201 0.03662586 0.02977538] | [0.55593141 0.66025856 0.71990756] |
+-------+-------------------+--------------------+--------------------+------------------------------------+------------------------------------+------------------------------------+------------------------------------+
epoch: 17 s: 0 batch_loss 0.15103933215141296 BPR_loss 0.1217617616057396 reg_loss 0.02927757240831852
epoch: 17 s: 256000 batch_loss 0.1488284170627594 BPR_loss 0.11987408995628357 reg_loss 0.028954319655895233
epoch: 17 s: 512000 batch_loss 0.15947046875953674 BPR_loss 0.12948235869407654 reg_loss 0.029988102614879608
epoch: 17 s: 768000 batch_loss 0.15764687955379486 BPR_loss 0.12832340598106384 reg_loss 0.02932346798479557
+-------+-------------------+--------------------+-------------------+------------------------------------+------------------------------------+------------------------------------+------------------------------------+
| Epoch |  training time(s) |   tesing time(s)   |        Loss       |               recall               |                ndcg                |             precision              |             hit_ratio              |
+-------+-------------------+--------------------+-------------------+------------------------------------+------------------------------------+------------------------------------+------------------------------------+
|   17  | 72.19432711601257 | 102.26309370994568 | 57.58786392211914 | [0.16706596 0.23506388 0.28414057] | [0.14092464 0.1624065  0.17709853] | [0.05173488 0.03677992 0.02990823] | [0.55824235 0.66287092 0.72104629] |
+-------+-------------------+--------------------+-------------------+------------------------------------+------------------------------------+------------------------------------+------------------------------------+
epoch: 18 s: 0 batch_loss 0.13689088821411133 BPR_loss 0.10736995935440063 reg_loss 0.029520928859710693
epoch: 18 s: 256000 batch_loss 0.13928546011447906 BPR_loss 0.10905098170042038 reg_loss 0.030234478414058685
epoch: 18 s: 512000 batch_loss 0.1323665827512741 BPR_loss 0.10196027904748917 reg_loss 0.030406301841139793
epoch: 18 s: 768000 batch_loss 0.1365031599998474 BPR_loss 0.10495777428150177 reg_loss 0.03154539316892624
+-------+-------------------+-------------------+-------------------+------------------------------------+------------------------------------+------------------------------------+------------------------------------+
| Epoch |  training time(s) |   tesing time(s)  |        Loss       |               recall               |                ndcg                |             precision              |             hit_ratio              |
+-------+-------------------+-------------------+-------------------+------------------------------------+------------------------------------+------------------------------------+------------------------------------+
|   18  | 69.90164041519165 | 77.86939144134521 | 55.46366882324219 | [0.16752936 0.23548642 0.28472532] | [0.14084213 0.16235374 0.17710264] | [0.05171646 0.03677909 0.02991884] | [0.55894568 0.66266997 0.72158216] |
+-------+-------------------+-------------------+-------------------+------------------------------------+------------------------------------+------------------------------------+------------------------------------+
epoch: 19 s: 0 batch_loss 0.14280320703983307 BPR_loss 0.11206869781017303 reg_loss 0.030734511092305183
epoch: 19 s: 256000 batch_loss 0.13304024934768677 BPR_loss 0.10148757696151733 reg_loss 0.031552668660879135
epoch: 19 s: 512000 batch_loss 0.132052481174469 BPR_loss 0.10220368951559067 reg_loss 0.029848793521523476
epoch: 19 s: 768000 batch_loss 0.12659543752670288 BPR_loss 0.09586097300052643 reg_loss 0.030734458938241005
+-------+-------------------+--------------------+-------------------+------------------------------------+------------------------------------+------------------------------------+------------------------------------+
| Epoch |  training time(s) |   tesing time(s)   |        Loss       |               recall               |                ndcg                |             precision              |             hit_ratio              |
+-------+-------------------+--------------------+-------------------+------------------------------------+------------------------------------+------------------------------------+------------------------------------+
|   19  | 71.88551831245422 | 100.42586040496826 | 53.72002410888672 | [0.16819135 0.23578076 0.2855252 ] | [0.14153344 0.16295792 0.17778463] | [0.05191741 0.03689631 0.02997019] | [0.56021837 0.66223458 0.72195057] |
+-------+-------------------+--------------------+-------------------+------------------------------------+------------------------------------+------------------------------------+------------------------------------+
epoch: 20 s: 0 batch_loss 0.13661524653434753 BPR_loss 0.10569866001605988 reg_loss 0.030916593968868256
epoch: 20 s: 256000 batch_loss 0.12635096907615662 BPR_loss 0.09552806615829468 reg_loss 0.030822908505797386
epoch: 20 s: 512000 batch_loss 0.13508695363998413 BPR_loss 0.10296717286109924 reg_loss 0.032119788229465485
epoch: 20 s: 768000 batch_loss 0.12340997159481049 BPR_loss 0.09170792996883392 reg_loss 0.031702037900686264
+-------+-------------------+--------------------+------------------+------------------------------------+------------------------------------+------------------------------------+------------------------------------+
| Epoch |  training time(s) |   tesing time(s)   |       Loss       |               recall               |                ndcg                |             precision              |             hit_ratio              |
+-------+-------------------+--------------------+------------------+------------------------------------+------------------------------------+------------------------------------+------------------------------------+
|   20  | 72.29841709136963 | 100.44791388511658 | 52.0950813293457 | [0.16939514 0.23731427 0.28605616] | [0.14239788 0.16388528 0.17846546] | [0.0522674  0.03709559 0.03007011] | [0.56219439 0.66528234 0.72412754] |
+-------+-------------------+--------------------+------------------+------------------------------------+------------------------------------+------------------------------------+------------------------------------+
epoch: 21 s: 0 batch_loss 0.12743553519248962 BPR_loss 0.09700550138950348 reg_loss 0.030430037528276443
epoch: 21 s: 256000 batch_loss 0.13489896059036255 BPR_loss 0.10350368916988373 reg_loss 0.03139526769518852
epoch: 21 s: 512000 batch_loss 0.12382777035236359 BPR_loss 0.09225834906101227 reg_loss 0.03156942501664162
epoch: 21 s: 768000 batch_loss 0.12608680129051208 BPR_loss 0.09386678785085678 reg_loss 0.0322200171649456
+-------+-------------------+-------------------+--------------------+------------------------------------+------------------------------------+------------------------------------+------------------------------------+
| Epoch |  training time(s) |   tesing time(s)  |        Loss        |               recall               |                ndcg                |             precision              |             hit_ratio              |
+-------+-------------------+-------------------+--------------------+------------------------------------+------------------------------------+------------------------------------+------------------------------------+
|   21  | 71.65483617782593 | 94.17134690284729 | 50.568939208984375 | [0.16913851 0.23721004 0.28588654] | [0.1417168  0.16328842 0.17787336] | [0.05203463 0.03701018 0.03000815] | [0.56072074 0.66494742 0.72342421] |
+-------+-------------------+-------------------+--------------------+------------------------------------+------------------------------------+------------------------------------+------------------------------------+
epoch: 22 s: 0 batch_loss 0.11813487112522125 BPR_loss 0.08603297173976898 reg_loss 0.03210189566016197
epoch: 22 s: 256000 batch_loss 0.11770758032798767 BPR_loss 0.08545590937137604 reg_loss 0.03225167095661163
epoch: 22 s: 512000 batch_loss 0.11929868906736374 BPR_loss 0.08697991073131561 reg_loss 0.032318778336048126
epoch: 22 s: 768000 batch_loss 0.12500259280204773 BPR_loss 0.09288898855447769 reg_loss 0.032113611698150635
+-------+-------------------+-------------------+--------------------+------------------------------------+------------------------------------+------------------------------------+------------------------------------+
| Epoch |  training time(s) |   tesing time(s)  |        Loss        |               recall               |                ndcg                |             precision              |             hit_ratio              |
+-------+-------------------+-------------------+--------------------+------------------------------------+------------------------------------+------------------------------------+------------------------------------+
|   22  | 69.82419419288635 | 93.25501704216003 | 49.098297119140625 | [0.16973068 0.23753817 0.28670843] | [0.14197976 0.1634931  0.17821557] | [0.05220376 0.03704535 0.0300729 ] | [0.5625628  0.66615312 0.72436198] |
+-------+-------------------+-------------------+--------------------+------------------------------------+------------------------------------+------------------------------------+------------------------------------+
epoch: 23 s: 0 batch_loss 0.12583966553211212 BPR_loss 0.09384986013174057 reg_loss 0.03198980167508125
epoch: 23 s: 256000 batch_loss 0.11808475852012634 BPR_loss 0.08559224009513855 reg_loss 0.032492514699697495
epoch: 23 s: 512000 batch_loss 0.1176924780011177 BPR_loss 0.08446821570396423 reg_loss 0.03322426229715347
epoch: 23 s: 768000 batch_loss 0.11446353793144226 BPR_loss 0.08133791387081146 reg_loss 0.0331256240606308
+-------+-------------------+-------------------+-------------------+------------------------------------+------------------------------------+------------------------------------+------------------------------------+
| Epoch |  training time(s) |   tesing time(s)  |        Loss       |               recall               |                ndcg                |             precision              |             hit_ratio              |
+-------+-------------------+-------------------+-------------------+------------------------------------+------------------------------------+------------------------------------+------------------------------------+
|   23  | 70.84540367126465 | 95.66241431236267 | 47.95425796508789 | [0.16981836 0.23858774 0.28754152] | [0.14251277 0.16434722 0.17900158] | [0.05220209 0.0371341  0.03010304] | [0.56326613 0.66836359 0.7267399 ] |
+-------+-------------------+-------------------+-------------------+------------------------------------+------------------------------------+------------------------------------+------------------------------------+
epoch: 24 s: 0 batch_loss 0.12430445104837418 BPR_loss 0.0908370092511177 reg_loss 0.03346744179725647
epoch: 24 s: 256000 batch_loss 0.11098990589380264 BPR_loss 0.07834208011627197 reg_loss 0.03264782577753067
epoch: 24 s: 512000 batch_loss 0.12167425453662872 BPR_loss 0.08839640021324158 reg_loss 0.03327785059809685
epoch: 24 s: 768000 batch_loss 0.11877720057964325 BPR_loss 0.08519098162651062 reg_loss 0.03358622267842293
+-------+-------------------+-------------------+--------------------+------------------------------------+------------------------------------+------------------------------------+------------------------------------+
| Epoch |  training time(s) |   tesing time(s)  |        Loss        |               recall               |                ndcg                |             precision              |             hit_ratio              |
+-------+-------------------+-------------------+--------------------+------------------------------------+------------------------------------+------------------------------------+------------------------------------+
|   24  | 72.84014415740967 | 95.65661525726318 | 46.546913146972656 | [0.17004286 0.23852774 0.28778556] | [0.14238066 0.1641957  0.17890155] | [0.0521619  0.03715001 0.03009467] | [0.56333311 0.66796169 0.72506531] |
+-------+-------------------+-------------------+--------------------+------------------------------------+------------------------------------+------------------------------------+------------------------------------+
epoch: 25 s: 0 batch_loss 0.11539088934659958 BPR_loss 0.08204454183578491 reg_loss 0.03334634751081467
epoch: 25 s: 256000 batch_loss 0.11459015309810638 BPR_loss 0.08071157336235046 reg_loss 0.03387858346104622
epoch: 25 s: 512000 batch_loss 0.12064731121063232 BPR_loss 0.08765628188848495 reg_loss 0.03299102559685707
epoch: 25 s: 768000 batch_loss 0.12524083256721497 BPR_loss 0.09050633013248444 reg_loss 0.03473449498414993
+-------+-------------------+-------------------+--------------------+------------------------------------+------------------------------------+------------------------------------+------------------------------------+
| Epoch |  training time(s) |   tesing time(s)  |        Loss        |               recall               |                ndcg                |             precision              |             hit_ratio              |
+-------+-------------------+-------------------+--------------------+------------------------------------+------------------------------------+------------------------------------+------------------------------------+
|   25  | 71.08951234817505 | 92.44128513336182 | 45.670989990234375 | [0.1698672  0.2389089  0.28809564] | [0.14226806 0.16421629 0.17891151] | [0.05210999 0.03717429 0.03010081] | [0.56309867 0.66826311 0.72657244] |
+-------+-------------------+-------------------+--------------------+------------------------------------+------------------------------------+------------------------------------+------------------------------------+
epoch: 26 s: 0 batch_loss 0.10009115934371948 BPR_loss 0.06637521088123322 reg_loss 0.033715952187776566
epoch: 26 s: 256000 batch_loss 0.11709482967853546 BPR_loss 0.08308395743370056 reg_loss 0.0340108759701252
epoch: 26 s: 512000 batch_loss 0.10754790157079697 BPR_loss 0.07420320808887482 reg_loss 0.03334469348192215
epoch: 26 s: 768000 batch_loss 0.11207805573940277 BPR_loss 0.07783854007720947 reg_loss 0.034239511936903
+-------+-------------------+-------------------+------------------+------------------------------------+------------------------------------+------------------------------------+------------------------------------+
| Epoch |  training time(s) |   tesing time(s)  |       Loss       |               recall               |                ndcg                |             precision              |             hit_ratio              |
+-------+-------------------+-------------------+------------------+------------------------------------+------------------------------------+------------------------------------+------------------------------------+
|   26  | 69.81208229064941 | 92.32859396934509 | 44.6782341003418 | [0.17040569 0.23903345 0.28825903] | [0.14278904 0.1645505  0.17929638] | [0.05231931 0.03716341 0.03013765] | [0.56323263 0.66826311 0.72694085] |
+-------+-------------------+-------------------+------------------+------------------------------------+------------------------------------+------------------------------------+------------------------------------+
epoch: 27 s: 0 batch_loss 0.10622954368591309 BPR_loss 0.07258227467536926 reg_loss 0.03364727273583412
epoch: 27 s: 256000 batch_loss 0.10322082042694092 BPR_loss 0.06976482272148132 reg_loss 0.033455997705459595
epoch: 27 s: 512000 batch_loss 0.1130119189620018 BPR_loss 0.0787476971745491 reg_loss 0.0342642217874527
epoch: 27 s: 768000 batch_loss 0.11312228441238403 BPR_loss 0.07928994297981262 reg_loss 0.03383234143257141
+-------+-------------------+-------------------+--------------------+------------------------------------+------------------------------------+------------------------------------+------------------------------------+
| Epoch |  training time(s) |   tesing time(s)  |        Loss        |               recall               |                ndcg                |             precision              |             hit_ratio              |
+-------+-------------------+-------------------+--------------------+------------------------------------+------------------------------------+------------------------------------+------------------------------------+
|   27  | 71.83619379997253 | 99.60603427886963 | 43.562198638916016 | [0.17028752 0.23901831 0.28805238] | [0.1427359  0.16458557 0.17924311] | [0.05224563 0.03715922 0.03009076] | [0.56319914 0.66863152 0.72623752] |
+-------+-------------------+-------------------+--------------------+------------------------------------+------------------------------------+------------------------------------+------------------------------------+
epoch: 28 s: 0 batch_loss 0.11473744362592697 BPR_loss 0.08072976768016815 reg_loss 0.03400767594575882
epoch: 28 s: 256000 batch_loss 0.1104242354631424 BPR_loss 0.07582779228687286 reg_loss 0.03459643945097923
epoch: 28 s: 512000 batch_loss 0.0987667441368103 BPR_loss 0.06351159512996674 reg_loss 0.03525514900684357
epoch: 28 s: 768000 batch_loss 0.09617632627487183 BPR_loss 0.06123041361570358 reg_loss 0.03494591265916824
+-------+-------------------+-------------------+-------------------+------------------------------------+------------------------------------+------------------------------------+------------------------------------+
| Epoch |  training time(s) |   tesing time(s)  |        Loss       |               recall               |                ndcg                |             precision              |             hit_ratio              |
+-------+-------------------+-------------------+-------------------+------------------------------------+------------------------------------+------------------------------------+------------------------------------+
|   28  | 70.51807832717896 | 90.86777949333191 | 42.71893310546875 | [0.17067735 0.23973242 0.28899561] | [0.14271768 0.16471768 0.17944029] | [0.05218032 0.03720109 0.03013598] | [0.56303168 0.66836359 0.72747672] |
+-------+-------------------+-------------------+-------------------+------------------------------------+------------------------------------+------------------------------------+------------------------------------+
epoch: 29 s: 0 batch_loss 0.10968528687953949 BPR_loss 0.07497522979974747 reg_loss 0.034710053354501724
epoch: 29 s: 256000 batch_loss 0.0999298244714737 BPR_loss 0.0654294341802597 reg_loss 0.03450039029121399
epoch: 29 s: 512000 batch_loss 0.11021773517131805 BPR_loss 0.07522599399089813 reg_loss 0.03499174118041992
epoch: 29 s: 768000 batch_loss 0.09984393417835236 BPR_loss 0.06484144926071167 reg_loss 0.035002484917640686
+-------+-------------------+------------------+--------------------+------------------------------------+------------------------------------+------------------------------------+------------------------------------+
| Epoch |  training time(s) |  tesing time(s)  |        Loss        |               recall               |                ndcg                |             precision              |             hit_ratio              |
+-------+-------------------+------------------+--------------------+------------------------------------+------------------------------------+------------------------------------+------------------------------------+
|   29  | 70.96067714691162 | 94.6743495464325 | 41.925289154052734 | [0.17120101 0.2404638  0.28910826] | [0.14309559 0.16512553 0.17971844] | [0.05236285 0.03725383 0.03015607] | [0.56447183 0.66993771 0.72710831] |
+-------+-------------------+------------------+--------------------+------------------------------------+------------------------------------+------------------------------------+------------------------------------+
epoch: 30 s: 0 batch_loss 0.10296116769313812 BPR_loss 0.06781388819217682 reg_loss 0.035147275775671005
epoch: 30 s: 256000 batch_loss 0.09620235860347748 BPR_loss 0.06062353402376175 reg_loss 0.03557882830500603
epoch: 30 s: 512000 batch_loss 0.10362979769706726 BPR_loss 0.06709323078393936 reg_loss 0.0365365669131279
epoch: 30 s: 768000 batch_loss 0.10619854927062988 BPR_loss 0.07103648036718369 reg_loss 0.0351620689034462
+-------+-------------------+-------------------+--------------------+------------------------------------+------------------------------------+------------------------------------+------------------------------------+
| Epoch |  training time(s) |   tesing time(s)  |        Loss        |               recall               |                ndcg                |             precision              |             hit_ratio              |
+-------+-------------------+-------------------+--------------------+------------------------------------+------------------------------------+------------------------------------+------------------------------------+
|   30  | 70.90177822113037 | 87.99646234512329 | 40.910640716552734 | [0.17148012 0.24002997 0.28853591] | [0.143148   0.16491664 0.17946883] | [0.05243821 0.03719104 0.03008909] | [0.56534262 0.66889946 0.72650546] |
+-------+-------------------+-------------------+--------------------+------------------------------------+------------------------------------+------------------------------------+------------------------------------+
epoch: 31 s: 0 batch_loss 0.09589330852031708 BPR_loss 0.061515726149082184 reg_loss 0.03437758609652519
epoch: 31 s: 256000 batch_loss 0.09556097537279129 BPR_loss 0.05966816842556 reg_loss 0.03589280694723129
epoch: 31 s: 512000 batch_loss 0.11161990463733673 BPR_loss 0.07634573429822922 reg_loss 0.03527417406439781
epoch: 31 s: 768000 batch_loss 0.09851690381765366 BPR_loss 0.06282953917980194 reg_loss 0.035687364637851715
+-------+-------------------+-------------------+-------------------+------------------------------------+------------------------------------+------------------------------------+------------------------------------+
| Epoch |  training time(s) |   tesing time(s)  |        Loss       |               recall               |                ndcg                |             precision              |             hit_ratio              |
+-------+-------------------+-------------------+-------------------+------------------------------------+------------------------------------+------------------------------------+------------------------------------+
|   31  | 71.18193459510803 | 93.52825880050659 | 40.57145690917969 | [0.17078083 0.23964741 0.28861716] | [0.1425914  0.16453406 0.17919997] | [0.05208989 0.03705958 0.03001987] | [0.56319914 0.66903342 0.72660593] |
+-------+-------------------+-------------------+-------------------+------------------------------------+------------------------------------+------------------------------------+------------------------------------+
epoch: 32 s: 0 batch_loss 0.1011609360575676 BPR_loss 0.0661935955286026 reg_loss 0.034967340528964996
epoch: 32 s: 256000 batch_loss 0.10137102007865906 BPR_loss 0.06569815427064896 reg_loss 0.0356728695333004
epoch: 32 s: 512000 batch_loss 0.10112593322992325 BPR_loss 0.06561565399169922 reg_loss 0.03551027923822403
epoch: 32 s: 768000 batch_loss 0.10446377098560333 BPR_loss 0.06881250441074371 reg_loss 0.03565126284956932
+-------+------------------+------------------+-------------------+------------------------------------+------------------------------------+------------------------------------+------------------------------------+
| Epoch | training time(s) |  tesing time(s)  |        Loss       |               recall               |                ndcg                |             precision              |             hit_ratio              |
+-------+------------------+------------------+-------------------+------------------------------------+------------------------------------+------------------------------------+------------------------------------+
|   32  | 68.4586763381958 | 86.8030436038971 | 39.54116439819336 | [0.17110981 0.23917065 0.28859093] | [0.14287855 0.16455468 0.17935907] | [0.05214515 0.03695743 0.02999587] | [0.56561056 0.66893295 0.72667292] |
+-------+------------------+------------------+-------------------+------------------------------------+------------------------------------+------------------------------------+------------------------------------+
epoch: 33 s: 0 batch_loss 0.0986030325293541 BPR_loss 0.06388567388057709 reg_loss 0.03471735864877701
epoch: 33 s: 256000 batch_loss 0.08633492141962051 BPR_loss 0.05081093683838844 reg_loss 0.03552398458123207
epoch: 33 s: 512000 batch_loss 0.09297943860292435 BPR_loss 0.057121969759464264 reg_loss 0.03585746884346008
epoch: 33 s: 768000 batch_loss 0.0940205380320549 BPR_loss 0.05843453109264374 reg_loss 0.03558600693941116
+-------+-------------------+-------------------+--------------------+------------------------------------+------------------------------------+------------------------------------+------------------------------------+
| Epoch |  training time(s) |   tesing time(s)  |        Loss        |               recall               |                ndcg                |             precision              |             hit_ratio              |
+-------+-------------------+-------------------+--------------------+------------------------------------+------------------------------------+------------------------------------+------------------------------------+
|   33  | 67.05185437202454 | 89.90168380737305 | 38.890132904052734 | [0.17097237 0.23979438 0.28927693] | [0.14307435 0.16499153 0.17980364] | [0.05220376 0.03706293 0.03005225] | [0.56463929 0.6699712  0.72888338] |
+-------+-------------------+-------------------+--------------------+------------------------------------+------------------------------------+------------------------------------+------------------------------------+
epoch: 34 s: 0 batch_loss 0.09731458127498627 BPR_loss 0.06123071163892746 reg_loss 0.03608386591076851
epoch: 34 s: 256000 batch_loss 0.09699058532714844 BPR_loss 0.06076286733150482 reg_loss 0.03622771427035332
epoch: 34 s: 512000 batch_loss 0.0925624668598175 BPR_loss 0.057650551199913025 reg_loss 0.03491191938519478
epoch: 34 s: 768000 batch_loss 0.09660708904266357 BPR_loss 0.061129603534936905 reg_loss 0.03547748178243637
+-------+-------------------+-------------------+-------------------+------------------------------------+------------------------------------+------------------------------------+------------------------------------+
| Epoch |  training time(s) |   tesing time(s)  |        Loss       |               recall               |                ndcg                |             precision              |             hit_ratio              |
+-------+-------------------+-------------------+-------------------+------------------------------------+------------------------------------+------------------------------------+------------------------------------+
|   34  | 66.27827525138855 | 78.54465699195862 | 38.20969772338867 | [0.17063627 0.23913355 0.28889115] | [0.14240584 0.16428066 0.1791578 ] | [0.05190904 0.03692059 0.02996461] | [0.56366803 0.66893295 0.72744323] |
+-------+-------------------+-------------------+-------------------+------------------------------------+------------------------------------+------------------------------------+------------------------------------+
epoch: 35 s: 0 batch_loss 0.09546929597854614 BPR_loss 0.059442613273859024 reg_loss 0.03602668270468712
epoch: 35 s: 256000 batch_loss 0.0903891921043396 BPR_loss 0.054873570799827576 reg_loss 0.03551562502980232
epoch: 35 s: 512000 batch_loss 0.09892196953296661 BPR_loss 0.06317155808210373 reg_loss 0.035750411450862885
epoch: 35 s: 768000 batch_loss 0.09620757400989532 BPR_loss 0.06036786735057831 reg_loss 0.03583970293402672
+-------+-------------------+------------------+--------------------+------------------------------------+------------------------------------+------------------------------------+------------------------------------+
| Epoch |  training time(s) |  tesing time(s)  |        Loss        |               recall               |                ndcg                |             precision              |             hit_ratio              |
+-------+-------------------+------------------+--------------------+------------------------------------+------------------------------------+------------------------------------+------------------------------------+
|   35  | 67.42975401878357 | 70.3205144405365 | 37.574913024902344 | [0.17090311 0.23976717 0.28897457] | [0.14255849 0.16452608 0.17926269] | [0.05196932 0.03695659 0.02996238] | [0.56383549 0.66933485 0.72700784] |
+-------+-------------------+------------------+--------------------+------------------------------------+------------------------------------+------------------------------------+------------------------------------+
epoch: 36 s: 0 batch_loss 0.09485112130641937 BPR_loss 0.058379679918289185 reg_loss 0.03647144138813019
epoch: 36 s: 256000 batch_loss 0.0921434834599495 BPR_loss 0.05554930120706558 reg_loss 0.03659418225288391
epoch: 36 s: 512000 batch_loss 0.08648670464754105 BPR_loss 0.0509444996714592 reg_loss 0.03554220497608185
epoch: 36 s: 768000 batch_loss 0.08718021214008331 BPR_loss 0.051231905817985535 reg_loss 0.03594831004738808
+-------+-------------------+-------------------+-------------------+------------------------------------+------------------------------------+------------------------------------+------------------------------------+
| Epoch |  training time(s) |   tesing time(s)  |        Loss       |               recall               |                ndcg                |             precision              |             hit_ratio              |
+-------+-------------------+-------------------+-------------------+------------------------------------+------------------------------------+------------------------------------+------------------------------------+
|   36  | 65.84957313537598 | 75.50107002258301 | 37.19599151611328 | [0.17147418 0.2399339  0.28962074] | [0.14261064 0.16452158 0.17939676] | [0.05198272 0.03699678 0.03003438] | [0.56574452 0.66956929 0.728381  ] |
+-------+-------------------+-------------------+-------------------+------------------------------------+------------------------------------+------------------------------------+------------------------------------+
epoch: 37 s: 0 batch_loss 0.09443765878677368 BPR_loss 0.05836545675992966 reg_loss 0.036072202026844025
epoch: 37 s: 256000 batch_loss 0.09734094142913818 BPR_loss 0.061807263642549515 reg_loss 0.03553367778658867
epoch: 37 s: 512000 batch_loss 0.09313026070594788 BPR_loss 0.05643253028392792 reg_loss 0.03669773414731026
epoch: 37 s: 768000 batch_loss 0.08720673620700836 BPR_loss 0.050725698471069336 reg_loss 0.03648103401064873
+-------+-------------------+-------------------+-------------------+------------------------------------+------------------------------------+------------------------------------+------------------------------------+
| Epoch |  training time(s) |   tesing time(s)  |        Loss       |               recall               |                ndcg                |             precision              |             hit_ratio              |
+-------+-------------------+-------------------+-------------------+------------------------------------+------------------------------------+------------------------------------+------------------------------------+
|   37  | 67.68252968788147 | 82.22499060630798 | 36.55044174194336 | [0.17161661 0.24049912 0.2896318 ] | [0.14255281 0.16461976 0.17931052] | [0.05199779 0.03705372 0.03000871] | [0.56591198 0.67027262 0.72861545] |
+-------+-------------------+-------------------+-------------------+------------------------------------+------------------------------------+------------------------------------+------------------------------------+
epoch: 38 s: 0 batch_loss 0.09419950842857361 BPR_loss 0.05815930664539337 reg_loss 0.03604020178318024
epoch: 38 s: 256000 batch_loss 0.09388962388038635 BPR_loss 0.057929836213588715 reg_loss 0.03595978766679764
epoch: 38 s: 512000 batch_loss 0.08823436498641968 BPR_loss 0.05183284729719162 reg_loss 0.036401521414518356
epoch: 38 s: 768000 batch_loss 0.09197495877742767 BPR_loss 0.05547131597995758 reg_loss 0.03650364279747009
+-------+-------------------+-------------------+-------------------+------------------------------------+------------------------------------+------------------------------------+------------------------------------+
| Epoch |  training time(s) |   tesing time(s)  |        Loss       |               recall               |                ndcg                |             precision              |             hit_ratio              |
+-------+-------------------+-------------------+-------------------+------------------------------------+------------------------------------+------------------------------------+------------------------------------+
|   38  | 68.83533596992493 | 73.65744590759277 | 36.05152893066406 | [0.17083891 0.23942503 0.28920022] | [0.14228159 0.16424286 0.17911619] | [0.05189396 0.03695827 0.03000201] | [0.5633666  0.6691339  0.72848148] |
+-------+-------------------+-------------------+-------------------+------------------------------------+------------------------------------+------------------------------------+------------------------------------+
epoch: 39 s: 0 batch_loss 0.08218061923980713 BPR_loss 0.046385444700717926 reg_loss 0.035795170813798904
epoch: 39 s: 256000 batch_loss 0.09405659139156342 BPR_loss 0.058224912732839584 reg_loss 0.03583168238401413
epoch: 39 s: 512000 batch_loss 0.08536829054355621 BPR_loss 0.049992553889751434 reg_loss 0.03537573292851448
epoch: 39 s: 768000 batch_loss 0.08798368275165558 BPR_loss 0.051152803003787994 reg_loss 0.036830876022577286
+-------+------------------+------------------+-------------------+------------------------------------+------------------------------------+------------------------------------+------------------------------------+
| Epoch | training time(s) |  tesing time(s)  |        Loss       |               recall               |                ndcg                |             precision              |             hit_ratio              |
+-------+------------------+------------------+-------------------+------------------------------------+------------------------------------+------------------------------------+------------------------------------+
|   39  | 67.2355432510376 | 75.0079083442688 | 35.81402587890625 | [0.17061125 0.23917492 0.2888769 ] | [0.1421326  0.16404711 0.17893987] | [0.05171813 0.03677909 0.02989428] | [0.56279724 0.66966977 0.72774466] |
+-------+------------------+------------------+-------------------+------------------------------------+------------------------------------+------------------------------------+------------------------------------+
epoch: 40 s: 0 batch_loss 0.08832554519176483 BPR_loss 0.05229951813817024 reg_loss 0.03602603077888489
epoch: 40 s: 256000 batch_loss 0.08306541293859482 BPR_loss 0.04694563150405884 reg_loss 0.03611978143453598
epoch: 40 s: 512000 batch_loss 0.08868306875228882 BPR_loss 0.05185603350400925 reg_loss 0.03682703152298927
epoch: 40 s: 768000 batch_loss 0.08878324925899506 BPR_loss 0.052220411598682404 reg_loss 0.03656283766031265
+-------+-------------------+------------------+-------------------+------------------------------------+------------------------------------+------------------------------------+------------------------------------+
| Epoch |  training time(s) |  tesing time(s)  |        Loss       |               recall               |                ndcg                |             precision              |             hit_ratio              |
+-------+-------------------+------------------+-------------------+------------------------------------+------------------------------------+------------------------------------+------------------------------------+
|   40  | 58.43063998222351 | 48.6467022895813 | 35.16161346435547 | [0.17048046 0.2392749  0.2886651 ] | [0.14213653 0.16413906 0.17891648] | [0.05174158 0.03685612 0.02989874] | [0.56316565 0.668732   0.72848148] |
+-------+-------------------+------------------+-------------------+------------------------------------+------------------------------------+------------------------------------+------------------------------------+
epoch: 41 s: 0 batch_loss 0.09159724414348602 BPR_loss 0.054936327040195465 reg_loss 0.036660920828580856
epoch: 41 s: 256000 batch_loss 0.08836634457111359 BPR_loss 0.052012983709573746 reg_loss 0.03635336086153984
epoch: 41 s: 512000 batch_loss 0.08591076731681824 BPR_loss 0.049680039286613464 reg_loss 0.03623072803020477
epoch: 41 s: 768000 batch_loss 0.08872593939304352 BPR_loss 0.053135134279727936 reg_loss 0.03559080883860588
+-------+--------------------+-------------------+-------------------+------------------------------------+------------------------------------+------------------------------------+------------------------------------+
| Epoch |  training time(s)  |   tesing time(s)  |        Loss       |               recall               |                ndcg                |             precision              |             hit_ratio              |
+-------+--------------------+-------------------+-------------------+------------------------------------+------------------------------------+------------------------------------+------------------------------------+
|   41  | 58.887800455093384 | 62.18849849700928 | 34.72229766845703 | [0.17089531 0.23954041 0.28836475] | [0.14213113 0.16406832 0.17870168] | [0.05166287 0.03678914 0.0298072 ] | [0.56326613 0.66863152 0.72807958] |
+-------+--------------------+-------------------+-------------------+------------------------------------+------------------------------------+------------------------------------+------------------------------------+
epoch: 42 s: 0 batch_loss 0.0883185863494873 BPR_loss 0.0522732250392437 reg_loss 0.036045365035533905
epoch: 42 s: 256000 batch_loss 0.08912140130996704 BPR_loss 0.051918428391218185 reg_loss 0.037202976644039154
epoch: 42 s: 512000 batch_loss 0.08505190908908844 BPR_loss 0.04839416593313217 reg_loss 0.03665773943066597
epoch: 42 s: 768000 batch_loss 0.08985433727502823 BPR_loss 0.05407366156578064 reg_loss 0.03578067570924759
+-------+--------------------+-------------------+-------------------+------------------------------------+------------------------------------+------------------------------------+------------------------------------+
| Epoch |  training time(s)  |   tesing time(s)  |        Loss       |               recall               |                ndcg                |             precision              |             hit_ratio              |
+-------+--------------------+-------------------+-------------------+------------------------------------+------------------------------------+------------------------------------+------------------------------------+
|   42  | 60.183889627456665 | 67.22570061683655 | 34.38187026977539 | [0.17076463 0.2393017  0.28889568] | [0.14209973 0.16396817 0.17881072] | [0.05169469 0.03675983 0.02984348] | [0.56279724 0.66916739 0.72911782] |
+-------+--------------------+-------------------+-------------------+------------------------------------+------------------------------------+------------------------------------+------------------------------------+
epoch: 43 s: 0 batch_loss 0.09002842754125595 BPR_loss 0.052941516041755676 reg_loss 0.037086911499500275
epoch: 43 s: 256000 batch_loss 0.08774416893720627 BPR_loss 0.052376724779605865 reg_loss 0.0353674441576004
epoch: 43 s: 512000 batch_loss 0.0836312398314476 BPR_loss 0.04755771532654762 reg_loss 0.03607352450489998
epoch: 43 s: 768000 batch_loss 0.08100804686546326 BPR_loss 0.04411236196756363 reg_loss 0.036895688623189926
+-------+-------------------+-------------------+--------------------+------------------------------------+------------------------------------+------------------------------------+------------------------------------+
| Epoch |  training time(s) |   tesing time(s)  |        Loss        |               recall               |                ndcg                |             precision              |             hit_ratio              |
+-------+-------------------+-------------------+--------------------+------------------------------------+------------------------------------+------------------------------------+------------------------------------+
|   43  | 59.13811945915222 | 69.11227011680603 | 34.025821685791016 | [0.1713446  0.24014585 0.28970674] | [0.14261793 0.16457138 0.17940474] | [0.05194588 0.0369365  0.02997522] | [0.56433787 0.67080849 0.73025655] |
+-------+-------------------+-------------------+--------------------+------------------------------------+------------------------------------+------------------------------------+------------------------------------+
epoch: 44 s: 0 batch_loss 0.0842643529176712 BPR_loss 0.04752471297979355 reg_loss 0.036739639937877655
epoch: 44 s: 256000 batch_loss 0.08257434517145157 BPR_loss 0.04602908715605736 reg_loss 0.03654525801539421
epoch: 44 s: 512000 batch_loss 0.08117982000112534 BPR_loss 0.045061975717544556 reg_loss 0.03611784428358078
epoch: 44 s: 768000 batch_loss 0.07656139880418777 BPR_loss 0.03969600051641464 reg_loss 0.03686539828777313
+-------+--------------------+-------------------+-------------------+------------------------------------+------------------------------------+------------------------------------+------------------------------------+
| Epoch |  training time(s)  |   tesing time(s)  |        Loss       |               recall               |                ndcg                |             precision              |             hit_ratio              |
+-------+--------------------+-------------------+-------------------+------------------------------------+------------------------------------+------------------------------------+------------------------------------+
|   44  | 60.234971046447754 | 65.98977756500244 | 33.47914505004883 | [0.17039686 0.23981259 0.28854675] | [0.14157535 0.16380078 0.17837088] | [0.05158919 0.03687286 0.02983399] | [0.56239534 0.67000469 0.72663943] |
+-------+--------------------+-------------------+-------------------+------------------------------------+------------------------------------+------------------------------------+------------------------------------+
epoch: 45 s: 0 batch_loss 0.08096382021903992 BPR_loss 0.044789690524339676 reg_loss 0.03617412596940994
epoch: 45 s: 256000 batch_loss 0.08618184924125671 BPR_loss 0.05026905983686447 reg_loss 0.03591279312968254
epoch: 45 s: 512000 batch_loss 0.08780345320701599 BPR_loss 0.050769928842782974 reg_loss 0.03703352436423302
epoch: 45 s: 768000 batch_loss 0.0853385403752327 BPR_loss 0.04878830909729004 reg_loss 0.03655023127794266
+-------+------------------+-------------------+--------------------+------------------------------------+------------------------------------+------------------------------------+------------------------------------+
| Epoch | training time(s) |   tesing time(s)  |        Loss        |               recall               |                ndcg                |             precision              |             hit_ratio              |
+-------+------------------+-------------------+--------------------+------------------------------------+------------------------------------+------------------------------------+------------------------------------+
|   45  | 60.279780626297  | 62.82502627372742 | 33.137264251708984 | [0.17072059 0.23996657 0.288536  ] | [0.14188923 0.1640646  0.17862303] | [0.0515624  0.03681258 0.02981501] | [0.56343359 0.67000469 0.72637149] |
+-------+------------------+-------------------+--------------------+------------------------------------+------------------------------------+------------------------------------+------------------------------------+
epoch: 46 s: 0 batch_loss 0.09035328030586243 BPR_loss 0.05385390296578407 reg_loss 0.03649938106536865
epoch: 46 s: 256000 batch_loss 0.08033045381307602 BPR_loss 0.04395659640431404 reg_loss 0.03637385740876198
epoch: 46 s: 512000 batch_loss 0.07637110352516174 BPR_loss 0.04001700505614281 reg_loss 0.036354102194309235
epoch: 46 s: 768000 batch_loss 0.08547283709049225 BPR_loss 0.04868428036570549 reg_loss 0.03678855672478676
+-------+-------------------+-------------------+-------------------+------------------------------------+------------------------------------+------------------------------------+------------------------------------+
| Epoch |  training time(s) |   tesing time(s)  |        Loss       |               recall               |                ndcg                |             precision              |             hit_ratio              |
+-------+-------------------+-------------------+-------------------+------------------------------------+------------------------------------+------------------------------------+------------------------------------+
|   46  | 59.81349992752075 | 50.54384708404541 | 32.78501510620117 | [0.17098615 0.2400927  0.28829397] | [0.14182324 0.16394001 0.17841197] | [0.05160928 0.03676904 0.02974524] | [0.56524215 0.67027262 0.72781164] |
+-------+-------------------+-------------------+-------------------+------------------------------------+------------------------------------+------------------------------------+------------------------------------+
epoch: 47 s: 0 batch_loss 0.08887320756912231 BPR_loss 0.052494898438453674 reg_loss 0.03637830540537834
epoch: 47 s: 256000 batch_loss 0.08646298199892044 BPR_loss 0.050070762634277344 reg_loss 0.0363922193646431
epoch: 47 s: 512000 batch_loss 0.08247843384742737 BPR_loss 0.04565885663032532 reg_loss 0.03681957349181175
epoch: 47 s: 768000 batch_loss 0.08132268488407135 BPR_loss 0.045201197266578674 reg_loss 0.036121487617492676
+-------+--------------------+------------------+-------------------+------------------------------------+------------------------------------+------------------------------------+------------------------------------+
| Epoch |  training time(s)  |  tesing time(s)  |        Loss       |               recall               |                ndcg                |             precision              |             hit_ratio              |
+-------+--------------------+------------------+-------------------+------------------------------------+------------------------------------+------------------------------------+------------------------------------+
|   47  | 59.023173093795776 | 47.7619264125824 | 32.51173400878906 | [0.17058426 0.23993002 0.28833138] | [0.14146702 0.16367019 0.17818264] | [0.05143178 0.03670373 0.02972179] | [0.56242883 0.66987072 0.72784513] |
+-------+--------------------+------------------+-------------------+------------------------------------+------------------------------------+------------------------------------+------------------------------------+
Early stopping is trigger at step: 10 log:0.17058425681028253
early stopping at 47, recall@20:0.1716
