Namespace(K=1, Ks='[20, 40, 60]', batch_size=2048, batch_test_flag=True, context_hops=3, cuda=True, data_path='data/', dataset='gowalla', dim=64, edge_dropout=False, edge_dropout_rate=0.1, epoch=1000, eps=0.01, gnn='lightgcn', gpu_id=3, l2=0.0001, lr=0.008, mess_dropout=False, mess_dropout_rate=0.1, n_negs=16, ns='mixgcf', out_dir='./weights/yelp2018/', pool='mean', save=False, test_batch_size=2048, test_flag='part')
reading train and test user-item set ...
building the adj mat ...
loading over ...
卷积器不需要第0层embedding
拿这个最难的neg_item去和pos_item在每一个维度上自适应权重......
start training ...
epoch: 0 s: 0 batch_loss 0.6931487321853638 BPR_loss 0.6931487321853638 reg_loss 2.4288397071359213e-08
epoch: 0 s: 256000 batch_loss 0.5584189295768738 BPR_loss 0.5568513870239258 reg_loss 0.0015675368485972285
epoch: 0 s: 512000 batch_loss 0.48406296968460083 BPR_loss 0.4809498190879822 reg_loss 0.0031131517607718706
epoch: 0 s: 768000 batch_loss 0.44327983260154724 BPR_loss 0.43909940123558044 reg_loss 0.004180419258773327
+-------+-------------------+--------------------+-------------------+------------------------------------+------------------------------------+------------------------------------+------------------------------------+
| Epoch |  training time(s) |   tesing time(s)   |        Loss       |               recall               |                ndcg                |             precision              |             hit_ratio              |
+-------+-------------------+--------------------+-------------------+------------------------------------+------------------------------------+------------------------------------+------------------------------------+
|   0   | 88.69432020187378 | 105.67385864257812 | 210.0155792236328 | [0.13187753 0.1899404  0.23129249] | [0.11110232 0.12929896 0.14160787] | [0.04202056 0.03036205 0.0247756 ] | [0.48429232 0.5905285  0.65108179] |
+-------+-------------------+--------------------+-------------------+------------------------------------+------------------------------------+------------------------------------+------------------------------------+
epoch: 1 s: 0 batch_loss 0.46068528294563293 BPR_loss 0.4563257694244385 reg_loss 0.004359503276646137
epoch: 1 s: 256000 batch_loss 0.40233373641967773 BPR_loss 0.3967166543006897 reg_loss 0.005617079325020313
epoch: 1 s: 512000 batch_loss 0.3836011290550232 BPR_loss 0.3769625425338745 reg_loss 0.006638573482632637
epoch: 1 s: 768000 batch_loss 0.355044424533844 BPR_loss 0.34714213013648987 reg_loss 0.007902281358838081
+-------+-------------------+-------------------+-------------------+------------------------------------+------------------------------------+------------------------------------+------------------------------------+
| Epoch |  training time(s) |   tesing time(s)  |        Loss       |               recall               |                ndcg                |             precision              |             hit_ratio              |
+-------+-------------------+-------------------+-------------------+------------------------------------+------------------------------------+------------------------------------+------------------------------------+
|   1   | 79.47867798805237 | 54.12469696998596 | 160.5117645263672 | [0.1408419  0.20148826 0.24404274] | [0.11830859 0.13729568 0.14999961] | [0.04462791 0.03201906 0.02606616] | [0.5045214  0.61082457 0.66849756] |
+-------+-------------------+-------------------+-------------------+------------------------------------+------------------------------------+------------------------------------+------------------------------------+
epoch: 2 s: 0 batch_loss 0.3706110715866089 BPR_loss 0.3627914786338806 reg_loss 0.007819601334631443
epoch: 2 s: 256000 batch_loss 0.3744584321975708 BPR_loss 0.36593449115753174 reg_loss 0.008523943834006786
epoch: 2 s: 512000 batch_loss 0.33025455474853516 BPR_loss 0.3204689025878906 reg_loss 0.009785646572709084
epoch: 2 s: 768000 batch_loss 0.31399014592170715 BPR_loss 0.30309543013572693 reg_loss 0.010894721373915672
+-------+-------------------+--------------------+--------------------+------------------------------------+------------------------------------+------------------------------------+------------------------------------+
| Epoch |  training time(s) |   tesing time(s)   |        Loss        |               recall               |                ndcg                |             precision              |             hit_ratio              |
+-------+-------------------+--------------------+--------------------+------------------------------------+------------------------------------+------------------------------------+------------------------------------+
|   2   | 76.97109508514404 | 130.76139092445374 | 135.90521240234375 | [0.14836232 0.21015487 0.25475136] | [0.12419083 0.14348884 0.15678547] | [0.04681995 0.03335706 0.02714739] | [0.52130082 0.62629781 0.6839708 ] |
+-------+-------------------+--------------------+--------------------+------------------------------------+------------------------------------+------------------------------------+------------------------------------+
epoch: 3 s: 0 batch_loss 0.3108503222465515 BPR_loss 0.2995477616786957 reg_loss 0.011302564293146133
epoch: 3 s: 256000 batch_loss 0.3109065890312195 BPR_loss 0.2990945875644684 reg_loss 0.011812005192041397
epoch: 3 s: 512000 batch_loss 0.284772127866745 BPR_loss 0.27184271812438965 reg_loss 0.012929410673677921
epoch: 3 s: 768000 batch_loss 0.28807875514030457 BPR_loss 0.27443036437034607 reg_loss 0.013648404739797115
+-------+-------------------+--------------------+-----------------+------------------------------------+------------------------------------+------------------------------------+------------------------------------+
| Epoch |  training time(s) |   tesing time(s)   |       Loss      |               recall               |                ndcg                |             precision              |             hit_ratio              |
+-------+-------------------+--------------------+-----------------+------------------------------------+------------------------------------+------------------------------------+------------------------------------+
|   3   | 79.82478284835815 | 139.64882278442383 | 118.19287109375 | [0.15268004 0.21597505 0.26150775] | [0.12817852 0.14795435 0.16158196] | [0.04806584 0.03420775 0.02786523] | [0.53144886 0.63316364 0.69160694] |
+-------+-------------------+--------------------+-----------------+------------------------------------+------------------------------------+------------------------------------+------------------------------------+
epoch: 4 s: 0 batch_loss 0.2735302746295929 BPR_loss 0.26034456491470337 reg_loss 0.013185717165470123
epoch: 4 s: 256000 batch_loss 0.26295438408851624 BPR_loss 0.2486979067325592 reg_loss 0.014256487600505352
epoch: 4 s: 512000 batch_loss 0.26714926958084106 BPR_loss 0.25225579738616943 reg_loss 0.01489347219467163
epoch: 4 s: 768000 batch_loss 0.2606806755065918 BPR_loss 0.2445841133594513 reg_loss 0.0160965658724308
+-------+-------------------+--------------------+-------------------+------------------------------------+------------------------------------+------------------------------------+------------------------------------+
| Epoch |  training time(s) |   tesing time(s)   |        Loss       |               recall               |                ndcg                |             precision              |             hit_ratio              |
+-------+-------------------+--------------------+-------------------+------------------------------------+------------------------------------+------------------------------------+------------------------------------+
|   4   | 77.95660758018494 | 104.11217975616455 | 104.6973876953125 | [0.15631032 0.21961951 0.26615429] | [0.13128041 0.15107374 0.16493768] | [0.049084   0.03479218 0.02829169] | [0.53895103 0.63838837 0.6983388 ] |
+-------+-------------------+--------------------+-------------------+------------------------------------+------------------------------------+------------------------------------+------------------------------------+
epoch: 5 s: 0 batch_loss 0.2452305257320404 BPR_loss 0.22948434948921204 reg_loss 0.01574617624282837
epoch: 5 s: 256000 batch_loss 0.2504807412624359 BPR_loss 0.23345854878425598 reg_loss 0.017022185027599335
epoch: 5 s: 512000 batch_loss 0.2410908043384552 BPR_loss 0.22330431640148163 reg_loss 0.01778649538755417
epoch: 5 s: 768000 batch_loss 0.222188800573349 BPR_loss 0.2034107744693756 reg_loss 0.01877802610397339
+-------+-------------------+-------------------+-------------------+------------------------------------+------------------------------------+------------------------------------+------------------------------------+
| Epoch |  training time(s) |   tesing time(s)  |        Loss       |               recall               |                ndcg                |             precision              |             hit_ratio              |
+-------+-------------------+-------------------+-------------------+------------------------------------+------------------------------------+------------------------------------+------------------------------------+
|   5   | 74.46411299705505 | 80.06170535087585 | 94.44684600830078 | [0.15805634 0.22392688 0.26972668] | [0.13309088 0.15364847 0.16733652] | [0.04961819 0.03535066 0.02863163] | [0.54045817 0.64585706 0.70269275] |
+-------+-------------------+-------------------+-------------------+------------------------------------+------------------------------------+------------------------------------+------------------------------------+
epoch: 6 s: 0 batch_loss 0.21662138402462006 BPR_loss 0.19765561819076538 reg_loss 0.018965767696499825
epoch: 6 s: 256000 batch_loss 0.19402024149894714 BPR_loss 0.17512664198875427 reg_loss 0.01889359951019287
epoch: 6 s: 512000 batch_loss 0.23368841409683228 BPR_loss 0.2133413851261139 reg_loss 0.02034703642129898
epoch: 6 s: 768000 batch_loss 0.21778157353401184 BPR_loss 0.19703760743141174 reg_loss 0.0207439623773098
+-------+-------------------+--------------------+-------------------+------------------------------------+------------------------------------+------------------------------------+------------------------------------+
| Epoch |  training time(s) |   tesing time(s)   |        Loss       |               recall               |                ndcg                |             precision              |             hit_ratio              |
+-------+-------------------+--------------------+-------------------+------------------------------------+------------------------------------+------------------------------------+------------------------------------+
|   6   | 73.46083879470825 | 130.83795404434204 | 85.93949127197266 | [0.16043636 0.22660969 0.27323956] | [0.13535699 0.15599847 0.16990039] | [0.05039855 0.03575424 0.02894702] | [0.54695559 0.64967513 0.70838636] |
+-------+-------------------+--------------------+-------------------+------------------------------------+------------------------------------+------------------------------------+------------------------------------+
epoch: 7 s: 0 batch_loss 0.22829382121562958 BPR_loss 0.2076837718486786 reg_loss 0.020610054954886436
epoch: 7 s: 256000 batch_loss 0.20040228962898254 BPR_loss 0.17932090163230896 reg_loss 0.02108139544725418
epoch: 7 s: 512000 batch_loss 0.20378729701042175 BPR_loss 0.1811223328113556 reg_loss 0.022664958611130714
epoch: 7 s: 768000 batch_loss 0.19906723499298096 BPR_loss 0.17674842476844788 reg_loss 0.02231881581246853
+-------+-------------------+--------------------+-------------------+------------------------------------+------------------------------------+------------------------------------+------------------------------------+
| Epoch |  training time(s) |   tesing time(s)   |        Loss       |               recall               |                ndcg                |             precision              |             hit_ratio              |
+-------+-------------------+--------------------+-------------------+------------------------------------+------------------------------------+------------------------------------+------------------------------------+
|   7   | 76.59679055213928 | 152.12410974502563 | 79.40998077392578 | [0.16218177 0.22856385 0.27544122] | [0.13658563 0.15734527 0.17136079] | [0.05073012 0.03593928 0.0291435 ] | [0.54906558 0.65108179 0.71086476] |
+-------+-------------------+--------------------+-------------------+------------------------------------+------------------------------------+------------------------------------+------------------------------------+
epoch: 8 s: 0 batch_loss 0.19875849783420563 BPR_loss 0.17630451917648315 reg_loss 0.022453974932432175
epoch: 8 s: 256000 batch_loss 0.19397486746311188 BPR_loss 0.17073465883731842 reg_loss 0.023240208625793457
epoch: 8 s: 512000 batch_loss 0.17788878083229065 BPR_loss 0.15387073159217834 reg_loss 0.024018052965402603
epoch: 8 s: 768000 batch_loss 0.1711241602897644 BPR_loss 0.1471911370754242 reg_loss 0.02393302321434021
+-------+-------------------+--------------------+-------------------+------------------------------------+------------------------------------+------------------------------------+------------------------------------+
| Epoch |  training time(s) |   tesing time(s)   |        Loss       |               recall               |                ndcg                |             precision              |             hit_ratio              |
+-------+-------------------+--------------------+-------------------+------------------------------------+------------------------------------+------------------------------------+------------------------------------+
|   8   | 71.95833277702332 | 101.77191948890686 | 73.86023712158203 | [0.16349012 0.2295929  0.27712875] | [0.13729373 0.15801735 0.17218255] | [0.05100308 0.0361193  0.02926854] | [0.55134302 0.65292384 0.71089825] |
+-------+-------------------+--------------------+-------------------+------------------------------------+------------------------------------+------------------------------------+------------------------------------+
epoch: 9 s: 0 batch_loss 0.18695297837257385 BPR_loss 0.16321322321891785 reg_loss 0.023739762604236603
epoch: 9 s: 256000 batch_loss 0.1813778430223465 BPR_loss 0.15730711817741394 reg_loss 0.024070721119642258
epoch: 9 s: 512000 batch_loss 0.17575538158416748 BPR_loss 0.15103283524513245 reg_loss 0.024722546339035034
epoch: 9 s: 768000 batch_loss 0.16213013231754303 BPR_loss 0.13631649315357208 reg_loss 0.025813642889261246
+-------+-------------------+-------------------+-------------------+------------------------------------+------------------------------------+------------------------------------+------------------------------------+
| Epoch |  training time(s) |   tesing time(s)  |        Loss       |               recall               |                ndcg                |             precision              |             hit_ratio              |
+-------+-------------------+-------------------+-------------------+------------------------------------+------------------------------------+------------------------------------+------------------------------------+
|   9   | 72.45774698257446 | 86.46572709083557 | 69.40984344482422 | [0.16506436 0.23145017 0.27910288] | [0.13867436 0.15950113 0.17371667] | [0.05143513 0.03637886 0.02945665] | [0.55378793 0.65644048 0.71454886] |
+-------+-------------------+-------------------+-------------------+------------------------------------+------------------------------------+------------------------------------+------------------------------------+
epoch: 10 s: 0 batch_loss 0.17529843747615814 BPR_loss 0.14980825781822205 reg_loss 0.025490185245871544
epoch: 10 s: 256000 batch_loss 0.1504763960838318 BPR_loss 0.12518467009067535 reg_loss 0.025291724130511284
epoch: 10 s: 512000 batch_loss 0.15738794207572937 BPR_loss 0.13020756840705872 reg_loss 0.027180379256606102
epoch: 10 s: 768000 batch_loss 0.15321385860443115 BPR_loss 0.12709732353687286 reg_loss 0.02611653320491314
+-------+-------------------+-------------------+------------------+------------------------------------+------------------------------------+------------------------------------+------------------------------------+
| Epoch |  training time(s) |   tesing time(s)  |       Loss       |               recall               |                ndcg                |             precision              |             hit_ratio              |
+-------+-------------------+-------------------+------------------+------------------------------------+------------------------------------+------------------------------------+------------------------------------+
|   10  | 73.53079891204834 | 94.20899248123169 | 64.5581283569336 | [0.16542492 0.23302527 0.28074407] | [0.13891473 0.16010931 0.17438381] | [0.05144685 0.03649106 0.02955992] | [0.55429031 0.65845    0.71511823] |
+-------+-------------------+-------------------+------------------+------------------------------------+------------------------------------+------------------------------------+------------------------------------+
epoch: 11 s: 0 batch_loss 0.153073251247406 BPR_loss 0.12594982981681824 reg_loss 0.02712342143058777
epoch: 11 s: 256000 batch_loss 0.15881125628948212 BPR_loss 0.13044917583465576 reg_loss 0.028362084180116653
epoch: 11 s: 512000 batch_loss 0.15556436777114868 BPR_loss 0.1277461051940918 reg_loss 0.027818266302347183
epoch: 11 s: 768000 batch_loss 0.14364628493785858 BPR_loss 0.11565718799829483 reg_loss 0.02798910066485405
+-------+------------------+--------------------+-------------------+------------------------------------+------------------------------------+------------------------------------+------------------------------------+
| Epoch | training time(s) |   tesing time(s)   |        Loss       |               recall               |                ndcg                |             precision              |             hit_ratio              |
+-------+------------------+--------------------+-------------------+------------------------------------+------------------------------------+------------------------------------+------------------------------------+
|   11  | 71.4712016582489 | 115.71183562278748 | 61.35739517211914 | [0.16646863 0.23368228 0.28202615] | [0.1397518  0.16092732 0.1753562 ] | [0.05164612 0.03663675 0.02969277] | [0.55583093 0.65975618 0.71833344] |
+-------+------------------+--------------------+-------------------+------------------------------------+------------------------------------+------------------------------------+------------------------------------+
epoch: 12 s: 0 batch_loss 0.1577637940645218 BPR_loss 0.13023579120635986 reg_loss 0.027528008446097374
epoch: 12 s: 256000 batch_loss 0.14688147604465485 BPR_loss 0.11833339184522629 reg_loss 0.028548089787364006
epoch: 12 s: 512000 batch_loss 0.13693489134311676 BPR_loss 0.10817894339561462 reg_loss 0.028755949810147285
epoch: 12 s: 768000 batch_loss 0.15328803658485413 BPR_loss 0.12346328794956207 reg_loss 0.02982475236058235
+-------+-------------------+--------------------+-------------------+------------------------------------+------------------------------------+------------------------------------+------------------------------------+
| Epoch |  training time(s) |   tesing time(s)   |        Loss       |               recall               |                ndcg                |             precision              |             hit_ratio              |
+-------+-------------------+--------------------+-------------------+------------------------------------+------------------------------------+------------------------------------+------------------------------------+
|   12  | 73.76892352104187 | 102.16723418235779 | 58.40653991699219 | [0.16730178 0.23492812 0.28338317] | [0.14044456 0.161728   0.17623207] | [0.0518454  0.03675481 0.02982283] | [0.55840981 0.66210061 0.71963963] |
+-------+-------------------+--------------------+-------------------+------------------------------------+------------------------------------+------------------------------------+------------------------------------+
epoch: 13 s: 0 batch_loss 0.1319970041513443 BPR_loss 0.10265357792377472 reg_loss 0.02934342622756958
epoch: 13 s: 256000 batch_loss 0.13681447505950928 BPR_loss 0.10694701969623566 reg_loss 0.029867449775338173
epoch: 13 s: 512000 batch_loss 0.1404680758714676 BPR_loss 0.11118052154779434 reg_loss 0.0292875487357378
epoch: 13 s: 768000 batch_loss 0.163156658411026 BPR_loss 0.13283464312553406 reg_loss 0.03032202087342739
+-------+-------------------+-------------------+--------------------+------------------------------------+------------------------------------+------------------------------------+------------------------------------+
| Epoch |  training time(s) |   tesing time(s)  |        Loss        |               recall               |                ndcg                |             precision              |             hit_ratio              |
+-------+-------------------+-------------------+--------------------+------------------------------------+------------------------------------+------------------------------------+------------------------------------+
|   13  | 71.25758171081543 | 84.19575595855713 | 55.677650451660156 | [0.16773371 0.23590161 0.28432993] | [0.14098828 0.16247831 0.1769596 ] | [0.05192578 0.03688124 0.02986693] | [0.55847679 0.66277045 0.71927122] |
+-------+-------------------+-------------------+--------------------+------------------------------------+------------------------------------+------------------------------------+------------------------------------+
epoch: 14 s: 0 batch_loss 0.12936386466026306 BPR_loss 0.10017514228820801 reg_loss 0.029188726097345352
epoch: 14 s: 256000 batch_loss 0.1299455463886261 BPR_loss 0.10052798688411713 reg_loss 0.029417552053928375
epoch: 14 s: 512000 batch_loss 0.13643355667591095 BPR_loss 0.106652170419693 reg_loss 0.029781386256217957
epoch: 14 s: 768000 batch_loss 0.1283835768699646 BPR_loss 0.09733694046735764 reg_loss 0.031046630814671516
+-------+-------------------+-------------------+------------------+------------------------------------+------------------------------------+------------------------------------+------------------------------------+
| Epoch |  training time(s) |   tesing time(s)  |       Loss       |               recall               |                ndcg                |             precision              |             hit_ratio              |
+-------+-------------------+-------------------+------------------+------------------------------------+------------------------------------+------------------------------------+------------------------------------+
|   14  | 70.70185875892639 | 96.49511742591858 | 53.1677131652832 | [0.16758816 0.23563338 0.28449657] | [0.1407882  0.16230024 0.17691444] | [0.0517332  0.03677071 0.02983846] | [0.55723759 0.66266997 0.71950566] |
+-------+-------------------+-------------------+------------------+------------------------------------+------------------------------------+------------------------------------+------------------------------------+
epoch: 15 s: 0 batch_loss 0.11676748096942902 BPR_loss 0.0858994722366333 reg_loss 0.030868006870150566
epoch: 15 s: 256000 batch_loss 0.1310856193304062 BPR_loss 0.09993025660514832 reg_loss 0.031155358999967575
epoch: 15 s: 512000 batch_loss 0.133323535323143 BPR_loss 0.1012137308716774 reg_loss 0.03210980072617531
epoch: 15 s: 768000 batch_loss 0.12196534872055054 BPR_loss 0.09067359566688538 reg_loss 0.03129175677895546
+-------+-------------------+-------------------+--------------------+------------------------------------+------------------------------------+------------------------------------+------------------------------------+
| Epoch |  training time(s) |   tesing time(s)  |        Loss        |               recall               |                ndcg                |             precision              |             hit_ratio              |
+-------+-------------------+-------------------+--------------------+------------------------------------+------------------------------------+------------------------------------+------------------------------------+
|   15  | 72.87452507019043 | 106.5526351928711 | 51.216094970703125 | [0.16800548 0.23611197 0.28511807] | [0.14096135 0.162532   0.17717476] | [0.05181358 0.03677992 0.02983511] | [0.55747203 0.66287092 0.72067788] |
+-------+-------------------+-------------------+--------------------+------------------------------------+------------------------------------+------------------------------------+------------------------------------+
epoch: 16 s: 0 batch_loss 0.11699312180280685 BPR_loss 0.08487550914287567 reg_loss 0.03211761265993118
epoch: 16 s: 256000 batch_loss 0.1371290236711502 BPR_loss 0.10563148558139801 reg_loss 0.031497541815042496
epoch: 16 s: 512000 batch_loss 0.13447228074073792 BPR_loss 0.10271412134170532 reg_loss 0.031758151948451996
epoch: 16 s: 768000 batch_loss 0.11357167363166809 BPR_loss 0.08032961189746857 reg_loss 0.033242058008909225
+-------+-------------------+------------------+--------------------+------------------------------------+------------------------------------+------------------------------------+------------------------------------+
| Epoch |  training time(s) |  tesing time(s)  |        Loss        |               recall               |                ndcg                |             precision              |             hit_ratio              |
+-------+-------------------+------------------+--------------------+------------------------------------+------------------------------------+------------------------------------+------------------------------------+
|   16  | 72.80894923210144 | 99.3846914768219 | 49.207679748535156 | [0.16906769 0.23701398 0.28617375] | [0.14186383 0.16329221 0.17797255] | [0.05218367 0.03693064 0.02995735] | [0.55974948 0.6654498  0.72285485] |
+-------+-------------------+------------------+--------------------+------------------------------------+------------------------------------+------------------------------------+------------------------------------+
epoch: 17 s: 0 batch_loss 0.12436789274215698 BPR_loss 0.0917462706565857 reg_loss 0.03262161836028099
epoch: 17 s: 256000 batch_loss 0.12246115505695343 BPR_loss 0.09004834294319153 reg_loss 0.0324128121137619
epoch: 17 s: 512000 batch_loss 0.13575387001037598 BPR_loss 0.10255314409732819 reg_loss 0.03320072218775749
epoch: 17 s: 768000 batch_loss 0.1289498507976532 BPR_loss 0.09635451436042786 reg_loss 0.03259534388780594
+-------+-------------------+------------------+--------------------+------------------------------------+------------------------------------+------------------------------------+------------------------------------+
| Epoch |  training time(s) |  tesing time(s)  |        Loss        |               recall               |                ndcg                |             precision              |             hit_ratio              |
+-------+-------------------+------------------+--------------------+------------------------------------+------------------------------------+------------------------------------+------------------------------------+
|   17  | 71.45458555221558 | 75.9630343914032 | 47.649436950683594 | [0.16972267 0.23784088 0.28672973] | [0.14207864 0.1636756  0.17826257] | [0.05219372 0.03701939 0.029954  ] | [0.56011789 0.66722486 0.72459642] |
+-------+-------------------+------------------+--------------------+------------------------------------+------------------------------------+------------------------------------+------------------------------------+
epoch: 18 s: 0 batch_loss 0.11482107639312744 BPR_loss 0.08207927644252777 reg_loss 0.03274179622530937
epoch: 18 s: 256000 batch_loss 0.11385875940322876 BPR_loss 0.08049186319112778 reg_loss 0.033366892486810684
epoch: 18 s: 512000 batch_loss 0.11290548741817474 BPR_loss 0.07927265763282776 reg_loss 0.033632829785346985
epoch: 18 s: 768000 batch_loss 0.11838079988956451 BPR_loss 0.08382771909236908 reg_loss 0.034553077071905136
+-------+-------------------+-------------------+--------------------+------------------------------------+------------------------------------+------------------------------------+------------------------------------+
| Epoch |  training time(s) |   tesing time(s)  |        Loss        |               recall               |                ndcg                |             precision              |             hit_ratio              |
+-------+-------------------+-------------------+--------------------+------------------------------------+------------------------------------+------------------------------------+------------------------------------+
|   18  | 72.63039565086365 | 101.7484130859375 | 45.967979431152344 | [0.16981388 0.23802067 0.28741071] | [0.14171761 0.16330514 0.17806188] | [0.05213008 0.03693901 0.0299434 ] | [0.56025186 0.66568424 0.72506531] |
+-------+-------------------+-------------------+--------------------+------------------------------------+------------------------------------+------------------------------------+------------------------------------+
epoch: 19 s: 0 batch_loss 0.11273404955863953 BPR_loss 0.07887034118175507 reg_loss 0.03386370837688446
epoch: 19 s: 256000 batch_loss 0.10612797737121582 BPR_loss 0.07156546413898468 reg_loss 0.03456250950694084
epoch: 19 s: 512000 batch_loss 0.10480266064405441 BPR_loss 0.07194613665342331 reg_loss 0.032856523990631104
epoch: 19 s: 768000 batch_loss 0.10724500566720963 BPR_loss 0.07344260066747665 reg_loss 0.03380240499973297
+-------+-------------------+--------------------+--------------------+------------------------------------+------------------------------------+------------------------------------+------------------------------------+
| Epoch |  training time(s) |   tesing time(s)   |        Loss        |               recall               |                ndcg                |             precision              |             hit_ratio              |
+-------+-------------------+--------------------+--------------------+------------------------------------+------------------------------------+------------------------------------+------------------------------------+
|   19  | 72.56027913093567 | 104.23523378372192 | 44.491458892822266 | [0.17042723 0.23877536 0.28815465] | [0.1424617  0.16412686 0.17884925] | [0.05234443 0.03710815 0.03005225] | [0.56078773 0.66662201 0.72412754] |
+-------+-------------------+--------------------+--------------------+------------------------------------+------------------------------------+------------------------------------+------------------------------------+
epoch: 20 s: 0 batch_loss 0.11301223933696747 BPR_loss 0.07940532267093658 reg_loss 0.03360692039132118
epoch: 20 s: 256000 batch_loss 0.1071261391043663 BPR_loss 0.0734134390950203 reg_loss 0.03371270000934601
epoch: 20 s: 512000 batch_loss 0.11849046498537064 BPR_loss 0.08377540111541748 reg_loss 0.034715063869953156
epoch: 20 s: 768000 batch_loss 0.09836305677890778 BPR_loss 0.06380384415388107 reg_loss 0.034559208899736404
+-------+-------------------+-------------------+--------------------+------------------------------------+------------------------------------+------------------------------------+------------------------------------+
| Epoch |  training time(s) |   tesing time(s)  |        Loss        |               recall               |                ndcg                |             precision              |             hit_ratio              |
+-------+-------------------+-------------------+--------------------+------------------------------------+------------------------------------+------------------------------------+------------------------------------+
|   20  | 71.61480021476746 | 94.17967176437378 | 43.225189208984375 | [0.17016694 0.23856941 0.28870843] | [0.14214155 0.16389837 0.17885531] | [0.05213678 0.0370554  0.03007904] | [0.56145757 0.66632058 0.72529975] |
+-------+-------------------+-------------------+--------------------+------------------------------------+------------------------------------+------------------------------------+------------------------------------+
epoch: 21 s: 0 batch_loss 0.10330837219953537 BPR_loss 0.06990780681371689 reg_loss 0.03340056538581848
epoch: 21 s: 256000 batch_loss 0.1147792786359787 BPR_loss 0.08069849014282227 reg_loss 0.03408078849315643
epoch: 21 s: 512000 batch_loss 0.1043129488825798 BPR_loss 0.07001560926437378 reg_loss 0.034297339618206024
epoch: 21 s: 768000 batch_loss 0.10090292990207672 BPR_loss 0.06603924930095673 reg_loss 0.034863684326410294
+-------+------------------+-------------------+-------------------+------------------------------------+------------------------------------+------------------------------------+------------------------------------+
| Epoch | training time(s) |   tesing time(s)  |        Loss       |               recall               |                ndcg                |             precision              |             hit_ratio              |
+-------+------------------+-------------------+-------------------+------------------------------------+------------------------------------+------------------------------------+------------------------------------+
|   21  | 69.928302526474  | 88.02512526512146 | 41.97594451904297 | [0.17019543 0.23892734 0.28829893] | [0.14198739 0.16382622 0.17859136] | [0.05198774 0.03698088 0.02998917] | [0.56098868 0.66571773 0.72446246] |
+-------+------------------+-------------------+-------------------+------------------------------------+------------------------------------+------------------------------------+------------------------------------+
epoch: 22 s: 0 batch_loss 0.09724356234073639 BPR_loss 0.06238063424825668 reg_loss 0.034862928092479706
epoch: 22 s: 256000 batch_loss 0.09799277782440186 BPR_loss 0.06329383701086044 reg_loss 0.034698937088251114
epoch: 22 s: 512000 batch_loss 0.09710631519556046 BPR_loss 0.062169745564460754 reg_loss 0.0349365696310997
epoch: 22 s: 768000 batch_loss 0.10427281260490417 BPR_loss 0.06969372928142548 reg_loss 0.034579087048769
+-------+-------------------+------------------+--------------------+------------------------------------+------------------------------------+------------------------------------+------------------------------------+
| Epoch |  training time(s) |  tesing time(s)  |        Loss        |               recall               |                ndcg                |             precision              |             hit_ratio              |
+-------+-------------------+------------------+--------------------+------------------------------------+------------------------------------+------------------------------------+------------------------------------+
|   22  | 72.05180859565735 | 95.5638358592987 | 40.903709411621094 | [0.17041341 0.23915558 0.28781114] | [0.14182149 0.16364522 0.17827136] | [0.05208319 0.03696246 0.02997745] | [0.56185947 0.6682966  0.72536674] |
+-------+-------------------+------------------+--------------------+------------------------------------+------------------------------------+------------------------------------+------------------------------------+
epoch: 23 s: 0 batch_loss 0.10746730118989944 BPR_loss 0.07317021489143372 reg_loss 0.03429708629846573
epoch: 23 s: 256000 batch_loss 0.0955694168806076 BPR_loss 0.060598939657211304 reg_loss 0.0349704809486866
epoch: 23 s: 512000 batch_loss 0.10479176044464111 BPR_loss 0.069039486348629 reg_loss 0.03575227037072182
epoch: 23 s: 768000 batch_loss 0.09787573665380478 BPR_loss 0.06229264289140701 reg_loss 0.035583093762397766
+-------+-------------------+-------------------+--------------------+------------------------------------+------------------------------------+------------------------------------+------------------------------------+
| Epoch |  training time(s) |   tesing time(s)  |        Loss        |               recall               |                ndcg                |             precision              |             hit_ratio              |
+-------+-------------------+-------------------+--------------------+------------------------------------+------------------------------------+------------------------------------+------------------------------------+
|   23  | 74.13761973381042 | 96.18813586235046 | 39.945987701416016 | [0.17103858 0.23941363 0.28909976] | [0.1426038  0.16432112 0.17921307] | [0.05216692 0.03696246 0.03003773] | [0.56383549 0.668732   0.72704133] |
+-------+-------------------+-------------------+--------------------+------------------------------------+------------------------------------+------------------------------------+------------------------------------+
epoch: 24 s: 0 batch_loss 0.09873802214860916 BPR_loss 0.06282896548509598 reg_loss 0.035909056663513184
epoch: 24 s: 256000 batch_loss 0.09183859825134277 BPR_loss 0.05666761100292206 reg_loss 0.03517098352313042
epoch: 24 s: 512000 batch_loss 0.10276776552200317 BPR_loss 0.06738849729299545 reg_loss 0.03537927195429802
epoch: 24 s: 768000 batch_loss 0.09883659332990646 BPR_loss 0.06310627609491348 reg_loss 0.03573031723499298
+-------+-------------------+------------------+-------------------+------------------------------------+------------------------------------+------------------------------------+------------------------------------+
| Epoch |  training time(s) |  tesing time(s)  |        Loss       |               recall               |                ndcg                |             precision              |             hit_ratio              |
+-------+-------------------+------------------+-------------------+------------------------------------+------------------------------------+------------------------------------+------------------------------------+
|   24  | 70.50615429878235 | 88.7429780960083 | 38.98188781738281 | [0.1710125  0.23976328 0.28903595] | [0.14209803 0.16394855 0.1786704 ] | [0.05213678 0.03695325 0.02992944] | [0.56259629 0.66769375 0.72647197] |
+-------+-------------------+------------------+-------------------+------------------------------------+------------------------------------+------------------------------------+------------------------------------+
epoch: 25 s: 0 batch_loss 0.09978777915239334 BPR_loss 0.06450992822647095 reg_loss 0.035277850925922394
epoch: 25 s: 256000 batch_loss 0.09654459357261658 BPR_loss 0.060628004372119904 reg_loss 0.035916585475206375
epoch: 25 s: 512000 batch_loss 0.09557083249092102 BPR_loss 0.06054585054516792 reg_loss 0.035024985671043396
epoch: 25 s: 768000 batch_loss 0.10584159195423126 BPR_loss 0.06918654590845108 reg_loss 0.03665504232048988
+-------+-------------------+-------------------+-----------------+------------------------------------+------------------------------------+------------------------------------+------------------------------------+
| Epoch |  training time(s) |   tesing time(s)  |       Loss      |               recall               |                ndcg                |             precision              |             hit_ratio              |
+-------+-------------------+-------------------+-----------------+------------------------------------+------------------------------------+------------------------------------+------------------------------------+
|   25  | 71.22744107246399 | 95.18314528465271 | 38.138427734375 | [0.17049599 0.23880943 0.28873065] | [0.14159965 0.16337446 0.17828473] | [0.05189062 0.03683184 0.02990209] | [0.56232835 0.6683301  0.72734276] |
+-------+-------------------+-------------------+-----------------+------------------------------------+------------------------------------+------------------------------------+------------------------------------+
epoch: 26 s: 0 batch_loss 0.08422457426786423 BPR_loss 0.048511750996112823 reg_loss 0.035712823271751404
epoch: 26 s: 256000 batch_loss 0.09393283724784851 BPR_loss 0.0579933226108551 reg_loss 0.03593951091170311
epoch: 26 s: 512000 batch_loss 0.08784566819667816 BPR_loss 0.052703239023685455 reg_loss 0.035142429172992706
epoch: 26 s: 768000 batch_loss 0.09109650552272797 BPR_loss 0.0549815334379673 reg_loss 0.036114972084760666
+-------+-------------------+-------------------+-----------------+------------------------------------+------------------------------------+------------------------------------+------------------------------------+
| Epoch |  training time(s) |   tesing time(s)  |       Loss      |               recall               |                ndcg                |             precision              |             hit_ratio              |
+-------+-------------------+-------------------+-----------------+------------------------------------+------------------------------------+------------------------------------+------------------------------------+
|   26  | 73.00697875022888 | 96.44389867782593 | 37.470947265625 | [0.17107589 0.2391935  0.2888525 ] | [0.14202054 0.16368861 0.1785456 ] | [0.05201454 0.03684523 0.02993447] | [0.56306518 0.66876549 0.72854846] |
+-------+-------------------+-------------------+-----------------+------------------------------------+------------------------------------+------------------------------------+------------------------------------+
epoch: 27 s: 0 batch_loss 0.09368576109409332 BPR_loss 0.05806168541312218 reg_loss 0.035624079406261444
epoch: 27 s: 256000 batch_loss 0.08800685405731201 BPR_loss 0.05288265645503998 reg_loss 0.035124197602272034
epoch: 27 s: 512000 batch_loss 0.09210819005966187 BPR_loss 0.05637550354003906 reg_loss 0.035732682794332504
epoch: 27 s: 768000 batch_loss 0.09331117570400238 BPR_loss 0.05789059400558472 reg_loss 0.035420577973127365
+-------+-------------------+-------------------+--------------------+------------------------------------+------------------------------------+------------------------------------+------------------------------------+
| Epoch |  training time(s) |   tesing time(s)  |        Loss        |               recall               |                ndcg                |             precision              |             hit_ratio              |
+-------+-------------------+-------------------+--------------------+------------------------------------+------------------------------------+------------------------------------+------------------------------------+
|   27  | 70.53658962249756 | 93.02906394004822 | 36.508323669433594 | [0.170579   0.2386404  0.28875307] | [0.14185003 0.16354855 0.17852011] | [0.05186717 0.0367682  0.02989316] | [0.56155804 0.66745931 0.72670641] |
+-------+-------------------+-------------------+--------------------+------------------------------------+------------------------------------+------------------------------------+------------------------------------+
epoch: 28 s: 0 batch_loss 0.09574289619922638 BPR_loss 0.06009627878665924 reg_loss 0.03564661368727684
epoch: 28 s: 256000 batch_loss 0.09460923075675964 BPR_loss 0.05854300782084465 reg_loss 0.03606622293591499
epoch: 28 s: 512000 batch_loss 0.08548611402511597 BPR_loss 0.048702970147132874 reg_loss 0.03678314387798309
epoch: 28 s: 768000 batch_loss 0.08718261867761612 BPR_loss 0.05079738795757294 reg_loss 0.03638523072004318
+-------+-------------------+-------------------+-------------------+------------------------------------+------------------------------------+------------------------------------+------------------------------------+
| Epoch |  training time(s) |   tesing time(s)  |        Loss       |               recall               |                ndcg                |             precision              |             hit_ratio              |
+-------+-------------------+-------------------+-------------------+------------------------------------+------------------------------------+------------------------------------+------------------------------------+
|   28  | 69.51212930679321 | 95.64880061149597 | 35.83427429199219 | [0.17195445 0.24015236 0.29006278] | [0.14294177 0.16467979 0.1795932 ] | [0.0521485  0.03698841 0.03001876] | [0.56547659 0.66980374 0.73029004] |
+-------+-------------------+-------------------+-------------------+------------------------------------+------------------------------------+------------------------------------+------------------------------------+
epoch: 29 s: 0 batch_loss 0.08861523866653442 BPR_loss 0.05246586352586746 reg_loss 0.03614937886595726
epoch: 29 s: 256000 batch_loss 0.08703598380088806 BPR_loss 0.05118225887417793 reg_loss 0.03585372120141983
epoch: 29 s: 512000 batch_loss 0.09260140359401703 BPR_loss 0.05620741844177246 reg_loss 0.036393988877534866
epoch: 29 s: 768000 batch_loss 0.08435976505279541 BPR_loss 0.04795699566602707 reg_loss 0.03640277311205864
+-------+-------------------+-------------------+-------------------+------------------------------------+------------------------------------+------------------------------------+------------------------------------+
| Epoch |  training time(s) |   tesing time(s)  |        Loss       |               recall               |                ndcg                |             precision              |             hit_ratio              |
+-------+-------------------+-------------------+-------------------+------------------------------------+------------------------------------+------------------------------------+------------------------------------+
|   29  | 71.14871859550476 | 90.55002212524414 | 35.37192916870117 | [0.17156495 0.23977275 0.28969594] | [0.14274772 0.16450824 0.1794098 ] | [0.05208152 0.03695325 0.02998694] | [0.56473977 0.66973675 0.72868243] |
+-------+-------------------+-------------------+-------------------+------------------------------------+------------------------------------+------------------------------------+------------------------------------+
epoch: 30 s: 0 batch_loss 0.0893082469701767 BPR_loss 0.05281876027584076 reg_loss 0.03648948296904564
epoch: 30 s: 256000 batch_loss 0.08142860233783722 BPR_loss 0.04465417563915253 reg_loss 0.03677442669868469
epoch: 30 s: 512000 batch_loss 0.0872698724269867 BPR_loss 0.049505092203617096 reg_loss 0.0377647802233696
epoch: 30 s: 768000 batch_loss 0.09185934066772461 BPR_loss 0.055456727743148804 reg_loss 0.036402612924575806
+-------+-------------------+-------------------+-------------------+------------------------------------+------------------------------------+------------------------------------+------------------------------------+
| Epoch |  training time(s) |   tesing time(s)  |        Loss       |               recall               |                ndcg                |             precision              |             hit_ratio              |
+-------+-------------------+-------------------+-------------------+------------------------------------+------------------------------------+------------------------------------+------------------------------------+
|   30  | 72.07809162139893 | 94.74300575256348 | 34.66532897949219 | [0.17087062 0.23983404 0.28917899] | [0.14216328 0.16415463 0.17891891] | [0.05177674 0.03682514 0.02987251] | [0.56356755 0.66943533 0.72764418] |
+-------+-------------------+-------------------+-------------------+------------------------------------+------------------------------------+------------------------------------+------------------------------------+
epoch: 31 s: 0 batch_loss 0.07934800535440445 BPR_loss 0.04378649592399597 reg_loss 0.03556150943040848
epoch: 31 s: 256000 batch_loss 0.07823485881090164 BPR_loss 0.04124148190021515 reg_loss 0.03699337691068649
epoch: 31 s: 512000 batch_loss 0.0932588204741478 BPR_loss 0.05660940706729889 reg_loss 0.03664941340684891
epoch: 31 s: 768000 batch_loss 0.08615123480558395 BPR_loss 0.04918862134218216 reg_loss 0.036962613463401794
+-------+------------------+-------------------+-------------------+------------------------------------+------------------------------------+------------------------------------+------------------------------------+
| Epoch | training time(s) |   tesing time(s)  |        Loss       |               recall               |                ndcg                |             precision              |             hit_ratio              |
+-------+------------------+-------------------+-------------------+------------------------------------+------------------------------------+------------------------------------+------------------------------------+
|   31  | 70.3837239742279 | 83.84948682785034 | 34.27351760864258 | [0.17066935 0.23902418 0.28862125] | [0.14163872 0.16342024 0.17827825] | [0.0516411  0.03662168 0.0297631 ] | [0.56219439 0.66826311 0.72747672] |
+-------+------------------+-------------------+-------------------+------------------------------------+------------------------------------+------------------------------------+------------------------------------+
epoch: 32 s: 0 batch_loss 0.08751493692398071 BPR_loss 0.05124158412218094 reg_loss 0.036273349076509476
epoch: 32 s: 256000 batch_loss 0.08746877312660217 BPR_loss 0.05056753754615784 reg_loss 0.036901239305734634
epoch: 32 s: 512000 batch_loss 0.08460471034049988 BPR_loss 0.04779863730072975 reg_loss 0.036806076765060425
epoch: 32 s: 768000 batch_loss 0.0871904268860817 BPR_loss 0.050662800669670105 reg_loss 0.03652762621641159
+-------+-------------------+-------------------+------------------+------------------------------------+------------------------------------+------------------------------------+------------------------------------+
| Epoch |  training time(s) |   tesing time(s)  |       Loss       |               recall               |                ndcg                |             precision              |             hit_ratio              |
+-------+-------------------+-------------------+------------------+------------------------------------+------------------------------------+------------------------------------+------------------------------------+
|   32  | 67.20881342887878 | 85.85926604270935 | 33.5327033996582 | [0.17038221 0.23967807 0.28849916] | [0.14161877 0.16367604 0.17827385] | [0.0516411  0.03672466 0.02973519] | [0.56299819 0.66876549 0.72764418] |
+-------+-------------------+-------------------+------------------+------------------------------------+------------------------------------+------------------------------------+------------------------------------+
epoch: 33 s: 0 batch_loss 0.08228948712348938 BPR_loss 0.04613349214196205 reg_loss 0.03615599125623703
epoch: 33 s: 256000 batch_loss 0.07518860697746277 BPR_loss 0.03843159228563309 reg_loss 0.03675701096653938
epoch: 33 s: 512000 batch_loss 0.08064904808998108 BPR_loss 0.04377610236406326 reg_loss 0.03687294200062752
epoch: 33 s: 768000 batch_loss 0.07956914603710175 BPR_loss 0.04294665530323982 reg_loss 0.036622487008571625
+-------+------------------+------------------+-------------------+------------------------------------+------------------------------------+------------------------------------+------------------------------------+
| Epoch | training time(s) |  tesing time(s)  |        Loss       |               recall               |                ndcg                |             precision              |             hit_ratio              |
+-------+------------------+------------------+-------------------+------------------------------------+------------------------------------+------------------------------------+------------------------------------+
|   33  | 67.0288302898407 | 76.0526192188263 | 32.99335479736328 | [0.16990914 0.23881702 0.28828201] | [0.14126159 0.1632539  0.17803931] | [0.05138321 0.03658149 0.029695  ] | [0.56115614 0.66776073 0.72637149] |
+-------+------------------+------------------+-------------------+------------------------------------+------------------------------------+------------------------------------+------------------------------------+
epoch: 34 s: 0 batch_loss 0.08338774740695953 BPR_loss 0.0462934672832489 reg_loss 0.03709428012371063
epoch: 34 s: 256000 batch_loss 0.08235983550548553 BPR_loss 0.04512988403439522 reg_loss 0.03722994774580002
epoch: 34 s: 512000 batch_loss 0.08073418587446213 BPR_loss 0.044920969754457474 reg_loss 0.035813216120004654
epoch: 34 s: 768000 batch_loss 0.08312670141458511 BPR_loss 0.046887755393981934 reg_loss 0.03623894602060318
+-------+-------------------+-------------------+-------------------+------------------------------------+------------------------------------+------------------------------------+------------------------------------+
| Epoch |  training time(s) |   tesing time(s)  |        Loss       |               recall               |                ndcg                |             precision              |             hit_ratio              |
+-------+-------------------+-------------------+-------------------+------------------------------------+------------------------------------+------------------------------------+------------------------------------+
|   34  | 68.50813436508179 | 70.93080592155457 | 32.43526840209961 | [0.16965118 0.23825213 0.28751494] | [0.14085545 0.16274472 0.1775313 ] | [0.05115547 0.03640482 0.02961295] | [0.56011789 0.66558376 0.72586911] |
+-------+-------------------+-------------------+-------------------+------------------------------------+------------------------------------+------------------------------------+------------------------------------+
epoch: 35 s: 0 batch_loss 0.08055124431848526 BPR_loss 0.043556295335292816 reg_loss 0.036994948983192444
epoch: 35 s: 256000 batch_loss 0.07917903363704681 BPR_loss 0.04272866249084473 reg_loss 0.036450374871492386
epoch: 35 s: 512000 batch_loss 0.08495281636714935 BPR_loss 0.04847129434347153 reg_loss 0.036481522023677826
epoch: 35 s: 768000 batch_loss 0.08757682144641876 BPR_loss 0.051080696284770966 reg_loss 0.0364961214363575
+-------+-------------------+-------------------+--------------------+------------------------------------+------------------------------------+------------------------------------+------------------------------------+
| Epoch |  training time(s) |   tesing time(s)  |        Loss        |               recall               |                ndcg                |             precision              |             hit_ratio              |
+-------+-------------------+-------------------+--------------------+------------------------------------+------------------------------------+------------------------------------+------------------------------------+
|   35  | 66.92347383499146 | 77.61767220497131 | 32.087669372558594 | [0.17044068 0.23893453 0.28891324] | [0.14149137 0.16337352 0.17834036] | [0.05137484 0.03653209 0.02971956] | [0.56175899 0.66769375 0.72747672] |
+-------+-------------------+-------------------+--------------------+------------------------------------+------------------------------------+------------------------------------+------------------------------------+
epoch: 36 s: 0 batch_loss 0.08129662275314331 BPR_loss 0.043983057141304016 reg_loss 0.037313565611839294
epoch: 36 s: 256000 batch_loss 0.07871513068675995 BPR_loss 0.0414423793554306 reg_loss 0.03727274760603905
epoch: 36 s: 512000 batch_loss 0.0768878161907196 BPR_loss 0.040435004979372025 reg_loss 0.03645281121134758
epoch: 36 s: 768000 batch_loss 0.07218072563409805 BPR_loss 0.035343460738658905 reg_loss 0.03683726489543915
+-------+-------------------+------------------+-------------------+------------------------------------+------------------------------------+------------------------------------+------------------------------------+
| Epoch |  training time(s) |  tesing time(s)  |        Loss       |               recall               |                ndcg                |             precision              |             hit_ratio              |
+-------+-------------------+------------------+-------------------+------------------------------------+------------------------------------+------------------------------------+------------------------------------+
|   36  | 67.40219521522522 | 80.9266746044159 | 31.70478057861328 | [0.16995063 0.23855594 0.28762405] | [0.14070146 0.16264059 0.17736387] | [0.05117054 0.03641821 0.02958169] | [0.56072074 0.66678947 0.72700784] |
+-------+-------------------+------------------+-------------------+------------------------------------+------------------------------------+------------------------------------+------------------------------------+
epoch: 37 s: 0 batch_loss 0.07903207838535309 BPR_loss 0.04227045550942421 reg_loss 0.03676162287592888
epoch: 37 s: 256000 batch_loss 0.08221539855003357 BPR_loss 0.04588349908590317 reg_loss 0.0363318994641304
epoch: 37 s: 512000 batch_loss 0.0826326310634613 BPR_loss 0.04532983526587486 reg_loss 0.03730279207229614
epoch: 37 s: 768000 batch_loss 0.07422029227018356 BPR_loss 0.03732117637991905 reg_loss 0.03689911589026451
+-------+-------------------+-------------------+--------------------+------------------------------------+------------------------------------+------------------------------------+------------------------------------+
| Epoch |  training time(s) |   tesing time(s)  |        Loss        |               recall               |                ndcg                |             precision              |             hit_ratio              |
+-------+-------------------+-------------------+--------------------+------------------------------------+------------------------------------+------------------------------------+------------------------------------+
|   37  | 68.85604739189148 | 73.78489828109741 | 31.306798934936523 | [0.16986121 0.23834508 0.2874002 ] | [0.14057592 0.16249831 0.17720103] | [0.05102653 0.03631606 0.02948903] | [0.55974948 0.66571773 0.72556769] |
+-------+-------------------+-------------------+--------------------+------------------------------------+------------------------------------+------------------------------------+------------------------------------+
epoch: 38 s: 0 batch_loss 0.08402612805366516 BPR_loss 0.04744192957878113 reg_loss 0.03658419847488403
epoch: 38 s: 256000 batch_loss 0.07664726674556732 BPR_loss 0.039911966770887375 reg_loss 0.03673529997467995
epoch: 38 s: 512000 batch_loss 0.07762263715267181 BPR_loss 0.040597546845674515 reg_loss 0.037025086581707
epoch: 38 s: 768000 batch_loss 0.08014954626560211 BPR_loss 0.042896121740341187 reg_loss 0.037253428250551224
+-------+------------------+-------------------+-------------------+------------------------------------+------------------------------------+------------------------------------+------------------------------------+
| Epoch | training time(s) |   tesing time(s)  |        Loss       |               recall               |                ndcg                |             precision              |             hit_ratio              |
+-------+------------------+-------------------+-------------------+------------------------------------+------------------------------------+------------------------------------+------------------------------------+
|   38  | 67.8387336730957 | 75.59615921974182 | 30.97148323059082 | [0.16917196 0.23705311 0.28640284] | [0.14005002 0.16181559 0.1766473 ] | [0.05079041 0.03617372 0.02945609] | [0.55666823 0.66330632 0.72355818] |
+-------+------------------+-------------------+-------------------+------------------------------------+------------------------------------+------------------------------------+------------------------------------+
Early stopping is trigger at step: 10 log:0.1691719640721916
early stopping at 38, recall@20:0.1720
