Namespace(K=1, Ks='[20, 40, 60]', batch_size=2048, batch_test_flag=True, context_hops=3, cuda=True, data_path='data/', dataset='gowalla', dim=64, edge_dropout=False, edge_dropout_rate=0.1, epoch=1000, eps=0.01, gnn='lightgcn', gpu_id=3, l2=0.001, lr=0.0097, mess_dropout=False, mess_dropout_rate=0.1, n_negs=16, ns='mixgcf', out_dir='./weights/yelp2018/', pool='mean', save=False, test_batch_size=2048, test_flag='part')
reading train and test user-item set ...
building the adj mat ...
loading over ...
卷积器不需要第0层embedding
拿这个最难的neg_item去和pos_item在每一个维度上自适应权重......
start training ...
epoch: 0 s: 0 batch_loss 0.6931489706039429 BPR_loss 0.6931487321853638 reg_loss 2.4288399913530156e-07
epoch: 0 s: 256000 batch_loss 0.5626631379127502 BPR_loss 0.5471915006637573 reg_loss 0.015471650287508965
epoch: 0 s: 512000 batch_loss 0.501093864440918 BPR_loss 0.47513726353645325 reg_loss 0.025956610217690468
epoch: 0 s: 768000 batch_loss 0.4690166115760803 BPR_loss 0.4374399781227112 reg_loss 0.03157663345336914
+-------+--------------------+-------------------+--------------------+------------------------------------+------------------------------------+------------------------------------+------------------------------------+
| Epoch |  training time(s)  |   tesing time(s)  |        Loss        |               recall               |                ndcg                |             precision              |             hit_ratio              |
+-------+--------------------+-------------------+--------------------+------------------------------------+------------------------------------+------------------------------------+------------------------------------+
|   0   | 44.235273122787476 | 42.19550943374634 | 214.29788208007812 | [0.13320679 0.19188035 0.23335184] | [0.11164415 0.130022   0.14236134] | [0.04256146 0.03076311 0.0250748 ] | [0.48697167 0.59451403 0.65312479] |
+-------+--------------------+-------------------+--------------------+------------------------------------+------------------------------------+------------------------------------+------------------------------------+
epoch: 1 s: 0 batch_loss 0.485415518283844 BPR_loss 0.4529075026512146 reg_loss 0.03250802308320999
epoch: 1 s: 256000 batch_loss 0.43838822841644287 BPR_loss 0.39928874373435974 reg_loss 0.039099495857954025
epoch: 1 s: 512000 batch_loss 0.42721283435821533 BPR_loss 0.38477057218551636 reg_loss 0.042442258447408676
epoch: 1 s: 768000 batch_loss 0.40717169642448425 BPR_loss 0.35920605063438416 reg_loss 0.0479656383395195
+-------+-------------------+-------------------+--------------------+------------------------------------+------------------------------------+------------------------------------+------------------------------------+
| Epoch |  training time(s) |   tesing time(s)  |        Loss        |               recall               |                ndcg                |             precision              |             hit_ratio              |
+-------+-------------------+-------------------+--------------------+------------------------------------+------------------------------------+------------------------------------+------------------------------------+
|   1   | 46.76459622383118 | 44.01945662498474 | 176.17791748046875 | [0.14117782 0.20256166 0.24562116] | [0.11814972 0.13732679 0.15015314] | [0.04496952 0.03234477 0.02633298] | [0.5057606  0.61226472 0.66903342] |
+-------+-------------------+-------------------+--------------------+------------------------------------+------------------------------------+------------------------------------+------------------------------------+
epoch: 2 s: 0 batch_loss 0.4198344051837921 BPR_loss 0.37242013216018677 reg_loss 0.04741428419947624
epoch: 2 s: 256000 batch_loss 0.4295765161514282 BPR_loss 0.37890625 reg_loss 0.050670258700847626
epoch: 2 s: 512000 batch_loss 0.39052438735961914 BPR_loss 0.3350997865200043 reg_loss 0.055424612015485764
epoch: 2 s: 768000 batch_loss 0.3855699896812439 BPR_loss 0.32698944211006165 reg_loss 0.05858054384589195
+-------+-------------------+-------------------+--------------------+------------------------------------+------------------------------------+------------------------------------+------------------------------------+
| Epoch |  training time(s) |   tesing time(s)  |        Loss        |               recall               |                ndcg                |             precision              |             hit_ratio              |
+-------+-------------------+-------------------+--------------------+------------------------------------+------------------------------------+------------------------------------+------------------------------------+
|   2   | 47.17100977897644 | 49.15531921386719 | 159.76832580566406 | [0.1483377  0.21077167 0.25581492] | [0.12393926 0.14348182 0.1568866 ] | [0.0470008  0.03364844 0.02737736] | [0.52277447 0.62609686 0.6839373 ] |
+-------+-------------------+-------------------+--------------------+------------------------------------+------------------------------------+------------------------------------+------------------------------------+
epoch: 3 s: 0 batch_loss 0.37917816638946533 BPR_loss 0.31930220127105713 reg_loss 0.0598759651184082
epoch: 3 s: 256000 batch_loss 0.3851308524608612 BPR_loss 0.32407402992248535 reg_loss 0.061056818813085556
epoch: 3 s: 512000 batch_loss 0.3690910041332245 BPR_loss 0.3048616647720337 reg_loss 0.0642293393611908
epoch: 3 s: 768000 batch_loss 0.3683278560638428 BPR_loss 0.3021647036075592 reg_loss 0.06616313755512238
+-------+-------------------+--------------------+--------------------+------------------------------------+------------------------------------+------------------------------------+------------------------------------+
| Epoch |  training time(s) |   tesing time(s)   |        Loss        |               recall               |                ndcg                |             precision              |             hit_ratio              |
+-------+-------------------+--------------------+--------------------+------------------------------------+------------------------------------+------------------------------------+------------------------------------+
|   3   | 47.53303289413452 | 48.986629247665405 | 148.62904357910156 | [0.15262396 0.21681782 0.26287083] | [0.12804272 0.14813648 0.1618785 ] | [0.04829192 0.03460128 0.02817224] | [0.53295599 0.63614442 0.6942528 ] |
+-------+-------------------+--------------------+--------------------+------------------------------------+------------------------------------+------------------------------------+------------------------------------+
epoch: 4 s: 0 batch_loss 0.3592051863670349 BPR_loss 0.2939285635948181 reg_loss 0.0652766078710556
epoch: 4 s: 256000 batch_loss 0.3494130074977875 BPR_loss 0.2812301516532898 reg_loss 0.06818284839391708
epoch: 4 s: 512000 batch_loss 0.35704928636550903 BPR_loss 0.28729164600372314 reg_loss 0.06975763291120529
epoch: 4 s: 768000 batch_loss 0.3563297390937805 BPR_loss 0.28423014283180237 reg_loss 0.07209958136081696
+-------+-------------------+--------------------+----------+------------------------------------+------------------------------------+------------------------------------+------------------------------------+
| Epoch |  training time(s) |   tesing time(s)   |   Loss   |               recall               |                ndcg                |             precision              |             hit_ratio              |
+-------+-------------------+--------------------+----------+------------------------------------+------------------------------------+------------------------------------+------------------------------------+
|   4   | 46.70238471031189 | 48.960928440093994 | 140.1875 | [0.15617557 0.22147967 0.26759128] | [0.13152109 0.15192926 0.1657268 ] | [0.04939547 0.03531382 0.02868522] | [0.5411615  0.64247438 0.70058276] |
+-------+-------------------+--------------------+----------+------------------------------------+------------------------------------+------------------------------------+------------------------------------+
epoch: 5 s: 0 batch_loss 0.3432249426841736 BPR_loss 0.271198570728302 reg_loss 0.07202638685703278
epoch: 5 s: 256000 batch_loss 0.3474534749984741 BPR_loss 0.2723686397075653 reg_loss 0.07508484274148941
epoch: 5 s: 512000 batch_loss 0.34107160568237305 BPR_loss 0.2642039656639099 reg_loss 0.07686764746904373
epoch: 5 s: 768000 batch_loss 0.32984745502471924 BPR_loss 0.24996627867221832 reg_loss 0.07988119125366211
+-------+------------------+--------------------+--------------------+------------------------------------+------------------------------------+------------------------------------+------------------------------------+
| Epoch | training time(s) |   tesing time(s)   |        Loss        |               recall               |                ndcg                |             precision              |             hit_ratio              |
+-------+------------------+--------------------+--------------------+------------------------------------+------------------------------------+------------------------------------+------------------------------------+
|   5   | 46.6520893573761 | 49.459410667419434 | 133.93746948242188 | [0.15782881 0.22457052 0.27095185] | [0.13287898 0.15382959 0.16764227] | [0.04987106 0.03579275 0.02897772] | [0.54303704 0.64719673 0.7040994 ] |
+-------+------------------+--------------------+--------------------+------------------------------------+------------------------------------+------------------------------------+------------------------------------+
epoch: 6 s: 0 batch_loss 0.32260727882385254 BPR_loss 0.24277371168136597 reg_loss 0.07983356714248657
epoch: 6 s: 256000 batch_loss 0.30322265625 BPR_loss 0.2234462946653366 reg_loss 0.07977637648582458
epoch: 6 s: 512000 batch_loss 0.3332369923591614 BPR_loss 0.25145578384399414 reg_loss 0.08178122341632843
epoch: 6 s: 768000 batch_loss 0.33283719420433044 BPR_loss 0.24901407957077026 reg_loss 0.08382311463356018
+-------+-------------------+-------------------+-------------------+------------------------------------+------------------------------------+------------------------------------+------------------------------------+
| Epoch |  training time(s) |   tesing time(s)  |        Loss       |               recall               |                ndcg                |             precision              |             hit_ratio              |
+-------+-------------------+-------------------+-------------------+------------------------------------+------------------------------------+------------------------------------+------------------------------------+
|   6   | 46.67711663246155 | 49.56530547142029 | 128.6299285888672 | [0.16082192 0.22732824 0.2749921 ] | [0.13515294 0.15598314 0.17019866] | [0.050705   0.036198   0.02940251] | [0.5502043  0.65121575 0.71012794] |
+-------+-------------------+-------------------+-------------------+------------------------------------+------------------------------------+------------------------------------+------------------------------------+
epoch: 7 s: 0 batch_loss 0.33449479937553406 BPR_loss 0.25203096866607666 reg_loss 0.0824638307094574
epoch: 7 s: 256000 batch_loss 0.31710079312324524 BPR_loss 0.232127383351326 reg_loss 0.08497341722249985
epoch: 7 s: 512000 batch_loss 0.31866252422332764 BPR_loss 0.23207947611808777 reg_loss 0.08658304065465927
epoch: 7 s: 768000 batch_loss 0.3157932460308075 BPR_loss 0.23059314489364624 reg_loss 0.08520010113716125
+-------+-------------------+--------------------+--------------------+------------------------------------+------------------------------------+------------------------------------+------------------------------------+
| Epoch |  training time(s) |   tesing time(s)   |        Loss        |               recall               |                ndcg                |             precision              |             hit_ratio              |
+-------+-------------------+--------------------+--------------------+------------------------------------+------------------------------------+------------------------------------+------------------------------------+
|   7   | 47.83653926849365 | 53.065741777420044 | 124.67987060546875 | [0.16279718 0.22967283 0.27777097] | [0.1369646  0.15788167 0.17219781] | [0.05124925 0.03645338 0.0295828 ] | [0.55382142 0.65540224 0.71294126] |
+-------+-------------------+--------------------+--------------------+------------------------------------+------------------------------------+------------------------------------+------------------------------------+
epoch: 8 s: 0 batch_loss 0.31958505511283875 BPR_loss 0.2340335100889206 reg_loss 0.08555155247449875
epoch: 8 s: 256000 batch_loss 0.31169289350509644 BPR_loss 0.22355829179286957 reg_loss 0.08813460171222687
epoch: 8 s: 512000 batch_loss 0.2927100956439972 BPR_loss 0.2037510871887207 reg_loss 0.08895900845527649
epoch: 8 s: 768000 batch_loss 0.29158973693847656 BPR_loss 0.20246848464012146 reg_loss 0.0891212671995163
+-------+-------------------+------------------+--------------------+------------------------------------+------------------------------------+------------------------------------+------------------------------------+
| Epoch |  training time(s) |  tesing time(s)  |        Loss        |               recall               |                ndcg                |             precision              |             hit_ratio              |
+-------+-------------------+------------------+--------------------+------------------------------------+------------------------------------+------------------------------------+------------------------------------+
|   8   | 47.91688346862793 | 52.4640109539032 | 121.13436126708984 | [0.16464739 0.23162888 0.27959123] | [0.13859212 0.15959326 0.17388692] | [0.05174828 0.03679081 0.02980887] | [0.55613236 0.65757921 0.71431442] |
+-------+-------------------+------------------+--------------------+------------------------------------+------------------------------------+------------------------------------+------------------------------------+
epoch: 9 s: 0 batch_loss 0.3017598092556 BPR_loss 0.21370013058185577 reg_loss 0.0880596786737442
epoch: 9 s: 256000 batch_loss 0.30051836371421814 BPR_loss 0.2105521708726883 reg_loss 0.08996619284152985
epoch: 9 s: 512000 batch_loss 0.30021852254867554 BPR_loss 0.21091793477535248 reg_loss 0.08930058777332306
epoch: 9 s: 768000 batch_loss 0.290155827999115 BPR_loss 0.19661518931388855 reg_loss 0.09354062378406525
+-------+-------------------+-------------------+-------------------+------------------------------------+------------------------------------+------------------------------------+------------------------------------+
| Epoch |  training time(s) |   tesing time(s)  |        Loss       |               recall               |                ndcg                |             precision              |             hit_ratio              |
+-------+-------------------+-------------------+-------------------+------------------------------------+------------------------------------+------------------------------------+------------------------------------+
|   9   | 47.47679662704468 | 49.78627419471741 | 118.3822021484375 | [0.16614434 0.23331221 0.28175121] | [0.13968978 0.16070369 0.17514629] | [0.05213846 0.03696329 0.02998415] | [0.55871123 0.6608949  0.71739567] |
+-------+-------------------+-------------------+-------------------+------------------------------------+------------------------------------+------------------------------------+------------------------------------+
epoch: 10 s: 0 batch_loss 0.30268698930740356 BPR_loss 0.21128490567207336 reg_loss 0.0914020910859108
epoch: 10 s: 256000 batch_loss 0.2826959490776062 BPR_loss 0.19036975502967834 reg_loss 0.09232619404792786
epoch: 10 s: 512000 batch_loss 0.2899428606033325 BPR_loss 0.1944233775138855 reg_loss 0.09551946818828583
epoch: 10 s: 768000 batch_loss 0.2858848571777344 BPR_loss 0.19193100929260254 reg_loss 0.09395384788513184
+-------+-------------------+-------------------+--------------------+------------------------------------+------------------------------------+------------------------------------+------------------------------------+
| Epoch |  training time(s) |   tesing time(s)  |        Loss        |               recall               |                ndcg                |             precision              |             hit_ratio              |
+-------+-------------------+-------------------+--------------------+------------------------------------+------------------------------------+------------------------------------+------------------------------------+
|   10  | 46.08761239051819 | 47.49707913398743 | 115.08905029296875 | [0.16618682 0.23366848 0.28349427] | [0.14006626 0.16121971 0.17603495] | [0.05215185 0.03702107 0.03009914] | [0.55854377 0.66015808 0.71940518] |
+-------+-------------------+-------------------+--------------------+------------------------------------+------------------------------------+------------------------------------+------------------------------------+
epoch: 11 s: 0 batch_loss 0.2781871259212494 BPR_loss 0.18375973403453827 reg_loss 0.09442738443613052
epoch: 11 s: 256000 batch_loss 0.28864699602127075 BPR_loss 0.19341644644737244 reg_loss 0.09523055702447891
epoch: 11 s: 512000 batch_loss 0.2848578989505768 BPR_loss 0.1902715265750885 reg_loss 0.09458637237548828
epoch: 11 s: 768000 batch_loss 0.28033292293548584 BPR_loss 0.18485164642333984 reg_loss 0.09548129141330719
+-------+-------------------+-------------------+-------------------+------------------------------------+------------------------------------+------------------------------------+------------------------------------+
| Epoch |  training time(s) |   tesing time(s)  |        Loss       |               recall               |                ndcg                |             precision              |             hit_ratio              |
+-------+-------------------+-------------------+-------------------+------------------------------------+------------------------------------+------------------------------------+------------------------------------+
|   11  | 46.98588514328003 | 49.21132683753967 | 112.9416732788086 | [0.16777856 0.23606921 0.28527396] | [0.14168931 0.16305998 0.17771824] | [0.05269275 0.03736854 0.03029953] | [0.5621274  0.66310537 0.7218166 ] |
+-------+-------------------+-------------------+-------------------+------------------------------------+------------------------------------+------------------------------------+------------------------------------+
epoch: 12 s: 0 batch_loss 0.2843555212020874 BPR_loss 0.1883714646100998 reg_loss 0.09598404169082642
epoch: 12 s: 256000 batch_loss 0.28053903579711914 BPR_loss 0.18227960169315338 reg_loss 0.09825943410396576
epoch: 12 s: 512000 batch_loss 0.2733311355113983 BPR_loss 0.17634053528308868 reg_loss 0.09699059277772903
epoch: 12 s: 768000 batch_loss 0.2858738899230957 BPR_loss 0.18643507361412048 reg_loss 0.09943880885839462
+-------+-------------------+-------------------+--------------------+------------------------------------+------------------------------------+------------------------------------+------------------------------------+
| Epoch |  training time(s) |   tesing time(s)  |        Loss        |               recall               |                ndcg                |             precision              |             hit_ratio              |
+-------+-------------------+-------------------+--------------------+------------------------------------+------------------------------------+------------------------------------+------------------------------------+
|   12  | 46.77804446220398 | 46.74536061286926 | 110.82698822021484 | [0.16888165 0.2369816  0.2867482 ] | [0.14267247 0.16398087 0.17877911] | [0.05299082 0.03752428 0.03044633] | [0.56537611 0.66444504 0.72315627] |
+-------+-------------------+-------------------+--------------------+------------------------------------+------------------------------------+------------------------------------+------------------------------------+
epoch: 13 s: 0 batch_loss 0.2600787580013275 BPR_loss 0.16244550049304962 reg_loss 0.0976332500576973
epoch: 13 s: 256000 batch_loss 0.270396888256073 BPR_loss 0.1716269850730896 reg_loss 0.0987698882818222
epoch: 13 s: 512000 batch_loss 0.27601587772369385 BPR_loss 0.17856255173683167 reg_loss 0.09745333343744278
epoch: 13 s: 768000 batch_loss 0.2911872863769531 BPR_loss 0.1922512948513031 reg_loss 0.09893597662448883
+-------+-------------------+--------------------+--------------------+------------------------------------+------------------------------------+------------------------------------+------------------------------------+
| Epoch |  training time(s) |   tesing time(s)   |        Loss        |               recall               |                ndcg                |             precision              |             hit_ratio              |
+-------+-------------------+--------------------+--------------------+------------------------------------+------------------------------------+------------------------------------+------------------------------------+
|   13  | 46.59562134742737 | 49.207112073898315 | 109.10098266601562 | [0.16972011 0.23850857 0.28784513] | [0.14294724 0.16448429 0.17922356] | [0.05311474 0.03765992 0.03053788] | [0.56594548 0.66782772 0.72459642] |
+-------+-------------------+--------------------+--------------------+------------------------------------+------------------------------------+------------------------------------+------------------------------------+
epoch: 14 s: 0 batch_loss 0.26253819465637207 BPR_loss 0.16437840461730957 reg_loss 0.0981597825884819
epoch: 14 s: 256000 batch_loss 0.26580876111984253 BPR_loss 0.1666588932275772 reg_loss 0.09914987534284592
epoch: 14 s: 512000 batch_loss 0.2710203528404236 BPR_loss 0.1712028682231903 reg_loss 0.09981746971607208
epoch: 14 s: 768000 batch_loss 0.27677786350250244 BPR_loss 0.17569120228290558 reg_loss 0.10108666121959686
+-------+-------------------+--------------------+--------------------+------------------------------------+------------------------------------+------------------------------------+------------------------------------+
| Epoch |  training time(s) |   tesing time(s)   |        Loss        |               recall               |                ndcg                |             precision              |             hit_ratio              |
+-------+-------------------+--------------------+--------------------+------------------------------------+------------------------------------+------------------------------------+------------------------------------+
|   14  | 46.88382625579834 | 48.950329542160034 | 107.53423309326172 | [0.17032786 0.23871641 0.28886334] | [0.14384308 0.16532021 0.18023827] | [0.05333411 0.03777212 0.03064059] | [0.56755308 0.66856454 0.72570165] |
+-------+-------------------+--------------------+--------------------+------------------------------------+------------------------------------+------------------------------------+------------------------------------+
epoch: 15 s: 0 batch_loss 0.25861281156539917 BPR_loss 0.1576233208179474 reg_loss 0.10098949074745178
epoch: 15 s: 256000 batch_loss 0.2716391384601593 BPR_loss 0.17247983813285828 reg_loss 0.09915930777788162
epoch: 15 s: 512000 batch_loss 0.27181732654571533 BPR_loss 0.16939151287078857 reg_loss 0.10242582857608795
epoch: 15 s: 768000 batch_loss 0.26170963048934937 BPR_loss 0.16116009652614594 reg_loss 0.10054953396320343
+-------+--------------------+-------------------+--------------------+------------------------------------+------------------------------------+------------------------------------+------------------------------------+
| Epoch |  training time(s)  |   tesing time(s)  |        Loss        |               recall               |                ndcg                |             precision              |             hit_ratio              |
+-------+--------------------+-------------------+--------------------+------------------------------------+------------------------------------+------------------------------------+------------------------------------+
|   15  | 47.798240661621094 | 49.45890259742737 | 105.94654083251953 | [0.17098111 0.23901408 0.2892464 ] | [0.14398794 0.16533458 0.1802799 ] | [0.05346138 0.03776291 0.03064059] | [0.56852435 0.66946882 0.72707482] |
+-------+--------------------+-------------------+--------------------+------------------------------------+------------------------------------+------------------------------------+------------------------------------+
epoch: 16 s: 0 batch_loss 0.26160916686058044 BPR_loss 0.1590414047241211 reg_loss 0.10256775468587875
epoch: 16 s: 256000 batch_loss 0.27673962712287903 BPR_loss 0.1752794086933136 reg_loss 0.10146022588014603
epoch: 16 s: 512000 batch_loss 0.2753942906856537 BPR_loss 0.17470237612724304 reg_loss 0.10069191455841064
epoch: 16 s: 768000 batch_loss 0.24971267580986023 BPR_loss 0.14504598081111908 reg_loss 0.10466669499874115
+-------+-------------------+------------------+--------------------+------------------------------------+------------------------------------+------------------------------------+------------------------------------+
| Epoch |  training time(s) |  tesing time(s)  |        Loss        |               recall               |                ndcg                |             precision              |             hit_ratio              |
+-------+-------------------+------------------+--------------------+------------------------------------+------------------------------------+------------------------------------+------------------------------------+
|   16  | 48.82800316810608 | 53.0382719039917 | 104.63750457763672 | [0.17172808 0.24028186 0.29021204] | [0.14503174 0.16654952 0.18136322] | [0.05378291 0.03804006 0.030774  ] | [0.56986402 0.67100944 0.7292183 ] |
+-------+-------------------+------------------+--------------------+------------------------------------+------------------------------------+------------------------------------+------------------------------------+
epoch: 17 s: 0 batch_loss 0.26432061195373535 BPR_loss 0.16088983416557312 reg_loss 0.10343076288700104
epoch: 17 s: 256000 batch_loss 0.26530545949935913 BPR_loss 0.1626787930727005 reg_loss 0.10262665897607803
epoch: 17 s: 512000 batch_loss 0.2734679877758026 BPR_loss 0.1705615222454071 reg_loss 0.10290645807981491
epoch: 17 s: 768000 batch_loss 0.27195268869400024 BPR_loss 0.16904500126838684 reg_loss 0.1029076799750328
+-------+--------------------+-------------------+--------------------+------------------------------------+------------------------------------+------------------------------------+------------------------------------+
| Epoch |  training time(s)  |   tesing time(s)  |        Loss        |               recall               |                ndcg                |             precision              |             hit_ratio              |
+-------+--------------------+-------------------+--------------------+------------------------------------+------------------------------------+------------------------------------+------------------------------------+
|   17  | 49.110692739486694 | 52.02741885185242 | 103.74700164794922 | [0.17219118 0.24059278 0.29104249] | [0.14534198 0.16679382 0.18180717] | [0.05380635 0.03796972 0.030798  ] | [0.57006497 0.67174627 0.72988814] |
+-------+--------------------+-------------------+--------------------+------------------------------------+------------------------------------+------------------------------------+------------------------------------+
epoch: 18 s: 0 batch_loss 0.261066734790802 BPR_loss 0.15733447670936584 reg_loss 0.10373224318027496
epoch: 18 s: 256000 batch_loss 0.25606662034988403 BPR_loss 0.1524887979030609 reg_loss 0.10357780754566193
epoch: 18 s: 512000 batch_loss 0.2542739808559418 BPR_loss 0.14993667602539062 reg_loss 0.10433731228113174
epoch: 18 s: 768000 batch_loss 0.2609485387802124 BPR_loss 0.15524174273014069 reg_loss 0.10570678859949112
+-------+-------------------+--------------------+--------------------+------------------------------------+------------------------------------+------------------------------------+------------------------------------+
| Epoch |  training time(s) |   tesing time(s)   |        Loss        |               recall               |                ndcg                |             precision              |             hit_ratio              |
+-------+-------------------+--------------------+--------------------+------------------------------------+------------------------------------+------------------------------------+------------------------------------+
|   18  | 49.25478458404541 | 54.070826053619385 | 102.41924285888672 | [0.17233154 0.24094639 0.29071907] | [0.14523929 0.16674974 0.181579  ] | [0.05375779 0.03795633 0.03073827] | [0.57113671 0.67194722 0.72901735] |
+-------+-------------------+--------------------+--------------------+------------------------------------+------------------------------------+------------------------------------+------------------------------------+
epoch: 19 s: 0 batch_loss 0.2588220536708832 BPR_loss 0.15346378087997437 reg_loss 0.10535826534032822
epoch: 19 s: 256000 batch_loss 0.25412672758102417 BPR_loss 0.1494399905204773 reg_loss 0.10468672960996628
epoch: 19 s: 512000 batch_loss 0.2506882846355438 BPR_loss 0.1477666050195694 reg_loss 0.10292167216539383
epoch: 19 s: 768000 batch_loss 0.25260356068611145 BPR_loss 0.14821389317512512 reg_loss 0.10438966006040573
+-------+-------------------+-------------------+--------------------+------------------------------------+------------------------------------+------------------------------------+------------------------------------+
| Epoch |  training time(s) |   tesing time(s)  |        Loss        |               recall               |                ndcg                |             precision              |             hit_ratio              |
+-------+-------------------+-------------------+--------------------+------------------------------------+------------------------------------+------------------------------------+------------------------------------+
|   19  | 50.00236105918884 | 51.19747066497803 | 101.43635559082031 | [0.17333429 0.24272819 0.29200491] | [0.14628208 0.16803135 0.1827227 ] | [0.05418648 0.03828538 0.03093029] | [0.57314623 0.67512894 0.73069194] |
+-------+-------------------+-------------------+--------------------+------------------------------------+------------------------------------+------------------------------------+------------------------------------+
epoch: 20 s: 0 batch_loss 0.2624502182006836 BPR_loss 0.15760791301727295 reg_loss 0.10484229028224945
epoch: 20 s: 256000 batch_loss 0.2545244097709656 BPR_loss 0.1502959430217743 reg_loss 0.10422847419977188
epoch: 20 s: 512000 batch_loss 0.25892508029937744 BPR_loss 0.15271249413490295 reg_loss 0.10621257871389389
epoch: 20 s: 768000 batch_loss 0.25356996059417725 BPR_loss 0.14708250761032104 reg_loss 0.1064874604344368
+-------+-------------------+-------------------+-------------------+------------------------------------+------------------------------------+------------------------------------+------------------------------------+
| Epoch |  training time(s) |   tesing time(s)  |        Loss       |               recall               |                ndcg                |             precision              |             hit_ratio              |
+-------+-------------------+-------------------+-------------------+------------------------------------+------------------------------------+------------------------------------+------------------------------------+
|   20  | 49.95907282829285 | 51.19139313697815 | 100.5844497680664 | [0.17346046 0.24238062 0.29254834] | [0.14646168 0.16807637 0.18303166] | [0.05406759 0.03817402 0.03091466] | [0.57197401 0.67606672 0.73219908] |
+-------+-------------------+-------------------+-------------------+------------------------------------+------------------------------------+------------------------------------+------------------------------------+
epoch: 21 s: 0 batch_loss 0.2460668385028839 BPR_loss 0.14117738604545593 reg_loss 0.10488944500684738
epoch: 21 s: 256000 batch_loss 0.26334449648857117 BPR_loss 0.15812361240386963 reg_loss 0.10522087663412094
epoch: 21 s: 512000 batch_loss 0.2485300600528717 BPR_loss 0.1430055797100067 reg_loss 0.1055244728922844
epoch: 21 s: 768000 batch_loss 0.25461703538894653 BPR_loss 0.14781443774700165 reg_loss 0.10680261254310608
+-------+-------------------+--------------------+-------------------+------------------------------------+------------------------------------+------------------------------------+------------------------------------+
| Epoch |  training time(s) |   tesing time(s)   |        Loss       |               recall               |                ndcg                |             precision              |             hit_ratio              |
+-------+-------------------+--------------------+-------------------+------------------------------------+------------------------------------+------------------------------------+------------------------------------+
|   21  | 48.29424476623535 | 50.508562326431274 | 99.55477905273438 | [0.17253171 0.24221296 0.29207394] | [0.14573539 0.16760189 0.18245924] | [0.05381975 0.03810369 0.03082479] | [0.57023243 0.67479403 0.73236653] |
+-------+-------------------+--------------------+-------------------+------------------------------------+------------------------------------+------------------------------------+------------------------------------+
epoch: 22 s: 0 batch_loss 0.23524072766304016 BPR_loss 0.12858359515666962 reg_loss 0.10665713995695114
epoch: 22 s: 256000 batch_loss 0.25077998638153076 BPR_loss 0.14398005604743958 reg_loss 0.10679993033409119
epoch: 22 s: 512000 batch_loss 0.24620473384857178 BPR_loss 0.1397695392370224 reg_loss 0.10643520206212997
epoch: 22 s: 768000 batch_loss 0.25463932752609253 BPR_loss 0.14904654026031494 reg_loss 0.10559279471635818
+-------+-------------------+--------------------+-------------------+------------------------------------+------------------------------------+------------------------------------+------------------------------------+
| Epoch |  training time(s) |   tesing time(s)   |        Loss       |               recall               |                ndcg                |             precision              |             hit_ratio              |
+-------+-------------------+--------------------+-------------------+------------------------------------+------------------------------------+------------------------------------+------------------------------------+
|   22  | 47.62455129623413 | 48.470356702804565 | 98.80248260498047 | [0.17313911 0.24232387 0.29157994] | [0.14566312 0.16739686 0.18209866] | [0.05394199 0.03815393 0.03083596] | [0.57311273 0.67516244 0.73029004] |
+-------+-------------------+--------------------+-------------------+------------------------------------+------------------------------------+------------------------------------+------------------------------------+
epoch: 23 s: 0 batch_loss 0.2516818642616272 BPR_loss 0.14685383439064026 reg_loss 0.10482803732156754
epoch: 23 s: 256000 batch_loss 0.24747760593891144 BPR_loss 0.14047691226005554 reg_loss 0.1070006936788559
epoch: 23 s: 512000 batch_loss 0.24939775466918945 BPR_loss 0.14101921021938324 reg_loss 0.10837853699922562
epoch: 23 s: 768000 batch_loss 0.24188217520713806 BPR_loss 0.13399656116962433 reg_loss 0.10788560658693314
+-------+-------------------+-------------------+-------------------+------------------------------------+------------------------------------+------------------------------------+------------------------------------+
| Epoch |  training time(s) |   tesing time(s)  |        Loss       |               recall               |                ndcg                |             precision              |             hit_ratio              |
+-------+-------------------+-------------------+-------------------+------------------------------------+------------------------------------+------------------------------------+------------------------------------+
|   23  | 47.47714447975159 | 44.62414336204529 | 98.19759368896484 | [0.17360151 0.24235302 0.29243544] | [0.14642305 0.16797331 0.18290556] | [0.05405921 0.03811039 0.03086889] | [0.57277781 0.67502847 0.73246701] |
+-------+-------------------+-------------------+-------------------+------------------------------------+------------------------------------+------------------------------------+------------------------------------+
epoch: 24 s: 0 batch_loss 0.24261724948883057 BPR_loss 0.13525325059890747 reg_loss 0.10736400634050369
epoch: 24 s: 256000 batch_loss 0.2349291443824768 BPR_loss 0.12775669991970062 reg_loss 0.10717245191335678
epoch: 24 s: 512000 batch_loss 0.25465917587280273 BPR_loss 0.1472676396369934 reg_loss 0.10739152133464813
epoch: 24 s: 768000 batch_loss 0.2483399510383606 BPR_loss 0.14013083279132843 reg_loss 0.10820912569761276
+-------+-------------------+--------------------+-------------------+------------------------------------+------------------------------------+------------------------------------+------------------------------------+
| Epoch |  training time(s) |   tesing time(s)   |        Loss       |               recall               |                ndcg                |             precision              |             hit_ratio              |
+-------+-------------------+--------------------+-------------------+------------------------------------+------------------------------------+------------------------------------+------------------------------------+
|   24  | 46.11966943740845 | 41.167173624038696 | 97.39764404296875 | [0.17375716 0.24287138 0.29250271] | [0.14657148 0.16820302 0.18301329] | [0.05419988 0.03819328 0.03089903] | [0.57321321 0.67620068 0.73196463] |
+-------+-------------------+--------------------+-------------------+------------------------------------+------------------------------------+------------------------------------+------------------------------------+
epoch: 25 s: 0 batch_loss 0.2448214292526245 BPR_loss 0.13846948742866516 reg_loss 0.10635193437337875
epoch: 25 s: 256000 batch_loss 0.24569126963615417 BPR_loss 0.13701756298542023 reg_loss 0.10867370665073395
epoch: 25 s: 512000 batch_loss 0.24834007024765015 BPR_loss 0.14189743995666504 reg_loss 0.1064426377415657
epoch: 25 s: 768000 batch_loss 0.25210341811180115 BPR_loss 0.1437140554189682 reg_loss 0.10838937014341354
+-------+-------------------+-------------------+-------------------+------------------------------------+------------------------------------+------------------------------------+------------------------------------+
| Epoch |  training time(s) |   tesing time(s)  |        Loss       |               recall               |                ndcg                |             precision              |             hit_ratio              |
+-------+-------------------+-------------------+-------------------+------------------------------------+------------------------------------+------------------------------------+------------------------------------+
|   25  | 47.21401500701904 | 41.73655939102173 | 96.79690551757812 | [0.17286552 0.24289549 0.29242292] | [0.14593304 0.16791975 0.18269477] | [0.05376783 0.03811206 0.03082591] | [0.57056735 0.6757318  0.73223257] |
+-------+-------------------+-------------------+-------------------+------------------------------------+------------------------------------+------------------------------------+------------------------------------+
epoch: 26 s: 0 batch_loss 0.23444929718971252 BPR_loss 0.12630385160446167 reg_loss 0.10814543813467026
epoch: 26 s: 256000 batch_loss 0.24375075101852417 BPR_loss 0.13509738445281982 reg_loss 0.10865337401628494
epoch: 26 s: 512000 batch_loss 0.24370591342449188 BPR_loss 0.13702206313610077 reg_loss 0.10668385028839111
epoch: 26 s: 768000 batch_loss 0.23776984214782715 BPR_loss 0.12936022877693176 reg_loss 0.10840960592031479
+-------+-------------------+--------------------+-------------------+------------------------------------+------------------------------------+------------------------------------+------------------------------------+
| Epoch |  training time(s) |   tesing time(s)   |        Loss       |               recall               |                ndcg                |             precision              |             hit_ratio              |
+-------+-------------------+--------------------+-------------------+------------------------------------+------------------------------------+------------------------------------+------------------------------------+
|   26  | 48.29139423370361 | 44.491825580596924 | 96.24605560302734 | [0.17314378 0.24294787 0.29304637] | [0.1463727  0.16830338 0.18317087] | [0.05394199 0.03820752 0.03087782] | [0.57234242 0.67646862 0.73404113] |
+-------+-------------------+--------------------+-------------------+------------------------------------+------------------------------------+------------------------------------+------------------------------------+
epoch: 27 s: 0 batch_loss 0.24032360315322876 BPR_loss 0.1319098025560379 reg_loss 0.10841380804777145
epoch: 27 s: 256000 batch_loss 0.2353939414024353 BPR_loss 0.12865355610847473 reg_loss 0.10674037784337997
epoch: 27 s: 512000 batch_loss 0.2389501929283142 BPR_loss 0.13181617856025696 reg_loss 0.10713402181863785
epoch: 27 s: 768000 batch_loss 0.24979189038276672 BPR_loss 0.14176401495933533 reg_loss 0.1080278754234314
+-------+-------------------+------------------+------------------+------------------------------------+------------------------------------+------------------------------------+------------------------------------+
| Epoch |  training time(s) |  tesing time(s)  |       Loss       |               recall               |                ndcg                |             precision              |             hit_ratio              |
+-------+-------------------+------------------+------------------+------------------------------------+------------------------------------+------------------------------------+------------------------------------+
|   27  | 48.79984450340271 | 47.7411162853241 | 95.6510009765625 | [0.17339256 0.24341526 0.29274053] | [0.14665529 0.16862485 0.183356  ] | [0.05400898 0.03826864 0.03095764] | [0.57177306 0.67650211 0.73229955] |
+-------+-------------------+------------------+------------------+------------------------------------+------------------------------------+------------------------------------+------------------------------------+
epoch: 28 s: 0 batch_loss 0.24660176038742065 BPR_loss 0.1380273699760437 reg_loss 0.10857438296079636
epoch: 28 s: 256000 batch_loss 0.24505606293678284 BPR_loss 0.136480450630188 reg_loss 0.10857561975717545
epoch: 28 s: 512000 batch_loss 0.22711846232414246 BPR_loss 0.11739804595708847 reg_loss 0.10972042381763458
epoch: 28 s: 768000 batch_loss 0.2340267151594162 BPR_loss 0.12408329546451569 reg_loss 0.10994341969490051
+-------+-------------------+-------------------+-------------------+------------------------------------+------------------------------------+------------------------------------+------------------------------------+
| Epoch |  training time(s) |   tesing time(s)  |        Loss       |               recall               |                ndcg                |             precision              |             hit_ratio              |
+-------+-------------------+-------------------+-------------------+------------------------------------+------------------------------------+------------------------------------+------------------------------------+
|   28  | 49.15397572517395 | 58.78932571411133 | 95.12567138671875 | [0.1740461  0.24344363 0.29283158] | [0.14711244 0.16884699 0.18355385] | [0.05425682 0.03829962 0.03092918] | [0.57344765 0.67804274 0.73286891] |
+-------+-------------------+-------------------+-------------------+------------------------------------+------------------------------------+------------------------------------+------------------------------------+
epoch: 29 s: 0 batch_loss 0.24091434478759766 BPR_loss 0.1319093406200409 reg_loss 0.10900499671697617
epoch: 29 s: 256000 batch_loss 0.235821932554245 BPR_loss 0.12643170356750488 reg_loss 0.10939023643732071
epoch: 29 s: 512000 batch_loss 0.2427016794681549 BPR_loss 0.13325729966163635 reg_loss 0.10944437980651855
epoch: 29 s: 768000 batch_loss 0.23220840096473694 BPR_loss 0.12293994426727295 reg_loss 0.10926845669746399
+-------+-------------------+--------------------+-------------------+------------------------------------+------------------------------------+------------------------------------+------------------------------------+
| Epoch |  training time(s) |   tesing time(s)   |        Loss       |               recall               |                ndcg                |             precision              |             hit_ratio              |
+-------+-------------------+--------------------+-------------------+------------------------------------+------------------------------------+------------------------------------+------------------------------------+
|   29  | 50.45952391624451 | 54.385159492492676 | 94.77141571044922 | [0.17348826 0.24363379 0.2927478 ] | [0.14645047 0.16844969 0.1831345 ] | [0.05399558 0.03822259 0.03089345] | [0.57167258 0.67707147 0.73253399] |
+-------+-------------------+--------------------+-------------------+------------------------------------+------------------------------------+------------------------------------+------------------------------------+
epoch: 30 s: 0 batch_loss 0.23435309529304504 BPR_loss 0.12451475858688354 reg_loss 0.1098383441567421
epoch: 30 s: 256000 batch_loss 0.2346641570329666 BPR_loss 0.12489940226078033 reg_loss 0.10976475477218628
epoch: 30 s: 512000 batch_loss 0.24049073457717896 BPR_loss 0.12914437055587769 reg_loss 0.11134636402130127
epoch: 30 s: 768000 batch_loss 0.24229758977890015 BPR_loss 0.13133938610553741 reg_loss 0.11095819622278214
+-------+-------------------+-------------------+-------------------+------------------------------------+------------------------------------+------------------------------------+------------------------------------+
| Epoch |  training time(s) |   tesing time(s)  |        Loss       |               recall               |                ndcg                |             precision              |             hit_ratio              |
+-------+-------------------+-------------------+-------------------+------------------------------------+------------------------------------+------------------------------------+------------------------------------+
|   30  | 51.01838302612305 | 61.56520080566406 | 94.10209655761719 | [0.1731842  0.24414645 0.29267939] | [0.14642264 0.16872954 0.18319316] | [0.05386496 0.03830715 0.030846  ] | [0.57267734 0.67760734 0.73337129] |
+-------+-------------------+-------------------+-------------------+------------------------------------+------------------------------------+------------------------------------+------------------------------------+
epoch: 31 s: 0 batch_loss 0.23028886318206787 BPR_loss 0.12249593436717987 reg_loss 0.107792928814888
epoch: 31 s: 256000 batch_loss 0.23353323340415955 BPR_loss 0.12477108836174011 reg_loss 0.10876214504241943
epoch: 31 s: 512000 batch_loss 0.2463136613368988 BPR_loss 0.1348913609981537 reg_loss 0.11142230778932571
epoch: 31 s: 768000 batch_loss 0.23745524883270264 BPR_loss 0.1266091912984848 reg_loss 0.11084605008363724
+-------+-------------------+-------------------+------------------+------------------------------------+------------------------------------+------------------------------------+------------------------------------+
| Epoch |  training time(s) |   tesing time(s)  |       Loss       |               recall               |                ndcg                |             precision              |             hit_ratio              |
+-------+-------------------+-------------------+------------------+------------------------------------+------------------------------------+------------------------------------+------------------------------------+
|   31  | 50.49970364570618 | 62.11110973358154 | 94.0954818725586 | [0.17326466 0.24342062 0.29234095] | [0.14641988 0.16843283 0.18304275] | [0.05396209 0.0382184  0.030846  ] | [0.57321321 0.67610021 0.73283542] |
+-------+-------------------+-------------------+------------------+------------------------------------+------------------------------------+------------------------------------+------------------------------------+
epoch: 32 s: 0 batch_loss 0.24341769516468048 BPR_loss 0.13309431076049805 reg_loss 0.11032338440418243
epoch: 32 s: 256000 batch_loss 0.23753808438777924 BPR_loss 0.12779848277568817 reg_loss 0.10973960161209106
epoch: 32 s: 512000 batch_loss 0.23866574466228485 BPR_loss 0.128274068236351 reg_loss 0.11039167642593384
epoch: 32 s: 768000 batch_loss 0.2375035583972931 BPR_loss 0.12860271334648132 reg_loss 0.10890085250139236
+-------+-------------------+-------------------+-------------------+------------------------------------+------------------------------------+------------------------------------+------------------------------------+
| Epoch |  training time(s) |   tesing time(s)  |        Loss       |               recall               |                ndcg                |             precision              |             hit_ratio              |
+-------+-------------------+-------------------+-------------------+------------------------------------+------------------------------------+------------------------------------+------------------------------------+
|   32  | 51.61982250213623 | 63.61271786689758 | 93.21769714355469 | [0.17312003 0.2432725  0.29204928] | [0.14585471 0.16795436 0.18253982] | [0.05363387 0.03812546 0.03079074] | [0.57237591 0.67579878 0.73213209] |
+-------+-------------------+-------------------+-------------------+------------------------------------+------------------------------------+------------------------------------+------------------------------------+
epoch: 33 s: 0 batch_loss 0.23583510518074036 BPR_loss 0.12477174401283264 reg_loss 0.11106336861848831
epoch: 33 s: 256000 batch_loss 0.22112789750099182 BPR_loss 0.10972867906093597 reg_loss 0.11139921844005585
epoch: 33 s: 512000 batch_loss 0.23395100235939026 BPR_loss 0.12414770573377609 reg_loss 0.10980330407619476
epoch: 33 s: 768000 batch_loss 0.23594726622104645 BPR_loss 0.1250859647989273 reg_loss 0.11086130142211914
+-------+--------------------+-------------------+-------------------+------------------------------------+------------------------------------+------------------------------------+------------------------------------+
| Epoch |  training time(s)  |   tesing time(s)  |        Loss       |               recall               |                ndcg                |             precision              |             hit_ratio              |
+-------+--------------------+-------------------+-------------------+------------------------------------+------------------------------------+------------------------------------+------------------------------------+
|   33  | 51.640732765197754 | 60.80911064147949 | 92.86695861816406 | [0.17277469 0.24302575 0.29219548] | [0.14586016 0.16792226 0.18262324] | [0.05365564 0.03811039 0.03082368] | [0.57274432 0.67502847 0.73317034] |
+-------+--------------------+-------------------+-------------------+------------------------------------+------------------------------------+------------------------------------+------------------------------------+
epoch: 34 s: 0 batch_loss 0.23230518400669098 BPR_loss 0.12179949134588242 reg_loss 0.11050569266080856
epoch: 34 s: 256000 batch_loss 0.2362126260995865 BPR_loss 0.12496919929981232 reg_loss 0.11124342679977417
epoch: 34 s: 512000 batch_loss 0.22916415333747864 BPR_loss 0.11962682008743286 reg_loss 0.10953732579946518
epoch: 34 s: 768000 batch_loss 0.23446360230445862 BPR_loss 0.12506724894046783 reg_loss 0.10939636081457138
+-------+-------------------+-------------------+-------------------+------------------------------------+------------------------------------+------------------------------------+------------------------------------+
| Epoch |  training time(s) |   tesing time(s)  |        Loss       |               recall               |                ndcg                |             precision              |             hit_ratio              |
+-------+-------------------+-------------------+-------------------+------------------------------------+------------------------------------+------------------------------------+------------------------------------+
|   34  | 51.25258803367615 | 63.63258194923401 | 92.47366333007812 | [0.17301164 0.24310492 0.29236839] | [0.14594067 0.16798301 0.18266879] | [0.05371257 0.03813886 0.03080805] | [0.57250988 0.67636814 0.73243352] |
+-------+-------------------+-------------------+-------------------+------------------------------------+------------------------------------+------------------------------------+------------------------------------+
epoch: 35 s: 0 batch_loss 0.2362188696861267 BPR_loss 0.12565186619758606 reg_loss 0.11056700348854065
epoch: 35 s: 256000 batch_loss 0.229142427444458 BPR_loss 0.11868151277303696 reg_loss 0.11046090722084045
epoch: 35 s: 512000 batch_loss 0.24349749088287354 BPR_loss 0.13364741206169128 reg_loss 0.10985007137060165
epoch: 35 s: 768000 batch_loss 0.23870836198329926 BPR_loss 0.12874238193035126 reg_loss 0.109965980052948
+-------+--------------------+--------------------+-------------------+------------------------------------+------------------------------------+------------------------------------+------------------------------------+
| Epoch |  training time(s)  |   tesing time(s)   |        Loss       |               recall               |                ndcg                |             precision              |             hit_ratio              |
+-------+--------------------+--------------------+-------------------+------------------------------------+------------------------------------+------------------------------------+------------------------------------+
|   35  | 45.261542081832886 | 51.364362955093384 | 92.11911010742188 | [0.1731545  0.242944   0.29182119] | [0.14631691 0.1682499  0.1828074 ] | [0.05376281 0.03808527 0.03072097] | [0.57431844 0.67596624 0.73300288] |
+-------+--------------------+--------------------+-------------------+------------------------------------+------------------------------------+------------------------------------+------------------------------------+
epoch: 36 s: 0 batch_loss 0.23002970218658447 BPR_loss 0.11837061494588852 reg_loss 0.11165908724069595
epoch: 36 s: 256000 batch_loss 0.23052991926670074 BPR_loss 0.11904490739107132 reg_loss 0.11148501187562943
epoch: 36 s: 512000 batch_loss 0.22440965473651886 BPR_loss 0.11384614557027817 reg_loss 0.11056350916624069
epoch: 36 s: 768000 batch_loss 0.22824013233184814 BPR_loss 0.11750718206167221 reg_loss 0.11073295027017593
+-------+-------------------+-------------------+------------------+------------------------------------+------------------------------------+------------------------------------+------------------------------------+
| Epoch |  training time(s) |   tesing time(s)  |       Loss       |               recall               |                ndcg                |             precision              |             hit_ratio              |
+-------+-------------------+-------------------+------------------+------------------------------------+------------------------------------+------------------------------------+------------------------------------+
|   36  | 44.30451679229736 | 53.10026741027832 | 91.8508071899414 | [0.17305311 0.24283266 0.29213399] | [0.14599059 0.1679106  0.18262017] | [0.05369583 0.0380501  0.03075279] | [0.57401701 0.67633465 0.73243352] |
+-------+-------------------+-------------------+------------------+------------------------------------+------------------------------------+------------------------------------+------------------------------------+
epoch: 37 s: 0 batch_loss 0.22908338904380798 BPR_loss 0.11801069974899292 reg_loss 0.11107268184423447
epoch: 37 s: 256000 batch_loss 0.23570403456687927 BPR_loss 0.12530195713043213 reg_loss 0.11040206998586655
epoch: 37 s: 512000 batch_loss 0.23798143863677979 BPR_loss 0.125669926404953 reg_loss 0.11231151223182678
epoch: 37 s: 768000 batch_loss 0.22319947183132172 BPR_loss 0.11311762034893036 reg_loss 0.11008185148239136
+-------+-------------------+-------------------+------------------+------------------------------------+------------------------------------+------------------------------------+------------------------------------+
| Epoch |  training time(s) |   tesing time(s)  |       Loss       |               recall               |                ndcg                |             precision              |             hit_ratio              |
+-------+-------------------+-------------------+------------------+------------------------------------+------------------------------------+------------------------------------+------------------------------------+
|   37  | 44.17877268791199 | 50.56920576095581 | 91.4715805053711 | [0.17357956 0.24282129 0.29272521] | [0.14648682 0.16823282 0.18309844] | [0.05382142 0.03806936 0.03080749] | [0.57495479 0.6769375  0.73420859] |
+-------+-------------------+-------------------+------------------+------------------------------------+------------------------------------+------------------------------------+------------------------------------+
epoch: 38 s: 0 batch_loss 0.2323325276374817 BPR_loss 0.1214127466082573 reg_loss 0.1109197735786438
epoch: 38 s: 256000 batch_loss 0.22945433855056763 BPR_loss 0.11828199028968811 reg_loss 0.11117234826087952
epoch: 38 s: 512000 batch_loss 0.2322736531496048 BPR_loss 0.12157285213470459 reg_loss 0.11070080101490021
epoch: 38 s: 768000 batch_loss 0.2330881655216217 BPR_loss 0.12060243636369705 reg_loss 0.11248572915792465
+-------+-------------------+-------------------+------------------+------------------------------------+------------------------------------+------------------------------------+------------------------------------+
| Epoch |  training time(s) |   tesing time(s)  |       Loss       |               recall               |                ndcg                |             precision              |             hit_ratio              |
+-------+-------------------+-------------------+------------------+------------------------------------+------------------------------------+------------------------------------+------------------------------------+
|   38  | 44.21415424346924 | 50.81151294708252 | 91.2728042602539 | [0.17301759 0.24223025 0.29173827] | [0.14590489 0.16764348 0.18240483] | [0.05376114 0.03804006 0.03077511] | [0.5732467  0.67482752 0.7329024 ] |
+-------+-------------------+-------------------+------------------+------------------------------------+------------------------------------+------------------------------------+------------------------------------+
Early stopping is trigger at step: 10 log:0.17301758525596728
early stopping at 38, recall@20:0.1740
