Namespace(K=1, Ks='[20, 40, 60]', batch_size=2048, batch_test_flag=True, context_hops=3, cuda=True, data_path='data/', dataset='gowalla', dim=64, edge_dropout=False, edge_dropout_rate=0.1, epoch=1000, eps=0.01, gnn='lightgcn', gpu_id=3, l2=0.0001, lr=0.007, mess_dropout=False, mess_dropout_rate=0.1, n_negs=16, ns='mixgcf', out_dir='./weights/yelp2018/', pool='mean', save=False, test_batch_size=2048, test_flag='part')
reading train and test user-item set ...
building the adj mat ...
loading over ...
卷积器不需要第0层embedding
拿这个最难的neg_item去和pos_item在每一个维度上自适应权重......
start training ...
epoch: 0 s: 0 batch_loss 0.6931487321853638 BPR_loss 0.6931487321853638 reg_loss 2.4288397071359213e-08
epoch: 0 s: 256000 batch_loss 0.570235013961792 BPR_loss 0.568892776966095 reg_loss 0.0013422372285276651
epoch: 0 s: 512000 batch_loss 0.49500909447669983 BPR_loss 0.4922304153442383 reg_loss 0.002778691239655018
epoch: 0 s: 768000 batch_loss 0.45362335443496704 BPR_loss 0.44985830783843994 reg_loss 0.003765033558011055
+-------+-------------------+-------------------+--------------------+------------------------------------+------------------------------------+------------------------------------+------------------------------------+
| Epoch |  training time(s) |   tesing time(s)  |        Loss        |               recall               |                ndcg                |             precision              |             hit_ratio              |
+-------+-------------------+-------------------+--------------------+------------------------------------+------------------------------------+------------------------------------+------------------------------------+
|   0   | 83.00633311271667 | 63.10722851753235 | 214.01370239257812 | [0.13084446 0.18819948 0.22885431] | [0.11001417 0.12797479 0.14008337] | [0.04164211 0.03008406 0.02452051] | [0.48127805 0.58794963 0.64712975] |
+-------+-------------------+-------------------+--------------------+------------------------------------+------------------------------------+------------------------------------+------------------------------------+
epoch: 1 s: 0 batch_loss 0.4705266058444977 BPR_loss 0.46660369634628296 reg_loss 0.003922897856682539
epoch: 1 s: 256000 batch_loss 0.41537556052207947 BPR_loss 0.41030415892601013 reg_loss 0.00507140951231122
epoch: 1 s: 512000 batch_loss 0.3969220817089081 BPR_loss 0.3909147381782532 reg_loss 0.006007356569170952
epoch: 1 s: 768000 batch_loss 0.36820030212402344 BPR_loss 0.36109352111816406 reg_loss 0.007106785196810961
+-------+------------------+-------------------+--------------------+------------------------------------+------------------------------------+------------------------------------+------------------------------------+
| Epoch | training time(s) |   tesing time(s)  |        Loss        |               recall               |                ndcg                |             precision              |             hit_ratio              |
+-------+------------------+-------------------+--------------------+------------------------------------+------------------------------------+------------------------------------+------------------------------------+
|   1   | 78.630690574646  | 95.18301939964294 | 165.43316650390625 | [0.13916085 0.19871159 0.24114817] | [0.11708886 0.13573483 0.14839068] | [0.04415902 0.03167911 0.02581943] | [0.5012392  0.60653761 0.66565075] |
+-------+------------------+-------------------+--------------------+------------------------------------+------------------------------------+------------------------------------+------------------------------------+
epoch: 2 s: 0 batch_loss 0.386631041765213 BPR_loss 0.37959781289100647 reg_loss 0.007033228874206543
epoch: 2 s: 256000 batch_loss 0.3912793695926666 BPR_loss 0.3836323022842407 reg_loss 0.007647080812603235
epoch: 2 s: 512000 batch_loss 0.34226903319358826 BPR_loss 0.33343514800071716 reg_loss 0.008833874948322773
epoch: 2 s: 768000 batch_loss 0.33271726965904236 BPR_loss 0.32287198305130005 reg_loss 0.00984527450054884
+-------+-------------------+--------------------+--------------------+------------------------------------+------------------------------------+------------------------------------+------------------------------------+
| Epoch |  training time(s) |   tesing time(s)   |        Loss        |               recall               |                ndcg                |             precision              |             hit_ratio              |
+-------+-------------------+--------------------+--------------------+------------------------------------+------------------------------------+------------------------------------+------------------------------------+
|   2   | 81.88515901565552 | 144.20684003829956 | 141.81857299804688 | [0.14562573 0.20657243 0.25094392] | [0.12248338 0.14159256 0.15477363] | [0.04608983 0.03294343 0.02681135] | [0.51597562 0.62053721 0.67928193] |
+-------+-------------------+--------------------+--------------------+------------------------------------+------------------------------------+------------------------------------+------------------------------------+
epoch: 3 s: 0 batch_loss 0.3289974331855774 BPR_loss 0.31884053349494934 reg_loss 0.010156906209886074
epoch: 3 s: 256000 batch_loss 0.32379528880119324 BPR_loss 0.31309813261032104 reg_loss 0.010697150602936745
epoch: 3 s: 512000 batch_loss 0.3015824556350708 BPR_loss 0.2899343967437744 reg_loss 0.011648059822618961
epoch: 3 s: 768000 batch_loss 0.3018527030944824 BPR_loss 0.2894741892814636 reg_loss 0.012378514744341373
+-------+-------------------+--------------------+------------------+------------------------------------+------------------------------------+------------------------------------+------------------------------------+
| Epoch |  training time(s) |   tesing time(s)   |       Loss       |               recall               |                ndcg                |             precision              |             hit_ratio              |
+-------+-------------------+--------------------+------------------+------------------------------------+------------------------------------+------------------------------------+------------------------------------+
|   3   | 80.14533233642578 | 139.13493990898132 | 124.653564453125 | [0.14996741 0.21258898 0.25783677] | [0.12635735 0.14600024 0.15950262] | [0.04731395 0.03384269 0.02756938] | [0.52739634 0.62991493 0.68815728] |
+-------+-------------------+--------------------+------------------+------------------------------------+------------------------------------+------------------------------------+------------------------------------+
epoch: 4 s: 0 batch_loss 0.29125502705574036 BPR_loss 0.2793504595756531 reg_loss 0.011904556304216385
epoch: 4 s: 256000 batch_loss 0.2779723107814789 BPR_loss 0.26506733894348145 reg_loss 0.012904980219900608
epoch: 4 s: 512000 batch_loss 0.2867162525653839 BPR_loss 0.2732349932193756 reg_loss 0.013481258414685726
epoch: 4 s: 768000 batch_loss 0.2747121751308441 BPR_loss 0.2601469159126282 reg_loss 0.01456526294350624
+-------+-------------------+------------------+--------------------+------------------------------------+------------------------------------+------------------------------------+------------------------------------+
| Epoch |  training time(s) |  tesing time(s)  |        Loss        |               recall               |                ndcg                |             precision              |             hit_ratio              |
+-------+-------------------+------------------+--------------------+------------------------------------+------------------------------------+------------------------------------+------------------------------------+
|   4   | 76.83165740966797 | 90.0085608959198 | 111.14444732666016 | [0.15372777 0.21710234 0.26325608] | [0.12948802 0.14930623 0.16306226] | [0.04842923 0.03450583 0.02808013] | [0.53530042 0.63664679 0.69555898] |
+-------+-------------------+------------------+--------------------+------------------------------------+------------------------------------+------------------------------------+------------------------------------+
epoch: 5 s: 0 batch_loss 0.2631032466888428 BPR_loss 0.24878893792629242 reg_loss 0.014314309693872929
epoch: 5 s: 256000 batch_loss 0.26633331179618835 BPR_loss 0.25088393688201904 reg_loss 0.01544937677681446
epoch: 5 s: 512000 batch_loss 0.25747057795524597 BPR_loss 0.241311177611351 reg_loss 0.01615939661860466
epoch: 5 s: 768000 batch_loss 0.23882141709327698 BPR_loss 0.22174537181854248 reg_loss 0.01707603968679905
+-------+-------------------+-------------------+--------------------+------------------------------------+------------------------------------+------------------------------------+------------------------------------+
| Epoch |  training time(s) |   tesing time(s)  |        Loss        |               recall               |                ndcg                |             precision              |             hit_ratio              |
+-------+-------------------+-------------------+--------------------+------------------------------------+------------------------------------+------------------------------------+------------------------------------+
|   5   | 75.99848055839539 | 91.14203882217407 | 100.77909088134766 | [0.15545763 0.22049348 0.26717738] | [0.13103643 0.15144021 0.16535234] | [0.04881941 0.0349429  0.02842064] | [0.53650613 0.64180454 0.69920959] |
+-------+-------------------+-------------------+--------------------+------------------------------------+------------------------------------+------------------------------------+------------------------------------+
epoch: 6 s: 0 batch_loss 0.23365114629268646 BPR_loss 0.21626350283622742 reg_loss 0.017387639731168747
epoch: 6 s: 256000 batch_loss 0.20947720110416412 BPR_loss 0.19223293662071228 reg_loss 0.017244264483451843
epoch: 6 s: 512000 batch_loss 0.24755597114562988 BPR_loss 0.22889134287834167 reg_loss 0.01866462640464306
epoch: 6 s: 768000 batch_loss 0.23150429129600525 BPR_loss 0.21241983771324158 reg_loss 0.01908445917069912
+-------+-------------------+-------------------+-------------------+------------------------------------+------------------------------------+------------------------------------+------------------------------------+
| Epoch |  training time(s) |   tesing time(s)  |        Loss       |               recall               |                ndcg                |             precision              |             hit_ratio              |
+-------+-------------------+-------------------+-------------------+------------------------------------+------------------------------------+------------------------------------+------------------------------------+
|   6   | 73.40886092185974 | 132.6156747341156 | 92.01883697509766 | [0.15861841 0.223892   0.27127859] | [0.1338116  0.154287   0.16837945] | [0.0497036  0.03544862 0.02880244] | [0.54424275 0.64746467 0.70661129] |
+-------+-------------------+-------------------+-------------------+------------------------------------+------------------------------------+------------------------------------+------------------------------------+
epoch: 7 s: 0 batch_loss 0.23438599705696106 BPR_loss 0.21548011898994446 reg_loss 0.0189058780670166
epoch: 7 s: 256000 batch_loss 0.21861359477043152 BPR_loss 0.19915823638439178 reg_loss 0.019455354660749435
epoch: 7 s: 512000 batch_loss 0.2194204032421112 BPR_loss 0.19847258925437927 reg_loss 0.020947812125086784
epoch: 7 s: 768000 batch_loss 0.21659857034683228 BPR_loss 0.19601762294769287 reg_loss 0.020580945536494255
+-------+-------------------+-------------------+------------------+------------------------------------+------------------------------------+------------------------------------+------------------------------------+
| Epoch |  training time(s) |   tesing time(s)  |       Loss       |               recall               |                ndcg                |             precision              |             hit_ratio              |
+-------+-------------------+-------------------+------------------+------------------------------------+------------------------------------+------------------------------------+------------------------------------+
|   7   | 76.89203596115112 | 156.1426820755005 | 85.3347396850586 | [0.16056661 0.22608414 0.27343616] | [0.13526461 0.15582282 0.16997018] | [0.05019928 0.0356839  0.02900842] | [0.54852971 0.65027798 0.70885525] |
+-------+-------------------+-------------------+------------------+------------------------------------+------------------------------------+------------------------------------+------------------------------------+
epoch: 8 s: 0 batch_loss 0.2137213796377182 BPR_loss 0.19294199347496033 reg_loss 0.020779384300112724
epoch: 8 s: 256000 batch_loss 0.20884616672992706 BPR_loss 0.18733640015125275 reg_loss 0.021509762853384018
epoch: 8 s: 512000 batch_loss 0.18363776803016663 BPR_loss 0.1613040715456009 reg_loss 0.022333703935146332
epoch: 8 s: 768000 batch_loss 0.18812954425811768 BPR_loss 0.16603121161460876 reg_loss 0.02209833823144436
+-------+-------------------+-------------------+-------------------+------------------------------------+------------------------------------+------------------------------------+------------------------------------+
| Epoch |  training time(s) |   tesing time(s)  |        Loss       |               recall               |                ndcg                |             precision              |             hit_ratio              |
+-------+-------------------+-------------------+-------------------+------------------------------------+------------------------------------+------------------------------------+------------------------------------+
|   8   | 71.20989179611206 | 99.40851140022278 | 79.47050476074219 | [0.16221609 0.22770547 0.27481798] | [0.13643815 0.15701013 0.17108969] | [0.05054424 0.03590662 0.02914294] | [0.55007033 0.65108179 0.70915667] |
+-------+-------------------+-------------------+-------------------+------------------------------------+------------------------------------+------------------------------------+------------------------------------+
epoch: 9 s: 0 batch_loss 0.19591887295246124 BPR_loss 0.17378458380699158 reg_loss 0.022134283557534218
epoch: 9 s: 256000 batch_loss 0.1936972290277481 BPR_loss 0.171218603849411 reg_loss 0.02247861959040165
epoch: 9 s: 512000 batch_loss 0.18985627591609955 BPR_loss 0.16692163050174713 reg_loss 0.022934651002287865
epoch: 9 s: 768000 batch_loss 0.17064639925956726 BPR_loss 0.14655548334121704 reg_loss 0.024090910330414772
+-------+-------------------+-------------------+------------------+------------------------------------+------------------------------------+------------------------------------+------------------------------------+
| Epoch |  training time(s) |   tesing time(s)  |       Loss       |               recall               |                ndcg                |             precision              |             hit_ratio              |
+-------+-------------------+-------------------+------------------+------------------------------------+------------------------------------+------------------------------------+------------------------------------+
|   9   | 71.79084992408752 | 87.99349308013916 | 74.7209701538086 | [0.16348192 0.22949512 0.27725877] | [0.13766532 0.15840227 0.17266331] | [0.0509294  0.03612014 0.02934669] | [0.55204635 0.65436399 0.71300824] |
+-------+-------------------+-------------------+------------------+------------------------------------+------------------------------------+------------------------------------+------------------------------------+
epoch: 10 s: 0 batch_loss 0.18681879341602325 BPR_loss 0.1630556583404541 reg_loss 0.0237631406635046
epoch: 10 s: 256000 batch_loss 0.16017943620681763 BPR_loss 0.13656237721443176 reg_loss 0.023617060855031013
epoch: 10 s: 512000 batch_loss 0.17037642002105713 BPR_loss 0.1450033187866211 reg_loss 0.025373104959726334
epoch: 10 s: 768000 batch_loss 0.16534961760044098 BPR_loss 0.14101561903953552 reg_loss 0.024334000423550606
+-------+-------------------+-------------------+-------------------+------------------------------------+------------------------------------+------------------------------------+------------------------------------+
| Epoch |  training time(s) |   tesing time(s)  |        Loss       |               recall               |                ndcg                |             precision              |             hit_ratio              |
+-------+-------------------+-------------------+-------------------+------------------------------------+------------------------------------+------------------------------------+------------------------------------+
|   10  | 72.29471325874329 | 98.14934921264648 | 69.65730285644531 | [0.16441171 0.23127409 0.28000937] | [0.13837131 0.15937297 0.17392705] | [0.05111863 0.03630267 0.02954038] | [0.55325206 0.65697635 0.71575457] |
+-------+-------------------+-------------------+-------------------+------------------------------------+------------------------------------+------------------------------------+------------------------------------+
epoch: 11 s: 0 batch_loss 0.16400820016860962 BPR_loss 0.13846145570278168 reg_loss 0.02554674632847309
epoch: 11 s: 256000 batch_loss 0.17212538421154022 BPR_loss 0.14537972211837769 reg_loss 0.026745660230517387
epoch: 11 s: 512000 batch_loss 0.16530559957027435 BPR_loss 0.13918200135231018 reg_loss 0.026123598217964172
epoch: 11 s: 768000 batch_loss 0.15792028605937958 BPR_loss 0.13156071305274963 reg_loss 0.026359569281339645
+-------+-------------------+--------------------+-------------------+------------------------------------+------------------------------------+------------------------------------+------------------------------------+
| Epoch |  training time(s) |   tesing time(s)   |        Loss       |               recall               |                ndcg                |             precision              |             hit_ratio              |
+-------+-------------------+--------------------+-------------------+------------------------------------+------------------------------------+------------------------------------+------------------------------------+
|   11  | 70.49813771247864 | 117.70294284820557 | 66.33766174316406 | [0.16563692 0.23199832 0.28109889] | [0.13941793 0.1603199  0.17497101] | [0.05144182 0.03642072 0.02962858] | [0.55643379 0.65788064 0.71746266] |
+-------+-------------------+--------------------+-------------------+------------------------------------+------------------------------------+------------------------------------+------------------------------------+
epoch: 12 s: 0 batch_loss 0.16781648993492126 BPR_loss 0.14186543226242065 reg_loss 0.02595105580985546
epoch: 12 s: 256000 batch_loss 0.15789183974266052 BPR_loss 0.13105034828186035 reg_loss 0.02684149146080017
epoch: 12 s: 512000 batch_loss 0.1512322574853897 BPR_loss 0.12415248155593872 reg_loss 0.02707977220416069
epoch: 12 s: 768000 batch_loss 0.1626821756362915 BPR_loss 0.1345670521259308 reg_loss 0.02811511792242527
+-------+-------------------+-------------------+--------------------+------------------------------------+------------------------------------+------------------------------------+------------------------------------+
| Epoch |  training time(s) |   tesing time(s)  |        Loss        |               recall               |                ndcg                |             precision              |             hit_ratio              |
+-------+-------------------+-------------------+--------------------+------------------------------------+------------------------------------+------------------------------------+------------------------------------+
|   12  | 72.82152462005615 | 100.4647421836853 | 63.142948150634766 | [0.16608479 0.23342628 0.28257419] | [0.14005969 0.16131477 0.17597691] | [0.05154063 0.03662335 0.02977594] | [0.55740505 0.66032554 0.7185344 ] |
+-------+-------------------+-------------------+--------------------+------------------------------------+------------------------------------+------------------------------------+------------------------------------+
epoch: 13 s: 0 batch_loss 0.14030224084854126 BPR_loss 0.11256179213523865 reg_loss 0.027740446850657463
epoch: 13 s: 256000 batch_loss 0.14708329737186432 BPR_loss 0.11893711239099503 reg_loss 0.028146184980869293
epoch: 13 s: 512000 batch_loss 0.15675640106201172 BPR_loss 0.1289701759815216 reg_loss 0.02778623253107071
epoch: 13 s: 768000 batch_loss 0.1745472103357315 BPR_loss 0.14568881690502167 reg_loss 0.028858397156000137
+-------+-------------------+------------------+-------------------+------------------------------------+------------------------------------+------------------------------------+------------------------------------+
| Epoch |  training time(s) |  tesing time(s)  |        Loss       |               recall               |                ndcg                |             precision              |             hit_ratio              |
+-------+-------------------+------------------+-------------------+------------------------------------+------------------------------------+------------------------------------+------------------------------------+
|   13  | 71.56720757484436 | 83.3013916015625 | 60.20925521850586 | [0.1672764  0.2351185  0.28415171] | [0.14103559 0.16249152 0.17713809] | [0.05179181 0.03685863 0.02992833] | [0.55824235 0.66280394 0.72195057] |
+-------+-------------------+------------------+-------------------+------------------------------------+------------------------------------+------------------------------------+------------------------------------+
epoch: 14 s: 0 batch_loss 0.13905534148216248 BPR_loss 0.11129799485206604 reg_loss 0.027757341042160988
epoch: 14 s: 256000 batch_loss 0.1388363242149353 BPR_loss 0.11090698838233948 reg_loss 0.027929335832595825
epoch: 14 s: 512000 batch_loss 0.15064889192581177 BPR_loss 0.12245412170886993 reg_loss 0.028194773942232132
epoch: 14 s: 768000 batch_loss 0.1377483308315277 BPR_loss 0.10822732746601105 reg_loss 0.029521005228161812
+-------+-------------------+-------------------+-------------------+------------------------------------+------------------------------------+------------------------------------+------------------------------------+
| Epoch |  training time(s) |   tesing time(s)  |        Loss       |               recall               |                ndcg                |             precision              |             hit_ratio              |
+-------+-------------------+-------------------+-------------------+------------------------------------+------------------------------------+------------------------------------+------------------------------------+
|   14  | 70.07320094108582 | 98.60140705108643 | 57.74714660644531 | [0.16703279 0.235277   0.2839821 ] | [0.14045837 0.16205495 0.17659558] | [0.05167794 0.03681425 0.02984236] | [0.55837631 0.66179918 0.71960614] |
+-------+-------------------+-------------------+-------------------+------------------------------------+------------------------------------+------------------------------------+------------------------------------+
epoch: 15 s: 0 batch_loss 0.12752550840377808 BPR_loss 0.09810560196638107 reg_loss 0.029419908300042152
epoch: 15 s: 256000 batch_loss 0.14296813309192657 BPR_loss 0.11336499452590942 reg_loss 0.029603136703372
epoch: 15 s: 512000 batch_loss 0.14591355621814728 BPR_loss 0.11526310443878174 reg_loss 0.030650457367300987
epoch: 15 s: 768000 batch_loss 0.13919948041439056 BPR_loss 0.10929839313030243 reg_loss 0.029901085421442986
+-------+-------------------+--------------------+-------------------+------------------------------------+------------------------------------+------------------------------------+------------------------------------+
| Epoch |  training time(s) |   tesing time(s)   |        Loss       |               recall               |                ndcg                |             precision              |             hit_ratio              |
+-------+-------------------+--------------------+-------------------+------------------------------------+------------------------------------+------------------------------------+------------------------------------+
|   15  | 71.35095500946045 | 107.71250367164612 | 55.44286346435547 | [0.16777487 0.23573641 0.28520518] | [0.14075574 0.16227839 0.17707506] | [0.05170641 0.0367615  0.02989316] | [0.5584433  0.66206712 0.7222185 ] |
+-------+-------------------+--------------------+-------------------+------------------------------------+------------------------------------+------------------------------------+------------------------------------+
epoch: 16 s: 0 batch_loss 0.12923966348171234 BPR_loss 0.0983850508928299 reg_loss 0.030854607000947
epoch: 16 s: 256000 batch_loss 0.15006230771541595 BPR_loss 0.11999132484197617 reg_loss 0.030070988461375237
epoch: 16 s: 512000 batch_loss 0.14509576559066772 BPR_loss 0.11482173949480057 reg_loss 0.03027402237057686
epoch: 16 s: 768000 batch_loss 0.1229456216096878 BPR_loss 0.09116236865520477 reg_loss 0.03178325295448303
+-------+-------------------+-------------------+--------------------+------------------------------------+------------------------------------+------------------------------------+------------------------------------+
| Epoch |  training time(s) |   tesing time(s)  |        Loss        |               recall               |                ndcg                |             precision              |             hit_ratio              |
+-------+-------------------+-------------------+--------------------+------------------------------------+------------------------------------+------------------------------------+------------------------------------+
|   16  | 71.71303677558899 | 87.41295552253723 | 53.458274841308594 | [0.16819723 0.23671326 0.28632293] | [0.14141267 0.16306735 0.17785773] | [0.05201286 0.03695827 0.03000648] | [0.55954853 0.66333981 0.72362516] |
+-------+-------------------+-------------------+--------------------+------------------------------------+------------------------------------+------------------------------------+------------------------------------+
epoch: 17 s: 0 batch_loss 0.13600297272205353 BPR_loss 0.1046452522277832 reg_loss 0.031357716768980026
epoch: 17 s: 256000 batch_loss 0.1371806263923645 BPR_loss 0.10614704340696335 reg_loss 0.031033586710691452
epoch: 17 s: 512000 batch_loss 0.14070859551429749 BPR_loss 0.10874562710523605 reg_loss 0.03196296468377113
epoch: 17 s: 768000 batch_loss 0.13698682188987732 BPR_loss 0.10570390522480011 reg_loss 0.031282924115657806
+-------+-------------------+------------------+--------------------+------------------------------------+------------------------------------+------------------------------------+------------------------------------+
| Epoch |  training time(s) |  tesing time(s)  |        Loss        |               recall               |                ndcg                |             precision              |             hit_ratio              |
+-------+-------------------+------------------+--------------------+------------------------------------+------------------------------------+------------------------------------+------------------------------------+
|   17  | 73.39829635620117 | 78.2962863445282 | 51.766483306884766 | [0.16885775 0.23803051 0.28695429] | [0.14193328 0.16389903 0.17851658] | [0.05198774 0.03707717 0.03003159] | [0.5596825  0.66591868 0.7250988 ] |
+-------+-------------------+------------------+--------------------+------------------------------------+------------------------------------+------------------------------------+------------------------------------+
epoch: 18 s: 0 batch_loss 0.12731096148490906 BPR_loss 0.09576534479856491 reg_loss 0.03154560923576355
epoch: 18 s: 256000 batch_loss 0.12282975018024445 BPR_loss 0.0906614437699318 reg_loss 0.03216830641031265
epoch: 18 s: 512000 batch_loss 0.11749643087387085 BPR_loss 0.08501507341861725 reg_loss 0.0324813537299633
epoch: 18 s: 768000 batch_loss 0.12759175896644592 BPR_loss 0.09429152309894562 reg_loss 0.03330022841691971
+-------+-------------------+--------------------+-------------------+------------------------------------+------------------------------------+------------------------------------+------------------------------------+
| Epoch |  training time(s) |   tesing time(s)   |        Loss       |               recall               |                ndcg                |             precision              |             hit_ratio              |
+-------+-------------------+--------------------+-------------------+------------------------------------+------------------------------------+------------------------------------+------------------------------------+
|   18  | 71.13808417320251 | 107.19249510765076 | 49.87178421020508 | [0.16934765 0.23802597 0.28694421] | [0.14180512 0.16359453 0.17822558] | [0.05203631 0.03697753 0.02997354] | [0.56082122 0.66668899 0.724295  ] |
+-------+-------------------+--------------------+-------------------+------------------------------------+------------------------------------+------------------------------------+------------------------------------+
epoch: 19 s: 0 batch_loss 0.12225465476512909 BPR_loss 0.08962792903184891 reg_loss 0.03262672573328018
epoch: 19 s: 256000 batch_loss 0.11602641642093658 BPR_loss 0.0827009528875351 reg_loss 0.03332546353340149
epoch: 19 s: 512000 batch_loss 0.11703567206859589 BPR_loss 0.08535309135913849 reg_loss 0.031682584434747696
epoch: 19 s: 768000 batch_loss 0.11204023659229279 BPR_loss 0.07939803600311279 reg_loss 0.03264220058917999
+-------+-------------------+------------------+--------------------+------------------------------------+------------------------------------+------------------------------------+------------------------------------+
| Epoch |  training time(s) |  tesing time(s)  |        Loss        |               recall               |                ndcg                |             precision              |             hit_ratio              |
+-------+-------------------+------------------+--------------------+------------------------------------+------------------------------------+------------------------------------+------------------------------------+
|   19  | 72.71999168395996 | 99.0141806602478 | 48.249996185302734 | [0.16993586 0.23868769 0.2882788 ] | [0.14242578 0.16425938 0.17903954] | [0.05224228 0.03716759 0.03010472] | [0.56273026 0.66779423 0.72570165] |
+-------+-------------------+------------------+--------------------+------------------------------------+------------------------------------+------------------------------------+------------------------------------+
epoch: 20 s: 0 batch_loss 0.1289682537317276 BPR_loss 0.09648667275905609 reg_loss 0.03248158097267151
epoch: 20 s: 256000 batch_loss 0.12222115695476532 BPR_loss 0.08970852196216583 reg_loss 0.03251263499259949
epoch: 20 s: 512000 batch_loss 0.12068278342485428 BPR_loss 0.08691532909870148 reg_loss 0.0337674543261528
epoch: 20 s: 768000 batch_loss 0.11013732850551605 BPR_loss 0.07671612501144409 reg_loss 0.03342120721936226
+-------+-------------------+-------------------+--------------------+------------------------------------+------------------------------------+------------------------------------+------------------------------------+
| Epoch |  training time(s) |   tesing time(s)  |        Loss        |               recall               |                ndcg                |             precision              |             hit_ratio              |
+-------+-------------------+-------------------+--------------------+------------------------------------+------------------------------------+------------------------------------+------------------------------------+
|   20  | 70.67762446403503 | 88.35310697555542 | 46.806819915771484 | [0.17073643 0.2394383  0.28923538] | [0.14284758 0.16458114 0.17943796] | [0.05248175 0.03719941 0.03018175] | [0.5642039  0.66822962 0.72710831] |
+-------+-------------------+-------------------+--------------------+------------------------------------+------------------------------------+------------------------------------+------------------------------------+
epoch: 21 s: 0 batch_loss 0.11443740129470825 BPR_loss 0.08220143616199493 reg_loss 0.032235968858003616
epoch: 21 s: 256000 batch_loss 0.12498009204864502 BPR_loss 0.09194289147853851 reg_loss 0.03303719684481621
epoch: 21 s: 512000 batch_loss 0.10830031335353851 BPR_loss 0.07508827745914459 reg_loss 0.03321203589439392
epoch: 21 s: 768000 batch_loss 0.10379454493522644 BPR_loss 0.07001863420009613 reg_loss 0.03377591073513031
+-------+------------------+-------------------+--------------------+------------------------------------+------------------------------------+------------------------------------+------------------------------------+
| Epoch | training time(s) |   tesing time(s)  |        Loss        |               recall               |                ndcg                |             precision              |             hit_ratio              |
+-------+------------------+-------------------+--------------------+------------------------------------+------------------------------------+------------------------------------+------------------------------------+
|   21  | 71.1707239151001 | 88.87809491157532 | 45.574981689453125 | [0.17004374 0.23942973 0.28918956] | [0.14218232 0.16417486 0.17905869] | [0.05215353 0.03714164 0.03017059] | [0.56249581 0.66866501 0.72660593] |
+-------+------------------+-------------------+--------------------+------------------------------------+------------------------------------+------------------------------------+------------------------------------+
epoch: 22 s: 0 batch_loss 0.10511791706085205 BPR_loss 0.07129821181297302 reg_loss 0.03381970897316933
epoch: 22 s: 256000 batch_loss 0.10979809612035751 BPR_loss 0.07594630122184753 reg_loss 0.03385179489850998
epoch: 22 s: 512000 batch_loss 0.10461967438459396 BPR_loss 0.0706373006105423 reg_loss 0.033982373774051666
epoch: 22 s: 768000 batch_loss 0.11483888328075409 BPR_loss 0.081142358481884 reg_loss 0.033696528524160385
+-------+-------------------+-------------------+--------------------+------------------------------------+------------------------------------+------------------------------------+------------------------------------+
| Epoch |  training time(s) |   tesing time(s)  |        Loss        |               recall               |                ndcg                |             precision              |             hit_ratio              |
+-------+-------------------+-------------------+--------------------+------------------------------------+------------------------------------+------------------------------------+------------------------------------+
|   22  | 74.22682166099548 | 93.51174259185791 | 44.341426849365234 | [0.17077948 0.24020913 0.28889241] | [0.14236082 0.1644607  0.17902971] | [0.05224898 0.03723374 0.03010583] | [0.5654431  0.67080849 0.72684038] |
+-------+-------------------+-------------------+--------------------+------------------------------------+------------------------------------+------------------------------------+------------------------------------+
epoch: 23 s: 0 batch_loss 0.11334912478923798 BPR_loss 0.07992583513259888 reg_loss 0.0334232859313488
epoch: 23 s: 256000 batch_loss 0.11087897419929504 BPR_loss 0.07695407420396805 reg_loss 0.033924903720617294
epoch: 23 s: 512000 batch_loss 0.10686977207660675 BPR_loss 0.07211410999298096 reg_loss 0.03475566208362579
epoch: 23 s: 768000 batch_loss 0.10595905035734177 BPR_loss 0.07126934826374054 reg_loss 0.03468970209360123
+-------+------------------+-------------------+-------------------+------------------------------------+------------------------------------+------------------------------------+------------------------------------+
| Epoch | training time(s) |   tesing time(s)  |        Loss       |               recall               |                ndcg                |             precision              |             hit_ratio              |
+-------+------------------+-------------------+-------------------+------------------------------------+------------------------------------+------------------------------------+------------------------------------+
|   23  | 72.824303150177  | 92.06188702583313 | 43.31532287597656 | [0.17110583 0.24056041 0.28998829] | [0.14311366 0.16526694 0.18002141] | [0.05226405 0.03726974 0.03017617] | [0.56440485 0.67100944 0.72804608] |
+-------+------------------+-------------------+-------------------+------------------------------------+------------------------------------+------------------------------------+------------------------------------+
epoch: 24 s: 0 batch_loss 0.10890302062034607 BPR_loss 0.0738568902015686 reg_loss 0.035046134144067764
epoch: 24 s: 256000 batch_loss 0.10182603448629379 BPR_loss 0.06760004162788391 reg_loss 0.03422599285840988
epoch: 24 s: 512000 batch_loss 0.11113250255584717 BPR_loss 0.07651665806770325 reg_loss 0.03461584821343422
epoch: 24 s: 768000 batch_loss 0.1090899258852005 BPR_loss 0.07421252876520157 reg_loss 0.03487739711999893
+-------+-------------------+------------------+--------------------+------------------------------------+------------------------------------+------------------------------------+------------------------------------+
| Epoch |  training time(s) |  tesing time(s)  |        Loss        |               recall               |                ndcg                |             precision              |             hit_ratio              |
+-------+-------------------+------------------+--------------------+------------------------------------+------------------------------------+------------------------------------+------------------------------------+
|   24  | 72.21024656295776 | 88.6887538433075 | 42.209041595458984 | [0.17106581 0.24094677 0.29044622] | [0.14294767 0.16523695 0.17999452] | [0.05230926 0.03733254 0.03019124] | [0.56477326 0.66993771 0.72771117] |
+-------+-------------------+------------------+--------------------+------------------------------------+------------------------------------+------------------------------------+------------------------------------+
epoch: 25 s: 0 batch_loss 0.10800096392631531 BPR_loss 0.07349838316440582 reg_loss 0.034502577036619186
epoch: 25 s: 256000 batch_loss 0.10465863347053528 BPR_loss 0.06955606490373611 reg_loss 0.035102568566799164
epoch: 25 s: 512000 batch_loss 0.10378779470920563 BPR_loss 0.06950917840003967 reg_loss 0.03427862003445625
epoch: 25 s: 768000 batch_loss 0.11559934914112091 BPR_loss 0.0796465277671814 reg_loss 0.035952817648649216
+-------+-------------------+-------------------+-------------------+------------------------------------+------------------------------------+------------------------------------+------------------------------------+
| Epoch |  training time(s) |   tesing time(s)  |        Loss       |               recall               |                ndcg                |             precision              |             hit_ratio              |
+-------+-------------------+-------------------+-------------------+------------------------------------+------------------------------------+------------------------------------+------------------------------------+
|   25  | 71.52190899848938 | 92.18226265907288 | 41.35535430908203 | [0.17090835 0.24038112 0.28891857] | [0.1426701  0.1647845  0.17928752] | [0.05218367 0.03716676 0.03001373] | [0.5642039  0.66963628 0.72724228] |
+-------+-------------------+-------------------+-------------------+------------------------------------+------------------------------------+------------------------------------+------------------------------------+
epoch: 26 s: 0 batch_loss 0.09046369791030884 BPR_loss 0.05544966459274292 reg_loss 0.03501402959227562
epoch: 26 s: 256000 batch_loss 0.10138458013534546 BPR_loss 0.0660632997751236 reg_loss 0.03532128036022186
epoch: 26 s: 512000 batch_loss 0.10014666616916656 BPR_loss 0.06568405777215958 reg_loss 0.03446261212229729
epoch: 26 s: 768000 batch_loss 0.10029634088277817 BPR_loss 0.06481771916151047 reg_loss 0.0354786217212677
+-------+-------------------+------------------+-------------------+------------------------------------+------------------------------------+------------------------------------+------------------------------------+
| Epoch |  training time(s) |  tesing time(s)  |        Loss       |               recall               |                ndcg                |             precision              |             hit_ratio              |
+-------+-------------------+------------------+-------------------+------------------------------------+------------------------------------+------------------------------------+------------------------------------+
|   26  | 71.20662903785706 | 97.2816219329834 | 40.48173522949219 | [0.1710923  0.24015467 0.28955275] | [0.14291541 0.16492386 0.17969316] | [0.05220042 0.03713578 0.03008686] | [0.56510818 0.67124389 0.7279791 ] |
+-------+-------------------+------------------+-------------------+------------------------------------+------------------------------------+------------------------------------+------------------------------------+
epoch: 27 s: 0 batch_loss 0.09795726835727692 BPR_loss 0.06300204992294312 reg_loss 0.0349552184343338
epoch: 27 s: 256000 batch_loss 0.09437910467386246 BPR_loss 0.05997353792190552 reg_loss 0.03440556675195694
epoch: 27 s: 512000 batch_loss 0.10316985845565796 BPR_loss 0.06798261404037476 reg_loss 0.0351872444152832
epoch: 27 s: 768000 batch_loss 0.10522225499153137 BPR_loss 0.07040637731552124 reg_loss 0.03481588140130043
+-------+------------------+-------------------+-------------------+------------------------------------+------------------------------------+------------------------------------+------------------------------------+
| Epoch | training time(s) |   tesing time(s)  |        Loss       |               recall               |                ndcg                |             precision              |             hit_ratio              |
+-------+------------------+-------------------+-------------------+------------------------------------+------------------------------------+------------------------------------+------------------------------------+
|   27  | 70.7110161781311 | 91.38948798179626 | 39.53208923339844 | [0.17167166 0.24131405 0.2903607 ] | [0.14315841 0.16535352 0.18000375] | [0.05226572 0.03728481 0.03013821] | [0.5666823  0.67265055 0.73008909] |
+-------+------------------+-------------------+-------------------+------------------------------------+------------------------------------+------------------------------------+------------------------------------+
epoch: 28 s: 0 batch_loss 0.10385775566101074 BPR_loss 0.06883924454450607 reg_loss 0.03501851484179497
epoch: 28 s: 256000 batch_loss 0.09978322684764862 BPR_loss 0.06417162716388702 reg_loss 0.035611603409051895
epoch: 28 s: 512000 batch_loss 0.08826024830341339 BPR_loss 0.052041612565517426 reg_loss 0.036218635737895966
epoch: 28 s: 768000 batch_loss 0.0905923992395401 BPR_loss 0.05474624037742615 reg_loss 0.035846155136823654
+-------+-------------------+-------------------+-------------------+------------------------------------+------------------------------------+------------------------------------+------------------------------------+
| Epoch |  training time(s) |   tesing time(s)  |        Loss       |               recall               |                ndcg                |             precision              |             hit_ratio              |
+-------+-------------------+-------------------+-------------------+------------------------------------+------------------------------------+------------------------------------+------------------------------------+
|   28  | 71.69113087654114 | 93.06248641014099 | 38.87076187133789 | [0.17235472 0.24195457 0.29074268] | [0.14371005 0.16580241 0.18041769] | [0.05254203 0.03732333 0.03019291] | [0.56775404 0.67255007 0.73015607] |
+-------+-------------------+-------------------+-------------------+------------------------------------+------------------------------------+------------------------------------+------------------------------------+
epoch: 29 s: 0 batch_loss 0.0984366312623024 BPR_loss 0.06288720667362213 reg_loss 0.03554942458868027
epoch: 29 s: 256000 batch_loss 0.09063388407230377 BPR_loss 0.05533205717802048 reg_loss 0.03530183061957359
epoch: 29 s: 512000 batch_loss 0.10075143724679947 BPR_loss 0.06476078927516937 reg_loss 0.035990647971630096
epoch: 29 s: 768000 batch_loss 0.08690696954727173 BPR_loss 0.051163285970687866 reg_loss 0.03574368357658386
+-------+-------------------+-------------------+-------------------+------------------------------------+------------------------------------+------------------------------------+------------------------------------+
| Epoch |  training time(s) |   tesing time(s)  |        Loss       |               recall               |                ndcg                |             precision              |             hit_ratio              |
+-------+-------------------+-------------------+-------------------+------------------------------------+------------------------------------+------------------------------------+------------------------------------+
|   29  | 70.90788173675537 | 90.63459753990173 | 38.22854995727539 | [0.17181825 0.24153597 0.29066707] | [0.14326518 0.16547933 0.18013329] | [0.05236118 0.0372396  0.03008741] | [0.56621341 0.67154531 0.73012258] |
+-------+-------------------+-------------------+-------------------+------------------------------------+------------------------------------+------------------------------------+------------------------------------+
epoch: 30 s: 0 batch_loss 0.09426373243331909 BPR_loss 0.058225393295288086 reg_loss 0.03603833541274071
epoch: 30 s: 256000 batch_loss 0.08811521530151367 BPR_loss 0.05175822228193283 reg_loss 0.03635699674487114
epoch: 30 s: 512000 batch_loss 0.09412449598312378 BPR_loss 0.056733664125204086 reg_loss 0.037390828132629395
epoch: 30 s: 768000 batch_loss 0.09624329954385757 BPR_loss 0.06030920520424843 reg_loss 0.035934094339609146
+-------+-------------------+-------------------+-------------------+------------------------------------+------------------------------------+------------------------------------+------------------------------------+
| Epoch |  training time(s) |   tesing time(s)  |        Loss       |               recall               |                ndcg                |             precision              |             hit_ratio              |
+-------+-------------------+-------------------+-------------------+------------------------------------+------------------------------------+------------------------------------+------------------------------------+
|   30  | 71.68224740028381 | 94.64886236190796 | 37.32448196411133 | [0.17216793 0.24155303 0.29086322] | [0.14350495 0.16564451 0.18034442] | [0.05232768 0.03724379 0.0301036 ] | [0.56725166 0.67174627 0.72985465] |
+-------+-------------------+-------------------+-------------------+------------------------------------+------------------------------------+------------------------------------+------------------------------------+
epoch: 31 s: 0 batch_loss 0.08747737109661102 BPR_loss 0.05219225957989693 reg_loss 0.035285115242004395
epoch: 31 s: 256000 batch_loss 0.09068597108125687 BPR_loss 0.05405803024768829 reg_loss 0.03662794083356857
epoch: 31 s: 512000 batch_loss 0.0944058746099472 BPR_loss 0.05823048949241638 reg_loss 0.03617538511753082
epoch: 31 s: 768000 batch_loss 0.0915866494178772 BPR_loss 0.05512763187289238 reg_loss 0.036459021270275116
+-------+------------------+-------------------+-------------------+------------------------------------+------------------------------------+------------------------------------+------------------------------------+
| Epoch | training time(s) |   tesing time(s)  |        Loss       |               recall               |                ndcg                |             precision              |             hit_ratio              |
+-------+------------------+-------------------+-------------------+------------------------------------+------------------------------------+------------------------------------+------------------------------------+
|   31  | 71.6448061466217 | 88.55166339874268 | 36.93303680419922 | [0.17150725 0.24124408 0.29035783] | [0.14268441 0.16497139 0.17966471] | [0.05196262 0.03707465 0.03000592] | [0.56597897 0.670775   0.72931878] |
+-------+------------------+-------------------+-------------------+------------------------------------+------------------------------------+------------------------------------+------------------------------------+
epoch: 32 s: 0 batch_loss 0.09097646921873093 BPR_loss 0.05512504279613495 reg_loss 0.03585142642259598
epoch: 32 s: 256000 batch_loss 0.09227252006530762 BPR_loss 0.055858828127384186 reg_loss 0.03641369193792343
epoch: 32 s: 512000 batch_loss 0.09130257368087769 BPR_loss 0.055074118077754974 reg_loss 0.03622845932841301
epoch: 32 s: 768000 batch_loss 0.09466507285833359 BPR_loss 0.05852396786212921 reg_loss 0.036141104996204376
+-------+-------------------+-------------------+-------------------+------------------------------------+------------------------------------+------------------------------------+------------------------------------+
| Epoch |  training time(s) |   tesing time(s)  |        Loss       |               recall               |                ndcg                |             precision              |             hit_ratio              |
+-------+-------------------+-------------------+-------------------+------------------------------------+------------------------------------+------------------------------------+------------------------------------+
|   32  | 67.34898400306702 | 80.79967331886292 | 36.16248321533203 | [0.17172656 0.24084483 0.28990853] | [0.1431649  0.16517579 0.17988724] | [0.05213176 0.03699344 0.02998136] | [0.56607944 0.67164579 0.73032353] |
+-------+-------------------+-------------------+-------------------+------------------------------------+------------------------------------+------------------------------------+------------------------------------+
epoch: 33 s: 0 batch_loss 0.08979060500860214 BPR_loss 0.05407686531543732 reg_loss 0.035713739693164825
epoch: 33 s: 256000 batch_loss 0.08000631630420685 BPR_loss 0.04362986981868744 reg_loss 0.03637644648551941
epoch: 33 s: 512000 batch_loss 0.0899580866098404 BPR_loss 0.053506962954998016 reg_loss 0.036451127380132675
epoch: 33 s: 768000 batch_loss 0.08703115582466125 BPR_loss 0.05086517333984375 reg_loss 0.0361659862101078
+-------+------------------+-------------------+-------------------+------------------------------------+------------------------------------+------------------------------------+------------------------------------+
| Epoch | training time(s) |   tesing time(s)  |        Loss       |               recall               |                ndcg                |             precision              |             hit_ratio              |
+-------+------------------+-------------------+-------------------+------------------------------------+------------------------------------+------------------------------------+------------------------------------+
|   33  | 66.8949921131134 | 64.23301887512207 | 35.52434158325195 | [0.1715818  0.24121265 0.29004352] | [0.14296698 0.16519232 0.17981046] | [0.05202626 0.03708303 0.0299914 ] | [0.56530913 0.67221515 0.72995512] |
+-------+------------------+-------------------+-------------------+------------------------------------+------------------------------------+------------------------------------+------------------------------------+
epoch: 34 s: 0 batch_loss 0.08951497077941895 BPR_loss 0.052833475172519684 reg_loss 0.03668149188160896
epoch: 34 s: 256000 batch_loss 0.08904777467250824 BPR_loss 0.052129365503787994 reg_loss 0.03691840544342995
epoch: 34 s: 512000 batch_loss 0.08452482521533966 BPR_loss 0.04892071336507797 reg_loss 0.03560410812497139
epoch: 34 s: 768000 batch_loss 0.09250909835100174 BPR_loss 0.05655846744775772 reg_loss 0.03595063090324402
+-------+-------------------+-------------------+-------------------+------------------------------------+------------------------------------+------------------------------------+------------------------------------+
| Epoch |  training time(s) |   tesing time(s)  |        Loss       |               recall               |                ndcg                |             precision              |             hit_ratio              |
+-------+-------------------+-------------------+-------------------+------------------------------------+------------------------------------+------------------------------------+------------------------------------+
|   34  | 67.05182123184204 | 81.97248935699463 | 34.97193145751953 | [0.17113293 0.24043063 0.28948305] | [0.14247402 0.16460473 0.17930126] | [0.05173488 0.03681593 0.02984236] | [0.56417041 0.67104294 0.72941925] |
+-------+-------------------+-------------------+-------------------+------------------------------------+------------------------------------+------------------------------------+------------------------------------+
epoch: 35 s: 0 batch_loss 0.08685164153575897 BPR_loss 0.0502060167491436 reg_loss 0.03664562851190567
epoch: 35 s: 256000 batch_loss 0.08182986080646515 BPR_loss 0.045712217688560486 reg_loss 0.03611764311790466
epoch: 35 s: 512000 batch_loss 0.09116505086421967 BPR_loss 0.05497945845127106 reg_loss 0.03618559613823891
epoch: 35 s: 768000 batch_loss 0.08809661865234375 BPR_loss 0.051819249987602234 reg_loss 0.036277368664741516
+-------+-------------------+-------------------+-------------------+------------------------------------+------------------------------------+------------------------------------+------------------------------------+
| Epoch |  training time(s) |   tesing time(s)  |        Loss       |               recall               |                ndcg                |             precision              |             hit_ratio              |
+-------+-------------------+-------------------+-------------------+------------------------------------+------------------------------------+------------------------------------+------------------------------------+
|   35  | 66.66064810752869 | 81.18967962265015 | 34.42196273803711 | [0.17189081 0.24063084 0.29115014] | [0.14346172 0.16536025 0.18048808] | [0.0520564  0.03689547 0.0300355 ] | [0.56698372 0.67224864 0.73109384] |
+-------+-------------------+-------------------+-------------------+------------------------------------+------------------------------------+------------------------------------+------------------------------------+
epoch: 36 s: 0 batch_loss 0.08481670916080475 BPR_loss 0.04782148823142052 reg_loss 0.03699522465467453
epoch: 36 s: 256000 batch_loss 0.08777280151844025 BPR_loss 0.05080239102244377 reg_loss 0.036970414221286774
epoch: 36 s: 512000 batch_loss 0.08180783689022064 BPR_loss 0.04562983289361 reg_loss 0.03617800027132034
epoch: 36 s: 768000 batch_loss 0.08074250817298889 BPR_loss 0.04426757991313934 reg_loss 0.03647492453455925
+-------+-------------------+-------------------+------------------+------------------------------------+------------------------------------+------------------------------------+------------------------------------+
| Epoch |  training time(s) |   tesing time(s)  |       Loss       |               recall               |                ndcg                |             precision              |             hit_ratio              |
+-------+-------------------+-------------------+------------------+------------------------------------+------------------------------------+------------------------------------+------------------------------------+
|   36  | 66.17007255554199 | 79.22316908836365 | 34.0831413269043 | [0.17112055 0.24053117 0.28952477] | [0.14247754 0.16467044 0.17935828] | [0.05171981 0.03682933 0.02984683] | [0.56477326 0.67141135 0.72888338] |
+-------+-------------------+-------------------+------------------+------------------------------------+------------------------------------+------------------------------------+------------------------------------+
epoch: 37 s: 0 batch_loss 0.08940810710191727 BPR_loss 0.052804090082645416 reg_loss 0.03660401701927185
epoch: 37 s: 256000 batch_loss 0.090395987033844 BPR_loss 0.054386019706726074 reg_loss 0.03600996360182762
epoch: 37 s: 512000 batch_loss 0.08469343930482864 BPR_loss 0.047579750418663025 reg_loss 0.03711368888616562
epoch: 37 s: 768000 batch_loss 0.07937011122703552 BPR_loss 0.0426085963845253 reg_loss 0.036761511117219925
+-------+------------------+-------------------+--------------------+------------------------------------+------------------------------------+------------------------------------+------------------------------------+
| Epoch | training time(s) |   tesing time(s)  |        Loss        |               recall               |                ndcg                |             precision              |             hit_ratio              |
+-------+------------------+-------------------+--------------------+------------------------------------+------------------------------------+------------------------------------+------------------------------------+
|   37  | 66.505056142807  | 67.18174600601196 | 33.620052337646484 | [0.17140743 0.24046389 0.28916317] | [0.14242918 0.16454574 0.17914249] | [0.05168966 0.03682598 0.02981892] | [0.56430437 0.67097595 0.72774466] |
+-------+------------------+-------------------+--------------------+------------------------------------+------------------------------------+------------------------------------+------------------------------------+
epoch: 38 s: 0 batch_loss 0.08523069322109222 BPR_loss 0.04876966029405594 reg_loss 0.03646102920174599
epoch: 38 s: 256000 batch_loss 0.08718816190958023 BPR_loss 0.05068449676036835 reg_loss 0.036503665149211884
epoch: 38 s: 512000 batch_loss 0.0800059512257576 BPR_loss 0.04326155036687851 reg_loss 0.03674440085887909
epoch: 38 s: 768000 batch_loss 0.08421017974615097 BPR_loss 0.04712464660406113 reg_loss 0.037085533142089844
+-------+------------------+-------------------+-------------------+------------------------------------+------------------------------------+------------------------------------+------------------------------------+
| Epoch | training time(s) |   tesing time(s)  |        Loss       |               recall               |                ndcg                |             precision              |             hit_ratio              |
+-------+------------------+-------------------+-------------------+------------------------------------+------------------------------------+------------------------------------+------------------------------------+
|   38  | 66.5256085395813 | 77.15937972068787 | 33.04889678955078 | [0.17164372 0.24020169 0.28867931] | [0.14230908 0.16426765 0.17877661] | [0.05181191 0.03682598 0.02976533] | [0.56577802 0.6699712  0.72730926] |
+-------+------------------+-------------------+-------------------+------------------------------------+------------------------------------+------------------------------------+------------------------------------+
Early stopping is trigger at step: 10 log:0.1716437231218544
early stopping at 38, recall@20:0.1724
