Namespace(K=1, Ks='[20, 40, 60]', batch_size=2048, batch_test_flag=True, context_hops=3, cuda=True, data_path='data/', dataset='gowalla', dim=64, edge_dropout=False, edge_dropout_rate=0.1, epoch=1000, eps=0.01, gnn='lightgcn', gpu_id=3, l2=0.0001, lr=0.005, mess_dropout=False, mess_dropout_rate=0.1, n_negs=16, ns='mixgcf', out_dir='./weights/yelp2018/', pool='mean', save=False, test_batch_size=2048, test_flag='part')
reading train and test user-item set ...
building the adj mat ...
loading over ...
卷积器不需要第0层embedding
拿这个最难的neg_item去和pos_item在每一个维度上自适应权重......
start training ...
epoch: 0 s: 0 batch_loss 0.6931487321853638 BPR_loss 0.6931487321853638 reg_loss 2.4288397071359213e-08
epoch: 0 s: 256000 batch_loss 0.5954216122627258 BPR_loss 0.5945171117782593 reg_loss 0.0009045160259120166
epoch: 0 s: 512000 batch_loss 0.520459771156311 BPR_loss 0.5183467864990234 reg_loss 0.0021129713859409094
epoch: 0 s: 768000 batch_loss 0.4831017255783081 BPR_loss 0.4802328944206238 reg_loss 0.0028688276652246714
+-------+--------------------+------------------+--------------------+------------------------------------+------------------------------------+------------------------------------+------------------------------------+
| Epoch |  training time(s)  |  tesing time(s)  |        Loss        |               recall               |                ndcg                |             precision              |             hit_ratio              |
+-------+--------------------+------------------+--------------------+------------------------------------+------------------------------------+------------------------------------+------------------------------------+
|   0   | 62.087613582611084 | 66.4079430103302 | 223.11769104003906 | [0.12657606 0.1817649  0.22173283] | [0.10582396 0.12310941 0.13500892] | [0.04038784 0.02916555 0.02380657] | [0.47089557 0.57415098 0.63453681] |
+-------+--------------------+------------------+--------------------+------------------------------------+------------------------------------+------------------------------------+------------------------------------+
epoch: 1 s: 0 batch_loss 0.4958949089050293 BPR_loss 0.4929129183292389 reg_loss 0.0029819835908710957
epoch: 1 s: 256000 batch_loss 0.44632694125175476 BPR_loss 0.4424939751625061 reg_loss 0.0038329516537487507
epoch: 1 s: 512000 batch_loss 0.4289478659629822 BPR_loss 0.42446237802505493 reg_loss 0.004485478159040213
epoch: 1 s: 768000 batch_loss 0.403632789850235 BPR_loss 0.3983400762081146 reg_loss 0.005292726214975119
+-------+-------------------+-------------------+--------------------+------------------------------------+------------------------------------+------------------------------------+------------------------------------+
| Epoch |  training time(s) |   tesing time(s)  |        Loss        |               recall               |                ndcg                |             precision              |             hit_ratio              |
+-------+-------------------+-------------------+--------------------+------------------------------------+------------------------------------+------------------------------------+------------------------------------+
|   1   | 74.46213293075562 | 45.68130540847778 | 178.00946044921875 | [0.13442987 0.19298743 0.23431775] | [0.11293554 0.131246   0.14361362] | [0.04274734 0.03075725 0.02510606] | [0.48951705 0.59705941 0.65540224] |
+-------+-------------------+-------------------+--------------------+------------------------------------+------------------------------------+------------------------------------+------------------------------------+
epoch: 2 s: 0 batch_loss 0.4226040244102478 BPR_loss 0.417339026927948 reg_loss 0.005265005864202976
epoch: 2 s: 256000 batch_loss 0.4285622835159302 BPR_loss 0.42288023233413696 reg_loss 0.005682060495018959
epoch: 2 s: 512000 batch_loss 0.3853333294391632 BPR_loss 0.3787631094455719 reg_loss 0.00657022837549448
epoch: 2 s: 768000 batch_loss 0.3725370168685913 BPR_loss 0.3653032183647156 reg_loss 0.007233786396682262
+-------+-------------------+--------------------+--------------------+------------------------------------+------------------------------------+------------------------------------+------------------------------------+
| Epoch |  training time(s) |   tesing time(s)   |        Loss        |               recall               |                ndcg                |             precision              |             hit_ratio              |
+-------+-------------------+--------------------+--------------------+------------------------------------+------------------------------------+------------------------------------+------------------------------------+
|   2   | 70.14662909507751 | 126.55048489570618 | 157.60043334960938 | [0.14035672 0.2004248  0.24371695] | [0.11822232 0.13705187 0.14992003] | [0.04455925 0.03197552 0.02604997] | [0.5036841  0.60985331 0.66916739] |
+-------+-------------------+--------------------+--------------------+------------------------------------+------------------------------------+------------------------------------+------------------------------------+
epoch: 3 s: 0 batch_loss 0.36904144287109375 BPR_loss 0.3615347445011139 reg_loss 0.0075066969729959965
epoch: 3 s: 256000 batch_loss 0.36936429142951965 BPR_loss 0.36149927973747253 reg_loss 0.00786500796675682
epoch: 3 s: 512000 batch_loss 0.34880331158638 BPR_loss 0.34029337763786316 reg_loss 0.008509933948516846
epoch: 3 s: 768000 batch_loss 0.34978002309799194 BPR_loss 0.34069547057151794 reg_loss 0.009084567427635193
+-------+-------------------+-------------------+-------------------+------------------------------------+------------------------------------+------------------------------------+------------------------------------+
| Epoch |  training time(s) |   tesing time(s)  |        Loss       |               recall               |                ndcg                |             precision              |             hit_ratio              |
+-------+-------------------+-------------------+-------------------+------------------------------------+------------------------------------+------------------------------------+------------------------------------+
|   3   | 83.47295141220093 | 146.4430549144745 | 142.3948211669922 | [0.14418284 0.20596826 0.24997613] | [0.12158351 0.14098289 0.15406855] | [0.04571304 0.03285133 0.02674883] | [0.51326278 0.61983388 0.67767433] |
+-------+-------------------+-------------------+-------------------+------------------------------------+------------------------------------+------------------------------------+------------------------------------+
epoch: 4 s: 0 batch_loss 0.3424893021583557 BPR_loss 0.333779513835907 reg_loss 0.008709777146577835
epoch: 4 s: 256000 batch_loss 0.32420027256011963 BPR_loss 0.3147478699684143 reg_loss 0.009452400729060173
epoch: 4 s: 512000 batch_loss 0.32807818055152893 BPR_loss 0.31822431087493896 reg_loss 0.009853857569396496
epoch: 4 s: 768000 batch_loss 0.32256272435188293 BPR_loss 0.3118833005428314 reg_loss 0.01067943125963211
+-------+-------------------+--------------------+-------------------+------------------------------------+------------------------------------+------------------------------------+------------------------------------+
| Epoch |  training time(s) |   tesing time(s)   |        Loss       |               recall               |                ndcg                |             precision              |             hit_ratio              |
+-------+-------------------+--------------------+-------------------+------------------------------------+------------------------------------+------------------------------------+------------------------------------+
|   4   | 79.25927329063416 | 118.97214198112488 | 129.8845672607422 | [0.14812428 0.21024169 0.25521736] | [0.12474098 0.144249   0.15759104] | [0.04681325 0.03352787 0.02724954] | [0.52314288 0.62663273 0.68567888] |
+-------+-------------------+--------------------+-------------------+------------------------------------+------------------------------------+------------------------------------+------------------------------------+
epoch: 5 s: 0 batch_loss 0.31494033336639404 BPR_loss 0.3044922351837158 reg_loss 0.010448104701936245
epoch: 5 s: 256000 batch_loss 0.3187606632709503 BPR_loss 0.3074609935283661 reg_loss 0.011299669742584229
epoch: 5 s: 512000 batch_loss 0.30381834506988525 BPR_loss 0.2919654846191406 reg_loss 0.01185285858809948
epoch: 5 s: 768000 batch_loss 0.2873985469341278 BPR_loss 0.2747405767440796 reg_loss 0.012657979503273964
+-------+-------------------+--------------------+--------------------+------------------------------------+------------------------------------+------------------------------------+------------------------------------+
| Epoch |  training time(s) |   tesing time(s)   |        Loss        |               recall               |                ndcg                |             precision              |             hit_ratio              |
+-------+-------------------+--------------------+--------------------+------------------------------------+------------------------------------+------------------------------------+------------------------------------+
|   5   | 72.12078833580017 | 62.022459268569946 | 119.87626647949219 | [0.15068154 0.21351553 0.25911961] | [0.12672434 0.14645644 0.16005761] | [0.04749816 0.03397666 0.02766484] | [0.52886998 0.63014937 0.69023377] |
+-------+-------------------+--------------------+--------------------+------------------------------------+------------------------------------+------------------------------------+------------------------------------+
epoch: 6 s: 0 batch_loss 0.2872178256511688 BPR_loss 0.27441391348838806 reg_loss 0.012803900986909866
epoch: 6 s: 256000 batch_loss 0.2592886686325073 BPR_loss 0.2465921938419342 reg_loss 0.012696471996605396
epoch: 6 s: 512000 batch_loss 0.2859799563884735 BPR_loss 0.272174596786499 reg_loss 0.01380536425858736
epoch: 6 s: 768000 batch_loss 0.2790069878101349 BPR_loss 0.2647767663002014 reg_loss 0.014230207540094852
+-------+-------------------+--------------------+--------------------+------------------------------------+------------------------------------+------------------------------------+------------------------------------+
| Epoch |  training time(s) |   tesing time(s)   |        Loss        |               recall               |                ndcg                |             precision              |             hit_ratio              |
+-------+-------------------+--------------------+--------------------+------------------------------------+------------------------------------+------------------------------------+------------------------------------+
|   6   | 71.79868912696838 | 124.35604286193848 | 110.88065338134766 | [0.15347649 0.21732555 0.2626689 ] | [0.12927541 0.14925992 0.16281672] | [0.04836225 0.03451588 0.02805892] | [0.53463058 0.63751758 0.69529104] |
+-------+-------------------+--------------------+--------------------+------------------------------------+------------------------------------+------------------------------------+------------------------------------+
epoch: 7 s: 0 batch_loss 0.28490498661994934 BPR_loss 0.2708307206630707 reg_loss 0.014074251987040043
epoch: 7 s: 256000 batch_loss 0.2673545777797699 BPR_loss 0.2528569996356964 reg_loss 0.014497580006718636
epoch: 7 s: 512000 batch_loss 0.2641388773918152 BPR_loss 0.24843424558639526 reg_loss 0.015704641118645668
epoch: 7 s: 768000 batch_loss 0.26170170307159424 BPR_loss 0.24616004526615143 reg_loss 0.015541663393378258
+-------+-------------------+--------------------+--------------------+------------------------------------+------------------------------------+------------------------------------+------------------------------------+
| Epoch |  training time(s) |   tesing time(s)   |        Loss        |               recall               |                ndcg                |             precision              |             hit_ratio              |
+-------+-------------------+--------------------+--------------------+------------------------------------+------------------------------------+------------------------------------+------------------------------------+
|   7   | 73.52844977378845 | 120.78359198570251 | 103.58312225341797 | [0.15551156 0.21984632 0.26603375] | [0.13123327 0.15145679 0.16518564] | [0.04886463 0.03492699 0.02833411] | [0.53730993 0.63986201 0.69951102] |
+-------+-------------------+--------------------+--------------------+------------------------------------+------------------------------------+------------------------------------+------------------------------------+
epoch: 8 s: 0 batch_loss 0.2544679343700409 BPR_loss 0.23876912891864777 reg_loss 0.015698794275522232
epoch: 8 s: 256000 batch_loss 0.24983255565166473 BPR_loss 0.23361122608184814 reg_loss 0.01622132584452629
epoch: 8 s: 512000 batch_loss 0.2289104163646698 BPR_loss 0.21192748844623566 reg_loss 0.016982926055788994
epoch: 8 s: 768000 batch_loss 0.22657915949821472 BPR_loss 0.20957966148853302 reg_loss 0.0169994980096817
+-------+-------------------+--------------------+-------------------+------------------------------------+------------------------------------+------------------------------------+------------------------------------+
| Epoch |  training time(s) |   tesing time(s)   |        Loss       |               recall               |                ndcg                |             precision              |             hit_ratio              |
+-------+-------------------+--------------------+-------------------+------------------------------------+------------------------------------+------------------------------------+------------------------------------+
|   8   | 77.34639143943787 | 146.28732919692993 | 97.15330505371094 | [0.15688208 0.22175622 0.26808398] | [0.1324434  0.15277684 0.16660945] | [0.04928495 0.03514468 0.02855404] | [0.5399223  0.64304374 0.70028133] |
+-------+-------------------+--------------------+-------------------+------------------------------------+------------------------------------+------------------------------------+------------------------------------+
epoch: 9 s: 0 batch_loss 0.24037817120552063 BPR_loss 0.2235584408044815 reg_loss 0.016819726675748825
epoch: 9 s: 256000 batch_loss 0.23836487531661987 BPR_loss 0.22116728127002716 reg_loss 0.017197594046592712
epoch: 9 s: 512000 batch_loss 0.23153087496757507 BPR_loss 0.21388046443462372 reg_loss 0.017650404945015907
epoch: 9 s: 768000 batch_loss 0.21692436933517456 BPR_loss 0.19830422103405 reg_loss 0.01862015202641487
+-------+-------------------+-------------------+------------------+------------------------------------+------------------------------------+------------------------------------+------------------------------------+
| Epoch |  training time(s) |   tesing time(s)  |       Loss       |               recall               |                ndcg                |             precision              |             hit_ratio              |
+-------+-------------------+-------------------+------------------+------------------------------------+------------------------------------+------------------------------------+------------------------------------+
|   9   | 74.50101971626282 | 80.08948421478271 | 91.6956787109375 | [0.15847877 0.2241626  0.27058888] | [0.133859   0.15440173 0.16829389] | [0.0497756  0.03540843 0.02877397] | [0.54276911 0.64779958 0.70443432] |
+-------+-------------------+-------------------+------------------+------------------------------------+------------------------------------+------------------------------------+------------------------------------+
epoch: 10 s: 0 batch_loss 0.23402301967144012 BPR_loss 0.2156684398651123 reg_loss 0.018354574218392372
epoch: 10 s: 256000 batch_loss 0.20207415521144867 BPR_loss 0.1837410032749176 reg_loss 0.018333151936531067
epoch: 10 s: 512000 batch_loss 0.21584700047969818 BPR_loss 0.196058452129364 reg_loss 0.019788546487689018
epoch: 10 s: 768000 batch_loss 0.20660720765590668 BPR_loss 0.1875314563512802 reg_loss 0.019075747579336166
+-------+------------------+--------------------+------------------+------------------------------------+------------------------------------+------------------------------------+------------------------------------+
| Epoch | training time(s) |   tesing time(s)   |       Loss       |               recall               |                ndcg                |             precision              |             hit_ratio              |
+-------+------------------+--------------------+------------------+------------------------------------+------------------------------------+------------------------------------+------------------------------------+
|   10  | 71.319504737854  | 101.70512223243713 | 85.9183120727539 | [0.1595145  0.2256866  0.27265631] | [0.13474342 0.15549483 0.16949251] | [0.05002512 0.03567302 0.02893362] | [0.54397481 0.64836895 0.70684574] |
+-------+------------------+--------------------+------------------+------------------------------------+------------------------------------+------------------------------------+------------------------------------+
epoch: 11 s: 0 batch_loss 0.20513395965099335 BPR_loss 0.1850794553756714 reg_loss 0.02005450613796711
epoch: 11 s: 256000 batch_loss 0.21086464822292328 BPR_loss 0.18976908922195435 reg_loss 0.021095555275678635
epoch: 11 s: 512000 batch_loss 0.2100088745355606 BPR_loss 0.18935376405715942 reg_loss 0.020655114203691483
epoch: 11 s: 768000 batch_loss 0.19381624460220337 BPR_loss 0.17293104529380798 reg_loss 0.020885193720459938
+-------+-------------------+-------------------+------------------+------------------------------------+------------------------------------+------------------------------------+------------------------------------+
| Epoch |  training time(s) |   tesing time(s)  |       Loss       |               recall               |                ndcg                |             precision              |             hit_ratio              |
+-------+-------------------+-------------------+------------------+------------------------------------+------------------------------------+------------------------------------+------------------------------------+
|   11  | 71.52080726623535 | 115.9675841331482 | 81.8935317993164 | [0.16083339 0.22641582 0.27394382] | [0.13576133 0.15634479 0.17052221] | [0.05036506 0.0357601  0.02903968] | [0.54678813 0.65041195 0.70835287] |
+-------+-------------------+-------------------+------------------+------------------------------------+------------------------------------+------------------------------------+------------------------------------+
epoch: 12 s: 0 batch_loss 0.20733028650283813 BPR_loss 0.1866518259048462 reg_loss 0.020678462460637093
epoch: 12 s: 256000 batch_loss 0.19437101483345032 BPR_loss 0.1728828251361847 reg_loss 0.021488182246685028
epoch: 12 s: 512000 batch_loss 0.18544070422649384 BPR_loss 0.16372403502464294 reg_loss 0.02171667106449604
epoch: 12 s: 768000 batch_loss 0.20109906792640686 BPR_loss 0.17846909165382385 reg_loss 0.022629983723163605
+-------+-------------------+--------------------+-------------------+------------------------------------+------------------------------------+------------------------------------+------------------------------------+
| Epoch |  training time(s) |   tesing time(s)   |        Loss       |               recall               |                ndcg                |             precision              |             hit_ratio              |
+-------+-------------------+--------------------+-------------------+------------------------------------+------------------------------------+------------------------------------+------------------------------------+
|   12  | 71.76101970672607 | 101.94287347793579 | 78.06856536865234 | [0.16230865 0.22826745 0.2756363 ] | [0.13682659 0.15747569 0.17163687] | [0.05071003 0.03595184 0.02920267] | [0.55147699 0.65235448 0.70979302] |
+-------+-------------------+--------------------+-------------------+------------------------------------+------------------------------------+------------------------------------+------------------------------------+
epoch: 13 s: 0 batch_loss 0.17594976723194122 BPR_loss 0.15353034436702728 reg_loss 0.02241942472755909
epoch: 13 s: 256000 batch_loss 0.18634429574012756 BPR_loss 0.16363240778446198 reg_loss 0.02271188795566559
epoch: 13 s: 512000 batch_loss 0.19458937644958496 BPR_loss 0.17193356156349182 reg_loss 0.02265581302344799
epoch: 13 s: 768000 batch_loss 0.21032170951366425 BPR_loss 0.18676385283470154 reg_loss 0.02355785295367241
+-------+-------------------+-------------------+-------------------+------------------------------------+------------------------------------+------------------------------------+------------------------------------+
| Epoch |  training time(s) |   tesing time(s)  |        Loss       |               recall               |                ndcg                |             precision              |             hit_ratio              |
+-------+-------------------+-------------------+-------------------+------------------------------------+------------------------------------+------------------------------------+------------------------------------+
|   13  | 70.07951235771179 | 71.66059494018555 | 74.55290222167969 | [0.1631363  0.22956898 0.2773474 ] | [0.13787077 0.15872908 0.17296441] | [0.05098968 0.03621726 0.02936511] | [0.55191239 0.6555697  0.71243888] |
+-------+-------------------+-------------------+-------------------+------------------------------------+------------------------------------+------------------------------------+------------------------------------+
epoch: 14 s: 0 batch_loss 0.17225122451782227 BPR_loss 0.14974354207515717 reg_loss 0.0225076861679554
epoch: 14 s: 256000 batch_loss 0.173659548163414 BPR_loss 0.1508498191833496 reg_loss 0.022809728980064392
epoch: 14 s: 512000 batch_loss 0.1803915649652481 BPR_loss 0.15741056203842163 reg_loss 0.022981008514761925
epoch: 14 s: 768000 batch_loss 0.17639224231243134 BPR_loss 0.15199869871139526 reg_loss 0.024393538013100624
+-------+-------------------+--------------------+-------------------+------------------------------------+------------------------------------+------------------------------------+------------------------------------+
| Epoch |  training time(s) |   tesing time(s)   |        Loss       |               recall               |                ndcg                |             precision              |             hit_ratio              |
+-------+-------------------+--------------------+-------------------+------------------------------------+------------------------------------+------------------------------------+------------------------------------+
|   14  | 68.58910584449768 | 105.90872192382812 | 71.48727416992188 | [0.16353196 0.2302726  0.27757139] | [0.13776423 0.15871538 0.17287993] | [0.05102987 0.03622396 0.02937794] | [0.5526827  0.65664144 0.71300824] |
+-------+-------------------+--------------------+-------------------+------------------------------------+------------------------------------+------------------------------------+------------------------------------+
epoch: 15 s: 0 batch_loss 0.1624351292848587 BPR_loss 0.13832342624664307 reg_loss 0.024111704900860786
epoch: 15 s: 256000 batch_loss 0.18220356106758118 BPR_loss 0.15768849849700928 reg_loss 0.02451506443321705
epoch: 15 s: 512000 batch_loss 0.17773930728435516 BPR_loss 0.1523834764957428 reg_loss 0.025355834513902664
epoch: 15 s: 768000 batch_loss 0.16648657619953156 BPR_loss 0.14162439107894897 reg_loss 0.02486218512058258
+-------+-------------------+-------------------+-------------------+------------------------------------+------------------------------------+------------------------------------+------------------------------------+
| Epoch |  training time(s) |   tesing time(s)  |        Loss       |               recall               |                ndcg                |             precision              |             hit_ratio              |
+-------+-------------------+-------------------+-------------------+------------------------------------+------------------------------------+------------------------------------+------------------------------------+
|   15  | 72.64999985694885 | 109.9033510684967 | 68.76277923583984 | [0.16442969 0.23123367 0.2789621 ] | [0.13834497 0.15934311 0.17364165] | [0.051127   0.03625327 0.02943711] | [0.55445777 0.65744524 0.71464934] |
+-------+-------------------+-------------------+-------------------+------------------------------------+------------------------------------+------------------------------------+------------------------------------+
epoch: 16 s: 0 batch_loss 0.16244803369045258 BPR_loss 0.13688227534294128 reg_loss 0.02556575834751129
epoch: 16 s: 256000 batch_loss 0.18421587347984314 BPR_loss 0.15926499664783478 reg_loss 0.024950873106718063
epoch: 16 s: 512000 batch_loss 0.1762581169605255 BPR_loss 0.15084323287010193 reg_loss 0.025414876639842987
epoch: 16 s: 768000 batch_loss 0.14424371719360352 BPR_loss 0.11747987568378448 reg_loss 0.02676384150981903
+-------+-------------------+-------------------+-------------------+------------------------------------+------------------------------------+------------------------------------+------------------------------------+
| Epoch |  training time(s) |   tesing time(s)  |        Loss       |               recall               |                ndcg                |             precision              |             hit_ratio              |
+-------+-------------------+-------------------+-------------------+------------------------------------+------------------------------------+------------------------------------+------------------------------------+
|   16  | 70.62846207618713 | 92.98547625541687 | 66.13273620605469 | [0.16535765 0.23200369 0.27950908] | [0.13914022 0.16005775 0.17430306] | [0.05145522 0.03640649 0.02953536] | [0.55506062 0.65945475 0.71552013] |
+-------+-------------------+-------------------+-------------------+------------------------------------+------------------------------------+------------------------------------+------------------------------------+
epoch: 17 s: 0 batch_loss 0.16238157451152802 BPR_loss 0.1359427571296692 reg_loss 0.026438811793923378
epoch: 17 s: 256000 batch_loss 0.16477017104625702 BPR_loss 0.13875794410705566 reg_loss 0.026012225076556206
epoch: 17 s: 512000 batch_loss 0.1745332032442093 BPR_loss 0.14728814363479614 reg_loss 0.02724505588412285
epoch: 17 s: 768000 batch_loss 0.1676618456840515 BPR_loss 0.14100459218025208 reg_loss 0.026657259091734886
+-------+-------------------+-------------------+------------------+------------------------------------+------------------------------------+------------------------------------+------------------------------------+
| Epoch |  training time(s) |   tesing time(s)  |       Loss       |               recall               |                ndcg                |             precision              |             hit_ratio              |
+-------+-------------------+-------------------+------------------+------------------------------------+------------------------------------+------------------------------------+------------------------------------+
|   17  | 68.93986558914185 | 77.80849289894104 | 64.0361557006836 | [0.16674896 0.23301377 0.28110744] | [0.14004267 0.16087738 0.17524924] | [0.05178512 0.03656725 0.0296442 ] | [0.55770648 0.66032554 0.71632393] |
+-------+-------------------+-------------------+------------------+------------------------------------+------------------------------------+------------------------------------+------------------------------------+
epoch: 18 s: 0 batch_loss 0.15788045525550842 BPR_loss 0.13106542825698853 reg_loss 0.026815032586455345
epoch: 18 s: 256000 batch_loss 0.1584467738866806 BPR_loss 0.13091441988945007 reg_loss 0.02753235399723053
epoch: 18 s: 512000 batch_loss 0.14323508739471436 BPR_loss 0.11550281941890717 reg_loss 0.02773226611316204
epoch: 18 s: 768000 batch_loss 0.14976122975349426 BPR_loss 0.12093750387430191 reg_loss 0.02882373332977295
+-------+-------------------+--------------------+--------------------+------------------------------------+------------------------------------+------------------------------------+------------------------------------+
| Epoch |  training time(s) |   tesing time(s)   |        Loss        |               recall               |                ndcg                |             precision              |             hit_ratio              |
+-------+-------------------+--------------------+--------------------+------------------------------------+------------------------------------+------------------------------------+------------------------------------+
|   18  | 68.18652176856995 | 109.23185658454895 | 61.624855041503906 | [0.16760431 0.2335371  0.28222583] | [0.14043994 0.1612024  0.17577119] | [0.0518588  0.03658986 0.02974133] | [0.55914663 0.66176569 0.7176971 ] |
+-------+-------------------+--------------------+--------------------+------------------------------------+------------------------------------+------------------------------------+------------------------------------+
epoch: 19 s: 0 batch_loss 0.15205329656600952 BPR_loss 0.12399862706661224 reg_loss 0.028054676949977875
epoch: 19 s: 256000 batch_loss 0.14289769530296326 BPR_loss 0.11417164653539658 reg_loss 0.02872605249285698
epoch: 19 s: 512000 batch_loss 0.14719632267951965 BPR_loss 0.11987283825874329 reg_loss 0.027323482558131218
epoch: 19 s: 768000 batch_loss 0.14433273673057556 BPR_loss 0.11622674763202667 reg_loss 0.02810598723590374
+-------+-------------------+--------------------+--------------------+------------------------------------+------------------------------------+------------------------------------+------------------------------------+
| Epoch |  training time(s) |   tesing time(s)   |        Loss        |               recall               |                ndcg                |             precision              |             hit_ratio              |
+-------+-------------------+--------------------+--------------------+------------------------------------+------------------------------------+------------------------------------+------------------------------------+
|   19  | 72.18839764595032 | 103.21052694320679 | 59.714542388916016 | [0.1679222  0.23422529 0.28322777] | [0.14091226 0.16178945 0.17645497] | [0.05205807 0.03670457 0.0298552 ] | [0.55874473 0.66139728 0.71970661] |
+-------+-------------------+--------------------+--------------------+------------------------------------+------------------------------------+------------------------------------+------------------------------------+
epoch: 20 s: 0 batch_loss 0.15598228573799133 BPR_loss 0.12790116667747498 reg_loss 0.02808111533522606
epoch: 20 s: 256000 batch_loss 0.14464350044727325 BPR_loss 0.11647426337003708 reg_loss 0.028169231489300728
epoch: 20 s: 512000 batch_loss 0.15254758298397064 BPR_loss 0.12296164035797119 reg_loss 0.02958594262599945
epoch: 20 s: 768000 batch_loss 0.13846233487129211 BPR_loss 0.10926657915115356 reg_loss 0.0291957538574934
+-------+-------------------+-------------------+-------------------+------------------------------------+------------------------------------+------------------------------------+------------------------------------+
| Epoch |  training time(s) |   tesing time(s)  |        Loss       |               recall               |                ndcg                |             precision              |             hit_ratio              |
+-------+-------------------+-------------------+-------------------+------------------------------------+------------------------------------+------------------------------------+------------------------------------+
|   20  | 68.35829067230225 | 82.01686596870422 | 57.87653350830078 | [0.16873917 0.23558778 0.28391176] | [0.14140331 0.16249181 0.1769176 ] | [0.05226405 0.03695408 0.02991326] | [0.56139058 0.66360774 0.72094581] |
+-------+-------------------+-------------------+-------------------+------------------------------------+------------------------------------+------------------------------------+------------------------------------+
epoch: 21 s: 0 batch_loss 0.1404295116662979 BPR_loss 0.11250050365924835 reg_loss 0.02792900986969471
epoch: 21 s: 256000 batch_loss 0.1489843726158142 BPR_loss 0.12013562023639679 reg_loss 0.02884875424206257
epoch: 21 s: 512000 batch_loss 0.1345057189464569 BPR_loss 0.1055176854133606 reg_loss 0.028988029807806015
epoch: 21 s: 768000 batch_loss 0.1334819495677948 BPR_loss 0.103559710085392 reg_loss 0.029922232031822205
+-------+-------------------+-------------------+--------------------+------------------------------------+------------------------------------+------------------------------------+------------------------------------+
| Epoch |  training time(s) |   tesing time(s)  |        Loss        |               recall               |                ndcg                |             precision              |             hit_ratio              |
+-------+-------------------+-------------------+--------------------+------------------------------------+------------------------------------+------------------------------------+------------------------------------+
|   21  | 68.95644283294678 | 95.16445994377136 | 56.157222747802734 | [0.16856402 0.23576573 0.28435305] | [0.14104178 0.16225088 0.17678215] | [0.05214515 0.03689798 0.02991772] | [0.5600844  0.66457901 0.7209793 ] |
+-------+-------------------+-------------------+--------------------+------------------------------------+------------------------------------+------------------------------------+------------------------------------+
epoch: 22 s: 0 batch_loss 0.12912052869796753 BPR_loss 0.09925906360149384 reg_loss 0.029861461371183395
epoch: 22 s: 256000 batch_loss 0.1315661519765854 BPR_loss 0.10169447213411331 reg_loss 0.029871685430407524
epoch: 22 s: 512000 batch_loss 0.1282762885093689 BPR_loss 0.0984499454498291 reg_loss 0.029826339334249496
epoch: 22 s: 768000 batch_loss 0.14136120676994324 BPR_loss 0.11154790222644806 reg_loss 0.029813304543495178
+-------+-------------------+-------------------+-------------------+------------------------------------+------------------------------------+------------------------------------+------------------------------------+
| Epoch |  training time(s) |   tesing time(s)  |        Loss       |               recall               |                ndcg                |             precision              |             hit_ratio              |
+-------+-------------------+-------------------+-------------------+------------------------------------+------------------------------------+------------------------------------+------------------------------------+
|   22  | 68.88611912727356 | 99.40581774711609 | 54.51716995239258 | [0.16924157 0.23652441 0.28508507] | [0.14155394 0.16283455 0.17735991] | [0.05227745 0.03699762 0.02998694] | [0.56165852 0.66568424 0.72241945] |
+-------+-------------------+-------------------+-------------------+------------------------------------+------------------------------------+------------------------------------+------------------------------------+
epoch: 23 s: 0 batch_loss 0.14570997655391693 BPR_loss 0.11588852107524872 reg_loss 0.029821453616023064
epoch: 23 s: 256000 batch_loss 0.13754285871982574 BPR_loss 0.1071876734495163 reg_loss 0.030355187132954597
epoch: 23 s: 512000 batch_loss 0.1376124769449234 BPR_loss 0.10675771534442902 reg_loss 0.030854756012558937
epoch: 23 s: 768000 batch_loss 0.13056619465351105 BPR_loss 0.09970030188560486 reg_loss 0.03086588717997074
+-------+-------------------+-------------------+-------------------+------------------------------------+------------------------------------+------------------------------------+------------------------------------+
| Epoch |  training time(s) |   tesing time(s)  |        Loss       |               recall               |                ndcg                |             precision              |             hit_ratio              |
+-------+-------------------+-------------------+-------------------+------------------------------------+------------------------------------+------------------------------------+------------------------------------+
|   23  | 71.12137818336487 | 92.92440223693848 | 53.16061782836914 | [0.16993215 0.2372763  0.28569249] | [0.14215815 0.16346408 0.17798056] | [0.05236955 0.03706544 0.03004276] | [0.5629647  0.66719137 0.72318976] |
+-------+-------------------+-------------------+-------------------+------------------------------------+------------------------------------+------------------------------------+------------------------------------+
epoch: 24 s: 0 batch_loss 0.13372117280960083 BPR_loss 0.10245345532894135 reg_loss 0.03126772120594978
epoch: 24 s: 256000 batch_loss 0.12464959174394608 BPR_loss 0.09430373460054398 reg_loss 0.03034585528075695
epoch: 24 s: 512000 batch_loss 0.1366339474916458 BPR_loss 0.10549205541610718 reg_loss 0.031141897663474083
epoch: 24 s: 768000 batch_loss 0.12688332796096802 BPR_loss 0.09545720368623734 reg_loss 0.031426120549440384
+-------+------------------+-------------------+--------------------+------------------------------------+------------------------------------+------------------------------------+------------------------------------+
| Epoch | training time(s) |   tesing time(s)  |        Loss        |               recall               |                ndcg                |             precision              |             hit_ratio              |
+-------+------------------+-------------------+--------------------+------------------------------------+------------------------------------+------------------------------------+------------------------------------+
|   24  | 68.5631914138794 | 94.87230491638184 | 51.692649841308594 | [0.16972188 0.23783249 0.28642295] | [0.14237164 0.16389049 0.17836386] | [0.05243821 0.03714164 0.03003215] | [0.56269676 0.66742582 0.724295  ] |
+-------+------------------+-------------------+--------------------+------------------------------------+------------------------------------+------------------------------------+------------------------------------+
epoch: 25 s: 0 batch_loss 0.1304950714111328 BPR_loss 0.09918223321437836 reg_loss 0.03131283074617386
epoch: 25 s: 256000 batch_loss 0.1322474181652069 BPR_loss 0.10053554177284241 reg_loss 0.031711868941783905
epoch: 25 s: 512000 batch_loss 0.13428087532520294 BPR_loss 0.10340402275323868 reg_loss 0.03087685815989971
epoch: 25 s: 768000 batch_loss 0.1408206671476364 BPR_loss 0.1080823540687561 reg_loss 0.03273830935359001
+-------+------------------+-------------------+--------------------+------------------------------------+------------------------------------+------------------------------------+------------------------------------+
| Epoch | training time(s) |   tesing time(s)  |        Loss        |               recall               |                ndcg                |             precision              |             hit_ratio              |
+-------+------------------+-------------------+--------------------+------------------------------------+------------------------------------+------------------------------------+------------------------------------+
|   25  | 68.2779233455658 | 94.38645219802856 | 50.528778076171875 | [0.16938758 0.23743274 0.28685424] | [0.1420339  0.16355668 0.17829927] | [0.05229084 0.03705707 0.03005504] | [0.56262978 0.66601916 0.72389309] |
+-------+------------------+-------------------+--------------------+------------------------------------+------------------------------------+------------------------------------+------------------------------------+
epoch: 26 s: 0 batch_loss 0.11277689039707184 BPR_loss 0.08105155825614929 reg_loss 0.031725332140922546
epoch: 26 s: 256000 batch_loss 0.12286873161792755 BPR_loss 0.09079116582870483 reg_loss 0.03207756206393242
epoch: 26 s: 512000 batch_loss 0.12105190008878708 BPR_loss 0.08964202553033829 reg_loss 0.03140987455844879
epoch: 26 s: 768000 batch_loss 0.12055207788944244 BPR_loss 0.08836225420236588 reg_loss 0.03218981996178627
+-------+-------------------+-------------------+------------------+------------------------------------+------------------------------------+------------------------------------+------------------------------------+
| Epoch |  training time(s) |   tesing time(s)  |       Loss       |               recall               |                ndcg                |             precision              |             hit_ratio              |
+-------+-------------------+-------------------+------------------+------------------------------------+------------------------------------+------------------------------------+------------------------------------+
|   26  | 68.16471862792969 | 93.86717081069946 | 49.4167366027832 | [0.17081998 0.23802828 0.28710157] | [0.14264759 0.16394002 0.17858851] | [0.05253031 0.03712908 0.03009076] | [0.56591198 0.66705741 0.72462991] |
+-------+-------------------+-------------------+------------------+------------------------------------+------------------------------------+------------------------------------+------------------------------------+
epoch: 27 s: 0 batch_loss 0.12142864614725113 BPR_loss 0.089750736951828 reg_loss 0.031677909195423126
epoch: 27 s: 256000 batch_loss 0.11831945180892944 BPR_loss 0.08676129579544067 reg_loss 0.03155815228819847
epoch: 27 s: 512000 batch_loss 0.12890149652957916 BPR_loss 0.09649226814508438 reg_loss 0.03240923210978508
epoch: 27 s: 768000 batch_loss 0.13046157360076904 BPR_loss 0.09868507832288742 reg_loss 0.03177649900317192
+-------+-------------------+------------------+-------------------+------------------------------------+------------------------------------+------------------------------------+------------------------------------+
| Epoch |  training time(s) |  tesing time(s)  |        Loss       |               recall               |                ndcg                |             precision              |             hit_ratio              |
+-------+-------------------+------------------+-------------------+------------------------------------+------------------------------------+------------------------------------+------------------------------------+
|   27  | 69.55160212516785 | 94.6699845790863 | 48.13020324707031 | [0.17092309 0.23853694 0.28782575] | [0.14306101 0.16447814 0.17915793] | [0.05258725 0.03723709 0.03015719] | [0.56621341 0.66766026 0.72647197] |
+-------+-------------------+------------------+-------------------+------------------------------------+------------------------------------+------------------------------------+------------------------------------+
epoch: 28 s: 0 batch_loss 0.12783198058605194 BPR_loss 0.09568273276090622 reg_loss 0.03214924409985542
epoch: 28 s: 256000 batch_loss 0.12291530519723892 BPR_loss 0.09013300389051437 reg_loss 0.03278230130672455
epoch: 28 s: 512000 batch_loss 0.10852982848882675 BPR_loss 0.07519099861383438 reg_loss 0.03333882987499237
epoch: 28 s: 768000 batch_loss 0.10658159852027893 BPR_loss 0.07333441078662872 reg_loss 0.03324718400835991
+-------+-------------------+-------------------+-------------------+------------------------------------+------------------------------------+------------------------------------+------------------------------------+
| Epoch |  training time(s) |   tesing time(s)  |        Loss       |               recall               |                ndcg                |             precision              |             hit_ratio              |
+-------+-------------------+-------------------+-------------------+------------------------------------+------------------------------------+------------------------------------+------------------------------------+
|   28  | 68.47308850288391 | 93.54138731956482 | 47.30044937133789 | [0.17130189 0.23912621 0.2878884 ] | [0.1428646  0.16433981 0.17887684] | [0.05259227 0.03721113 0.03010974] | [0.563802   0.66809565 0.72543372] |
+-------+-------------------+-------------------+-------------------+------------------------------------+------------------------------------+------------------------------------+------------------------------------+
epoch: 29 s: 0 batch_loss 0.11434192955493927 BPR_loss 0.0813773050904274 reg_loss 0.03296462446451187
epoch: 29 s: 256000 batch_loss 0.11702506989240646 BPR_loss 0.08430910855531693 reg_loss 0.03271596133708954
epoch: 29 s: 512000 batch_loss 0.1238090842962265 BPR_loss 0.09053446352481842 reg_loss 0.03327461704611778
epoch: 29 s: 768000 batch_loss 0.11194120347499847 BPR_loss 0.07864454388618469 reg_loss 0.03329665586352348
+-------+------------------+-------------------+------------------+------------------------------------+------------------------------------+------------------------------------+------------------------------------+
| Epoch | training time(s) |   tesing time(s)  |       Loss       |               recall               |                ndcg                |             precision              |             hit_ratio              |
+-------+------------------+-------------------+------------------+------------------------------------+------------------------------------+------------------------------------+------------------------------------+
|   29  | 69.9373824596405 | 94.35409569740295 | 46.2956657409668 | [0.17132255 0.23960787 0.28778845] | [0.14336347 0.16500407 0.17938722] | [0.05271117 0.03737189 0.03018342] | [0.56557706 0.66977025 0.72617054] |
+-------+------------------+-------------------+------------------+------------------------------------+------------------------------------+------------------------------------+------------------------------------+
epoch: 30 s: 0 batch_loss 0.11467152088880539 BPR_loss 0.08133022487163544 reg_loss 0.03334129601716995
epoch: 30 s: 256000 batch_loss 0.10601578652858734 BPR_loss 0.07199636101722717 reg_loss 0.03401942178606987
epoch: 30 s: 512000 batch_loss 0.11569646745920181 BPR_loss 0.08096420019865036 reg_loss 0.03473226726055145
epoch: 30 s: 768000 batch_loss 0.11472505331039429 BPR_loss 0.0812445655465126 reg_loss 0.033480484038591385
+-------+-------------------+-------------------+-------------------+------------------------------------+------------------------------------+------------------------------------+------------------------------------+
| Epoch |  training time(s) |   tesing time(s)  |        Loss       |               recall               |                ndcg                |             precision              |             hit_ratio              |
+-------+-------------------+-------------------+-------------------+------------------------------------+------------------------------------+------------------------------------+------------------------------------+
|   30  | 70.61723637580872 | 95.42443251609802 | 45.32505798339844 | [0.171442   0.23905779 0.28839147] | [0.14316957 0.16465668 0.17936627] | [0.05262911 0.03725718 0.03017952] | [0.565845   0.66776073 0.72687387] |
+-------+-------------------+-------------------+-------------------+------------------------------------+------------------------------------+------------------------------------+------------------------------------+
epoch: 31 s: 0 batch_loss 0.10803580284118652 BPR_loss 0.07528045773506165 reg_loss 0.032755348831415176
epoch: 31 s: 256000 batch_loss 0.10905607789754868 BPR_loss 0.07457787543535233 reg_loss 0.03447820246219635
epoch: 31 s: 512000 batch_loss 0.1177559345960617 BPR_loss 0.08413083106279373 reg_loss 0.033625103533267975
epoch: 31 s: 768000 batch_loss 0.10869176685810089 BPR_loss 0.0745067298412323 reg_loss 0.03418503701686859
+-------+-------------------+-----------------+-------------------+------------------------------------+------------------------------------+------------------------------------+------------------------------------+
| Epoch |  training time(s) |  tesing time(s) |        Loss       |               recall               |                ndcg                |             precision              |             hit_ratio              |
+-------+-------------------+-----------------+-------------------+------------------------------------+------------------------------------+------------------------------------+------------------------------------+
|   31  | 72.16364312171936 | 89.652991771698 | 44.73668670654297 | [0.17096762 0.23936349 0.28770594] | [0.14281376 0.16452351 0.17897903] | [0.05247505 0.03724044 0.03010193] | [0.56433787 0.66920088 0.72653895] |
+-------+-------------------+-----------------+-------------------+------------------------------------+------------------------------------+------------------------------------+------------------------------------+
epoch: 32 s: 0 batch_loss 0.11522164940834045 BPR_loss 0.0818086639046669 reg_loss 0.03341298922896385
epoch: 32 s: 256000 batch_loss 0.1135159283876419 BPR_loss 0.07920071482658386 reg_loss 0.034315209835767746
epoch: 32 s: 512000 batch_loss 0.11209066212177277 BPR_loss 0.0781160444021225 reg_loss 0.03397461399435997
epoch: 32 s: 768000 batch_loss 0.11493423581123352 BPR_loss 0.08041857182979584 reg_loss 0.03451566770672798
+-------+-------------------+-------------------+-------------------+------------------------------------+------------------------------------+------------------------------------+------------------------------------+
| Epoch |  training time(s) |   tesing time(s)  |        Loss       |               recall               |                ndcg                |             precision              |             hit_ratio              |
+-------+-------------------+-------------------+-------------------+------------------------------------+------------------------------------+------------------------------------+------------------------------------+
|   32  | 68.40811824798584 | 91.84924483299255 | 43.61416244506836 | [0.17117467 0.23985844 0.28789476] | [0.1430099  0.16479675 0.17918503] | [0.05247672 0.0372463  0.03011197] | [0.56480675 0.66990421 0.72647197] |
+-------+-------------------+-------------------+-------------------+------------------------------------+------------------------------------+------------------------------------+------------------------------------+
epoch: 33 s: 0 batch_loss 0.10692770779132843 BPR_loss 0.07377929985523224 reg_loss 0.03314841166138649
epoch: 33 s: 256000 batch_loss 0.09494571387767792 BPR_loss 0.06081455200910568 reg_loss 0.034131161868572235
epoch: 33 s: 512000 batch_loss 0.10239817202091217 BPR_loss 0.06791476905345917 reg_loss 0.034483402967453
epoch: 33 s: 768000 batch_loss 0.10376233607530594 BPR_loss 0.06972885131835938 reg_loss 0.034033484756946564
+-------+-------------------+------------------+-------------------+------------------------------------+------------------------------------+------------------------------------+------------------------------------+
| Epoch |  training time(s) |  tesing time(s)  |        Loss       |               recall               |                ndcg                |             precision              |             hit_ratio              |
+-------+-------------------+------------------+-------------------+------------------------------------+------------------------------------+------------------------------------+------------------------------------+
|   33  | 64.54432487487793 | 71.7296850681305 | 42.74915313720703 | [0.1710791  0.23943019 0.28840645] | [0.14292787 0.16466825 0.17930456] | [0.05238295 0.03719857 0.03012146] | [0.56437136 0.66983723 0.72730926] |
+-------+-------------------+------------------+-------------------+------------------------------------+------------------------------------+------------------------------------+------------------------------------+
epoch: 34 s: 0 batch_loss 0.11085118353366852 BPR_loss 0.07614924013614655 reg_loss 0.03470194712281227
epoch: 34 s: 256000 batch_loss 0.10483647882938385 BPR_loss 0.07007558643817902 reg_loss 0.034760888665914536
epoch: 34 s: 512000 batch_loss 0.10315201431512833 BPR_loss 0.06944578886032104 reg_loss 0.03370622545480728
epoch: 34 s: 768000 batch_loss 0.10954691469669342 BPR_loss 0.07544635236263275 reg_loss 0.03410056233406067
+-------+-------------------+-------------------+--------------------+------------------------------------+------------------------------------+------------------------------------+------------------------------------+
| Epoch |  training time(s) |   tesing time(s)  |        Loss        |               recall               |                ndcg                |             precision              |             hit_ratio              |
+-------+-------------------+-------------------+--------------------+------------------------------------+------------------------------------+------------------------------------+------------------------------------+
|   34  | 65.33900547027588 | 86.25550317764282 | 42.005279541015625 | [0.17139967 0.23967085 0.28899559] | [0.14312834 0.16483239 0.17955587] | [0.0524583  0.03721197 0.030141  ] | [0.56497421 0.67084199 0.7275772 ] |
+-------+-------------------+-------------------+--------------------+------------------------------------+------------------------------------+------------------------------------+------------------------------------+
epoch: 35 s: 0 batch_loss 0.10313190519809723 BPR_loss 0.06847645342350006 reg_loss 0.03465544804930687
epoch: 35 s: 256000 batch_loss 0.101374551653862 BPR_loss 0.06718636304140091 reg_loss 0.03418819233775139
epoch: 35 s: 512000 batch_loss 0.10728625953197479 BPR_loss 0.07278360426425934 reg_loss 0.03450265899300575
epoch: 35 s: 768000 batch_loss 0.10598424077033997 BPR_loss 0.07128321379423141 reg_loss 0.03470102697610855
+-------+-------------------+-------------------+-------------------+------------------------------------+------------------------------------+------------------------------------+------------------------------------+
| Epoch |  training time(s) |   tesing time(s)  |        Loss       |               recall               |                ndcg                |             precision              |             hit_ratio              |
+-------+-------------------+-------------------+-------------------+------------------------------------+------------------------------------+------------------------------------+------------------------------------+
|   35  | 65.95285129547119 | 89.08476519584656 | 41.32836151123047 | [0.1718283  0.24018678 0.2893072 ] | [0.14336736 0.1650819  0.17975673] | [0.05251356 0.03720192 0.0301237 ] | [0.56658182 0.67157881 0.72848148] |
+-------+-------------------+-------------------+-------------------+------------------------------------+------------------------------------+------------------------------------+------------------------------------+
epoch: 36 s: 0 batch_loss 0.10361099988222122 BPR_loss 0.06848102807998657 reg_loss 0.03512997180223465
epoch: 36 s: 256000 batch_loss 0.10338342189788818 BPR_loss 0.06789624691009521 reg_loss 0.03548717498779297
epoch: 36 s: 512000 batch_loss 0.09375207871198654 BPR_loss 0.05938595160841942 reg_loss 0.03436612710356712
epoch: 36 s: 768000 batch_loss 0.09232774376869202 BPR_loss 0.05766499415040016 reg_loss 0.03466275334358215
+-------+-------------------+-------------------+--------------------+------------------------------------+------------------------------------+------------------------------------+------------------------------------+
| Epoch |  training time(s) |   tesing time(s)  |        Loss        |               recall               |                ndcg                |             precision              |             hit_ratio              |
+-------+-------------------+-------------------+--------------------+------------------------------------+------------------------------------+------------------------------------+------------------------------------+
|   36  | 65.31914520263672 | 70.54561614990234 | 40.871620178222656 | [0.17173625 0.24011563 0.28852834] | [0.14279528 0.16449763 0.17896711] | [0.05244658 0.03712489 0.02999643] | [0.56497421 0.67064103 0.7271753 ] |
+-------+-------------------+-------------------+--------------------+------------------------------------+------------------------------------+------------------------------------+------------------------------------+
epoch: 37 s: 0 batch_loss 0.10427071899175644 BPR_loss 0.06944333016872406 reg_loss 0.03482738882303238
epoch: 37 s: 256000 batch_loss 0.10908353328704834 BPR_loss 0.07484941184520721 reg_loss 0.034234125167131424
epoch: 37 s: 512000 batch_loss 0.10305348038673401 BPR_loss 0.06735530495643616 reg_loss 0.03569817915558815
epoch: 37 s: 768000 batch_loss 0.09547805041074753 BPR_loss 0.05985545739531517 reg_loss 0.03562259301543236
+-------+------------------+-------------------+--------------------+------------------------------------+------------------------------------+------------------------------------+------------------------------------+
| Epoch | training time(s) |   tesing time(s)  |        Loss        |               recall               |                ndcg                |             precision              |             hit_ratio              |
+-------+------------------+-------------------+--------------------+------------------------------------+------------------------------------+------------------------------------+------------------------------------+
|   37  | 64.7120897769928 | 73.04354071617126 | 40.145565032958984 | [0.17137382 0.24022315 0.28904019] | [0.14257418 0.1644739  0.17907223] | [0.05229419 0.03710647 0.03003829] | [0.56480675 0.67100944 0.72680689] |
+-------+------------------+-------------------+--------------------+------------------------------------+------------------------------------+------------------------------------+------------------------------------+
epoch: 38 s: 0 batch_loss 0.10473744571208954 BPR_loss 0.06981893628835678 reg_loss 0.03491850942373276
epoch: 38 s: 256000 batch_loss 0.10193602740764618 BPR_loss 0.06714703887701035 reg_loss 0.034788988530635834
epoch: 38 s: 512000 batch_loss 0.09825433790683746 BPR_loss 0.06292147934436798 reg_loss 0.03533285856246948
epoch: 38 s: 768000 batch_loss 0.10053515434265137 BPR_loss 0.06527940928936005 reg_loss 0.03525574505329132
+-------+--------------------+-------------------+-------------------+------------------------------------+------------------------------------+------------------------------------+------------------------------------+
| Epoch |  training time(s)  |   tesing time(s)  |        Loss       |               recall               |                ndcg                |             precision              |             hit_ratio              |
+-------+--------------------+-------------------+-------------------+------------------------------------+------------------------------------+------------------------------------+------------------------------------+
|   38  | 63.985353231430054 | 81.79529619216919 | 39.47251892089844 | [0.17163853 0.23989287 0.28923481] | [0.14273179 0.16444816 0.17921386] | [0.05241309 0.03713159 0.03011477] | [0.56463929 0.67000469 0.72730926] |
+-------+--------------------+-------------------+-------------------+------------------------------------+------------------------------------+------------------------------------+------------------------------------+
epoch: 39 s: 0 batch_loss 0.08778657019138336 BPR_loss 0.05293212831020355 reg_loss 0.03485443815588951
epoch: 39 s: 256000 batch_loss 0.10056854784488678 BPR_loss 0.0657711774110794 reg_loss 0.03479737415909767
epoch: 39 s: 512000 batch_loss 0.0918295681476593 BPR_loss 0.057391077280044556 reg_loss 0.034438490867614746
epoch: 39 s: 768000 batch_loss 0.09741614758968353 BPR_loss 0.061535462737083435 reg_loss 0.0358806848526001
+-------+-------------------+------------------+--------------------+------------------------------------+------------------------------------+------------------------------------+------------------------------------+
| Epoch |  training time(s) |  tesing time(s)  |        Loss        |               recall               |                ndcg                |             precision              |             hit_ratio              |
+-------+-------------------+------------------+--------------------+------------------------------------+------------------------------------+------------------------------------+------------------------------------+
|   39  | 67.27140021324158 | 80.1169810295105 | 39.331214904785156 | [0.17144535 0.24015723 0.28909616] | [0.14276409 0.16463836 0.17928835] | [0.05231429 0.03709726 0.03004555] | [0.5646058  0.66920088 0.72740974] |
+-------+-------------------+------------------+--------------------+------------------------------------+------------------------------------+------------------------------------+------------------------------------+
epoch: 40 s: 0 batch_loss 0.1001041978597641 BPR_loss 0.06498916447162628 reg_loss 0.03511503338813782
epoch: 40 s: 256000 batch_loss 0.09164148569107056 BPR_loss 0.05649159103631973 reg_loss 0.03514989838004112
epoch: 40 s: 512000 batch_loss 0.097621850669384 BPR_loss 0.061856649816036224 reg_loss 0.03576520085334778
epoch: 40 s: 768000 batch_loss 0.09809091687202454 BPR_loss 0.06261128187179565 reg_loss 0.03547963872551918
+-------+-------------------+-------------------+------------------+------------------------------------+------------------------------------+------------------------------------+------------------------------------+
| Epoch |  training time(s) |   tesing time(s)  |       Loss       |               recall               |                ndcg                |             precision              |             hit_ratio              |
+-------+-------------------+-------------------+------------------+------------------------------------+------------------------------------+------------------------------------+------------------------------------+
|   40  | 64.64569878578186 | 76.00829648971558 | 38.4931526184082 | [0.1717964  0.24050262 0.28897907] | [0.14330481 0.1651267  0.17964429] | [0.05247505 0.03716843 0.03006955] | [0.56591198 0.67044008 0.72734276] |
+-------+-------------------+-------------------+------------------+------------------------------------+------------------------------------+------------------------------------+------------------------------------+
epoch: 41 s: 0 batch_loss 0.10321488976478577 BPR_loss 0.06753212213516235 reg_loss 0.035682763904333115
epoch: 41 s: 256000 batch_loss 0.09356717765331268 BPR_loss 0.058119483292102814 reg_loss 0.03544769063591957
epoch: 41 s: 512000 batch_loss 0.09604628384113312 BPR_loss 0.0606682263314724 reg_loss 0.03537805750966072
epoch: 41 s: 768000 batch_loss 0.10189760476350784 BPR_loss 0.06726845353841782 reg_loss 0.03462915122509003
+-------+-------------------+-------------------+------------------+------------------------------------+------------------------------------+------------------------------------+------------------------------------+
| Epoch |  training time(s) |   tesing time(s)  |       Loss       |               recall               |                ndcg                |             precision              |             hit_ratio              |
+-------+-------------------+-------------------+------------------+------------------------------------+------------------------------------+------------------------------------+------------------------------------+
|   41  | 61.27068734169006 | 52.50102686882019 | 37.9676513671875 | [0.17172654 0.24016499 0.28937029] | [0.14336597 0.16514943 0.17979843] | [0.05231764 0.03710061 0.03000871] | [0.56547659 0.66983723 0.72704133] |
+-------+-------------------+-------------------+------------------+------------------------------------+------------------------------------+------------------------------------+------------------------------------+
epoch: 42 s: 0 batch_loss 0.09898243844509125 BPR_loss 0.06375196576118469 reg_loss 0.035230472683906555
epoch: 42 s: 256000 batch_loss 0.10109829902648926 BPR_loss 0.06477361917495728 reg_loss 0.03632467985153198
epoch: 42 s: 512000 batch_loss 0.09143517166376114 BPR_loss 0.0555771142244339 reg_loss 0.03585805743932724
epoch: 42 s: 768000 batch_loss 0.09653127193450928 BPR_loss 0.061672478914260864 reg_loss 0.03485879302024841
+-------+-------------------+-------------------+-------------------+------------------------------------+------------------------------------+------------------------------------+------------------------------------+
| Epoch |  training time(s) |   tesing time(s)  |        Loss       |               recall               |                ndcg                |             precision              |             hit_ratio              |
+-------+-------------------+-------------------+-------------------+------------------------------------+------------------------------------+------------------------------------+------------------------------------+
|   42  | 58.19993472099304 | 48.87323546409607 | 37.48054504394531 | [0.17218251 0.2403017  0.28996523] | [0.14359022 0.16523267 0.18004397] | [0.05244658 0.03711736 0.03010583] | [0.56470628 0.66940184 0.72801259] |
+-------+-------------------+-------------------+-------------------+------------------------------------+------------------------------------+------------------------------------+------------------------------------+
epoch: 43 s: 0 batch_loss 0.09690733253955841 BPR_loss 0.06069289520382881 reg_loss 0.0362144410610199
epoch: 43 s: 256000 batch_loss 0.10103538632392883 BPR_loss 0.06652934104204178 reg_loss 0.034506041556596756
epoch: 43 s: 512000 batch_loss 0.09265585243701935 BPR_loss 0.05738786607980728 reg_loss 0.03526798263192177
epoch: 43 s: 768000 batch_loss 0.09182684868574142 BPR_loss 0.055575981736183167 reg_loss 0.03625086694955826
+-------+-------------------+-------------------+-------------------+------------------------------------+------------------------------------+------------------------------------+------------------------------------+
| Epoch |  training time(s) |   tesing time(s)  |        Loss       |               recall               |                ndcg                |             precision              |             hit_ratio              |
+-------+-------------------+-------------------+-------------------+------------------------------------+------------------------------------+------------------------------------+------------------------------------+
|   43  | 58.87331533432007 | 59.74388647079468 | 37.09067153930664 | [0.17222997 0.24104181 0.28977644] | [0.1435645  0.16542295 0.17999134] | [0.05251691 0.03721448 0.03009858] | [0.56607944 0.67097595 0.72804608] |
+-------+-------------------+-------------------+-------------------+------------------------------------+------------------------------------+------------------------------------+------------------------------------+
epoch: 44 s: 0 batch_loss 0.09570898115634918 BPR_loss 0.05968781188130379 reg_loss 0.036021165549755096
epoch: 44 s: 256000 batch_loss 0.09329215437173843 BPR_loss 0.05749087035655975 reg_loss 0.03580128401517868
epoch: 44 s: 512000 batch_loss 0.08820201456546783 BPR_loss 0.052916519343853 reg_loss 0.035285498946905136
epoch: 44 s: 768000 batch_loss 0.08338664472103119 BPR_loss 0.047155700623989105 reg_loss 0.036230940371751785
+-------+-------------------+-------------------+-------------------+------------------------------------+------------------------------------+------------------------------------+------------------------------------+
| Epoch |  training time(s) |   tesing time(s)  |        Loss       |               recall               |                ndcg                |             precision              |             hit_ratio              |
+-------+-------------------+-------------------+-------------------+------------------------------------+------------------------------------+------------------------------------+------------------------------------+
|   44  | 58.31549859046936 | 65.54303050041199 | 36.55781173706055 | [0.17170919 0.24036255 0.28928032] | [0.14292415 0.16469934 0.17932387] | [0.05239467 0.03707968 0.03002713] | [0.56450533 0.66876549 0.72663943] |
+-------+-------------------+-------------------+-------------------+------------------------------------+------------------------------------+------------------------------------+------------------------------------+
epoch: 45 s: 0 batch_loss 0.08943761885166168 BPR_loss 0.054036784917116165 reg_loss 0.03540083393454552
epoch: 45 s: 256000 batch_loss 0.08951617777347565 BPR_loss 0.054344773292541504 reg_loss 0.03517140448093414
epoch: 45 s: 512000 batch_loss 0.09465941786766052 BPR_loss 0.05837895721197128 reg_loss 0.03628045693039894
epoch: 45 s: 768000 batch_loss 0.09456878155469894 BPR_loss 0.05864687263965607 reg_loss 0.03592190891504288
+-------+-------------------+-------------------+--------------------+------------------------------------+------------------------------------+------------------------------------+------------------------------------+
| Epoch |  training time(s) |   tesing time(s)  |        Loss        |               recall               |                ndcg                |             precision              |             hit_ratio              |
+-------+-------------------+-------------------+--------------------+------------------------------------+------------------------------------+------------------------------------+------------------------------------+
|   45  | 58.80077266693115 | 68.02747249603271 | 36.113643646240234 | [0.17154734 0.24024216 0.28866059] | [0.14286765 0.16470582 0.17921658] | [0.05229252 0.03707214 0.02999308] | [0.56463929 0.66960279 0.72566816] |
+-------+-------------------+-------------------+--------------------+------------------------------------+------------------------------------+------------------------------------+------------------------------------+
epoch: 46 s: 0 batch_loss 0.09560792148113251 BPR_loss 0.059791937470436096 reg_loss 0.03581598773598671
epoch: 46 s: 256000 batch_loss 0.08601831644773483 BPR_loss 0.05016840994358063 reg_loss 0.035849906504154205
epoch: 46 s: 512000 batch_loss 0.08385533839464188 BPR_loss 0.04815519228577614 reg_loss 0.03570014610886574
epoch: 46 s: 768000 batch_loss 0.09093409776687622 BPR_loss 0.054730404168367386 reg_loss 0.03620369732379913
+-------+-------------------+-------------------+-------------------+------------------------------------+------------------------------------+------------------------------------+------------------------------------+
| Epoch |  training time(s) |   tesing time(s)  |        Loss       |               recall               |                ndcg                |             precision              |             hit_ratio              |
+-------+-------------------+-------------------+-------------------+------------------------------------+------------------------------------+------------------------------------+------------------------------------+
|   46  | 59.71297073364258 | 66.01138877868652 | 35.60392379760742 | [0.17232976 0.2408127  0.289244  ] | [0.14317002 0.1649439  0.17946464] | [0.05236955 0.0370554  0.02999196] | [0.56463929 0.66903342 0.72761069] |
+-------+-------------------+-------------------+-------------------+------------------------------------+------------------------------------+------------------------------------+------------------------------------+
epoch: 47 s: 0 batch_loss 0.10010237246751785 BPR_loss 0.06410257518291473 reg_loss 0.03599979728460312
epoch: 47 s: 256000 batch_loss 0.09237757325172424 BPR_loss 0.05648096650838852 reg_loss 0.035896606743335724
epoch: 47 s: 512000 batch_loss 0.08886031806468964 BPR_loss 0.052604012191295624 reg_loss 0.03625630959868431
epoch: 47 s: 768000 batch_loss 0.0864192545413971 BPR_loss 0.05090111494064331 reg_loss 0.035518139600753784
+-------+-------------------+-------------------+--------------------+------------------------------------+------------------------------------+------------------------------------+------------------------------------+
| Epoch |  training time(s) |   tesing time(s)  |        Loss        |               recall               |                ndcg                |             precision              |             hit_ratio              |
+-------+-------------------+-------------------+--------------------+------------------------------------+------------------------------------+------------------------------------+------------------------------------+
|   47  | 60.87774062156677 | 60.09723663330078 | 35.346778869628906 | [0.17179442 0.24107921 0.28951785] | [0.14269493 0.16474647 0.17923423] | [0.0521753  0.03707214 0.02996461] | [0.56400295 0.66980374 0.72764418] |
+-------+-------------------+-------------------+--------------------+------------------------------------+------------------------------------+------------------------------------+------------------------------------+
epoch: 48 s: 0 batch_loss 0.08423435688018799 BPR_loss 0.04724954441189766 reg_loss 0.03698480874300003
epoch: 48 s: 256000 batch_loss 0.09120050072669983 BPR_loss 0.055024828761816025 reg_loss 0.036175668239593506
epoch: 48 s: 512000 batch_loss 0.09597708284854889 BPR_loss 0.060254212468862534 reg_loss 0.035722870379686356
epoch: 48 s: 768000 batch_loss 0.09110258519649506 BPR_loss 0.055668145418167114 reg_loss 0.03543444350361824
+-------+-------------------+-------------------+-------------------+------------------------------------+------------------------------------+------------------------------------+------------------------------------+
| Epoch |  training time(s) |   tesing time(s)  |        Loss       |               recall               |                ndcg                |             precision              |             hit_ratio              |
+-------+-------------------+-------------------+-------------------+------------------------------------+------------------------------------+------------------------------------+------------------------------------+
|   48  | 58.24233436584473 | 51.72924089431763 | 34.91313934326172 | [0.17233567 0.24067834 0.28999181] | [0.14309997 0.16487951 0.17961953] | [0.05229252 0.03708386 0.03004387] | [0.56628039 0.67033961 0.7292183 ] |
+-------+-------------------+-------------------+-------------------+------------------------------------+------------------------------------+------------------------------------+------------------------------------+
epoch: 49 s: 0 batch_loss 0.08981232345104218 BPR_loss 0.053267449140548706 reg_loss 0.03654487058520317
epoch: 49 s: 256000 batch_loss 0.08682160079479218 BPR_loss 0.05074629560112953 reg_loss 0.036075301468372345
epoch: 49 s: 512000 batch_loss 0.08566020429134369 BPR_loss 0.04927166923880577 reg_loss 0.03638853505253792
epoch: 49 s: 768000 batch_loss 0.09455318748950958 BPR_loss 0.05869932845234871 reg_loss 0.03585386276245117
+-------+-------------------+--------------------+-------------------+------------------------------------+------------------------------------+------------------------------------+------------------------------------+
| Epoch |  training time(s) |   tesing time(s)   |        Loss       |               recall               |                ndcg                |             precision              |             hit_ratio              |
+-------+-------------------+--------------------+-------------------+------------------------------------+------------------------------------+------------------------------------+------------------------------------+
|   49  | 53.02625370025635 | 45.062145709991455 | 34.48552703857422 | [0.17237431 0.24086439 0.2903805 ] | [0.14293321 0.16476333 0.17957405] | [0.05227242 0.03708889 0.03007067] | [0.56738563 0.67127738 0.72945274] |
+-------+-------------------+--------------------+-------------------+------------------------------------+------------------------------------+------------------------------------+------------------------------------+
epoch: 50 s: 0 batch_loss 0.08403367549180984 BPR_loss 0.04792056232690811 reg_loss 0.03611311316490173
epoch: 50 s: 256000 batch_loss 0.08711038529872894 BPR_loss 0.05087645351886749 reg_loss 0.03623393177986145
epoch: 50 s: 512000 batch_loss 0.0885501503944397 BPR_loss 0.05273360386490822 reg_loss 0.03581654652953148
epoch: 50 s: 768000 batch_loss 0.08648329228162766 BPR_loss 0.04941023886203766 reg_loss 0.037073053419589996
+-------+-------------------+-------------------+-------------------+------------------------------------+------------------------------------+------------------------------------+------------------------------------+
| Epoch |  training time(s) |   tesing time(s)  |        Loss       |               recall               |                ndcg                |             precision              |             hit_ratio              |
+-------+-------------------+-------------------+-------------------+------------------------------------+------------------------------------+------------------------------------+------------------------------------+
|   50  | 53.77495741844177 | 52.21456050872803 | 34.21753692626953 | [0.17206316 0.24142708 0.29051754] | [0.14273608 0.16483223 0.17953668] | [0.0522808  0.03714917 0.03008741] | [0.56594548 0.67211468 0.72908433] |
+-------+-------------------+-------------------+-------------------+------------------------------------+------------------------------------+------------------------------------+------------------------------------+
epoch: 51 s: 0 batch_loss 0.0794282928109169 BPR_loss 0.043704792857170105 reg_loss 0.035723499953746796
epoch: 51 s: 256000 batch_loss 0.08412739634513855 BPR_loss 0.04742639139294624 reg_loss 0.03670100122690201
epoch: 51 s: 512000 batch_loss 0.0894177109003067 BPR_loss 0.053177159279584885 reg_loss 0.036240555346012115
epoch: 51 s: 768000 batch_loss 0.08908343315124512 BPR_loss 0.053335364907979965 reg_loss 0.03574807196855545
+-------+-------------------+--------------------+-------------------+------------------------------------+------------------------------------+------------------------------------+------------------------------------+
| Epoch |  training time(s) |   tesing time(s)   |        Loss       |               recall               |                ndcg                |             precision              |             hit_ratio              |
+-------+-------------------+--------------------+-------------------+------------------------------------+------------------------------------+------------------------------------+------------------------------------+
|   51  | 52.52470016479492 | 56.011136531829834 | 33.80540466308594 | [0.1720285  0.2404389  0.29010927] | [0.14258165 0.16442595 0.17924825] | [0.05210831 0.03698841 0.02996461] | [0.56594548 0.67100944 0.72888338] |
+-------+-------------------+--------------------+-------------------+------------------------------------+------------------------------------+------------------------------------+------------------------------------+
epoch: 52 s: 0 batch_loss 0.08153232932090759 BPR_loss 0.04518595337867737 reg_loss 0.03634637966752052
epoch: 52 s: 256000 batch_loss 0.08762652426958084 BPR_loss 0.05137290805578232 reg_loss 0.03625361621379852
epoch: 52 s: 512000 batch_loss 0.08411645889282227 BPR_loss 0.047930628061294556 reg_loss 0.03618583083152771
epoch: 52 s: 768000 batch_loss 0.08227437734603882 BPR_loss 0.04566335305571556 reg_loss 0.03661102429032326
+-------+--------------------+-------------------+-------------------+------------------------------------+------------------------------------+------------------------------------+------------------------------------+
| Epoch |  training time(s)  |   tesing time(s)  |        Loss       |               recall               |                ndcg                |             precision              |             hit_ratio              |
+-------+--------------------+-------------------+-------------------+------------------------------------+------------------------------------+------------------------------------+------------------------------------+
|   52  | 55.180070877075195 | 61.87328004837036 | 33.55561828613281 | [0.17159315 0.24040173 0.2897697 ] | [0.1422873  0.16427141 0.17900913] | [0.05203296 0.03695743 0.02991995] | [0.56450533 0.67023913 0.72895037] |
+-------+--------------------+-------------------+-------------------+------------------------------------+------------------------------------+------------------------------------+------------------------------------+
epoch: 53 s: 0 batch_loss 0.08841225504875183 BPR_loss 0.05050189420580864 reg_loss 0.03791036456823349
epoch: 53 s: 256000 batch_loss 0.08170347660779953 BPR_loss 0.04526578262448311 reg_loss 0.03643769398331642
epoch: 53 s: 512000 batch_loss 0.08863652497529984 BPR_loss 0.05189736187458038 reg_loss 0.03673916310071945
epoch: 53 s: 768000 batch_loss 0.08576545119285583 BPR_loss 0.04932110011577606 reg_loss 0.03644435480237007
+-------+-------------------+-------------------+-------------------+------------------------------------+------------------------------------+------------------------------------+------------------------------------+
| Epoch |  training time(s) |   tesing time(s)  |        Loss       |               recall               |                ndcg                |             precision              |             hit_ratio              |
+-------+-------------------+-------------------+-------------------+------------------------------------+------------------------------------+------------------------------------+------------------------------------+
|   53  | 55.87240672111511 | 63.58735466003418 | 33.12004470825195 | [0.1721878  0.24092108 0.29018447] | [0.14292612 0.1648513  0.17956875] | [0.0521552  0.03703446 0.02997912] | [0.56561056 0.67144484 0.73059147] |
+-------+-------------------+-------------------+-------------------+------------------------------------+------------------------------------+------------------------------------+------------------------------------+
epoch: 54 s: 0 batch_loss 0.07858829200267792 BPR_loss 0.04262460023164749 reg_loss 0.035963695496320724
epoch: 54 s: 256000 batch_loss 0.0842679888010025 BPR_loss 0.048352859914302826 reg_loss 0.035915128886699677
epoch: 54 s: 512000 batch_loss 0.08566693961620331 BPR_loss 0.049471139907836914 reg_loss 0.03619580343365669
epoch: 54 s: 768000 batch_loss 0.07977026700973511 BPR_loss 0.043642882257699966 reg_loss 0.03612738847732544
+-------+-------------------+-------------------+-------------------+------------------------------------+------------------------------------+------------------------------------+------------------------------------+
| Epoch |  training time(s) |   tesing time(s)  |        Loss       |               recall               |                ndcg                |             precision              |             hit_ratio              |
+-------+-------------------+-------------------+-------------------+------------------------------------+------------------------------------+------------------------------------+------------------------------------+
|   54  | 57.78313899040222 | 63.49861669540405 | 32.96017837524414 | [0.17180673 0.24002856 0.28981089] | [0.14251245 0.16426536 0.17915878] | [0.05201119 0.03687789 0.02994005] | [0.56413691 0.6699712  0.72911782] |
+-------+-------------------+-------------------+-------------------+------------------------------------+------------------------------------+------------------------------------+------------------------------------+
epoch: 55 s: 0 batch_loss 0.08236394822597504 BPR_loss 0.04614729434251785 reg_loss 0.036216653883457184
epoch: 55 s: 256000 batch_loss 0.07659003138542175 BPR_loss 0.04063069820404053 reg_loss 0.035959336906671524
epoch: 55 s: 512000 batch_loss 0.08664025366306305 BPR_loss 0.050753913819789886 reg_loss 0.03588633984327316
epoch: 55 s: 768000 batch_loss 0.08126194775104523 BPR_loss 0.04572267085313797 reg_loss 0.03553927689790726
+-------+--------------------+--------------------+-------------------+------------------------------------+------------------------------------+------------------------------------+------------------------------------+
| Epoch |  training time(s)  |   tesing time(s)   |        Loss       |               recall               |                ndcg                |             precision              |             hit_ratio              |
+-------+--------------------+--------------------+-------------------+------------------------------------+------------------------------------+------------------------------------+------------------------------------+
|   55  | 56.225613594055176 | 62.949777364730835 | 32.72230529785156 | [0.17154495 0.24012547 0.28958348] | [0.14232683 0.16415391 0.17896811] | [0.05201621 0.03686533 0.02992219] | [0.56443834 0.67030612 0.72787863] |
+-------+--------------------+--------------------+-------------------+------------------------------------+------------------------------------+------------------------------------+------------------------------------+
epoch: 56 s: 0 batch_loss 0.08628794550895691 BPR_loss 0.049563679844141006 reg_loss 0.036724261939525604
epoch: 56 s: 256000 batch_loss 0.08146417140960693 BPR_loss 0.044488631188869476 reg_loss 0.03697553649544716
epoch: 56 s: 512000 batch_loss 0.0833895355463028 BPR_loss 0.04611873999238014 reg_loss 0.03727079555392265
epoch: 56 s: 768000 batch_loss 0.087615966796875 BPR_loss 0.050617948174476624 reg_loss 0.03699801489710808
+-------+-------------------+--------------------+-------------------+------------------------------------+------------------------------------+------------------------------------+------------------------------------+
| Epoch |  training time(s) |   tesing time(s)   |        Loss       |               recall               |                ndcg                |             precision              |             hit_ratio              |
+-------+-------------------+--------------------+-------------------+------------------------------------+------------------------------------+------------------------------------+------------------------------------+
|   56  | 56.05957746505737 | 60.894882678985596 | 32.25349426269531 | [0.17155194 0.24035037 0.28940825] | [0.14229514 0.16421955 0.17892833] | [0.05187387 0.0368176  0.02985353] | [0.56406993 0.67020564 0.728381  ] |
+-------+-------------------+--------------------+-------------------+------------------------------------+------------------------------------+------------------------------------+------------------------------------+
epoch: 57 s: 0 batch_loss 0.07914234697818756 BPR_loss 0.04306437075138092 reg_loss 0.03607797250151634
epoch: 57 s: 256000 batch_loss 0.07714278995990753 BPR_loss 0.040867000818252563 reg_loss 0.03627578541636467
epoch: 57 s: 512000 batch_loss 0.07834866642951965 BPR_loss 0.04231540486216545 reg_loss 0.0360332615673542
epoch: 57 s: 768000 batch_loss 0.07867990434169769 BPR_loss 0.042558081448078156 reg_loss 0.03612181916832924
+-------+-------------------+--------------------+-------------------+------------------------------------+------------------------------------+------------------------------------+------------------------------------+
| Epoch |  training time(s) |   tesing time(s)   |        Loss       |               recall               |                ndcg                |             precision              |             hit_ratio              |
+-------+-------------------+--------------------+-------------------+------------------------------------+------------------------------------+------------------------------------+------------------------------------+
|   57  | 58.20084571838379 | 57.880147218704224 | 32.15241622924805 | [0.17144637 0.24025793 0.28905899] | [0.14209904 0.16404658 0.17868147] | [0.05179851 0.03675732 0.02979157] | [0.56350057 0.67000469 0.72811307] |
+-------+-------------------+--------------------+-------------------+------------------------------------+------------------------------------+------------------------------------+------------------------------------+
epoch: 58 s: 0 batch_loss 0.07983285188674927 BPR_loss 0.04326934367418289 reg_loss 0.03656350448727608
epoch: 58 s: 256000 batch_loss 0.08039982616901398 BPR_loss 0.04452095180749893 reg_loss 0.03587887063622475
epoch: 58 s: 512000 batch_loss 0.07790566980838776 BPR_loss 0.041269417852163315 reg_loss 0.03663625568151474
epoch: 58 s: 768000 batch_loss 0.08303390443325043 BPR_loss 0.04721378535032272 reg_loss 0.035820115357637405
+-------+-------------------+--------------------+--------------------+------------------------------------+------------------------------------+------------------------------------+------------------------------------+
| Epoch |  training time(s) |   tesing time(s)   |        Loss        |               recall               |                ndcg                |             precision              |             hit_ratio              |
+-------+-------------------+--------------------+--------------------+------------------------------------+------------------------------------+------------------------------------+------------------------------------+
|   58  | 58.22793436050415 | 48.807409048080444 | 31.744613647460938 | [0.17200293 0.24102005 0.28990648] | [0.14267719 0.1646716  0.17930485] | [0.05203798 0.03692896 0.02989428] | [0.56534262 0.67104294 0.7296202 ] |
+-------+-------------------+--------------------+--------------------+------------------------------------+------------------------------------+------------------------------------+------------------------------------+
epoch: 59 s: 0 batch_loss 0.08212373405694962 BPR_loss 0.045116037130355835 reg_loss 0.03700769692659378
epoch: 59 s: 256000 batch_loss 0.07606334984302521 BPR_loss 0.03917635232210159 reg_loss 0.036886997520923615
epoch: 59 s: 512000 batch_loss 0.07403480261564255 BPR_loss 0.037733349949121475 reg_loss 0.03630145266652107
epoch: 59 s: 768000 batch_loss 0.0844869390130043 BPR_loss 0.04833991080522537 reg_loss 0.03614702820777893
+-------+--------------------+-------------------+-------------------+------------------------------------+------------------------------------+------------------------------------+------------------------------------+
| Epoch |  training time(s)  |   tesing time(s)  |        Loss       |               recall               |                ndcg                |             precision              |             hit_ratio              |
+-------+--------------------+-------------------+-------------------+------------------------------------+------------------------------------+------------------------------------+------------------------------------+
|   59  | 54.976656913757324 | 45.05667018890381 | 31.39020347595215 | [0.17197865 0.24101968 0.28928008] | [0.14256504 0.16462182 0.17906658] | [0.05185377 0.0368871  0.02981166] | [0.5642039  0.66966977 0.72824704] |
+-------+--------------------+-------------------+-------------------+------------------------------------+------------------------------------+------------------------------------+------------------------------------+
Early stopping is trigger at step: 10 log:0.17197865460800502
early stopping at 59, recall@20:0.1724
