Namespace(K=1, Ks='[20, 40, 60]', batch_size=2048, batch_test_flag=True, context_hops=3, cuda=True, data_path='data/', dataset='gowalla', dim=64, edge_dropout=False, edge_dropout_rate=0.1, epoch=1000, eps=0.01, gnn='lightgcn', gpu_id=1, l2=0.01, lr=0.005, mess_dropout=False, mess_dropout_rate=0.1, n_negs=16, ns='mixgcf', out_dir='./weights/yelp2018/', pool='mean', save=False, test_batch_size=2048, test_flag='part')
reading train and test user-item set ...
building the adj mat ...
loading over ...
卷积器不需要第0层embedding
拿这个最难的neg_item去和pos_item在每一个维度上自适应权重......
start training ...
epoch: 0 s: 0 batch_loss 0.6931511759757996 BPR_loss 0.6931487321853638 reg_loss 2.4288397071359213e-06
epoch: 0 s: 256000 batch_loss 0.6595137119293213 BPR_loss 0.6338557004928589 reg_loss 0.02565801329910755
epoch: 0 s: 512000 batch_loss 0.6297716498374939 BPR_loss 0.5812879800796509 reg_loss 0.04848366603255272
epoch: 0 s: 768000 batch_loss 0.6180160641670227 BPR_loss 0.5614822506904602 reg_loss 0.05653379485011101
+-------+-------------------+--------------------+-------------------+------------------------------------+------------------------------------+------------------------------------+------------------------------------+
| Epoch |  training time(s) |   tesing time(s)   |        Loss       |               recall               |                ndcg                |             precision              |             hit_ratio              |
+-------+-------------------+--------------------+-------------------+------------------------------------+------------------------------------+------------------------------------+------------------------------------+
|   0   | 55.89868354797363 | 54.723175287246704 | 255.6945037841797 | [0.1230718  0.17852464 0.21906722] | [0.10247063 0.11983026 0.13188457] | [0.03949025 0.02869164 0.02354143] | [0.46024516 0.56688325 0.62753701] |
+-------+-------------------+--------------------+-------------------+------------------------------------+------------------------------------+------------------------------------+------------------------------------+
epoch: 1 s: 0 batch_loss 0.6225772500038147 BPR_loss 0.5646035671234131 reg_loss 0.05797366052865982
epoch: 1 s: 256000 batch_loss 0.6075356602668762 BPR_loss 0.5431321263313293 reg_loss 0.06440351158380508
epoch: 1 s: 512000 batch_loss 0.6039321422576904 BPR_loss 0.5367629528045654 reg_loss 0.067169189453125
epoch: 1 s: 768000 batch_loss 0.5947020053863525 BPR_loss 0.5232794284820557 reg_loss 0.07142257690429688
+-------+-------------------+--------------------+-------------------+------------------------------------+------------------------------------+------------------------------------+------------------------------------+
| Epoch |  training time(s) |   tesing time(s)   |        Loss       |               recall               |                ndcg                |             precision              |             hit_ratio              |
+-------+-------------------+--------------------+-------------------+------------------------------------+------------------------------------+------------------------------------+------------------------------------+
|   1   | 64.32969832420349 | 115.70809507369995 | 241.2454071044922 | [0.12781927 0.18510868 0.22692242] | [0.10667963 0.12462306 0.13709086] | [0.04081821 0.02956913 0.02429555] | [0.47414428 0.5798446  0.64180454] |
+-------+-------------------+--------------------+-------------------+------------------------------------+------------------------------------+------------------------------------+------------------------------------+
epoch: 2 s: 0 batch_loss 0.6080467104911804 BPR_loss 0.5378388166427612 reg_loss 0.0702078714966774
epoch: 2 s: 256000 batch_loss 0.6150456666946411 BPR_loss 0.5413538813591003 reg_loss 0.07369177788496017
epoch: 2 s: 512000 batch_loss 0.5964542627334595 BPR_loss 0.5193071365356445 reg_loss 0.07714712619781494
epoch: 2 s: 768000 batch_loss 0.5902173519134521 BPR_loss 0.5112999081611633 reg_loss 0.07891745120286942
+-------+------------------+--------------------+--------------------+------------------------------------+------------------------------------+------------------------------------+------------------------------------+
| Epoch | training time(s) |   tesing time(s)   |        Loss        |               recall               |                ndcg                |             precision              |             hit_ratio              |
+-------+------------------+--------------------+--------------------+------------------------------------+------------------------------------+------------------------------------+------------------------------------+
|   2   | 65.6668632030487 | 124.67581057548523 | 237.13343811035156 | [0.13173516 0.18972106 0.23264654] | [0.11006925 0.12822737 0.14099544] | [0.04193181 0.03024901 0.02483031] | [0.48439279 0.58915534 0.65034497] |
+-------+------------------+--------------------+--------------------+------------------------------------+------------------------------------+------------------------------------+------------------------------------+
epoch: 3 s: 0 batch_loss 0.585507333278656 BPR_loss 0.5048229694366455 reg_loss 0.0806843563914299
epoch: 3 s: 256000 batch_loss 0.5920540690422058 BPR_loss 0.510989785194397 reg_loss 0.08106430619955063
epoch: 3 s: 512000 batch_loss 0.5878266096115112 BPR_loss 0.506699800491333 reg_loss 0.08112678676843643
epoch: 3 s: 768000 batch_loss 0.5927855372428894 BPR_loss 0.5085974931716919 reg_loss 0.08418802171945572
+-------+-------------------+--------------------+--------------------+------------------------------------+------------------------------------+------------------------------------+------------------------------------+
| Epoch |  training time(s) |   tesing time(s)   |        Loss        |               recall               |                ndcg                |             precision              |             hit_ratio              |
+-------+-------------------+--------------------+--------------------+------------------------------------+------------------------------------+------------------------------------+------------------------------------+
|   3   | 66.45759391784668 | 109.03515315055847 | 234.55348205566406 | [0.13387141 0.19296766 0.2358356 ] | [0.11201681 0.13054268 0.14329785] | [0.04252629 0.03076311 0.02520039] | [0.48955054 0.59498292 0.6555362 ] |
+-------+-------------------+--------------------+--------------------+------------------------------------+------------------------------------+------------------------------------+------------------------------------+
epoch: 4 s: 0 batch_loss 0.5911213755607605 BPR_loss 0.5073287487030029 reg_loss 0.08379261195659637
epoch: 4 s: 256000 batch_loss 0.5866252183914185 BPR_loss 0.5007069706916809 reg_loss 0.08591826260089874
epoch: 4 s: 512000 batch_loss 0.5868711471557617 BPR_loss 0.49996522068977356 reg_loss 0.08690592646598816
epoch: 4 s: 768000 batch_loss 0.5919446349143982 BPR_loss 0.5038115978240967 reg_loss 0.08813302963972092
+-------+-------------------+-------------------+--------------------+------------------------------------+------------------------------------+------------------------------------+------------------------------------+
| Epoch |  training time(s) |   tesing time(s)  |        Loss        |               recall               |                ndcg                |             precision              |             hit_ratio              |
+-------+-------------------+-------------------+--------------------+------------------------------------+------------------------------------+------------------------------------+------------------------------------+
|   4   | 69.45240211486816 | 93.38735580444336 | 232.85350036621094 | [0.13549485 0.1945038  0.23724279] | [0.11307146 0.13155019 0.14424483] | [0.04301527 0.03099337 0.02530924] | [0.49380401 0.59732735 0.65891888] |
+-------+-------------------+-------------------+--------------------+------------------------------------+------------------------------------+------------------------------------+------------------------------------+
epoch: 5 s: 0 batch_loss 0.5805925726890564 BPR_loss 0.4919946491718292 reg_loss 0.08859792351722717
epoch: 5 s: 256000 batch_loss 0.5941891670227051 BPR_loss 0.5054047107696533 reg_loss 0.08878448605537415
epoch: 5 s: 512000 batch_loss 0.589489758014679 BPR_loss 0.49932318925857544 reg_loss 0.09016656875610352
epoch: 5 s: 768000 batch_loss 0.5827833414077759 BPR_loss 0.49057915806770325 reg_loss 0.09220419824123383
+-------+-------------------+-------------------+--------------------+------------------------------------+------------------------------------+------------------------------------+------------------------------------+
| Epoch |  training time(s) |   tesing time(s)  |        Loss        |               recall               |                ndcg                |             precision              |             hit_ratio              |
+-------+-------------------+-------------------+--------------------+------------------------------------+------------------------------------+------------------------------------+------------------------------------+
|   5   | 70.11878728866577 | 89.92813515663147 | 231.63357543945312 | [0.13660833 0.19587683 0.23868093] | [0.11435314 0.13291291 0.14565788] | [0.04331168 0.0311893  0.02548507] | [0.49695224 0.60084399 0.65898587] |
+-------+-------------------+-------------------+--------------------+------------------------------------+------------------------------------+------------------------------------+------------------------------------+
epoch: 6 s: 0 batch_loss 0.5797007083892822 BPR_loss 0.4897574186325073 reg_loss 0.0899433046579361
epoch: 6 s: 256000 batch_loss 0.5732284784317017 BPR_loss 0.48151665925979614 reg_loss 0.09171181172132492
epoch: 6 s: 512000 batch_loss 0.5786020159721375 BPR_loss 0.48487716913223267 reg_loss 0.09372484683990479
epoch: 6 s: 768000 batch_loss 0.5889838337898254 BPR_loss 0.4938611090183258 reg_loss 0.09512274712324142
+-------+-------------------+--------------------+--------------------+------------------------------------+------------------------------------+------------------------------------+------------------------------------+
| Epoch |  training time(s) |   tesing time(s)   |        Loss        |               recall               |                ndcg                |             precision              |             hit_ratio              |
+-------+-------------------+--------------------+--------------------+------------------------------------+------------------------------------+------------------------------------+------------------------------------+
|   6   | 70.04297614097595 | 108.92712807655334 | 230.54457092285156 | [0.13734227 0.1972835  0.24042844] | [0.11511792 0.13385431 0.14671253] | [0.04353272 0.0313735  0.0256503 ] | [0.49866033 0.60335588 0.66203363] |
+-------+-------------------+--------------------+--------------------+------------------------------------+------------------------------------+------------------------------------+------------------------------------+
epoch: 7 s: 0 batch_loss 0.5885164141654968 BPR_loss 0.4947785437107086 reg_loss 0.09373789280653
epoch: 7 s: 256000 batch_loss 0.5867547988891602 BPR_loss 0.49221986532211304 reg_loss 0.09453491121530533
epoch: 7 s: 512000 batch_loss 0.5795210599899292 BPR_loss 0.48596274852752686 reg_loss 0.09355829656124115
epoch: 7 s: 768000 batch_loss 0.5817281007766724 BPR_loss 0.4863198697566986 reg_loss 0.09540825337171555
+-------+-------------------+--------------------+----------------+------------------------------------+------------------------------------+------------------------------------+------------------------------------+
| Epoch |  training time(s) |   tesing time(s)   |      Loss      |               recall               |                ndcg                |             precision              |             hit_ratio              |
+-------+-------------------+--------------------+----------------+------------------------------------+------------------------------------+------------------------------------+------------------------------------+
|   7   | 68.35630106925964 | 108.12413883209229 | 229.8701171875 | [0.13777759 0.19861783 0.24129986] | [0.11559482 0.13466784 0.14736748] | [0.04359971 0.03158031 0.02573459] | [0.49983254 0.60566682 0.66400965] |
+-------+-------------------+--------------------+----------------+------------------------------------+------------------------------------+------------------------------------+------------------------------------+
epoch: 8 s: 0 batch_loss 0.5776762366294861 BPR_loss 0.4824795126914978 reg_loss 0.09519672393798828
epoch: 8 s: 256000 batch_loss 0.5748670101165771 BPR_loss 0.4777415990829468 reg_loss 0.09712539613246918
epoch: 8 s: 512000 batch_loss 0.5641372203826904 BPR_loss 0.4657260477542877 reg_loss 0.0984111800789833
epoch: 8 s: 768000 batch_loss 0.5730361938476562 BPR_loss 0.47541600465774536 reg_loss 0.09762019664049149
+-------+-------------------+--------------------+--------------------+------------------------------------+------------------------------------+------------------------------------+------------------------------------+
| Epoch |  training time(s) |   tesing time(s)   |        Loss        |               recall               |                ndcg                |             precision              |             hit_ratio              |
+-------+-------------------+--------------------+--------------------+------------------------------------+------------------------------------+------------------------------------+------------------------------------+
|   8   | 69.37666177749634 | 109.02158641815186 | 229.08155822753906 | [0.13844517 0.19923154 0.24198433] | [0.11608842 0.13514822 0.14787708] | [0.04371525 0.03162385 0.02577701] | [0.50043539 0.60710697 0.6650144 ] |
+-------+-------------------+--------------------+--------------------+------------------------------------+------------------------------------+------------------------------------+------------------------------------+
epoch: 9 s: 0 batch_loss 0.5765864849090576 BPR_loss 0.47792333364486694 reg_loss 0.09866317361593246
epoch: 9 s: 256000 batch_loss 0.5834024548530579 BPR_loss 0.4845200181007385 reg_loss 0.09888243675231934
epoch: 9 s: 512000 batch_loss 0.5835088491439819 BPR_loss 0.48467594385147095 reg_loss 0.0988328754901886
epoch: 9 s: 768000 batch_loss 0.5733547210693359 BPR_loss 0.4743610620498657 reg_loss 0.098993681371212
+-------+-------------------+------------------+--------------------+------------------------------------+------------------------------------+------------------------------------+------------------------------------+
| Epoch |  training time(s) |  tesing time(s)  |        Loss        |               recall               |                ndcg                |             precision              |             hit_ratio              |
+-------+-------------------+------------------+--------------------+------------------------------------+------------------------------------+------------------------------------+------------------------------------+
|   9   | 69.77157020568848 | 86.0761034488678 | 228.60015869140625 | [0.13861526 0.19991289 0.24241577] | [0.11660877 0.1358226  0.14848122] | [0.04382912 0.03175028 0.02583339] | [0.50150713 0.6082122  0.66555027] |
+-------+-------------------+------------------+--------------------+------------------------------------+------------------------------------+------------------------------------+------------------------------------+
epoch: 10 s: 0 batch_loss 0.5864956974983215 BPR_loss 0.4871886968612671 reg_loss 0.09930702298879623
epoch: 10 s: 256000 batch_loss 0.573150098323822 BPR_loss 0.4730284810066223 reg_loss 0.1001216322183609
epoch: 10 s: 512000 batch_loss 0.569527804851532 BPR_loss 0.46913227438926697 reg_loss 0.10039551556110382
epoch: 10 s: 768000 batch_loss 0.5759792327880859 BPR_loss 0.47496235370635986 reg_loss 0.10101687908172607
+-------+-------------------+-------------------+--------------------+------------------------------------+------------------------------------+------------------------------------+------------------------------------+
| Epoch |  training time(s) |   tesing time(s)  |        Loss        |               recall               |                ndcg                |             precision              |             hit_ratio              |
+-------+-------------------+-------------------+--------------------+------------------------------------+------------------------------------+------------------------------------+------------------------------------+
|   10  | 69.44581842422485 | 91.41730165481567 | 227.71395874023438 | [0.13926577 0.19980781 0.24322588] | [0.11706219 0.13600554 0.14893332] | [0.04405017 0.03178126 0.02594   ] | [0.50318173 0.60827919 0.66776073] |
+-------+-------------------+-------------------+--------------------+------------------------------------+------------------------------------+------------------------------------+------------------------------------+
epoch: 11 s: 0 batch_loss 0.5627169609069824 BPR_loss 0.461398720741272 reg_loss 0.10131826251745224
epoch: 11 s: 256000 batch_loss 0.5759357213973999 BPR_loss 0.4749893248081207 reg_loss 0.10094636678695679
epoch: 11 s: 512000 batch_loss 0.5699592232704163 BPR_loss 0.4686531126499176 reg_loss 0.10130611062049866
epoch: 11 s: 768000 batch_loss 0.5643863677978516 BPR_loss 0.46098917722702026 reg_loss 0.10339716076850891
+-------+-------------------+--------------------+-------------+------------------------------------+------------------------------------+------------------------------------+------------------------------------+
| Epoch |  training time(s) |   tesing time(s)   |     Loss    |               recall               |                ndcg                |             precision              |             hit_ratio              |
+-------+-------------------+--------------------+-------------+------------------------------------+------------------------------------+------------------------------------+------------------------------------+
|   11  | 70.35374116897583 | 104.34200096130371 | 227.3046875 | [0.13993426 0.20070643 0.24427501] | [0.11790495 0.13689369 0.14986827] | [0.04431811 0.03190518 0.02604216] | [0.50462188 0.60965235 0.67023913] |
+-------+-------------------+--------------------+-------------+------------------------------------+------------------------------------+------------------------------------+------------------------------------+
epoch: 12 s: 0 batch_loss 0.5817551016807556 BPR_loss 0.47891563177108765 reg_loss 0.10283948481082916
epoch: 12 s: 256000 batch_loss 0.5821760296821594 BPR_loss 0.4799808859825134 reg_loss 0.1021951287984848
epoch: 12 s: 512000 batch_loss 0.5707001686096191 BPR_loss 0.4679529070854187 reg_loss 0.10274726897478104
epoch: 12 s: 768000 batch_loss 0.5815315246582031 BPR_loss 0.47722458839416504 reg_loss 0.10430696606636047
+-------+-------------------+--------------------+--------------------+------------------------------------+------------------------------------+------------------------------------+------------------------------------+
| Epoch |  training time(s) |   tesing time(s)   |        Loss        |               recall               |                ndcg                |             precision              |             hit_ratio              |
+-------+-------------------+--------------------+--------------------+------------------------------------+------------------------------------+------------------------------------+------------------------------------+
|   12  | 68.14208579063416 | 113.23208951950073 | 226.92726135253906 | [0.13956846 0.20092533 0.24410961] | [0.11770728 0.13688138 0.14978238] | [0.04414897 0.03187672 0.02600978] | [0.50375109 0.60992029 0.66903342] |
+-------+-------------------+--------------------+--------------------+------------------------------------+------------------------------------+------------------------------------+------------------------------------+
epoch: 13 s: 0 batch_loss 0.5641640424728394 BPR_loss 0.45974457263946533 reg_loss 0.10441945493221283
epoch: 13 s: 256000 batch_loss 0.5657023191452026 BPR_loss 0.46192312240600586 reg_loss 0.10377919673919678
epoch: 13 s: 512000 batch_loss 0.5785372853279114 BPR_loss 0.4751020669937134 reg_loss 0.10343519598245621
epoch: 13 s: 768000 batch_loss 0.5866760611534119 BPR_loss 0.4830853343009949 reg_loss 0.1035907119512558
+-------+-------------------+-------------------+-------------------+------------------------------------+------------------------------------+------------------------------------+------------------------------------+
| Epoch |  training time(s) |   tesing time(s)  |        Loss       |               recall               |                ndcg                |             precision              |             hit_ratio              |
+-------+-------------------+-------------------+-------------------+------------------------------------+------------------------------------+------------------------------------+------------------------------------+
|   13  | 68.87062525749207 | 98.30681347846985 | 226.6171417236328 | [0.14000812 0.20136915 0.24506129] | [0.11826492 0.13752485 0.15053748] | [0.04423605 0.03201989 0.02612198] | [0.50488981 0.61122647 0.67057405] |
+-------+-------------------+-------------------+-------------------+------------------------------------+------------------------------------+------------------------------------+------------------------------------+
epoch: 14 s: 0 batch_loss 0.5591179132461548 BPR_loss 0.45421117544174194 reg_loss 0.10490673035383224
epoch: 14 s: 256000 batch_loss 0.5734167098999023 BPR_loss 0.46837127208709717 reg_loss 0.10504540801048279
epoch: 14 s: 512000 batch_loss 0.5664672255516052 BPR_loss 0.46041399240493774 reg_loss 0.10605325549840927
epoch: 14 s: 768000 batch_loss 0.5751307010650635 BPR_loss 0.4693695306777954 reg_loss 0.10576116293668747
+-------+-------------------+-------------------+-------------------+------------------------------------+------------------------------------+------------------------------------+------------------------------------+
| Epoch |  training time(s) |   tesing time(s)  |        Loss       |               recall               |                ndcg                |             precision              |             hit_ratio              |
+-------+-------------------+-------------------+-------------------+------------------------------------+------------------------------------+------------------------------------+------------------------------------+
|   14  | 69.87690305709839 | 91.86956572532654 | 226.3696746826172 | [0.1405308  0.20191018 0.24498452] | [0.11862279 0.13784052 0.15068975] | [0.04446212 0.03208353 0.02612923] | [0.50636345 0.61122647 0.67067453] |
+-------+-------------------+-------------------+-------------------+------------------------------------+------------------------------------+------------------------------------+------------------------------------+
epoch: 15 s: 0 batch_loss 0.5723235607147217 BPR_loss 0.4662836194038391 reg_loss 0.10603996366262436
epoch: 15 s: 256000 batch_loss 0.5771431922912598 BPR_loss 0.4710598587989807 reg_loss 0.10608331114053726
epoch: 15 s: 512000 batch_loss 0.5729081630706787 BPR_loss 0.46716025471687317 reg_loss 0.10574790835380554
epoch: 15 s: 768000 batch_loss 0.5673923492431641 BPR_loss 0.46203702688217163 reg_loss 0.10535533726215363
+-------+------------------+-------------------+-------------------+------------------------------------+------------------------------------+------------------------------------+------------------------------------+
| Epoch | training time(s) |   tesing time(s)  |        Loss       |               recall               |                ndcg                |             precision              |             hit_ratio              |
+-------+------------------+-------------------+-------------------+------------------------------------+------------------------------------+------------------------------------+------------------------------------+
|   15  | 70.9335880279541 | 99.17738032341003 | 226.0060272216797 | [0.14093745 0.20214116 0.24561149] | [0.11872298 0.13788441 0.15082637] | [0.04454083 0.03210865 0.02616831] | [0.50683234 0.61249916 0.67094246] |
+-------+------------------+-------------------+-------------------+------------------------------------+------------------------------------+------------------------------------+------------------------------------+
epoch: 16 s: 0 batch_loss 0.5682395696640015 BPR_loss 0.4622713327407837 reg_loss 0.10596824437379837
epoch: 16 s: 256000 batch_loss 0.5705052018165588 BPR_loss 0.46441543102264404 reg_loss 0.10608977824449539
epoch: 16 s: 512000 batch_loss 0.5826283693313599 BPR_loss 0.4748411178588867 reg_loss 0.10778724402189255
epoch: 16 s: 768000 batch_loss 0.5565028190612793 BPR_loss 0.4498465061187744 reg_loss 0.10665629059076309
+-------+-------------------+--------------------+-------------------+------------------------------------+------------------------------------+------------------------------------+------------------------------------+
| Epoch |  training time(s) |   tesing time(s)   |        Loss       |               recall               |                ndcg                |             precision              |             hit_ratio              |
+-------+-------------------+--------------------+-------------------+------------------------------------+------------------------------------+------------------------------------+------------------------------------+
|   16  | 69.12266087532043 | 106.85321354866028 | 225.6415557861328 | [0.14208661 0.20241503 0.24631404] | [0.11965361 0.13853531 0.15156717] | [0.04486067 0.03220494 0.02623418] | [0.50981312 0.61333646 0.6732534 ] |
+-------+-------------------+--------------------+-------------------+------------------------------------+------------------------------------+------------------------------------+------------------------------------+
epoch: 17 s: 0 batch_loss 0.5680406093597412 BPR_loss 0.46031227707862854 reg_loss 0.10772836208343506
epoch: 17 s: 256000 batch_loss 0.5752522349357605 BPR_loss 0.46777284145355225 reg_loss 0.10747937858104706
epoch: 17 s: 512000 batch_loss 0.5724396705627441 BPR_loss 0.46439796686172485 reg_loss 0.1080416738986969
epoch: 17 s: 768000 batch_loss 0.5781422853469849 BPR_loss 0.47055256366729736 reg_loss 0.10758969932794571
+-------+-------------------+--------------------+-------------------+------------------------------------+------------------------------------+------------------------------------+------------------------------------+
| Epoch |  training time(s) |   tesing time(s)   |        Loss       |               recall               |                ndcg                |             precision              |             hit_ratio              |
+-------+-------------------+--------------------+-------------------+------------------------------------+------------------------------------+------------------------------------+------------------------------------+
|   17  | 71.20286583900452 | 105.20672798156738 | 225.7611083984375 | [0.1422286  0.20264596 0.24639107] | [0.11952284 0.13840122 0.15141684] | [0.04486737 0.0321614  0.02622469] | [0.51014803 0.61296805 0.67318642] |
+-------+-------------------+--------------------+-------------------+------------------------------------+------------------------------------+------------------------------------+------------------------------------+
epoch: 18 s: 0 batch_loss 0.571327805519104 BPR_loss 0.4633305072784424 reg_loss 0.10799732059240341
epoch: 18 s: 256000 batch_loss 0.5526041388511658 BPR_loss 0.44339877367019653 reg_loss 0.10920538008213043
epoch: 18 s: 512000 batch_loss 0.5616905689239502 BPR_loss 0.45285564661026 reg_loss 0.10883492231369019
epoch: 18 s: 768000 batch_loss 0.5727659463882446 BPR_loss 0.46315354108810425 reg_loss 0.10961239784955978
+-------+-------------------+--------------------+-------------------+------------------------------------+------------------------------------+------------------------------------+------------------------------------+
| Epoch |  training time(s) |   tesing time(s)   |        Loss       |               recall               |                ndcg                |             precision              |             hit_ratio              |
+-------+-------------------+--------------------+-------------------+------------------------------------+------------------------------------+------------------------------------+------------------------------------+
|   18  | 68.08479738235474 | 102.58720898628235 | 225.1282958984375 | [0.14192331 0.20269982 0.24637065] | [0.11937195 0.13833608 0.15137391] | [0.04476187 0.03209776 0.02621017] | [0.51024851 0.61353741 0.67291848] |
+-------+-------------------+--------------------+-------------------+------------------------------------+------------------------------------+------------------------------------+------------------------------------+
epoch: 19 s: 0 batch_loss 0.5690261721611023 BPR_loss 0.4609951376914978 reg_loss 0.1080310195684433
epoch: 19 s: 256000 batch_loss 0.5662742853164673 BPR_loss 0.45695194602012634 reg_loss 0.10932235419750214
epoch: 19 s: 512000 batch_loss 0.5624951720237732 BPR_loss 0.45250165462493896 reg_loss 0.10999350994825363
epoch: 19 s: 768000 batch_loss 0.5627633333206177 BPR_loss 0.454192578792572 reg_loss 0.10857072472572327
+-------+-------------------+-------------------+-------------------+------------------------------------+------------------------------------+------------------------------------+------------------------------------+
| Epoch |  training time(s) |   tesing time(s)  |        Loss       |               recall               |                ndcg                |             precision              |             hit_ratio              |
+-------+-------------------+-------------------+-------------------+------------------------------------+------------------------------------+------------------------------------+------------------------------------+
|   19  | 66.99792551994324 | 97.84242582321167 | 225.0252227783203 | [0.14268505 0.20370741 0.24778972] | [0.12017175 0.13925729 0.15239233] | [0.04498794 0.03232132 0.02637819] | [0.51145422 0.61507804 0.67442561] |
+-------+-------------------+-------------------+-------------------+------------------------------------+------------------------------------+------------------------------------+------------------------------------+
epoch: 20 s: 0 batch_loss 0.5805590152740479 BPR_loss 0.47212058305740356 reg_loss 0.1084384098649025
epoch: 20 s: 256000 batch_loss 0.5701550245285034 BPR_loss 0.4617616832256317 reg_loss 0.10839337110519409
epoch: 20 s: 512000 batch_loss 0.563757061958313 BPR_loss 0.4535022974014282 reg_loss 0.11025474220514297
epoch: 20 s: 768000 batch_loss 0.5709635019302368 BPR_loss 0.4609447717666626 reg_loss 0.11001874506473541
+-------+-------------------+--------------------+--------------------+------------------------------------+------------------------------------+------------------------------------+------------------------------------+
| Epoch |  training time(s) |   tesing time(s)   |        Loss        |               recall               |                ndcg                |             precision              |             hit_ratio              |
+-------+-------------------+--------------------+--------------------+------------------------------------+------------------------------------+------------------------------------+------------------------------------+
|   20  | 67.27544283866882 | 104.24026417732239 | 224.94451904296875 | [0.14237791 0.20345715 0.24742183] | [0.12012302 0.13923218 0.15231527] | [0.0449645  0.0323163  0.02633967] | [0.5119231  0.61504454 0.67509545] |
+-------+-------------------+--------------------+--------------------+------------------------------------+------------------------------------+------------------------------------+------------------------------------+
epoch: 21 s: 0 batch_loss 0.560094952583313 BPR_loss 0.45088815689086914 reg_loss 0.10920678824186325
epoch: 21 s: 256000 batch_loss 0.5745314955711365 BPR_loss 0.4647892713546753 reg_loss 0.10974221676588058
epoch: 21 s: 512000 batch_loss 0.5713924169540405 BPR_loss 0.4609435200691223 reg_loss 0.11044888198375702
epoch: 21 s: 768000 batch_loss 0.5691922903060913 BPR_loss 0.4574878215789795 reg_loss 0.11170443892478943
+-------+-------------------+--------------------+--------------------+------------------------------------+------------------------------------+------------------------------------+------------------------------------+
| Epoch |  training time(s) |   tesing time(s)   |        Loss        |               recall               |                ndcg                |             precision              |             hit_ratio              |
+-------+-------------------+--------------------+--------------------+------------------------------------+------------------------------------+------------------------------------+------------------------------------+
|   21  | 69.22143387794495 | 107.48787188529968 | 224.68734741210938 | [0.14256013 0.20366131 0.24727249] | [0.12009762 0.13923242 0.1522186 ] | [0.04491259 0.03232048 0.02630953] | [0.51095184 0.61477661 0.67415768] |
+-------+-------------------+--------------------+--------------------+------------------------------------+------------------------------------+------------------------------------+------------------------------------+
epoch: 22 s: 0 batch_loss 0.5532738566398621 BPR_loss 0.44069063663482666 reg_loss 0.1125832349061966
epoch: 22 s: 256000 batch_loss 0.5724546313285828 BPR_loss 0.4615281820297241 reg_loss 0.11092643439769745
epoch: 22 s: 512000 batch_loss 0.5636743307113647 BPR_loss 0.4530784487724304 reg_loss 0.11059588193893433
epoch: 22 s: 768000 batch_loss 0.5699609518051147 BPR_loss 0.4597131013870239 reg_loss 0.11024785041809082
+-------+-------------------+--------------------+-------------------+------------------------------------+------------------------------------+------------------------------------+------------------------------------+
| Epoch |  training time(s) |   tesing time(s)   |        Loss       |               recall               |                ndcg                |             precision              |             hit_ratio              |
+-------+-------------------+--------------------+-------------------+------------------------------------+------------------------------------+------------------------------------+------------------------------------+
|   22  | 65.09147810935974 | 116.45691013336182 | 224.5101776123047 | [0.14252552 0.20358518 0.24738581] | [0.12007991 0.13920293 0.15227674] | [0.04490254 0.03228281 0.02634247] | [0.51118628 0.61581486 0.67455958] |
+-------+-------------------+--------------------+-------------------+------------------------------------+------------------------------------+------------------------------------+------------------------------------+
epoch: 23 s: 0 batch_loss 0.5700027346611023 BPR_loss 0.45769280195236206 reg_loss 0.11230991035699844
epoch: 23 s: 256000 batch_loss 0.569739043712616 BPR_loss 0.4581966996192932 reg_loss 0.11154235899448395
epoch: 23 s: 512000 batch_loss 0.5638100504875183 BPR_loss 0.4521901607513428 reg_loss 0.11161988228559494
epoch: 23 s: 768000 batch_loss 0.5619992613792419 BPR_loss 0.45147624611854553 reg_loss 0.1105230301618576
+-------+-------------------+------------------+-------------------+------------------------------------+------------------------------------+------------------------------------+------------------------------------+
| Epoch |  training time(s) |  tesing time(s)  |        Loss       |               recall               |                ndcg                |             precision              |             hit_ratio              |
+-------+-------------------+------------------+-------------------+------------------------------------+------------------------------------+------------------------------------+------------------------------------+
|   23  | 64.14462089538574 | 117.516441822052 | 224.3815460205078 | [0.14289091 0.20429228 0.24802908] | [0.12044046 0.13966145 0.15269916] | [0.04510684 0.03242766 0.02641391] | [0.51185612 0.61758993 0.67499498] |
+-------+-------------------+------------------+-------------------+------------------------------------+------------------------------------+------------------------------------+------------------------------------+
epoch: 24 s: 0 batch_loss 0.5630760192871094 BPR_loss 0.45263707637786865 reg_loss 0.11043892800807953
epoch: 24 s: 256000 batch_loss 0.5604448914527893 BPR_loss 0.44880902767181396 reg_loss 0.11163585633039474
epoch: 24 s: 512000 batch_loss 0.5830190181732178 BPR_loss 0.4703723192214966 reg_loss 0.11264671385288239
epoch: 24 s: 768000 batch_loss 0.579822301864624 BPR_loss 0.46953821182250977 reg_loss 0.11028406769037247
+-------+-------------------+--------------------+--------------------+------------------------------------+------------------------------------+------------------------------------+------------------------------------+
| Epoch |  training time(s) |   tesing time(s)   |        Loss        |               recall               |                ndcg                |             precision              |             hit_ratio              |
+-------+-------------------+--------------------+--------------------+------------------------------------+------------------------------------+------------------------------------+------------------------------------+
|   24  | 65.47240781784058 | 107.80887818336487 | 224.31932067871094 | [0.14244146 0.20417407 0.24890188] | [0.12029296 0.13964996 0.15296429] | [0.04494608 0.03240254 0.02648704] | [0.5107174  0.61712104 0.67690401] |
+-------+-------------------+--------------------+--------------------+------------------------------------+------------------------------------+------------------------------------+------------------------------------+
epoch: 25 s: 0 batch_loss 0.5653038024902344 BPR_loss 0.454449862241745 reg_loss 0.11085394024848938
epoch: 25 s: 256000 batch_loss 0.5798825621604919 BPR_loss 0.46898168325424194 reg_loss 0.11090087890625
epoch: 25 s: 512000 batch_loss 0.5682686567306519 BPR_loss 0.45720019936561584 reg_loss 0.11106846481561661
epoch: 25 s: 768000 batch_loss 0.5669044256210327 BPR_loss 0.4551125466823578 reg_loss 0.11179189383983612
+-------+-------------------+--------------------+-------------------+------------------------------------+------------------------------------+------------------------------------+------------------------------------+
| Epoch |  training time(s) |   tesing time(s)   |        Loss       |               recall               |                ndcg                |             precision              |             hit_ratio              |
+-------+-------------------+--------------------+-------------------+------------------------------------+------------------------------------+------------------------------------+------------------------------------+
|   25  | 66.18547439575195 | 105.56470251083374 | 224.0876007080078 | [0.14231369 0.20405488 0.24839326] | [0.12012488 0.13948952 0.15268482] | [0.04487909 0.03240421 0.02644852] | [0.51051644 0.61661866 0.67569831] |
+-------+-------------------+--------------------+-------------------+------------------------------------+------------------------------------+------------------------------------+------------------------------------+
epoch: 26 s: 0 batch_loss 0.5629284977912903 BPR_loss 0.45031431317329407 reg_loss 0.112614206969738
epoch: 26 s: 256000 batch_loss 0.5702103972434998 BPR_loss 0.45729684829711914 reg_loss 0.11291354894638062
epoch: 26 s: 512000 batch_loss 0.5652523636817932 BPR_loss 0.45300012826919556 reg_loss 0.11225221306085587
epoch: 26 s: 768000 batch_loss 0.5657824873924255 BPR_loss 0.4539817273616791 reg_loss 0.11180075258016586
+-------+-------------------+--------------------+-------------------+------------------------------------+------------------------------------+------------------------------------+------------------------------------+
| Epoch |  training time(s) |   tesing time(s)   |        Loss       |               recall               |                ndcg                |             precision              |             hit_ratio              |
+-------+-------------------+--------------------+-------------------+------------------------------------+------------------------------------+------------------------------------+------------------------------------+
|   26  | 64.21981692314148 | 104.14757442474365 | 224.0911407470703 | [0.14327171 0.20426053 0.24895284] | [0.12067586 0.13982663 0.15308736] | [0.04508339 0.03243603 0.02646918] | [0.51245897 0.61671914 0.67687052] |
+-------+-------------------+--------------------+-------------------+------------------------------------+------------------------------------+------------------------------------+------------------------------------+
epoch: 27 s: 0 batch_loss 0.572898268699646 BPR_loss 0.4608268737792969 reg_loss 0.11207136511802673
epoch: 27 s: 256000 batch_loss 0.5658205151557922 BPR_loss 0.45203450322151184 reg_loss 0.1137859895825386
epoch: 27 s: 512000 batch_loss 0.5605245232582092 BPR_loss 0.4477022886276245 reg_loss 0.11282222718000412
epoch: 27 s: 768000 batch_loss 0.5755184292793274 BPR_loss 0.4625086784362793 reg_loss 0.1130097359418869
+-------+------------------+-------------------+-------------------+------------------------------------+------------------------------------+------------------------------------+------------------------------------+
| Epoch | training time(s) |   tesing time(s)  |        Loss       |               recall               |                ndcg                |             precision              |             hit_ratio              |
+-------+------------------+-------------------+-------------------+------------------------------------+------------------------------------+------------------------------------+------------------------------------+
|   27  | 64.4349524974823 | 111.2244987487793 | 223.8134307861328 | [0.14279382 0.20429154 0.24929073] | [0.12052875 0.13979601 0.15318658] | [0.04506163 0.03242849 0.02652221] | [0.5115212  0.61658517 0.67747337] |
+-------+------------------+-------------------+-------------------+------------------------------------+------------------------------------+------------------------------------+------------------------------------+
epoch: 28 s: 0 batch_loss 0.5769835710525513 BPR_loss 0.4651361107826233 reg_loss 0.11184746772050858
epoch: 28 s: 256000 batch_loss 0.5717044472694397 BPR_loss 0.45855581760406494 reg_loss 0.11314863711595535
epoch: 28 s: 512000 batch_loss 0.5559831857681274 BPR_loss 0.44206374883651733 reg_loss 0.11391943693161011
epoch: 28 s: 768000 batch_loss 0.5591087341308594 BPR_loss 0.44468560814857483 reg_loss 0.11442314833402634
+-------+-------------------+--------------------+--------------------+------------------------------------+------------------------------------+------------------------------------+------------------------------------+
| Epoch |  training time(s) |   tesing time(s)   |        Loss        |               recall               |                ndcg                |             precision              |             hit_ratio              |
+-------+-------------------+--------------------+--------------------+------------------------------------+------------------------------------+------------------------------------+------------------------------------+
|   28  | 65.58289980888367 | 113.30628228187561 | 223.70045471191406 | [0.14375118 0.20502865 0.24964061] | [0.12106624 0.14026121 0.15351074] | [0.04534128 0.03257753 0.0265663 ] | [0.5144015  0.61799183 0.67787528] |
+-------+-------------------+--------------------+--------------------+------------------------------------+------------------------------------+------------------------------------+------------------------------------+
epoch: 29 s: 0 batch_loss 0.5669161677360535 BPR_loss 0.45443978905677795 reg_loss 0.11247635632753372
epoch: 29 s: 256000 batch_loss 0.5760190486907959 BPR_loss 0.4616924822330475 reg_loss 0.1143265888094902
epoch: 29 s: 512000 batch_loss 0.576761782169342 BPR_loss 0.46326738595962524 reg_loss 0.11349441856145859
epoch: 29 s: 768000 batch_loss 0.560134768486023 BPR_loss 0.44545215368270874 reg_loss 0.11468260735273361
+-------+-------------------+--------------------+--------------------+------------------------------------+------------------------------------+------------------------------------+------------------------------------+
| Epoch |  training time(s) |   tesing time(s)   |        Loss        |               recall               |                ndcg                |             precision              |             hit_ratio              |
+-------+-------------------+--------------------+--------------------+------------------------------------+------------------------------------+------------------------------------+------------------------------------+
|   29  | 66.91285562515259 | 110.37999701499939 | 223.65664672851562 | [0.14330037 0.20520939 0.24947398] | [0.12092118 0.14027872 0.15346139] | [0.04528602 0.0325767  0.02656463] | [0.51312881 0.61792484 0.67680354] |
+-------+-------------------+--------------------+--------------------+------------------------------------+------------------------------------+------------------------------------+------------------------------------+
epoch: 30 s: 0 batch_loss 0.5607383251190186 BPR_loss 0.4472067952156067 reg_loss 0.11353150755167007
epoch: 30 s: 256000 batch_loss 0.5676342844963074 BPR_loss 0.453102707862854 reg_loss 0.11453159153461456
epoch: 30 s: 512000 batch_loss 0.5683068037033081 BPR_loss 0.45545971393585205 reg_loss 0.11284707486629486
epoch: 30 s: 768000 batch_loss 0.5599534511566162 BPR_loss 0.4429914951324463 reg_loss 0.11696197837591171
+-------+-------------------+--------------------+-------------------+------------------------------------+------------------------------------+------------------------------------+------------------------------------+
| Epoch |  training time(s) |   tesing time(s)   |        Loss       |               recall               |                ndcg                |             precision              |             hit_ratio              |
+-------+-------------------+--------------------+-------------------+------------------------------------+------------------------------------+------------------------------------+------------------------------------+
|   30  | 66.58467173576355 | 100.73516631126404 | 223.5292205810547 | [0.14335549 0.20495393 0.24945913] | [0.12108486 0.14037092 0.15362333] | [0.0451688  0.03249213 0.02652053] | [0.51319579 0.61755643 0.67687052] |
+-------+-------------------+--------------------+-------------------+------------------------------------+------------------------------------+------------------------------------+------------------------------------+
epoch: 31 s: 0 batch_loss 0.5635973811149597 BPR_loss 0.44833505153656006 reg_loss 0.11526233702898026
epoch: 31 s: 256000 batch_loss 0.5566299557685852 BPR_loss 0.44333863258361816 reg_loss 0.11329130083322525
epoch: 31 s: 512000 batch_loss 0.5788203477859497 BPR_loss 0.4642704725265503 reg_loss 0.1145498976111412
epoch: 31 s: 768000 batch_loss 0.5662731528282166 BPR_loss 0.4523376524448395 reg_loss 0.11393548548221588
+-------+-------------------+--------------------+-------------------+------------------------------------+------------------------------------+------------------------------------+------------------------------------+
| Epoch |  training time(s) |   tesing time(s)   |        Loss       |               recall               |                ndcg                |             precision              |             hit_ratio              |
+-------+-------------------+--------------------+-------------------+------------------------------------+------------------------------------+------------------------------------+------------------------------------+
|   31  | 68.41768908500671 | 104.43214273452759 | 223.5847625732422 | [0.14363017 0.20524759 0.24979216] | [0.12119535 0.14050732 0.15373693] | [0.04527597 0.03257335 0.02655402] | [0.51326278 0.61825976 0.67760734] |
+-------+-------------------+--------------------+-------------------+------------------------------------+------------------------------------+------------------------------------+------------------------------------+
epoch: 32 s: 0 batch_loss 0.5807821750640869 BPR_loss 0.4662964344024658 reg_loss 0.11448575556278229
epoch: 32 s: 256000 batch_loss 0.5647258758544922 BPR_loss 0.44952109456062317 reg_loss 0.1152048110961914
epoch: 32 s: 512000 batch_loss 0.567898690700531 BPR_loss 0.4544580280780792 reg_loss 0.11344064772129059
epoch: 32 s: 768000 batch_loss 0.5677428245544434 BPR_loss 0.4531555771827698 reg_loss 0.11458723992109299
+-------+-------------------+--------------------+-------------------+------------------------------------+------------------------------------+------------------------------------+------------------------------------+
| Epoch |  training time(s) |   tesing time(s)   |        Loss       |               recall               |                ndcg                |             precision              |             hit_ratio              |
+-------+-------------------+--------------------+-------------------+------------------------------------+------------------------------------+------------------------------------+------------------------------------+
|   32  | 69.02326774597168 | 104.02506947517395 | 223.2057647705078 | [0.14368582 0.20554541 0.24912975] | [0.12137648 0.14073829 0.15371885] | [0.04530109 0.0325926  0.02650825] | [0.51426753 0.61802532 0.67660259] |
+-------+-------------------+--------------------+-------------------+------------------------------------+------------------------------------+------------------------------------+------------------------------------+
epoch: 33 s: 0 batch_loss 0.5628621578216553 BPR_loss 0.4465399980545044 reg_loss 0.11632212996482849
epoch: 33 s: 256000 batch_loss 0.5524871349334717 BPR_loss 0.43737974762916565 reg_loss 0.11510736495256424
epoch: 33 s: 512000 batch_loss 0.5585042238235474 BPR_loss 0.4441298246383667 reg_loss 0.11437441408634186
epoch: 33 s: 768000 batch_loss 0.5714772343635559 BPR_loss 0.4561300277709961 reg_loss 0.11534721404314041
+-------+-------------------+--------------------+--------------------+------------------------------------+------------------------------------+------------------------------------+------------------------------------+
| Epoch |  training time(s) |   tesing time(s)   |        Loss        |               recall               |                ndcg                |             precision              |             hit_ratio              |
+-------+-------------------+--------------------+--------------------+------------------------------------+------------------------------------+------------------------------------+------------------------------------+
|   33  | 67.53838276863098 | 108.03220200538635 | 223.01683044433594 | [0.1436819  0.20559739 0.24968556] | [0.12137645 0.14074292 0.15385005] | [0.04533793 0.03264954 0.02658751] | [0.51483689 0.61789135 0.67750687] |
+-------+-------------------+--------------------+--------------------+------------------------------------+------------------------------------+------------------------------------+------------------------------------+
epoch: 34 s: 0 batch_loss 0.5573189854621887 BPR_loss 0.4434070289134979 reg_loss 0.1139119490981102
epoch: 34 s: 256000 batch_loss 0.5570712685585022 BPR_loss 0.4431917071342468 reg_loss 0.11387954652309418
epoch: 34 s: 512000 batch_loss 0.5657591223716736 BPR_loss 0.4499332010746002 reg_loss 0.11582589894533157
epoch: 34 s: 768000 batch_loss 0.5601943135261536 BPR_loss 0.444180428981781 reg_loss 0.11601389944553375
+-------+-------------------+--------------------+--------------------+------------------------------------+------------------------------------+------------------------------------+------------------------------------+
| Epoch |  training time(s) |   tesing time(s)   |        Loss        |               recall               |                ndcg                |             precision              |             hit_ratio              |
+-------+-------------------+--------------------+--------------------+------------------------------------+------------------------------------+------------------------------------+------------------------------------+
|   34  | 67.34279370307922 | 111.11290764808655 | 223.00994873046875 | [0.14352427 0.20504765 0.24895822] | [0.12116934 0.14045798 0.15355656] | [0.04516545 0.03252478 0.02651104] | [0.51349722 0.61782437 0.67794226] |
+-------+-------------------+--------------------+--------------------+------------------------------------+------------------------------------+------------------------------------+------------------------------------+
epoch: 35 s: 0 batch_loss 0.5673968195915222 BPR_loss 0.45251795649528503 reg_loss 0.11487885564565659
epoch: 35 s: 256000 batch_loss 0.5547321438789368 BPR_loss 0.43785929679870605 reg_loss 0.11687283217906952
epoch: 35 s: 512000 batch_loss 0.5740499496459961 BPR_loss 0.45770949125289917 reg_loss 0.11634044349193573
epoch: 35 s: 768000 batch_loss 0.5629557967185974 BPR_loss 0.4477470815181732 reg_loss 0.11520873755216599
+-------+-------------------+-------------------+--------------------+------------------------------------+------------------------------------+------------------------------------+------------------------------------+
| Epoch |  training time(s) |   tesing time(s)  |        Loss        |               recall               |                ndcg                |             precision              |             hit_ratio              |
+-------+-------------------+-------------------+--------------------+------------------------------------+------------------------------------+------------------------------------+------------------------------------+
|   35  | 68.98376441001892 | 99.61716079711914 | 222.93402099609375 | [0.14311347 0.20547534 0.24952863] | [0.12123152 0.14081777 0.15393499] | [0.04503651 0.03256246 0.02653058] | [0.51302833 0.61859468 0.67730591] |
+-------+-------------------+-------------------+--------------------+------------------------------------+------------------------------------+------------------------------------+------------------------------------+
epoch: 36 s: 0 batch_loss 0.5590603351593018 BPR_loss 0.4428136944770813 reg_loss 0.11624661833047867
epoch: 36 s: 256000 batch_loss 0.563205361366272 BPR_loss 0.4463161826133728 reg_loss 0.11688918620347977
epoch: 36 s: 512000 batch_loss 0.5525381565093994 BPR_loss 0.4363422989845276 reg_loss 0.11619585007429123
epoch: 36 s: 768000 batch_loss 0.5634283423423767 BPR_loss 0.448403537273407 reg_loss 0.11502481251955032
+-------+-------------------+-------------------+--------------------+------------------------------------+------------------------------------+------------------------------------+------------------------------------+
| Epoch |  training time(s) |   tesing time(s)  |        Loss        |               recall               |                ndcg                |             precision              |             hit_ratio              |
+-------+-------------------+-------------------+--------------------+------------------------------------+------------------------------------+------------------------------------+------------------------------------+
|   36  | 68.40495586395264 | 96.67838597297668 | 222.80270385742188 | [0.1432745  0.20565424 0.24937273] | [0.12100341 0.14058749 0.15360982] | [0.04511019 0.03261772 0.02654174] | [0.51306183 0.61882912 0.67794226] |
+-------+-------------------+-------------------+--------------------+------------------------------------+------------------------------------+------------------------------------+------------------------------------+
epoch: 37 s: 0 batch_loss 0.5645785331726074 BPR_loss 0.4478391408920288 reg_loss 0.11673938482999802
epoch: 37 s: 256000 batch_loss 0.5648506283760071 BPR_loss 0.44752153754234314 reg_loss 0.11732908338308334
epoch: 37 s: 512000 batch_loss 0.5711187124252319 BPR_loss 0.45427972078323364 reg_loss 0.11683900654315948
epoch: 37 s: 768000 batch_loss 0.5538530349731445 BPR_loss 0.4374616742134094 reg_loss 0.1163913831114769
+-------+-------------------+--------------------+--------------------+------------------------------------+------------------------------------+------------------------------------+------------------------------------+
| Epoch |  training time(s) |   tesing time(s)   |        Loss        |               recall               |                ndcg                |             precision              |             hit_ratio              |
+-------+-------------------+--------------------+--------------------+------------------------------------+------------------------------------+------------------------------------+------------------------------------+
|   37  | 68.57379412651062 | 100.74060225486755 | 222.68948364257812 | [0.14375013 0.20552481 0.24938375] | [0.12147175 0.14083379 0.15388118] | [0.04526425 0.03260768 0.02653449] | [0.51322929 0.61802532 0.67747337] |
+-------+-------------------+--------------------+--------------------+------------------------------------+------------------------------------+------------------------------------+------------------------------------+
epoch: 38 s: 0 batch_loss 0.5634894967079163 BPR_loss 0.4465670585632324 reg_loss 0.11692241579294205
epoch: 38 s: 256000 batch_loss 0.5743935108184814 BPR_loss 0.4576793313026428 reg_loss 0.11671420931816101
epoch: 38 s: 512000 batch_loss 0.5641801953315735 BPR_loss 0.44834214448928833 reg_loss 0.11583806574344635
epoch: 38 s: 768000 batch_loss 0.5628907680511475 BPR_loss 0.4468287229537964 reg_loss 0.11606201529502869
+-------+-------------------+--------------------+-------------+------------------------------------+------------------------------------+------------------------------------+------------------------------------+
| Epoch |  training time(s) |   tesing time(s)   |     Loss    |               recall               |                ndcg                |             precision              |             hit_ratio              |
+-------+-------------------+--------------------+-------------+------------------------------------+------------------------------------+------------------------------------+------------------------------------+
|   38  | 68.91977429389954 | 100.80813956260681 | 222.6328125 | [0.14371872 0.20549642 0.24962463] | [0.12145952 0.14083627 0.15398917] | [0.0452609  0.03260768 0.02658137] | [0.51366468 0.61832675 0.67733941] |
+-------+-------------------+--------------------+-------------+------------------------------------+------------------------------------+------------------------------------+------------------------------------+
Early stopping is trigger at step: 10 log:0.14371871622697782
early stopping at 38, recall@20:0.1438
