Namespace(K=1, Ks='[20, 40, 60]', batch_size=2048, batch_test_flag=True, context_hops=3, cuda=True, data_path='data/', dataset='gowalla', dim=64, edge_dropout=False, edge_dropout_rate=0.1, epoch=1000, eps=0.01, gnn='lightgcn', gpu_id=3, l2=0.001, lr=0.0091, mess_dropout=False, mess_dropout_rate=0.1, n_negs=16, ns='mixgcf', out_dir='./weights/yelp2018/', pool='mean', save=False, test_batch_size=2048, test_flag='part')
reading train and test user-item set ...
building the adj mat ...
loading over ...
卷积器不需要第0层embedding
拿这个最难的neg_item去和pos_item在每一个维度上自适应权重......
start training ...
epoch: 0 s: 0 batch_loss 0.6931489706039429 BPR_loss 0.6931487321853638 reg_loss 2.4288399913530156e-07
epoch: 0 s: 256000 batch_loss 0.5665283203125 BPR_loss 0.5518321990966797 reg_loss 0.01469613891094923
epoch: 0 s: 512000 batch_loss 0.5065310001373291 BPR_loss 0.4814257025718689 reg_loss 0.02510531060397625
epoch: 0 s: 768000 batch_loss 0.47288843989372253 BPR_loss 0.44226694107055664 reg_loss 0.03062150441110134
+-------+--------------------+-------------------+--------------------+------------------------------------+------------------------------------+------------------------------------+------------------------------------+
| Epoch |  training time(s)  |   tesing time(s)  |        Loss        |               recall               |                ndcg                |             precision              |             hit_ratio              |
+-------+--------------------+-------------------+--------------------+------------------------------------+------------------------------------+------------------------------------+------------------------------------+
|   0   | 41.932252645492554 | 43.58159279823303 | 216.04344177246094 | [0.13176043 0.19020854 0.23209765] | [0.11037928 0.12870267 0.14116143] | [0.0421964  0.03054876 0.02495702] | [0.48301963 0.59149977 0.65148369] |
+-------+--------------------+-------------------+--------------------+------------------------------------+------------------------------------+------------------------------------+------------------------------------+
epoch: 1 s: 0 batch_loss 0.49065685272216797 BPR_loss 0.4589836597442627 reg_loss 0.031673185527324677
epoch: 1 s: 256000 batch_loss 0.4433332085609436 BPR_loss 0.4050549864768982 reg_loss 0.03827822208404541
epoch: 1 s: 512000 batch_loss 0.43070539832115173 BPR_loss 0.3893139958381653 reg_loss 0.041391413658857346
epoch: 1 s: 768000 batch_loss 0.41089364886283875 BPR_loss 0.36397814750671387 reg_loss 0.046915505081415176
+-------+-------------------+-------------------+-------------------+------------------------------------+------------------------------------+------------------------------------+------------------------------------+
| Epoch |  training time(s) |   tesing time(s)  |        Loss       |               recall               |                ndcg                |             precision              |             hit_ratio              |
+-------+-------------------+-------------------+-------------------+------------------------------------+------------------------------------+------------------------------------+------------------------------------+
|   1   | 47.20781683921814 | 60.26095414161682 | 177.7953643798828 | [0.14019909 0.20099549 0.24428566] | [0.11748086 0.13652234 0.14941352] | [0.04465135 0.03214381 0.02619343] | [0.50418648 0.60938442 0.66776073] |
+-------+-------------------+-------------------+-------------------+------------------------------------+------------------------------------+------------------------------------+------------------------------------+
epoch: 2 s: 0 batch_loss 0.4261747896671295 BPR_loss 0.3797585964202881 reg_loss 0.046416204422712326
epoch: 2 s: 256000 batch_loss 0.4322687089443207 BPR_loss 0.3825567662715912 reg_loss 0.04971194267272949
epoch: 2 s: 512000 batch_loss 0.3977614641189575 BPR_loss 0.34365835785865784 reg_loss 0.05410310998558998
epoch: 2 s: 768000 batch_loss 0.3887574374675751 BPR_loss 0.33142948150634766 reg_loss 0.057327963411808014
+-------+-------------------+--------------------+--------------------+------------------------------------+------------------------------------+------------------------------------+------------------------------------+
| Epoch |  training time(s) |   tesing time(s)   |        Loss        |               recall               |                ndcg                |             precision              |             hit_ratio              |
+-------+-------------------+--------------------+--------------------+------------------------------------+------------------------------------+------------------------------------+------------------------------------+
|   2   | 49.21812343597412 | 55.749635219573975 | 161.17164611816406 | [0.14705651 0.20936216 0.25432145] | [0.12309332 0.14256546 0.1559671 ] | [0.0467044  0.03342906 0.02724061] | [0.51952576 0.62448925 0.68266461] |
+-------+-------------------+--------------------+--------------------+------------------------------------+------------------------------------+------------------------------------+------------------------------------+
epoch: 3 s: 0 batch_loss 0.38493281602859497 BPR_loss 0.32618317008018494 reg_loss 0.05874965712428093
epoch: 3 s: 256000 batch_loss 0.38554391264915466 BPR_loss 0.32551896572113037 reg_loss 0.060024943202733994
epoch: 3 s: 512000 batch_loss 0.36933633685112 BPR_loss 0.3064436912536621 reg_loss 0.06289264559745789
epoch: 3 s: 768000 batch_loss 0.37058478593826294 BPR_loss 0.30584752559661865 reg_loss 0.06473726034164429
+-------+-------------------+--------------------+--------------------+------------------------------------+------------------------------------+------------------------------------+------------------------------------+
| Epoch |  training time(s) |   tesing time(s)   |        Loss        |               recall               |                ndcg                |             precision              |             hit_ratio              |
+-------+-------------------+--------------------+--------------------+------------------------------------+------------------------------------+------------------------------------+------------------------------------+
|   3   | 48.87519311904907 | 57.110952377319336 | 149.96961975097656 | [0.15199649 0.21609776 0.26173776] | [0.12748999 0.14749445 0.16114574] | [0.04815795 0.03446647 0.02806562] | [0.53178378 0.63400094 0.69127202] |
+-------+-------------------+--------------------+--------------------+------------------------------------+------------------------------------+------------------------------------+------------------------------------+
epoch: 4 s: 0 batch_loss 0.35944706201553345 BPR_loss 0.2956337630748749 reg_loss 0.06381330639123917
epoch: 4 s: 256000 batch_loss 0.3555467128753662 BPR_loss 0.28880342841148376 reg_loss 0.06674327701330185
epoch: 4 s: 512000 batch_loss 0.35976555943489075 BPR_loss 0.2916055917739868 reg_loss 0.06815996766090393
epoch: 4 s: 768000 batch_loss 0.35624635219573975 BPR_loss 0.28608956933021545 reg_loss 0.0701567754149437
+-------+-------------------+-------------------+--------------------+------------------------------------+------------------------------------+------------------------------------+------------------------------------+
| Epoch |  training time(s) |   tesing time(s)  |        Loss        |               recall               |                ndcg                |             precision              |             hit_ratio              |
+-------+-------------------+-------------------+--------------------+------------------------------------+------------------------------------+------------------------------------+------------------------------------+
|   4   | 49.58864951133728 | 54.96941661834717 | 141.75096130371094 | [0.1558372  0.22048085 0.26692794] | [0.13098129 0.15114617 0.165007  ] | [0.04925648 0.0351405  0.02856242] | [0.54149642 0.64056534 0.69994641] |
+-------+-------------------+-------------------+--------------------+------------------------------------+------------------------------------+------------------------------------+------------------------------------+
epoch: 5 s: 0 batch_loss 0.34333106875419617 BPR_loss 0.27310699224472046 reg_loss 0.0702240839600563
epoch: 5 s: 256000 batch_loss 0.3517017364501953 BPR_loss 0.27840447425842285 reg_loss 0.07329726219177246
epoch: 5 s: 512000 batch_loss 0.3445698618888855 BPR_loss 0.26970842480659485 reg_loss 0.07486145198345184
epoch: 5 s: 768000 batch_loss 0.33326971530914307 BPR_loss 0.25533726811408997 reg_loss 0.0779324397444725
+-------+-------------------+--------------------+--------------------+------------------------------------+------------------------------------+------------------------------------+------------------------------------+
| Epoch |  training time(s) |   tesing time(s)   |        Loss        |               recall               |                ndcg                |             precision              |             hit_ratio              |
+-------+-------------------+--------------------+--------------------+------------------------------------+------------------------------------+------------------------------------+------------------------------------+
|   5   | 50.22797656059265 | 46.433613538742065 | 135.60171508789062 | [0.15674842 0.22346812 0.27070238] | [0.13213113 0.1530216  0.16705757] | [0.04964834 0.03561525 0.02890571] | [0.54173086 0.64468484 0.70466877] |
+-------+-------------------+--------------------+--------------------+------------------------------------+------------------------------------+------------------------------------+------------------------------------+
epoch: 6 s: 0 batch_loss 0.32680678367614746 BPR_loss 0.24882811307907104 reg_loss 0.07797866314649582
epoch: 6 s: 256000 batch_loss 0.3067377507686615 BPR_loss 0.22883756458759308 reg_loss 0.07790019363164902
epoch: 6 s: 512000 batch_loss 0.3348221182823181 BPR_loss 0.2552354335784912 reg_loss 0.0795866921544075
epoch: 6 s: 768000 batch_loss 0.33766335248947144 BPR_loss 0.2558346092700958 reg_loss 0.08182873576879501
+-------+-------------------+-------------------+--------------------+------------------------------------+------------------------------------+------------------------------------+------------------------------------+
| Epoch |  training time(s) |   tesing time(s)  |        Loss        |               recall               |                ndcg                |             precision              |             hit_ratio              |
+-------+-------------------+-------------------+--------------------+------------------------------------+------------------------------------+------------------------------------+------------------------------------+
|   6   | 48.93406367301941 | 44.15534996986389 | 130.26914978027344 | [0.16016856 0.22639643 0.27405298] | [0.1347904  0.15550709 0.1696797 ] | [0.05055931 0.03605566 0.02926965] | [0.54909907 0.64947418 0.70892223] |
+-------+-------------------+-------------------+--------------------+------------------------------------+------------------------------------+------------------------------------+------------------------------------+
epoch: 7 s: 0 batch_loss 0.34077781438827515 BPR_loss 0.26051175594329834 reg_loss 0.08026604354381561
epoch: 7 s: 256000 batch_loss 0.3233606219291687 BPR_loss 0.24061709642410278 reg_loss 0.08274351805448532
epoch: 7 s: 512000 batch_loss 0.32349449396133423 BPR_loss 0.23869401216506958 reg_loss 0.08480049669742584
epoch: 7 s: 768000 batch_loss 0.3162342607975006 BPR_loss 0.2327842265367508 reg_loss 0.08345003426074982
+-------+-------------------+-------------------+--------------------+------------------------------------+------------------------------------+------------------------------------+------------------------------------+
| Epoch |  training time(s) |   tesing time(s)  |        Loss        |               recall               |                ndcg                |             precision              |             hit_ratio              |
+-------+-------------------+-------------------+--------------------+------------------------------------+------------------------------------+------------------------------------+------------------------------------+
|   7   | 50.06304383277893 | 45.59419131278992 | 126.41070556640625 | [0.16181567 0.22870799 0.2764333 ] | [0.13610092 0.15703319 0.17121485] | [0.05096791 0.03630936 0.02943321] | [0.55191239 0.6534932  0.71116619] |
+-------+-------------------+-------------------+--------------------+------------------------------------+------------------------------------+------------------------------------+------------------------------------+
epoch: 8 s: 0 batch_loss 0.32560232281684875 BPR_loss 0.2420949935913086 reg_loss 0.08350732922554016
epoch: 8 s: 256000 batch_loss 0.3156929612159729 BPR_loss 0.2297736406326294 reg_loss 0.0859193205833435
epoch: 8 s: 512000 batch_loss 0.2925649583339691 BPR_loss 0.20560525357723236 reg_loss 0.08695969730615616
epoch: 8 s: 768000 batch_loss 0.2947731018066406 BPR_loss 0.2079402655363083 reg_loss 0.08683282881975174
+-------+--------------------+--------------------+--------------------+------------------------------------+------------------------------------+------------------------------------+------------------------------------+
| Epoch |  training time(s)  |   tesing time(s)   |        Loss        |               recall               |                ndcg                |             precision              |             hit_ratio              |
+-------+--------------------+--------------------+--------------------+------------------------------------+------------------------------------+------------------------------------+------------------------------------+
|   8   | 51.077643156051636 | 42.900917291641235 | 122.82767486572266 | [0.16379418 0.2307845  0.27821173] | [0.1377688  0.15876385 0.17289529] | [0.05150044 0.03667191 0.02966877] | [0.55439078 0.6559716  0.71374506] |
+-------+--------------------+--------------------+--------------------+------------------------------------+------------------------------------+------------------------------------+------------------------------------+
epoch: 9 s: 0 batch_loss 0.30955323576927185 BPR_loss 0.22330787777900696 reg_loss 0.08624536544084549
epoch: 9 s: 256000 batch_loss 0.3050159513950348 BPR_loss 0.21705284714698792 reg_loss 0.08796311169862747
epoch: 9 s: 512000 batch_loss 0.30239439010620117 BPR_loss 0.21502593159675598 reg_loss 0.08736847341060638
epoch: 9 s: 768000 batch_loss 0.2924134135246277 BPR_loss 0.2006017565727234 reg_loss 0.09181167185306549
+-------+--------------------+-------------------+--------------------+------------------------------------+------------------------------------+------------------------------------+------------------------------------+
| Epoch |  training time(s)  |   tesing time(s)  |        Loss        |               recall               |                ndcg                |             precision              |             hit_ratio              |
+-------+--------------------+-------------------+--------------------+------------------------------------+------------------------------------+------------------------------------+------------------------------------+
|   9   | 49.137030363082886 | 45.83945083618164 | 119.92369842529297 | [0.1650166  0.23290468 0.28047976] | [0.13886397 0.16006162 0.17425366] | [0.05186717 0.0369164  0.02986525] | [0.55673521 0.65972269 0.71572108] |
+-------+--------------------+-------------------+--------------------+------------------------------------+------------------------------------+------------------------------------+------------------------------------+
epoch: 10 s: 0 batch_loss 0.3074796199798584 BPR_loss 0.21773141622543335 reg_loss 0.08974821120500565
epoch: 10 s: 256000 batch_loss 0.28511279821395874 BPR_loss 0.19459903240203857 reg_loss 0.09051375836133957
epoch: 10 s: 512000 batch_loss 0.2958254814147949 BPR_loss 0.20236234366893768 reg_loss 0.09346312284469604
epoch: 10 s: 768000 batch_loss 0.288254052400589 BPR_loss 0.19629418849945068 reg_loss 0.0919598713517189
+-------+-------------------+--------------------+--------------------+------------------------------------+------------------------------------+------------------------------------+------------------------------------+
| Epoch |  training time(s) |   tesing time(s)   |        Loss        |               recall               |                ndcg                |             precision              |             hit_ratio              |
+-------+-------------------+--------------------+--------------------+------------------------------------+------------------------------------+------------------------------------+------------------------------------+
|   10  | 50.28480815887451 | 43.902844190597534 | 116.58611297607422 | [0.1657164  0.23360164 0.28207635] | [0.13924243 0.1604988  0.17495554] | [0.05196932 0.0369725  0.02996573] | [0.55784044 0.66042602 0.71836694] |
+-------+-------------------+--------------------+--------------------+------------------------------------+------------------------------------+------------------------------------+------------------------------------+
epoch: 11 s: 0 batch_loss 0.28214240074157715 BPR_loss 0.18956013023853302 reg_loss 0.09258226305246353
epoch: 11 s: 256000 batch_loss 0.2957916259765625 BPR_loss 0.2022070735692978 reg_loss 0.0935845598578453
epoch: 11 s: 512000 batch_loss 0.2922019958496094 BPR_loss 0.19935756921768188 reg_loss 0.0928444117307663
epoch: 11 s: 768000 batch_loss 0.2809033691883087 BPR_loss 0.18690046668052673 reg_loss 0.09400290250778198
+-------+-------------------+-------------------+--------------------+------------------------------------+------------------------------------+------------------------------------+------------------------------------+
| Epoch |  training time(s) |   tesing time(s)  |        Loss        |               recall               |                ndcg                |             precision              |             hit_ratio              |
+-------+-------------------+-------------------+--------------------+------------------------------------+------------------------------------+------------------------------------+------------------------------------+
|   11  | 50.21443057060242 | 44.45190095901489 | 114.64714050292969 | [0.16759712 0.23520072 0.28436096] | [0.14096562 0.16212685 0.17679851] | [0.05250687 0.0372262  0.03022417] | [0.56159153 0.6621341  0.72081184] |
+-------+-------------------+-------------------+--------------------+------------------------------------+------------------------------------+------------------------------------+------------------------------------+
epoch: 12 s: 0 batch_loss 0.288039892911911 BPR_loss 0.19403409957885742 reg_loss 0.09400580078363419
epoch: 12 s: 256000 batch_loss 0.28589314222335815 BPR_loss 0.18942448496818542 reg_loss 0.09646866470575333
epoch: 12 s: 512000 batch_loss 0.27726972103118896 BPR_loss 0.1820850372314453 reg_loss 0.09518469125032425
epoch: 12 s: 768000 batch_loss 0.2928811013698578 BPR_loss 0.19496920704841614 reg_loss 0.09791188687086105
+-------+-------------------+-------------------+----------------+------------------------------------+------------------------------------+------------------------------------+------------------------------------+
| Epoch |  training time(s) |   tesing time(s)  |      Loss      |               recall               |                ndcg                |             precision              |             hit_ratio              |
+-------+-------------------+-------------------+----------------+------------------------------------+------------------------------------+------------------------------------+------------------------------------+
|   12  | 49.03947353363037 | 46.45155930519104 | 112.4423828125 | [0.16836861 0.2365026  0.28554926] | [0.14190361 0.16317603 0.17781112] | [0.05280662 0.03738948 0.03034195] | [0.56383549 0.66441155 0.72188358] |
+-------+-------------------+-------------------+----------------+------------------------------------+------------------------------------+------------------------------------+------------------------------------+
epoch: 13 s: 0 batch_loss 0.2656678557395935 BPR_loss 0.16972091794013977 reg_loss 0.09594695270061493
epoch: 13 s: 256000 batch_loss 0.27612006664276123 BPR_loss 0.1788693070411682 reg_loss 0.09725076705217361
epoch: 13 s: 512000 batch_loss 0.28017836809158325 BPR_loss 0.184480220079422 reg_loss 0.09569813311100006
epoch: 13 s: 768000 batch_loss 0.2977580726146698 BPR_loss 0.20048405230045319 reg_loss 0.09727401286363602
+-------+--------------------+-------------------+--------------------+------------------------------------+------------------------------------+------------------------------------+------------------------------------+
| Epoch |  training time(s)  |   tesing time(s)  |        Loss        |               recall               |                ndcg                |             precision              |             hit_ratio              |
+-------+--------------------+-------------------+--------------------+------------------------------------+------------------------------------+------------------------------------+------------------------------------+
|   13  | 50.246339559555054 | 45.01161432266235 | 110.56832885742188 | [0.16912092 0.23721712 0.28601604] | [0.14228133 0.16357564 0.17814792] | [0.05296905 0.03750921 0.03038605] | [0.5642039  0.66454552 0.72325675] |
+-------+--------------------+-------------------+--------------------+------------------------------------+------------------------------------+------------------------------------+------------------------------------+
epoch: 14 s: 0 batch_loss 0.26340046525001526 BPR_loss 0.16693173348903656 reg_loss 0.0964687243103981
epoch: 14 s: 256000 batch_loss 0.2719005346298218 BPR_loss 0.17409434914588928 reg_loss 0.0978061780333519
epoch: 14 s: 512000 batch_loss 0.27876999974250793 BPR_loss 0.18077024817466736 reg_loss 0.09799975156784058
epoch: 14 s: 768000 batch_loss 0.2767940163612366 BPR_loss 0.17738422751426697 reg_loss 0.0994097962975502
+-------+--------------------+--------------------+--------------------+------------------------------------+------------------------------------+------------------------------------+------------------------------------+
| Epoch |  training time(s)  |   tesing time(s)   |        Loss        |               recall               |                ndcg                |             precision              |             hit_ratio              |
+-------+--------------------+--------------------+--------------------+------------------------------------+------------------------------------+------------------------------------+------------------------------------+
|   14  | 49.780028343200684 | 47.653687715530396 | 109.08352661132812 | [0.16962815 0.23804013 0.28691579] | [0.14279786 0.16420422 0.17879968] | [0.05312479 0.03763732 0.03048597] | [0.56607944 0.66762677 0.72479737] |
+-------+--------------------+--------------------+--------------------+------------------------------------+------------------------------------+------------------------------------+------------------------------------+
epoch: 15 s: 0 batch_loss 0.26518574357032776 BPR_loss 0.16557444632053375 reg_loss 0.0996113047003746
epoch: 15 s: 256000 batch_loss 0.27299511432647705 BPR_loss 0.17540837824344635 reg_loss 0.0975867435336113
epoch: 15 s: 512000 batch_loss 0.2822752594947815 BPR_loss 0.18129673600196838 reg_loss 0.10097852349281311
epoch: 15 s: 768000 batch_loss 0.26786309480667114 BPR_loss 0.16860553622245789 reg_loss 0.09925754368305206
+-------+-------------------+-------------------+--------------------+------------------------------------+------------------------------------+------------------------------------+------------------------------------+
| Epoch |  training time(s) |   tesing time(s)  |        Loss        |               recall               |                ndcg                |             precision              |             hit_ratio              |
+-------+-------------------+-------------------+--------------------+------------------------------------+------------------------------------+------------------------------------+------------------------------------+
|   15  | 48.97595238685608 | 48.09390377998352 | 107.43977355957031 | [0.16984774 0.23852381 0.28852944] | [0.14318109 0.16468046 0.17960338] | [0.0531834  0.03765574 0.03058979] | [0.56614643 0.66776073 0.7271418 ] |
+-------+-------------------+-------------------+--------------------+------------------------------------+------------------------------------+------------------------------------+------------------------------------+
epoch: 16 s: 0 batch_loss 0.2667103111743927 BPR_loss 0.16567179560661316 reg_loss 0.10103850811719894
epoch: 16 s: 256000 batch_loss 0.2847978472709656 BPR_loss 0.18474850058555603 reg_loss 0.10004933178424835
epoch: 16 s: 512000 batch_loss 0.2766263484954834 BPR_loss 0.1773533970117569 reg_loss 0.0992729663848877
epoch: 16 s: 768000 batch_loss 0.2532162368297577 BPR_loss 0.1496378779411316 reg_loss 0.1035783588886261
+-------+-------------------+-------------------+--------------------+------------------------------------+------------------------------------+------------------------------------+------------------------------------+
| Epoch |  training time(s) |   tesing time(s)  |        Loss        |               recall               |                ndcg                |             precision              |             hit_ratio              |
+-------+-------------------+-------------------+--------------------+------------------------------------+------------------------------------+------------------------------------+------------------------------------+
|   16  | 48.94497537612915 | 49.29733490943909 | 106.15303802490234 | [0.17090543 0.23969713 0.28893672] | [0.14411966 0.16570064 0.18035956] | [0.05341115 0.03787595 0.0306484 ] | [0.56715118 0.66889946 0.72858195] |
+-------+-------------------+-------------------+--------------------+------------------------------------+------------------------------------+------------------------------------+------------------------------------+
epoch: 17 s: 0 batch_loss 0.27119797468185425 BPR_loss 0.1692432165145874 reg_loss 0.10195475816726685
epoch: 17 s: 256000 batch_loss 0.2724608778953552 BPR_loss 0.1713414192199707 reg_loss 0.10111944377422333
epoch: 17 s: 512000 batch_loss 0.27541396021842957 BPR_loss 0.17402946949005127 reg_loss 0.1013844832777977
epoch: 17 s: 768000 batch_loss 0.2743208408355713 BPR_loss 0.1727493405342102 reg_loss 0.10157151520252228
+-------+-------------------+-------------------+--------------------+------------------------------------+------------------------------------+------------------------------------+------------------------------------+
| Epoch |  training time(s) |   tesing time(s)  |        Loss        |               recall               |                ndcg                |             precision              |             hit_ratio              |
+-------+-------------------+-------------------+--------------------+------------------------------------+------------------------------------+------------------------------------+------------------------------------+
|   17  | 48.14849090576172 | 51.33175778388977 | 105.11387634277344 | [0.17182688 0.23998632 0.28907618] | [0.14466745 0.16601717 0.18066495] | [0.05365229 0.03787427 0.03063891] | [0.56875879 0.66977025 0.72848148] |
+-------+-------------------+-------------------+--------------------+------------------------------------+------------------------------------+------------------------------------+------------------------------------+
epoch: 18 s: 0 batch_loss 0.2634052634239197 BPR_loss 0.16101235151290894 reg_loss 0.10239291936159134
epoch: 18 s: 256000 batch_loss 0.26093214750289917 BPR_loss 0.1587211936712265 reg_loss 0.10221093893051147
epoch: 18 s: 512000 batch_loss 0.2544025778770447 BPR_loss 0.1510418802499771 reg_loss 0.10336071252822876
epoch: 18 s: 768000 batch_loss 0.2654855251312256 BPR_loss 0.16120193898677826 reg_loss 0.10428357124328613
+-------+--------------------+--------------------+--------------------+------------------------------------+------------------------------------+------------------------------------+------------------------------------+
| Epoch |  training time(s)  |   tesing time(s)   |        Loss        |               recall               |                ndcg                |             precision              |             hit_ratio              |
+-------+--------------------+--------------------+--------------------+------------------------------------+------------------------------------+------------------------------------+------------------------------------+
|   18  | 47.173229455947876 | 51.798068046569824 | 103.70565032958984 | [0.17205033 0.24084382 0.28969454] | [0.14462305 0.16616622 0.18078565] | [0.05363387 0.037922   0.03069697] | [0.56946212 0.67094246 0.72844799] |
+-------+--------------------+--------------------+--------------------+------------------------------------+------------------------------------+------------------------------------+------------------------------------+
epoch: 19 s: 0 batch_loss 0.2614173889160156 BPR_loss 0.15740267932415009 reg_loss 0.10401472449302673
epoch: 19 s: 256000 batch_loss 0.25573503971099854 BPR_loss 0.15223297476768494 reg_loss 0.1035020649433136
epoch: 19 s: 512000 batch_loss 0.24963824450969696 BPR_loss 0.1479087769985199 reg_loss 0.10172946751117706
epoch: 19 s: 768000 batch_loss 0.25159817934036255 BPR_loss 0.14862020313739777 reg_loss 0.10297798365354538
+-------+-------------------+-------------------+--------------------+------------------------------------+------------------------------------+------------------------------------+------------------------------------+
| Epoch |  training time(s) |   tesing time(s)  |        Loss        |               recall               |                ndcg                |             precision              |             hit_ratio              |
+-------+-------------------+-------------------+--------------------+------------------------------------+------------------------------------+------------------------------------+------------------------------------+
|   19  | 46.74688172340393 | 52.59502196311951 | 102.54643249511719 | [0.17285806 0.24220426 0.29095435] | [0.14558492 0.16729582 0.18186342] | [0.05397548 0.038205   0.03086052] | [0.57070132 0.67392324 0.73039052] |
+-------+-------------------+-------------------+--------------------+------------------------------------+------------------------------------+------------------------------------+------------------------------------+
epoch: 20 s: 0 batch_loss 0.2660087049007416 BPR_loss 0.1625073403120041 reg_loss 0.10350137203931808
epoch: 20 s: 256000 batch_loss 0.2590554356575012 BPR_loss 0.15625904500484467 reg_loss 0.10279640555381775
epoch: 20 s: 512000 batch_loss 0.25960487127304077 BPR_loss 0.1546931117773056 reg_loss 0.10491176694631577
epoch: 20 s: 768000 batch_loss 0.25532376766204834 BPR_loss 0.15035828948020935 reg_loss 0.1049654632806778
+-------+--------------------+-------------------+--------------------+------------------------------------+------------------------------------+------------------------------------+------------------------------------+
| Epoch |  training time(s)  |   tesing time(s)  |        Loss        |               recall               |                ndcg                |             precision              |             hit_ratio              |
+-------+--------------------+-------------------+--------------------+------------------------------------+------------------------------------+------------------------------------+------------------------------------+
|   20  | 45.651334047317505 | 51.37415051460266 | 101.74429321289062 | [0.173535   0.24236581 0.29191894] | [0.14620579 0.16776931 0.18255476] | [0.05410108 0.038205   0.0309141 ] | [0.57217496 0.67630116 0.73166321] |
+-------+--------------------+-------------------+--------------------+------------------------------------+------------------------------------+------------------------------------+------------------------------------+
epoch: 21 s: 0 batch_loss 0.2502721846103668 BPR_loss 0.14677563309669495 reg_loss 0.10349655896425247
epoch: 21 s: 256000 batch_loss 0.26371151208877563 BPR_loss 0.15947890281677246 reg_loss 0.10423260182142258
epoch: 21 s: 512000 batch_loss 0.2542232573032379 BPR_loss 0.1499452292919159 reg_loss 0.10427802801132202
epoch: 21 s: 768000 batch_loss 0.2540859580039978 BPR_loss 0.1485837996006012 reg_loss 0.10550214350223541
+-------+-------------------+-------------------+--------------------+------------------------------------+------------------------------------+------------------------------------+------------------------------------+
| Epoch |  training time(s) |   tesing time(s)  |        Loss        |               recall               |                ndcg                |             precision              |             hit_ratio              |
+-------+-------------------+-------------------+--------------------+------------------------------------+------------------------------------+------------------------------------+------------------------------------+
|   21  | 45.35875725746155 | 57.82182431221008 | 100.85588836669922 | [0.17305819 0.24117791 0.2912785 ] | [0.14523035 0.16656721 0.18151749] | [0.05390013 0.03799903 0.03080749] | [0.57110322 0.67231563 0.73116083] |
+-------+-------------------+-------------------+--------------------+------------------------------------+------------------------------------+------------------------------------+------------------------------------+
epoch: 22 s: 0 batch_loss 0.2361627072095871 BPR_loss 0.13046158850193024 reg_loss 0.10570111870765686
epoch: 22 s: 256000 batch_loss 0.2497006356716156 BPR_loss 0.1440577208995819 reg_loss 0.10564292222261429
epoch: 22 s: 512000 batch_loss 0.2467144876718521 BPR_loss 0.14129438996315002 reg_loss 0.10542009770870209
epoch: 22 s: 768000 batch_loss 0.25922510027885437 BPR_loss 0.1545477658510208 reg_loss 0.10467734187841415
+-------+-------------------+--------------------+--------------------+------------------------------------+------------------------------------+------------------------------------+------------------------------------+
| Epoch |  training time(s) |   tesing time(s)   |        Loss        |               recall               |                ndcg                |             precision              |             hit_ratio              |
+-------+-------------------+--------------------+--------------------+------------------------------------+------------------------------------+------------------------------------+------------------------------------+
|   22  | 43.85599970817566 | 54.008463859558105 | 100.00105285644531 | [0.17365413 0.24149958 0.29089348] | [0.14549354 0.16678403 0.1815401 ] | [0.05400898 0.03807187 0.03082312] | [0.57287829 0.67318642 0.72982115] |
+-------+-------------------+--------------------+--------------------+------------------------------------+------------------------------------+------------------------------------+------------------------------------+
epoch: 23 s: 0 batch_loss 0.2560913562774658 BPR_loss 0.15236225724220276 reg_loss 0.10372909903526306
epoch: 23 s: 256000 batch_loss 0.24839439988136292 BPR_loss 0.14207850396633148 reg_loss 0.10631589591503143
epoch: 23 s: 512000 batch_loss 0.25111886858940125 BPR_loss 0.14356830716133118 reg_loss 0.10755055397748947
epoch: 23 s: 768000 batch_loss 0.24654719233512878 BPR_loss 0.13948997855186462 reg_loss 0.10705721378326416
+-------+-------------------+-------------------+-------------------+------------------------------------+------------------------------------+------------------------------------+------------------------------------+
| Epoch |  training time(s) |   tesing time(s)  |        Loss       |               recall               |                ndcg                |             precision              |             hit_ratio              |
+-------+-------------------+-------------------+-------------------+------------------------------------+------------------------------------+------------------------------------+------------------------------------+
|   23  | 45.33952188491821 | 57.40679097175598 | 99.38862609863281 | [0.17344767 0.24232244 0.29114354] | [0.14595545 0.16756828 0.18216699] | [0.05396879 0.03814556 0.030822  ] | [0.57311273 0.67402371 0.73025655] |
+-------+-------------------+-------------------+-------------------+------------------------------------+------------------------------------+------------------------------------+------------------------------------+
epoch: 24 s: 0 batch_loss 0.24752262234687805 BPR_loss 0.1408742368221283 reg_loss 0.10664837807416916
epoch: 24 s: 256000 batch_loss 0.24232742190361023 BPR_loss 0.135844424366951 reg_loss 0.10648300498723984
epoch: 24 s: 512000 batch_loss 0.2563042938709259 BPR_loss 0.14999845623970032 reg_loss 0.10630584508180618
epoch: 24 s: 768000 batch_loss 0.2511598467826843 BPR_loss 0.14370480179786682 reg_loss 0.1074550449848175
+-------+--------------------+-------------------+-------------------+------------------------------------+------------------------------------+------------------------------------+------------------------------------+
| Epoch |  training time(s)  |   tesing time(s)  |        Loss       |               recall               |                ndcg                |             precision              |             hit_ratio              |
+-------+--------------------+-------------------+-------------------+------------------------------------+------------------------------------+------------------------------------+------------------------------------+
|   24  | 45.089218854904175 | 53.85923171043396 | 98.51016235351562 | [0.17364319 0.24251504 0.29248862] | [0.14595801 0.16751654 0.18238926] | [0.05411615 0.03819077 0.03089903] | [0.57150512 0.67569831 0.73273495] |
+-------+--------------------+-------------------+-------------------+------------------------------------+------------------------------------+------------------------------------+------------------------------------+
epoch: 25 s: 0 batch_loss 0.24814946949481964 BPR_loss 0.1426391303539276 reg_loss 0.10551033914089203
epoch: 25 s: 256000 batch_loss 0.24788931012153625 BPR_loss 0.1399434506893158 reg_loss 0.10794586688280106
epoch: 25 s: 512000 batch_loss 0.2541397511959076 BPR_loss 0.1485918164253235 reg_loss 0.1055479347705841
epoch: 25 s: 768000 batch_loss 0.2605926990509033 BPR_loss 0.15279877185821533 reg_loss 0.10779394209384918
+-------+-------------------+-------------------+-------------------+------------------------------------+------------------------------------+------------------------------------+------------------------------------+
| Epoch |  training time(s) |   tesing time(s)  |        Loss       |               recall               |                ndcg                |             precision              |             hit_ratio              |
+-------+-------------------+-------------------+-------------------+------------------------------------+------------------------------------+------------------------------------+------------------------------------+
|   25  | 45.32086968421936 | 53.74442005157471 | 98.00096893310547 | [0.17335533 0.24244394 0.29210298] | [0.14574666 0.16739575 0.18218648] | [0.05396209 0.03816816 0.03085828] | [0.57267734 0.67509545 0.73266796] |
+-------+-------------------+-------------------+-------------------+------------------------------------+------------------------------------+------------------------------------+------------------------------------+
epoch: 26 s: 0 batch_loss 0.23800915479660034 BPR_loss 0.1308743953704834 reg_loss 0.10713475942611694
epoch: 26 s: 256000 batch_loss 0.24514853954315186 BPR_loss 0.13746120035648346 reg_loss 0.1076873391866684
epoch: 26 s: 512000 batch_loss 0.244874507188797 BPR_loss 0.13870210945606232 reg_loss 0.10617239773273468
epoch: 26 s: 768000 batch_loss 0.24367910623550415 BPR_loss 0.13623370230197906 reg_loss 0.10744540393352509
+-------+--------------------+-------------------+-------------------+------------------------------------+------------------------------------+------------------------------------+------------------------------------+
| Epoch |  training time(s)  |   tesing time(s)  |        Loss       |               recall               |                ndcg                |             precision              |             hit_ratio              |
+-------+--------------------+-------------------+-------------------+------------------------------------+------------------------------------+------------------------------------+------------------------------------+
|   26  | 45.468735694885254 | 51.67323064804077 | 97.27083587646484 | [0.17381755 0.24311575 0.29245032] | [0.14624698 0.16801441 0.18271739] | [0.05405252 0.0382611  0.0309208 ] | [0.57391654 0.67670306 0.73377319] |
+-------+--------------------+-------------------+-------------------+------------------------------------+------------------------------------+------------------------------------+------------------------------------+
epoch: 27 s: 0 batch_loss 0.24557465314865112 BPR_loss 0.13802680373191833 reg_loss 0.10754784196615219
epoch: 27 s: 256000 batch_loss 0.23311913013458252 BPR_loss 0.1272391378879547 reg_loss 0.10587999224662781
epoch: 27 s: 512000 batch_loss 0.243641197681427 BPR_loss 0.1371918022632599 reg_loss 0.10644938796758652
epoch: 27 s: 768000 batch_loss 0.24908000230789185 BPR_loss 0.14176416397094727 reg_loss 0.10731583833694458
+-------+-------------------+-------------------+-------------------+------------------------------------+------------------------------------+------------------------------------+------------------------------------+
| Epoch |  training time(s) |   tesing time(s)  |        Loss       |               recall               |                ndcg                |             precision              |             hit_ratio              |
+-------+-------------------+-------------------+-------------------+------------------------------------+------------------------------------+------------------------------------+------------------------------------+
|   27  | 46.45327615737915 | 47.22162055969238 | 96.61502838134766 | [0.17422301 0.24279924 0.29233088] | [0.14664752 0.16813602 0.18291834] | [0.05427859 0.03824184 0.03092973] | [0.57311273 0.67469355 0.73240003] |
+-------+-------------------+-------------------+-------------------+------------------------------------+------------------------------------+------------------------------------+------------------------------------+
epoch: 28 s: 0 batch_loss 0.24688637256622314 BPR_loss 0.13917727768421173 reg_loss 0.10770909488201141
epoch: 28 s: 256000 batch_loss 0.2422657310962677 BPR_loss 0.134339839220047 reg_loss 0.1079258918762207
epoch: 28 s: 512000 batch_loss 0.2303714007139206 BPR_loss 0.12165915966033936 reg_loss 0.10871224105358124
epoch: 28 s: 768000 batch_loss 0.23509031534194946 BPR_loss 0.12640228867530823 reg_loss 0.10868803411722183
+-------+--------------------+--------------------+-------------------+------------------------------------+------------------------------------+------------------------------------+------------------------------------+
| Epoch |  training time(s)  |   tesing time(s)   |        Loss       |               recall               |                ndcg                |             precision              |             hit_ratio              |
+-------+--------------------+--------------------+-------------------+------------------------------------+------------------------------------+------------------------------------+------------------------------------+
|   28  | 46.561025619506836 | 47.426424741744995 | 96.04963684082031 | [0.17403966 0.24326161 0.29281794] | [0.14646385 0.16813723 0.18290225] | [0.05422835 0.03828036 0.03095429] | [0.5736821  0.67646862 0.73203162] |
+-------+--------------------+--------------------+-------------------+------------------------------------+------------------------------------+------------------------------------+------------------------------------+
epoch: 29 s: 0 batch_loss 0.24264049530029297 BPR_loss 0.13472187519073486 reg_loss 0.10791861265897751
epoch: 29 s: 256000 batch_loss 0.23269671201705933 BPR_loss 0.12427668273448944 reg_loss 0.10842002928256989
epoch: 29 s: 512000 batch_loss 0.24279358983039856 BPR_loss 0.13450562953948975 reg_loss 0.10828796774148941
epoch: 29 s: 768000 batch_loss 0.2334386706352234 BPR_loss 0.12509170174598694 reg_loss 0.10834696143865585
+-------+-------------------+-------------------+-------------------+------------------------------------+------------------------------------+------------------------------------+------------------------------------+
| Epoch |  training time(s) |   tesing time(s)  |        Loss       |               recall               |                ndcg                |             precision              |             hit_ratio              |
+-------+-------------------+-------------------+-------------------+------------------------------------+------------------------------------+------------------------------------+------------------------------------+
|   29  | 48.32610511779785 | 48.31438064575195 | 95.73159790039062 | [0.17453299 0.24381033 0.29301648] | [0.14687011 0.16857226 0.18324172] | [0.05429031 0.03833562 0.0309409 ] | [0.57525621 0.67700449 0.73340478] |
+-------+-------------------+-------------------+-------------------+------------------------------------+------------------------------------+------------------------------------+------------------------------------+
epoch: 30 s: 0 batch_loss 0.23738831281661987 BPR_loss 0.1282883882522583 reg_loss 0.10909993201494217
epoch: 30 s: 256000 batch_loss 0.23699989914894104 BPR_loss 0.12770862877368927 reg_loss 0.10929127037525177
epoch: 30 s: 512000 batch_loss 0.2440403252840042 BPR_loss 0.13317638635635376 reg_loss 0.11086393892765045
epoch: 30 s: 768000 batch_loss 0.24836742877960205 BPR_loss 0.13825808465480804 reg_loss 0.1101093515753746
+-------+-------------------+-------------------+-------------------+------------------------------------+------------------------------------+------------------------------------+------------------------------------+
| Epoch |  training time(s) |   tesing time(s)  |        Loss       |               recall               |                ndcg                |             precision              |             hit_ratio              |
+-------+-------------------+-------------------+-------------------+------------------------------------+------------------------------------+------------------------------------+------------------------------------+
|   30  | 47.84843826293945 | 47.88706827163696 | 95.00194549560547 | [0.17385741 0.24350245 0.29246736] | [0.14654702 0.16839861 0.18300291] | [0.05399725 0.03819579 0.03083875] | [0.57441892 0.67703798 0.73340478] |
+-------+-------------------+-------------------+-------------------+------------------------------------+------------------------------------+------------------------------------+------------------------------------+
epoch: 31 s: 0 batch_loss 0.23558682203292847 BPR_loss 0.12865033745765686 reg_loss 0.1069364920258522
epoch: 31 s: 256000 batch_loss 0.23844332993030548 BPR_loss 0.13047310709953308 reg_loss 0.1079702228307724
epoch: 31 s: 512000 batch_loss 0.24741774797439575 BPR_loss 0.136881023645401 reg_loss 0.11053673177957535
epoch: 31 s: 768000 batch_loss 0.23886430263519287 BPR_loss 0.1285528838634491 reg_loss 0.11031141877174377
+-------+-------------------+-------------------+------------------+------------------------------------+------------------------------------+------------------------------------+------------------------------------+
| Epoch |  training time(s) |   tesing time(s)  |       Loss       |               recall               |                ndcg                |             precision              |             hit_ratio              |
+-------+-------------------+-------------------+------------------+------------------------------------+------------------------------------+------------------------------------+------------------------------------+
|   31  | 48.05616736412048 | 45.34006142616272 | 94.9871597290039 | [0.17346747 0.24319282 0.29291945] | [0.1462527  0.16810004 0.18292459] | [0.05404749 0.0381824  0.03089736] | [0.57227544 0.67730591 0.73296939] |
+-------+-------------------+-------------------+------------------+------------------------------------+------------------------------------+------------------------------------+------------------------------------+
epoch: 32 s: 0 batch_loss 0.24613218009471893 BPR_loss 0.13677963614463806 reg_loss 0.10935254395008087
epoch: 32 s: 256000 batch_loss 0.23677891492843628 BPR_loss 0.12760277092456818 reg_loss 0.1091761365532875
epoch: 32 s: 512000 batch_loss 0.23833058774471283 BPR_loss 0.1285456269979477 reg_loss 0.10978496074676514
epoch: 32 s: 768000 batch_loss 0.2342425286769867 BPR_loss 0.12614299356937408 reg_loss 0.10809953510761261
+-------+--------------------+-------------------+-------------------+------------------------------------+------------------------------------+------------------------------------+------------------------------------+
| Epoch |  training time(s)  |   tesing time(s)  |        Loss       |               recall               |                ndcg                |             precision              |             hit_ratio              |
+-------+--------------------+-------------------+-------------------+------------------------------------+------------------------------------+------------------------------------+------------------------------------+
|   32  | 48.782325744628906 | 45.79253315925598 | 94.08184051513672 | [0.17379383 0.24288218 0.29241833] | [0.14629876 0.16799828 0.18275049] | [0.05398051 0.03814053 0.03082535] | [0.57395003 0.67713846 0.73226606] |
+-------+--------------------+-------------------+-------------------+------------------------------------+------------------------------------+------------------------------------+------------------------------------+
epoch: 33 s: 0 batch_loss 0.23600679636001587 BPR_loss 0.1261500120162964 reg_loss 0.10985678434371948
epoch: 33 s: 256000 batch_loss 0.22433842718601227 BPR_loss 0.1137344241142273 reg_loss 0.11060400307178497
epoch: 33 s: 512000 batch_loss 0.23337090015411377 BPR_loss 0.12422199547290802 reg_loss 0.10914889723062515
epoch: 33 s: 768000 batch_loss 0.23717327415943146 BPR_loss 0.12717866897583008 reg_loss 0.10999460518360138
+-------+-------------------+-------------------+-------------------+------------------------------------+------------------------------------+------------------------------------+------------------------------------+
| Epoch |  training time(s) |   tesing time(s)  |        Loss       |               recall               |                ndcg                |             precision              |             hit_ratio              |
+-------+-------------------+-------------------+-------------------+------------------------------------+------------------------------------+------------------------------------+------------------------------------+
|   33  | 47.53568506240845 | 48.38051986694336 | 93.72330474853516 | [0.17309013 0.24358726 0.2923678 ] | [0.14610209 0.16820819 0.18275807] | [0.05386329 0.03820752 0.03083037] | [0.57291178 0.67767433 0.73233304] |
+-------+-------------------+-------------------+-------------------+------------------------------------+------------------------------------+------------------------------------+------------------------------------+
epoch: 34 s: 0 batch_loss 0.2318079173564911 BPR_loss 0.1223735362291336 reg_loss 0.10943438112735748
epoch: 34 s: 256000 batch_loss 0.23727911710739136 BPR_loss 0.12669597566127777 reg_loss 0.11058314144611359
epoch: 34 s: 512000 batch_loss 0.23039305210113525 BPR_loss 0.12174199521541595 reg_loss 0.1086510494351387
epoch: 34 s: 768000 batch_loss 0.23520688712596893 BPR_loss 0.12640735507011414 reg_loss 0.1087995320558548
+-------+--------------------+-------------------+----------------+------------------------------------+------------------------------------+------------------------------------+------------------------------------+
| Epoch |  training time(s)  |   tesing time(s)  |      Loss      |               recall               |                ndcg                |             precision              |             hit_ratio              |
+-------+--------------------+-------------------+----------------+------------------------------------+------------------------------------+------------------------------------+------------------------------------+
|   34  | 47.605653285980225 | 49.13818669319153 | 93.37744140625 | [0.1735352  0.24346863 0.29266656] | [0.14583629 0.16777256 0.18242467] | [0.05388841 0.03820752 0.03086275] | [0.57378257 0.67666957 0.73323732] |
+-------+--------------------+-------------------+----------------+------------------------------------+------------------------------------+------------------------------------+------------------------------------+
epoch: 35 s: 0 batch_loss 0.23912405967712402 BPR_loss 0.12938198447227478 reg_loss 0.10974207520484924
epoch: 35 s: 256000 batch_loss 0.2371118664741516 BPR_loss 0.12775489687919617 reg_loss 0.10935696959495544
epoch: 35 s: 512000 batch_loss 0.24373596906661987 BPR_loss 0.1346677839756012 reg_loss 0.10906818509101868
epoch: 35 s: 768000 batch_loss 0.23594984412193298 BPR_loss 0.12681061029434204 reg_loss 0.10913922637701035
+-------+-------------------+-------------------+------------------+------------------------------------+------------------------------------+------------------------------------+------------------------------------+
| Epoch |  training time(s) |   tesing time(s)  |       Loss       |               recall               |                ndcg                |             precision              |             hit_ratio              |
+-------+-------------------+-------------------+------------------+------------------------------------+------------------------------------+------------------------------------+------------------------------------+
|   35  | 47.52332377433777 | 50.31187415122986 | 92.9771499633789 | [0.17375641 0.24377156 0.29257987] | [0.14635194 0.16830232 0.18285268] | [0.05397213 0.03820835 0.03083093] | [0.57508875 0.67747337 0.73296939] |
+-------+-------------------+-------------------+------------------+------------------------------------+------------------------------------+------------------------------------+------------------------------------+
epoch: 36 s: 0 batch_loss 0.23657910525798798 BPR_loss 0.12545238435268402 reg_loss 0.11112672090530396
epoch: 36 s: 256000 batch_loss 0.2327057272195816 BPR_loss 0.12176404148340225 reg_loss 0.11094168573617935
epoch: 36 s: 512000 batch_loss 0.22378617525100708 BPR_loss 0.11397619545459747 reg_loss 0.1098099797964096
epoch: 36 s: 768000 batch_loss 0.22498661279678345 BPR_loss 0.11484644562005997 reg_loss 0.11014016717672348
+-------+-------------------+-------------------+-------------------+------------------------------------+------------------------------------+------------------------------------+------------------------------------+
| Epoch |  training time(s) |   tesing time(s)  |        Loss       |               recall               |                ndcg                |             precision              |             hit_ratio              |
+-------+-------------------+-------------------+-------------------+------------------------------------+------------------------------------+------------------------------------+------------------------------------+
|   36  | 48.53438425064087 | 52.98506832122803 | 92.58190155029297 | [0.17344998 0.244087   0.2924498 ] | [0.14582461 0.16801974 0.18240728] | [0.05383482 0.03824687 0.03077623] | [0.5744859  0.67814321 0.73337129] |
+-------+-------------------+-------------------+-------------------+------------------------------------+------------------------------------+------------------------------------+------------------------------------+
epoch: 37 s: 0 batch_loss 0.2350146770477295 BPR_loss 0.1243971660733223 reg_loss 0.1106175109744072
epoch: 37 s: 256000 batch_loss 0.23428666591644287 BPR_loss 0.12460434436798096 reg_loss 0.10968232899904251
epoch: 37 s: 512000 batch_loss 0.2443351149559021 BPR_loss 0.1327463537454605 reg_loss 0.11158876121044159
epoch: 37 s: 768000 batch_loss 0.22610250115394592 BPR_loss 0.11654621362686157 reg_loss 0.10955628752708435
+-------+-------------------+------------------+-------------------+------------------------------------+------------------------------------+------------------------------------+------------------------------------+
| Epoch |  training time(s) |  tesing time(s)  |        Loss       |               recall               |                ndcg                |             precision              |             hit_ratio              |
+-------+-------------------+------------------+-------------------+------------------------------------+------------------------------------+------------------------------------+------------------------------------+
|   37  | 48.78926134109497 | 51.7063729763031 | 92.24266052246094 | [0.17407816 0.24349588 0.29220494] | [0.14641015 0.16822296 0.18276473] | [0.05402405 0.03821086 0.03083819] | [0.57545716 0.67700449 0.73273495] |
+-------+-------------------+------------------+-------------------+------------------------------------+------------------------------------+------------------------------------+------------------------------------+
epoch: 38 s: 0 batch_loss 0.23406699299812317 BPR_loss 0.12394936382770538 reg_loss 0.11011762171983719
epoch: 38 s: 256000 batch_loss 0.23340710997581482 BPR_loss 0.12293947488069534 reg_loss 0.11046764254570007
epoch: 38 s: 512000 batch_loss 0.2329912781715393 BPR_loss 0.12302547693252563 reg_loss 0.10996580868959427
epoch: 38 s: 768000 batch_loss 0.23767782747745514 BPR_loss 0.12596982717514038 reg_loss 0.11170800030231476
+-------+-------------------+-------------------+------------------+------------------------------------+------------------------------------+------------------------------------+------------------------------------+
| Epoch |  training time(s) |   tesing time(s)  |       Loss       |               recall               |                ndcg                |             precision              |             hit_ratio              |
+-------+-------------------+-------------------+------------------+------------------------------------+------------------------------------+------------------------------------+------------------------------------+
|   38  | 46.38880705833435 | 49.00505781173706 | 91.9296646118164 | [0.17334593 0.24331211 0.29238834] | [0.1458008  0.16778342 0.18238153] | [0.05394032 0.03821254 0.03083596] | [0.57378257 0.67606672 0.73270145] |
+-------+-------------------+-------------------+------------------+------------------------------------+------------------------------------+------------------------------------+------------------------------------+
epoch: 39 s: 0 batch_loss 0.2208673357963562 BPR_loss 0.11072511225938797 reg_loss 0.11014223098754883
epoch: 39 s: 256000 batch_loss 0.2373020201921463 BPR_loss 0.1272583305835724 reg_loss 0.11004368960857391
epoch: 39 s: 512000 batch_loss 0.2274022400379181 BPR_loss 0.11771014332771301 reg_loss 0.10969210416078568
epoch: 39 s: 768000 batch_loss 0.24411126971244812 BPR_loss 0.13196617364883423 reg_loss 0.11214510351419449
+-------+--------------------+-------------------+-------------------+------------------------------------+------------------------------------+------------------------------------+------------------------------------+
| Epoch |  training time(s)  |   tesing time(s)  |        Loss       |               recall               |                ndcg                |             precision              |             hit_ratio              |
+-------+--------------------+-------------------+-------------------+------------------------------------+------------------------------------+------------------------------------+------------------------------------+
|   39  | 47.087303161621094 | 48.89734506607056 | 91.82508087158203 | [0.17369342 0.24331737 0.29227036] | [0.14581056 0.16771022 0.18230795] | [0.05380635 0.03812044 0.03076897] | [0.57378257 0.67707147 0.73270145] |
+-------+--------------------+-------------------+-------------------+------------------------------------+------------------------------------+------------------------------------+------------------------------------+
Early stopping is trigger at step: 10 log:0.17369342407099056
early stopping at 39, recall@20:0.1745
