Namespace(K=1, Ks='[20, 40, 60]', batch_size=2048, batch_test_flag=True, context_hops=3, cuda=True, data_path='data/', dataset='gowalla', dim=64, edge_dropout=False, edge_dropout_rate=0.1, epoch=1000, eps=0.01, gnn='lightgcn', gpu_id=3, l2=0.001, lr=0.0092, mess_dropout=False, mess_dropout_rate=0.1, n_negs=16, ns='mixgcf', out_dir='./weights/yelp2018/', pool='mean', save=False, test_batch_size=2048, test_flag='part')
reading train and test user-item set ...
building the adj mat ...
loading over ...
卷积器不需要第0层embedding
拿这个最难的neg_item去和pos_item在每一个维度上自适应权重......
start training ...
epoch: 0 s: 0 batch_loss 0.6931489706039429 BPR_loss 0.6931487321853638 reg_loss 2.4288399913530156e-07
epoch: 0 s: 256000 batch_loss 0.5671617984771729 BPR_loss 0.5523881912231445 reg_loss 0.014773608185350895
epoch: 0 s: 512000 batch_loss 0.5062774419784546 BPR_loss 0.48095715045928955 reg_loss 0.02532026171684265
epoch: 0 s: 768000 batch_loss 0.4741680324077606 BPR_loss 0.4432908296585083 reg_loss 0.03087720461189747
+-------+-------------------+-------------------+--------------------+------------------------------------+------------------------------------+------------------------------------+------------------------------------+
| Epoch |  training time(s) |   tesing time(s)  |        Loss        |               recall               |                ndcg                |             precision              |             hit_ratio              |
+-------+-------------------+-------------------+--------------------+------------------------------------+------------------------------------+------------------------------------+------------------------------------+
|   0   | 46.02468156814575 | 45.45152544975281 | 215.84959411621094 | [0.13215534 0.19067825 0.23210917] | [0.11076497 0.12912313 0.14146492] | [0.04227678 0.03060654 0.02497544] | [0.48378994 0.59227008 0.65064639] |
+-------+-------------------+-------------------+--------------------+------------------------------------+------------------------------------+------------------------------------+------------------------------------+
epoch: 1 s: 0 batch_loss 0.48909640312194824 BPR_loss 0.4572151005268097 reg_loss 0.031881287693977356
epoch: 1 s: 256000 batch_loss 0.44192740321159363 BPR_loss 0.40343981981277466 reg_loss 0.03848758339881897
epoch: 1 s: 512000 batch_loss 0.4339616894721985 BPR_loss 0.39232951402664185 reg_loss 0.041632167994976044
epoch: 1 s: 768000 batch_loss 0.4113364815711975 BPR_loss 0.3642941117286682 reg_loss 0.04704238474369049
+-------+-------------------+-------------------+------------------+------------------------------------+------------------------------------+------------------------------------+------------------------------------+
| Epoch |  training time(s) |   tesing time(s)  |       Loss       |               recall               |                ndcg                |             precision              |             hit_ratio              |
+-------+-------------------+-------------------+------------------+------------------------------------+------------------------------------+------------------------------------+------------------------------------+
|   1   | 52.04201793670654 | 48.26695132255554 | 177.677001953125 | [0.14041759 0.20178465 0.24510895] | [0.11758846 0.13679512 0.14969862] | [0.04468819 0.03221164 0.02627102] | [0.50318173 0.61092505 0.66973675] |
+-------+-------------------+-------------------+------------------+------------------------------------+------------------------------------+------------------------------------+------------------------------------+
epoch: 2 s: 0 batch_loss 0.42590492963790894 BPR_loss 0.3792000412940979 reg_loss 0.046704892069101334
epoch: 2 s: 256000 batch_loss 0.4330486059188843 BPR_loss 0.3831592798233032 reg_loss 0.04988933354616165
epoch: 2 s: 512000 batch_loss 0.39902061223983765 BPR_loss 0.3444869816303253 reg_loss 0.05453362688422203
epoch: 2 s: 768000 batch_loss 0.3901611864566803 BPR_loss 0.33264145255088806 reg_loss 0.05751972645521164
+-------+-------------------+------------------+-----------------+------------------------------------+------------------------------------+------------------------------------+------------------------------------+
| Epoch |  training time(s) |  tesing time(s)  |       Loss      |               recall               |                ndcg                |             precision              |             hit_ratio              |
+-------+-------------------+------------------+-----------------+------------------------------------+------------------------------------+------------------------------------+------------------------------------+
|   2   | 51.63163113594055 | 48.7645001411438 | 161.24560546875 | [0.14689058 0.20942817 0.254771  ] | [0.12308039 0.14263978 0.156127  ] | [0.04659723 0.03338636 0.02722665] | [0.51791815 0.62308259 0.68296604] |
+-------+-------------------+------------------+-----------------+------------------------------------+------------------------------------+------------------------------------+------------------------------------+
epoch: 3 s: 0 batch_loss 0.38626188039779663 BPR_loss 0.3275330364704132 reg_loss 0.05872884765267372
epoch: 3 s: 256000 batch_loss 0.38686132431030273 BPR_loss 0.32664746046066284 reg_loss 0.06021386384963989
epoch: 3 s: 512000 batch_loss 0.3698951303958893 BPR_loss 0.30676549673080444 reg_loss 0.06312963366508484
epoch: 3 s: 768000 batch_loss 0.36951008439064026 BPR_loss 0.3047322928905487 reg_loss 0.06477778404951096
+-------+--------------------+-------------------+--------------------+------------------------------------+------------------------------------+------------------------------------+------------------------------------+
| Epoch |  training time(s)  |   tesing time(s)  |        Loss        |               recall               |                ndcg                |             precision              |             hit_ratio              |
+-------+--------------------+-------------------+--------------------+------------------------------------+------------------------------------+------------------------------------+------------------------------------+
|   3   | 48.871212005615234 | 53.09503626823425 | 150.12818908691406 | [0.15200349 0.21602636 0.26141943] | [0.12761539 0.14767268 0.16120507] | [0.0480625  0.03445978 0.02800143] | [0.5304441  0.63453681 0.69033425] |
+-------+--------------------+-------------------+--------------------+------------------------------------+------------------------------------+------------------------------------+------------------------------------+
epoch: 4 s: 0 batch_loss 0.36137914657592773 BPR_loss 0.2973794639110565 reg_loss 0.06399967521429062
epoch: 4 s: 256000 batch_loss 0.35463768243789673 BPR_loss 0.2877180576324463 reg_loss 0.06691963225603104
epoch: 4 s: 512000 batch_loss 0.35685795545578003 BPR_loss 0.2885114848613739 reg_loss 0.06834645569324493
epoch: 4 s: 768000 batch_loss 0.35982221364974976 BPR_loss 0.2894469201564789 reg_loss 0.07037529349327087
+-------+-------------------+-------------------+--------------------+------------------------------------+------------------------------------+------------------------------------+------------------------------------+
| Epoch |  training time(s) |   tesing time(s)  |        Loss        |               recall               |                ndcg                |             precision              |             hit_ratio              |
+-------+-------------------+-------------------+--------------------+------------------------------------+------------------------------------+------------------------------------+------------------------------------+
|   4   | 49.15850210189819 | 55.41145944595337 | 141.85458374023438 | [0.15577407 0.22055679 0.2665136 ] | [0.13091498 0.1511771  0.16490832] | [0.04922969 0.03517064 0.02856856] | [0.53864961 0.64150311 0.69920959] |
+-------+-------------------+-------------------+--------------------+------------------------------------+------------------------------------+------------------------------------+------------------------------------+
epoch: 5 s: 0 batch_loss 0.3461676239967346 BPR_loss 0.27564507722854614 reg_loss 0.07052253931760788
epoch: 5 s: 256000 batch_loss 0.34934964776039124 BPR_loss 0.27575260400772095 reg_loss 0.07359704375267029
epoch: 5 s: 512000 batch_loss 0.34566906094551086 BPR_loss 0.2702656388282776 reg_loss 0.07540341466665268
epoch: 5 s: 768000 batch_loss 0.3334057033061981 BPR_loss 0.2550200819969177 reg_loss 0.0783856213092804
+-------+-------------------+-------------------+-------------------+------------------------------------+------------------------------------+------------------------------------+------------------------------------+
| Epoch |  training time(s) |   tesing time(s)  |        Loss       |               recall               |                ndcg                |             precision              |             hit_ratio              |
+-------+-------------------+-------------------+-------------------+------------------------------------+------------------------------------+------------------------------------+------------------------------------+
|   5   | 45.20080637931824 | 52.59778952598572 | 135.5961151123047 | [0.15744252 0.22340675 0.27022317] | [0.13225526 0.15286136 0.16685454] | [0.04980072 0.03556166 0.02891297] | [0.54139594 0.64518722 0.70319512] |
+-------+-------------------+-------------------+-------------------+------------------------------------+------------------------------------+------------------------------------+------------------------------------+
epoch: 6 s: 0 batch_loss 0.3252395987510681 BPR_loss 0.24716462194919586 reg_loss 0.07807496935129166
epoch: 6 s: 256000 batch_loss 0.30622562766075134 BPR_loss 0.22812676429748535 reg_loss 0.0780988559126854
epoch: 6 s: 512000 batch_loss 0.3358527719974518 BPR_loss 0.25591713190078735 reg_loss 0.07993564009666443
epoch: 6 s: 768000 batch_loss 0.3357722759246826 BPR_loss 0.25361448526382446 reg_loss 0.08215779066085815
+-------+--------------------+-------------------+--------------------+------------------------------------+------------------------------------+------------------------------------+------------------------------------+
| Epoch |  training time(s)  |   tesing time(s)  |        Loss        |               recall               |                ndcg                |             precision              |             hit_ratio              |
+-------+--------------------+-------------------+--------------------+------------------------------------+------------------------------------+------------------------------------+------------------------------------+
|   6   | 44.771307945251465 | 54.63604259490967 | 130.23040771484375 | [0.160123   0.22685653 0.27433503] | [0.13454209 0.15539669 0.16958773] | [0.05051075 0.03605399 0.02930984] | [0.54829526 0.65118226 0.70952509] |
+-------+--------------------+-------------------+--------------------+------------------------------------+------------------------------------+------------------------------------+------------------------------------+
epoch: 7 s: 0 batch_loss 0.3385010361671448 BPR_loss 0.25744888186454773 reg_loss 0.08105216920375824
epoch: 7 s: 256000 batch_loss 0.32600441575050354 BPR_loss 0.24284851551055908 reg_loss 0.08315590023994446
epoch: 7 s: 512000 batch_loss 0.32206758856773376 BPR_loss 0.2371343970298767 reg_loss 0.08493318408727646
epoch: 7 s: 768000 batch_loss 0.3186594843864441 BPR_loss 0.23497873544692993 reg_loss 0.08368073403835297
+-------+-------------------+--------------------+--------------------+------------------------------------+------------------------------------+------------------------------------+------------------------------------+
| Epoch |  training time(s) |   tesing time(s)   |        Loss        |               recall               |                ndcg                |             precision              |             hit_ratio              |
+-------+-------------------+--------------------+--------------------+------------------------------------+------------------------------------+------------------------------------+------------------------------------+
|   7   | 46.24301290512085 | 54.243104219436646 | 126.33834838867188 | [0.1614182  0.22864273 0.27609956] | [0.13591737 0.15694004 0.17109731] | [0.05091098 0.0362608  0.02942818] | [0.54953446 0.65463192 0.71042937] |
+-------+-------------------+--------------------+--------------------+------------------------------------+------------------------------------+------------------------------------+------------------------------------+
epoch: 8 s: 0 batch_loss 0.3246273696422577 BPR_loss 0.2406267523765564 reg_loss 0.0840006098151207
epoch: 8 s: 256000 batch_loss 0.31553828716278076 BPR_loss 0.2290051281452179 reg_loss 0.08653317391872406
epoch: 8 s: 512000 batch_loss 0.29470357298851013 BPR_loss 0.20728880167007446 reg_loss 0.08741476386785507
epoch: 8 s: 768000 batch_loss 0.29775580763816833 BPR_loss 0.21028950810432434 reg_loss 0.08746630698442459
+-------+-------------------+-------------------+-------------------+------------------------------------+------------------------------------+------------------------------------+------------------------------------+
| Epoch |  training time(s) |   tesing time(s)  |        Loss       |               recall               |                ndcg                |             precision              |             hit_ratio              |
+-------+-------------------+-------------------+-------------------+------------------------------------+------------------------------------+------------------------------------+------------------------------------+
|   8   | 46.10141634941101 | 52.76365089416504 | 122.7069091796875 | [0.16337528 0.23032473 0.27779401] | [0.13758064 0.1585001  0.17266011] | [0.05145857 0.03655888 0.02962132] | [0.55331904 0.65577065 0.71190301] |
+-------+-------------------+-------------------+-------------------+------------------------------------+------------------------------------+------------------------------------+------------------------------------+
epoch: 9 s: 0 batch_loss 0.305698424577713 BPR_loss 0.21913641691207886 reg_loss 0.08656201511621475
epoch: 9 s: 256000 batch_loss 0.30465415120124817 BPR_loss 0.2162294238805771 reg_loss 0.08842471987009048
epoch: 9 s: 512000 batch_loss 0.30344879627227783 BPR_loss 0.21568351984024048 reg_loss 0.08776526898145676
epoch: 9 s: 768000 batch_loss 0.28990060091018677 BPR_loss 0.19775810837745667 reg_loss 0.0921424850821495
+-------+-------------------+--------------------+-------------------+------------------------------------+------------------------------------+------------------------------------+------------------------------------+
| Epoch |  training time(s) |   tesing time(s)   |        Loss       |               recall               |                ndcg                |             precision              |             hit_ratio              |
+-------+-------------------+--------------------+-------------------+------------------------------------+------------------------------------+------------------------------------+------------------------------------+
|   9   | 45.83189344406128 | 51.987693548202515 | 119.9089584350586 | [0.16458333 0.23180979 0.28001626] | [0.13863319 0.15970213 0.17408133] | [0.05172316 0.0367883  0.02984571] | [0.55492665 0.65804809 0.71491728] |
+-------+-------------------+--------------------+-------------------+------------------------------------+------------------------------------+------------------------------------+------------------------------------+
epoch: 10 s: 0 batch_loss 0.30317506194114685 BPR_loss 0.21315664052963257 reg_loss 0.09001842886209488
epoch: 10 s: 256000 batch_loss 0.2827637791633606 BPR_loss 0.1920689195394516 reg_loss 0.09069487452507019
epoch: 10 s: 512000 batch_loss 0.2955376207828522 BPR_loss 0.2018064558506012 reg_loss 0.09373115748167038
epoch: 10 s: 768000 batch_loss 0.28691378235816956 BPR_loss 0.19438646733760834 reg_loss 0.09252732247114182
+-------+-------------------+------------------+--------------------+------------------------------------+------------------------------------+------------------------------------+------------------------------------+
| Epoch |  training time(s) |  tesing time(s)  |        Loss        |               recall               |                ndcg                |             precision              |             hit_ratio              |
+-------+-------------------+------------------+--------------------+------------------------------------+------------------------------------+------------------------------------+------------------------------------+
|   10  | 45.76370549201965 | 48.9067964553833 | 116.51203918457031 | [0.16522327 0.23312312 0.28178869] | [0.13907449 0.16035755 0.17486496] | [0.05192578 0.03696078 0.02998973] | [0.55673521 0.66062697 0.71736218] |
+-------+-------------------+------------------+--------------------+------------------------------------+------------------------------------+------------------------------------+------------------------------------+
epoch: 11 s: 0 batch_loss 0.2832547724246979 BPR_loss 0.1903328001499176 reg_loss 0.09292197227478027
epoch: 11 s: 256000 batch_loss 0.29585570096969604 BPR_loss 0.20188412070274353 reg_loss 0.09397159516811371
epoch: 11 s: 512000 batch_loss 0.29165804386138916 BPR_loss 0.19879871606826782 reg_loss 0.09285933524370193
epoch: 11 s: 768000 batch_loss 0.28079554438591003 BPR_loss 0.186655193567276 reg_loss 0.09414035826921463
+-------+--------------------+-------------------+--------------------+------------------------------------+------------------------------------+------------------------------------+------------------------------------+
| Epoch |  training time(s)  |   tesing time(s)  |        Loss        |               recall               |                ndcg                |             precision              |             hit_ratio              |
+-------+--------------------+-------------------+--------------------+------------------------------------+------------------------------------+------------------------------------+------------------------------------+
|   11  | 45.742523431777954 | 48.35666346549988 | 114.47761535644531 | [0.16695158 0.23501579 0.2837681 ] | [0.14080786 0.16214546 0.17669487] | [0.0523863  0.03724379 0.03020464] | [0.56105566 0.66374171 0.72054391] |
+-------+--------------------+-------------------+--------------------+------------------------------------+------------------------------------+------------------------------------+------------------------------------+
epoch: 12 s: 0 batch_loss 0.28878718614578247 BPR_loss 0.19409778714179993 reg_loss 0.09468940645456314
epoch: 12 s: 256000 batch_loss 0.2842089533805847 BPR_loss 0.18743056058883667 reg_loss 0.09677839279174805
epoch: 12 s: 512000 batch_loss 0.2785820960998535 BPR_loss 0.18294396996498108 reg_loss 0.09563812613487244
epoch: 12 s: 768000 batch_loss 0.2933042645454407 BPR_loss 0.19544896483421326 reg_loss 0.09785528481006622
+-------+-------------------+------------------+--------------------+------------------------------------+------------------------------------+------------------------------------+------------------------------------+
| Epoch |  training time(s) |  tesing time(s)  |        Loss        |               recall               |                ndcg                |             precision              |             hit_ratio              |
+-------+-------------------+------------------+--------------------+------------------------------------+------------------------------------+------------------------------------+------------------------------------+
|   12  | 45.64447569847107 | 50.8355131149292 | 112.33905792236328 | [0.16831645 0.23622211 0.28533778] | [0.14191036 0.16314634 0.17778927] | [0.0527614  0.03740371 0.03033581] | [0.56487374 0.66424409 0.7218166 ] |
+-------+-------------------+------------------+--------------------+------------------------------------+------------------------------------+------------------------------------+------------------------------------+
epoch: 13 s: 0 batch_loss 0.2670772969722748 BPR_loss 0.1708405613899231 reg_loss 0.09623672813177109
epoch: 13 s: 256000 batch_loss 0.27327412366867065 BPR_loss 0.17566363513469696 reg_loss 0.0976104736328125
epoch: 13 s: 512000 batch_loss 0.28028517961502075 BPR_loss 0.18430595099925995 reg_loss 0.09597921371459961
epoch: 13 s: 768000 batch_loss 0.30030307173728943 BPR_loss 0.20284879207611084 reg_loss 0.09745427966117859
+-------+-------------------+-------------------+--------------------+------------------------------------+------------------------------------+------------------------------------+------------------------------------+
| Epoch |  training time(s) |   tesing time(s)  |        Loss        |               recall               |                ndcg                |             precision              |             hit_ratio              |
+-------+-------------------+-------------------+--------------------+------------------------------------+------------------------------------+------------------------------------+------------------------------------+
|   13  | 45.60279703140259 | 52.05794858932495 | 110.47943878173828 | [0.16910742 0.23672993 0.28607366] | [0.14239174 0.16359608 0.17831227] | [0.05291714 0.0375     0.03040838] | [0.56530913 0.66571773 0.72168263] |
+-------+-------------------+-------------------+--------------------+------------------------------------+------------------------------------+------------------------------------+------------------------------------+
epoch: 14 s: 0 batch_loss 0.265880823135376 BPR_loss 0.16924256086349487 reg_loss 0.0966382622718811
epoch: 14 s: 256000 batch_loss 0.2734219431877136 BPR_loss 0.17534571886062622 reg_loss 0.0980762243270874
epoch: 14 s: 512000 batch_loss 0.2774924635887146 BPR_loss 0.17894752323627472 reg_loss 0.09854494780302048
epoch: 14 s: 768000 batch_loss 0.2755042612552643 BPR_loss 0.17590895295143127 reg_loss 0.0995953157544136
+-------+-------------------+-------------------+--------------------+------------------------------------+------------------------------------+------------------------------------+------------------------------------+
| Epoch |  training time(s) |   tesing time(s)  |        Loss        |               recall               |                ndcg                |             precision              |             hit_ratio              |
+-------+-------------------+-------------------+--------------------+------------------------------------+------------------------------------+------------------------------------+------------------------------------+
|   14  | 46.60646438598633 | 52.19731616973877 | 108.89886474609375 | [0.16948601 0.23767183 0.28674104] | [0.14283386 0.16417607 0.17887854] | [0.05304608 0.03757703 0.0304949 ] | [0.56447183 0.66722486 0.72295532] |
+-------+-------------------+-------------------+--------------------+------------------------------------+------------------------------------+------------------------------------+------------------------------------+
epoch: 15 s: 0 batch_loss 0.26447761058807373 BPR_loss 0.16454210877418518 reg_loss 0.09993548691272736
epoch: 15 s: 256000 batch_loss 0.27638787031173706 BPR_loss 0.17846381664276123 reg_loss 0.09792405366897583
epoch: 15 s: 512000 batch_loss 0.2802923917770386 BPR_loss 0.17938950657844543 reg_loss 0.10090287029743195
epoch: 15 s: 768000 batch_loss 0.26524925231933594 BPR_loss 0.16595333814620972 reg_loss 0.09929590672254562
+-------+-------------------+-------------------+--------------------+------------------------------------+------------------------------------+------------------------------------+------------------------------------+
| Epoch |  training time(s) |   tesing time(s)  |        Loss        |               recall               |                ndcg                |             precision              |             hit_ratio              |
+-------+-------------------+-------------------+--------------------+------------------------------------+------------------------------------+------------------------------------+------------------------------------+
|   15  | 46.53477668762207 | 47.30694580078125 | 107.33799743652344 | [0.16997479 0.23779767 0.28725415] | [0.14308662 0.16429877 0.17907486] | [0.05317335 0.0375561  0.03047871] | [0.56638087 0.66762677 0.72506531] |
+-------+-------------------+-------------------+--------------------+------------------------------------+------------------------------------+------------------------------------+------------------------------------+
epoch: 16 s: 0 batch_loss 0.2656669020652771 BPR_loss 0.16462905704975128 reg_loss 0.10103784501552582
epoch: 16 s: 256000 batch_loss 0.2835865914821625 BPR_loss 0.1830773651599884 reg_loss 0.10050921887159348
epoch: 16 s: 512000 batch_loss 0.2787559926509857 BPR_loss 0.17911812663078308 reg_loss 0.09963787347078323
epoch: 16 s: 768000 batch_loss 0.25111210346221924 BPR_loss 0.14733296632766724 reg_loss 0.1037791520357132
+-------+-------------------+------------------+--------------------+------------------------------------+------------------------------------+------------------------------------+------------------------------------+
| Epoch |  training time(s) |  tesing time(s)  |        Loss        |               recall               |                ndcg                |             precision              |             hit_ratio              |
+-------+-------------------+------------------+--------------------+------------------------------------+------------------------------------+------------------------------------+------------------------------------+
|   16  | 46.86795163154602 | 48.9020779132843 | 106.11184692382812 | [0.17038856 0.23920695 0.28827134] | [0.14388344 0.16543049 0.18009133] | [0.05336426 0.03779222 0.03062942] | [0.56674928 0.67023913 0.72660593] |
+-------+-------------------+------------------+--------------------+------------------------------------+------------------------------------+------------------------------------+------------------------------------+
epoch: 17 s: 0 batch_loss 0.27017924189567566 BPR_loss 0.1679033786058426 reg_loss 0.10227586328983307
epoch: 17 s: 256000 batch_loss 0.27487295866012573 BPR_loss 0.17355403304100037 reg_loss 0.10131891816854477
epoch: 17 s: 512000 batch_loss 0.2750948965549469 BPR_loss 0.17349687218666077 reg_loss 0.10159802436828613
epoch: 17 s: 768000 batch_loss 0.2747602164745331 BPR_loss 0.17283588647842407 reg_loss 0.1019243374466896
+-------+-------------------+-------------------+--------------------+------------------------------------+------------------------------------+------------------------------------+------------------------------------+
| Epoch |  training time(s) |   tesing time(s)  |        Loss        |               recall               |                ndcg                |             precision              |             hit_ratio              |
+-------+-------------------+-------------------+--------------------+------------------------------------+------------------------------------+------------------------------------+------------------------------------+
|   17  | 48.20350193977356 | 47.01266145706177 | 105.16883850097656 | [0.17124316 0.23994003 0.28845677] | [0.14418315 0.1657136  0.180216  ] | [0.05348483 0.03784999 0.03058756] | [0.56936165 0.66973675 0.72643848] |
+-------+-------------------+-------------------+--------------------+------------------------------------+------------------------------------+------------------------------------+------------------------------------+
epoch: 18 s: 0 batch_loss 0.2651413083076477 BPR_loss 0.16256651282310486 reg_loss 0.10257481038570404
epoch: 18 s: 256000 batch_loss 0.2593708038330078 BPR_loss 0.15657974779605865 reg_loss 0.10279105603694916
epoch: 18 s: 512000 batch_loss 0.2567499577999115 BPR_loss 0.15327122807502747 reg_loss 0.10347873717546463
epoch: 18 s: 768000 batch_loss 0.26638320088386536 BPR_loss 0.16167116165161133 reg_loss 0.10471204668283463
+-------+--------------------+-------------------+--------------------+------------------------------------+------------------------------------+------------------------------------+------------------------------------+
| Epoch |  training time(s)  |   tesing time(s)  |        Loss        |               recall               |                ndcg                |             precision              |             hit_ratio              |
+-------+--------------------+-------------------+--------------------+------------------------------------+------------------------------------+------------------------------------+------------------------------------+
|   18  | 48.408443450927734 | 45.44464445114136 | 103.77372741699219 | [0.17134936 0.24063568 0.28919784] | [0.14432603 0.16602911 0.18054531] | [0.05347813 0.03787343 0.03061547] | [0.56859133 0.67204769 0.72657244] |
+-------+--------------------+-------------------+--------------------+------------------------------------+------------------------------------+------------------------------------+------------------------------------+
epoch: 19 s: 0 batch_loss 0.26155993342399597 BPR_loss 0.1573537290096283 reg_loss 0.10420619696378708
epoch: 19 s: 256000 batch_loss 0.25849372148513794 BPR_loss 0.1544325202703476 reg_loss 0.10406121611595154
epoch: 19 s: 512000 batch_loss 0.24719280004501343 BPR_loss 0.14525744318962097 reg_loss 0.10193536430597305
epoch: 19 s: 768000 batch_loss 0.24961808323860168 BPR_loss 0.146245077252388 reg_loss 0.10337301343679428
+-------+-------------------+-------------------+--------------------+------------------------------------+------------------------------------+------------------------------------+------------------------------------+
| Epoch |  training time(s) |   tesing time(s)  |        Loss        |               recall               |                ndcg                |             precision              |             hit_ratio              |
+-------+-------------------+-------------------+--------------------+------------------------------------+------------------------------------+------------------------------------+------------------------------------+
|   19  | 49.16546630859375 | 44.76163578033447 | 102.77543640136719 | [0.17285145 0.24155722 0.29159279] | [0.14543948 0.16698197 0.18187706] | [0.05392692 0.03810537 0.03086722] | [0.57073481 0.67308594 0.7300556 ] |
+-------+-------------------+-------------------+--------------------+------------------------------------+------------------------------------+------------------------------------+------------------------------------+
epoch: 20 s: 0 batch_loss 0.2628871500492096 BPR_loss 0.15916310250759125 reg_loss 0.10372404009103775
epoch: 20 s: 256000 batch_loss 0.2602860927581787 BPR_loss 0.15702995657920837 reg_loss 0.10325614362955093
epoch: 20 s: 512000 batch_loss 0.26056087017059326 BPR_loss 0.15556958317756653 reg_loss 0.10499128699302673
epoch: 20 s: 768000 batch_loss 0.25362107157707214 BPR_loss 0.14821390807628632 reg_loss 0.10540716350078583
+-------+-------------------+--------------------+-------------------+------------------------------------+------------------------------------+------------------------------------+------------------------------------+
| Epoch |  training time(s) |   tesing time(s)   |        Loss       |               recall               |                ndcg                |             precision              |             hit_ratio              |
+-------+-------------------+--------------------+-------------------+------------------------------------+------------------------------------+------------------------------------+------------------------------------+
|   20  | 47.96336913108826 | 42.543535232543945 | 101.8281478881836 | [0.17270472 0.24148755 0.29136532] | [0.14546029 0.16700352 0.18187245] | [0.0539152  0.03808192 0.03084433] | [0.5728448  0.67385625 0.7304575 ] |
+-------+-------------------+--------------------+-------------------+------------------------------------+------------------------------------+------------------------------------+------------------------------------+
epoch: 21 s: 0 batch_loss 0.24811327457427979 BPR_loss 0.14458799362182617 reg_loss 0.10352528095245361
epoch: 21 s: 256000 batch_loss 0.2644428312778473 BPR_loss 0.16017183661460876 reg_loss 0.10427100211381912
epoch: 21 s: 512000 batch_loss 0.252602756023407 BPR_loss 0.14795783162117004 reg_loss 0.10464493185281754
epoch: 21 s: 768000 batch_loss 0.24854296445846558 BPR_loss 0.14262893795967102 reg_loss 0.10591401904821396
+-------+-------------------+-------------------+--------------------+------------------------------------+------------------------------------+------------------------------------+------------------------------------+
| Epoch |  training time(s) |   tesing time(s)  |        Loss        |               recall               |                ndcg                |             precision              |             hit_ratio              |
+-------+-------------------+-------------------+--------------------+------------------------------------+------------------------------------+------------------------------------+------------------------------------+
|   21  | 47.56017279624939 | 47.30555319786072 | 100.92025756835938 | [0.1724645  0.2414157  0.29108637] | [0.14529785 0.16690482 0.18170894] | [0.05372429 0.03797056 0.03074665] | [0.57063434 0.67318642 0.72938576] |
+-------+-------------------+-------------------+--------------------+------------------------------------+------------------------------------+------------------------------------+------------------------------------+
epoch: 22 s: 0 batch_loss 0.23886221647262573 BPR_loss 0.1332387775182724 reg_loss 0.10562343150377274
epoch: 22 s: 256000 batch_loss 0.25243133306503296 BPR_loss 0.146714985370636 reg_loss 0.10571634769439697
epoch: 22 s: 512000 batch_loss 0.25046372413635254 BPR_loss 0.1449522227048874 reg_loss 0.10551150143146515
epoch: 22 s: 768000 batch_loss 0.2550954818725586 BPR_loss 0.15057572722434998 reg_loss 0.10451976954936981
+-------+-------------------+-------------------+------------------+------------------------------------+------------------------------------+------------------------------------+------------------------------------+
| Epoch |  training time(s) |   tesing time(s)  |       Loss       |               recall               |                ndcg                |             precision              |             hit_ratio              |
+-------+-------------------+-------------------+------------------+------------------------------------+------------------------------------+------------------------------------+------------------------------------+
|   22  | 46.87693214416504 | 48.08753204345703 | 100.079345703125 | [0.17203912 0.24182487 0.29110648] | [0.14466501 0.16658733 0.18126119] | [0.05363722 0.0380702  0.03077176] | [0.57066783 0.67512894 0.73029004] |
+-------+-------------------+-------------------+------------------+------------------------------------+------------------------------------+------------------------------------+------------------------------------+
epoch: 23 s: 0 batch_loss 0.25563687086105347 BPR_loss 0.15191662311553955 reg_loss 0.10372023284435272
epoch: 23 s: 256000 batch_loss 0.2473306953907013 BPR_loss 0.14096170663833618 reg_loss 0.10636898130178452
epoch: 23 s: 512000 batch_loss 0.25369253754615784 BPR_loss 0.14626505970954895 reg_loss 0.10742747783660889
epoch: 23 s: 768000 batch_loss 0.2487608790397644 BPR_loss 0.14173485338687897 reg_loss 0.10702602565288544
+-------+-------------------+--------------------+-------------------+------------------------------------+------------------------------------+------------------------------------+------------------------------------+
| Epoch |  training time(s) |   tesing time(s)   |        Loss       |               recall               |                ndcg                |             precision              |             hit_ratio              |
+-------+-------------------+--------------------+-------------------+------------------------------------+------------------------------------+------------------------------------+------------------------------------+
|   23  | 47.92763137817383 | 50.911670207977295 | 99.43512725830078 | [0.17266954 0.24232589 0.29090505] | [0.14559013 0.16742803 0.18191513] | [0.05378291 0.03809113 0.03073269] | [0.5712037  0.67579878 0.73022306] |
+-------+-------------------+--------------------+-------------------+------------------------------------+------------------------------------+------------------------------------+------------------------------------+
epoch: 24 s: 0 batch_loss 0.24853947758674622 BPR_loss 0.14197282493114471 reg_loss 0.1065666601061821
epoch: 24 s: 256000 batch_loss 0.2382088303565979 BPR_loss 0.13177263736724854 reg_loss 0.10643619298934937
epoch: 24 s: 512000 batch_loss 0.25861817598342896 BPR_loss 0.15211038291454315 reg_loss 0.1065077856183052
epoch: 24 s: 768000 batch_loss 0.25256219506263733 BPR_loss 0.14500972628593445 reg_loss 0.10755246132612228
+-------+-------------------+-------------------+-------------------+------------------------------------+------------------------------------+------------------------------------+------------------------------------+
| Epoch |  training time(s) |   tesing time(s)  |        Loss       |               recall               |                ndcg                |             precision              |             hit_ratio              |
+-------+-------------------+-------------------+-------------------+------------------------------------+------------------------------------+------------------------------------+------------------------------------+
|   24  | 46.81397867202759 | 49.44114136695862 | 98.73395538330078 | [0.17263986 0.24180931 0.29129176] | [0.14542741 0.16708199 0.18183645] | [0.05384319 0.03803085 0.03077009] | [0.57106973 0.67492799 0.73065845] |
+-------+-------------------+-------------------+-------------------+------------------------------------+------------------------------------+------------------------------------+------------------------------------+
epoch: 25 s: 0 batch_loss 0.24500173330307007 BPR_loss 0.13946816325187683 reg_loss 0.10553357005119324
epoch: 25 s: 256000 batch_loss 0.2511402368545532 BPR_loss 0.14332573115825653 reg_loss 0.10781452059745789
epoch: 25 s: 512000 batch_loss 0.2519070506095886 BPR_loss 0.14650478959083557 reg_loss 0.10540227591991425
epoch: 25 s: 768000 batch_loss 0.2564452290534973 BPR_loss 0.14864972233772278 reg_loss 0.10779551416635513
+-------+-------------------+--------------------+-------------------+------------------------------------+------------------------------------+------------------------------------+------------------------------------+
| Epoch |  training time(s) |   tesing time(s)   |        Loss       |               recall               |                ndcg                |             precision              |             hit_ratio              |
+-------+-------------------+--------------------+-------------------+------------------------------------+------------------------------------+------------------------------------+------------------------------------+
|   25  | 47.27290177345276 | 51.023229360580444 | 97.99373626708984 | [0.17251113 0.24260576 0.29140957] | [0.1452539  0.16720218 0.18180067] | [0.05368578 0.03806266 0.03076562] | [0.57127068 0.67599973 0.7312613 ] |
+-------+-------------------+--------------------+-------------------+------------------------------------+------------------------------------+------------------------------------+------------------------------------+
epoch: 26 s: 0 batch_loss 0.23904937505722046 BPR_loss 0.13176527619361877 reg_loss 0.10728410631418228
epoch: 26 s: 256000 batch_loss 0.24989986419677734 BPR_loss 0.14215704798698425 reg_loss 0.10774281620979309
epoch: 26 s: 512000 batch_loss 0.24903422594070435 BPR_loss 0.1429106891155243 reg_loss 0.10612354427576065
epoch: 26 s: 768000 batch_loss 0.24517768621444702 BPR_loss 0.13774670660495758 reg_loss 0.10743097215890884
+-------+--------------------+-------------------+-------------------+------------------------------------+------------------------------------+------------------------------------+------------------------------------+
| Epoch |  training time(s)  |   tesing time(s)  |        Loss       |               recall               |                ndcg                |             precision              |             hit_ratio              |
+-------+--------------------+-------------------+-------------------+------------------------------------+------------------------------------+------------------------------------+------------------------------------+
|   26  | 48.180015563964844 | 49.85461139678955 | 97.41555786132812 | [0.17307713 0.2424183  0.29182014] | [0.14554939 0.16726419 0.18198672] | [0.05383984 0.03806685 0.030774  ] | [0.5724429  0.67589926 0.73176368] |
+-------+--------------------+-------------------+-------------------+------------------------------------+------------------------------------+------------------------------------+------------------------------------+
epoch: 27 s: 0 batch_loss 0.24340195953845978 BPR_loss 0.1357724666595459 reg_loss 0.10762949287891388
epoch: 27 s: 256000 batch_loss 0.23099228739738464 BPR_loss 0.12523232400417328 reg_loss 0.10575995594263077
epoch: 27 s: 512000 batch_loss 0.24429333209991455 BPR_loss 0.1381034255027771 reg_loss 0.10618989914655685
epoch: 27 s: 768000 batch_loss 0.25012844800949097 BPR_loss 0.14271633327007294 reg_loss 0.10741212964057922
+-------+--------------------+------------------+-------------------+------------------------------------+------------------------------------+------------------------------------+------------------------------------+
| Epoch |  training time(s)  |  tesing time(s)  |        Loss       |               recall               |                ndcg                |             precision              |             hit_ratio              |
+-------+--------------------+------------------+-------------------+------------------------------------+------------------------------------+------------------------------------+------------------------------------+
|   27  | 47.309876441955566 | 50.5077006816864 | 96.68980407714844 | [0.17256156 0.24189277 0.29247463] | [0.14581904 0.16758522 0.18263542] | [0.05371592 0.03802833 0.0308527 ] | [0.57147163 0.67526291 0.73256749] |
+-------+--------------------+------------------+-------------------+------------------------------------+------------------------------------+------------------------------------+------------------------------------+
epoch: 28 s: 0 batch_loss 0.24695733189582825 BPR_loss 0.1394990086555481 reg_loss 0.10745831578969955
epoch: 28 s: 256000 batch_loss 0.24528418481349945 BPR_loss 0.13724446296691895 reg_loss 0.1080397218465805
epoch: 28 s: 512000 batch_loss 0.2305135726928711 BPR_loss 0.12139804661273956 reg_loss 0.10911552608013153
epoch: 28 s: 768000 batch_loss 0.23427501320838928 BPR_loss 0.12518945336341858 reg_loss 0.1090855672955513
+-------+-------------------+--------------------+-------------------+------------------------------------+------------------------------------+------------------------------------+------------------------------------+
| Epoch |  training time(s) |   tesing time(s)   |        Loss       |               recall               |                ndcg                |             precision              |             hit_ratio              |
+-------+-------------------+--------------------+-------------------+------------------------------------+------------------------------------+------------------------------------+------------------------------------+
|   28  | 47.10108160972595 | 52.098076820373535 | 96.18915557861328 | [0.17297812 0.24278057 0.29199433] | [0.14606822 0.16793232 0.18261551] | [0.05391352 0.03817821 0.03086387] | [0.57103624 0.67583227 0.7312948 ] |
+-------+-------------------+--------------------+-------------------+------------------------------------+------------------------------------+------------------------------------+------------------------------------+
epoch: 29 s: 0 batch_loss 0.24448777735233307 BPR_loss 0.13662374019622803 reg_loss 0.10786403715610504
epoch: 29 s: 256000 batch_loss 0.23532772064208984 BPR_loss 0.12698571383953094 reg_loss 0.1083420142531395
epoch: 29 s: 512000 batch_loss 0.24668827652931213 BPR_loss 0.1383717954158783 reg_loss 0.10831647366285324
epoch: 29 s: 768000 batch_loss 0.23429331183433533 BPR_loss 0.12588706612586975 reg_loss 0.10840623825788498
+-------+-------------------+-------------------+-------------------+------------------------------------+------------------------------------+------------------------------------+------------------------------------+
| Epoch |  training time(s) |   tesing time(s)  |        Loss       |               recall               |                ndcg                |             precision              |             hit_ratio              |
+-------+-------------------+-------------------+-------------------+------------------------------------+------------------------------------+------------------------------------+------------------------------------+
|   29  | 47.01027774810791 | 53.78439927101135 | 95.80089569091797 | [0.17329489 0.24329817 0.29318669] | [0.1460194  0.16794429 0.18281762] | [0.05391185 0.03816649 0.03088508] | [0.57237591 0.67656909 0.73474446] |
+-------+-------------------+-------------------+-------------------+------------------------------------+------------------------------------+------------------------------------+------------------------------------+
epoch: 30 s: 0 batch_loss 0.23794516921043396 BPR_loss 0.12876707315444946 reg_loss 0.1091780960559845
epoch: 30 s: 256000 batch_loss 0.23938894271850586 BPR_loss 0.13016106188297272 reg_loss 0.10922787338495255
epoch: 30 s: 512000 batch_loss 0.24312946200370789 BPR_loss 0.13201111555099487 reg_loss 0.11111833900213242
epoch: 30 s: 768000 batch_loss 0.24985064566135406 BPR_loss 0.1394670009613037 reg_loss 0.11038364470005035
+-------+-------------------+-------------------+-------------------+------------------------------------+------------------------------------+------------------------------------+------------------------------------+
| Epoch |  training time(s) |   tesing time(s)  |        Loss       |               recall               |                ndcg                |             precision              |             hit_ratio              |
+-------+-------------------+-------------------+-------------------+------------------------------------+------------------------------------+------------------------------------+------------------------------------+
|   30  | 46.94203519821167 | 51.13955593109131 | 95.11189270019531 | [0.17324815 0.24290057 0.29218512] | [0.14630015 0.16809477 0.18278905] | [0.0539286  0.03809029 0.0307807 ] | [0.57194052 0.67646862 0.73256749] |
+-------+-------------------+-------------------+-------------------+------------------------------------+------------------------------------+------------------------------------+------------------------------------+
epoch: 31 s: 0 batch_loss 0.23222139477729797 BPR_loss 0.12520566582679749 reg_loss 0.10701573640108109
epoch: 31 s: 256000 batch_loss 0.2400885373353958 BPR_loss 0.13217571377754211 reg_loss 0.1079128235578537
epoch: 31 s: 512000 batch_loss 0.24752631783485413 BPR_loss 0.13693955540657043 reg_loss 0.11058676242828369
epoch: 31 s: 768000 batch_loss 0.23559999465942383 BPR_loss 0.12540924549102783 reg_loss 0.11019075661897659
+-------+-------------------+-------------------+-------------------+------------------------------------+------------------------------------+------------------------------------+------------------------------------+
| Epoch |  training time(s) |   tesing time(s)  |        Loss       |               recall               |                ndcg                |             precision              |             hit_ratio              |
+-------+-------------------+-------------------+-------------------+------------------------------------+------------------------------------+------------------------------------+------------------------------------+
|   31  | 47.65335249900818 | 52.57687830924988 | 95.08769989013672 | [0.17375358 0.24270538 0.29198646] | [0.14638892 0.16793282 0.18263423] | [0.05407094 0.0380769  0.03077176] | [0.57224195 0.67636814 0.73310336] |
+-------+-------------------+-------------------+-------------------+------------------------------------+------------------------------------+------------------------------------+------------------------------------+
epoch: 32 s: 0 batch_loss 0.2456521838903427 BPR_loss 0.13630974292755127 reg_loss 0.10934244096279144
epoch: 32 s: 256000 batch_loss 0.23616483807563782 BPR_loss 0.12688852846622467 reg_loss 0.10927631705999374
epoch: 32 s: 512000 batch_loss 0.2391829788684845 BPR_loss 0.12947657704353333 reg_loss 0.10970640182495117
epoch: 32 s: 768000 batch_loss 0.24089880287647247 BPR_loss 0.13278670608997345 reg_loss 0.10811209678649902
+-------+--------------------+-------------------+-------------------+------------------------------------+------------------------------------+------------------------------------+------------------------------------+
| Epoch |  training time(s)  |   tesing time(s)  |        Loss       |               recall               |                ndcg                |             precision              |             hit_ratio              |
+-------+--------------------+-------------------+-------------------+------------------------------------+------------------------------------+------------------------------------+------------------------------------+
|   32  | 47.645695209503174 | 51.18842124938965 | 94.22419738769531 | [0.17270916 0.24258718 0.29201372] | [0.1456006  0.16757029 0.18229204] | [0.05360875 0.03803336 0.03074832] | [0.57056735 0.6765356  0.73243352] |
+-------+--------------------+-------------------+-------------------+------------------------------------+------------------------------------+------------------------------------+------------------------------------+
epoch: 33 s: 0 batch_loss 0.23742347955703735 BPR_loss 0.1273830235004425 reg_loss 0.11004045605659485
epoch: 33 s: 256000 batch_loss 0.22321480512619019 BPR_loss 0.11252015829086304 reg_loss 0.11069464683532715
epoch: 33 s: 512000 batch_loss 0.23283511400222778 BPR_loss 0.12363523244857788 reg_loss 0.1091998741030693
epoch: 33 s: 768000 batch_loss 0.23892295360565186 BPR_loss 0.12874364852905273 reg_loss 0.11017929762601852
+-------+-------------------+--------------------+-------------------+------------------------------------+------------------------------------+------------------------------------+------------------------------------+
| Epoch |  training time(s) |   tesing time(s)   |        Loss       |               recall               |                ndcg                |             precision              |             hit_ratio              |
+-------+-------------------+--------------------+-------------------+------------------------------------+------------------------------------+------------------------------------+------------------------------------+
|   33  | 48.02194261550903 | 51.513203620910645 | 93.91045379638672 | [0.17312718 0.24245265 0.29186725] | [0.14603549 0.16780682 0.18256156] | [0.05372262 0.03804424 0.03077567] | [0.57341416 0.67486101 0.73263447] |
+-------+-------------------+--------------------+-------------------+------------------------------------+------------------------------------+------------------------------------+------------------------------------+
epoch: 34 s: 0 batch_loss 0.2312450110912323 BPR_loss 0.12151496112346649 reg_loss 0.1097300574183464
epoch: 34 s: 256000 batch_loss 0.2369464635848999 BPR_loss 0.126079261302948 reg_loss 0.1108672022819519
epoch: 34 s: 512000 batch_loss 0.23252832889556885 BPR_loss 0.1237945705652237 reg_loss 0.10873375087976456
epoch: 34 s: 768000 batch_loss 0.23810335993766785 BPR_loss 0.12907755374908447 reg_loss 0.10902580618858337
+-------+--------------------+-------------------+-------------------+------------------------------------+------------------------------------+------------------------------------+------------------------------------+
| Epoch |  training time(s)  |   tesing time(s)  |        Loss       |               recall               |                ndcg                |             precision              |             hit_ratio              |
+-------+--------------------+-------------------+-------------------+------------------------------------+------------------------------------+------------------------------------+------------------------------------+
|   34  | 47.176520347595215 | 52.13198447227478 | 93.37444305419922 | [0.17289453 0.24279679 0.29130487] | [0.14568617 0.16762641 0.18206786] | [0.0537042  0.03808025 0.03067464] | [0.57163909 0.67496148 0.73156273] |
+-------+--------------------+-------------------+-------------------+------------------------------------+------------------------------------+------------------------------------+------------------------------------+
epoch: 35 s: 0 batch_loss 0.2353118360042572 BPR_loss 0.12533040344715118 reg_loss 0.10998143255710602
epoch: 35 s: 256000 batch_loss 0.23599910736083984 BPR_loss 0.12634126842021942 reg_loss 0.10965783894062042
epoch: 35 s: 512000 batch_loss 0.2453770637512207 BPR_loss 0.1361754685640335 reg_loss 0.1092015951871872
epoch: 35 s: 768000 batch_loss 0.24031871557235718 BPR_loss 0.13093800842761993 reg_loss 0.10938071459531784
+-------+--------------------+-------------------+-------------------+------------------------------------+------------------------------------+------------------------------------+------------------------------------+
| Epoch |  training time(s)  |   tesing time(s)  |        Loss       |               recall               |                ndcg                |             precision              |             hit_ratio              |
+-------+--------------------+-------------------+-------------------+------------------------------------+------------------------------------+------------------------------------+------------------------------------+
|   35  | 47.639546394348145 | 59.80618906021118 | 92.99449920654297 | [0.17334047 0.24298264 0.29176112] | [0.14618039 0.16806489 0.18260106] | [0.05375611 0.03808527 0.03073883] | [0.57254337 0.67579878 0.73280193] |
+-------+--------------------+-------------------+-------------------+------------------------------------+------------------------------------+------------------------------------+------------------------------------+
epoch: 36 s: 0 batch_loss 0.23463359475135803 BPR_loss 0.12346838414669037 reg_loss 0.11116521060466766
epoch: 36 s: 256000 batch_loss 0.23677542805671692 BPR_loss 0.1257108598947525 reg_loss 0.11106457561254501
epoch: 36 s: 512000 batch_loss 0.22629788517951965 BPR_loss 0.11625993251800537 reg_loss 0.11003795266151428
epoch: 36 s: 768000 batch_loss 0.2286055088043213 BPR_loss 0.11819037795066833 reg_loss 0.11041513830423355
+-------+-------------------+-------------------+-------------------+------------------------------------+------------------------------------+------------------------------------+------------------------------------+
| Epoch |  training time(s) |   tesing time(s)  |        Loss       |               recall               |                ndcg                |             precision              |             hit_ratio              |
+-------+-------------------+-------------------+-------------------+------------------------------------+------------------------------------+------------------------------------+------------------------------------+
|   36  | 46.62864947319031 | 53.77890419960022 | 92.79228210449219 | [0.1736138  0.24290553 0.29148817] | [0.14603343 0.16775795 0.18227661] | [0.05381305 0.03804089 0.03071148] | [0.5732467  0.67727242 0.7333378 ] |
+-------+-------------------+-------------------+-------------------+------------------------------------+------------------------------------+------------------------------------+------------------------------------+
epoch: 37 s: 0 batch_loss 0.23599284887313843 BPR_loss 0.1253330409526825 reg_loss 0.11065980792045593
epoch: 37 s: 256000 batch_loss 0.23764972388744354 BPR_loss 0.12804605066776276 reg_loss 0.10960367321968079
epoch: 37 s: 512000 batch_loss 0.23927275836467743 BPR_loss 0.12772229313850403 reg_loss 0.1115504652261734
epoch: 37 s: 768000 batch_loss 0.22567512094974518 BPR_loss 0.11600719392299652 reg_loss 0.10966792702674866
+-------+-------------------+------------------+-------------------+------------------------------------+------------------------------------+------------------------------------+------------------------------------+
| Epoch |  training time(s) |  tesing time(s)  |        Loss       |               recall               |                ndcg                |             precision              |             hit_ratio              |
+-------+-------------------+------------------+-------------------+------------------------------------+------------------------------------+------------------------------------+------------------------------------+
|   37  | 45.91075348854065 | 56.6108512878418 | 92.30200958251953 | [0.17356861 0.24268795 0.29193739] | [0.14619132 0.16785822 0.18257695] | [0.05385994 0.03802331 0.03077065] | [0.57274432 0.67610021 0.73337129] |
+-------+-------------------+------------------+-------------------+------------------------------------+------------------------------------+------------------------------------+------------------------------------+
epoch: 38 s: 0 batch_loss 0.23468869924545288 BPR_loss 0.12451687455177307 reg_loss 0.1101718321442604
epoch: 38 s: 256000 batch_loss 0.2338206171989441 BPR_loss 0.12326141446828842 reg_loss 0.11055921018123627
epoch: 38 s: 512000 batch_loss 0.23064446449279785 BPR_loss 0.12069898098707199 reg_loss 0.10994547605514526
epoch: 38 s: 768000 batch_loss 0.23983968794345856 BPR_loss 0.12840305268764496 reg_loss 0.1114366352558136
+-------+------------------+-------------------+------------------+------------------------------------+------------------------------------+------------------------------------+------------------------------------+
| Epoch | training time(s) |   tesing time(s)  |       Loss       |               recall               |                ndcg                |             precision              |             hit_ratio              |
+-------+------------------+-------------------+------------------+------------------------------------+------------------------------------+------------------------------------+------------------------------------+
|   38  | 45.3785936832428 | 55.91490340232849 | 92.2088851928711 | [0.17235137 0.24242863 0.29186446] | [0.14535395 0.16734879 0.18210412] | [0.05361712 0.03801912 0.03077623] | [0.57056735 0.67596624 0.7329024 ] |
+-------+------------------+-------------------+------------------+------------------------------------+------------------------------------+------------------------------------+------------------------------------+
epoch: 39 s: 0 batch_loss 0.22763359546661377 BPR_loss 0.11765354871749878 reg_loss 0.10998004674911499
epoch: 39 s: 256000 batch_loss 0.23322290182113647 BPR_loss 0.1229575052857399 reg_loss 0.11026538908481598
epoch: 39 s: 512000 batch_loss 0.22429189085960388 BPR_loss 0.11471278220415115 reg_loss 0.10957911610603333
epoch: 39 s: 768000 batch_loss 0.23900674283504486 BPR_loss 0.12695369124412537 reg_loss 0.1120530515909195
+-------+-------------------+-------------------+-------------------+------------------------------------+------------------------------------+------------------------------------+------------------------------------+
| Epoch |  training time(s) |   tesing time(s)  |        Loss       |               recall               |                ndcg                |             precision              |             hit_ratio              |
+-------+-------------------+-------------------+-------------------+------------------------------------+------------------------------------+------------------------------------+------------------------------------+
|   39  | 41.53472971916199 | 44.95519399642944 | 92.01781463623047 | [0.17280486 0.2429588  0.29122532] | [0.14547209 0.16753773 0.18196108] | [0.05357526 0.0380208  0.03065119] | [0.57090227 0.67643513 0.73152924] |
+-------+-------------------+-------------------+-------------------+------------------------------------+------------------------------------+------------------------------------+------------------------------------+
epoch: 40 s: 0 batch_loss 0.23263616859912872 BPR_loss 0.1227642223238945 reg_loss 0.10987194627523422
epoch: 40 s: 256000 batch_loss 0.22495272755622864 BPR_loss 0.1146199107170105 reg_loss 0.11033282428979874
epoch: 40 s: 512000 batch_loss 0.23142221570014954 BPR_loss 0.1202019453048706 reg_loss 0.11122026294469833
epoch: 40 s: 768000 batch_loss 0.23107317090034485 BPR_loss 0.11968477070331573 reg_loss 0.11138840019702911
+-------+-------------------+-------------------+-------------------+------------------------------------+------------------------------------+------------------------------------+------------------------------------+
| Epoch |  training time(s) |   tesing time(s)  |        Loss       |               recall               |                ndcg                |             precision              |             hit_ratio              |
+-------+-------------------+-------------------+-------------------+------------------------------------+------------------------------------+------------------------------------+------------------------------------+
|   40  | 39.09778881072998 | 39.54812574386597 | 91.61935424804688 | [0.17330374 0.24284622 0.29150584] | [0.14581242 0.16767715 0.18218856] | [0.05375444 0.03808276 0.03072711] | [0.57214147 0.67596624 0.73229955] |
+-------+-------------------+-------------------+-------------------+------------------------------------+------------------------------------+------------------------------------+------------------------------------+
epoch: 41 s: 0 batch_loss 0.2406454086303711 BPR_loss 0.12798403203487396 reg_loss 0.11266137659549713
epoch: 41 s: 256000 batch_loss 0.23052552342414856 BPR_loss 0.12032672017812729 reg_loss 0.11019881069660187
epoch: 41 s: 512000 batch_loss 0.2303301990032196 BPR_loss 0.11981731653213501 reg_loss 0.11051288992166519
epoch: 41 s: 768000 batch_loss 0.23840603232383728 BPR_loss 0.12814053893089294 reg_loss 0.11026548594236374
+-------+------------------+-------------------+-------------------+------------------------------------+------------------------------------+------------------------------------+------------------------------------+
| Epoch | training time(s) |   tesing time(s)  |        Loss       |               recall               |                ndcg                |             precision              |             hit_ratio              |
+-------+------------------+-------------------+-------------------+------------------------------------+------------------------------------+------------------------------------+------------------------------------+
|   41  | 39.7666335105896 | 38.35510778427124 | 91.32027435302734 | [0.17332079 0.24240518 0.29129497] | [0.1459589  0.16763544 0.18221431] | [0.05377453 0.03797307 0.03068413] | [0.5728448  0.67536339 0.7320986 ] |
+-------+------------------+-------------------+-------------------+------------------------------------+------------------------------------+------------------------------------+------------------------------------+
Early stopping is trigger at step: 10 log:0.17332079199278974
early stopping at 41, recall@20:0.1738
