Namespace(K=1, Ks='[20, 40, 60]', batch_size=2048, batch_test_flag=True, context_hops=3, cuda=True, data_path='data/', dataset='gowalla', dim=64, edge_dropout=False, edge_dropout_rate=0.1, epoch=1000, eps=0.01, gnn='lightgcn', gpu_id=3, l2=1e-05, lr=0.005, mess_dropout=False, mess_dropout_rate=0.1, n_negs=16, ns='mixgcf', out_dir='./weights/yelp2018/', pool='mean', save=False, test_batch_size=2048, test_flag='part')
reading train and test user-item set ...
building the adj mat ...
loading over ...
卷积器不需要第0层embedding
拿这个最难的neg_item去和pos_item在每一个维度上自适应权重......
start training ...
epoch: 0 s: 0 batch_loss 0.6931487321853638 BPR_loss 0.6931487321853638 reg_loss 2.4288397959537633e-09
epoch: 0 s: 256000 batch_loss 0.5939450860023499 BPR_loss 0.593853235244751 reg_loss 9.186050010612234e-05
epoch: 0 s: 512000 batch_loss 0.5187734365463257 BPR_loss 0.5185564160346985 reg_loss 0.00021702454250771552
epoch: 0 s: 768000 batch_loss 0.47896677255630493 BPR_loss 0.47866904735565186 reg_loss 0.00029773617279715836
+-------+-------------------+----------------+--------------------+------------------------------------+------------------------------------+------------------------------------+------------------------------------+
| Epoch |  training time(s) | tesing time(s) |        Loss        |               recall               |                ndcg                |             precision              |             hit_ratio              |
+-------+-------------------+----------------+--------------------+------------------------------------+------------------------------------+------------------------------------+------------------------------------+
|   0   | 58.83013343811035 | 49.5185546875  | 222.29759216308594 | [0.12672499 0.18224516 0.2219951 ] | [0.10611675 0.12354325 0.13539735] | [0.04036104 0.02920825 0.0238356 ] | [0.4707951  0.5744859  0.63446982] |
+-------+-------------------+----------------+--------------------+------------------------------------+------------------------------------+------------------------------------+------------------------------------+
epoch: 1 s: 0 batch_loss 0.4908721148967743 BPR_loss 0.49056166410446167 reg_loss 0.0003104581555817276
epoch: 1 s: 256000 batch_loss 0.4430032968521118 BPR_loss 0.44260042905807495 reg_loss 0.0004028771072626114
epoch: 1 s: 512000 batch_loss 0.42287471890449524 BPR_loss 0.4223969578742981 reg_loss 0.00047775768325664103
epoch: 1 s: 768000 batch_loss 0.3970559537410736 BPR_loss 0.3964889645576477 reg_loss 0.0005669776583090425
+-------+-------------------+-------------------+-------------------+------------------------------------+------------------------------------+------------------------------------+------------------------------------+
| Epoch |  training time(s) |   tesing time(s)  |        Loss       |               recall               |                ndcg                |             precision              |             hit_ratio              |
+-------+-------------------+-------------------+-------------------+------------------------------------+------------------------------------+------------------------------------+------------------------------------+
|   1   | 67.66184782981873 | 65.87823462486267 | 175.6898193359375 | [0.13462571 0.19314351 0.23480712] | [0.11312896 0.13148991 0.14392911] | [0.04269375 0.03077818 0.02511945] | [0.48921562 0.59645656 0.65466542] |
+-------+-------------------+-------------------+-------------------+------------------------------------+------------------------------------+------------------------------------+------------------------------------+
epoch: 2 s: 0 batch_loss 0.4142416715621948 BPR_loss 0.4136783480644226 reg_loss 0.0005633377586491406
epoch: 2 s: 256000 batch_loss 0.420513778924942 BPR_loss 0.41990113258361816 reg_loss 0.0006126548396423459
epoch: 2 s: 512000 batch_loss 0.3764060139656067 BPR_loss 0.37569424510002136 reg_loss 0.0007117580971680582
epoch: 2 s: 768000 batch_loss 0.3563954532146454 BPR_loss 0.35560595989227295 reg_loss 0.0007894867449067533
+-------+------------------+-------------------+--------------------+------------------------------------+------------------------------------+------------------------------------+------------------------------------+
| Epoch | training time(s) |   tesing time(s)  |        Loss        |               recall               |                ndcg                |             precision              |             hit_ratio              |
+-------+------------------+-------------------+--------------------+------------------------------------+------------------------------------+------------------------------------+------------------------------------+
|   2   | 66.3537905216217 | 68.39618062973022 | 153.97482299804688 | [0.14045491 0.2007374  0.24375835] | [0.11841065 0.13733562 0.15011795] | [0.04452576 0.03198808 0.02604216] | [0.50338268 0.61008775 0.66960279] |
+-------+------------------+-------------------+--------------------+------------------------------------+------------------------------------+------------------------------------+------------------------------------+
epoch: 3 s: 0 batch_loss 0.3578070402145386 BPR_loss 0.3569874167442322 reg_loss 0.0008196128765121102
epoch: 3 s: 256000 batch_loss 0.3557899594306946 BPR_loss 0.3549235165119171 reg_loss 0.000866440765094012
epoch: 3 s: 512000 batch_loss 0.3335214853286743 BPR_loss 0.332577109336853 reg_loss 0.0009443768067285419
epoch: 3 s: 768000 batch_loss 0.33440884947776794 BPR_loss 0.3333888649940491 reg_loss 0.0010199880925938487
+-------+-------------------+-------------------+-------------------+------------------------------------+------------------------------------+------------------------------------+------------------------------------+
| Epoch |  training time(s) |   tesing time(s)  |        Loss       |               recall               |                ndcg                |             precision              |             hit_ratio              |
+-------+-------------------+-------------------+-------------------+------------------------------------+------------------------------------+------------------------------------+------------------------------------+
|   3   | 67.81308031082153 | 88.42758750915527 | 137.4740753173828 | [0.14436267 0.20604708 0.24991351] | [0.12173195 0.14110403 0.15417936] | [0.0456896  0.03281616 0.02672818] | [0.5131623  0.62003483 0.67747337] |
+-------+-------------------+-------------------+-------------------+------------------------------------+------------------------------------+------------------------------------+------------------------------------+
epoch: 4 s: 0 batch_loss 0.32702288031578064 BPR_loss 0.32605090737342834 reg_loss 0.0009719694498926401
epoch: 4 s: 256000 batch_loss 0.31161636114120483 BPR_loss 0.31055521965026855 reg_loss 0.001061141025274992
epoch: 4 s: 512000 batch_loss 0.312209814786911 BPR_loss 0.3110957741737366 reg_loss 0.0011140441056340933
epoch: 4 s: 768000 batch_loss 0.3094883859157562 BPR_loss 0.3082667291164398 reg_loss 0.001221646904014051
+-------+-------------------+-------------------+--------------------+------------------------------------+------------------------------------+------------------------------------+------------------------------------+
| Epoch |  training time(s) |   tesing time(s)  |        Loss        |               recall               |                ndcg                |             precision              |             hit_ratio              |
+-------+-------------------+-------------------+--------------------+------------------------------------+------------------------------------+------------------------------------+------------------------------------+
|   4   | 67.65595960617065 | 80.11803126335144 | 123.88997650146484 | [0.14808384 0.2102806  0.25516795] | [0.12459754 0.14411978 0.15749749] | [0.04670273 0.03341232 0.02722274] | [0.52300891 0.6267667  0.6843727 ] |
+-------+-------------------+-------------------+--------------------+------------------------------------+------------------------------------+------------------------------------+------------------------------------+
epoch: 5 s: 0 batch_loss 0.29570305347442627 BPR_loss 0.2945142388343811 reg_loss 0.0011888239532709122
epoch: 5 s: 256000 batch_loss 0.2978264391422272 BPR_loss 0.2965373694896698 reg_loss 0.0012890774523839355
epoch: 5 s: 512000 batch_loss 0.28683435916900635 BPR_loss 0.28546732664108276 reg_loss 0.001367027871310711
epoch: 5 s: 768000 batch_loss 0.26828816533088684 BPR_loss 0.2668303847312927 reg_loss 0.0014577823458239436
+-------+-------------------+-------------------+--------------------+------------------------------------+------------------------------------+------------------------------------+------------------------------------+
| Epoch |  training time(s) |   tesing time(s)  |        Loss        |               recall               |                ndcg                |             precision              |             hit_ratio              |
+-------+-------------------+-------------------+--------------------+------------------------------------+------------------------------------+------------------------------------+------------------------------------+
|   5   | 68.81542682647705 | 72.83657050132751 | 112.76419067382812 | [0.15121991 0.21368932 0.25932317] | [0.12671464 0.14630435 0.15988211] | [0.04752328 0.03392809 0.02760343] | [0.52947284 0.62991493 0.69016679] |
+-------+-------------------+-------------------+--------------------+------------------------------------+------------------------------------+------------------------------------+------------------------------------+
epoch: 6 s: 0 batch_loss 0.26546433568000793 BPR_loss 0.2639816105365753 reg_loss 0.0014827123377472162
epoch: 6 s: 256000 batch_loss 0.2378067523241043 BPR_loss 0.23632995784282684 reg_loss 0.0014767985558137298
epoch: 6 s: 512000 batch_loss 0.26607856154441833 BPR_loss 0.26444923877716064 reg_loss 0.0016293160151690245
epoch: 6 s: 768000 batch_loss 0.25513190031051636 BPR_loss 0.25344976782798767 reg_loss 0.0016821339959278703
+-------+-------------------+-------------------+--------------------+------------------------------------+------------------------------------+------------------------------------+------------------------------------+
| Epoch |  training time(s) |   tesing time(s)  |        Loss        |               recall               |                ndcg                |             precision              |             hit_ratio              |
+-------+-------------------+-------------------+--------------------+------------------------------------+------------------------------------+------------------------------------+------------------------------------+
|   6   | 67.47828459739685 | 74.70147061347961 | 102.81979370117188 | [0.15367245 0.21710243 0.26250198] | [0.12911874 0.14902157 0.16257218] | [0.04825675 0.03444052 0.02798468] | [0.53386027 0.63681425 0.69378391] |
+-------+-------------------+-------------------+--------------------+------------------------------------+------------------------------------+------------------------------------+------------------------------------+
epoch: 7 s: 0 batch_loss 0.2625865638256073 BPR_loss 0.26093029975891113 reg_loss 0.0016562520759180188
epoch: 7 s: 256000 batch_loss 0.24237164855003357 BPR_loss 0.24065318703651428 reg_loss 0.00171846488956362
epoch: 7 s: 512000 batch_loss 0.23884835839271545 BPR_loss 0.23697355389595032 reg_loss 0.0018748026341199875
epoch: 7 s: 768000 batch_loss 0.2385719120502472 BPR_loss 0.2366982251405716 reg_loss 0.0018736837664619088
+-------+-------------------+-------------------+-------------------+------------------------------------+------------------------------------+------------------------------------+------------------------------------+
| Epoch |  training time(s) |   tesing time(s)  |        Loss       |               recall               |                ndcg                |             precision              |             hit_ratio              |
+-------+-------------------+-------------------+-------------------+------------------------------------+------------------------------------+------------------------------------+------------------------------------+
|   7   | 65.57341003417969 | 79.24167251586914 | 94.76728057861328 | [0.15532119 0.2194943  0.26553339] | [0.13105689 0.15124339 0.16491863] | [0.04872731 0.03481228 0.02823308] | [0.53566883 0.63962757 0.69706611] |
+-------+-------------------+-------------------+-------------------+------------------------------------+------------------------------------+------------------------------------+------------------------------------+
epoch: 8 s: 0 batch_loss 0.2300909161567688 BPR_loss 0.22820504009723663 reg_loss 0.0018858816474676132
epoch: 8 s: 256000 batch_loss 0.22454099357128143 BPR_loss 0.2225838601589203 reg_loss 0.0019571282900869846
epoch: 8 s: 512000 batch_loss 0.20284098386764526 BPR_loss 0.20076610147953033 reg_loss 0.002074877033010125
epoch: 8 s: 768000 batch_loss 0.2005912959575653 BPR_loss 0.19851812720298767 reg_loss 0.002073161769658327
+-------+-------------------+-------------------+------------------+------------------------------------+------------------------------------+------------------------------------+------------------------------------+
| Epoch |  training time(s) |   tesing time(s)  |       Loss       |               recall               |                ndcg                |             precision              |             hit_ratio              |
+-------+-------------------+-------------------+------------------+------------------------------------+------------------------------------+------------------------------------+------------------------------------+
|   8   | 67.40296530723572 | 76.98003816604614 | 87.5178451538086 | [0.15720956 0.2218038  0.26757763] | [0.13247229 0.15274871 0.16639595] | [0.0491895  0.0350777  0.02843347] | [0.54002277 0.64378056 0.69991292] |
+-------+-------------------+-------------------+------------------+------------------------------------+------------------------------------+------------------------------------+------------------------------------+
epoch: 9 s: 0 batch_loss 0.21633632481098175 BPR_loss 0.21428319811820984 reg_loss 0.0020531213376671076
epoch: 9 s: 256000 batch_loss 0.21644966304302216 BPR_loss 0.21435436606407166 reg_loss 0.0020952902268618345
epoch: 9 s: 512000 batch_loss 0.206161767244339 BPR_loss 0.20398619771003723 reg_loss 0.0021755744237452745
epoch: 9 s: 768000 batch_loss 0.18565602600574493 BPR_loss 0.18336175382137299 reg_loss 0.0022942665964365005
+-------+-------------------+-------------------+-------------------+------------------------------------+------------------------------------+------------------------------------+------------------------------------+
| Epoch |  training time(s) |   tesing time(s)  |        Loss       |               recall               |                ndcg                |             precision              |             hit_ratio              |
+-------+-------------------+-------------------+-------------------+------------------------------------+------------------------------------+------------------------------------+------------------------------------+
|   9   | 66.90527486801147 | 73.00059270858765 | 81.42342376708984 | [0.15890628 0.2234922  0.27033655] | [0.13377468 0.15403799 0.16802926] | [0.04968853 0.03528535 0.02868634] | [0.54270212 0.64639293 0.7036975 ] |
+-------+-------------------+-------------------+-------------------+------------------------------------+------------------------------------+------------------------------------+------------------------------------+
epoch: 10 s: 0 batch_loss 0.2063675969839096 BPR_loss 0.20410504937171936 reg_loss 0.0022625536657869816
epoch: 10 s: 256000 batch_loss 0.17952391505241394 BPR_loss 0.17727752029895782 reg_loss 0.0022464010398834944
epoch: 10 s: 512000 batch_loss 0.18822167813777924 BPR_loss 0.18575580418109894 reg_loss 0.0024658755864948034
epoch: 10 s: 768000 batch_loss 0.17535118758678436 BPR_loss 0.17298361659049988 reg_loss 0.0023675651755183935
+-------+-------------------+-------------------+-------------------+------------------------------------+------------------------------------+------------------------------------+------------------------------------+
| Epoch |  training time(s) |   tesing time(s)  |        Loss       |               recall               |                ndcg                |             precision              |             hit_ratio              |
+-------+-------------------+-------------------+-------------------+------------------------------------+------------------------------------+------------------------------------+------------------------------------+
|   10  | 66.10088467597961 | 74.95452570915222 | 75.01622772216797 | [0.15987624 0.22527331 0.27223582] | [0.13473652 0.15526911 0.16926812] | [0.04990287 0.03549719 0.02879965] | [0.54451068 0.64833545 0.7065778 ] |
+-------+-------------------+-------------------+-------------------+------------------------------------+------------------------------------+------------------------------------+------------------------------------+
epoch: 11 s: 0 batch_loss 0.17463688552379608 BPR_loss 0.17210987210273743 reg_loss 0.002527020638808608
epoch: 11 s: 256000 batch_loss 0.17969752848148346 BPR_loss 0.1770021766424179 reg_loss 0.002695352304726839
epoch: 11 s: 512000 batch_loss 0.17816103994846344 BPR_loss 0.1755446046590805 reg_loss 0.0026164392475038767
epoch: 11 s: 768000 batch_loss 0.1636790633201599 BPR_loss 0.16103199124336243 reg_loss 0.0026470781303942204
+-------+-------------------+-------------------+-------------------+------------------------------------+------------------------------------+------------------------------------+------------------------------------+
| Epoch |  training time(s) |   tesing time(s)  |        Loss       |               recall               |                ndcg                |             precision              |             hit_ratio              |
+-------+-------------------+-------------------+-------------------+------------------------------------+------------------------------------+------------------------------------+------------------------------------+
|   11  | 65.10604786872864 | 78.37957215309143 | 70.53083038330078 | [0.16086533 0.22638404 0.27392871] | [0.13545379 0.15607011 0.17021948] | [0.05014569 0.03563953 0.0289286 ] | [0.54675464 0.64984259 0.70862081] |
+-------+-------------------+-------------------+-------------------+------------------------------------+------------------------------------+------------------------------------+------------------------------------+
epoch: 12 s: 0 batch_loss 0.1766936033964157 BPR_loss 0.17407214641571045 reg_loss 0.0026214502286165953
epoch: 12 s: 256000 batch_loss 0.17025724053382874 BPR_loss 0.16751471161842346 reg_loss 0.0027425282169133425
epoch: 12 s: 512000 batch_loss 0.15292589366436005 BPR_loss 0.150132954120636 reg_loss 0.002792942803353071
epoch: 12 s: 768000 batch_loss 0.1659160703420639 BPR_loss 0.16299676895141602 reg_loss 0.0029193046502768993
+-------+-------------------+-------------------+-------------------+------------------------------------+------------------------------------+------------------------------------+------------------------------------+
| Epoch |  training time(s) |   tesing time(s)  |        Loss       |               recall               |                ndcg                |             precision              |             hit_ratio              |
+-------+-------------------+-------------------+-------------------+------------------------------------+------------------------------------+------------------------------------+------------------------------------+
|   12  | 66.72301197052002 | 69.82743573188782 | 66.18888854980469 | [0.16182529 0.22739442 0.27558887] | [0.13640098 0.15706622 0.17144013] | [0.0503098  0.03574419 0.0290888 ] | [0.54866367 0.65041195 0.70952509] |
+-------+-------------------+-------------------+-------------------+------------------------------------+------------------------------------+------------------------------------+------------------------------------+
epoch: 13 s: 0 batch_loss 0.14375662803649902 BPR_loss 0.1408381164073944 reg_loss 0.0029185167513787746
epoch: 13 s: 256000 batch_loss 0.15813159942626953 BPR_loss 0.155209481716156 reg_loss 0.0029221205040812492
epoch: 13 s: 512000 batch_loss 0.16206476092338562 BPR_loss 0.1590752899646759 reg_loss 0.0029894686304032803
epoch: 13 s: 768000 batch_loss 0.1794174313545227 BPR_loss 0.1762939989566803 reg_loss 0.003123427741229534
+-------+-------------------+-------------------+--------------------+------------------------------------+------------------------------------+------------------------------------+------------------------------------+
| Epoch |  training time(s) |   tesing time(s)  |        Loss        |               recall               |                ndcg                |             precision              |             hit_ratio              |
+-------+-------------------+-------------------+--------------------+------------------------------------+------------------------------------+------------------------------------+------------------------------------+
|   13  | 66.60619282722473 | 82.91486811637878 | 62.087345123291016 | [0.16276451 0.22916372 0.2767632 ] | [0.13718294 0.15809847 0.17230184] | [0.0506062  0.03599119 0.02920714] | [0.54883113 0.65466542 0.71173555] |
+-------+-------------------+-------------------+--------------------+------------------------------------+------------------------------------+------------------------------------+------------------------------------+
epoch: 14 s: 0 batch_loss 0.14231730997562408 BPR_loss 0.13936859369277954 reg_loss 0.002948719309642911
epoch: 14 s: 256000 batch_loss 0.14562712609767914 BPR_loss 0.14263078570365906 reg_loss 0.0029963357374072075
epoch: 14 s: 512000 batch_loss 0.1480470597743988 BPR_loss 0.14505267143249512 reg_loss 0.0029943876434117556
epoch: 14 s: 768000 batch_loss 0.14629530906677246 BPR_loss 0.14306452870368958 reg_loss 0.00323077873326838
+-------+-------------------+------------------+-------------------+------------------------------------+------------------------------------+------------------------------------+------------------------------------+
| Epoch |  training time(s) |  tesing time(s)  |        Loss       |               recall               |                ndcg                |             precision              |             hit_ratio              |
+-------+-------------------+------------------+-------------------+------------------------------------+------------------------------------+------------------------------------+------------------------------------+
|   14  | 66.65785193443298 | 77.4254105091095 | 58.61582565307617 | [0.16304629 0.22936891 0.27768793] | [0.13746965 0.15834789 0.17276854] | [0.05069998 0.03601464 0.02926016] | [0.54973541 0.65469891 0.71297475] |
+-------+-------------------+------------------+-------------------+------------------------------------+------------------------------------+------------------------------------+------------------------------------+
epoch: 15 s: 0 batch_loss 0.13194479048252106 BPR_loss 0.12875378131866455 reg_loss 0.0031910145189613104
epoch: 15 s: 256000 batch_loss 0.14535382390022278 BPR_loss 0.1420660763978958 reg_loss 0.0032877461053431034
epoch: 15 s: 512000 batch_loss 0.14349913597106934 BPR_loss 0.1400851309299469 reg_loss 0.003413999220356345
epoch: 15 s: 768000 batch_loss 0.13540597259998322 BPR_loss 0.1320764720439911 reg_loss 0.0033295059110969305
+-------+-------------------+-----------------+------------------+------------------------------------+------------------------------------+------------------------------------+------------------------------------+
| Epoch |  training time(s) |  tesing time(s) |       Loss       |               recall               |                ndcg                |             precision              |             hit_ratio              |
+-------+-------------------+-----------------+------------------+------------------------------------+------------------------------------+------------------------------------+------------------------------------+
|   15  | 64.92452955245972 | 69.703622341156 | 55.4832878112793 | [0.16408991 0.23056778 0.27831096] | [0.13800718 0.15899007 0.17335538] | [0.05074352 0.0360498  0.02933608] | [0.55154397 0.6568089  0.7131757 ] |
+-------+-------------------+-----------------+------------------+------------------------------------+------------------------------------+------------------------------------+------------------------------------+
epoch: 16 s: 0 batch_loss 0.12720152735710144 BPR_loss 0.1237458735704422 reg_loss 0.003455656347796321
epoch: 16 s: 256000 batch_loss 0.1522527039051056 BPR_loss 0.14888852834701538 reg_loss 0.0033641711343079805
epoch: 16 s: 512000 batch_loss 0.14333121478557587 BPR_loss 0.13987338542938232 reg_loss 0.003457835642620921
epoch: 16 s: 768000 batch_loss 0.10859785228967667 BPR_loss 0.10497355461120605 reg_loss 0.003624297445639968
+-------+-------------------+-------------------+------------------+------------------------------------+------------------------------------+------------------------------------+------------------------------------+
| Epoch |  training time(s) |   tesing time(s)  |       Loss       |               recall               |                ndcg                |             precision              |             hit_ratio              |
+-------+-------------------+-------------------+------------------+------------------------------------+------------------------------------+------------------------------------+------------------------------------+
|   16  | 65.36975526809692 | 77.71839547157288 | 52.4832763671875 | [0.16458066 0.23136626 0.279463  ] | [0.13854904 0.15956279 0.1739877 ] | [0.05103992 0.03617372 0.02943153] | [0.55221381 0.65747873 0.7152187 ] |
+-------+-------------------+-------------------+------------------+------------------------------------+------------------------------------+------------------------------------+------------------------------------+
epoch: 17 s: 0 batch_loss 0.12972652912139893 BPR_loss 0.12609423696994781 reg_loss 0.0036322863306850195
epoch: 17 s: 256000 batch_loss 0.12956412136554718 BPR_loss 0.1260230988264084 reg_loss 0.0035410241689532995
epoch: 17 s: 512000 batch_loss 0.13521157205104828 BPR_loss 0.13138607144355774 reg_loss 0.0038254964165389538
epoch: 17 s: 768000 batch_loss 0.1359790414571762 BPR_loss 0.132285475730896 reg_loss 0.003693562000989914
+-------+-------------------+-------------------+-------------------+------------------------------------+------------------------------------+------------------------------------+------------------------------------+
| Epoch |  training time(s) |   tesing time(s)  |        Loss       |               recall               |                ndcg                |             precision              |             hit_ratio              |
+-------+-------------------+-------------------+-------------------+------------------------------------+------------------------------------+------------------------------------+------------------------------------+
|   17  | 66.06306099891663 | 82.06608629226685 | 50.12514114379883 | [0.16493397 0.23206118 0.28065028] | [0.13889177 0.16009338 0.1746332 ] | [0.05101145 0.03626666 0.02947284] | [0.55301762 0.65804809 0.71659187] |
+-------+-------------------+-------------------+-------------------+------------------------------------+------------------------------------+------------------------------------+------------------------------------+
epoch: 18 s: 0 batch_loss 0.12109323590993881 BPR_loss 0.11738625168800354 reg_loss 0.003706982359290123
epoch: 18 s: 256000 batch_loss 0.11623919755220413 BPR_loss 0.11237649619579315 reg_loss 0.003862699493765831
epoch: 18 s: 512000 batch_loss 0.11179251968860626 BPR_loss 0.1079058051109314 reg_loss 0.003886713180691004
epoch: 18 s: 768000 batch_loss 0.11263762414455414 BPR_loss 0.10853365808725357 reg_loss 0.004103963728994131
+-------+-------------------+-------------------+--------------------+------------------------------------+------------------------------------+------------------------------------+------------------------------------+
| Epoch |  training time(s) |   tesing time(s)  |        Loss        |               recall               |                ndcg                |             precision              |             hit_ratio              |
+-------+-------------------+-------------------+--------------------+------------------------------------+------------------------------------+------------------------------------+------------------------------------+
|   18  | 66.46524858474731 | 73.74114465713501 | 47.451805114746094 | [0.16560334 0.23271634 0.28112092] | [0.13913409 0.16035689 0.17485096] | [0.05107509 0.03628006 0.02946781] | [0.55341952 0.65851698 0.71716123] |
+-------+-------------------+-------------------+--------------------+------------------------------------+------------------------------------+------------------------------------+------------------------------------+
epoch: 19 s: 0 batch_loss 0.11831594258546829 BPR_loss 0.11437763273715973 reg_loss 0.0039383117109537125
epoch: 19 s: 256000 batch_loss 0.10514360666275024 BPR_loss 0.10104307532310486 reg_loss 0.004100532736629248
epoch: 19 s: 512000 batch_loss 0.11154850572347641 BPR_loss 0.10767079144716263 reg_loss 0.0038777117151767015
epoch: 19 s: 768000 batch_loss 0.10429514199495316 BPR_loss 0.10032553225755692 reg_loss 0.00396960973739624
+-------+------------------+------------------+-------------------+------------------------------------+------------------------------------+------------------------------------+------------------------------------+
| Epoch | training time(s) |  tesing time(s)  |        Loss       |               recall               |                ndcg                |             precision              |             hit_ratio              |
+-------+------------------+------------------+-------------------+------------------------------------+------------------------------------+------------------------------------+------------------------------------+
|   19  | 66.1755006313324 | 78.4320113658905 | 45.13957214355469 | [0.16612117 0.23326346 0.28218371] | [0.13958693 0.16081554 0.1754733 ] | [0.05123585 0.03637216 0.02959062] | [0.55506062 0.65938777 0.71937169] |
+-------+------------------+------------------+-------------------+------------------------------------+------------------------------------+------------------------------------+------------------------------------+
epoch: 20 s: 0 batch_loss 0.11794275045394897 BPR_loss 0.11392965167760849 reg_loss 0.004013095982372761
epoch: 20 s: 256000 batch_loss 0.11290455609560013 BPR_loss 0.10891950130462646 reg_loss 0.003985052928328514
epoch: 20 s: 512000 batch_loss 0.11482040584087372 BPR_loss 0.11047923564910889 reg_loss 0.004341173451393843
epoch: 20 s: 768000 batch_loss 0.09530606865882874 BPR_loss 0.0910818874835968 reg_loss 0.004224180709570646
+-------+-------------------+-------------------+--------------------+------------------------------------+------------------------------------+------------------------------------+------------------------------------+
| Epoch |  training time(s) |   tesing time(s)  |        Loss        |               recall               |                ndcg                |             precision              |             hit_ratio              |
+-------+-------------------+-------------------+--------------------+------------------------------------+------------------------------------+------------------------------------+------------------------------------+
|   20  | 66.54731225967407 | 71.56194400787354 | 43.011436462402344 | [0.1672113  0.2347334  0.28337022] | [0.14016653 0.16154327 0.17608148] | [0.05146359 0.03657814 0.02967993] | [0.55663474 0.66159823 0.72000804] |
+-------+-------------------+-------------------+--------------------+------------------------------------+------------------------------------+------------------------------------+------------------------------------+
epoch: 21 s: 0 batch_loss 0.1006188616156578 BPR_loss 0.09666374325752258 reg_loss 0.003955118358135223
epoch: 21 s: 256000 batch_loss 0.1153840646147728 BPR_loss 0.11120990663766861 reg_loss 0.0041741556487977505
epoch: 21 s: 512000 batch_loss 0.10276413708925247 BPR_loss 0.09859301149845123 reg_loss 0.0041711279191076756
epoch: 21 s: 768000 batch_loss 0.09470158070325851 BPR_loss 0.0902523621916771 reg_loss 0.004449217580258846
+-------+-------------------+-------------------+-------------------+------------------------------------+------------------------------------+------------------------------------+------------------------------------+
| Epoch |  training time(s) |   tesing time(s)  |        Loss       |               recall               |                ndcg                |             precision              |             hit_ratio              |
+-------+-------------------+-------------------+-------------------+------------------------------------+------------------------------------+------------------------------------+------------------------------------+
|   21  | 66.72995829582214 | 78.57206630706787 | 41.10612106323242 | [0.1670905  0.23426656 0.2831992 ] | [0.13976709 0.16108713 0.175738  ] | [0.05128944 0.03646426 0.02962355] | [0.55727108 0.66136379 0.72064438] |
+-------+-------------------+-------------------+-------------------+------------------------------------+------------------------------------+------------------------------------+------------------------------------+
epoch: 22 s: 0 batch_loss 0.09324456751346588 BPR_loss 0.08888483047485352 reg_loss 0.004359734244644642
epoch: 22 s: 256000 batch_loss 0.09694451093673706 BPR_loss 0.09254772961139679 reg_loss 0.004396780859678984
epoch: 22 s: 512000 batch_loss 0.08659134805202484 BPR_loss 0.08221109211444855 reg_loss 0.004380256403237581
epoch: 22 s: 768000 batch_loss 0.1032293289899826 BPR_loss 0.09877143800258636 reg_loss 0.0044578928500413895
+-------+-------------------+-------------------+-------------------+------------------------------------+------------------------------------+------------------------------------+------------------------------------+
| Epoch |  training time(s) |   tesing time(s)  |        Loss       |               recall               |                ndcg                |             precision              |             hit_ratio              |
+-------+-------------------+-------------------+-------------------+------------------------------------+------------------------------------+------------------------------------+------------------------------------+
|   22  | 66.56723856925964 | 70.21114301681519 | 39.26355743408203 | [0.167554   0.23490259 0.28372028] | [0.14041699 0.16181297 0.17645867] | [0.05142843 0.03656307 0.02972682] | [0.55871123 0.66260299 0.72158216] |
+-------+-------------------+-------------------+-------------------+------------------------------------+------------------------------------+------------------------------------+------------------------------------+
epoch: 23 s: 0 batch_loss 0.10253553837537766 BPR_loss 0.09799784421920776 reg_loss 0.004537695087492466
epoch: 23 s: 256000 batch_loss 0.09681142866611481 BPR_loss 0.09227451682090759 reg_loss 0.004536912310868502
epoch: 23 s: 512000 batch_loss 0.09756139665842056 BPR_loss 0.092993825674057 reg_loss 0.004567571450024843
epoch: 23 s: 768000 batch_loss 0.09085986763238907 BPR_loss 0.08624328672885895 reg_loss 0.004616582300513983
+-------+-------------------+-------------------+-------------------+------------------------------------+------------------------------------+------------------------------------+------------------------------------+
| Epoch |  training time(s) |   tesing time(s)  |        Loss       |               recall               |                ndcg                |             precision              |             hit_ratio              |
+-------+-------------------+-------------------+-------------------+------------------------------------+------------------------------------+------------------------------------+------------------------------------+
|   23  | 66.22423601150513 | 76.82007336616516 | 37.75822830200195 | [0.1681621  0.23580076 0.28447737] | [0.14085272 0.16229641 0.17695063] | [0.05152555 0.03655972 0.02976589] | [0.55897917 0.66424409 0.72255342] |
+-------+-------------------+-------------------+-------------------+------------------------------------+------------------------------------+------------------------------------+------------------------------------+
epoch: 24 s: 0 batch_loss 0.09115380048751831 BPR_loss 0.08649076521396637 reg_loss 0.004663034342229366
epoch: 24 s: 256000 batch_loss 0.08301469683647156 BPR_loss 0.07853315770626068 reg_loss 0.004481542389839888
epoch: 24 s: 512000 batch_loss 0.09096074849367142 BPR_loss 0.08616650104522705 reg_loss 0.00479425024241209
epoch: 24 s: 768000 batch_loss 0.09169843047857285 BPR_loss 0.08687552064657211 reg_loss 0.004822910763323307
+-------+-------------------+-------------------+-------------------+------------------------------------+------------------------------------+------------------------------------+------------------------------------+
| Epoch |  training time(s) |   tesing time(s)  |        Loss       |               recall               |                ndcg                |             precision              |             hit_ratio              |
+-------+-------------------+-------------------+-------------------+------------------------------------+------------------------------------+------------------------------------+------------------------------------+
|   24  | 66.28708291053772 | 81.13524341583252 | 36.17427062988281 | [0.16795174 0.23610276 0.284977  ] | [0.14052606 0.16218475 0.17687142] | [0.05142005 0.03656139 0.02973463] | [0.55676871 0.66404314 0.72245294] |
+-------+-------------------+-------------------+-------------------+------------------------------------+------------------------------------+------------------------------------+------------------------------------+
epoch: 25 s: 0 batch_loss 0.08939618617296219 BPR_loss 0.08457784354686737 reg_loss 0.004818343557417393
epoch: 25 s: 256000 batch_loss 0.09064555168151855 BPR_loss 0.08578456193208694 reg_loss 0.004860986955463886
epoch: 25 s: 512000 batch_loss 0.0947277694940567 BPR_loss 0.08994266390800476 reg_loss 0.004785103723406792
epoch: 25 s: 768000 batch_loss 0.09890417009592056 BPR_loss 0.0937320739030838 reg_loss 0.005172099452465773
+-------+------------------+------------------+-------------------+------------------------------------+------------------------------------+------------------------------------+------------------------------------+
| Epoch | training time(s) |  tesing time(s)  |        Loss       |               recall               |                ndcg                |             precision              |             hit_ratio              |
+-------+------------------+------------------+-------------------+------------------------------------+------------------------------------+------------------------------------+------------------------------------+
|   25  | 65.4803295135498 | 76.2713406085968 | 34.89225387573242 | [0.1679276  0.23588901 0.28500949] | [0.14023699 0.16187923 0.17660027] | [0.05131623 0.03652455 0.02968886] | [0.55797441 0.66431107 0.72231898] |
+-------+------------------+------------------+-------------------+------------------------------------+------------------------------------+------------------------------------+------------------------------------+
epoch: 26 s: 0 batch_loss 0.07024727761745453 BPR_loss 0.0653330534696579 reg_loss 0.0049142250791192055
epoch: 26 s: 256000 batch_loss 0.08587367832660675 BPR_loss 0.080916628241539 reg_loss 0.004957049619406462
epoch: 26 s: 512000 batch_loss 0.08238666504621506 BPR_loss 0.07748652249574661 reg_loss 0.004900140687823296
epoch: 26 s: 768000 batch_loss 0.07943364232778549 BPR_loss 0.07442709058523178 reg_loss 0.005006548948585987
+-------+-------------------+-------------------+--------------------+------------------------------------+------------------------------------+------------------------------------+------------------------------------+
| Epoch |  training time(s) |   tesing time(s)  |        Loss        |               recall               |                ndcg                |             precision              |             hit_ratio              |
+-------+-------------------+-------------------+--------------------+------------------------------------+------------------------------------+------------------------------------+------------------------------------+
|   26  | 66.28588724136353 | 71.82991075515747 | 33.626678466796875 | [0.16831829 0.23609045 0.28474119] | [0.14048023 0.16211214 0.17666307] | [0.05139829 0.03660326 0.0296777 ] | [0.55854377 0.66370822 0.72292183] |
+-------+-------------------+-------------------+--------------------+------------------------------------+------------------------------------+------------------------------------+------------------------------------+
epoch: 27 s: 0 batch_loss 0.0783575028181076 BPR_loss 0.07347925752401352 reg_loss 0.004878245294094086
epoch: 27 s: 256000 batch_loss 0.07973722368478775 BPR_loss 0.07474406063556671 reg_loss 0.004993161652237177
epoch: 27 s: 512000 batch_loss 0.08484305441379547 BPR_loss 0.07961966842412949 reg_loss 0.00522338692098856
epoch: 27 s: 768000 batch_loss 0.09231548011302948 BPR_loss 0.08735978603363037 reg_loss 0.004955693148076534
+-------+------------------+-------------------+-------------------+------------------------------------+------------------------------------+------------------------------------+------------------------------------+
| Epoch | training time(s) |   tesing time(s)  |        Loss       |               recall               |                ndcg                |             precision              |             hit_ratio              |
+-------+------------------+-------------------+-------------------+------------------------------------+------------------------------------+------------------------------------+------------------------------------+
|   27  | 62.2470166683197 | 73.69455766677856 | 32.14772415161133 | [0.16904069 0.23607003 0.28509763] | [0.14105265 0.16244669 0.17711902] | [0.05149541 0.03656474 0.02969556] | [0.55938107 0.66283743 0.7234577 ] |
+-------+------------------+-------------------+-------------------+------------------------------------+------------------------------------+------------------------------------+------------------------------------+
epoch: 28 s: 0 batch_loss 0.08776799589395523 BPR_loss 0.08265401422977448 reg_loss 0.005113983526825905
epoch: 28 s: 256000 batch_loss 0.08156844973564148 BPR_loss 0.0762237086892128 reg_loss 0.005344738718122244
epoch: 28 s: 512000 batch_loss 0.06920242309570312 BPR_loss 0.0638941079378128 reg_loss 0.005308317951858044
epoch: 28 s: 768000 batch_loss 0.06692064553499222 BPR_loss 0.06153548136353493 reg_loss 0.005385162308812141
+-------+--------------------+--------------------+--------------------+------------------------------------+------------------------------------+------------------------------------+------------------------------------+
| Epoch |  training time(s)  |   tesing time(s)   |        Loss        |               recall               |                ndcg                |             precision              |             hit_ratio              |
+-------+--------------------+--------------------+--------------------+------------------------------------+------------------------------------+------------------------------------+------------------------------------+
|   28  | 60.303831815719604 | 61.857935667037964 | 31.240272521972656 | [0.16913278 0.23657166 0.28560709] | [0.14072181 0.16228855 0.17695779] | [0.05136479 0.03656976 0.02969333] | [0.55814187 0.66394266 0.72332373] |
+-------+--------------------+--------------------+--------------------+------------------------------------+------------------------------------+------------------------------------+------------------------------------+
epoch: 29 s: 0 batch_loss 0.07800393551588058 BPR_loss 0.0725775957107544 reg_loss 0.005426341202110052
epoch: 29 s: 256000 batch_loss 0.0732501819729805 BPR_loss 0.06790469586849213 reg_loss 0.005345487967133522
epoch: 29 s: 512000 batch_loss 0.07661834359169006 BPR_loss 0.07123041152954102 reg_loss 0.005387929733842611
epoch: 29 s: 768000 batch_loss 0.0697215273976326 BPR_loss 0.06430845707654953 reg_loss 0.005413068924099207
+-------+-------------------+-------------------+--------------------+------------------------------------+------------------------------------+------------------------------------+------------------------------------+
| Epoch |  training time(s) |   tesing time(s)  |        Loss        |               recall               |                ndcg                |             precision              |             hit_ratio              |
+-------+-------------------+-------------------+--------------------+------------------------------------+------------------------------------+------------------------------------+------------------------------------+
|   29  | 60.19928693771362 | 64.38394260406494 | 30.107820510864258 | [0.16965395 0.23673925 0.28582548] | [0.14089526 0.16232088 0.17698321] | [0.05156909 0.03658316 0.02969444] | [0.55981646 0.66437806 0.72439547] |
+-------+-------------------+-------------------+--------------------+------------------------------------+------------------------------------+------------------------------------+------------------------------------+
epoch: 30 s: 0 batch_loss 0.07228497415781021 BPR_loss 0.06684469431638718 reg_loss 0.005440280772745609
epoch: 30 s: 256000 batch_loss 0.06942948698997498 BPR_loss 0.06371469050645828 reg_loss 0.005714799277484417
epoch: 30 s: 512000 batch_loss 0.07842601090669632 BPR_loss 0.07273844629526138 reg_loss 0.00568756740540266
epoch: 30 s: 768000 batch_loss 0.0767330750823021 BPR_loss 0.0712393969297409 reg_loss 0.005493674892932177
+-------+-------------------+-------------------+--------------------+------------------------------------+------------------------------------+------------------------------------+------------------------------------+
| Epoch |  training time(s) |   tesing time(s)  |        Loss        |               recall               |                ndcg                |             precision              |             hit_ratio              |
+-------+-------------------+-------------------+--------------------+------------------------------------+------------------------------------+------------------------------------+------------------------------------+
|   30  | 57.99476742744446 | 67.42478346824646 | 29.067338943481445 | [0.16956515 0.23643058 0.28602293] | [0.14119826 0.16258376 0.17738455] | [0.05151383 0.03652455 0.02967658] | [0.55974948 0.66444504 0.7255007 ] |
+-------+-------------------+-------------------+--------------------+------------------------------------+------------------------------------+------------------------------------+------------------------------------+
epoch: 31 s: 0 batch_loss 0.06888554990291595 BPR_loss 0.06347576528787613 reg_loss 0.005409780889749527
epoch: 31 s: 256000 batch_loss 0.06447739154100418 BPR_loss 0.05861993134021759 reg_loss 0.0058574615977704525
epoch: 31 s: 512000 batch_loss 0.07812061905860901 BPR_loss 0.07256583124399185 reg_loss 0.005554786883294582
epoch: 31 s: 768000 batch_loss 0.06428707391023636 BPR_loss 0.05855965614318848 reg_loss 0.00572741637006402
+-------+-------------------+-------------------+--------------------+------------------------------------+------------------------------------+------------------------------------+------------------------------------+
| Epoch |  training time(s) |   tesing time(s)  |        Loss        |               recall               |                ndcg                |             precision              |             hit_ratio              |
+-------+-------------------+-------------------+--------------------+------------------------------------+------------------------------------+------------------------------------+------------------------------------+
|   31  | 57.83918523788452 | 64.46747756004333 | 28.308860778808594 | [0.16934076 0.23650933 0.28532237] | [0.1405962  0.16211616 0.17671972] | [0.05127604 0.03645673 0.02957555] | [0.55958202 0.66508139 0.72282135] |
+-------+-------------------+-------------------+--------------------+------------------------------------+------------------------------------+------------------------------------+------------------------------------+
epoch: 32 s: 0 batch_loss 0.06831822544336319 BPR_loss 0.06279420852661133 reg_loss 0.005524016451090574
epoch: 32 s: 256000 batch_loss 0.07031364738941193 BPR_loss 0.0645017996430397 reg_loss 0.005811849143356085
epoch: 32 s: 512000 batch_loss 0.06680081784725189 BPR_loss 0.06109651178121567 reg_loss 0.005704306997358799
epoch: 32 s: 768000 batch_loss 0.06889443099498749 BPR_loss 0.06281773746013641 reg_loss 0.006076697260141373
+-------+-------------------+--------------------+-------------------+------------------------------------+------------------------------------+------------------------------------+------------------------------------+
| Epoch |  training time(s) |   tesing time(s)   |        Loss       |               recall               |                ndcg                |             precision              |             hit_ratio              |
+-------+-------------------+--------------------+-------------------+------------------------------------+------------------------------------+------------------------------------+------------------------------------+
|   32  | 58.08482813835144 | 55.437663078308105 | 27.15078353881836 | [0.16935943 0.23633114 0.28506926] | [0.14047119 0.16195576 0.17653664] | [0.05115547 0.03634955 0.02948679] | [0.56035233 0.66457901 0.72215152] |
+-------+-------------------+--------------------+-------------------+------------------------------------+------------------------------------+------------------------------------+------------------------------------+
epoch: 33 s: 0 batch_loss 0.06324661523103714 BPR_loss 0.05789686739444733 reg_loss 0.0053497496992349625
epoch: 33 s: 256000 batch_loss 0.05326807498931885 BPR_loss 0.047550685703754425 reg_loss 0.005717389285564423
epoch: 33 s: 512000 batch_loss 0.06266938894987106 BPR_loss 0.05675596743822098 reg_loss 0.005913418252021074
epoch: 33 s: 768000 batch_loss 0.06605618447065353 BPR_loss 0.060416124761104584 reg_loss 0.005640058312565088
+-------+-------------------+-------------------+-------------------+------------------------------------+------------------------------------+------------------------------------+------------------------------------+
| Epoch |  training time(s) |   tesing time(s)  |        Loss       |               recall               |                ndcg                |             precision              |             hit_ratio              |
+-------+-------------------+-------------------+-------------------+------------------------------------+------------------------------------+------------------------------------+------------------------------------+
|   33  | 55.21058225631714 | 54.95895338058472 | 26.28489112854004 | [0.16902265 0.23627949 0.28571232] | [0.14027234 0.16186338 0.17664663] | [0.05105667 0.03634453 0.02954373] | [0.55830933 0.66431107 0.72416103] |
+-------+-------------------+-------------------+-------------------+------------------------------------+------------------------------------+------------------------------------+------------------------------------+
epoch: 34 s: 0 batch_loss 0.06629892438650131 BPR_loss 0.060318708419799805 reg_loss 0.005980217829346657
epoch: 34 s: 256000 batch_loss 0.0667363628745079 BPR_loss 0.06087001413106918 reg_loss 0.005866351071745157
epoch: 34 s: 512000 batch_loss 0.05934561789035797 BPR_loss 0.05354208126664162 reg_loss 0.005803537555038929
epoch: 34 s: 768000 batch_loss 0.06640565395355225 BPR_loss 0.06056651845574379 reg_loss 0.005839139223098755
+-------+--------------------+--------------------+-------------------+------------------------------------+------------------------------------+------------------------------------+------------------------------------+
| Epoch |  training time(s)  |   tesing time(s)   |        Loss       |               recall               |                ndcg                |             precision              |             hit_ratio              |
+-------+--------------------+--------------------+-------------------+------------------------------------+------------------------------------+------------------------------------+------------------------------------+
|   34  | 49.497498750686646 | 46.853681564331055 | 25.39931297302246 | [0.16905103 0.23631643 0.28509598] | [0.13987569 0.16148458 0.17611895] | [0.05091265 0.03622898 0.02943265] | [0.55830933 0.66394266 0.72231898] |
+-------+--------------------+--------------------+-------------------+------------------------------------+------------------------------------+------------------------------------+------------------------------------+
epoch: 35 s: 0 batch_loss 0.06389779597520828 BPR_loss 0.058033738285303116 reg_loss 0.005864055827260017
epoch: 35 s: 256000 batch_loss 0.061279259622097015 BPR_loss 0.05548339709639549 reg_loss 0.005795861594378948
epoch: 35 s: 512000 batch_loss 0.06451213359832764 BPR_loss 0.0584850013256073 reg_loss 0.0060271285474300385
epoch: 35 s: 768000 batch_loss 0.06140008196234703 BPR_loss 0.05527646094560623 reg_loss 0.006123619619756937
+-------+--------------------+-------------------+-------------------+------------------------------------+------------------------------------+------------------------------------+------------------------------------+
| Epoch |  training time(s)  |   tesing time(s)  |        Loss       |               recall               |                ndcg                |             precision              |             hit_ratio              |
+-------+--------------------+-------------------+-------------------+------------------------------------+------------------------------------+------------------------------------+------------------------------------+
|   35  | 49.757957220077515 | 55.77093744277954 | 24.70391082763672 | [0.16949741 0.23737571 0.28566023] | [0.14025664 0.16210391 0.17660496] | [0.05096624 0.03638807 0.0295041 ] | [0.55998392 0.66568424 0.72248644] |
+-------+--------------------+-------------------+-------------------+------------------------------------+------------------------------------+------------------------------------+------------------------------------+
epoch: 36 s: 0 batch_loss 0.05947507545351982 BPR_loss 0.053438700735569 reg_loss 0.006036373320966959
epoch: 36 s: 256000 batch_loss 0.06034597381949425 BPR_loss 0.05413201078772545 reg_loss 0.006213963031768799
epoch: 36 s: 512000 batch_loss 0.05386783182621002 BPR_loss 0.04799891263246536 reg_loss 0.005868920590728521
epoch: 36 s: 768000 batch_loss 0.05538308992981911 BPR_loss 0.049464620649814606 reg_loss 0.005918468348681927
+-------+--------------------+-------------------+--------------------+------------------------------------+------------------------------------+------------------------------------+------------------------------------+
| Epoch |  training time(s)  |   tesing time(s)  |        Loss        |               recall               |                ndcg                |             precision              |             hit_ratio              |
+-------+--------------------+-------------------+--------------------+------------------------------------+------------------------------------+------------------------------------+------------------------------------+
|   36  | 50.538671016693115 | 59.81278586387634 | 24.219039916992188 | [0.16923416 0.23687736 0.28441562] | [0.13962033 0.16142563 0.17569445] | [0.05078203 0.03626164 0.0293411 ] | [0.55854377 0.66317235 0.7213812 ] |
+-------+--------------------+-------------------+--------------------+------------------------------------+------------------------------------+------------------------------------+------------------------------------+
epoch: 37 s: 0 batch_loss 0.0634852722287178 BPR_loss 0.0573868528008461 reg_loss 0.006098418030887842
epoch: 37 s: 256000 batch_loss 0.06416939944028854 BPR_loss 0.058218732476234436 reg_loss 0.0059506651014089584
epoch: 37 s: 512000 batch_loss 0.06313424557447433 BPR_loss 0.056821975857019424 reg_loss 0.006312266457825899
epoch: 37 s: 768000 batch_loss 0.053146760910749435 BPR_loss 0.04659413546323776 reg_loss 0.006552625447511673
+-------+-------------------+--------------------+--------------------+------------------------------------+------------------------------------+------------------------------------+------------------------------------+
| Epoch |  training time(s) |   tesing time(s)   |        Loss        |               recall               |                ndcg                |             precision              |             hit_ratio              |
+-------+-------------------+--------------------+--------------------+------------------------------------+------------------------------------+------------------------------------+------------------------------------+
|   37  | 51.50868058204651 | 61.038020849227905 | 23.511472702026367 | [0.16966168 0.23741407 0.28528651] | [0.13980447 0.16164228 0.17601673] | [0.05090261 0.03631523 0.02940976] | [0.55984996 0.6646125  0.72295532] |
+-------+-------------------+--------------------+--------------------+------------------------------------+------------------------------------+------------------------------------+------------------------------------+
epoch: 38 s: 0 batch_loss 0.06156512722373009 BPR_loss 0.05528426915407181 reg_loss 0.0062808566726744175
epoch: 38 s: 256000 batch_loss 0.06102947145700455 BPR_loss 0.05494963005185127 reg_loss 0.0060798404738307
epoch: 38 s: 512000 batch_loss 0.04978182911872864 BPR_loss 0.043427303433418274 reg_loss 0.006354525685310364
epoch: 38 s: 768000 batch_loss 0.0568368174135685 BPR_loss 0.050732873380184174 reg_loss 0.006103944033384323
+-------+------------------+-------------------+-------------------+------------------------------------+------------------------------------+------------------------------------+------------------------------------+
| Epoch | training time(s) |   tesing time(s)  |        Loss       |               recall               |                ndcg                |             precision              |             hit_ratio              |
+-------+------------------+-------------------+-------------------+------------------------------------+------------------------------------+------------------------------------+------------------------------------+
|   38  | 50.881187915802  | 59.59861636161804 | 22.65264320373535 | [0.16916817 0.23723262 0.28497228] | [0.13950535 0.16141034 0.17576454] | [0.05079376 0.03627336 0.02938464] | [0.55797441 0.66411012 0.72094581] |
+-------+------------------+-------------------+-------------------+------------------------------------+------------------------------------+------------------------------------+------------------------------------+
epoch: 39 s: 0 batch_loss 0.04756831377744675 BPR_loss 0.041316524147987366 reg_loss 0.006251787766814232
epoch: 39 s: 256000 batch_loss 0.05675472319126129 BPR_loss 0.050525546073913574 reg_loss 0.006229175720363855
epoch: 39 s: 512000 batch_loss 0.04953048378229141 BPR_loss 0.04331982135772705 reg_loss 0.006210661493241787
epoch: 39 s: 768000 batch_loss 0.054090701043605804 BPR_loss 0.04760146886110306 reg_loss 0.006489230785518885
+-------+-------------------+-------------------+-------------------+------------------------------------+------------------------------------+------------------------------------+------------------------------------+
| Epoch |  training time(s) |   tesing time(s)  |        Loss       |               recall               |                ndcg                |             precision              |             hit_ratio              |
+-------+-------------------+-------------------+-------------------+------------------------------------+------------------------------------+------------------------------------+------------------------------------+
|   39  | 50.96401524543762 | 60.44521737098694 | 22.49163055419922 | [0.16878876 0.23664939 0.28503985] | [0.13916497 0.16105253 0.17554977] | [0.05060788 0.03614274 0.02931933] | [0.55603188 0.66320584 0.72101279] |
+-------+-------------------+-------------------+-------------------+------------------------------------+------------------------------------+------------------------------------+------------------------------------+
epoch: 40 s: 0 batch_loss 0.05954906716942787 BPR_loss 0.05313137173652649 reg_loss 0.006417696364223957
epoch: 40 s: 256000 batch_loss 0.04894178733229637 BPR_loss 0.04266122728586197 reg_loss 0.006280559115111828
epoch: 40 s: 512000 batch_loss 0.054843321442604065 BPR_loss 0.04826384782791138 reg_loss 0.006579472683370113
epoch: 40 s: 768000 batch_loss 0.05425853654742241 BPR_loss 0.047869108617305756 reg_loss 0.006389428395777941
+-------+--------------------+--------------------+--------------------+------------------------------------+------------------------------------+------------------------------------+------------------------------------+
| Epoch |  training time(s)  |   tesing time(s)   |        Loss        |               recall               |                ndcg                |             precision              |             hit_ratio              |
+-------+--------------------+--------------------+--------------------+------------------------------------+------------------------------------+------------------------------------+------------------------------------+
|   40  | 47.225340843200684 | 49.617334842681885 | 21.661226272583008 | [0.16934951 0.23662899 0.28531816] | [0.13964555 0.16126352 0.17586719] | [0.05080883 0.03613604 0.0293679 ] | [0.55757251 0.66414361 0.72238596] |
+-------+--------------------+--------------------+--------------------+------------------------------------+------------------------------------+------------------------------------+------------------------------------+
epoch: 41 s: 0 batch_loss 0.05929068475961685 BPR_loss 0.05293169617652893 reg_loss 0.006358987186104059
epoch: 41 s: 256000 batch_loss 0.05260704085230827 BPR_loss 0.0460016168653965 reg_loss 0.006605423521250486
epoch: 41 s: 512000 batch_loss 0.05275245010852814 BPR_loss 0.04632372781634331 reg_loss 0.006428721826523542
epoch: 41 s: 768000 batch_loss 0.05821600183844566 BPR_loss 0.05185497924685478 reg_loss 0.006361023988574743
+-------+-------------------+-------------------+--------------------+------------------------------------+------------------------------------+------------------------------------+------------------------------------+
| Epoch |  training time(s) |   tesing time(s)  |        Loss        |               recall               |                ndcg                |             precision              |             hit_ratio              |
+-------+-------------------+-------------------+--------------------+------------------------------------+------------------------------------+------------------------------------+------------------------------------+
|   41  | 48.18452858924866 | 67.95257449150085 | 21.072795867919922 | [0.16845358 0.23539892 0.28432713] | [0.1388294  0.16037305 0.17505011] | [0.05043037 0.03586895 0.02918592] | [0.55522808 0.66069395 0.72000804] |
+-------+-------------------+-------------------+--------------------+------------------------------------+------------------------------------+------------------------------------+------------------------------------+
epoch: 42 s: 0 batch_loss 0.056967247277498245 BPR_loss 0.05043007805943489 reg_loss 0.006537170149385929
epoch: 42 s: 256000 batch_loss 0.060377515852451324 BPR_loss 0.05371856689453125 reg_loss 0.0066589475609362125
epoch: 42 s: 512000 batch_loss 0.050532978028059006 BPR_loss 0.04386022686958313 reg_loss 0.006672752555459738
epoch: 42 s: 768000 batch_loss 0.05372730642557144 BPR_loss 0.04738722741603851 reg_loss 0.006340079940855503
+-------+-------------------+-------------------+-------------------+------------------------------------+------------------------------------+------------------------------------+------------------------------------+
| Epoch |  training time(s) |   tesing time(s)  |        Loss       |               recall               |                ndcg                |             precision              |             hit_ratio              |
+-------+-------------------+-------------------+-------------------+------------------------------------+------------------------------------+------------------------------------+------------------------------------+
|   42  | 59.33854007720947 | 75.53491258621216 | 20.62782096862793 | [0.16882993 0.2356131  0.28481947] | [0.13879813 0.16029528 0.17502684] | [0.05051745 0.03589407 0.02919653] | [0.55576395 0.66086141 0.72077835] |
+-------+-------------------+-------------------+-------------------+------------------------------------+------------------------------------+------------------------------------+------------------------------------+
epoch: 43 s: 0 batch_loss 0.055470023304224014 BPR_loss 0.04872623831033707 reg_loss 0.006743785925209522
epoch: 43 s: 256000 batch_loss 0.05731857940554619 BPR_loss 0.050958406180143356 reg_loss 0.006360173691064119
epoch: 43 s: 512000 batch_loss 0.052354663610458374 BPR_loss 0.04584495723247528 reg_loss 0.006509706843644381
epoch: 43 s: 768000 batch_loss 0.04467024654150009 BPR_loss 0.03770424425601959 reg_loss 0.006966003216803074
+-------+-------------------+-------------------+-------------------+------------------------------------+------------------------------------+------------------------------------+------------------------------------+
| Epoch |  training time(s) |   tesing time(s)  |        Loss       |               recall               |                ndcg                |             precision              |             hit_ratio              |
+-------+-------------------+-------------------+-------------------+------------------------------------+------------------------------------+------------------------------------+------------------------------------+
|   43  | 72.07125902175903 | 79.04764032363892 | 20.18630599975586 | [0.16839176 0.23557424 0.28442825] | [0.13870849 0.16027249 0.1748811 ] | [0.05053587 0.03590579 0.02915857] | [0.55459173 0.66163172 0.72077835] |
+-------+-------------------+-------------------+-------------------+------------------------------------+------------------------------------+------------------------------------+------------------------------------+
epoch: 44 s: 0 batch_loss 0.05579293891787529 BPR_loss 0.049073562026023865 reg_loss 0.006719378288835287
epoch: 44 s: 256000 batch_loss 0.04671682044863701 BPR_loss 0.0398293100297451 reg_loss 0.006887510418891907
epoch: 44 s: 512000 batch_loss 0.04385579004883766 BPR_loss 0.03727065026760101 reg_loss 0.006585140246897936
epoch: 44 s: 768000 batch_loss 0.03860215097665787 BPR_loss 0.03167230635881424 reg_loss 0.006929843686521053
+-------+-------------------+--------------------+-------------------+------------------------------------+------------------------------------+------------------------------------+------------------------------------+
| Epoch |  training time(s) |   tesing time(s)   |        Loss       |               recall               |                ndcg                |             precision              |             hit_ratio              |
+-------+-------------------+--------------------+-------------------+------------------------------------+------------------------------------+------------------------------------+------------------------------------+
|   44  | 65.23095774650574 | 108.28785753250122 | 19.72953987121582 | [0.16785791 0.23550251 0.28381094] | [0.13771121 0.15949547 0.17395519] | [0.05019425 0.03582624 0.02906926] | [0.55425682 0.6608949  0.7185009 ] |
+-------+-------------------+--------------------+-------------------+------------------------------------+------------------------------------+------------------------------------+------------------------------------+
epoch: 45 s: 0 batch_loss 0.04599124938249588 BPR_loss 0.03915327787399292 reg_loss 0.006837972905486822
epoch: 45 s: 256000 batch_loss 0.04705832898616791 BPR_loss 0.04033450037240982 reg_loss 0.006723830010741949
epoch: 45 s: 512000 batch_loss 0.05147230625152588 BPR_loss 0.04448501393198967 reg_loss 0.006987291853874922
epoch: 45 s: 768000 batch_loss 0.05390936881303787 BPR_loss 0.04685693234205246 reg_loss 0.007052436470985413
+-------+--------------------+--------------------+-------------------+------------------------------------+------------------------------------+------------------------------------+------------------------------------+
| Epoch |  training time(s)  |   tesing time(s)   |        Loss       |               recall               |                ndcg                |             precision              |             hit_ratio              |
+-------+--------------------+--------------------+-------------------+------------------------------------+------------------------------------+------------------------------------+------------------------------------+
|   45  | 62.829060077667236 | 114.10163593292236 | 19.30146598815918 | [0.16803592 0.23563927 0.28424735] | [0.13823359 0.15999239 0.17455204] | [0.05025286 0.03583043 0.02911894] | [0.55479269 0.66163172 0.71963963] |
+-------+--------------------+--------------------+-------------------+------------------------------------+------------------------------------+------------------------------------+------------------------------------+
epoch: 46 s: 0 batch_loss 0.05575689673423767 BPR_loss 0.04897250980138779 reg_loss 0.006784386932849884
epoch: 46 s: 256000 batch_loss 0.0496273934841156 BPR_loss 0.042794741690158844 reg_loss 0.006832653656601906
epoch: 46 s: 512000 batch_loss 0.04065830633044243 BPR_loss 0.033802859485149384 reg_loss 0.006855445448309183
epoch: 46 s: 768000 batch_loss 0.04566456004977226 BPR_loss 0.03860746696591377 reg_loss 0.007057092152535915
+-------+------------------+-------------------+--------------------+------------------------------------+------------------------------------+------------------------------------+------------------------------------+
| Epoch | training time(s) |   tesing time(s)  |        Loss        |               recall               |                ndcg                |             precision              |             hit_ratio              |
+-------+------------------+-------------------+--------------------+------------------------------------+------------------------------------+------------------------------------+------------------------------------+
|   46  | 58.1470673084259 | 119.5339834690094 | 18.741727828979492 | [0.16783538 0.23522186 0.28351687] | [0.13768099 0.15938981 0.17387884] | [0.05005191 0.03565376 0.02896767] | [0.55388841 0.65955523 0.71836694] |
+-------+------------------+-------------------+--------------------+------------------------------------+------------------------------------+------------------------------------+------------------------------------+
epoch: 47 s: 0 batch_loss 0.05569310113787651 BPR_loss 0.04857908934354782 reg_loss 0.007114010397344828
epoch: 47 s: 256000 batch_loss 0.05245145410299301 BPR_loss 0.04539336636662483 reg_loss 0.0070580895990133286
epoch: 47 s: 512000 batch_loss 0.044838350266218185 BPR_loss 0.037885915488004684 reg_loss 0.006952434312552214
epoch: 47 s: 768000 batch_loss 0.048002373427152634 BPR_loss 0.04118739441037178 reg_loss 0.006814978551119566
+-------+--------------------+--------------------+--------------------+------------------------------------+------------------------------------+------------------------------------+------------------------------------+
| Epoch |  training time(s)  |   tesing time(s)   |        Loss        |               recall               |                ndcg                |             precision              |             hit_ratio              |
+-------+--------------------+--------------------+--------------------+------------------------------------+------------------------------------+------------------------------------+------------------------------------+
|   47  | 59.960912466049194 | 121.19281482696533 | 18.483430862426758 | [0.16740309 0.23493007 0.28329031] | [0.13728302 0.15905614 0.1735416 ] | [0.04978398 0.0355491  0.02888226] | [0.55221381 0.66015808 0.71930471] |
+-------+--------------------+--------------------+--------------------+------------------------------------+------------------------------------+------------------------------------+------------------------------------+
Early stopping is trigger at step: 10 log:0.16740309264238876
early stopping at 47, recall@20:0.1697
