Namespace(K=1, Ks='[20, 40, 60]', batch_size=2048, batch_test_flag=True, context_hops=3, cuda=True, data_path='data/', dataset='gowalla', dim=64, edge_dropout=False, edge_dropout_rate=0.1, epoch=1000, eps=0.01, gnn='lightgcn', gpu_id=3, l2=0.01, lr=0.009, mess_dropout=False, mess_dropout_rate=0.1, n_negs=16, ns='mixgcf', out_dir='./weights/yelp2018/', pool='mean', save=False, test_batch_size=2048, test_flag='part')
reading train and test user-item set ...
building the adj mat ...
loading over ...
卷积器不需要第0层embedding
拿这个最难的neg_item去和pos_item在每一个维度上自适应权重......
start training ...
epoch: 0 s: 0 batch_loss 0.6931511759757996 BPR_loss 0.6931487321853638 reg_loss 2.4288397071359213e-06
epoch: 0 s: 256000 batch_loss 0.6443347334861755 BPR_loss 0.5999330282211304 reg_loss 0.04440171271562576
epoch: 0 s: 512000 batch_loss 0.6179482936859131 BPR_loss 0.555913507938385 reg_loss 0.062034815549850464
epoch: 0 s: 768000 batch_loss 0.6049724221229553 BPR_loss 0.5357528924942017 reg_loss 0.06921953707933426
+-------+-------------------+--------------------+--------------------+------------------------------------+------------------------------------+------------------------------------+------------------------------------+
| Epoch |  training time(s) |   tesing time(s)   |        Loss        |               recall               |                ndcg                |             precision              |             hit_ratio              |
+-------+-------------------+--------------------+--------------------+------------------------------------+------------------------------------+------------------------------------+------------------------------------+
|   0   | 56.06525182723999 | 124.13392639160156 | 250.78213500976562 | [0.12810491 0.18536439 0.22758005] | [0.10685027 0.12484034 0.13735941] | [0.04088017 0.02969137 0.02435528] | [0.47404381 0.58004555 0.64250787] |
+-------+-------------------+--------------------+--------------------+------------------------------------+------------------------------------+------------------------------------+------------------------------------+
epoch: 1 s: 0 batch_loss 0.613103449344635 BPR_loss 0.54229336977005 reg_loss 0.07081009447574615
epoch: 1 s: 256000 batch_loss 0.5956229567527771 BPR_loss 0.5184087753295898 reg_loss 0.07721419632434845
epoch: 1 s: 512000 batch_loss 0.5944491624832153 BPR_loss 0.5140335559844971 reg_loss 0.08041559159755707
epoch: 1 s: 768000 batch_loss 0.5842670202255249 BPR_loss 0.49992576241493225 reg_loss 0.08434127271175385
+-------+-------------------+--------------------+--------------------+------------------------------------+------------------------------------+------------------------------------+------------------------------------+
| Epoch |  training time(s) |   tesing time(s)   |        Loss        |               recall               |                ndcg                |             precision              |             hit_ratio              |
+-------+-------------------+--------------------+--------------------+------------------------------------+------------------------------------+------------------------------------+------------------------------------+
|   1   | 52.67509865760803 | 120.72949504852295 | 237.49009704589844 | [0.13343648 0.19231727 0.23477985] | [0.11134579 0.12979    0.14245693] | [0.0423739  0.03061993 0.0250815 ] | [0.4880769  0.59287293 0.65376114] |
+-------+-------------------+--------------------+--------------------+------------------------------------+------------------------------------+------------------------------------+------------------------------------+
epoch: 2 s: 0 batch_loss 0.5975077152252197 BPR_loss 0.5143866539001465 reg_loss 0.08312107622623444
epoch: 2 s: 256000 batch_loss 0.6076114773750305 BPR_loss 0.5215129852294922 reg_loss 0.08609849959611893
epoch: 2 s: 512000 batch_loss 0.5859119892120361 BPR_loss 0.49611732363700867 reg_loss 0.08979465067386627
epoch: 2 s: 768000 batch_loss 0.5827680826187134 BPR_loss 0.4913782477378845 reg_loss 0.09138980507850647
+-------+------------------+------------------+-----------------+------------------------------------+------------------------------------+------------------------------------+------------------------------------+
| Epoch | training time(s) |  tesing time(s)  |       Loss      |               recall               |                ndcg                |             precision              |             hit_ratio              |
+-------+------------------+------------------+-----------------+------------------------------------+------------------------------------+------------------------------------+------------------------------------+
|   2   | 56.6654212474823 | 94.7627763748169 | 233.73095703125 | [0.13689312 0.19637515 0.23954763] | [0.11427449 0.13293811 0.14575503] | [0.04331    0.03125879 0.02552024] | [0.49651685 0.60084399 0.66069395] |
+-------+------------------+------------------+-----------------+------------------------------------+------------------------------------+------------------------------------+------------------------------------+
epoch: 3 s: 0 batch_loss 0.5748293995857239 BPR_loss 0.48205453157424927 reg_loss 0.09277486801147461
epoch: 3 s: 256000 batch_loss 0.5838796496391296 BPR_loss 0.49050724506378174 reg_loss 0.0933723896741867
epoch: 3 s: 512000 batch_loss 0.5797834396362305 BPR_loss 0.486194908618927 reg_loss 0.09358852356672287
epoch: 3 s: 768000 batch_loss 0.5862699747085571 BPR_loss 0.48926353454589844 reg_loss 0.0970064327120781
+-------+-------------------+-------------------+-------------------+------------------------------------+------------------------------------+------------------------------------+------------------------------------+
| Epoch |  training time(s) |   tesing time(s)  |        Loss       |               recall               |                ndcg                |             precision              |             hit_ratio              |
+-------+-------------------+-------------------+-------------------+------------------------------------+------------------------------------+------------------------------------+------------------------------------+
|   3   | 64.55620312690735 | 98.87006044387817 | 231.4365692138672 | [0.13843467 0.19920075 0.242191  ] | [0.11589645 0.13495131 0.14776867] | [0.04378391 0.0316766  0.0258613 ] | [0.50103825 0.60623618 0.66437806] |
+-------+-------------------+-------------------+-------------------+------------------------------------+------------------------------------+------------------------------------+------------------------------------+
epoch: 4 s: 0 batch_loss 0.5835348963737488 BPR_loss 0.487123042345047 reg_loss 0.09641183912754059
epoch: 4 s: 256000 batch_loss 0.5791603922843933 BPR_loss 0.48038309812545776 reg_loss 0.09877727180719376
epoch: 4 s: 512000 batch_loss 0.5812274217605591 BPR_loss 0.4821210205554962 reg_loss 0.09910639375448227
epoch: 4 s: 768000 batch_loss 0.5850090384483337 BPR_loss 0.4843233823776245 reg_loss 0.10068567842245102
+-------+-------------------+--------------------+-------------------+------------------------------------+------------------------------------+------------------------------------+------------------------------------+
| Epoch |  training time(s) |   tesing time(s)   |        Loss       |               recall               |                ndcg                |             precision              |             hit_ratio              |
+-------+-------------------+--------------------+-------------------+------------------------------------+------------------------------------+------------------------------------+------------------------------------+
|   4   | 59.93945026397705 | 110.92774200439453 | 229.9771270751953 | [0.14006778 0.20024106 0.24354485] | [0.11713071 0.13597243 0.1488488 ] | [0.04428796 0.03184322 0.02595787] | [0.50509076 0.60814522 0.66742582] |
+-------+-------------------+--------------------+-------------------+------------------------------------+------------------------------------+------------------------------------+------------------------------------+
epoch: 5 s: 0 batch_loss 0.5731651782989502 BPR_loss 0.4725610017776489 reg_loss 0.10060419142246246
epoch: 5 s: 256000 batch_loss 0.5897557139396667 BPR_loss 0.48864296078681946 reg_loss 0.1011127457022667
epoch: 5 s: 512000 batch_loss 0.5840641260147095 BPR_loss 0.48185092210769653 reg_loss 0.10221321135759354
epoch: 5 s: 768000 batch_loss 0.577716588973999 BPR_loss 0.47320079803466797 reg_loss 0.10451579093933105
+-------+-------------------+--------------------+--------------------+------------------------------------+------------------------------------+------------------------------------+------------------------------------+
| Epoch |  training time(s) |   tesing time(s)   |        Loss        |               recall               |                ndcg                |             precision              |             hit_ratio              |
+-------+-------------------+--------------------+--------------------+------------------------------------+------------------------------------+------------------------------------+------------------------------------+
|   5   | 55.92024898529053 | 124.02131748199463 | 229.03692626953125 | [0.13991881 0.20052371 0.24373728] | [0.11726864 0.13629367 0.14918811] | [0.04420591 0.03189597 0.02601983] | [0.50465537 0.60995378 0.66725836] |
+-------+-------------------+--------------------+--------------------+------------------------------------+------------------------------------+------------------------------------+------------------------------------+
epoch: 6 s: 0 batch_loss 0.5720865726470947 BPR_loss 0.47009846568107605 reg_loss 0.10198812186717987
epoch: 6 s: 256000 batch_loss 0.5640369653701782 BPR_loss 0.45990538597106934 reg_loss 0.10413159430027008
epoch: 6 s: 512000 batch_loss 0.5722900032997131 BPR_loss 0.46659326553344727 reg_loss 0.10569672286510468
epoch: 6 s: 768000 batch_loss 0.583786129951477 BPR_loss 0.4770956337451935 reg_loss 0.10669048130512238
+-------+-------------------+--------------------+--------------------+------------------------------------+------------------------------------+------------------------------------+------------------------------------+
| Epoch |  training time(s) |   tesing time(s)   |        Loss        |               recall               |                ndcg                |             precision              |             hit_ratio              |
+-------+-------------------+--------------------+--------------------+------------------------------------+------------------------------------+------------------------------------+------------------------------------+
|   6   | 54.71715068817139 | 110.88474655151367 | 227.95631408691406 | [0.14124486 0.20234274 0.24600085] | [0.1186138  0.13772071 0.15076721] | [0.04459441 0.03208269 0.0262325 ] | [0.50894233 0.61290107 0.67017215] |
+-------+-------------------+--------------------+--------------------+------------------------------------+------------------------------------+------------------------------------+------------------------------------+
epoch: 7 s: 0 batch_loss 0.5806767344474792 BPR_loss 0.47496938705444336 reg_loss 0.10570734739303589
epoch: 7 s: 256000 batch_loss 0.5814409852027893 BPR_loss 0.47476041316986084 reg_loss 0.10668056458234787
epoch: 7 s: 512000 batch_loss 0.5736420154571533 BPR_loss 0.4680585265159607 reg_loss 0.10558349639177322
epoch: 7 s: 768000 batch_loss 0.5775279402732849 BPR_loss 0.4702518582344055 reg_loss 0.10727609694004059
+-------+--------------------+-------------------+--------------------+------------------------------------+------------------------------------+------------------------------------+------------------------------------+
| Epoch |  training time(s)  |   tesing time(s)  |        Loss        |               recall               |                ndcg                |             precision              |             hit_ratio              |
+-------+--------------------+-------------------+--------------------+------------------------------------+------------------------------------+------------------------------------+------------------------------------+
|   7   | 59.977952003479004 | 96.28869891166687 | 227.45489501953125 | [0.14132854 0.20327678 0.24647742] | [0.11879255 0.1382767  0.15113346] | [0.04457097 0.03229704 0.02625762] | [0.50807154 0.61350392 0.67194722] |
+-------+--------------------+-------------------+--------------------+------------------------------------+------------------------------------+------------------------------------+------------------------------------+
epoch: 8 s: 0 batch_loss 0.571116030216217 BPR_loss 0.46440958976745605 reg_loss 0.10670646280050278
epoch: 8 s: 256000 batch_loss 0.5694018006324768 BPR_loss 0.4604724645614624 reg_loss 0.1089293360710144
epoch: 8 s: 512000 batch_loss 0.5575366020202637 BPR_loss 0.4479517340660095 reg_loss 0.10958488285541534
epoch: 8 s: 768000 batch_loss 0.5680946707725525 BPR_loss 0.4591773748397827 reg_loss 0.10891728848218918
+-------+--------------------+-------------------+--------------------+------------------------------------+------------------------------------+------------------------------------+------------------------------------+
| Epoch |  training time(s)  |   tesing time(s)  |        Loss        |               recall               |                ndcg                |             precision              |             hit_ratio              |
+-------+--------------------+-------------------+--------------------+------------------------------------+------------------------------------+------------------------------------+------------------------------------+
|   8   | 63.163069009780884 | 92.61629581451416 | 226.72630310058594 | [0.14159395 0.20332656 0.24691646] | [0.11902393 0.13842685 0.15140813] | [0.04462456 0.03226857 0.02628274] | [0.50817201 0.6144082  0.67268404] |
+-------+--------------------+-------------------+--------------------+------------------------------------+------------------------------------+------------------------------------+------------------------------------+
epoch: 9 s: 0 batch_loss 0.571293830871582 BPR_loss 0.46098586916923523 reg_loss 0.11030793190002441
epoch: 9 s: 256000 batch_loss 0.5781084895133972 BPR_loss 0.46741706132888794 reg_loss 0.11069145053625107
epoch: 9 s: 512000 batch_loss 0.577592134475708 BPR_loss 0.4670344591140747 reg_loss 0.11055764555931091
epoch: 9 s: 768000 batch_loss 0.5679232478141785 BPR_loss 0.45732438564300537 reg_loss 0.11059888452291489
+-------+--------------------+--------------------+--------------------+------------------------------------+------------------------------------+------------------------------------+------------------------------------+
| Epoch |  training time(s)  |   tesing time(s)   |        Loss        |               recall               |                ndcg                |             precision              |             hit_ratio              |
+-------+--------------------+--------------------+--------------------+------------------------------------+------------------------------------+------------------------------------+------------------------------------+
|   9   | 57.724982500076294 | 116.32559394836426 | 226.35183715820312 | [0.14209958 0.20392126 0.24696381] | [0.11969274 0.13910864 0.15197447] | [0.04476187 0.03233221 0.02632349] | [0.51024851 0.61571438 0.67191372] |
+-------+--------------------+--------------------+--------------------+------------------------------------+------------------------------------+------------------------------------+------------------------------------+
epoch: 10 s: 0 batch_loss 0.5788916945457458 BPR_loss 0.46816056966781616 reg_loss 0.1107311099767685
epoch: 10 s: 256000 batch_loss 0.5652649998664856 BPR_loss 0.4532133638858795 reg_loss 0.11205162107944489
epoch: 10 s: 512000 batch_loss 0.5645473599433899 BPR_loss 0.45277801156044006 reg_loss 0.11176935583353043
epoch: 10 s: 768000 batch_loss 0.5681296586990356 BPR_loss 0.45542317628860474 reg_loss 0.1127064898610115
+-------+-------------------+--------------------+--------------------+------------------------------------+------------------------------------+------------------------------------+------------------------------------+
| Epoch |  training time(s) |   tesing time(s)   |        Loss        |               recall               |                ndcg                |             precision              |             hit_ratio              |
+-------+-------------------+--------------------+--------------------+------------------------------------+------------------------------------+------------------------------------+------------------------------------+
|   10  | 56.12884759902954 | 115.97418475151062 | 225.55804443359375 | [0.14243686 0.20407938 0.24795191] | [0.11995997 0.13929373 0.15237156] | [0.04491091 0.03241845 0.02642787] | [0.51054994 0.6164512  0.67308594] |
+-------+-------------------+--------------------+--------------------+------------------------------------+------------------------------------+------------------------------------+------------------------------------+
epoch: 11 s: 0 batch_loss 0.5589811205863953 BPR_loss 0.4465145468711853 reg_loss 0.11246658116579056
epoch: 11 s: 256000 batch_loss 0.5699427723884583 BPR_loss 0.4574350416660309 reg_loss 0.11250772327184677
epoch: 11 s: 512000 batch_loss 0.5634417533874512 BPR_loss 0.4502222537994385 reg_loss 0.11321950703859329
epoch: 11 s: 768000 batch_loss 0.5603208541870117 BPR_loss 0.44588881731033325 reg_loss 0.11443202942609787
+-------+-------------------+-------------------+--------------------+------------------------------------+------------------------------------+------------------------------------+------------------------------------+
| Epoch |  training time(s) |   tesing time(s)  |        Loss        |               recall               |                ndcg                |             precision              |             hit_ratio              |
+-------+-------------------+-------------------+--------------------+------------------------------------+------------------------------------+------------------------------------+------------------------------------+
|   11  | 56.13829827308655 | 97.18265461921692 | 225.24708557128906 | [0.14366543 0.20510758 0.24967371] | [0.12117377 0.14041646 0.15369066] | [0.04533458 0.03257167 0.02660482] | [0.51245897 0.61718802 0.67620068] |
+-------+-------------------+-------------------+--------------------+------------------------------------+------------------------------------+------------------------------------+------------------------------------+
epoch: 12 s: 0 batch_loss 0.5771692395210266 BPR_loss 0.4629047214984894 reg_loss 0.11426451057195663
epoch: 12 s: 256000 batch_loss 0.5755178332328796 BPR_loss 0.46218791604042053 reg_loss 0.11332990229129791
epoch: 12 s: 512000 batch_loss 0.5637694597244263 BPR_loss 0.44996076822280884 reg_loss 0.11380870640277863
epoch: 12 s: 768000 batch_loss 0.5788370370864868 BPR_loss 0.46326231956481934 reg_loss 0.11557468771934509
+-------+------------------+-------------------+-------------------+------------------------------------+------------------------------------+------------------------------------+------------------------------------+
| Epoch | training time(s) |   tesing time(s)  |        Loss       |               recall               |                ndcg                |             precision              |             hit_ratio              |
+-------+------------------+-------------------+-------------------+------------------------------------+------------------------------------+------------------------------------+------------------------------------+
|   12  | 63.0596239566803 | 97.51760506629944 | 224.9918975830078 | [0.14328323 0.20484829 0.24872577] | [0.12065713 0.13993539 0.15300616] | [0.04514368 0.03247287 0.02646304] | [0.51242548 0.61628374 0.67412419] |
+-------+------------------+-------------------+-------------------+------------------------------------+------------------------------------+------------------------------------+------------------------------------+
epoch: 13 s: 0 batch_loss 0.5565488934516907 BPR_loss 0.44088444113731384 reg_loss 0.11566446721553802
epoch: 13 s: 256000 batch_loss 0.5596636533737183 BPR_loss 0.4450327157974243 reg_loss 0.11463093757629395
epoch: 13 s: 512000 batch_loss 0.5730729699134827 BPR_loss 0.458806574344635 reg_loss 0.11426637321710587
epoch: 13 s: 768000 batch_loss 0.5826811194419861 BPR_loss 0.46785029768943787 reg_loss 0.11483082175254822
+-------+--------------------+--------------------+--------------------+------------------------------------+------------------------------------+------------------------------------+------------------------------------+
| Epoch |  training time(s)  |   tesing time(s)   |        Loss        |               recall               |                ndcg                |             precision              |             hit_ratio              |
+-------+--------------------+--------------------+--------------------+------------------------------------+------------------------------------+------------------------------------+------------------------------------+
|   13  | 59.358120918273926 | 110.84523677825928 | 224.68739318847656 | [0.14321668 0.20532208 0.25023042] | [0.12110262 0.140587   0.15396484] | [0.04518722 0.03258674 0.02663105] | [0.51219104 0.6172885  0.67636814] |
+-------+--------------------+--------------------+--------------------+------------------------------------+------------------------------------+------------------------------------+------------------------------------+
epoch: 14 s: 0 batch_loss 0.5535101890563965 BPR_loss 0.4377780556678772 reg_loss 0.11573214083909988
epoch: 14 s: 256000 batch_loss 0.5702716112136841 BPR_loss 0.4540552496910095 reg_loss 0.11621633172035217
epoch: 14 s: 512000 batch_loss 0.5639820694923401 BPR_loss 0.4466122090816498 reg_loss 0.11736985296010971
epoch: 14 s: 768000 batch_loss 0.5714717507362366 BPR_loss 0.4548197090625763 reg_loss 0.11665204912424088
+-------+-------------------+--------------------+-------------------+------------------------------------+------------------------------------+------------------------------------+------------------------------------+
| Epoch |  training time(s) |   tesing time(s)   |        Loss       |               recall               |                ndcg                |             precision              |             hit_ratio              |
+-------+-------------------+--------------------+-------------------+------------------------------------+------------------------------------+------------------------------------+------------------------------------+
|   14  | 59.19689464569092 | 115.07274603843689 | 224.5879669189453 | [0.14383769 0.20584047 0.24968875] | [0.12153231 0.14095069 0.15404382] | [0.04534463 0.0326194  0.02658249] | [0.51423404 0.6172885  0.67646862] |
+-------+-------------------+--------------------+-------------------+------------------------------------+------------------------------------+------------------------------------+------------------------------------+
epoch: 15 s: 0 batch_loss 0.5672155022621155 BPR_loss 0.4505496621131897 reg_loss 0.11666585505008698
epoch: 15 s: 256000 batch_loss 0.574663519859314 BPR_loss 0.45768076181411743 reg_loss 0.11698278039693832
epoch: 15 s: 512000 batch_loss 0.568305492401123 BPR_loss 0.45236486196517944 reg_loss 0.115940622985363
epoch: 15 s: 768000 batch_loss 0.5633828639984131 BPR_loss 0.44701266288757324 reg_loss 0.11637020856142044
+-------+-------------------+--------------------+-------------------+------------------------------------+------------------------------------+------------------------------------+------------------------------------+
| Epoch |  training time(s) |   tesing time(s)   |        Loss       |               recall               |                ndcg                |             precision              |             hit_ratio              |
+-------+-------------------+--------------------+-------------------+------------------------------------+------------------------------------+------------------------------------+------------------------------------+
|   15  | 59.97603225708008 | 104.18020677566528 | 224.1669158935547 | [0.14443707 0.2054374  0.24965908] | [0.12185088 0.14096725 0.1541679 ] | [0.04549367 0.03258339 0.02659254] | [0.51607609 0.61779088 0.67559783] |
+-------+-------------------+--------------------+-------------------+------------------------------------+------------------------------------+------------------------------------+------------------------------------+
epoch: 16 s: 0 batch_loss 0.5632287859916687 BPR_loss 0.4459426999092102 reg_loss 0.11728610098361969
epoch: 16 s: 256000 batch_loss 0.5679660439491272 BPR_loss 0.4501594007015228 reg_loss 0.11780662089586258
epoch: 16 s: 512000 batch_loss 0.5793954133987427 BPR_loss 0.46024060249328613 reg_loss 0.11915480345487595
epoch: 16 s: 768000 batch_loss 0.5511757731437683 BPR_loss 0.43404510617256165 reg_loss 0.11713067442178726
+-------+--------------------+-------------------+--------------------+------------------------------------+------------------------------------+------------------------------------+------------------------------------+
| Epoch |  training time(s)  |   tesing time(s)  |        Loss        |               recall               |                ndcg                |             precision              |             hit_ratio              |
+-------+--------------------+-------------------+--------------------+------------------------------------+------------------------------------+------------------------------------+------------------------------------+
|   16  | 61.987818002700806 | 97.32961344718933 | 223.94020080566406 | [0.14540366 0.20733763 0.25025155] | [0.12235183 0.14175016 0.15453476] | [0.04575491 0.0328798  0.02664947] | [0.51765021 0.62063769 0.67794226] |
+-------+--------------------+-------------------+--------------------+------------------------------------+------------------------------------+------------------------------------+------------------------------------+
epoch: 17 s: 0 batch_loss 0.5651955008506775 BPR_loss 0.4465952515602112 reg_loss 0.11860023438930511
epoch: 17 s: 256000 batch_loss 0.5703194737434387 BPR_loss 0.4523043632507324 reg_loss 0.11801513284444809
epoch: 17 s: 512000 batch_loss 0.5686131119728088 BPR_loss 0.4496963620185852 reg_loss 0.11891677230596542
epoch: 17 s: 768000 batch_loss 0.5748862028121948 BPR_loss 0.4562571048736572 reg_loss 0.11862912774085999
+-------+--------------------+--------------------+-------------------+------------------------------------+------------------------------------+------------------------------------+------------------------------------+
| Epoch |  training time(s)  |   tesing time(s)   |        Loss       |               recall               |                ndcg                |             precision              |             hit_ratio              |
+-------+--------------------+--------------------+-------------------+------------------------------------+------------------------------------+------------------------------------+------------------------------------+
|   17  | 60.413148164749146 | 104.65881013870239 | 224.0487060546875 | [0.14512869 0.20688931 0.25060851] | [0.12225857 0.14158267 0.15460402] | [0.04570299 0.03279439 0.02664668] | [0.516478   0.62033626 0.67888003] |
+-------+--------------------+--------------------+-------------------+------------------------------------+------------------------------------+------------------------------------+------------------------------------+
epoch: 18 s: 0 batch_loss 0.567505419254303 BPR_loss 0.44835031032562256 reg_loss 0.11915511637926102
epoch: 18 s: 256000 batch_loss 0.5465872883796692 BPR_loss 0.42684993147850037 reg_loss 0.11973733454942703
epoch: 18 s: 512000 batch_loss 0.5559507012367249 BPR_loss 0.4365636110305786 reg_loss 0.11938708275556564
epoch: 18 s: 768000 batch_loss 0.5673701763153076 BPR_loss 0.4466242790222168 reg_loss 0.12074586749076843
+-------+-------------------+--------------------+--------------------+------------------------------------+------------------------------------+------------------------------------+------------------------------------+
| Epoch |  training time(s) |   tesing time(s)   |        Loss        |               recall               |                ndcg                |             precision              |             hit_ratio              |
+-------+-------------------+--------------------+--------------------+------------------------------------+------------------------------------+------------------------------------+------------------------------------+
|   18  | 58.02400612831116 | 109.12801218032837 | 223.52845764160156 | [0.14450147 0.20626583 0.25048479] | [0.12191189 0.14122129 0.15445712] | [0.04554056 0.03262945 0.02664836] | [0.5160426  0.61963293 0.67784178] |
+-------+-------------------+--------------------+--------------------+------------------------------------+------------------------------------+------------------------------------+------------------------------------+
epoch: 19 s: 0 batch_loss 0.5637364387512207 BPR_loss 0.4453226327896118 reg_loss 0.11841380596160889
epoch: 19 s: 256000 batch_loss 0.5636142492294312 BPR_loss 0.4435502886772156 reg_loss 0.12006396800279617
epoch: 19 s: 512000 batch_loss 0.556654691696167 BPR_loss 0.4360574185848236 reg_loss 0.12059730291366577
epoch: 19 s: 768000 batch_loss 0.5585874319076538 BPR_loss 0.43942975997924805 reg_loss 0.11915765702724457
+-------+-------------------+--------------------+--------------------+------------------------------------+------------------------------------+------------------------------------+------------------------------------+
| Epoch |  training time(s) |   tesing time(s)   |        Loss        |               recall               |                ndcg                |             precision              |             hit_ratio              |
+-------+-------------------+--------------------+--------------------+------------------------------------+------------------------------------+------------------------------------+------------------------------------+
|   19  | 57.05758571624756 | 106.55481624603271 | 223.33187866210938 | [0.14577785 0.20818172 0.2522807 ] | [0.12296347 0.14249014 0.15566267] | [0.0459006  0.03298279 0.02686605] | [0.5189229  0.62217831 0.68082256] |
+-------+-------------------+--------------------+--------------------+------------------------------------+------------------------------------+------------------------------------+------------------------------------+
epoch: 20 s: 0 batch_loss 0.5770865678787231 BPR_loss 0.45837849378585815 reg_loss 0.1187080442905426
epoch: 20 s: 256000 batch_loss 0.5676454305648804 BPR_loss 0.44856128096580505 reg_loss 0.11908412724733353
epoch: 20 s: 512000 batch_loss 0.5597405433654785 BPR_loss 0.43906211853027344 reg_loss 0.12067843973636627
epoch: 20 s: 768000 batch_loss 0.5655978918075562 BPR_loss 0.4451271891593933 reg_loss 0.12047068029642105
+-------+-------------------+--------------------+--------------------+------------------------------------+------------------------------------+------------------------------------+------------------------------------+
| Epoch |  training time(s) |   tesing time(s)   |        Loss        |               recall               |                ndcg                |             precision              |             hit_ratio              |
+-------+-------------------+--------------------+--------------------+------------------------------------+------------------------------------+------------------------------------+------------------------------------+
|   20  | 59.66546654701233 | 106.74094247817993 | 223.33680725097656 | [0.14581218 0.20755668 0.25194112] | [0.12327184 0.14260741 0.1558136 ] | [0.04592237 0.03293004 0.02680856] | [0.51989417 0.6222118  0.68199478] |
+-------+-------------------+--------------------+--------------------+------------------------------------+------------------------------------+------------------------------------+------------------------------------+
epoch: 21 s: 0 batch_loss 0.5577147603034973 BPR_loss 0.43741053342819214 reg_loss 0.12030424177646637
epoch: 21 s: 256000 batch_loss 0.5696450471878052 BPR_loss 0.4488760828971863 reg_loss 0.12076893448829651
epoch: 21 s: 512000 batch_loss 0.5690194368362427 BPR_loss 0.44811517000198364 reg_loss 0.12090424448251724
epoch: 21 s: 768000 batch_loss 0.5652333498001099 BPR_loss 0.44325196743011475 reg_loss 0.12198136746883392
+-------+-------------------+--------------------+-------------------+------------------------------------+------------------------------------+------------------------------------+------------------------------------+
| Epoch |  training time(s) |   tesing time(s)   |        Loss       |               recall               |                ndcg                |             precision              |             hit_ratio              |
+-------+-------------------+--------------------+-------------------+------------------------------------+------------------------------------+------------------------------------+------------------------------------+
|   21  | 60.59110355377197 | 106.93460702896118 | 223.2162628173828 | [0.14540914 0.20817258 0.25151767] | [0.12287356 0.14251634 0.15544002] | [0.04577668 0.03295432 0.02672595] | [0.51781767 0.6222118  0.68005225] |
+-------+-------------------+--------------------+-------------------+------------------------------------+------------------------------------+------------------------------------+------------------------------------+
epoch: 22 s: 0 batch_loss 0.5472396612167358 BPR_loss 0.4245750904083252 reg_loss 0.12266458570957184
epoch: 22 s: 256000 batch_loss 0.5666338801383972 BPR_loss 0.4451439082622528 reg_loss 0.12148997187614441
epoch: 22 s: 512000 batch_loss 0.5586336851119995 BPR_loss 0.43763184547424316 reg_loss 0.12100186198949814
epoch: 22 s: 768000 batch_loss 0.5648135542869568 BPR_loss 0.443808913230896 reg_loss 0.121004618704319
+-------+-------------------+--------------------+--------------------+------------------------------------+------------------------------------+------------------------------------+------------------------------------+
| Epoch |  training time(s) |   tesing time(s)   |        Loss        |               recall               |                ndcg                |             precision              |             hit_ratio              |
+-------+-------------------+--------------------+--------------------+------------------------------------+------------------------------------+------------------------------------+------------------------------------+
|   22  | 58.58358645439148 | 108.95442748069763 | 222.99581909179688 | [0.14530488 0.207562   0.25234685] | [0.12243162 0.14199108 0.15533024] | [0.04560922 0.0328597  0.02680019] | [0.51761672 0.62103959 0.681057  ] |
+-------+-------------------+--------------------+--------------------+------------------------------------+------------------------------------+------------------------------------+------------------------------------+
epoch: 23 s: 0 batch_loss 0.5639453530311584 BPR_loss 0.44096243381500244 reg_loss 0.122982919216156
epoch: 23 s: 256000 batch_loss 0.566091001033783 BPR_loss 0.4432767927646637 reg_loss 0.12281418591737747
epoch: 23 s: 512000 batch_loss 0.5594344139099121 BPR_loss 0.4373825192451477 reg_loss 0.12205187231302261
epoch: 23 s: 768000 batch_loss 0.5578899383544922 BPR_loss 0.43712854385375977 reg_loss 0.12076140195131302
+-------+-------------------+--------------------+--------------------+------------------------------------+------------------------------------+------------------------------------+------------------------------------+
| Epoch |  training time(s) |   tesing time(s)   |        Loss        |               recall               |                ndcg                |             precision              |             hit_ratio              |
+-------+-------------------+--------------------+--------------------+------------------------------------+------------------------------------+------------------------------------+------------------------------------+
|   23  | 61.22622728347778 | 113.82295036315918 | 222.87950134277344 | [0.1457275  0.20825802 0.25262589] | [0.12313476 0.14271172 0.1559459 ] | [0.0458738  0.03295934 0.0268454 ] | [0.51986067 0.62247974 0.68145891] |
+-------+-------------------+--------------------+--------------------+------------------------------------+------------------------------------+------------------------------------+------------------------------------+
epoch: 24 s: 0 batch_loss 0.5586593151092529 BPR_loss 0.43755483627319336 reg_loss 0.12110448628664017
epoch: 24 s: 256000 batch_loss 0.5581477880477905 BPR_loss 0.4361329674720764 reg_loss 0.12201482802629471
epoch: 24 s: 512000 batch_loss 0.5804449319839478 BPR_loss 0.45674654841423035 reg_loss 0.1236984059214592
epoch: 24 s: 768000 batch_loss 0.5753794312477112 BPR_loss 0.45476284623146057 reg_loss 0.1206166073679924
+-------+-------------------+--------------------+--------------------+------------------------------------+------------------------------------+------------------------------------+------------------------------------+
| Epoch |  training time(s) |   tesing time(s)   |        Loss        |               recall               |                ndcg                |             precision              |             hit_ratio              |
+-------+-------------------+--------------------+--------------------+------------------------------------+------------------------------------+------------------------------------+------------------------------------+
|   24  | 57.61418581008911 | 113.47207570075989 | 222.83360290527344 | [0.1452902  0.20795203 0.25289301] | [0.12289001 0.14254835 0.15594779] | [0.04573984 0.0329292  0.02688782] | [0.51821957 0.62114006 0.68283207] |
+-------+-------------------+--------------------+--------------------+------------------------------------+------------------------------------+------------------------------------+------------------------------------+
epoch: 25 s: 0 batch_loss 0.5612712502479553 BPR_loss 0.4405645728111267 reg_loss 0.12070669233798981
epoch: 25 s: 256000 batch_loss 0.5769080519676208 BPR_loss 0.4551936089992523 reg_loss 0.12171446532011032
epoch: 25 s: 512000 batch_loss 0.5667846202850342 BPR_loss 0.44545668363571167 reg_loss 0.1213279440999031
epoch: 25 s: 768000 batch_loss 0.5615756511688232 BPR_loss 0.4391530752182007 reg_loss 0.12242257595062256
+-------+-------------------+--------------------+--------------------+------------------------------------+------------------------------------+------------------------------------+------------------------------------+
| Epoch |  training time(s) |   tesing time(s)   |        Loss        |               recall               |                ndcg                |             precision              |             hit_ratio              |
+-------+-------------------+--------------------+--------------------+------------------------------------+------------------------------------+------------------------------------+------------------------------------+
|   25  | 61.02873516082764 | 105.76282095909119 | 222.49778747558594 | [0.14575652 0.20818418 0.25263684] | [0.12299079 0.14257435 0.1558235 ] | [0.04576663 0.03296939 0.02685154] | [0.51939179 0.62184339 0.68155938] |
+-------+-------------------+--------------------+--------------------+------------------------------------+------------------------------------+------------------------------------+------------------------------------+
epoch: 26 s: 0 batch_loss 0.5582876801490784 BPR_loss 0.4357379376888275 reg_loss 0.12254975736141205
epoch: 26 s: 256000 batch_loss 0.5661126375198364 BPR_loss 0.44303587079048157 reg_loss 0.12307675927877426
epoch: 26 s: 512000 batch_loss 0.5631988048553467 BPR_loss 0.44039106369018555 reg_loss 0.12280772626399994
epoch: 26 s: 768000 batch_loss 0.5628122687339783 BPR_loss 0.4411153793334961 reg_loss 0.12169688940048218
+-------+-------------------+--------------------+--------------------+------------------------------------+------------------------------------+------------------------------------+------------------------------------+
| Epoch |  training time(s) |   tesing time(s)   |        Loss        |               recall               |                ndcg                |             precision              |             hit_ratio              |
+-------+-------------------+--------------------+--------------------+------------------------------------+------------------------------------+------------------------------------+------------------------------------+
|   26  | 60.99318599700928 | 102.57341980934143 | 222.53775024414062 | [0.14605682 0.20799376 0.25346501] | [0.12325066 0.14271174 0.156208  ] | [0.04587045 0.03297944 0.02689955] | [0.51989417 0.62227879 0.68383683] |
+-------+-------------------+--------------------+--------------------+------------------------------------+------------------------------------+------------------------------------+------------------------------------+
epoch: 27 s: 0 batch_loss 0.5679081082344055 BPR_loss 0.4458005428314209 reg_loss 0.12210754305124283
epoch: 27 s: 256000 batch_loss 0.5607603192329407 BPR_loss 0.4365844130516052 reg_loss 0.12417589128017426
epoch: 27 s: 512000 batch_loss 0.5556398034095764 BPR_loss 0.4328957796096802 reg_loss 0.12274400144815445
epoch: 27 s: 768000 batch_loss 0.5700407028198242 BPR_loss 0.4465906620025635 reg_loss 0.12345001101493835
+-------+-------------------+--------------------+--------------------+------------------------------------+------------------------------------+------------------------------------+------------------------------------+
| Epoch |  training time(s) |   tesing time(s)   |        Loss        |               recall               |                ndcg                |             precision              |             hit_ratio              |
+-------+-------------------+--------------------+--------------------+------------------------------------+------------------------------------+------------------------------------+------------------------------------+
|   27  | 60.61932134628296 | 112.82699775695801 | 222.37049865722656 | [0.14576481 0.2087948  0.25319039] | [0.1232039  0.14292618 0.15621165] | [0.04586041 0.03301377 0.02692411] | [0.51878893 0.62311608 0.68172684] |
+-------+-------------------+--------------------+--------------------+------------------------------------+------------------------------------+------------------------------------+------------------------------------+
epoch: 28 s: 0 batch_loss 0.5741450786590576 BPR_loss 0.4521195590496063 reg_loss 0.12202552706003189
epoch: 28 s: 256000 batch_loss 0.5671367645263672 BPR_loss 0.44422775506973267 reg_loss 0.12290903180837631
epoch: 28 s: 512000 batch_loss 0.5520777106285095 BPR_loss 0.4275919198989868 reg_loss 0.1244857981801033
epoch: 28 s: 768000 batch_loss 0.5566702485084534 BPR_loss 0.43253427743911743 reg_loss 0.12413597851991653
+-------+--------------------+--------------------+--------------------+------------------------------------+------------------------------------+------------------------------------+------------------------------------+
| Epoch |  training time(s)  |   tesing time(s)   |        Loss        |               recall               |                ndcg                |             precision              |             hit_ratio              |
+-------+--------------------+--------------------+--------------------+------------------------------------+------------------------------------+------------------------------------+------------------------------------+
|   28  | 57.595146894454956 | 112.50966358184814 | 222.38687133789062 | [0.14695837 0.20967123 0.25430309] | [0.12414411 0.14375958 0.15702175] | [0.04629915 0.0332457  0.02704133] | [0.52076495 0.62412084 0.68323397] |
+-------+--------------------+--------------------+--------------------+------------------------------------+------------------------------------+------------------------------------+------------------------------------+
epoch: 29 s: 0 batch_loss 0.5639402866363525 BPR_loss 0.4413589537143707 reg_loss 0.12258132547140121
epoch: 29 s: 256000 batch_loss 0.5707082748413086 BPR_loss 0.44646644592285156 reg_loss 0.12424182891845703
epoch: 29 s: 512000 batch_loss 0.5746973752975464 BPR_loss 0.4511004686355591 reg_loss 0.12359689176082611
epoch: 29 s: 768000 batch_loss 0.5584731101989746 BPR_loss 0.43383413553237915 reg_loss 0.12463898211717606
+-------+-------------------+--------------------+--------------------+------------------------------------+------------------------------------+------------------------------------+------------------------------------+
| Epoch |  training time(s) |   tesing time(s)   |        Loss        |               recall               |                ndcg                |             precision              |             hit_ratio              |
+-------+-------------------+--------------------+--------------------+------------------------------------+------------------------------------+------------------------------------+------------------------------------+
|   29  | 60.44702219963074 | 110.30102300643921 | 222.34701538085938 | [0.14645623 0.20940187 0.25401563] | [0.12347972 0.14316697 0.15643869] | [0.04614676 0.0331628  0.02698551] | [0.51979369 0.62408735 0.68310001] |
+-------+-------------------+--------------------+--------------------+------------------------------------+------------------------------------+------------------------------------+------------------------------------+
epoch: 30 s: 0 batch_loss 0.5576081275939941 BPR_loss 0.433780312538147 reg_loss 0.12382784485816956
epoch: 30 s: 256000 batch_loss 0.5664936304092407 BPR_loss 0.44210171699523926 reg_loss 0.12439190596342087
epoch: 30 s: 512000 batch_loss 0.5647035241127014 BPR_loss 0.4417874813079834 reg_loss 0.12291602790355682
epoch: 30 s: 768000 batch_loss 0.5565007925033569 BPR_loss 0.42957550287246704 reg_loss 0.12692531943321228
+-------+-------------------+-------------------+--------------------+------------------------------------+------------------------------------+------------------------------------+------------------------------------+
| Epoch |  training time(s) |   tesing time(s)  |        Loss        |               recall               |                ndcg                |             precision              |             hit_ratio              |
+-------+-------------------+-------------------+--------------------+------------------------------------+------------------------------------+------------------------------------+------------------------------------+
|   30  | 62.30337357521057 | 99.90731739997864 | 222.21340942382812 | [0.14610375 0.2091102  0.25337189] | [0.12364875 0.14341021 0.1565944 ] | [0.04593576 0.03307321 0.02689452] | [0.52043004 0.62479068 0.68199478] |
+-------+-------------------+-------------------+--------------------+------------------------------------+------------------------------------+------------------------------------+------------------------------------+
epoch: 31 s: 0 batch_loss 0.5603276491165161 BPR_loss 0.4350718855857849 reg_loss 0.1252557337284088
epoch: 31 s: 256000 batch_loss 0.5542379021644592 BPR_loss 0.4309527277946472 reg_loss 0.12328517436981201
epoch: 31 s: 512000 batch_loss 0.5751855969429016 BPR_loss 0.4507123827934265 reg_loss 0.1244731992483139
epoch: 31 s: 768000 batch_loss 0.5607447028160095 BPR_loss 0.4370187222957611 reg_loss 0.12372595816850662
+-------+------------------+--------------------+---------------+------------------------------------+------------------------------------+------------------------------------+------------------------------------+
| Epoch | training time(s) |   tesing time(s)   |      Loss     |               recall               |                ndcg                |             precision              |             hit_ratio              |
+-------+------------------+--------------------+---------------+------------------------------------+------------------------------------+------------------------------------+------------------------------------+
|   31  | 61.8037052154541 | 105.24698972702026 | 222.259765625 | [0.1463752  0.20929551 0.25404437] | [0.12374889 0.1434563  0.15678054] | [0.04606806 0.03315024 0.02699388] | [0.51999464 0.62398687 0.68423873] |
+-------+------------------+--------------------+---------------+------------------------------------+------------------------------------+------------------------------------+------------------------------------+
epoch: 32 s: 0 batch_loss 0.5761329531669617 BPR_loss 0.4516076445579529 reg_loss 0.12452532351016998
epoch: 32 s: 256000 batch_loss 0.563659131526947 BPR_loss 0.43841034173965454 reg_loss 0.12524878978729248
epoch: 32 s: 512000 batch_loss 0.5630943179130554 BPR_loss 0.4398455023765564 reg_loss 0.12324882298707962
epoch: 32 s: 768000 batch_loss 0.5648201704025269 BPR_loss 0.44036826491355896 reg_loss 0.1244518980383873
+-------+--------------------+--------------------+--------------------+------------------------------------+------------------------------------+------------------------------------+------------------------------------+
| Epoch |  training time(s)  |   tesing time(s)   |        Loss        |               recall               |                ndcg                |             precision              |             hit_ratio              |
+-------+--------------------+--------------------+--------------------+------------------------------------+------------------------------------+------------------------------------+------------------------------------+
|   32  | 61.975353717803955 | 109.43520259857178 | 221.92202758789062 | [0.14654319 0.20904    0.25381962] | [0.12385346 0.14346184 0.15678494] | [0.04606806 0.03312094 0.02696876] | [0.52106638 0.62328354 0.68303302] |
+-------+--------------------+--------------------+--------------------+------------------------------------+------------------------------------+------------------------------------+------------------------------------+
epoch: 33 s: 0 batch_loss 0.55962073802948 BPR_loss 0.4337231516838074 reg_loss 0.125897616147995
epoch: 33 s: 256000 batch_loss 0.5512746572494507 BPR_loss 0.42607927322387695 reg_loss 0.12519539892673492
epoch: 33 s: 512000 batch_loss 0.5553783774375916 BPR_loss 0.43150317668914795 reg_loss 0.12387518584728241
epoch: 33 s: 768000 batch_loss 0.5674333572387695 BPR_loss 0.44170981645584106 reg_loss 0.12572355568408966
+-------+-------------------+--------------------+-------------------+------------------------------------+------------------------------------+------------------------------------+------------------------------------+
| Epoch |  training time(s) |   tesing time(s)   |        Loss       |               recall               |                ndcg                |             precision              |             hit_ratio              |
+-------+-------------------+--------------------+-------------------+------------------------------------+------------------------------------+------------------------------------+------------------------------------+
|   33  | 57.76027488708496 | 114.77450275421143 | 221.8225860595703 | [0.14659993 0.20894836 0.25366572] | [0.12385818 0.14339019 0.15667212] | [0.04612332 0.03312345 0.02695034] | [0.52170273 0.6230491  0.68179382] |
+-------+-------------------+--------------------+-------------------+------------------------------------+------------------------------------+------------------------------------+------------------------------------+
epoch: 34 s: 0 batch_loss 0.5502332448959351 BPR_loss 0.42667555809020996 reg_loss 0.1235576868057251
epoch: 34 s: 256000 batch_loss 0.5534615516662598 BPR_loss 0.4301213026046753 reg_loss 0.12334026396274567
epoch: 34 s: 512000 batch_loss 0.5639135837554932 BPR_loss 0.4380178153514862 reg_loss 0.12589573860168457
epoch: 34 s: 768000 batch_loss 0.5564799904823303 BPR_loss 0.4303661584854126 reg_loss 0.12611383199691772
+-------+-------------------+-------------------+-------------------+------------------------------------+------------------------------------+------------------------------------+------------------------------------+
| Epoch |  training time(s) |   tesing time(s)  |        Loss       |               recall               |                ndcg                |             precision              |             hit_ratio              |
+-------+-------------------+-------------------+-------------------+------------------------------------+------------------------------------+------------------------------------+------------------------------------+
|   34  | 57.84724569320679 | 109.2345814704895 | 221.7139892578125 | [0.14648843 0.20859108 0.25401174] | [0.12378358 0.14321451 0.15672782] | [0.04606471 0.03301879 0.02696095] | [0.52019559 0.62391989 0.68340143] |
+-------+-------------------+-------------------+-------------------+------------------------------------+------------------------------------+------------------------------------+------------------------------------+
epoch: 35 s: 0 batch_loss 0.5623724460601807 BPR_loss 0.4382803440093994 reg_loss 0.12409211695194244
epoch: 35 s: 256000 batch_loss 0.5518244504928589 BPR_loss 0.42519688606262207 reg_loss 0.126627579331398
epoch: 35 s: 512000 batch_loss 0.5684135556221008 BPR_loss 0.44236674904823303 reg_loss 0.1260467916727066
epoch: 35 s: 768000 batch_loss 0.560926079750061 BPR_loss 0.4360676109790802 reg_loss 0.12485846877098083
+-------+-------------------+--------------------+--------------------+------------------------------------+------------------------------------+------------------------------------+------------------------------------+
| Epoch |  training time(s) |   tesing time(s)   |        Loss        |               recall               |                ndcg                |             precision              |             hit_ratio              |
+-------+-------------------+--------------------+--------------------+------------------------------------+------------------------------------+------------------------------------+------------------------------------+
|   35  | 61.38932704925537 | 100.91279649734497 | 221.73472595214844 | [0.14670059 0.20953107 0.25412104] | [0.12406409 0.14372016 0.15701841] | [0.04612499 0.0331134  0.02697267] | [0.52136781 0.62489115 0.68276509] |
+-------+-------------------+--------------------+--------------------+------------------------------------+------------------------------------+------------------------------------+------------------------------------+
epoch: 36 s: 0 batch_loss 0.5554381012916565 BPR_loss 0.4297788143157959 reg_loss 0.1256592869758606
epoch: 36 s: 256000 batch_loss 0.5586289167404175 BPR_loss 0.43206268548965454 reg_loss 0.12656620144844055
epoch: 36 s: 512000 batch_loss 0.5487719774246216 BPR_loss 0.42244940996170044 reg_loss 0.12632256746292114
epoch: 36 s: 768000 batch_loss 0.5613887310028076 BPR_loss 0.4364843964576721 reg_loss 0.1249043270945549
+-------+-------------------+-------------------+-------------------+------------------------------------+------------------------------------+------------------------------------+------------------------------------+
| Epoch |  training time(s) |   tesing time(s)  |        Loss       |               recall               |                ndcg                |             precision              |             hit_ratio              |
+-------+-------------------+-------------------+-------------------+------------------------------------+------------------------------------+------------------------------------+------------------------------------+
|   36  | 60.67409324645996 | 97.95456194877625 | 221.5428924560547 | [0.14615557 0.20951197 0.25345708] | [0.12356234 0.14342553 0.15651898] | [0.04600777 0.03318206 0.02693081] | [0.51929131 0.62522607 0.68246366] |
+-------+-------------------+-------------------+-------------------+------------------------------------+------------------------------------+------------------------------------+------------------------------------+
epoch: 37 s: 0 batch_loss 0.5607033371925354 BPR_loss 0.43387478590011597 reg_loss 0.12682855129241943
epoch: 37 s: 256000 batch_loss 0.5597567558288574 BPR_loss 0.4324590265750885 reg_loss 0.12729772925376892
epoch: 37 s: 512000 batch_loss 0.5674038529396057 BPR_loss 0.4409124553203583 reg_loss 0.12649139761924744
epoch: 37 s: 768000 batch_loss 0.5477501153945923 BPR_loss 0.42160916328430176 reg_loss 0.12614093720912933
+-------+-------------------+--------------------+--------------------+------------------------------------+------------------------------------+------------------------------------+------------------------------------+
| Epoch |  training time(s) |   tesing time(s)   |        Loss        |               recall               |                ndcg                |             precision              |             hit_ratio              |
+-------+-------------------+--------------------+--------------------+------------------------------------+------------------------------------+------------------------------------+------------------------------------+
|   37  | 59.94330835342407 | 111.67110824584961 | 221.58953857421875 | [0.14648738 0.20969856 0.25330595] | [0.12389514 0.14367996 0.15669932] | [0.04605131 0.03314438 0.02691685] | [0.52059749 0.62532655 0.6822962 ] |
+-------+-------------------+--------------------+--------------------+------------------------------------+------------------------------------+------------------------------------+------------------------------------+
epoch: 38 s: 0 batch_loss 0.5586117506027222 BPR_loss 0.4323331117630005 reg_loss 0.12627862393856049
epoch: 38 s: 256000 batch_loss 0.5727118253707886 BPR_loss 0.4464583098888397 reg_loss 0.12625350058078766
epoch: 38 s: 512000 batch_loss 0.559892475605011 BPR_loss 0.43451598286628723 reg_loss 0.12537650763988495
epoch: 38 s: 768000 batch_loss 0.5568948984146118 BPR_loss 0.4314340353012085 reg_loss 0.1254608929157257
+-------+------------------+--------------------+--------------------+------------------------------------+------------------------------------+------------------------------------+------------------------------------+
| Epoch | training time(s) |   tesing time(s)   |        Loss        |               recall               |                ndcg                |             precision              |             hit_ratio              |
+-------+------------------+--------------------+--------------------+------------------------------------+------------------------------------+------------------------------------+------------------------------------+
|   38  | 58.7926766872406 | 105.96230101585388 | 221.60235595703125 | [0.14666972 0.20943152 0.25417289] | [0.12390162 0.14357932 0.15689342] | [0.0460915  0.0331628  0.02698942] | [0.51972671 0.62448925 0.68333445] |
+-------+------------------+--------------------+--------------------+------------------------------------+------------------------------------+------------------------------------+------------------------------------+
Early stopping is trigger at step: 10 log:0.14666971545966537
early stopping at 38, recall@20:0.1470
