Namespace(K=1, Ks='[20, 40, 60]', batch_size=2048, batch_test_flag=True, context_hops=3, cuda=True, data_path='data/', dataset='yelp2018', dim=64, edge_dropout=False, edge_dropout_rate=0.1, epoch=1000, eps=0.01, gnn='lightgcn', gpu_id=3, l2=0.0001, lr=0.001, mess_dropout=False, mess_dropout_rate=0.1, n_negs=64, ns='mixgcf', out_dir='./weights/yelp2018/', pool='concat', save=False, test_batch_size=2048, test_flag='part')
reading train and test user-item set ...
building the adj mat ...
loading over ...
这是两个item维度层面上的权重自适应......
start training ...
epoch: 0 s: 0 batch_loss 0.6935173273086548 BPR_loss 0.6935167908668518 reg_loss 5.118474177834287e-07
epoch: 0 s: 256000 batch_loss 0.6935155987739563 BPR_loss 0.6935149431228638 reg_loss 6.765724833712738e-07
epoch: 0 s: 512000 batch_loss 0.693545401096344 BPR_loss 0.6935445666313171 reg_loss 8.471869819004496e-07
epoch: 0 s: 768000 batch_loss 0.6935665607452393 BPR_loss 0.6935653686523438 reg_loss 1.169488768937299e-06
epoch: 0 s: 1024000 batch_loss 0.6935350894927979 BPR_loss 0.693533182144165 reg_loss 1.8984480902872747e-06
+-------+--------------------+-------------------+-------------------+------------------------------------+------------------------------------+------------------------------------+------------------------------------+
| Epoch |  training time(s)  |   tesing time(s)  |        Loss       |               recall               |                ndcg                |             precision              |             hit_ratio              |
+-------+--------------------+-------------------+-------------------+------------------------------------+------------------------------------+------------------------------------+------------------------------------+
|   0   | 222.56738662719727 | 46.95740532875061 | 418.8962097167969 | [0.02697859 0.04556159 0.06029565] | [0.02203746 0.02908947 0.03431154] | [0.01270999 0.01081454 0.00961749] | [0.19464444 0.28779841 0.35089049] |
+-------+--------------------+-------------------+-------------------+------------------------------------+------------------------------------+------------------------------------+------------------------------------+
epoch: 1 s: 0 batch_loss 0.6933279037475586 BPR_loss 0.6933249235153198 reg_loss 2.9782629553665174e-06
epoch: 1 s: 256000 batch_loss 0.6930624842643738 BPR_loss 0.693057119846344 reg_loss 5.350967967387987e-06
epoch: 1 s: 512000 batch_loss 0.6924464702606201 BPR_loss 0.6924373507499695 reg_loss 9.135599611909129e-06
epoch: 1 s: 768000 batch_loss 0.6908401846885681 BPR_loss 0.6908256411552429 reg_loss 1.4529367945215199e-05
epoch: 1 s: 1024000 batch_loss 0.688563346862793 BPR_loss 0.6885412335395813 reg_loss 2.2103809897089377e-05
+-------+-------------------+-------------------+----------------+------------------------------------+------------------------------------+------------------------------------+------------------------------------+
| Epoch |  training time(s) |   tesing time(s)  |      Loss      |               recall               |                ndcg                |             precision              |             hit_ratio              |
+-------+-------------------+-------------------+----------------+------------------------------------+------------------------------------+------------------------------------+------------------------------------+
|   1   | 226.9134223461151 | 45.65587496757507 | 417.5263671875 | [0.04024853 0.06707159 0.08927997] | [0.03288944 0.04306057 0.05089511] | [0.01861185 0.01561434 0.01394783] | [0.27080965 0.3886889  0.46324365] |
+-------+-------------------+-------------------+----------------+------------------------------------+------------------------------------+------------------------------------+------------------------------------+
epoch: 2 s: 0 batch_loss 0.6852045655250549 BPR_loss 0.6851749420166016 reg_loss 2.960894926218316e-05
epoch: 2 s: 256000 batch_loss 0.6814890503883362 BPR_loss 0.6814477443695068 reg_loss 4.12901135860011e-05
epoch: 2 s: 512000 batch_loss 0.6773192882537842 BPR_loss 0.6772641539573669 reg_loss 5.515891098184511e-05
epoch: 2 s: 768000 batch_loss 0.6713849306106567 BPR_loss 0.6713138222694397 reg_loss 7.111728336894885e-05
epoch: 2 s: 1024000 batch_loss 0.6634553074836731 BPR_loss 0.663366973400116 reg_loss 8.832275489112362e-05
+-------+--------------------+-------------------+-------------------+------------------------------------+------------------------------------+------------------------------------+------------------------------------+
| Epoch |  training time(s)  |   tesing time(s)  |        Loss       |               recall               |                ndcg                |             precision              |             hit_ratio              |
+-------+--------------------+-------------------+-------------------+------------------------------------+------------------------------------+------------------------------------+------------------------------------+
|   2   | 223.34554290771484 | 41.83198380470276 | 406.8460998535156 | [0.0446724  0.07465534 0.09949665] | [0.0367578  0.04811265 0.05683454] | [0.02064545 0.01738269 0.01549514] | [0.29581912 0.42039283 0.50078944] |
+-------+--------------------+-------------------+-------------------+------------------------------------+------------------------------------+------------------------------------+------------------------------------+
epoch: 3 s: 0 batch_loss 0.6540103554725647 BPR_loss 0.653903067111969 reg_loss 0.00010729065979830921
epoch: 3 s: 256000 batch_loss 0.6487510204315186 BPR_loss 0.6486231088638306 reg_loss 0.00012789190805051476
epoch: 3 s: 512000 batch_loss 0.6411973834037781 BPR_loss 0.6410506367683411 reg_loss 0.0001467418042011559
epoch: 3 s: 768000 batch_loss 0.6319195628166199 BPR_loss 0.631742537021637 reg_loss 0.00017703020421322435
epoch: 3 s: 1024000 batch_loss 0.6254246830940247 BPR_loss 0.6252283453941345 reg_loss 0.0001963577524293214
+-------+--------------------+--------------------+-------------------+------------------------------------+------------------------------------+------------------------------------+------------------------------------+
| Epoch |  training time(s)  |   tesing time(s)   |        Loss       |               recall               |                ndcg                |             precision              |             hit_ratio              |
+-------+--------------------+--------------------+-------------------+------------------------------------+------------------------------------+------------------------------------+------------------------------------+
|   3   | 226.20163226127625 | 46.605560064315796 | 384.3780822753906 | [0.04619654 0.07735216 0.10319089] | [0.03792116 0.04971057 0.05882016] | [0.02142699 0.01802371 0.01612932] | [0.30166098 0.43005558 0.51061008] |
+-------+--------------------+--------------------+-------------------+------------------------------------+------------------------------------+------------------------------------+------------------------------------+
epoch: 4 s: 0 batch_loss 0.6078075170516968 BPR_loss 0.6075823307037354 reg_loss 0.0002252081612823531
epoch: 4 s: 256000 batch_loss 0.6008507013320923 BPR_loss 0.6006003618240356 reg_loss 0.00025033869314938784
epoch: 4 s: 512000 batch_loss 0.5936118960380554 BPR_loss 0.5933344960212708 reg_loss 0.0002773884334601462
epoch: 4 s: 768000 batch_loss 0.5784127712249756 BPR_loss 0.5780964493751526 reg_loss 0.0003163183282595128
epoch: 4 s: 1024000 batch_loss 0.5781317949295044 BPR_loss 0.5778022408485413 reg_loss 0.0003295389760751277
+-------+--------------------+-------------------+-------------------+------------------------------------+------------------------------------+------------------------------------+------------------------------------+
| Epoch |  training time(s)  |   tesing time(s)  |        Loss       |               recall               |                ndcg                |             precision              |             hit_ratio              |
+-------+--------------------+-------------------+-------------------+------------------------------------+------------------------------------+------------------------------------+------------------------------------+
|   4   | 219.62230610847473 | 50.26165819168091 | 355.8663635253906 | [0.04745801 0.07946491 0.10631392] | [0.03868698 0.05080599 0.06022768] | [0.02196855 0.01849659 0.01653983] | [0.30895541 0.43883415 0.52109385] |
+-------+--------------------+-------------------+-------------------+------------------------------------+------------------------------------+------------------------------------+------------------------------------+
epoch: 5 s: 0 batch_loss 0.5629280209541321 BPR_loss 0.5625715255737305 reg_loss 0.00035648728953674436
epoch: 5 s: 256000 batch_loss 0.5495057106018066 BPR_loss 0.5491102933883667 reg_loss 0.00039538793498650193
epoch: 5 s: 512000 batch_loss 0.5419163703918457 BPR_loss 0.5414898991584778 reg_loss 0.0004264651797711849
epoch: 5 s: 768000 batch_loss 0.5347198843955994 BPR_loss 0.5342745780944824 reg_loss 0.0004453066794667393
epoch: 5 s: 1024000 batch_loss 0.525986909866333 BPR_loss 0.5254995822906494 reg_loss 0.0004873338621109724
+-------+-------------------+--------------------+-------------------+------------------------------------+------------------------------------+------------------------------------+------------------------------------+
| Epoch |  training time(s) |   tesing time(s)   |        Loss       |               recall               |                ndcg                |             precision              |             hit_ratio              |
+-------+-------------------+--------------------+-------------------+------------------------------------+------------------------------------+------------------------------------+------------------------------------+
|   5   | 224.4724724292755 | 48.232665061950684 | 325.9491882324219 | [0.04747405 0.08003447 0.10671139] | [0.03893229 0.05130214 0.06065893] | [0.02194329 0.01861658 0.01658825] | [0.30936592 0.43908678 0.52122016] |
+-------+-------------------+--------------------+-------------------+------------------------------------+------------------------------------+------------------------------------+------------------------------------+
epoch: 6 s: 0 batch_loss 0.5117325186729431 BPR_loss 0.5112191438674927 reg_loss 0.0005133619415573776
epoch: 6 s: 256000 batch_loss 0.5048831105232239 BPR_loss 0.5043410062789917 reg_loss 0.0005420806701295078
epoch: 6 s: 512000 batch_loss 0.4896508753299713 BPR_loss 0.48906832933425903 reg_loss 0.0005825536791235209
epoch: 6 s: 768000 batch_loss 0.4892975986003876 BPR_loss 0.4886961579322815 reg_loss 0.0006014457321725786
epoch: 6 s: 1024000 batch_loss 0.48212796449661255 BPR_loss 0.48149001598358154 reg_loss 0.0006379348924383521
+-------+--------------------+-------------------+-------------------+------------------------------------+------------------------------------+------------------------------------+------------------------------------+
| Epoch |  training time(s)  |   tesing time(s)  |        Loss       |               recall               |                ndcg                |             precision              |             hit_ratio              |
+-------+--------------------+-------------------+-------------------+------------------------------------+------------------------------------+------------------------------------+------------------------------------+
|   6   | 219.97590374946594 | 47.39934301376343 | 297.0218200683594 | [0.04772302 0.08080753 0.10697384] | [0.03893285 0.05149368 0.06070484] | [0.02190539 0.01864027 0.01657562] | [0.30857648 0.44123405 0.52182013] |
+-------+--------------------+-------------------+-------------------+------------------------------------+------------------------------------+------------------------------------+------------------------------------+
epoch: 7 s: 0 batch_loss 0.4622350335121155 BPR_loss 0.46156805753707886 reg_loss 0.0006669690483249724
epoch: 7 s: 256000 batch_loss 0.44691750407218933 BPR_loss 0.44620072841644287 reg_loss 0.0007167725125327706
epoch: 7 s: 512000 batch_loss 0.4426301419734955 BPR_loss 0.4418794512748718 reg_loss 0.000750696926843375
epoch: 7 s: 768000 batch_loss 0.44061627984046936 BPR_loss 0.4398452937602997 reg_loss 0.0007709903293289244
epoch: 7 s: 1024000 batch_loss 0.43662145733833313 BPR_loss 0.4358215928077698 reg_loss 0.0007998630171641707
+-------+--------------------+-------------------+-------------------+------------------------------------+------------------------------------+------------------------------------+------------------------------------+
| Epoch |  training time(s)  |   tesing time(s)  |        Loss       |               recall               |                ndcg                |             precision              |             hit_ratio              |
+-------+--------------------+-------------------+-------------------+------------------------------------+------------------------------------+------------------------------------+------------------------------------+
|   7   | 221.72744131088257 | 49.56171798706055 | 270.1242980957031 | [0.04778412 0.08039365 0.10664092] | [0.03882754 0.05123398 0.06048967] | [0.02184066 0.0185258  0.01652615] | [0.30914488 0.43858153 0.51954655] |
+-------+--------------------+-------------------+-------------------+------------------------------------+------------------------------------+------------------------------------+------------------------------------+
epoch: 8 s: 0 batch_loss 0.4210241734981537 BPR_loss 0.420197457075119 reg_loss 0.0008267094381153584
epoch: 8 s: 256000 batch_loss 0.42110082507133484 BPR_loss 0.4202517867088318 reg_loss 0.0008490372565574944
epoch: 8 s: 512000 batch_loss 0.4069872200489044 BPR_loss 0.406081885099411 reg_loss 0.0009053206886164844
epoch: 8 s: 768000 batch_loss 0.3924635946750641 BPR_loss 0.3915361166000366 reg_loss 0.0009274847689084709
epoch: 8 s: 1024000 batch_loss 0.39242658019065857 BPR_loss 0.39144182205200195 reg_loss 0.0009847709443420172
+-------+-------------------+--------------------+--------------------+------------------------------------+------------------------------------+------------------------------------+------------------------------------+
| Epoch |  training time(s) |   tesing time(s)   |        Loss        |               recall               |                ndcg                |             precision              |             hit_ratio              |
+-------+-------------------+--------------------+--------------------+------------------------------------+------------------------------------+------------------------------------+------------------------------------+
|   8   | 219.3033049106598 | 46.072505950927734 | 245.59942626953125 | [0.04777905 0.0801784  0.10629772] | [0.03876788 0.05109947 0.06032211] | [0.02180592 0.01845396 0.01645562] | [0.30841859 0.43813945 0.51765189] |
+-------+-------------------+--------------------+--------------------+------------------------------------+------------------------------------+------------------------------------+------------------------------------+
epoch: 9 s: 0 batch_loss 0.3827660083770752 BPR_loss 0.38175535202026367 reg_loss 0.001010663341730833
epoch: 9 s: 256000 batch_loss 0.37913545966148376 BPR_loss 0.37811216711997986 reg_loss 0.0010232789209112525
epoch: 9 s: 512000 batch_loss 0.36661145091056824 BPR_loss 0.365543007850647 reg_loss 0.0010684498120099306
epoch: 9 s: 768000 batch_loss 0.36245742440223694 BPR_loss 0.36137425899505615 reg_loss 0.0010831517865881324
epoch: 9 s: 1024000 batch_loss 0.3581327795982361 BPR_loss 0.35700637102127075 reg_loss 0.0011264118365943432
+-------+-------------------+-------------------+--------------------+------------------------------------+------------------------------------+------------------------------------+------------------------------------+
| Epoch |  training time(s) |   tesing time(s)  |        Loss        |               recall               |                ndcg                |             precision              |             hit_ratio              |
+-------+-------------------+-------------------+--------------------+------------------------------------+------------------------------------+------------------------------------+------------------------------------+
|   9   | 223.6278374195099 | 49.43946552276611 | 223.24378967285156 | [0.04728261 0.08001841 0.10625854] | [0.03849336 0.05098603 0.06023349] | [0.02153751 0.01837107 0.01636668] | [0.30595554 0.43788683 0.51919919] |
+-------+-------------------+-------------------+--------------------+------------------------------------+------------------------------------+------------------------------------+------------------------------------+
epoch: 10 s: 0 batch_loss 0.3428000807762146 BPR_loss 0.34162354469299316 reg_loss 0.0011765430681407452
epoch: 10 s: 256000 batch_loss 0.34384843707084656 BPR_loss 0.34265878796577454 reg_loss 0.0011896552750840783
epoch: 10 s: 512000 batch_loss 0.33770689368247986 BPR_loss 0.3364986181259155 reg_loss 0.0012082885950803757
epoch: 10 s: 768000 batch_loss 0.33765745162963867 BPR_loss 0.33642178773880005 reg_loss 0.0012356743682175875
epoch: 10 s: 1024000 batch_loss 0.3284359872341156 BPR_loss 0.32716619968414307 reg_loss 0.0012697794009000063
+-------+--------------------+-------------------+--------------------+------------------------------------+------------------------------------+------------------------------------+------------------------------------+
| Epoch |  training time(s)  |   tesing time(s)  |        Loss        |               recall               |                ndcg                |             precision              |             hit_ratio              |
+-------+--------------------+-------------------+--------------------+------------------------------------+------------------------------------+------------------------------------+------------------------------------+
|   10  | 221.26821899414062 | 43.61539387702942 | 203.16836547851562 | [0.04709098 0.07923979 0.10537105] | [0.03837218 0.05070558 0.05991599] | [0.02132594 0.01818397 0.0162009 ] | [0.30554503 0.4339712  0.51528357] |
+-------+--------------------+-------------------+--------------------+------------------------------------+------------------------------------+------------------------------------+------------------------------------+
epoch: 11 s: 0 batch_loss 0.3199838101863861 BPR_loss 0.31866079568862915 reg_loss 0.001323002390563488
epoch: 11 s: 256000 batch_loss 0.33165496587753296 BPR_loss 0.33031517267227173 reg_loss 0.0013397997245192528
epoch: 11 s: 512000 batch_loss 0.306043803691864 BPR_loss 0.30466949939727783 reg_loss 0.0013742955634370446
epoch: 11 s: 768000 batch_loss 0.3082719147205353 BPR_loss 0.3068806529045105 reg_loss 0.0013912759022787213
epoch: 11 s: 1024000 batch_loss 0.29586124420166016 BPR_loss 0.29440996050834656 reg_loss 0.0014512704219669104
+-------+--------------------+-------------------+--------------------+------------------------------------+------------------------------------+------------------------------------+------------------------------------+
| Epoch |  training time(s)  |   tesing time(s)  |        Loss        |               recall               |                ndcg                |             precision              |             hit_ratio              |
+-------+--------------------+-------------------+--------------------+------------------------------------+------------------------------------+------------------------------------+------------------------------------+
|   11  | 223.31769132614136 | 46.37119174003601 | 185.14431762695312 | [0.0471926  0.07861561 0.10491581] | [0.03812716 0.0501541  0.05942973] | [0.02128805 0.0179203  0.01605722] | [0.30503979 0.43226601 0.51414677] |
+-------+--------------------+-------------------+--------------------+------------------------------------+------------------------------------+------------------------------------+------------------------------------+
epoch: 12 s: 0 batch_loss 0.29375964403152466 BPR_loss 0.29227110743522644 reg_loss 0.0014885328710079193
epoch: 12 s: 256000 batch_loss 0.27658969163894653 BPR_loss 0.275083988904953 reg_loss 0.0015056983102113008
epoch: 12 s: 512000 batch_loss 0.2853142321109772 BPR_loss 0.2837698757648468 reg_loss 0.0015443450538441539
epoch: 12 s: 768000 batch_loss 0.2809434235095978 BPR_loss 0.27938607335090637 reg_loss 0.0015573626151308417
epoch: 12 s: 1024000 batch_loss 0.26728108525276184 BPR_loss 0.26568403840065 reg_loss 0.0015970474341884255
+-------+--------------------+------------------+--------------------+------------------------------------+------------------------------------+------------------------------------+------------------------------------+
| Epoch |  training time(s)  |  tesing time(s)  |        Loss        |               recall               |                ndcg                |             precision              |             hit_ratio              |
+-------+--------------------+------------------+--------------------+------------------------------------+------------------------------------+------------------------------------+------------------------------------+
|   12  | 226.91983819007874 | 47.8979172706604 | 168.89871215820312 | [0.04705064 0.07845376 0.10396386] | [0.03795965 0.05000562 0.05901474] | [0.02115069 0.01788004 0.01591986] | [0.30314513 0.43109764 0.50937855] |
+-------+--------------------+------------------+--------------------+------------------------------------+------------------------------------+------------------------------------+------------------------------------+
epoch: 13 s: 0 batch_loss 0.2672596573829651 BPR_loss 0.2656101584434509 reg_loss 0.0016494874143972993
epoch: 13 s: 256000 batch_loss 0.25865086913108826 BPR_loss 0.2569943070411682 reg_loss 0.0016565624391660094
epoch: 13 s: 512000 batch_loss 0.2651384472846985 BPR_loss 0.263442724943161 reg_loss 0.0016957352636381984
epoch: 13 s: 768000 batch_loss 0.24925559759140015 BPR_loss 0.24752163887023926 reg_loss 0.0017339607002213597
epoch: 13 s: 1024000 batch_loss 0.24954408407211304 BPR_loss 0.24781787395477295 reg_loss 0.0017262082546949387
+-------+------------------+-------------------+------------------+------------------------------------+------------------------------------+------------------------------------+------------------------------------+
| Epoch | training time(s) |   tesing time(s)  |       Loss       |               recall               |                ndcg                |             precision              |             hit_ratio              |
+-------+------------------+-------------------+------------------+------------------------------------+------------------------------------+------------------------------------+------------------------------------+
|   13  | 220.532719373703 | 50.94352054595947 | 154.393310546875 | [0.04649214 0.0776523  0.1035926 ] | [0.03743997 0.04940936 0.05853426] | [0.02077491 0.01762821 0.01577144] | [0.30001895 0.42696097 0.51038904] |
+-------+------------------+-------------------+------------------+------------------------------------+------------------------------------+------------------------------------+------------------------------------+
epoch: 14 s: 0 batch_loss 0.23055940866470337 BPR_loss 0.22877055406570435 reg_loss 0.001788847497664392
epoch: 14 s: 256000 batch_loss 0.22315245866775513 BPR_loss 0.2213495373725891 reg_loss 0.0018029204802587628
epoch: 14 s: 512000 batch_loss 0.24098476767539978 BPR_loss 0.23915815353393555 reg_loss 0.0018266066908836365
epoch: 14 s: 768000 batch_loss 0.22454847395420074 BPR_loss 0.22268447279930115 reg_loss 0.0018640022026374936
epoch: 14 s: 1024000 batch_loss 0.23062311112880707 BPR_loss 0.2287060171365738 reg_loss 0.0019170879386365414
+-------+--------------------+------------------+--------------------+------------------------------------+------------------------------------+------------------------------------+------------------------------------+
| Epoch |  training time(s)  |  tesing time(s)  |        Loss        |               recall               |                ndcg                |             precision              |             hit_ratio              |
+-------+--------------------+------------------+--------------------+------------------------------------+------------------------------------+------------------------------------+------------------------------------+
|   14  | 216.14705610275269 | 47.7698278427124 | 141.32803344726562 | [0.04631189 0.07679045 0.10255995] | [0.03724866 0.04896138 0.05802683] | [0.02068018 0.01741585 0.01557303] | [0.29907162 0.42452949 0.50641026] |
+-------+--------------------+------------------+--------------------+------------------------------------+------------------------------------+------------------------------------+------------------------------------+
epoch: 15 s: 0 batch_loss 0.22023695707321167 BPR_loss 0.21828320622444153 reg_loss 0.0019537529442459345
epoch: 15 s: 256000 batch_loss 0.22684790194034576 BPR_loss 0.22489164769649506 reg_loss 0.0019562584348022938
epoch: 15 s: 512000 batch_loss 0.22094139456748962 BPR_loss 0.21892891824245453 reg_loss 0.0020124760922044516
epoch: 15 s: 768000 batch_loss 0.20855553448200226 BPR_loss 0.20653215050697327 reg_loss 0.0020233772229403257
epoch: 15 s: 1024000 batch_loss 0.2142375111579895 BPR_loss 0.2121865153312683 reg_loss 0.002050997456535697
+-------+--------------------+-------------------+------------------+------------------------------------+------------------------------------+------------------------------------+------------------------------------+
| Epoch |  training time(s)  |   tesing time(s)  |       Loss       |               recall               |                ndcg                |             precision              |             hit_ratio              |
+-------+--------------------+-------------------+------------------+------------------------------------+------------------------------------+------------------------------------+------------------------------------+
|   15  | 212.41730546951294 | 49.23140215873718 | 129.738037109375 | [0.04593227 0.07638854 0.10211049] | [0.03695102 0.04868214 0.05774549] | [0.02040861 0.01723191 0.01545882] | [0.29682961 0.42279272 0.50375774] |
+-------+--------------------+-------------------+------------------+------------------------------------+------------------------------------+------------------------------------+------------------------------------+
epoch: 16 s: 0 batch_loss 0.19477032124996185 BPR_loss 0.1926751732826233 reg_loss 0.0020951449405401945
epoch: 16 s: 256000 batch_loss 0.18613731861114502 BPR_loss 0.18402285873889923 reg_loss 0.002114455681294203
epoch: 16 s: 512000 batch_loss 0.19151966273784637 BPR_loss 0.18934667110443115 reg_loss 0.0021729846484959126
epoch: 16 s: 768000 batch_loss 0.19378812611103058 BPR_loss 0.1916188895702362 reg_loss 0.002169232815504074
epoch: 16 s: 1024000 batch_loss 0.19051943719387054 BPR_loss 0.18827180564403534 reg_loss 0.002247635740786791
+-------+--------------------+------------------+-------------------+------------------------------------+------------------------------------+------------------------------------+------------------------------------+
| Epoch |  training time(s)  |  tesing time(s)  |        Loss       |               recall               |                ndcg                |             precision              |             hit_ratio              |
+-------+--------------------+------------------+-------------------+------------------------------------+------------------------------------+------------------------------------+------------------------------------+
|   16  | 217.64952874183655 | 48.1886146068573 | 119.2417221069336 | [0.04558597 0.07625167 0.10153315] | [0.03660719 0.04839715 0.05728498] | [0.02023652 0.01716559 0.01531199] | [0.29278767 0.41998232 0.50167361] |
+-------+--------------------+------------------+-------------------+------------------------------------+------------------------------------+------------------------------------+------------------------------------+
epoch: 17 s: 0 batch_loss 0.18791870772838593 BPR_loss 0.1857181340456009 reg_loss 0.0022005795035511255
epoch: 17 s: 256000 batch_loss 0.19393421709537506 BPR_loss 0.19167548418045044 reg_loss 0.0022587371058762074
epoch: 17 s: 512000 batch_loss 0.18576231598854065 BPR_loss 0.1834637075662613 reg_loss 0.0022986123804003
epoch: 17 s: 768000 batch_loss 0.18495966494083405 BPR_loss 0.18263965845108032 reg_loss 0.0023200123105198145
epoch: 17 s: 1024000 batch_loss 0.18142522871494293 BPR_loss 0.17906391620635986 reg_loss 0.002361313672736287
+-------+--------------------+-------------------+--------------------+------------------------------------+------------------------------------+------------------------------------+------------------------------------+
| Epoch |  training time(s)  |   tesing time(s)  |        Loss        |               recall               |                ndcg                |             precision              |             hit_ratio              |
+-------+--------------------+-------------------+--------------------+------------------------------------+------------------------------------+------------------------------------+------------------------------------+
|   17  | 211.87037873268127 | 42.50441288948059 | 109.86521911621094 | [0.04536588 0.07566041 0.10069224] | [0.03650645 0.04815334 0.05698669] | [0.02008494 0.01697297 0.01518199] | [0.29364027 0.41947707 0.4987369 ] |
+-------+--------------------+-------------------+--------------------+------------------------------------+------------------------------------+------------------------------------+------------------------------------+
Early stopping is trigger at step: 10 log:0.04536588129961602
early stopping at 17, recall@20:0.0478
