Namespace(K=1, Ks='[20, 40, 60]', batch_size=2048, batch_test_flag=True, context_hops=3, cuda=True, data_path='data/', dataset='ali', dim=64, edge_dropout=False, edge_dropout_rate=0.1, epoch=1000, eps=0.01, gnn='lightgcn', gpu_id=0, l2=0.0001, lr=0.001, mess_dropout=False, mess_dropout_rate=0.1, n_negs=32, ns='mixgcf', out_dir='./weights/yelp2018/', pool='mean', save=False, test_batch_size=2048, test_flag='part')
reading train and test user-item set ...
building the adj mat ...
loading over ...
这是两个item维度层面上的权重自适应......
start training ...
epoch: 0 s: 0 batch_loss 0.6931499242782593 BPR_loss 0.6931499242782593 reg_loss 2.653847808176124e-08
epoch: 0 s: 256000 batch_loss 0.6931479573249817 BPR_loss 0.6931478977203369 reg_loss 6.417826625693124e-08
epoch: 0 s: 512000 batch_loss 0.6931395530700684 BPR_loss 0.6931392550468445 reg_loss 3.0958992169871635e-07
+-------+-------------------+--------------------+-------------------+------------------------------------+------------------------------------+------------------------------------+------------------------------------+
| Epoch |  training time(s) |   tesing time(s)   |        Loss       |               recall               |                ndcg                |             precision              |             hit_ratio              |
+-------+-------------------+--------------------+-------------------+------------------------------------+------------------------------------+------------------------------------+------------------------------------+
|   0   | 43.70226716995239 | 119.32605314254761 | 248.1438446044922 | [0.0337154  0.0515934  0.06599312] | [0.01512361 0.01897511 0.02165977] | [0.00209655 0.00161602 0.0013823 ] | [0.04045557 0.06141415 0.0779604 ] |
|   0   | 43.70226716995239 | 123.74752187728882 | 248.1438446044922 | [0.00654445 0.01161267 0.01640656] | [0.0028137  0.00388533 0.00477333] | [0.00036277 0.00033765 0.00032435] | [0.00712249 0.01310715 0.01860417] |
+-------+-------------------+--------------------+-------------------+------------------------------------+------------------------------------+------------------------------------+------------------------------------+
epoch: 1 s: 0 batch_loss 0.6930815577507019 BPR_loss 0.6930801272392273 reg_loss 1.407135300723894e-06
epoch: 1 s: 256000 batch_loss 0.6928565502166748 BPR_loss 0.6928505897521973 reg_loss 5.95989877183456e-06
epoch: 1 s: 512000 batch_loss 0.6922982931137085 BPR_loss 0.6922813653945923 reg_loss 1.693896047072485e-05
+-------+-------------------+--------------------+--------------------+------------------------------------+------------------------------------+------------------------------------+------------------------------------+
| Epoch |  training time(s) |   tesing time(s)   |        Loss        |               recall               |                ndcg                |             precision              |             hit_ratio              |
+-------+-------------------+--------------------+--------------------+------------------------------------+------------------------------------+------------------------------------+------------------------------------+
|   1   | 45.23166632652283 | 135.7313482761383  | 247.93467712402344 | [0.04845474 0.07185717 0.09055451] | [0.02167642 0.0267042  0.03017995] | [0.00293282 0.00220651 0.00186145] | [0.05656059 0.0840963  0.10577188] |
|   1   | 45.23166632652283 | 116.99973273277283 | 247.93467712402344 | [0.00948876 0.01664854 0.02279374] | [0.00391527 0.00540761 0.00653845] | [0.0005135  0.00046584 0.00043395] | [0.01015176 0.01819042 0.02522424] |
+-------+-------------------+--------------------+--------------------+------------------------------------+------------------------------------+------------------------------------+------------------------------------+
epoch: 2 s: 0 batch_loss 0.691409170627594 BPR_loss 0.6913778781890869 reg_loss 3.1312079954659566e-05
epoch: 2 s: 256000 batch_loss 0.6902363896369934 BPR_loss 0.6901800036430359 reg_loss 5.63655594305601e-05
epoch: 2 s: 512000 batch_loss 0.6881698369979858 BPR_loss 0.6880756616592407 reg_loss 9.417892579222098e-05
+-------+------------------+--------------------+--------------------+------------------------------------+------------------------------------+------------------------------------+------------------------------------+
| Epoch | training time(s) |   tesing time(s)   |        Loss        |               recall               |                ndcg                |             precision              |             hit_ratio              |
+-------+------------------+--------------------+--------------------+------------------------------------+------------------------------------+------------------------------------+------------------------------------+
|   2   | 46.6922082901001 | 130.0836853981018  | 246.71717834472656 | [0.0538453  0.07948383 0.09938744] | [0.02394151 0.02942866 0.03314771] | [0.00324789 0.00242575 0.00204001] | [0.06280679 0.0926314  0.1158513 ] |
|   2   | 46.6922082901001 | 117.48455667495728 | 246.71717834472656 | [0.01012663 0.01788561 0.02384807] | [0.00420567 0.00582798 0.00692813] | [0.00054601 0.00049651 0.00045168] | [0.01080194 0.0194169  0.02630296] |
+-------+------------------+--------------------+--------------------+------------------------------------+------------------------------------+------------------------------------+------------------------------------+
epoch: 3 s: 0 batch_loss 0.686377763748169 BPR_loss 0.6862519979476929 reg_loss 0.00012575244181789458
epoch: 3 s: 256000 batch_loss 0.684095025062561 BPR_loss 0.6839253306388855 reg_loss 0.00016967662668321282
epoch: 3 s: 512000 batch_loss 0.681799054145813 BPR_loss 0.6815829277038574 reg_loss 0.00021614751312881708
+-------+--------------------+-------------------+--------------------+------------------------------------+------------------------------------+------------------------------------+------------------------------------+
| Epoch |  training time(s)  |   tesing time(s)  |        Loss        |               recall               |                ndcg                |             precision              |             hit_ratio              |
+-------+--------------------+-------------------+--------------------+------------------------------------+------------------------------------+------------------------------------+------------------------------------+
|   3   | 45.131038665771484 |  126.636239528656 | 244.38339233398438 | [0.05617356 0.08257596 0.10262164] | [0.02515842 0.03083079 0.03455541] | [0.00337061 0.002514   0.00209471] | [0.06528873 0.0960096  0.11938117] |
|   3   | 45.131038665771484 | 125.4584105014801 | 244.38339233398438 | [0.01082853 0.01828088 0.02475869] | [0.00451424 0.00607415 0.00726762] | [0.00058369 0.00050685 0.00046794] | [0.01154079 0.0198011  0.02726346] |
+-------+--------------------+-------------------+--------------------+------------------------------------+------------------------------------+------------------------------------+------------------------------------+
epoch: 4 s: 0 batch_loss 0.6794376373291016 BPR_loss 0.679166316986084 reg_loss 0.00027132497052662075
epoch: 4 s: 256000 batch_loss 0.6741952300071716 BPR_loss 0.67386794090271 reg_loss 0.00032728342921473086
epoch: 4 s: 512000 batch_loss 0.6731334328651428 BPR_loss 0.6727436780929565 reg_loss 0.000389750610338524
+-------+-------------------+--------------------+-------------------+------------------------------------+------------------------------------+------------------------------------+------------------------------------+
| Epoch |  training time(s) |   tesing time(s)   |        Loss       |               recall               |                ndcg                |             precision              |             hit_ratio              |
+-------+-------------------+--------------------+-------------------+------------------------------------+------------------------------------+------------------------------------+------------------------------------+
|   4   | 45.05200743675232 | 124.55152750015259 | 241.2499542236328 | [0.05768518 0.08425512 0.10474907] | [0.02576776 0.0314798  0.03528584] | [0.00345334 0.00256088 0.00213309] | [0.06686063 0.09793999 0.12154597] |
|   4   | 45.05200743675232 | 118.97466588020325 | 241.2499542236328 | [0.01125829 0.01899387 0.02541037] | [0.00466383 0.00627416 0.00745579] | [0.00060659 0.00052532 0.00047927] | [0.01196932 0.0205695  0.02797275] |
+-------+-------------------+--------------------+-------------------+------------------------------------+------------------------------------+------------------------------------+------------------------------------+
epoch: 5 s: 0 batch_loss 0.6720162630081177 BPR_loss 0.6715694665908813 reg_loss 0.0004467823018785566
epoch: 5 s: 256000 batch_loss 0.6671461462974548 BPR_loss 0.6666476726531982 reg_loss 0.0004984712577424943
epoch: 5 s: 512000 batch_loss 0.6614100933074951 BPR_loss 0.6608318090438843 reg_loss 0.0005782954976893961
+-------+--------------------+--------------------+-------------------+------------------------------------+------------------------------------+------------------------------------+------------------------------------+
| Epoch |  training time(s)  |   tesing time(s)   |        Loss       |               recall               |                ndcg                |             precision              |             hit_ratio              |
+-------+--------------------+--------------------+-------------------+------------------------------------+------------------------------------+------------------------------------+------------------------------------+
|   5   | 46.632654428482056 | 132.40167450904846 | 237.7017822265625 | [0.05923915 0.08668709 0.10736973] | [0.02650196 0.03240559 0.03625479] | [0.00353745 0.0026312  0.00218663] | [0.06852904 0.10060118 0.12456566] |
|   5   | 46.632654428482056 | 122.76031184196472 | 237.7017822265625 | [0.01140976 0.0194974  0.0260235 ] | [0.00478949 0.00647312 0.00767608] | [0.0006162  0.00053751 0.00048961] | [0.01216142 0.0210867  0.02856383] |
+-------+--------------------+--------------------+-------------------+------------------------------------+------------------------------------+------------------------------------+------------------------------------+
epoch: 6 s: 0 batch_loss 0.6575964093208313 BPR_loss 0.6569379568099976 reg_loss 0.0006584723596461117
epoch: 6 s: 256000 batch_loss 0.6568735837936401 BPR_loss 0.6561736464500427 reg_loss 0.0006999397883191705
epoch: 6 s: 512000 batch_loss 0.6527188420295715 BPR_loss 0.6519176959991455 reg_loss 0.0008011739701032639
+-------+--------------------+--------------------+--------------------+------------------------------------+------------------------------------+------------------------------------+------------------------------------+
| Epoch |  training time(s)  |   tesing time(s)   |        Loss        |               recall               |                ndcg                |             precision              |             hit_ratio              |
+-------+--------------------+--------------------+--------------------+------------------------------------+------------------------------------+------------------------------------+------------------------------------+
|   6   | 44.412084102630615 | 123.43402576446533 | 233.70144653320312 | [0.05999035 0.08789809 0.10812758] | [0.02697119 0.03297637 0.03674554] | [0.0035671  0.00266291 0.00220042] | [0.06923225 0.10188351 0.12528267] |
|   6   | 44.412084102630615 | 124.62961983680725 | 233.70144653320312 | [0.01176687 0.01981683 0.02659526] | [0.00493248 0.00660768 0.00785056] | [0.00063024 0.00054453 0.00049774] | [0.01245696 0.02138224 0.02908102] |
+-------+--------------------+--------------------+--------------------+------------------------------------+------------------------------------+------------------------------------+------------------------------------+
epoch: 7 s: 0 batch_loss 0.6414009928703308 BPR_loss 0.6404998302459717 reg_loss 0.0009011883521452546
epoch: 7 s: 256000 batch_loss 0.6439703702926636 BPR_loss 0.6430181264877319 reg_loss 0.0009522701147943735
epoch: 7 s: 512000 batch_loss 0.6380918025970459 BPR_loss 0.637030839920044 reg_loss 0.0010609738528728485
+-------+--------------------+--------------------+--------------------+------------------------------------+------------------------------------+------------------------------------+------------------------------------+
| Epoch |  training time(s)  |   tesing time(s)   |        Loss        |               recall               |                ndcg                |             precision              |             hit_ratio              |
+-------+--------------------+--------------------+--------------------+------------------------------------+------------------------------------+------------------------------------+------------------------------------+
|   7   | 44.867122173309326 | 129.54574751853943 | 229.48609924316406 | [0.06111862 0.08861091 0.10952028] | [0.02753867 0.03345626 0.03734414] | [0.00363466 0.0026829  0.00222524] | [0.07048701 0.10280735 0.12685456] |
|   7   | 44.867122173309326 | 123.39009714126587 | 229.48609924316406 | [0.01208827 0.02021015 0.02694906] | [0.00504007 0.00672897 0.00796682] | [0.00064797 0.0005545  0.00050439] | [0.01281161 0.02181077 0.02948   ] |
+-------+--------------------+--------------------+--------------------+------------------------------------+------------------------------------+------------------------------------+------------------------------------+
epoch: 8 s: 0 batch_loss 0.6330857872962952 BPR_loss 0.6319661140441895 reg_loss 0.0011196521809324622
epoch: 8 s: 256000 batch_loss 0.6259773373603821 BPR_loss 0.624740719795227 reg_loss 0.0012366155860945582
epoch: 8 s: 512000 batch_loss 0.6238580346107483 BPR_loss 0.6225218772888184 reg_loss 0.00133617059327662
+-------+-------------------+--------------------+-------------------+------------------------------------+------------------------------------+------------------------------------+------------------------------------+
| Epoch |  training time(s) |   tesing time(s)   |        Loss       |               recall               |                ndcg                |             precision              |             hit_ratio              |
+-------+-------------------+--------------------+-------------------+------------------------------------+------------------------------------+------------------------------------+------------------------------------+
|   8   | 44.25578570365906 | 136.3081738948822  | 225.1603240966797 | [0.06179816 0.08987077 0.11047229] | [0.02786549 0.03390366 0.03773044] | [0.00367327 0.00272082 0.00224271] | [0.07120402 0.10411726 0.12790249] |
|   8   | 44.25578570365906 | 113.81251835823059 | 225.1603240966797 | [0.01233209 0.02064017 0.02716874] | [0.00510076 0.00683258 0.00802974] | [0.00065979 0.00056707 0.00050783] | [0.01304804 0.02226885 0.02964255] |
+-------+-------------------+--------------------+-------------------+------------------------------------+------------------------------------+------------------------------------+------------------------------------+
epoch: 9 s: 0 batch_loss 0.6228741407394409 BPR_loss 0.621496319770813 reg_loss 0.001377842272631824
epoch: 9 s: 256000 batch_loss 0.6208201050758362 BPR_loss 0.6192973852157593 reg_loss 0.0015227259136736393
epoch: 9 s: 512000 batch_loss 0.6181983351707458 BPR_loss 0.6165828704833984 reg_loss 0.0016154483892023563
+-------+-------------------+--------------------+-------------------+------------------------------------+------------------------------------+------------------------------------+------------------------------------+
| Epoch |  training time(s) |   tesing time(s)   |        Loss       |               recall               |                ndcg                |             precision              |             hit_ratio              |
+-------+-------------------+--------------------+-------------------+------------------------------------+------------------------------------+------------------------------------+------------------------------------+
|   9   | 43.49524974822998 | 136.5991404056549  | 220.4786376953125 | [0.06220477 0.09062481 0.11080599] | [0.02820272 0.0343175  0.03807992] | [0.00369671 0.00274323 0.00225328] | [0.07165904 0.10491699 0.12853676] |
|   9   | 43.49524974822998 | 120.38771271705627 | 220.4786376953125 | [0.0124109  0.02084447 0.02744397] | [0.0051628  0.00691854 0.0081288 ] | [0.00066275 0.00057076 0.00051301] | [0.01312192 0.0224314  0.02992331] |
+-------+-------------------+--------------------+-------------------+------------------------------------+------------------------------------+------------------------------------+------------------------------------+
epoch: 10 s: 0 batch_loss 0.6082606315612793 BPR_loss 0.6065848469734192 reg_loss 0.0016757678240537643
epoch: 10 s: 256000 batch_loss 0.6071490049362183 BPR_loss 0.6053597927093506 reg_loss 0.0017891991883516312
epoch: 10 s: 512000 batch_loss 0.6008450388908386 BPR_loss 0.5989375710487366 reg_loss 0.0019074446754530072
+-------+------------------+--------------------+--------------------+------------------------------------+------------------------------------+------------------------------------+------------------------------------+
| Epoch | training time(s) |   tesing time(s)   |        Loss        |               recall               |                ndcg                |             precision              |             hit_ratio              |
+-------+------------------+--------------------+--------------------+------------------------------------+------------------------------------+------------------------------------+------------------------------------+
|   10  | 45.1302330493927 | 134.0977544784546  | 215.78770446777344 | [0.0628405  0.09133018 0.1115528 ] | [0.02849856 0.0346222  0.0383945 ] | [0.00372773 0.00276219 0.0022689 ] | [0.07233468 0.10584083 0.12929513] |
|   10  | 45.1302330493927 | 112.50073075294495 | 215.78770446777344 | [0.01259438 0.02115405 0.0275745 ] | [0.00520857 0.00699198 0.00816904] | [0.00067235 0.00057926 0.00051424] | [0.01331402 0.02278604 0.02998242] |
+-------+------------------+--------------------+--------------------+------------------------------------+------------------------------------+------------------------------------+------------------------------------+
epoch: 11 s: 0 batch_loss 0.5980044007301331 BPR_loss 0.5960676074028015 reg_loss 0.0019368152134120464
epoch: 11 s: 256000 batch_loss 0.5920702219009399 BPR_loss 0.5899831056594849 reg_loss 0.0020871367305517197
epoch: 11 s: 512000 batch_loss 0.5856724381446838 BPR_loss 0.5835152864456177 reg_loss 0.0021571810357272625
+-------+-------------------+--------------------+--------------------+------------------------------------+------------------------------------+------------------------------------+------------------------------------+
| Epoch |  training time(s) |   tesing time(s)   |        Loss        |               recall               |                ndcg                |             precision              |             hit_ratio              |
+-------+-------------------+--------------------+--------------------+------------------------------------+------------------------------------+------------------------------------+------------------------------------+
|   11  | 44.26553964614868 | 137.25470614433289 | 211.14830017089844 | [0.06312127 0.09159083 0.11225554] | [0.02872539 0.03484468 0.03870943] | [0.0037491  0.00276598 0.00228246] | [0.07272075 0.10603386 0.13012244] |
|   11  | 44.26553964614868 | 115.8365261554718  | 211.14830017089844 | [0.0128382  0.02111845 0.02773902] | [0.0053277  0.00705373 0.0082711 ] | [0.00068491 0.00057741 0.00051769] | [0.01356523 0.02269738 0.03015974] |
+-------+-------------------+--------------------+--------------------+------------------------------------+------------------------------------+------------------------------------+------------------------------------+
epoch: 12 s: 0 batch_loss 0.5855381488800049 BPR_loss 0.5831955671310425 reg_loss 0.002342590130865574
epoch: 12 s: 256000 batch_loss 0.5742831230163574 BPR_loss 0.5718730688095093 reg_loss 0.0024100698065012693
epoch: 12 s: 512000 batch_loss 0.5777661204338074 BPR_loss 0.5752716064453125 reg_loss 0.0024944962933659554
+-------+--------------------+--------------------+-------------------+------------------------------------+------------------------------------+------------------------------------+------------------------------------+
| Epoch |  training time(s)  |   tesing time(s)   |        Loss       |               recall               |                ndcg                |             precision              |             hit_ratio              |
+-------+--------------------+--------------------+-------------------+------------------------------------+------------------------------------+------------------------------------+------------------------------------+
|   12  | 45.912965536117554 | 130.05777096748352 | 206.2220458984375 | [0.06337883 0.09239547 0.11262674] | [0.02890502 0.03513686 0.03891052] | [0.00376496 0.00279149 0.00228683] | [0.07309305 0.10699906 0.13054989] |
|   12  | 45.912965536117554 | 114.7466778755188  | 206.2220458984375 | [0.01301552 0.02137964 0.02809574] | [0.00537458 0.00711663 0.00835144] | [0.00069378 0.00058369 0.00052434] | [0.01374256 0.02297814 0.03058827] |
+-------+--------------------+--------------------+-------------------+------------------------------------+------------------------------------+------------------------------------+------------------------------------+
epoch: 13 s: 0 batch_loss 0.56839919090271 BPR_loss 0.5657304525375366 reg_loss 0.0026687278877943754
epoch: 13 s: 256000 batch_loss 0.5666298270225525 BPR_loss 0.5638778209686279 reg_loss 0.002752030501142144
epoch: 13 s: 512000 batch_loss 0.5612719655036926 BPR_loss 0.5584090948104858 reg_loss 0.00286288745701313
+-------+-------------------+--------------------+-------------------+------------------------------------+------------------------------------+------------------------------------+------------------------------------+
| Epoch |  training time(s) |   tesing time(s)   |        Loss       |               recall               |                ndcg                |             precision              |             hit_ratio              |
+-------+-------------------+--------------------+-------------------+------------------------------------+------------------------------------+------------------------------------+------------------------------------+
|   13  | 49.25680088996887 | 127.98707628250122 | 201.3557891845703 | [0.06399872 0.09224882 0.11261525] | [0.029134   0.03521531 0.03901805] | [0.0037953  0.00278977 0.00228821] | [0.07365838 0.10684739 0.13039821] |
|   13  | 49.25680088996887 | 126.02615332603455 | 201.3557891845703 | [0.01308202 0.02134343 0.02825631] | [0.00540472 0.00713385 0.00839917] | [0.00069747 0.00058443 0.00052655] | [0.01381644 0.02297814 0.03070649] |
+-------+-------------------+--------------------+-------------------+------------------------------------+------------------------------------+------------------------------------+------------------------------------+
epoch: 14 s: 0 batch_loss 0.5540364384651184 BPR_loss 0.5510872006416321 reg_loss 0.0029492501635104418
epoch: 14 s: 256000 batch_loss 0.5510159730911255 BPR_loss 0.5479509830474854 reg_loss 0.0030650196131318808
epoch: 14 s: 512000 batch_loss 0.5543730854988098 BPR_loss 0.5511459112167358 reg_loss 0.0032271791715174913
+-------+------------------+--------------------+--------------------+------------------------------------+------------------------------------+------------------------------------+------------------------------------+
| Epoch | training time(s) |   tesing time(s)   |        Loss        |               recall               |                ndcg                |             precision              |             hit_ratio              |
+-------+------------------+--------------------+--------------------+------------------------------------+------------------------------------+------------------------------------+------------------------------------+
|   14  | 44.5988130569458 | 130.57814764976501 | 196.46377563476562 | [0.06419797 0.09243004 0.11355766] | [0.02926824 0.03534203 0.03927911] | [0.00380839 0.00279459 0.00230636] | [0.07400309 0.10710937 0.13151508] |
|   14  | 44.5988130569458 | 116.89144349098206 | 196.46377563476562 | [0.01315886 0.02144317 0.02858498] | [0.00544596 0.00717638 0.0084839 ] | [0.0007019  0.00058591 0.00053271] | [0.0139051  0.02305203 0.03100202] |
+-------+------------------+--------------------+--------------------+------------------------------------+------------------------------------+------------------------------------+------------------------------------+
epoch: 15 s: 0 batch_loss 0.5348285436630249 BPR_loss 0.5314915180206299 reg_loss 0.003337037516757846
epoch: 15 s: 256000 batch_loss 0.5345825552940369 BPR_loss 0.5312132239341736 reg_loss 0.0033693050500005484
epoch: 15 s: 512000 batch_loss 0.5368225574493408 BPR_loss 0.53324294090271 reg_loss 0.0035796386655420065
+-------+-------------------+--------------------+--------------------+------------------------------------+------------------------------------+------------------------------------+------------------------------------+
| Epoch |  training time(s) |   tesing time(s)   |        Loss        |               recall               |                ndcg                |             precision              |             hit_ratio              |
+-------+-------------------+--------------------+--------------------+------------------------------------+------------------------------------+------------------------------------+------------------------------------+
|   15  | 43.54281139373779 | 125.69541764259338 | 191.64601135253906 | [0.06486673 0.09285691 0.11420084] | [0.02956421 0.03558883 0.03957265] | [0.0038408  0.00280528 0.00232245] | [0.07465115 0.10745408 0.1323424 ] |
|   15  | 43.54281139373779 | 121.43986511230469 | 191.64601135253906 | [0.01330367 0.02160684 0.02846665] | [0.00549929 0.00722938 0.00848922] | [0.00070929 0.00058849 0.00053   ] | [0.01405287 0.02317025 0.03091336] |
+-------+-------------------+--------------------+--------------------+------------------------------------+------------------------------------+------------------------------------+------------------------------------+
epoch: 16 s: 0 batch_loss 0.5294343829154968 BPR_loss 0.5257539749145508 reg_loss 0.0036803961265832186
epoch: 16 s: 256000 batch_loss 0.5243659615516663 BPR_loss 0.5204883813858032 reg_loss 0.003877590876072645
epoch: 16 s: 512000 batch_loss 0.5143134593963623 BPR_loss 0.5104199051856995 reg_loss 0.0038935591001063585
+-------+-------------------+--------------------+--------------------+------------------------------------+------------------------------------+------------------------------------+------------------------------------+
| Epoch |  training time(s) |   tesing time(s)   |        Loss        |               recall               |                ndcg                |             precision              |             hit_ratio              |
+-------+-------------------+--------------------+--------------------+------------------------------------+------------------------------------+------------------------------------+------------------------------------+
|   16  | 45.89909267425537 | 130.37458443641663 | 186.73756408691406 | [0.06483675 0.0931513  0.11446605] | [0.0296923  0.03578429 0.03975505] | [0.003847   0.00281631 0.00232544] | [0.07469252 0.10786774 0.13259059] |
|   16  | 45.89909267425537 | 113.87741088867188 | 186.73756408691406 | [0.01326919 0.02167272 0.02861059] | [0.00549563 0.00724983 0.00851855] | [0.00070634 0.00059108 0.00053222] | [0.01399376 0.02325891 0.03104636] |
+-------+-------------------+--------------------+--------------------+------------------------------------+------------------------------------+------------------------------------+------------------------------------+
epoch: 17 s: 0 batch_loss 0.5131840109825134 BPR_loss 0.5091215968132019 reg_loss 0.004062443505972624
epoch: 17 s: 256000 batch_loss 0.5093147158622742 BPR_loss 0.5052078366279602 reg_loss 0.004106900189071894
epoch: 17 s: 512000 batch_loss 0.5068085193634033 BPR_loss 0.5024807453155518 reg_loss 0.0043277801014482975
+-------+-------------------+--------------------+-------------------+------------------------------------+------------------------------------+------------------------------------+------------------------------------+
| Epoch |  training time(s) |   tesing time(s)   |        Loss       |               recall               |                ndcg                |             precision              |             hit_ratio              |
+-------+-------------------+--------------------+-------------------+------------------------------------+------------------------------------+------------------------------------+------------------------------------+
|   17  | 43.15048599243164 | 130.92461323738098 | 182.0410614013672 | [0.06511447 0.09365988 0.1148032 ] | [0.02980849 0.03594872 0.03989058] | [0.0038601  0.00282906 0.00233187] | [0.07499586 0.10837792 0.1329353 ] |
|   17  | 43.15048599243164 | 120.52345728874207 | 182.0410614013672 | [0.01336278 0.02170474 0.02846936] | [0.00552454 0.00726277 0.00850428] | [0.00071225 0.00059071 0.00052877] | [0.01411198 0.02324413 0.03085426] |
+-------+-------------------+--------------------+-------------------+------------------------------------+------------------------------------+------------------------------------+------------------------------------+
epoch: 18 s: 0 batch_loss 0.4990490674972534 BPR_loss 0.49465250968933105 reg_loss 0.0043965601362288
epoch: 18 s: 256000 batch_loss 0.4998539686203003 BPR_loss 0.49525752663612366 reg_loss 0.004596436861902475
epoch: 18 s: 512000 batch_loss 0.4948989152908325 BPR_loss 0.49026021361351013 reg_loss 0.004638695623725653
+-------+-------------------+--------------------+--------------------+------------------------------------+------------------------------------+------------------------------------+------------------------------------+
| Epoch |  training time(s) |   tesing time(s)   |        Loss        |               recall               |                ndcg                |             precision              |             hit_ratio              |
+-------+-------------------+--------------------+--------------------+------------------------------------+------------------------------------+------------------------------------+------------------------------------+
|   18  | 43.97889256477356 | 128.5617072582245  | 177.34967041015625 | [0.06507554 0.09374982 0.11500454] | [0.02989501 0.0360604  0.0400162 ] | [0.00385803 0.00283182 0.00233394] | [0.07496829 0.10844686 0.13299046] |
|   18  | 43.97889256477356 | 116.01483845710754 | 177.34967041015625 | [0.01317807 0.02190803 0.0287149 ] | [0.00548452 0.00730799 0.00855394] | [0.00070117 0.00059773 0.00053369] | [0.01389033 0.02351011 0.03112024] |
+-------+-------------------+--------------------+--------------------+------------------------------------+------------------------------------+------------------------------------+------------------------------------+
epoch: 19 s: 0 batch_loss 0.48752591013908386 BPR_loss 0.4826641380786896 reg_loss 0.004861772991716862
epoch: 19 s: 256000 batch_loss 0.48436877131462097 BPR_loss 0.4793742895126343 reg_loss 0.004994484595954418
epoch: 19 s: 512000 batch_loss 0.4794398546218872 BPR_loss 0.4744778275489807 reg_loss 0.004962012637406588
+-------+--------------------+--------------------+------------------+------------------------------------+------------------------------------+------------------------------------+------------------------------------+
| Epoch |  training time(s)  |   tesing time(s)   |       Loss       |               recall               |                ndcg                |             precision              |             hit_ratio              |
+-------+--------------------+--------------------+------------------+------------------------------------+------------------------------------+------------------------------------+------------------------------------+
|   19  | 43.985082387924194 | 130.9214870929718  | 172.737060546875 | [0.06545072 0.09388462 0.1151232 ] | [0.03014656 0.03626271 0.04022434] | [0.0038863  0.00283699 0.00233808] | [0.07551983 0.10873642 0.13325244] |
|   19  | 43.985082387924194 | 117.86979150772095 | 172.737060546875 | [0.01337312 0.02202378 0.02866934] | [0.00555442 0.00735592 0.00856979] | [0.00071225 0.00060105 0.00053172] | [0.01411198 0.02365788 0.03103158] |
+-------+--------------------+--------------------+------------------+------------------------------------+------------------------------------+------------------------------------+------------------------------------+
epoch: 20 s: 0 batch_loss 0.47472402453422546 BPR_loss 0.4696170687675476 reg_loss 0.005106956232339144
epoch: 20 s: 256000 batch_loss 0.47568944096565247 BPR_loss 0.470502644777298 reg_loss 0.005186794325709343
epoch: 20 s: 512000 batch_loss 0.45625364780426025 BPR_loss 0.45081549882888794 reg_loss 0.005438161548227072
+-------+------------------+--------------------+--------------------+------------------------------------+------------------------------------+------------------------------------+------------------------------------+
| Epoch | training time(s) |   tesing time(s)   |        Loss        |               recall               |                ndcg                |             precision              |             hit_ratio              |
+-------+------------------+--------------------+--------------------+------------------------------------+------------------------------------+------------------------------------+------------------------------------+
|   20  | 45.8388557434082 | 130.03986620903015 | 168.26487731933594 | [0.0655217  0.09404158 0.11535591] | [0.03018391 0.03632546 0.04029596] | [0.0038863  0.00284251 0.00234244] | [0.07547846 0.10895703 0.13344548] |
|   20  | 45.8388557434082 | 120.68792676925659 | 168.26487731933594 | [0.01334652 0.0219696  0.0287623 ] | [0.00553408 0.00732955 0.00857431] | [0.00071151 0.00059884 0.00053419] | [0.0140972  0.02355445 0.03114979] |
+-------+------------------+--------------------+--------------------+------------------------------------+------------------------------------+------------------------------------+------------------------------------+
epoch: 21 s: 0 batch_loss 0.46605831384658813 BPR_loss 0.46054816246032715 reg_loss 0.005510162096470594
epoch: 21 s: 256000 batch_loss 0.4679604470729828 BPR_loss 0.4622103273868561 reg_loss 0.00575011083856225
epoch: 21 s: 512000 batch_loss 0.4537879526615143 BPR_loss 0.4479941427707672 reg_loss 0.005793798714876175
+-------+------------------+--------------------+-------------------+------------------------------------+------------------------------------+------------------------------------+------------------------------------+
| Epoch | training time(s) |   tesing time(s)   |        Loss       |               recall               |                ndcg                |             precision              |             hit_ratio              |
+-------+------------------+--------------------+-------------------+------------------------------------+------------------------------------+------------------------------------+------------------------------------+
|   21  | 42.3540313243866 | 128.76422119140625 | 163.9495086669922 | [0.06564101 0.09433652 0.11514546] | [0.03022071 0.03638926 0.04026792] | [0.00388699 0.00284837 0.00233762] | [0.07550604 0.10917765 0.13323865] |
|   21  | 42.3540313243866 | 127.15487027168274 | 163.9495086669922 | [0.01341794 0.02207797 0.02881413] | [0.0055699  0.00737245 0.0086055 ] | [0.0007152  0.00060179 0.00053566] | [0.01418586 0.02365788 0.0312089 ] |
+-------+------------------+--------------------+-------------------+------------------------------------+------------------------------------+------------------------------------+------------------------------------+
epoch: 22 s: 0 batch_loss 0.4448333978652954 BPR_loss 0.43884581327438354 reg_loss 0.005987570621073246
epoch: 22 s: 256000 batch_loss 0.4419644773006439 BPR_loss 0.4358175992965698 reg_loss 0.006146889179944992
epoch: 22 s: 512000 batch_loss 0.4368670880794525 BPR_loss 0.4305819869041443 reg_loss 0.00628511281684041
+-------+-------------------+--------------------+--------------------+------------------------------------+------------------------------------+------------------------------------+------------------------------------+
| Epoch |  training time(s) |   tesing time(s)   |        Loss        |               recall               |                ndcg                |             precision              |             hit_ratio              |
+-------+-------------------+--------------------+--------------------+------------------------------------+------------------------------------+------------------------------------+------------------------------------+
|   22  | 44.87078022956848 | 126.55433702468872 | 159.50526428222656 | [0.06609951 0.0945224  0.11553361] | [0.03046828 0.03658271 0.04050871] | [0.00392215 0.00285285 0.00234773] | [0.07620925 0.10939827 0.13381777] |
|   22  | 44.87078022956848 | 120.99856376647949 | 159.50526428222656 | [0.01343765 0.02196345 0.02883973] | [0.00554187 0.00731958 0.00857812] | [0.0007152  0.00059884 0.00053517] | [0.01418586 0.02353967 0.03117935] |
+-------+-------------------+--------------------+--------------------+------------------------------------+------------------------------------+------------------------------------+------------------------------------+
epoch: 23 s: 0 batch_loss 0.43835243582725525 BPR_loss 0.43197548389434814 reg_loss 0.006376940757036209
epoch: 23 s: 256000 batch_loss 0.43440869450569153 BPR_loss 0.4278567135334015 reg_loss 0.006551992613822222
epoch: 23 s: 512000 batch_loss 0.42598408460617065 BPR_loss 0.41936153173446655 reg_loss 0.006622562184929848
+-------+--------------------+--------------------+--------------------+------------------------------------+------------------------------------+------------------------------------+------------------------------------+
| Epoch |  training time(s)  |   tesing time(s)   |        Loss        |               recall               |                ndcg                |             precision              |             hit_ratio              |
+-------+--------------------+--------------------+--------------------+------------------------------------+------------------------------------+------------------------------------+------------------------------------+
|   23  | 42.085354804992676 | 133.80430102348328 | 155.43324279785156 | [0.06624587 0.09464869 0.11521375] | [0.03047788 0.03658007 0.04042883] | [0.00392353 0.00285285 0.00234129] | [0.0761541  0.10938448 0.13336275] |
|   23  | 42.085354804992676 | 121.59919023513794 | 155.43324279785156 | [0.01350414 0.02196591 0.02868273] | [0.00558079 0.00734972 0.00857997] | [0.0007189  0.00060031 0.00053222] | [0.01425975 0.02361355 0.03106113] |
+-------+--------------------+--------------------+--------------------+------------------------------------+------------------------------------+------------------------------------+------------------------------------+
epoch: 24 s: 0 batch_loss 0.4355258643627167 BPR_loss 0.42872440814971924 reg_loss 0.006801464594900608
epoch: 24 s: 256000 batch_loss 0.4216252863407135 BPR_loss 0.41472315788269043 reg_loss 0.006902114022523165
epoch: 24 s: 512000 batch_loss 0.42401379346847534 BPR_loss 0.41700494289398193 reg_loss 0.007008848246186972
+-------+-------------------+--------------------+------------------+------------------------------------+------------------------------------+------------------------------------+------------------------------------+
| Epoch |  training time(s) |   tesing time(s)   |       Loss       |               recall               |                ndcg                |             precision              |             hit_ratio              |
+-------+-------------------+--------------------+------------------+------------------------------------+------------------------------------+------------------------------------+------------------------------------+
|   24  | 42.52203059196472 | 130.6124222278595  | 151.436767578125 | [0.06605754 0.09491675 0.1157762 ] | [0.03044186 0.03664987 0.0405375 ] | [0.00391457 0.00286285 0.00234911] | [0.07604379 0.10972919 0.13380398] |
|   24  | 42.52203059196472 | 116.10918998718262 | 151.436767578125 | [0.01350661 0.02189338 0.02872583] | [0.00556211 0.00731594 0.00856447] | [0.00071964 0.00059847 0.00053222] | [0.01425975 0.02349534 0.03104636] |
+-------+-------------------+--------------------+------------------+------------------------------------+------------------------------------+------------------------------------+------------------------------------+
epoch: 25 s: 0 batch_loss 0.40961384773254395 BPR_loss 0.4025280773639679 reg_loss 0.007085766643285751
epoch: 25 s: 256000 batch_loss 0.4177931249141693 BPR_loss 0.4103127419948578 reg_loss 0.0074803875759243965
epoch: 25 s: 512000 batch_loss 0.41338855028152466 BPR_loss 0.4057886004447937 reg_loss 0.0075999372638762
+-------+-------------------+--------------------+-------------------+------------------------------------+------------------------------------+------------------------------------+------------------------------------+
| Epoch |  training time(s) |   tesing time(s)   |        Loss       |               recall               |                ndcg                |             precision              |             hit_ratio              |
+-------+-------------------+--------------------+-------------------+------------------------------------+------------------------------------+------------------------------------+------------------------------------+
|   25  | 43.30632305145264 | 128.48961782455444 | 147.4619903564453 | [0.06627724 0.09463621 0.11542377] | [0.03047663 0.03657905 0.04046198] | [0.0039256  0.00285319 0.00234359] | [0.07625062 0.10939827 0.13369367] |
|   25  | 43.30632305145264 | 118.63855028152466 | 147.4619903564453 | [0.01331697 0.02200174 0.02881203] | [0.00553199 0.0073476  0.00859034] | [0.00070929 0.00060068 0.0005332 ] | [0.01406765 0.023584   0.03110546] |
+-------+-------------------+--------------------+-------------------+------------------------------------+------------------------------------+------------------------------------+------------------------------------+
epoch: 26 s: 0 batch_loss 0.4036944806575775 BPR_loss 0.396203875541687 reg_loss 0.007490618620067835
epoch: 26 s: 256000 batch_loss 0.4014803171157837 BPR_loss 0.393692284822464 reg_loss 0.007788035552948713
epoch: 26 s: 512000 batch_loss 0.4007737934589386 BPR_loss 0.392893522977829 reg_loss 0.007880283519625664
+-------+-------------------+--------------------+-------------------+------------------------------------+------------------------------------+------------------------------------+------------------------------------+
| Epoch |  training time(s) |   tesing time(s)   |        Loss       |               recall               |                ndcg                |             precision              |             hit_ratio              |
+-------+-------------------+--------------------+-------------------+------------------------------------+------------------------------------+------------------------------------+------------------------------------+
|   26  | 43.36371946334839 | 137.49077582359314 | 143.8429718017578 | [0.06635024 0.09476423 0.11530693] | [0.03059817 0.03671464 0.04055892] | [0.00392904 0.00285767 0.00234267] | [0.07637472 0.10967404 0.13358337] |
|   26  | 43.36371946334839 | 117.72794938087463 | 143.8429718017578 | [0.01345981 0.02200125 0.02868007] | [0.00554032 0.00732403 0.00854495] | [0.00071594 0.00060105 0.00053197] | [0.01421542 0.02361355 0.03103158] |
+-------+-------------------+--------------------+-------------------+------------------------------------+------------------------------------+------------------------------------+------------------------------------+
epoch: 27 s: 0 batch_loss 0.39028164744377136 BPR_loss 0.38221049308776855 reg_loss 0.008071163669228554
epoch: 27 s: 256000 batch_loss 0.3953290581703186 BPR_loss 0.3870698809623718 reg_loss 0.008259175345301628
epoch: 27 s: 512000 batch_loss 0.3855536878108978 BPR_loss 0.3770413398742676 reg_loss 0.008512335829436779
+-------+-------------------+--------------------+--------------------+------------------------------------+------------------------------------+------------------------------------+------------------------------------+
| Epoch |  training time(s) |   tesing time(s)   |        Loss        |               recall               |                ndcg                |             precision              |             hit_ratio              |
+-------+-------------------+--------------------+--------------------+------------------------------------+------------------------------------+------------------------------------+------------------------------------+
|   27  | 43.52645659446716 | 123.20043206214905 | 140.12472534179688 | [0.06605602 0.09434306 0.11536425] | [0.03050913 0.03660113 0.04052644] | [0.00390905 0.00284285 0.00234083] | [0.07594727 0.10909492 0.1334179 ] |
|   27  | 43.52645659446716 | 119.91652417182922 | 140.12472534179688 | [0.01347656 0.02182208 0.02877673] | [0.00554506 0.00728858 0.00856058] | [0.00071668 0.00059514 0.0005332 ] | [0.0142302  0.02336235 0.03110546] |
+-------+-------------------+--------------------+--------------------+------------------------------------+------------------------------------+------------------------------------+------------------------------------+
epoch: 28 s: 0 batch_loss 0.381728857755661 BPR_loss 0.3732578158378601 reg_loss 0.008471038192510605
epoch: 28 s: 256000 batch_loss 0.3889313340187073 BPR_loss 0.38039612770080566 reg_loss 0.00853519607335329
epoch: 28 s: 512000 batch_loss 0.3894207775592804 BPR_loss 0.3808233141899109 reg_loss 0.008597456850111485
+-------+-------------------+--------------------+-------------------+------------------------------------+------------------------------------+------------------------------------+------------------------------------+
| Epoch |  training time(s) |   tesing time(s)   |        Loss       |               recall               |                ndcg                |             precision              |             hit_ratio              |
+-------+-------------------+--------------------+-------------------+------------------------------------+------------------------------------+------------------------------------+------------------------------------+
|   28  | 47.84907007217407 | 125.56708598136902 | 136.6309356689453 | [0.06604867 0.09402359 0.11523697] | [0.030533   0.03655794 0.04052495] | [0.0039125  0.0028332  0.00233992] | [0.07596106 0.10868126 0.13344548] |
|   28  | 47.84907007217407 | 123.26300811767578 | 136.6309356689453 | [0.01327215 0.02194079 0.02881183] | [0.0054971  0.00731042 0.00856744] | [0.0007056  0.0005981  0.00053419] | [0.01400854 0.02351011 0.03114979] |
+-------+-------------------+--------------------+-------------------+------------------------------------+------------------------------------+------------------------------------+------------------------------------+
epoch: 29 s: 0 batch_loss 0.376530259847641 BPR_loss 0.36751052737236023 reg_loss 0.009019735269248486
epoch: 29 s: 256000 batch_loss 0.3778369128704071 BPR_loss 0.3686583638191223 reg_loss 0.009178551845252514
epoch: 29 s: 512000 batch_loss 0.3720930814743042 BPR_loss 0.36286887526512146 reg_loss 0.009224209003150463
+-------+--------------------+--------------------+-------------------+------------------------------------+------------------------------------+------------------------------------+------------------------------------+
| Epoch |  training time(s)  |   tesing time(s)   |        Loss       |               recall               |                ndcg                |             precision              |             hit_ratio              |
+-------+--------------------+--------------------+-------------------+------------------------------------+------------------------------------+------------------------------------+------------------------------------+
|   29  | 42.884355545043945 | 123.96028685569763 | 133.4043731689453 | [0.06638676 0.09440072 0.11513549] | [0.03067011 0.03670089 0.04057886] | [0.00392767 0.0028432  0.00233762] | [0.07631956 0.10908113 0.13329381] |
|   29  | 42.884355545043945 | 120.34239053726196 | 133.4043731689453 | [0.01319826 0.02184597 0.02867329] | [0.00546446 0.00727564 0.00852898] | [0.00070117 0.00059551 0.00053246] | [0.01391988 0.02337712 0.03104636] |
+-------+--------------------+--------------------+-------------------+------------------------------------+------------------------------------+------------------------------------+------------------------------------+
epoch: 30 s: 0 batch_loss 0.36587631702423096 BPR_loss 0.35677748918533325 reg_loss 0.009098813869059086
epoch: 30 s: 256000 batch_loss 0.366598516702652 BPR_loss 0.35742026567459106 reg_loss 0.009178240783512592
epoch: 30 s: 512000 batch_loss 0.36027225852012634 BPR_loss 0.3505394756793976 reg_loss 0.009732786566019058
+-------+-------------------+--------------------+--------------------+------------------------------------+------------------------------------+------------------------------------+------------------------------------+
| Epoch |  training time(s) |   tesing time(s)   |        Loss        |               recall               |                ndcg                |             precision              |             hit_ratio              |
+-------+-------------------+--------------------+--------------------+------------------------------------+------------------------------------+------------------------------------+------------------------------------+
|   30  | 44.05103659629822 | 124.51884603500366 | 130.29493713378906 | [0.06625691 0.09389938 0.11498467] | [0.03060871 0.03657272 0.04050536] | [0.0039187  0.00283079 0.00233233] | [0.07612652 0.10861232 0.13307319] |
|   30  | 44.05103659629822 | 119.60804653167725 | 130.29493713378906 | [0.01315442 0.02173476 0.02858684] | [0.00543373 0.00723191 0.00848622] | [0.00069969 0.00059329 0.00052975] | [0.01389033 0.02330324 0.03091336] |
+-------+-------------------+--------------------+--------------------+------------------------------------+------------------------------------+------------------------------------+------------------------------------+
epoch: 31 s: 0 batch_loss 0.3568166494369507 BPR_loss 0.34694594144821167 reg_loss 0.009870702400803566
epoch: 31 s: 256000 batch_loss 0.36606132984161377 BPR_loss 0.3562672734260559 reg_loss 0.009794054552912712
epoch: 31 s: 512000 batch_loss 0.3496913015842438 BPR_loss 0.3397619426250458 reg_loss 0.009929348714649677
+-------+--------------------+--------------------+--------------------+------------------------------------+------------------------------------+------------------------------------+------------------------------------+
| Epoch |  training time(s)  |   tesing time(s)   |        Loss        |               recall               |                ndcg                |             precision              |             hit_ratio              |
+-------+--------------------+--------------------+--------------------+------------------------------------+------------------------------------+------------------------------------+------------------------------------+
|   31  | 45.743913650512695 | 123.83042740821838 | 127.15984344482422 | [0.06643869 0.09414642 0.11501462] | [0.03069781 0.03666188 0.04056347] | [0.00392835 0.00283699 0.00233578] | [0.07633335 0.10884673 0.13321107] |
|   31  | 45.743913650512695 | 123.29304766654968 | 127.15984344482422 | [0.0131692  0.02157087 0.02856271] | [0.00546492 0.00722511 0.00850313] | [0.00070117 0.00058923 0.00052901] | [0.01391988 0.02312591 0.03088381] |
+-------+--------------------+--------------------+--------------------+------------------------------------+------------------------------------+------------------------------------+------------------------------------+
epoch: 32 s: 0 batch_loss 0.3405166566371918 BPR_loss 0.33029547333717346 reg_loss 0.010221178643405437
epoch: 32 s: 256000 batch_loss 0.35126879811286926 BPR_loss 0.34093040227890015 reg_loss 0.010338395833969116
epoch: 32 s: 512000 batch_loss 0.3489750027656555 BPR_loss 0.3385574221611023 reg_loss 0.010417567566037178
+-------+--------------------+--------------------+--------------------+------------------------------------+------------------------------------+------------------------------------+------------------------------------+
| Epoch |  training time(s)  |   tesing time(s)   |        Loss        |               recall               |                ndcg                |             precision              |             hit_ratio              |
+-------+--------------------+--------------------+--------------------+------------------------------------+------------------------------------+------------------------------------+------------------------------------+
|   32  | 43.791762828826904 | 135.59149551391602 | 124.05645751953125 | [0.06610888 0.09389857 0.11487592] | [0.03060305 0.03657825 0.04050006] | [0.00391732 0.00282768 0.00233118] | [0.07614031 0.10850201 0.13301804] |
|   32  | 43.791762828826904 | 120.58982992172241 | 124.05645751953125 | [0.01320183 0.02157136 0.02844991] | [0.00544925 0.00720171 0.00845942] | [0.00070264 0.0005896  0.00052704] | [0.01394943 0.02314069 0.03076559] |
+-------+--------------------+--------------------+--------------------+------------------------------------+------------------------------------+------------------------------------+------------------------------------+
epoch: 33 s: 0 batch_loss 0.3492041826248169 BPR_loss 0.33859390020370483 reg_loss 0.010610290803015232
epoch: 33 s: 256000 batch_loss 0.35015377402305603 BPR_loss 0.33948078751564026 reg_loss 0.01067299209535122
epoch: 33 s: 512000 batch_loss 0.3332216739654541 BPR_loss 0.32249319553375244 reg_loss 0.010728469118475914
+-------+--------------------+--------------------+-------------------+------------------------------------+------------------------------------+------------------------------------+------------------------------------+
| Epoch |  training time(s)  |   tesing time(s)   |        Loss       |               recall               |                ndcg                |             precision              |             hit_ratio              |
+-------+--------------------+--------------------+-------------------+------------------------------------+------------------------------------+------------------------------------+------------------------------------+
|   33  | 44.094505310058594 | 119.93574047088623 | 121.3910140991211 | [0.0662555  0.09387253 0.11425727] | [0.03063687 0.03657533 0.04037921] | [0.00392904 0.0028301  0.00231762] | [0.07637472 0.10865369 0.13224588] |
|   33  | 44.094505310058594 | 114.37125134468079 | 121.3910140991211 | [0.01321907 0.02160166 0.02859842] | [0.00544202 0.00719436 0.00847387] | [0.00070338 0.00058923 0.00052975] | [0.01397899 0.02315547 0.03094292] |
+-------+--------------------+--------------------+-------------------+------------------------------------+------------------------------------+------------------------------------+------------------------------------+
epoch: 34 s: 0 batch_loss 0.3400874137878418 BPR_loss 0.3290852904319763 reg_loss 0.011002110317349434
epoch: 34 s: 256000 batch_loss 0.33152467012405396 BPR_loss 0.32023707032203674 reg_loss 0.011287600733339787
epoch: 34 s: 512000 batch_loss 0.3271397054195404 BPR_loss 0.31591153144836426 reg_loss 0.011228179559111595
+-------+-------------------+--------------------+--------------------+------------------------------------+------------------------------------+------------------------------------+------------------------------------+
| Epoch |  training time(s) |   tesing time(s)   |        Loss        |               recall               |                ndcg                |             precision              |             hit_ratio              |
+-------+-------------------+--------------------+--------------------+------------------------------------+------------------------------------+------------------------------------+------------------------------------+
|   34  | 45.46055245399475 | 129.37395763397217 | 118.62279510498047 | [0.06595583 0.09335717 0.11371579] | [0.03046533 0.03635658 0.04015089] | [0.00391319 0.00281459 0.00230406] | [0.07607137 0.10801941 0.13152887] |
|   34  | 45.46055245399475 | 115.29339408874512 | 118.62279510498047 | [0.0132235  0.02156137 0.02844511] | [0.00545966 0.00720381 0.00846349] | [0.00070264 0.00058812 0.00052704] | [0.01396421 0.02311114 0.03079515] |
+-------+-------------------+--------------------+--------------------+------------------------------------+------------------------------------+------------------------------------+------------------------------------+
Early stopping is trigger at step: 10 log:0.013223504830940596
early stopping at 34, recall@20:0.0135
