Namespace(K=1, Ks='[20, 40, 60]', batch_size=2048, batch_test_flag=True, context_hops=3, cuda=True, data_path='data/', dataset='yelp2018', dim=64, edge_dropout=False, edge_dropout_rate=0.1, epoch=1000, eps=0.01, gnn='lightgcn', gpu_id=1, l2=0.0001, lr=0.01, mess_dropout=False, mess_dropout_rate=0.1, n_negs=64, ns='mixgcf', out_dir='./weights/yelp2018/', pool='mean', save=False, test_batch_size=2048, test_flag='part')
reading train and test user-item set ...
building the adj mat ...
loading over ...
这是两个item维度层面上的权重自适应......
start training ...
epoch: 0 s: 0 batch_loss 0.6931486129760742 BPR_loss 0.6931486129760742 reg_loss 1.5674466169457446e-08
epoch: 0 s: 256000 batch_loss 0.692825973033905 BPR_loss 0.692783534526825 reg_loss 4.2418316297698766e-05
epoch: 0 s: 512000 batch_loss 0.6851876378059387 BPR_loss 0.6846585273742676 reg_loss 0.0005291210254654288
epoch: 0 s: 768000 batch_loss 0.6673718094825745 BPR_loss 0.6659315824508667 reg_loss 0.0014402561355382204
epoch: 0 s: 1024000 batch_loss 0.6464710235595703 BPR_loss 0.6438244581222534 reg_loss 0.0026465884875506163
+-------+--------------------+--------------------+--------------------+------------------------------------+------------------------------------+------------------------------------+------------------------------------+
| Epoch |  training time(s)  |   tesing time(s)   |        Loss        |               recall               |                ndcg                |             precision              |             hit_ratio              |
+-------+--------------------+--------------------+--------------------+------------------------------------+------------------------------------+------------------------------------+------------------------------------+
|   0   | 200.02510571479797 | 42.319034814834595 | 405.96820068359375 | [0.06377164 0.10545723 0.13876772] | [0.05240839 0.06815857 0.07988322] | [0.02875774 0.02405425 0.02132963] | [0.39099406 0.53833523 0.62441581] |
+-------+--------------------+--------------------+--------------------+------------------------------------+------------------------------------+------------------------------------+------------------------------------+
epoch: 1 s: 0 batch_loss 0.6237459778785706 BPR_loss 0.6200761795043945 reg_loss 0.003669784404337406
epoch: 1 s: 256000 batch_loss 0.6041100025177002 BPR_loss 0.5992351770401001 reg_loss 0.004874796606600285
epoch: 1 s: 512000 batch_loss 0.5836589932441711 BPR_loss 0.5773847103118896 reg_loss 0.006274289917200804
epoch: 1 s: 768000 batch_loss 0.5625476241111755 BPR_loss 0.5551037788391113 reg_loss 0.007443817798048258
epoch: 1 s: 1024000 batch_loss 0.5550383925437927 BPR_loss 0.5461919903755188 reg_loss 0.008846385404467583
+-------+--------------------+-------------------+-------------------+------------------------------------+------------------------------------+------------------------------------+------------------------------------+
| Epoch |  training time(s)  |   tesing time(s)  |        Loss       |               recall               |                ndcg                |             precision              |             hit_ratio              |
+-------+--------------------+-------------------+-------------------+------------------------------------+------------------------------------+------------------------------------+------------------------------------+
|   1   | 206.75743675231934 | 48.30221247673035 | 352.7369079589844 | [0.06666156 0.10881154 0.14294375] | [0.05445893 0.0703485  0.08232121] | [0.0299419  0.02478606 0.02188592] | [0.40384615 0.54957686 0.63505747] |
+-------+--------------------+-------------------+-------------------+------------------------------------+------------------------------------+------------------------------------+------------------------------------+
epoch: 2 s: 0 batch_loss 0.5337221622467041 BPR_loss 0.5241391658782959 reg_loss 0.009582984261214733
epoch: 2 s: 256000 batch_loss 0.5292515754699707 BPR_loss 0.5186753869056702 reg_loss 0.010576160624623299
epoch: 2 s: 512000 batch_loss 0.5113787055015564 BPR_loss 0.49947988986968994 reg_loss 0.011898808181285858
epoch: 2 s: 768000 batch_loss 0.5088992714881897 BPR_loss 0.49588704109191895 reg_loss 0.01301225833594799
epoch: 2 s: 1024000 batch_loss 0.47712498903274536 BPR_loss 0.4632773697376251 reg_loss 0.013847616501152515
+-------+--------------------+-------------------+-------------------+------------------------------------+------------------------------------+------------------------------------+------------------------------------+
| Epoch |  training time(s)  |   tesing time(s)  |        Loss       |               recall               |                ndcg                |             precision              |             hit_ratio              |
+-------+--------------------+-------------------+-------------------+------------------------------------+------------------------------------+------------------------------------+------------------------------------+
|   2   | 217.63635540008545 | 51.33363342285156 | 309.4012756347656 | [0.06725926 0.11024774 0.14446345] | [0.0550474  0.07128527 0.0832653 ] | [0.03018031 0.02506394 0.02205749] | [0.40757231 0.55289251 0.63830997] |
+-------+--------------------+-------------------+-------------------+------------------------------------+------------------------------------+------------------------------------+------------------------------------+
epoch: 3 s: 0 batch_loss 0.4714660942554474 BPR_loss 0.4566294848918915 reg_loss 0.01483661774545908
epoch: 3 s: 256000 batch_loss 0.4779295027256012 BPR_loss 0.4619865417480469 reg_loss 0.01594296097755432
epoch: 3 s: 512000 batch_loss 0.45783737301826477 BPR_loss 0.44154512882232666 reg_loss 0.016292253509163857
epoch: 3 s: 768000 batch_loss 0.46268409490585327 BPR_loss 0.44480347633361816 reg_loss 0.017880631610751152
epoch: 3 s: 1024000 batch_loss 0.45143839716911316 BPR_loss 0.43334072828292847 reg_loss 0.018097659572958946
+-------+--------------------+-------------------+-------------------+------------------------------------+------------------------------------+------------------------------------+------------------------------------+
| Epoch |  training time(s)  |   tesing time(s)  |        Loss       |               recall               |                ndcg                |             precision              |             hit_ratio              |
+-------+--------------------+-------------------+-------------------+------------------------------------+------------------------------------+------------------------------------+------------------------------------+
|   3   | 212.98704862594604 | 51.09198546409607 | 278.5914611816406 | [0.06803604 0.11102207 0.14589035] | [0.05562612 0.07184957 0.08404274] | [0.03055292 0.02523525 0.02224696] | [0.41110901 0.55529241 0.64159404] |
+-------+--------------------+-------------------+-------------------+------------------------------------+------------------------------------+------------------------------------+------------------------------------+
epoch: 4 s: 0 batch_loss 0.4378478229045868 BPR_loss 0.4185199737548828 reg_loss 0.01932784542441368
epoch: 4 s: 256000 batch_loss 0.4270699620246887 BPR_loss 0.40701451897621155 reg_loss 0.020055439323186874
epoch: 4 s: 512000 batch_loss 0.42988473176956177 BPR_loss 0.4095628261566162 reg_loss 0.02032192051410675
epoch: 4 s: 768000 batch_loss 0.4112471342086792 BPR_loss 0.38939279317855835 reg_loss 0.021854342892766
epoch: 4 s: 1024000 batch_loss 0.4182535707950592 BPR_loss 0.3961862325668335 reg_loss 0.022067327052354813
+-------+------------------+-------------------+--------------------+------------------------------------+------------------------------------+------------------------------------+------------------------------------+
| Epoch | training time(s) |   tesing time(s)  |        Loss        |               recall               |                ndcg                |             precision              |             hit_ratio              |
+-------+------------------+-------------------+--------------------+------------------------------------+------------------------------------+------------------------------------+------------------------------------+
|   4   | 211.637592792511 | 50.81301164627075 | 255.31163024902344 | [0.06806566 0.1111456  0.14612878] | [0.05572301 0.07197121 0.08421156] | [0.03051187 0.02521315 0.02224327] | [0.40883542 0.55535556 0.64140457] |
+-------+------------------+-------------------+--------------------+------------------------------------+------------------------------------+------------------------------------+------------------------------------+
epoch: 5 s: 0 batch_loss 0.4053959846496582 BPR_loss 0.3828808069229126 reg_loss 0.022515177726745605
epoch: 5 s: 256000 batch_loss 0.37810948491096497 BPR_loss 0.35393857955932617 reg_loss 0.0241708941757679
epoch: 5 s: 512000 batch_loss 0.4102005958557129 BPR_loss 0.3857596814632416 reg_loss 0.024440914392471313
epoch: 5 s: 768000 batch_loss 0.37746280431747437 BPR_loss 0.3525223731994629 reg_loss 0.02494044043123722
epoch: 5 s: 1024000 batch_loss 0.38070979714393616 BPR_loss 0.3545061945915222 reg_loss 0.02620360255241394
+-------+--------------------+-------------------+--------------------+------------------------------------+------------------------------------+------------------------------------+------------------------------------+
| Epoch |  training time(s)  |   tesing time(s)  |        Loss        |               recall               |                ndcg                |             precision              |             hit_ratio              |
+-------+--------------------+-------------------+--------------------+------------------------------------+------------------------------------+------------------------------------+------------------------------------+
|   5   | 220.45679998397827 | 47.44871664047241 | 236.69053649902344 | [0.0682259  0.11154023 0.14606709] | [0.05595053 0.07229355 0.08439111] | [0.03059713 0.02529683 0.02225801] | [0.40975117 0.55715549 0.64115195] |
+-------+--------------------+-------------------+--------------------+------------------------------------+------------------------------------+------------------------------------+------------------------------------+
epoch: 6 s: 0 batch_loss 0.37150126695632935 BPR_loss 0.3449467420578003 reg_loss 0.026554519310593605
epoch: 6 s: 256000 batch_loss 0.37109044194221497 BPR_loss 0.3444820046424866 reg_loss 0.02660844661295414
epoch: 6 s: 512000 batch_loss 0.36478379368782043 BPR_loss 0.33631598949432373 reg_loss 0.028467809781432152
epoch: 6 s: 768000 batch_loss 0.36640363931655884 BPR_loss 0.33792009949684143 reg_loss 0.028483537957072258
epoch: 6 s: 1024000 batch_loss 0.3632909953594208 BPR_loss 0.33410659432411194 reg_loss 0.029184391722083092
+-------+--------------------+-------------------+-------------------+------------------------------------+------------------------------------+------------------------------------+------------------------------------+
| Epoch |  training time(s)  |   tesing time(s)  |        Loss       |               recall               |                ndcg                |             precision              |             hit_ratio              |
+-------+--------------------+-------------------+-------------------+------------------------------------+------------------------------------+------------------------------------+------------------------------------+
|   6   | 214.55495262145996 | 43.64695358276367 | 221.4501190185547 | [0.06825366 0.11121338 0.14604378] | [0.05590904 0.07212245 0.08431366] | [0.03056871 0.02521946 0.02223222] | [0.40990906 0.55554503 0.64089933] |
+-------+--------------------+-------------------+-------------------+------------------------------------+------------------------------------+------------------------------------+------------------------------------+
epoch: 7 s: 0 batch_loss 0.34330275654792786 BPR_loss 0.31349754333496094 reg_loss 0.029805202037096024
epoch: 7 s: 256000 batch_loss 0.3385425806045532 BPR_loss 0.30753982067108154 reg_loss 0.031002767384052277
epoch: 7 s: 512000 batch_loss 0.33678126335144043 BPR_loss 0.30534490942955017 reg_loss 0.031436361372470856
epoch: 7 s: 768000 batch_loss 0.34067440032958984 BPR_loss 0.30930688977241516 reg_loss 0.03136751055717468
epoch: 7 s: 1024000 batch_loss 0.3422407805919647 BPR_loss 0.3103195130825043 reg_loss 0.031921256333589554
+-------+-------------------+-------------------+-------------------+------------------------------------+------------------------------------+------------------------------------+------------------------------------+
| Epoch |  training time(s) |   tesing time(s)  |        Loss       |               recall               |                ndcg                |             precision              |             hit_ratio              |
+-------+-------------------+-------------------+-------------------+------------------------------------+------------------------------------+------------------------------------+------------------------------------+
|   7   | 221.2188844680786 | 48.72059154510498 | 209.0495147705078 | [0.06790688 0.11131552 0.14626258] | [0.05570562 0.07206287 0.08430418] | [0.03037451 0.02519262 0.02226012] | [0.40826702 0.55589238 0.64326765] |
+-------+-------------------+-------------------+-------------------+------------------------------------+------------------------------------+------------------------------------+------------------------------------+
epoch: 8 s: 0 batch_loss 0.34525880217552185 BPR_loss 0.31281960010528564 reg_loss 0.032439205795526505
epoch: 8 s: 256000 batch_loss 0.33922529220581055 BPR_loss 0.3062320947647095 reg_loss 0.032993197441101074
epoch: 8 s: 512000 batch_loss 0.3172444701194763 BPR_loss 0.2827361524105072 reg_loss 0.034508317708969116
epoch: 8 s: 768000 batch_loss 0.309414267539978 BPR_loss 0.2755241096019745 reg_loss 0.03389016166329384
epoch: 8 s: 1024000 batch_loss 0.32420963048934937 BPR_loss 0.2890956997871399 reg_loss 0.035113923251628876
+-------+--------------------+-------------------+-------------------+------------------------------------+------------------------------------+------------------------------------+------------------------------------+
| Epoch |  training time(s)  |   tesing time(s)  |        Loss       |               recall               |                ndcg                |             precision              |             hit_ratio              |
+-------+--------------------+-------------------+-------------------+------------------------------------+------------------------------------+------------------------------------+------------------------------------+
|   8   | 208.53773021697998 | 48.89406204223633 | 198.3622283935547 | [0.06814134 0.1107125  0.14495582] | [0.05577596 0.07182453 0.08380467] | [0.0305245  0.02512236 0.02206697] | [0.40902488 0.55425035 0.63944676] |
+-------+--------------------+-------------------+-------------------+------------------------------------+------------------------------------+------------------------------------+------------------------------------+
epoch: 9 s: 0 batch_loss 0.31150513887405396 BPR_loss 0.27529823780059814 reg_loss 0.03620689734816551
epoch: 9 s: 256000 batch_loss 0.31963083148002625 BPR_loss 0.28342413902282715 reg_loss 0.036206699907779694
epoch: 9 s: 512000 batch_loss 0.3033508062362671 BPR_loss 0.26657652854919434 reg_loss 0.03677426651120186
epoch: 9 s: 768000 batch_loss 0.3042220175266266 BPR_loss 0.26704418659210205 reg_loss 0.03717781975865364
epoch: 9 s: 1024000 batch_loss 0.3057798147201538 BPR_loss 0.26822394132614136 reg_loss 0.03755586966872215
+-------+-------------------+-------------------+--------------------+------------------------------------+------------------------------------+------------------------------------+------------------------------------+
| Epoch |  training time(s) |   tesing time(s)  |        Loss        |               recall               |                ndcg                |             precision              |             hit_ratio              |
+-------+-------------------+-------------------+--------------------+------------------------------------+------------------------------------+------------------------------------+------------------------------------+
|   9   | 215.0593922138214 | 51.21065711975098 | 189.11599731445312 | [0.06731062 0.11042413 0.1447872 ] | [0.0553436  0.07163629 0.08363812] | [0.03016136 0.02505605 0.0220196 ] | [0.40621448 0.55238727 0.63890994] |
+-------+-------------------+-------------------+--------------------+------------------------------------+------------------------------------+------------------------------------+------------------------------------+
epoch: 10 s: 0 batch_loss 0.303290456533432 BPR_loss 0.2647559642791748 reg_loss 0.038534484803676605
epoch: 10 s: 256000 batch_loss 0.30790823698043823 BPR_loss 0.26912087202072144 reg_loss 0.0387873612344265
epoch: 10 s: 512000 batch_loss 0.3051459789276123 BPR_loss 0.2666182518005371 reg_loss 0.0385277159512043
epoch: 10 s: 768000 batch_loss 0.29806068539619446 BPR_loss 0.25869858264923096 reg_loss 0.0393620990216732
epoch: 10 s: 1024000 batch_loss 0.30093470215797424 BPR_loss 0.2619815468788147 reg_loss 0.03895314410328865
+-------+--------------------+-------------------+-------------------+------------------------------------+------------------------------------+------------------------------------+------------------------------------+
| Epoch |  training time(s)  |   tesing time(s)  |        Loss       |               recall               |                ndcg                |             precision              |             hit_ratio              |
+-------+--------------------+-------------------+-------------------+------------------------------------+------------------------------------+------------------------------------+------------------------------------+
|   10  | 219.45210123062134 | 44.75651431083679 | 180.8627166748047 | [0.06764972 0.11004786 0.14455715] | [0.05558146 0.07156392 0.08361919] | [0.03032714 0.02496921 0.02199749] | [0.40640394 0.55226096 0.6375521 ] |
+-------+--------------------+-------------------+-------------------+------------------------------------+------------------------------------+------------------------------------+------------------------------------+
epoch: 11 s: 0 batch_loss 0.29746341705322266 BPR_loss 0.25704425573349 reg_loss 0.040419165045022964
epoch: 11 s: 256000 batch_loss 0.28659775853157043 BPR_loss 0.24643811583518982 reg_loss 0.04015963152050972
epoch: 11 s: 512000 batch_loss 0.28832384943962097 BPR_loss 0.2475903332233429 reg_loss 0.040733519941568375
epoch: 11 s: 768000 batch_loss 0.2846972644329071 BPR_loss 0.2437380701303482 reg_loss 0.0409591980278492
epoch: 11 s: 1024000 batch_loss 0.2898671627044678 BPR_loss 0.2476908266544342 reg_loss 0.042176347225904465
+-------+--------------------+------------------+--------------------+------------------------------------+------------------------------------+------------------------------------+------------------------------------+
| Epoch |  training time(s)  |  tesing time(s)  |        Loss        |               recall               |                ndcg                |             precision              |             hit_ratio              |
+-------+--------------------+------------------+--------------------+------------------------------------+------------------------------------+------------------------------------+------------------------------------+
|   11  | 212.94204187393188 | 50.6994264125824 | 173.56243896484375 | [0.06656424 0.10948766 0.14381427] | [0.05488108 0.07107901 0.08305317] | [0.02984559 0.02478211 0.02181908] | [0.40217254 0.54919793 0.63505747] |
+-------+--------------------+------------------+--------------------+------------------------------------+------------------------------------+------------------------------------+------------------------------------+
epoch: 12 s: 0 batch_loss 0.2781672477722168 BPR_loss 0.23557740449905396 reg_loss 0.04258982837200165
epoch: 12 s: 256000 batch_loss 0.2773831784725189 BPR_loss 0.23455631732940674 reg_loss 0.04282686486840248
epoch: 12 s: 512000 batch_loss 0.2750824987888336 BPR_loss 0.23160883784294128 reg_loss 0.04347364977002144
epoch: 12 s: 768000 batch_loss 0.2791031301021576 BPR_loss 0.23640677332878113 reg_loss 0.042696353048086166
epoch: 12 s: 1024000 batch_loss 0.2608424723148346 BPR_loss 0.21656906604766846 reg_loss 0.04427339509129524
+-------+--------------------+--------------------+--------------------+------------------------------------+------------------------------------+------------------------------------+------------------------------------+
| Epoch |  training time(s)  |   tesing time(s)   |        Loss        |               recall               |                ndcg                |             precision              |             hit_ratio              |
+-------+--------------------+--------------------+--------------------+------------------------------------+------------------------------------+------------------------------------+------------------------------------+
|   12  | 215.27580332756042 | 52.447030782699585 | 167.25018310546875 | [0.066867   0.10948853 0.14353688] | [0.05494546 0.07101243 0.0829191 ] | [0.02996874 0.02478764 0.02181908] | [0.40422509 0.55027157 0.63471012] |
+-------+--------------------+--------------------+--------------------+------------------------------------+------------------------------------+------------------------------------+------------------------------------+
epoch: 13 s: 0 batch_loss 0.26849645376205444 BPR_loss 0.22348913550376892 reg_loss 0.04500731825828552
epoch: 13 s: 256000 batch_loss 0.2705245912075043 BPR_loss 0.2259148359298706 reg_loss 0.04460976645350456
epoch: 13 s: 512000 batch_loss 0.27679839730262756 BPR_loss 0.23086576163768768 reg_loss 0.04593263566493988
epoch: 13 s: 768000 batch_loss 0.2601378560066223 BPR_loss 0.21440471708774567 reg_loss 0.045733142644166946
epoch: 13 s: 1024000 batch_loss 0.27405571937561035 BPR_loss 0.22897714376449585 reg_loss 0.0450785867869854
+-------+--------------------+--------------------+--------------------+------------------------------------+------------------------------------+------------------------------------+------------------------------------+
| Epoch |  training time(s)  |   tesing time(s)   |        Loss        |               recall               |                ndcg                |             precision              |             hit_ratio              |
+-------+--------------------+--------------------+--------------------+------------------------------------+------------------------------------+------------------------------------+------------------------------------+
|   13  | 207.01941776275635 | 50.637123823165894 | 161.76707458496094 | [0.06672565 0.10865184 0.14302935] | [0.05469356 0.07047813 0.08248042] | [0.02992611 0.02461002 0.02171961] | [0.40450928 0.54682961 0.63395225] |
+-------+--------------------+--------------------+--------------------+------------------------------------+------------------------------------+------------------------------------+------------------------------------+
epoch: 14 s: 0 batch_loss 0.26024293899536133 BPR_loss 0.2140408605337143 reg_loss 0.04620206728577614
epoch: 14 s: 256000 batch_loss 0.2483198195695877 BPR_loss 0.20234578847885132 reg_loss 0.04597403109073639
epoch: 14 s: 512000 batch_loss 0.25761139392852783 BPR_loss 0.2106502503156662 reg_loss 0.04696113243699074
epoch: 14 s: 768000 batch_loss 0.25648200511932373 BPR_loss 0.20998592674732208 reg_loss 0.046496082097291946
epoch: 14 s: 1024000 batch_loss 0.2573707103729248 BPR_loss 0.20988033711910248 reg_loss 0.04749036207795143
+-------+--------------------+-------------------+--------------------+------------------------------------+------------------------------------+------------------------------------+------------------------------------+
| Epoch |  training time(s)  |   tesing time(s)  |        Loss        |               recall               |                ndcg                |             precision              |             hit_ratio              |
+-------+--------------------+-------------------+--------------------+------------------------------------+------------------------------------+------------------------------------+------------------------------------+
|   14  | 216.61208057403564 | 50.70661234855652 | 156.15936279296875 | [0.06626774 0.10848929 0.14218502] | [0.05446695 0.070401   0.08217763] | [0.02968296 0.02457528 0.0216112 ] | [0.40131994 0.54610332 0.6323418 ] |
+-------+--------------------+-------------------+--------------------+------------------------------------+------------------------------------+------------------------------------+------------------------------------+
epoch: 15 s: 0 batch_loss 0.25404807925224304 BPR_loss 0.20570769906044006 reg_loss 0.048340387642383575
epoch: 15 s: 256000 batch_loss 0.24800026416778564 BPR_loss 0.20031189918518066 reg_loss 0.047688357532024384
epoch: 15 s: 512000 batch_loss 0.2584451138973236 BPR_loss 0.2095017433166504 reg_loss 0.048943378031253815
epoch: 15 s: 768000 batch_loss 0.24789896607398987 BPR_loss 0.19974549114704132 reg_loss 0.048153482377529144
epoch: 15 s: 1024000 batch_loss 0.2485608607530594 BPR_loss 0.19969838857650757 reg_loss 0.04886246845126152
+-------+--------------------+-------------------+--------------------+------------------------------------+------------------------------------+------------------------------------+------------------------------------+
| Epoch |  training time(s)  |   tesing time(s)  |        Loss        |               recall               |                ndcg                |             precision              |             hit_ratio              |
+-------+--------------------+-------------------+--------------------+------------------------------------+------------------------------------+------------------------------------+------------------------------------+
|   15  | 212.35734510421753 | 50.41097712516785 | 151.69827270507812 | [0.06638002 0.10838672 0.14225638] | [0.05457925 0.07042803 0.08228386] | [0.02967191 0.02450818 0.02160383] | [0.40277251 0.54591386 0.63180498] |
+-------+--------------------+-------------------+--------------------+------------------------------------+------------------------------------+------------------------------------+------------------------------------+
epoch: 16 s: 0 batch_loss 0.23319245874881744 BPR_loss 0.18404018878936768 reg_loss 0.04915226995944977
epoch: 16 s: 256000 batch_loss 0.23426669836044312 BPR_loss 0.18421228229999542 reg_loss 0.05005442351102829
epoch: 16 s: 512000 batch_loss 0.2487388402223587 BPR_loss 0.19808489084243774 reg_loss 0.05065394937992096
epoch: 16 s: 768000 batch_loss 0.24494977295398712 BPR_loss 0.194862961769104 reg_loss 0.05008681118488312
epoch: 16 s: 1024000 batch_loss 0.24277332425117493 BPR_loss 0.19106149673461914 reg_loss 0.05171182006597519
+-------+--------------------+------------------+-------------------+------------------------------------+------------------------------------+------------------------------------+------------------------------------+
| Epoch |  training time(s)  |  tesing time(s)  |        Loss       |               recall               |                ndcg                |             precision              |             hit_ratio              |
+-------+--------------------+------------------+-------------------+------------------------------------+------------------------------------+------------------------------------+------------------------------------+
|   16  | 216.54528713226318 | 47.3648784160614 | 147.1243896484375 | [0.06598636 0.10764388 0.14161326] | [0.05410492 0.06976054 0.08166661] | [0.02958191 0.02430766 0.02150962] | [0.39945686 0.54468233 0.63129973] |
+-------+--------------------+------------------+-------------------+------------------------------------+------------------------------------+------------------------------------+------------------------------------+
Early stopping is trigger at step: 10 log:0.06598636001247472
early stopping at 16, recall@20:0.0683
