Namespace(K=1, Ks='[20, 40, 60]', batch_size=2048, batch_test_flag=True, context_hops=3, cuda=True, data_path='data/', dataset='yelp2018', dim=64, edge_dropout=False, edge_dropout_rate=0.1, epoch=1000, eps=0.01, gnn='lightgcn', gpu_id=3, l2=0.0001, lr=0.001, mess_dropout=False, mess_dropout_rate=0.1, n_negs=64, ns='mixgcf', out_dir='./weights/yelp2018/', pool='sum', save=False, test_batch_size=2048, test_flag='part')
reading train and test user-item set ...
building the adj mat ...
loading over ...
这是两个item维度层面上的权重自适应......
start training ...
epoch: 0 s: 0 batch_loss 0.6935898661613464 BPR_loss 0.6935893297195435 reg_loss 5.119161983202503e-07
epoch: 0 s: 256000 batch_loss 0.6935793161392212 BPR_loss 0.6935786008834839 reg_loss 7.231271865748568e-07
epoch: 0 s: 512000 batch_loss 0.6936007142066956 BPR_loss 0.6935998797416687 reg_loss 8.190564813048695e-07
epoch: 0 s: 768000 batch_loss 0.6936455965042114 BPR_loss 0.693644642829895 reg_loss 9.410962320544058e-07
epoch: 0 s: 1024000 batch_loss 0.6937026977539062 BPR_loss 0.6937016248703003 reg_loss 1.1013484026989317e-06
+-------+--------------------+-------------------+-------------------+------------------------------------+------------------------------------+------------------------------------+------------------------------------+
| Epoch |  training time(s)  |   tesing time(s)  |        Loss       |               recall               |                ndcg                |             precision              |             hit_ratio              |
+-------+--------------------+-------------------+-------------------+------------------------------------+------------------------------------+------------------------------------+------------------------------------+
|   0   | 215.11816883087158 | 49.33775019645691 | 418.9597473144531 | [0.02004373 0.03277567 0.04237527] | [0.01694231 0.02167227 0.02505883] | [0.00992169 0.00807834 0.00697286] | [0.15735127 0.23064292 0.27804092] |
+-------+--------------------+-------------------+-------------------+------------------------------------+------------------------------------+------------------------------------+------------------------------------+
epoch: 1 s: 0 batch_loss 0.6936819553375244 BPR_loss 0.6936807036399841 reg_loss 1.257525582332164e-06
epoch: 1 s: 256000 batch_loss 0.6938347816467285 BPR_loss 0.6938331723213196 reg_loss 1.5853820514166728e-06
epoch: 1 s: 512000 batch_loss 0.6939477324485779 BPR_loss 0.6939458250999451 reg_loss 1.902238977891102e-06
epoch: 1 s: 768000 batch_loss 0.6940232515335083 BPR_loss 0.6940210461616516 reg_loss 2.2023925794201205e-06
epoch: 1 s: 1024000 batch_loss 0.6940528750419617 BPR_loss 0.6940503120422363 reg_loss 2.562481768109137e-06
+-------+--------------------+-------------------+--------------------+------------------------------------+------------------------------------+------------------------------------+------------------------------------+
| Epoch |  training time(s)  |   tesing time(s)  |        Loss        |               recall               |                ndcg                |             precision              |             hit_ratio              |
+-------+--------------------+-------------------+--------------------+------------------------------------+------------------------------------+------------------------------------+------------------------------------+
|   1   | 224.83595252037048 | 47.52167081832886 | 419.15533447265625 | [0.03787805 0.06330866 0.08339089] | [0.03126418 0.04092196 0.04802503] | [0.0177703  0.01495516 0.01323681] | [0.2614311  0.37675256 0.44837059] |
+-------+--------------------+-------------------+--------------------+------------------------------------+------------------------------------+------------------------------------+------------------------------------+
epoch: 2 s: 0 batch_loss 0.6938600540161133 BPR_loss 0.6938571929931641 reg_loss 2.8866891170764575e-06
epoch: 2 s: 256000 batch_loss 0.6941222548484802 BPR_loss 0.6941185593605042 reg_loss 3.7164820696489187e-06
epoch: 2 s: 512000 batch_loss 0.6943353414535522 BPR_loss 0.694330632686615 reg_loss 4.685545718530193e-06
epoch: 2 s: 768000 batch_loss 0.6943086385726929 BPR_loss 0.6943029165267944 reg_loss 5.7203296819352545e-06
epoch: 2 s: 1024000 batch_loss 0.6938096284866333 BPR_loss 0.693802535533905 reg_loss 7.087095127644716e-06
+-------+--------------------+-------------------+-------------------+------------------------------------+------------------------------------+------------------------------------+------------------------------------+
| Epoch |  training time(s)  |   tesing time(s)  |        Loss       |               recall               |                ndcg                |             precision              |             hit_ratio              |
+-------+--------------------+-------------------+-------------------+------------------------------------+------------------------------------+------------------------------------+------------------------------------+
|   2   | 214.65547704696655 | 49.25643467903137 | 419.3036804199219 | [0.04696122 0.07842436 0.10459164] | [0.03859283 0.05041806 0.05962023] | [0.02193855 0.01837975 0.01641457] | [0.31176582 0.44076039 0.52409372] |
+-------+--------------------+-------------------+-------------------+------------------------------------+------------------------------------+------------------------------------+------------------------------------+
epoch: 3 s: 0 batch_loss 0.6932228207588196 BPR_loss 0.6932144165039062 reg_loss 8.377206540899351e-06
epoch: 3 s: 256000 batch_loss 0.6934971213340759 BPR_loss 0.6934863328933716 reg_loss 1.0808699698827695e-05
epoch: 3 s: 512000 batch_loss 0.6928630471229553 BPR_loss 0.6928495168685913 reg_loss 1.3509699783753604e-05
epoch: 3 s: 768000 batch_loss 0.6931864619255066 BPR_loss 0.6931697130203247 reg_loss 1.6724881788832135e-05
epoch: 3 s: 1024000 batch_loss 0.6927924156188965 BPR_loss 0.692772626876831 reg_loss 1.9769333448493853e-05
+-------+--------------------+-------------------+-------------------+------------------------------------+------------------------------------+------------------------------------+------------------------------------+
| Epoch |  training time(s)  |   tesing time(s)  |        Loss       |               recall               |                ndcg                |             precision              |             hit_ratio              |
+-------+--------------------+-------------------+-------------------+------------------------------------+------------------------------------+------------------------------------+------------------------------------+
|   3   | 223.40115690231323 | 49.55427694320679 | 418.5257873535156 | [0.05271884 0.08869805 0.11743929] | [0.0433113  0.05695058 0.06706222] | [0.02425003 0.02061545 0.01831818] | [0.34046987 0.47912719 0.56476569] |
+-------+--------------------+-------------------+-------------------+------------------------------------+------------------------------------+------------------------------------+------------------------------------+
epoch: 4 s: 0 batch_loss 0.6893157362937927 BPR_loss 0.6892926692962646 reg_loss 2.3073263946571387e-05
epoch: 4 s: 256000 batch_loss 0.6877610683441162 BPR_loss 0.687732994556427 reg_loss 2.8089069019188173e-05
epoch: 4 s: 512000 batch_loss 0.688748836517334 BPR_loss 0.6887166500091553 reg_loss 3.216777622583322e-05
epoch: 4 s: 768000 batch_loss 0.6873379945755005 BPR_loss 0.6873005032539368 reg_loss 3.750408359337598e-05
epoch: 4 s: 1024000 batch_loss 0.6880810856819153 BPR_loss 0.6880390644073486 reg_loss 4.2024210415547714e-05
+-------+--------------------+------------------+-------------------+------------------------------------+------------------------------------+------------------------------------+------------------------------------+
| Epoch |  training time(s)  |  tesing time(s)  |        Loss       |               recall               |                ndcg                |             precision              |             hit_ratio              |
+-------+--------------------+------------------+-------------------+------------------------------------+------------------------------------+------------------------------------+------------------------------------+
|   4   | 220.08280277252197 | 46.8956139087677 | 415.6424255371094 | [0.05551937 0.09228335 0.12309754] | [0.04557462 0.05943829 0.07024806] | [0.02547998 0.02136305 0.01909709] | [0.35332197 0.49381079 0.58333333] |
+-------+--------------------+------------------+-------------------+------------------------------------+------------------------------------+------------------------------------+------------------------------------+
epoch: 5 s: 0 batch_loss 0.6826461553573608 BPR_loss 0.6825993657112122 reg_loss 4.678068216890097e-05
epoch: 5 s: 256000 batch_loss 0.6802815794944763 BPR_loss 0.6802279949188232 reg_loss 5.36042898602318e-05
epoch: 5 s: 512000 batch_loss 0.6817396879196167 BPR_loss 0.6816806793212891 reg_loss 5.9017384046455845e-05
epoch: 5 s: 768000 batch_loss 0.6801033616065979 BPR_loss 0.6800386905670166 reg_loss 6.468409264925867e-05
epoch: 5 s: 1024000 batch_loss 0.6789546012878418 BPR_loss 0.6788839101791382 reg_loss 7.070494029903784e-05
+-------+--------------------+-------------------+-------------------+------------------------------------+------------------------------------+------------------------------------+------------------------------------+
| Epoch |  training time(s)  |   tesing time(s)  |        Loss       |               recall               |                ndcg                |             precision              |             hit_ratio              |
+-------+--------------------+-------------------+-------------------+------------------------------------+------------------------------------+------------------------------------+------------------------------------+
|   5   | 223.91485381126404 | 48.85611033439636 | 411.0825500488281 | [0.05628079 0.09432014 0.12522967] | [0.04615168 0.06054827 0.07135765] | [0.02586681 0.02186829 0.01941339] | [0.35682708 0.5012631  0.58923835] |
+-------+--------------------+-------------------+-------------------+------------------------------------+------------------------------------+------------------------------------+------------------------------------+
epoch: 6 s: 0 batch_loss 0.6720641851425171 BPR_loss 0.6719862222671509 reg_loss 7.794131670380011e-05
epoch: 6 s: 256000 batch_loss 0.6738070845603943 BPR_loss 0.6737226247787476 reg_loss 8.444861305179074e-05
epoch: 6 s: 512000 batch_loss 0.667816698551178 BPR_loss 0.667725145816803 reg_loss 9.155357111012563e-05
epoch: 6 s: 768000 batch_loss 0.6703608632087708 BPR_loss 0.6702626943588257 reg_loss 9.815279190661386e-05
epoch: 6 s: 1024000 batch_loss 0.6719653010368347 BPR_loss 0.6718621253967285 reg_loss 0.00010316192492609844
+-------+--------------------+--------------------+-------------------+------------------------------------+------------------------------------+------------------------------------+------------------------------------+
| Epoch |  training time(s)  |   tesing time(s)   |        Loss       |               recall               |                ndcg                |             precision              |             hit_ratio              |
+-------+--------------------+--------------------+-------------------+------------------------------------+------------------------------------+------------------------------------+------------------------------------+
|   6   | 226.29864716529846 | 45.544572830200195 | 405.8719482421875 | [0.05750497 0.09561516 0.12701973] | [0.04691517 0.06134465 0.0723322 ] | [0.026271   0.02210196 0.01963917] | [0.36320576 0.50454718 0.59356448] |
+-------+--------------------+--------------------+-------------------+------------------------------------+------------------------------------+------------------------------------+------------------------------------+
epoch: 7 s: 0 batch_loss 0.6618670225143433 BPR_loss 0.6617560386657715 reg_loss 0.00011096805974375457
epoch: 7 s: 256000 batch_loss 0.6599499583244324 BPR_loss 0.65982985496521 reg_loss 0.00012010039790766314
epoch: 7 s: 512000 batch_loss 0.659050464630127 BPR_loss 0.6589212417602539 reg_loss 0.0001292113884119317
epoch: 7 s: 768000 batch_loss 0.661292552947998 BPR_loss 0.6611590385437012 reg_loss 0.00013350062363315374
epoch: 7 s: 1024000 batch_loss 0.6656567454338074 BPR_loss 0.6655176877975464 reg_loss 0.00013905552623327821
+-------+--------------------+------------------+-------------------+------------------------------------+------------------------------------+------------------------------------+------------------------------------+
| Epoch |  training time(s)  |  tesing time(s)  |        Loss       |               recall               |                ndcg                |             precision              |             hit_ratio              |
+-------+--------------------+------------------+-------------------+------------------------------------+------------------------------------+------------------------------------+------------------------------------+
|   7   | 224.47025394439697 | 45.8970832824707 | 400.6020202636719 | [0.0573527  0.09574099 0.12801189] | [0.04695417 0.06147699 0.07273944] | [0.02628521 0.0221738  0.01977759] | [0.36162688 0.50656814 0.59596438] |
+-------+--------------------+------------------+-------------------+------------------------------------+------------------------------------+------------------------------------+------------------------------------+
epoch: 8 s: 0 batch_loss 0.6543447971343994 BPR_loss 0.654198408126831 reg_loss 0.00014637222921010107
epoch: 8 s: 256000 batch_loss 0.6530543565750122 BPR_loss 0.6529011726379395 reg_loss 0.00015319397789426148
epoch: 8 s: 512000 batch_loss 0.6493698954582214 BPR_loss 0.6492052674293518 reg_loss 0.00016463898646179587
epoch: 8 s: 768000 batch_loss 0.6467458605766296 BPR_loss 0.6465768814086914 reg_loss 0.00016895057342480868
epoch: 8 s: 1024000 batch_loss 0.653165876865387 BPR_loss 0.6529886722564697 reg_loss 0.00017722505435813218
+-------+--------------------+-------------------+-------------------+------------------------------------+------------------------------------+------------------------------------+------------------------------------+
| Epoch |  training time(s)  |   tesing time(s)  |        Loss       |               recall               |                ndcg                |             precision              |             hit_ratio              |
+-------+--------------------+-------------------+-------------------+------------------------------------+------------------------------------+------------------------------------+------------------------------------+
|   8   | 224.64637351036072 | 44.35626220703125 | 395.4314270019531 | [0.05795941 0.09638269 0.12823885] | [0.04716809 0.06166024 0.07282907] | [0.02656309 0.0222638  0.01984022] | [0.36544777 0.50779967 0.59710117] |
+-------+--------------------+-------------------+-------------------+------------------------------------+------------------------------------+------------------------------------+------------------------------------+
epoch: 9 s: 0 batch_loss 0.6404212117195129 BPR_loss 0.6402340531349182 reg_loss 0.00018715186160989106
epoch: 9 s: 256000 batch_loss 0.6516041159629822 BPR_loss 0.6514111757278442 reg_loss 0.00019291490025352687
epoch: 9 s: 512000 batch_loss 0.6437711715698242 BPR_loss 0.6435716152191162 reg_loss 0.0001995765051105991
epoch: 9 s: 768000 batch_loss 0.639940083026886 BPR_loss 0.6397331953048706 reg_loss 0.00020689306256826967
epoch: 9 s: 1024000 batch_loss 0.638047993183136 BPR_loss 0.6378320455551147 reg_loss 0.00021597313752863556
+-------+--------------------+-------------------+-------------------+------------------------------------+------------------------------------+------------------------------------+------------------------------------+
| Epoch |  training time(s)  |   tesing time(s)  |        Loss       |               recall               |                ndcg                |             precision              |             hit_ratio              |
+-------+--------------------+-------------------+-------------------+------------------------------------+------------------------------------+------------------------------------+------------------------------------+
|   9   | 220.62108159065247 | 48.60995626449585 | 390.3937072753906 | [0.05806918 0.09639469 0.12849993] | [0.04737936 0.0618456  0.0731014 ] | [0.02666256 0.02228354 0.01988179] | [0.36636352 0.50761021 0.59760642] |
+-------+--------------------+-------------------+-------------------+------------------------------------+------------------------------------+------------------------------------+------------------------------------+
epoch: 10 s: 0 batch_loss 0.644133448600769 BPR_loss 0.6439098119735718 reg_loss 0.00022362932213582098
epoch: 10 s: 256000 batch_loss 0.6383897662162781 BPR_loss 0.6381614804267883 reg_loss 0.00022826936037745327
epoch: 10 s: 512000 batch_loss 0.6394028663635254 BPR_loss 0.6391656994819641 reg_loss 0.00023714551934972405
epoch: 10 s: 768000 batch_loss 0.6356595158576965 BPR_loss 0.6354155540466309 reg_loss 0.00024393391504418105
epoch: 10 s: 1024000 batch_loss 0.6413015723228455 BPR_loss 0.6410523653030396 reg_loss 0.0002492247149348259
+-------+--------------------+-------------------+-------------------+------------------------------------+------------------------------------+------------------------------------+------------------------------------+
| Epoch |  training time(s)  |   tesing time(s)  |        Loss       |               recall               |                ndcg                |             precision              |             hit_ratio              |
+-------+--------------------+-------------------+-------------------+------------------------------------+------------------------------------+------------------------------------+------------------------------------+
|   10  | 223.47205114364624 | 51.17874503135681 | 385.5902099609375 | [0.05815823 0.09668776 0.12865496] | [0.04734873 0.06190608 0.07311209] | [0.02662941 0.02231827 0.01989074] | [0.36648983 0.50975748 0.59899583] |
+-------+--------------------+-------------------+-------------------+------------------------------------+------------------------------------+------------------------------------+------------------------------------+
epoch: 11 s: 0 batch_loss 0.6296442747116089 BPR_loss 0.6293833255767822 reg_loss 0.0002609196526464075
epoch: 11 s: 256000 batch_loss 0.6318804025650024 BPR_loss 0.6316127777099609 reg_loss 0.00026760034961625934
epoch: 11 s: 512000 batch_loss 0.6293546557426453 BPR_loss 0.6290792226791382 reg_loss 0.00027540381415747106
epoch: 11 s: 768000 batch_loss 0.6266008615493774 BPR_loss 0.6263198256492615 reg_loss 0.00028103170916438103
epoch: 11 s: 1024000 batch_loss 0.634392261505127 BPR_loss 0.6341029405593872 reg_loss 0.00028934102738276124
+-------+--------------------+------------------+-------------------+------------------------------------+------------------------------------+------------------------------------+------------------------------------+
| Epoch |  training time(s)  |  tesing time(s)  |        Loss       |               recall               |                ndcg                |             precision              |             hit_ratio              |
+-------+--------------------+------------------+-------------------+------------------------------------+------------------------------------+------------------------------------+------------------------------------+
|   11  | 215.96985387802124 | 48.4354465007782 | 381.0698547363281 | [0.05778681 0.09667607 0.12836562] | [0.04736635 0.06208766 0.07319794] | [0.02648099 0.02235143 0.01986969] | [0.36355311 0.51136794 0.59842743] |
+-------+--------------------+------------------+-------------------+------------------------------------+------------------------------------+------------------------------------+------------------------------------+
epoch: 12 s: 0 batch_loss 0.6252182126045227 BPR_loss 0.6249185800552368 reg_loss 0.00029964916757307947
epoch: 12 s: 256000 batch_loss 0.6185019016265869 BPR_loss 0.6181957721710205 reg_loss 0.0003061040479224175
epoch: 12 s: 512000 batch_loss 0.6227352023124695 BPR_loss 0.6224210262298584 reg_loss 0.0003141554188914597
epoch: 12 s: 768000 batch_loss 0.6285814642906189 BPR_loss 0.6282625794410706 reg_loss 0.0003189107810612768
epoch: 12 s: 1024000 batch_loss 0.6106930375099182 BPR_loss 0.6103607416152954 reg_loss 0.0003322959819342941
+-------+-------------------+-------------------+-------------------+------------------------------------+------------------------------------+------------------------------------+------------------------------------+
| Epoch |  training time(s) |   tesing time(s)  |        Loss       |               recall               |                ndcg                |             precision              |             hit_ratio              |
+-------+-------------------+-------------------+-------------------+------------------------------------+------------------------------------+------------------------------------+------------------------------------+
|   12  | 221.9211299419403 | 48.50920820236206 | 376.7877502441406 | [0.05794026 0.09703638 0.12892244] | [0.04718501 0.06197788 0.07316057] | [0.02655204 0.02240827 0.01994179] | [0.3648478  0.50978906 0.59928003] |
+-------+-------------------+-------------------+-------------------+------------------------------------+------------------------------------+------------------------------------+------------------------------------+
epoch: 13 s: 0 batch_loss 0.6125746965408325 BPR_loss 0.6122334003448486 reg_loss 0.00034130288986489177
epoch: 13 s: 256000 batch_loss 0.6214679479598999 BPR_loss 0.6211239099502563 reg_loss 0.00034403050085529685
epoch: 13 s: 512000 batch_loss 0.623271107673645 BPR_loss 0.6229169368743896 reg_loss 0.00035415656748227775
epoch: 13 s: 768000 batch_loss 0.6117027401924133 BPR_loss 0.6113381385803223 reg_loss 0.0003645899996627122
epoch: 13 s: 1024000 batch_loss 0.6274163126945496 BPR_loss 0.6270508766174316 reg_loss 0.00036544280010275543
+-------+-------------------+-------------------+--------------------+------------------------------------+------------------------------------+------------------------------------+------------------------------------+
| Epoch |  training time(s) |   tesing time(s)  |        Loss        |               recall               |                ndcg                |             precision              |             hit_ratio              |
+-------+-------------------+-------------------+--------------------+------------------------------------+------------------------------------+------------------------------------+------------------------------------+
|   13  | 220.3594274520874 | 47.82989525794983 | 372.65948486328125 | [0.05829156 0.09652278 0.12831228] | [0.04731987 0.06176603 0.07292497] | [0.02663572 0.02226775 0.01983548] | [0.36721612 0.50915751 0.59710117] |
+-------+-------------------+-------------------+--------------------+------------------------------------+------------------------------------+------------------------------------+------------------------------------+
epoch: 14 s: 0 batch_loss 0.6029573082923889 BPR_loss 0.6025833487510681 reg_loss 0.0003739336389116943
epoch: 14 s: 256000 batch_loss 0.6031516194343567 BPR_loss 0.6027684807777405 reg_loss 0.0003831515205092728
epoch: 14 s: 512000 batch_loss 0.6124725937843323 BPR_loss 0.6120814085006714 reg_loss 0.0003911863313987851
epoch: 14 s: 768000 batch_loss 0.6116943955421448 BPR_loss 0.6112956404685974 reg_loss 0.00039872832712717354
epoch: 14 s: 1024000 batch_loss 0.6107965111732483 BPR_loss 0.6103876829147339 reg_loss 0.00040883419569581747
+-------+--------------------+-------------------+-------------------+------------------------------------+------------------------------------+------------------------------------+------------------------------------+
| Epoch |  training time(s)  |   tesing time(s)  |        Loss       |               recall               |                ndcg                |             precision              |             hit_ratio              |
+-------+--------------------+-------------------+-------------------+------------------------------------+------------------------------------+------------------------------------+------------------------------------+
|   14  | 225.25537610054016 | 48.75859999656677 | 368.5352478027344 | [0.0584726  0.09634774 0.12800594] | [0.04746232 0.06176734 0.07287455] | [0.02677308 0.0222638  0.0198118 ] | [0.36835291 0.50918909 0.59631173] |
+-------+--------------------+-------------------+-------------------+------------------------------------+------------------------------------+------------------------------------+------------------------------------+
epoch: 15 s: 0 batch_loss 0.6106324791908264 BPR_loss 0.6102157235145569 reg_loss 0.0004167489823885262
epoch: 15 s: 256000 batch_loss 0.6039289832115173 BPR_loss 0.6035060286521912 reg_loss 0.00042296131141483784
epoch: 15 s: 512000 batch_loss 0.6082329154014587 BPR_loss 0.6078006029129028 reg_loss 0.00043230009032413363
epoch: 15 s: 768000 batch_loss 0.6021925806999207 BPR_loss 0.6017563343048096 reg_loss 0.0004362496838439256
epoch: 15 s: 1024000 batch_loss 0.6095293164253235 BPR_loss 0.6090869903564453 reg_loss 0.0004423525824677199
+-------+--------------------+--------------------+-------------------+------------------------------------+------------------------------------+------------------------------------+------------------------------------+
| Epoch |  training time(s)  |   tesing time(s)   |        Loss       |               recall               |                ndcg                |             precision              |             hit_ratio              |
+-------+--------------------+--------------------+-------------------+------------------------------------+------------------------------------+------------------------------------+------------------------------------+
|   15  | 215.45394706726074 | 45.728177309036255 | 364.8819274902344 | [0.05807913 0.09637602 0.12760142] | [0.04731896 0.06176595 0.07271547] | [0.02668467 0.02226617 0.01975127] | [0.36626879 0.50963117 0.59498547] |
+-------+--------------------+--------------------+-------------------+------------------------------------+------------------------------------+------------------------------------+------------------------------------+
epoch: 16 s: 0 batch_loss 0.5956759452819824 BPR_loss 0.5952143669128418 reg_loss 0.00046158695477060974
epoch: 16 s: 256000 batch_loss 0.5890323519706726 BPR_loss 0.5885691046714783 reg_loss 0.00046326607116498053
epoch: 16 s: 512000 batch_loss 0.6026371717453003 BPR_loss 0.6021605730056763 reg_loss 0.0004766215570271015
epoch: 16 s: 768000 batch_loss 0.5970714092254639 BPR_loss 0.5965948104858398 reg_loss 0.0004766006313730031
epoch: 16 s: 1024000 batch_loss 0.6011980175971985 BPR_loss 0.6007074117660522 reg_loss 0.000490621489007026
+-------+--------------------+--------------------+-------------------+------------------------------------+------------------------------------+------------------------------------+------------------------------------+
| Epoch |  training time(s)  |   tesing time(s)   |        Loss       |               recall               |                ndcg                |             precision              |             hit_ratio              |
+-------+--------------------+--------------------+-------------------+------------------------------------+------------------------------------+------------------------------------+------------------------------------+
|   16  | 213.89402985572815 | 45.256513833999634 | 361.2409362792969 | [0.05787202 0.0960645  0.12796099] | [0.04719594 0.06160306 0.07280272] | [0.02653151 0.02219354 0.01982338] | [0.36450044 0.50694708 0.5959328 ] |
+-------+--------------------+--------------------+-------------------+------------------------------------+------------------------------------+------------------------------------+------------------------------------+
epoch: 17 s: 0 batch_loss 0.5896857976913452 BPR_loss 0.5891997814178467 reg_loss 0.00048603714094497263
epoch: 17 s: 256000 batch_loss 0.5954782962799072 BPR_loss 0.5949733257293701 reg_loss 0.0005049581523053348
epoch: 17 s: 512000 batch_loss 0.5914112329483032 BPR_loss 0.5908991694450378 reg_loss 0.0005120452842675149
epoch: 17 s: 768000 batch_loss 0.5967492461204529 BPR_loss 0.5962327718734741 reg_loss 0.0005164750036783516
epoch: 17 s: 1024000 batch_loss 0.5994848608970642 BPR_loss 0.5989559888839722 reg_loss 0.0005288696847856045
+-------+------------------+-------------------+-------------------+------------------------------------+------------------------------------+------------------------------------+------------------------------------+
| Epoch | training time(s) |   tesing time(s)  |        Loss       |               recall               |                ndcg                |             precision              |             hit_ratio              |
+-------+------------------+-------------------+-------------------+------------------------------------+------------------------------------+------------------------------------+------------------------------------+
|   17  | 218.422865152359 | 45.98443627357483 | 358.0538024902344 | [0.05767071 0.09583152 0.12771703] | [0.04702258 0.06142848 0.07259482] | [0.02643362 0.02214617 0.01973864] | [0.36579512 0.50653657 0.59659593] |
+-------+------------------+-------------------+-------------------+------------------------------------+------------------------------------+------------------------------------+------------------------------------+
epoch: 18 s: 0 batch_loss 0.5882850885391235 BPR_loss 0.5877459049224854 reg_loss 0.0005391831509768963
epoch: 18 s: 256000 batch_loss 0.5896618962287903 BPR_loss 0.5891202092170715 reg_loss 0.0005417158245109022
epoch: 18 s: 512000 batch_loss 0.5857959985733032 BPR_loss 0.5852475166320801 reg_loss 0.0005484846769832075
epoch: 18 s: 768000 batch_loss 0.5903788208961487 BPR_loss 0.5898308157920837 reg_loss 0.0005479840910993516
epoch: 18 s: 1024000 batch_loss 0.5985661745071411 BPR_loss 0.5980037450790405 reg_loss 0.0005624492769129574
+-------+--------------------+-------------------+-------------------+------------------------------------+------------------------------------+------------------------------------+------------------------------------+
| Epoch |  training time(s)  |   tesing time(s)  |        Loss       |               recall               |                ndcg                |             precision              |             hit_ratio              |
+-------+--------------------+-------------------+-------------------+------------------------------------+------------------------------------+------------------------------------+------------------------------------+
|   18  | 207.39262628555298 | 49.78200721740723 | 354.6934509277344 | [0.05741555 0.09558055 0.12738171] | [0.04694457 0.06133667 0.07245922] | [0.02639415 0.02207197 0.01965759] | [0.36421624 0.50666288 0.59413288] |
+-------+--------------------+-------------------+-------------------+------------------------------------+------------------------------------+------------------------------------+------------------------------------+
epoch: 19 s: 0 batch_loss 0.5756071209907532 BPR_loss 0.5750417709350586 reg_loss 0.0005653611733578146
epoch: 19 s: 256000 batch_loss 0.5844237208366394 BPR_loss 0.5838408470153809 reg_loss 0.0005828754510730505
epoch: 19 s: 512000 batch_loss 0.5833499431610107 BPR_loss 0.5827674269676208 reg_loss 0.0005824951804243028
epoch: 19 s: 768000 batch_loss 0.588692307472229 BPR_loss 0.5881051421165466 reg_loss 0.0005871447501704097
epoch: 19 s: 1024000 batch_loss 0.5780149102210999 BPR_loss 0.577406644821167 reg_loss 0.0006082802428863943
+-------+--------------------+-------------------+------------------+------------------------------------+------------------------------------+------------------------------------+------------------------------------+
| Epoch |  training time(s)  |   tesing time(s)  |       Loss       |               recall               |                ndcg                |             precision              |             hit_ratio              |
+-------+--------------------+-------------------+------------------+------------------------------------+------------------------------------+------------------------------------+------------------------------------+
|   19  | 209.33141613006592 | 50.50638556480408 | 351.508544921875 | [0.05758632 0.09552549 0.12685063] | [0.0470905  0.06136811 0.07237005] | [0.02642889 0.0220317  0.01961917] | [0.36475306 0.50865227 0.59268031] |
+-------+--------------------+-------------------+------------------+------------------------------------+------------------------------------+------------------------------------+------------------------------------+
epoch: 20 s: 0 batch_loss 0.5733742117881775 BPR_loss 0.5727683901786804 reg_loss 0.000605844019446522
epoch: 20 s: 256000 batch_loss 0.5817434191703796 BPR_loss 0.581118643283844 reg_loss 0.0006248017307370901
epoch: 20 s: 512000 batch_loss 0.5709271430969238 BPR_loss 0.570306122303009 reg_loss 0.0006210272549651563
epoch: 20 s: 768000 batch_loss 0.5683539509773254 BPR_loss 0.5677192211151123 reg_loss 0.0006347373127937317
epoch: 20 s: 1024000 batch_loss 0.5828136205673218 BPR_loss 0.5821672677993774 reg_loss 0.0006463589379563928
+-------+------------------+-------------------+-------------------+------------------------------------+------------------------------------+------------------------------------+------------------------------------+
| Epoch | training time(s) |   tesing time(s)  |        Loss       |               recall               |                ndcg                |             precision              |             hit_ratio              |
+-------+------------------+-------------------+-------------------+------------------------------------+------------------------------------+------------------------------------+------------------------------------+
|   20  | 205.758305311203 | 46.32972311973572 | 348.4644470214844 | [0.05759573 0.09549087 0.12704558] | [0.04697206 0.06123732 0.07233219] | [0.02642099 0.02202855 0.01965444] | [0.36491095 0.50776809 0.59324871] |
+-------+------------------+-------------------+-------------------+------------------------------------+------------------------------------+------------------------------------+------------------------------------+
epoch: 21 s: 0 batch_loss 0.5671072006225586 BPR_loss 0.5664506554603577 reg_loss 0.0006565341609530151
epoch: 21 s: 256000 batch_loss 0.5799434185028076 BPR_loss 0.5792810916900635 reg_loss 0.0006623276276513934
epoch: 21 s: 512000 batch_loss 0.5669758319854736 BPR_loss 0.5663057565689087 reg_loss 0.0006701011443510652
epoch: 21 s: 768000 batch_loss 0.562231719493866 BPR_loss 0.5615626573562622 reg_loss 0.0006690635345876217
epoch: 21 s: 1024000 batch_loss 0.5719460248947144 BPR_loss 0.571262001991272 reg_loss 0.0006839933921582997
+-------+--------------------+-------------------+-------------------+------------------------------------+------------------------------------+------------------------------------+------------------------------------+
| Epoch |  training time(s)  |   tesing time(s)  |        Loss       |               recall               |                ndcg                |             precision              |             hit_ratio              |
+-------+--------------------+-------------------+-------------------+------------------------------------+------------------------------------+------------------------------------+------------------------------------+
|   21  | 213.79114842414856 | 49.18875336647034 | 345.6040954589844 | [0.05737924 0.09516437 0.12656739] | [0.04681872 0.06104085 0.07205805] | [0.02638942 0.02197092 0.01957497] | [0.36434255 0.50615764 0.59274346] |
+-------+--------------------+-------------------+-------------------+------------------------------------+------------------------------------+------------------------------------+------------------------------------+
epoch: 22 s: 0 batch_loss 0.5669933557510376 BPR_loss 0.5663108825683594 reg_loss 0.0006824492011219263
epoch: 22 s: 256000 batch_loss 0.5686115026473999 BPR_loss 0.5679131150245667 reg_loss 0.0006983901257626712
epoch: 22 s: 512000 batch_loss 0.5650429129600525 BPR_loss 0.5643413066864014 reg_loss 0.000701594224665314
epoch: 22 s: 768000 batch_loss 0.5904290080070496 BPR_loss 0.5897107720375061 reg_loss 0.0007182256667874753
epoch: 22 s: 1024000 batch_loss 0.5809198617935181 BPR_loss 0.5802087783813477 reg_loss 0.000711111759301275
+-------+--------------------+-------------------+-------------------+------------------------------------+------------------------------------+------------------------------------+------------------------------------+
| Epoch |  training time(s)  |   tesing time(s)  |        Loss       |               recall               |                ndcg                |             precision              |             hit_ratio              |
+-------+--------------------+-------------------+-------------------+------------------------------------+------------------------------------+------------------------------------+------------------------------------+
|   22  | 211.32575726509094 | 45.36740779876709 | 342.7724304199219 | [0.05707084 0.09492797 0.12638061] | [0.04658258 0.06087701 0.07190327] | [0.02621258 0.0219275  0.01953655] | [0.36197423 0.5039472  0.59148036] |
+-------+--------------------+-------------------+-------------------+------------------------------------+------------------------------------+------------------------------------+------------------------------------+
epoch: 23 s: 0 batch_loss 0.547171950340271 BPR_loss 0.5464475154876709 reg_loss 0.000724449404515326
epoch: 23 s: 256000 batch_loss 0.5719074010848999 BPR_loss 0.5711764097213745 reg_loss 0.0007309840293601155
epoch: 23 s: 512000 batch_loss 0.5663047432899475 BPR_loss 0.5655571222305298 reg_loss 0.0007476076716557145
epoch: 23 s: 768000 batch_loss 0.5701574087142944 BPR_loss 0.5694094896316528 reg_loss 0.0007478933548554778
epoch: 23 s: 1024000 batch_loss 0.5479071140289307 BPR_loss 0.5471428632736206 reg_loss 0.0007642310229130089
+-------+--------------------+-------------------+-------------------+------------------------------------+------------------------------------+------------------------------------+---------------------------------+
| Epoch |  training time(s)  |   tesing time(s)  |        Loss       |               recall               |                ndcg                |             precision              |            hit_ratio            |
+-------+--------------------+-------------------+-------------------+------------------------------------+------------------------------------+------------------------------------+---------------------------------+
|   23  | 212.54858589172363 | 47.94086718559265 | 340.0785827636719 | [0.05688198 0.09474666 0.12596835] | [0.04648708 0.06079436 0.07175672] | [0.02611943 0.02190066 0.01950549] | [0.3621637 0.5045156 0.5919856] |
+-------+--------------------+-------------------+-------------------+------------------------------------+------------------------------------+------------------------------------+---------------------------------+
epoch: 24 s: 0 batch_loss 0.5528958439826965 BPR_loss 0.5521348714828491 reg_loss 0.0007609960739500821
epoch: 24 s: 256000 batch_loss 0.5642918944358826 BPR_loss 0.5635225176811218 reg_loss 0.0007693754741922021
epoch: 24 s: 512000 batch_loss 0.55607670545578 BPR_loss 0.5552947521209717 reg_loss 0.0007819592137821019
epoch: 24 s: 768000 batch_loss 0.5657990574836731 BPR_loss 0.5650184154510498 reg_loss 0.0007806316134519875
epoch: 24 s: 1024000 batch_loss 0.5691653490066528 BPR_loss 0.5683720707893372 reg_loss 0.0007932921289466321
+-------+--------------------+-------------------+-------------------+------------------------------------+------------------------------------+------------------------------------+------------------------------------+
| Epoch |  training time(s)  |   tesing time(s)  |        Loss       |               recall               |                ndcg                |             precision              |             hit_ratio              |
+-------+--------------------+-------------------+-------------------+------------------------------------+------------------------------------+------------------------------------+------------------------------------+
|   24  | 214.89065289497375 | 46.20777249336243 | 337.5801696777344 | [0.05694086 0.09496616 0.1262374 ] | [0.04649096 0.06081961 0.07180393] | [0.02616206 0.02190066 0.01951865] | [0.3627321  0.50650499 0.59249084] |
+-------+--------------------+-------------------+-------------------+------------------------------------+------------------------------------+------------------------------------+------------------------------------+
Early stopping is trigger at step: 10 log:0.05694086283510996
early stopping at 24, recall@20:0.0585
