Namespace(K=1, Ks='[20, 40, 60]', alpha=0.7, batch_size=2048, batch_test_flag=True, context_hops=3, cuda=True, data_path='data/', dataset='ali', dim=64, edge_dropout=False, edge_dropout_rate=0.1, epoch=1000, gnn='lightgcn', gpu_id=1, l2=0.001, lr=0.001, mess_dropout=False, mess_dropout_rate=0.1, n_negs=32, ns='mixgcf', out_dir='./weights/yelp2018/', pool='mean', save=False, test_batch_size=2048, test_flag='part')
reading train and test user-item set ...
building the adj mat ...
loading over ...
卷积器不需要第0层embedding
拿这个最难的neg_item去和pos_item在每一个维度上进行softmax自适应权重,引入alpha超参数来控制模型倾向......
start training ...
epoch: 0 s: 0 batch_loss 0.6931473016738892 BPR_loss 0.6931470632553101 reg_loss 2.1088976609462406e-07
epoch: 0 s: 256000 batch_loss 0.6899055242538452 BPR_loss 0.6898099184036255 reg_loss 9.559364843880758e-05
epoch: 0 s: 512000 batch_loss 0.6770014762878418 BPR_loss 0.6763686537742615 reg_loss 0.0006328464369289577
+-------+-------------------+--------------------+--------------------+------------------------------------+------------------------------------+------------------------------------+------------------------------------+
| Epoch |  training time(s) |   tesing time(s)   |        Loss        |               recall               |                ndcg                |             precision              |             hit_ratio              |
+-------+-------------------+--------------------+--------------------+------------------------------------+------------------------------------+------------------------------------+------------------------------------+
|   0   | 42.09223008155823 | 139.12091898918152 | 244.79653930664062 | [0.03959228 0.06340963 0.08241895] | [0.0173639  0.02245866 0.02600417] | [0.00248263 0.001979   0.00172311] | [0.04772213 0.0756715  0.09785726] |
|   0   | 42.09223008155823 | 147.48673915863037 | 244.79653930664062 | [0.00356494 0.00670245 0.0098168 ] | [0.00141859 0.00207085 0.00263705] | [0.00018988 0.00018471 0.00018323] | [0.00373857 0.0072407  0.01074284] |
+-------+-------------------+--------------------+--------------------+------------------------------------+------------------------------------+------------------------------------+------------------------------------+
epoch: 1 s: 0 batch_loss 0.6679326295852661 BPR_loss 0.6668283939361572 reg_loss 0.0011042478727176785
epoch: 1 s: 256000 batch_loss 0.6619457006454468 BPR_loss 0.660489559173584 reg_loss 0.001456119236536324
epoch: 1 s: 512000 batch_loss 0.6517246961593628 BPR_loss 0.649648904800415 reg_loss 0.0020757876336574554
+-------+--------------------+--------------------+-------------------+------------------------------------+------------------------------------+------------------------------------+------------------------------------+
| Epoch |  training time(s)  |   tesing time(s)   |        Loss       |               recall               |                ndcg                |             precision              |             hit_ratio              |
+-------+--------------------+--------------------+-------------------+------------------------------------+------------------------------------+------------------------------------+------------------------------------+
|   1   | 44.224043130874634 | 144.57269620895386 | 236.3811798095703 | [0.04878038 0.07612612 0.09772729] | [0.02132027 0.02719064 0.03121852] | [0.00297695 0.00234267 0.00202094] | [0.05778777 0.08968066 0.11484474] |
|   1   | 44.224043130874634 | 151.19825387001038 | 236.3811798095703 | [0.00456423 0.00847076 0.01277466] | [0.00182858 0.00263395 0.00341621] | [0.00024234 0.00023052 0.00023569] | [0.00477295 0.00904349 0.01380166] |
+-------+--------------------+--------------------+-------------------+------------------------------------+------------------------------------+------------------------------------+------------------------------------+
epoch: 2 s: 0 batch_loss 0.6479753255844116 BPR_loss 0.6456556916236877 reg_loss 0.0023196309339255095
epoch: 2 s: 256000 batch_loss 0.6392322778701782 BPR_loss 0.6363762021064758 reg_loss 0.0028560906648635864
epoch: 2 s: 512000 batch_loss 0.6269538402557373 BPR_loss 0.6233429312705994 reg_loss 0.0036109040956944227
+-------+--------------------+--------------------+--------------------+------------------------------------+------------------------------------+------------------------------------+------------------------------------+
| Epoch |  training time(s)  |   tesing time(s)   |        Loss        |               recall               |                ndcg                |             precision              |             hit_ratio              |
+-------+--------------------+--------------------+--------------------+------------------------------------+------------------------------------+------------------------------------+------------------------------------+
|   2   | 44.161704301834106 | 141.57378816604614 | 226.83731079101562 | [0.05311988 0.08369257 0.1063613 ] | [0.02341625 0.02996655 0.03419419] | [0.00320859 0.00255398 0.00218227] | [0.06258618 0.09818819 0.12434504] |
|   2   | 44.161704301834106 | 145.45715427398682 | 226.83731079101562 | [0.00535406 0.00973296 0.01471339] | [0.00217255 0.00307152 0.00397677] | [0.00028446 0.00026155 0.00026894] | [0.00563001 0.01032908 0.01584088] |
+-------+--------------------+--------------------+--------------------+------------------------------------+------------------------------------+------------------------------------+------------------------------------+
epoch: 3 s: 0 batch_loss 0.6196391582489014 BPR_loss 0.6156619787216187 reg_loss 0.00397719768807292
epoch: 3 s: 256000 batch_loss 0.6056973338127136 BPR_loss 0.601058840751648 reg_loss 0.004638508893549442
epoch: 3 s: 512000 batch_loss 0.5982440114021301 BPR_loss 0.5932341814041138 reg_loss 0.005009837448596954
+-------+-------------------+--------------------+--------------------+------------------------------------+------------------------------------+------------------------------------+------------------------------------+
| Epoch |  training time(s) |   tesing time(s)   |        Loss        |               recall               |                ndcg                |             precision              |             hit_ratio              |
+-------+-------------------+--------------------+--------------------+------------------------------------+------------------------------------+------------------------------------+------------------------------------+
|   3   | 42.56424593925476 | 139.57024574279785 | 215.72210693359375 | [0.05695405 0.08845465 0.11175787] | [0.0253612  0.03211415 0.0364617 ] | [0.00340508 0.00268325 0.00228315] | [0.06658485 0.10331752 0.13035685] |
|   3   | 42.56424593925476 | 150.83223128318787 | 215.72210693359375 | [0.00603749 0.0108565  0.01625265] | [0.00251156 0.00350778 0.00448287] | [0.00031918 0.00029111 0.00029381] | [0.00632453 0.01151124 0.01733335] |
+-------+-------------------+--------------------+--------------------+------------------------------------+------------------------------------+------------------------------------+------------------------------------+
epoch: 4 s: 0 batch_loss 0.585591197013855 BPR_loss 0.5799375772476196 reg_loss 0.005653593689203262
epoch: 4 s: 256000 batch_loss 0.566701352596283 BPR_loss 0.5605419874191284 reg_loss 0.006159355863928795
epoch: 4 s: 512000 batch_loss 0.5652336478233337 BPR_loss 0.5584881901741028 reg_loss 0.006745433900505304
+-------+-------------------+--------------------+--------------------+------------------------------------+------------------------------------+------------------------------------+------------------------------------+
| Epoch |  training time(s) |   tesing time(s)   |        Loss        |               recall               |                ndcg                |             precision              |             hit_ratio              |
+-------+-------------------+--------------------+--------------------+------------------------------------+------------------------------------+------------------------------------+------------------------------------+
|   4   | 43.82301902770996 | 142.91594624519348 | 204.30215454101562 | [0.06030971 0.09160417 0.11599876] | [0.02670283 0.03340049 0.03794292] | [0.00357882 0.00276357 0.00235577] | [0.06988032 0.10661298 0.13485191] |
|   4   | 43.82301902770996 | 149.37910628318787 | 204.30215454101562 | [0.00681771 0.01235636 0.01796801] | [0.00281971 0.00396038 0.00497428] | [0.00035834 0.00032953 0.00032337] | [0.00710771 0.01304804 0.01912136] |
+-------+-------------------+--------------------+--------------------+------------------------------------+------------------------------------+------------------------------------+------------------------------------+
epoch: 5 s: 0 batch_loss 0.5578149557113647 BPR_loss 0.5504330396652222 reg_loss 0.007381925359368324
epoch: 5 s: 256000 batch_loss 0.5502021312713623 BPR_loss 0.5428590774536133 reg_loss 0.0073430598713457584
epoch: 5 s: 512000 batch_loss 0.535074770450592 BPR_loss 0.5268529653549194 reg_loss 0.008221820928156376
+-------+-------------------+--------------------+--------------------+------------------------------------+------------------------------------+------------------------------------+------------------------------------+
| Epoch |  training time(s) |   tesing time(s)   |        Loss        |               recall               |                ndcg                |             precision              |             hit_ratio              |
+-------+-------------------+--------------------+--------------------+------------------------------------+------------------------------------+------------------------------------+------------------------------------+
|   5   | 44.74514937400818 | 143.6498670578003  | 193.35317993164062 | [0.06374694 0.09534138 0.11956138] | [0.02825777 0.03501541 0.03952119] | [0.00376013 0.00286733 0.00242104] | [0.07356186 0.11072197 0.1387127 ] |
|   5   | 44.74514937400818 | 147.66355729103088 | 193.35317993164062 | [0.00753439 0.01389685 0.01961749] | [0.0031192  0.00442757 0.00545835] | [0.00039454 0.00036942 0.00035194] | [0.00783178 0.01462917 0.02085027] |
+-------+-------------------+--------------------+--------------------+------------------------------------+------------------------------------+------------------------------------+------------------------------------+
epoch: 6 s: 0 batch_loss 0.5253574848175049 BPR_loss 0.5167345404624939 reg_loss 0.008622926659882069
epoch: 6 s: 256000 batch_loss 0.5210239887237549 BPR_loss 0.5122345685958862 reg_loss 0.008789444342255592
epoch: 6 s: 512000 batch_loss 0.5111879706382751 BPR_loss 0.5016037225723267 reg_loss 0.009584223851561546
+-------+-------------------+--------------------+---------------+------------------------------------+------------------------------------+------------------------------------+------------------------------------+
| Epoch |  training time(s) |   tesing time(s)   |      Loss     |               recall               |                ndcg                |             precision              |             hit_ratio              |
+-------+-------------------+--------------------+---------------+------------------------------------+------------------------------------+------------------------------------+------------------------------------+
|   6   | 43.27235269546509 | 139.57910799980164 | 182.654296875 | [0.06545269 0.09701289 0.12035295] | [0.02908869 0.03584787 0.04019047] | [0.00385459 0.00291421 0.00242908] | [0.07534058 0.11252827 0.13938834] |
|   6   | 43.27235269546509 | 148.7103455066681  | 182.654296875 | [0.00831018 0.01476253 0.02073536] | [0.00340273 0.00473226 0.00580738] | [0.00043592 0.00039233 0.00037189] | [0.00865929 0.01554534 0.02201764] |
+-------+-------------------+--------------------+---------------+------------------------------------+------------------------------------+------------------------------------+------------------------------------+
epoch: 7 s: 0 batch_loss 0.4844595193862915 BPR_loss 0.4741300046443939 reg_loss 0.010329504497349262
epoch: 7 s: 256000 batch_loss 0.49195408821105957 BPR_loss 0.4816564619541168 reg_loss 0.010297621600329876
epoch: 7 s: 512000 batch_loss 0.48045459389686584 BPR_loss 0.4692736268043518 reg_loss 0.011180974543094635
+-------+-------------------+-------------------+--------------------+------------------------------------+------------------------------------+------------------------------------+------------------------------------+
| Epoch |  training time(s) |   tesing time(s)  |        Loss        |               recall               |                ndcg                |             precision              |             hit_ratio              |
+-------+-------------------+-------------------+--------------------+------------------------------------+------------------------------------+------------------------------------+------------------------------------+
|   7   | 43.75155687332153 | 141.2229232788086 | 173.09413146972656 | [0.06661827 0.0983868  0.12210089] | [0.029614   0.03641956 0.04084038] | [0.00391181 0.00294523 0.00246148] | [0.0765126  0.11378302 0.14120843] |
|   7   | 43.75155687332153 | 152.4128541946411 | 173.09413146972656 | [0.00889449 0.01562329 0.0221638 ] | [0.00362307 0.00500947 0.00619015] | [0.00046695 0.00041486 0.00039775] | [0.0092947  0.01643196 0.02356922] |
+-------+-------------------+-------------------+--------------------+------------------------------------+------------------------------------+------------------------------------+------------------------------------+
epoch: 8 s: 0 batch_loss 0.4744335412979126 BPR_loss 0.46327006816864014 reg_loss 0.011163481511175632
epoch: 8 s: 256000 batch_loss 0.45610329508781433 BPR_loss 0.4439447224140167 reg_loss 0.012158580124378204
epoch: 8 s: 512000 batch_loss 0.4499920606613159 BPR_loss 0.4374468922615051 reg_loss 0.012545173987746239
+-------+--------------------+-------------------+--------------------+------------------------------------+------------------------------------+------------------------------------+------------------------------------+
| Epoch |  training time(s)  |   tesing time(s)  |        Loss        |               recall               |                ndcg                |             precision              |             hit_ratio              |
+-------+--------------------+-------------------+--------------------+------------------------------------+------------------------------------+------------------------------------+------------------------------------+
|   8   | 43.409613847732544 | 140.8789517879486 | 164.20790100097656 | [0.06795375 0.0999552  0.1235795 ] | [0.03036244 0.03721931 0.04161507] | [0.00398489 0.00298867 0.00248653] | [0.0779604  0.11550659 0.14265622] |
|   8   | 43.409613847732544 | 155.2545735836029 | 164.20790100097656 | [0.00930824 0.01667492 0.02324498] | [0.00380753 0.00532605 0.00651215] | [0.00048764 0.00044146 0.00041646] | [0.00969367 0.01751068 0.02469227] |
+-------+--------------------+-------------------+--------------------+------------------------------------+------------------------------------+------------------------------------+------------------------------------+
epoch: 9 s: 0 batch_loss 0.44807547330856323 BPR_loss 0.4354515075683594 reg_loss 0.012623950839042664
epoch: 9 s: 256000 batch_loss 0.4460921883583069 BPR_loss 0.43268102407455444 reg_loss 0.013411176390945911
epoch: 9 s: 512000 batch_loss 0.4363783895969391 BPR_loss 0.42282605171203613 reg_loss 0.013552328571677208
+-------+-------------------+--------------------+-------------------+------------------------------------+------------------------------------+------------------------------------+------------------------------------+
| Epoch |  training time(s) |   tesing time(s)   |        Loss       |               recall               |                ndcg                |             precision              |             hit_ratio              |
+-------+-------------------+--------------------+-------------------+------------------------------------+------------------------------------+------------------------------------+------------------------------------+
|   9   | 43.31131720542908 | 142.25952768325806 | 156.1038818359375 | [0.06897215 0.10136591 0.12445659] | [0.03092455 0.03786027 0.04216338] | [0.00404073 0.00302348 0.00250239] | [0.07916    0.11688544 0.14348354] |
|   9   | 43.31131720542908 | 149.8847839832306  | 156.1038818359375 | [0.00978468 0.01756954 0.02433047] | [0.00404442 0.00565187 0.00687221] | [0.00051276 0.00046547 0.00043543] | [0.01021087 0.01847118 0.02585965] |
+-------+-------------------+--------------------+-------------------+------------------------------------+------------------------------------+------------------------------------+------------------------------------+
epoch: 10 s: 0 batch_loss 0.41600501537323 BPR_loss 0.4019777774810791 reg_loss 0.014027231372892857
epoch: 10 s: 256000 batch_loss 0.41679149866104126 BPR_loss 0.40230607986450195 reg_loss 0.01448541134595871
epoch: 10 s: 512000 batch_loss 0.4103018641471863 BPR_loss 0.3952605724334717 reg_loss 0.015041305683553219
+-------+------------------+--------------------+--------------------+------------------------------------+------------------------------------+------------------------------------+------------------------------------+
| Epoch | training time(s) |   tesing time(s)   |        Loss        |               recall               |                ndcg                |             precision              |             hit_ratio              |
+-------+------------------+--------------------+--------------------+------------------------------------+------------------------------------+------------------------------------+------------------------------------+
|   10  | 43.4884307384491 | 143.24635004997253 | 148.56405639648438 | [0.07010444 0.10208971 0.12522888] | [0.03144479 0.03829052 0.04259601] | [0.00410416 0.00304416 0.00251296] | [0.08037339 0.11771276 0.14428327] |
|   10  | 43.4884307384491 | 147.7100009918213  | 148.56405639648438 | [0.01031418 0.01842167 0.02533013] | [0.00424176 0.00591712 0.00716775] | [0.00054084 0.00048764 0.00045439] | [0.01077239 0.01935779 0.02696792] |
+-------+------------------+--------------------+--------------------+------------------------------------+------------------------------------+------------------------------------+------------------------------------+
epoch: 11 s: 0 batch_loss 0.41246554255485535 BPR_loss 0.39758750796318054 reg_loss 0.014878020621836185
epoch: 11 s: 256000 batch_loss 0.3988652527332306 BPR_loss 0.38337278366088867 reg_loss 0.015492466278374195
epoch: 11 s: 512000 batch_loss 0.38703882694244385 BPR_loss 0.37118372321128845 reg_loss 0.01585509441792965
+-------+--------------------+-------------------+-------------------+------------------------------------+------------------------------------+------------------------------------+------------------------------------+
| Epoch |  training time(s)  |   tesing time(s)  |        Loss       |               recall               |                ndcg                |             precision              |             hit_ratio              |
+-------+--------------------+-------------------+-------------------+------------------------------------+------------------------------------+------------------------------------+------------------------------------+
|   11  | 43.499842166900635 |  139.640958070755 | 141.8801727294922 | [0.0705917  0.10275673 0.1252865 ] | [0.0318266  0.0387139  0.04291175] | [0.00412898 0.0030614  0.0025125 ] | [0.08086978 0.1183884  0.14435221] |
|   11  | 43.499842166900635 | 146.1495442390442 | 141.8801727294922 | [0.01088556 0.01901768 0.02608622] | [0.00442168 0.00610477 0.00738429] | [0.00057039 0.00050315 0.0004672 ] | [0.01136347 0.01997843 0.02772154] |
+-------+--------------------+-------------------+-------------------+------------------------------------+------------------------------------+------------------------------------+------------------------------------+
epoch: 12 s: 0 batch_loss 0.3874457776546478 BPR_loss 0.37076181173324585 reg_loss 0.016683977097272873
epoch: 12 s: 256000 batch_loss 0.37692517042160034 BPR_loss 0.36041054129600525 reg_loss 0.016514619812369347
epoch: 12 s: 512000 batch_loss 0.3783528506755829 BPR_loss 0.3616642355918884 reg_loss 0.016688618808984756
+-------+-------------------+--------------------+--------------------+------------------------------------+------------------------------------+------------------------------------+------------------------------------+
| Epoch |  training time(s) |   tesing time(s)   |        Loss        |               recall               |                ndcg                |             precision              |             hit_ratio              |
+-------+-------------------+--------------------+--------------------+------------------------------------+------------------------------------+------------------------------------+------------------------------------+
|   12  | 43.32962393760681 | 142.14121437072754 | 135.65676879882812 | [0.07132287 0.10315746 0.12585183] | [0.03216317 0.03897281 0.0432005 ] | [0.00417034 0.00306761 0.00252192] | [0.08165573 0.11870553 0.14494512] |
|   12  | 43.32962393760681 | 151.5884735584259  | 135.65676879882812 | [0.01154313 0.01961171 0.02683861] | [0.0046349  0.00630989 0.00761687] | [0.0006029  0.00051941 0.0004805 ] | [0.01201365 0.02061383 0.02856383] |
+-------+-------------------+--------------------+--------------------+------------------------------------+------------------------------------+------------------------------------+------------------------------------+
epoch: 13 s: 0 batch_loss 0.36708077788352966 BPR_loss 0.34961259365081787 reg_loss 0.017468171194195747
epoch: 13 s: 256000 batch_loss 0.3692885935306549 BPR_loss 0.3515254259109497 reg_loss 0.017763178795576096
epoch: 13 s: 512000 batch_loss 0.35894784331321716 BPR_loss 0.3407684862613678 reg_loss 0.018179355189204216
+-------+--------------------+--------------------+--------------------+------------------------------------+------------------------------------+------------------------------------+------------------------------------+
| Epoch |  training time(s)  |   tesing time(s)   |        Loss        |               recall               |                ndcg                |             precision              |             hit_ratio              |
+-------+--------------------+--------------------+--------------------+------------------------------------+------------------------------------+------------------------------------+------------------------------------+
|   13  | 43.993454694747925 | 144.55958485603333 | 129.97152709960938 | [0.07156363 0.10377312 0.12596304] | [0.03242418 0.03931663 0.04345139] | [0.00418551 0.00308346 0.00252399] | [0.08201423 0.1192295  0.14500028] |
|   13  | 43.993454694747925 | 147.5705189704895  | 129.97152709960938 | [0.01210219 0.02014122 0.02774   ] | [0.00483463 0.00650357 0.00787965] | [0.00063245 0.00053271 0.00049724] | [0.01260473 0.02113103 0.02953911] |
+-------+--------------------+--------------------+--------------------+------------------------------------+------------------------------------+------------------------------------+------------------------------------+
epoch: 14 s: 0 batch_loss 0.3496202230453491 BPR_loss 0.33115217089653015 reg_loss 0.018468059599399567
epoch: 14 s: 256000 batch_loss 0.3491205871105194 BPR_loss 0.3304417133331299 reg_loss 0.018678881227970123
epoch: 14 s: 512000 batch_loss 0.35003551840782166 BPR_loss 0.3310123085975647 reg_loss 0.01902320235967636
+-------+-------------------+--------------------+--------------------+------------------------------------+------------------------------------+------------------------------------+------------------------------------+
| Epoch |  training time(s) |   tesing time(s)   |        Loss        |               recall               |                ndcg                |             precision              |             hit_ratio              |
+-------+-------------------+--------------------+--------------------+------------------------------------+------------------------------------+------------------------------------+------------------------------------+
|   14  | 43.40174913406372 | 146.53023743629456 | 124.88426208496094 | [0.07185441 0.10398832 0.12581319] | [0.03263238 0.0394996  0.0435667 ] | [0.00420137 0.00308829 0.00251986] | [0.08229    0.11947769 0.14480724] |
|   14  | 43.40174913406372 | 159.97349858283997 | 124.88426208496094 | [0.01246731 0.02103079 0.02846407] | [0.00500779 0.0067754  0.00811763] | [0.0006524  0.00055672 0.0005098 ] | [0.01300371 0.02210631 0.03029273] |
+-------+-------------------+--------------------+--------------------+------------------------------------+------------------------------------+------------------------------------+------------------------------------+
epoch: 15 s: 0 batch_loss 0.3357500433921814 BPR_loss 0.31635355949401855 reg_loss 0.019396470859646797
epoch: 15 s: 256000 batch_loss 0.3333558440208435 BPR_loss 0.31406068801879883 reg_loss 0.01929515227675438
epoch: 15 s: 512000 batch_loss 0.337074339389801 BPR_loss 0.3169689178466797 reg_loss 0.020105412229895592
+-------+-------------------+--------------------+-------------------+------------------------------------+------------------------------------+------------------------------------+------------------------------------+
| Epoch |  training time(s) |   tesing time(s)   |        Loss       |               recall               |                ndcg                |             precision              |             hit_ratio              |
+-------+-------------------+--------------------+-------------------+------------------------------------+------------------------------------+------------------------------------+------------------------------------+
|   15  | 44.09995079040527 | 148.21453094482422 | 120.0152816772461 | [0.07204249 0.10415441 0.12554958] | [0.03285201 0.03971232 0.0437047 ] | [0.00421033 0.0030907  0.00251365] | [0.08244167 0.119588   0.14451768] |
|   15  | 44.09995079040527 | 149.90373849868774 | 120.0152816772461 | [0.0126982  0.02139529 0.02904395] | [0.0051299  0.00693214 0.00831257] | [0.00066644 0.00056707 0.00051941] | [0.01328447 0.02250528 0.03086903] |
+-------+-------------------+--------------------+-------------------+------------------------------------+------------------------------------+------------------------------------+------------------------------------+
epoch: 16 s: 0 batch_loss 0.32197096943855286 BPR_loss 0.3016377091407776 reg_loss 0.020333265885710716
epoch: 16 s: 256000 batch_loss 0.327637255191803 BPR_loss 0.30685150623321533 reg_loss 0.020785760134458542
epoch: 16 s: 512000 batch_loss 0.316456139087677 BPR_loss 0.2957393527030945 reg_loss 0.020716771483421326
+-------+--------------------+--------------------+--------------------+------------------------------------+------------------------------------+------------------------------------+------------------------------------+
| Epoch |  training time(s)  |   tesing time(s)   |        Loss        |               recall               |                ndcg                |             precision              |             hit_ratio              |
+-------+--------------------+--------------------+--------------------+------------------------------------+------------------------------------+------------------------------------+------------------------------------+
|   16  | 44.556517124176025 | 154.34650015830994 | 115.67530059814453 | [0.07274875 0.1040019  0.12569421] | [0.03322215 0.03989925 0.04394492] | [0.00425101 0.00308725 0.00251618] | [0.08318626 0.11943632 0.14458662] |
|   16  | 44.556517124176025 | 152.4938769340515  | 115.67530059814453 | [0.01313966 0.02180412 0.0296695 ] | [0.00529217 0.00708605 0.00850746] | [0.00068861 0.00057704 0.00053   ] | [0.01372778 0.02290426 0.03150444] |
+-------+--------------------+--------------------+--------------------+------------------------------------+------------------------------------+------------------------------------+------------------------------------+
epoch: 17 s: 0 batch_loss 0.314927339553833 BPR_loss 0.29370957612991333 reg_loss 0.02121775783598423
epoch: 17 s: 256000 batch_loss 0.3080625832080841 BPR_loss 0.2867245376110077 reg_loss 0.02133803814649582
epoch: 17 s: 512000 batch_loss 0.309586763381958 BPR_loss 0.2877722978591919 reg_loss 0.02181447297334671
+-------+-------------------+--------------------+--------------------+------------------------------------+------------------------------------+------------------------------------+------------------------------------+
| Epoch |  training time(s) |   tesing time(s)   |        Loss        |               recall               |                ndcg                |             precision              |             hit_ratio              |
+-------+-------------------+--------------------+--------------------+------------------------------------+------------------------------------+------------------------------------+------------------------------------+
|   17  | 44.80644130706787 | 150.95819687843323 | 111.97229766845703 | [0.07266596 0.10368729 0.12527336] | [0.03333343 0.0399721  0.04399568] | [0.00424135 0.00307691 0.00250538] | [0.08304837 0.11903646 0.14399371] |
|   17  | 44.80644130706787 | 152.61336755752563 | 111.97229766845703 | [0.0135677  0.02226282 0.0301399 ] | [0.00544558 0.00724616 0.00867196] | [0.00070929 0.00058923 0.00053887] | [0.01414153 0.02343623 0.03203641] |
+-------+-------------------+--------------------+--------------------+------------------------------------+------------------------------------+------------------------------------+------------------------------------+
epoch: 18 s: 0 batch_loss 0.30333489179611206 BPR_loss 0.28125888109207153 reg_loss 0.022076010704040527
epoch: 18 s: 256000 batch_loss 0.3077349066734314 BPR_loss 0.28529486060142517 reg_loss 0.022440055385231972
epoch: 18 s: 512000 batch_loss 0.30614057183265686 BPR_loss 0.2838735580444336 reg_loss 0.02226700820028782
+-------+-------------------+--------------------+-------------------+------------------------------------+------------------------------------+------------------------------------+------------------------------------+
| Epoch |  training time(s) |   tesing time(s)   |        Loss       |               recall               |                ndcg                |             precision              |             hit_ratio              |
+-------+-------------------+--------------------+-------------------+------------------------------------+------------------------------------+------------------------------------+------------------------------------+
|   18  | 43.62680768966675 | 144.3818130493164  | 108.2707290649414 | [0.07240065 0.1032517  0.12528584] | [0.03335698 0.03998054 0.04407855] | [0.00422412 0.00306692 0.00250262] | [0.08266229 0.11867795 0.14397992] |
|   18  | 43.62680768966675 | 151.15083599090576 | 108.2707290649414 | [0.01387493 0.02274799 0.03076929] | [0.00557245 0.00740979 0.00885889] | [0.00072629 0.0006029  0.00055093] |  [0.0144814 0.0239682 0.0327457]   |
+-------+-------------------+--------------------+-------------------+------------------------------------+------------------------------------+------------------------------------+------------------------------------+
epoch: 19 s: 0 batch_loss 0.29373663663864136 BPR_loss 0.2707701325416565 reg_loss 0.022966505959630013
epoch: 19 s: 256000 batch_loss 0.28597772121429443 BPR_loss 0.2626872658729553 reg_loss 0.023290462791919708
epoch: 19 s: 512000 batch_loss 0.28918349742889404 BPR_loss 0.2659494876861572 reg_loss 0.02323402464389801
+-------+------------------+--------------------+-------------------+------------------------------------+------------------------------------+------------------------------------+------------------------------------+
| Epoch | training time(s) |   tesing time(s)   |        Loss       |               recall               |                ndcg                |             precision              |             hit_ratio              |
+-------+------------------+--------------------+-------------------+------------------------------------+------------------------------------+------------------------------------+------------------------------------+
|   19  | 43.3281512260437 | 153.47862935066223 | 104.9484634399414 | [0.07257222 0.10342268 0.1250926 ] | [0.03345454 0.04005945 0.0440984 ] | [0.00423653 0.00306761 0.00249917] | [0.08286912 0.11877447 0.14380067] |
|   19  | 43.3281512260437 | 154.4806478023529  | 104.9484634399414 |  [0.0140461 0.0231088 0.0311333]   | [0.00562814 0.00750445 0.00895473] | [0.00073589 0.0006125  0.00055734] | [0.01464395 0.02433762 0.03311513] |
+-------+------------------+--------------------+-------------------+------------------------------------+------------------------------------+------------------------------------+------------------------------------+
epoch: 20 s: 0 batch_loss 0.2876741290092468 BPR_loss 0.26423317193984985 reg_loss 0.023440968245267868
epoch: 20 s: 256000 batch_loss 0.2925253212451935 BPR_loss 0.26886773109436035 reg_loss 0.02365758642554283
epoch: 20 s: 512000 batch_loss 0.27785587310791016 BPR_loss 0.2536960244178772 reg_loss 0.02415984869003296
+-------+-------------------+--------------------+--------------------+------------------------------------+------------------------------------+------------------------------------+------------------------------------+
| Epoch |  training time(s) |   tesing time(s)   |        Loss        |               recall               |                ndcg                |             precision              |             hit_ratio              |
+-------+-------------------+--------------------+--------------------+------------------------------------+------------------------------------+------------------------------------+------------------------------------+
|   20  | 45.58744955062866 | 150.81925916671753 | 101.95258331298828 | [0.07282047 0.10328933 0.12517776] | [0.0335465  0.04007503 0.044144  ] | [0.00424825 0.00306623 0.00249917] | [0.08308974 0.11856765 0.14382825] |
|   20  | 45.58744955062866 | 149.76098084449768 | 101.95258331298828 | [0.01427268 0.02360629 0.03152981] | [0.00571314 0.00764101 0.009074  ] | [0.00074771 0.00062543 0.00056522] | [0.01488038 0.02484004 0.03360277] |
+-------+-------------------+--------------------+--------------------+------------------------------------+------------------------------------+------------------------------------+------------------------------------+
epoch: 21 s: 0 batch_loss 0.28662431240081787 BPR_loss 0.2623383402824402 reg_loss 0.024285977706313133
epoch: 21 s: 256000 batch_loss 0.29224514961242676 BPR_loss 0.2677361071109772 reg_loss 0.02450903132557869
epoch: 21 s: 512000 batch_loss 0.27603232860565186 BPR_loss 0.25151437520980835 reg_loss 0.02451794594526291
+-------+--------------------+--------------------+-------------------+------------------------------------+------------------------------------+------------------------------------+------------------------------------+
| Epoch |  training time(s)  |   tesing time(s)   |        Loss       |               recall               |                ndcg                |             precision              |             hit_ratio              |
+-------+--------------------+--------------------+-------------------+------------------------------------+------------------------------------+------------------------------------+------------------------------------+
|   21  | 43.426440954208374 | 158.6387505531311  | 99.14328002929688 | [0.072566   0.10308264 0.12456453] | [0.03361754 0.040157   0.044164  ] | [0.00423308 0.00305588 0.00248883] | [0.0827726  0.11822293 0.14320777] |
|   21  | 43.426440954208374 | 149.18217086791992 | 99.14328002929688 | [0.01432932 0.02381809 0.03193345] | [0.0057805  0.00774546 0.00921351] | [0.00075215 0.00063171 0.00057261] | [0.01496904 0.02509125 0.03404607] |
+-------+--------------------+--------------------+-------------------+------------------------------------+------------------------------------+------------------------------------+------------------------------------+
epoch: 22 s: 0 batch_loss 0.2718472182750702 BPR_loss 0.2466982901096344 reg_loss 0.025148916989564896
epoch: 22 s: 256000 batch_loss 0.26843756437301636 BPR_loss 0.24299755692481995 reg_loss 0.025440003722906113
epoch: 22 s: 512000 batch_loss 0.2651796042919159 BPR_loss 0.2395137995481491 reg_loss 0.025665810331702232
+-------+-------------------+--------------------+-------------------+------------------------------------+------------------------------------+------------------------------------+------------------------------------+
| Epoch |  training time(s) |   tesing time(s)   |        Loss       |               recall               |                ndcg                |             precision              |             hit_ratio              |
+-------+-------------------+--------------------+-------------------+------------------------------------+------------------------------------+------------------------------------+------------------------------------+
|   22  | 43.44033479690552 | 151.79288697242737 | 96.54202270507812 | [0.07265878 0.10273762 0.1242593 ] | [0.03367353 0.04010612 0.04411818] | [0.00423929 0.0030452  0.00248217] | [0.0828967  0.11779549 0.14276653] |
|   22  | 43.44033479690552 | 149.86687064170837 | 96.54202270507812 | [0.01476524 0.024089   0.03217235] | [0.00593917 0.00786511 0.00932817] | [0.00077431 0.0006391  0.00057704] | [0.01541235 0.02540156 0.03429728] |
+-------+-------------------+--------------------+-------------------+------------------------------------+------------------------------------+------------------------------------+------------------------------------+
epoch: 23 s: 0 batch_loss 0.2695086896419525 BPR_loss 0.24393261969089508 reg_loss 0.025576071813702583
epoch: 23 s: 256000 batch_loss 0.26101189851760864 BPR_loss 0.234852597117424 reg_loss 0.02615930698812008
epoch: 23 s: 512000 batch_loss 0.2550893723964691 BPR_loss 0.2289293259382248 reg_loss 0.02616005390882492
+-------+-------------------+--------------------+-------------------+------------------------------------+------------------------------------+------------------------------------+------------------------------------+
| Epoch |  training time(s) |   tesing time(s)   |        Loss       |               recall               |                ndcg                |             precision              |             hit_ratio              |
+-------+-------------------+--------------------+-------------------+------------------------------------+------------------------------------+------------------------------------+------------------------------------+
|   23  | 42.33418655395508 | 161.49258971214294 | 94.23409271240234 | [0.0724793  0.10254205 0.12388919] | [0.03367863 0.04010473 0.0440871 ] | [0.00423653 0.0030383  0.00247435] | [0.08281397 0.11756108 0.14233909] |
|   23  | 42.33418655395508 | 154.0754063129425  | 94.23409271240234 | [0.0147948  0.02429588 0.03233824] | [0.00602061 0.00798777 0.0094454 ] | [0.00077653 0.00064464 0.00058049] | [0.01545668 0.02560844 0.03450416] |
+-------+-------------------+--------------------+-------------------+------------------------------------+------------------------------------+------------------------------------+------------------------------------+
epoch: 24 s: 0 batch_loss 0.2662285566329956 BPR_loss 0.2396705448627472 reg_loss 0.026558024808764458
epoch: 24 s: 256000 batch_loss 0.2553755044937134 BPR_loss 0.22887790203094482 reg_loss 0.02649761363863945
epoch: 24 s: 512000 batch_loss 0.2572508752346039 BPR_loss 0.2306496798992157 reg_loss 0.02660120278596878
+-------+------------------+--------------------+-------------------+------------------------------------+------------------------------------+------------------------------------+------------------------------------+
| Epoch | training time(s) |   tesing time(s)   |        Loss       |               recall               |                ndcg                |             precision              |             hit_ratio              |
+-------+------------------+--------------------+-------------------+------------------------------------+------------------------------------+------------------------------------+------------------------------------+
|   24  | 42.855708360672  | 157.32121062278748 | 92.02417755126953 | [0.07246442 0.10238187 0.12358381] | [0.03376847 0.04017181 0.04411841] | [0.00422757 0.00303417 0.00246562] | [0.08256577 0.11739562 0.14189785] |
|   24  | 42.855708360672  | 147.13783717155457 | 92.02417755126953 | [0.01484898 0.02467023 0.03248573] | [0.00607162 0.00810278 0.00951955] | [0.00077801 0.00065499 0.00058344] | [0.01548624 0.02602219 0.03466671] |
+-------+------------------+--------------------+-------------------+------------------------------------+------------------------------------+------------------------------------+------------------------------------+
epoch: 25 s: 0 batch_loss 0.24129819869995117 BPR_loss 0.21439501643180847 reg_loss 0.026903185993433
epoch: 25 s: 256000 batch_loss 0.2587774991989136 BPR_loss 0.23135404288768768 reg_loss 0.027423454448580742
epoch: 25 s: 512000 batch_loss 0.2540779709815979 BPR_loss 0.22643795609474182 reg_loss 0.02764001302421093
+-------+--------------------+--------------------+-------------------+------------------------------------+------------------------------------+------------------------------------+------------------------------------+
| Epoch |  training time(s)  |   tesing time(s)   |        Loss       |               recall               |                ndcg                |             precision              |             hit_ratio              |
+-------+--------------------+--------------------+-------------------+------------------------------------+------------------------------------+------------------------------------+------------------------------------+
|   25  | 42.057859659194946 | 155.93155598640442 | 90.08016204833984 | [0.0724229  0.10192959 0.12298807] | [0.03381845 0.04013289 0.04406227] | [0.00422757 0.00302072 0.00245712] | [0.08262093 0.11684408 0.14127737] |
|   25  | 42.057859659194946 | 147.1539614200592  | 90.08016204833984 | [0.01493703 0.02491158 0.03275432] | [0.0061303  0.00819402 0.00961474] | [0.00078466 0.00066238 0.00058886] | [0.01561923 0.02630296 0.03500658] |
+-------+--------------------+--------------------+-------------------+------------------------------------+------------------------------------+------------------------------------+------------------------------------+
epoch: 26 s: 0 batch_loss 0.2505715489387512 BPR_loss 0.22318479418754578 reg_loss 0.027386758476495743
epoch: 26 s: 256000 batch_loss 0.2484901398420334 BPR_loss 0.22079575061798096 reg_loss 0.02769438736140728
epoch: 26 s: 512000 batch_loss 0.2403012365102768 BPR_loss 0.21236225962638855 reg_loss 0.027938976883888245
+-------+-------------------+--------------------+-------------------+------------------------------------+------------------------------------+------------------------------------+------------------------------------+
| Epoch |  training time(s) |   tesing time(s)   |        Loss       |               recall               |                ndcg                |             precision              |             hit_ratio              |
+-------+-------------------+--------------------+-------------------+------------------------------------+------------------------------------+------------------------------------+------------------------------------+
|   26  | 42.54128122329712 | 155.95813822746277 | 88.23135375976562 | [0.07239697 0.10203678 0.12249673] | [0.03386465 0.04019852 0.04401192] | [0.00422757 0.00302417 0.00244609] | [0.08259335 0.11691302 0.14061552] |
|   26  | 42.54128122329712 | 151.85736227035522 | 88.23135375976562 | [0.01503123 0.02494853 0.03285899] | [0.0062009  0.00825637 0.00969239] | [0.00078761 0.00066348 0.00059132] | [0.01567834 0.02634729 0.03515435] |
+-------+-------------------+--------------------+-------------------+------------------------------------+------------------------------------+------------------------------------+------------------------------------+
epoch: 27 s: 0 batch_loss 0.22942832112312317 BPR_loss 0.20110294222831726 reg_loss 0.02832537330687046
epoch: 27 s: 256000 batch_loss 0.23977616429328918 BPR_loss 0.2115727812051773 reg_loss 0.028203384950757027
epoch: 27 s: 512000 batch_loss 0.24232396483421326 BPR_loss 0.21371087431907654 reg_loss 0.02861308492720127
+-------+-------------------+--------------------+-------------------+------------------------------------+------------------------------------+------------------------------------+------------------------------------+
| Epoch |  training time(s) |   tesing time(s)   |        Loss       |               recall               |                ndcg                |             precision              |             hit_ratio              |
+-------+-------------------+--------------------+-------------------+------------------------------------+------------------------------------+------------------------------------+------------------------------------+
|   27  | 42.07944917678833 | 162.44146704673767 | 86.47815704345703 | [0.07185195 0.10135961 0.12216115] | [0.03367761 0.03998572 0.04385802] | [0.0041993  0.0030028  0.00243735] | [0.0820556  0.11614086 0.14021565] |
|   27  | 42.07944917678833 | 150.8339741230011  | 86.47815704345703 | [0.01526027 0.02510368 0.03306548] | [0.00628018 0.00831565 0.00976319] | [0.00080091 0.00066755 0.00059625] | [0.01594432 0.02650983 0.03546466] |
+-------+-------------------+--------------------+-------------------+------------------------------------+------------------------------------+------------------------------------+------------------------------------+
epoch: 28 s: 0 batch_loss 0.23971524834632874 BPR_loss 0.21116004884243011 reg_loss 0.028555206954479218
epoch: 28 s: 256000 batch_loss 0.23711034655570984 BPR_loss 0.2084767371416092 reg_loss 0.0286336038261652
epoch: 28 s: 512000 batch_loss 0.2362186759710312 BPR_loss 0.2072623074054718 reg_loss 0.028956374153494835
+-------+------------------+--------------------+-------------------+------------------------------------+------------------------------------+------------------------------------+------------------------------------+
| Epoch | training time(s) |   tesing time(s)   |        Loss       |               recall               |                ndcg                |             precision              |             hit_ratio              |
+-------+------------------+--------------------+-------------------+------------------------------------+------------------------------------+------------------------------------+------------------------------------+
|   28  | 43.2655303478241 | 164.63186407089233 | 84.82475280761719 | [0.0721183  0.10109189 0.1217447 ] | [0.03373937 0.03993179 0.04377414] | [0.00421309 0.00299694 0.00242908] | [0.08227621 0.11590646 0.13970548] |
|   28  | 43.2655303478241 |  149.991760969162  | 84.82475280761719 | [0.01541358 0.02517757 0.03306216] | [0.00634938 0.00836845 0.00980142] | [0.00080608 0.0006694  0.0005965 ] | [0.01604776 0.0265985  0.03547944] |
+-------+------------------+--------------------+-------------------+------------------------------------+------------------------------------+------------------------------------+------------------------------------+
epoch: 29 s: 0 batch_loss 0.2390982210636139 BPR_loss 0.2096153050661087 reg_loss 0.029482919722795486
epoch: 29 s: 256000 batch_loss 0.22760629653930664 BPR_loss 0.19789576530456543 reg_loss 0.02971052937209606
epoch: 29 s: 512000 batch_loss 0.23377108573913574 BPR_loss 0.2043711096048355 reg_loss 0.02939997985959053
+-------+-------------------+--------------------+-------------------+------------------------------------+------------------------------------+------------------------------------+------------------------------------+
| Epoch |  training time(s) |   tesing time(s)   |        Loss       |               recall               |                ndcg                |             precision              |             hit_ratio              |
+-------+-------------------+--------------------+-------------------+------------------------------------+------------------------------------+------------------------------------+------------------------------------+
|   29  | 42.33411431312561 | 158.43848967552185 | 83.37052917480469 | [0.07165822 0.10070876 0.12119069] | [0.03353852 0.03975829 0.04356613] | [0.00418413 0.00298798 0.00241828] | [0.08177982 0.11550659 0.13905742] |
|   29  | 42.33411431312561 | 149.62826418876648 | 83.37052917480469 | [0.01554411 0.02521993 0.03326091] | [0.00637296 0.00837699 0.00983563] | [0.00081421 0.00067161 0.00060019] | [0.01621031 0.02668716 0.03567154] |
+-------+-------------------+--------------------+-------------------+------------------------------------+------------------------------------+------------------------------------+------------------------------------+
epoch: 30 s: 0 batch_loss 0.22789202630519867 BPR_loss 0.1986161768436432 reg_loss 0.02927584759891033
epoch: 30 s: 256000 batch_loss 0.22684645652770996 BPR_loss 0.19716596603393555 reg_loss 0.029680490493774414
epoch: 30 s: 512000 batch_loss 0.22674281895160675 BPR_loss 0.1965959668159485 reg_loss 0.030146852135658264
+-------+--------------------+--------------------+------------------+------------------------------------+------------------------------------+------------------------------------+------------------------------------+
| Epoch |  training time(s)  |   tesing time(s)   |       Loss       |               recall               |                ndcg                |             precision              |             hit_ratio              |
+-------+--------------------+--------------------+------------------+------------------------------------+------------------------------------+------------------------------------+------------------------------------+
|   30  | 42.739962339401245 | 160.84344792366028 | 81.9721450805664 | [0.07134095 0.10049331 0.1204978 ] | [0.03341697 0.03965534 0.04337869] | [0.00416621 0.0029797  0.00240541] | [0.08137996 0.11521703 0.13831283] |
|   30  | 42.739962339401245 | 149.12105679512024 | 81.9721450805664 | [0.01571405 0.02511783 0.03327801] | [0.00645062 0.00839862 0.00988432] | [0.00082308 0.00066718 0.00060019] | [0.01638763 0.02652461 0.03570109] |
+-------+--------------------+--------------------+------------------+------------------------------------+------------------------------------+------------------------------------+------------------------------------+
epoch: 31 s: 0 batch_loss 0.23518383502960205 BPR_loss 0.20480650663375854 reg_loss 0.030377322807908058
epoch: 31 s: 256000 batch_loss 0.2270403951406479 BPR_loss 0.1966686099767685 reg_loss 0.030371785163879395
epoch: 31 s: 512000 batch_loss 0.23162616789340973 BPR_loss 0.20130254328250885 reg_loss 0.03032362461090088
+-------+--------------------+--------------------+---------------+------------------------------------+------------------------------------+------------------------------------+------------------------------------+
| Epoch |  training time(s)  |   tesing time(s)   |      Loss     |               recall               |                ndcg                |             precision              |             hit_ratio              |
+-------+--------------------+--------------------+---------------+------------------------------------+------------------------------------+------------------------------------+------------------------------------+
|   31  | 41.810436487197876 | 166.52760696411133 | 80.7451171875 | [0.07129682 0.10021248 0.12031741] | [0.03343427 0.03961556 0.04335384] | [0.00416621 0.00297074 0.00240013] | [0.08135238 0.11487232 0.13802328] |
|   31  | 41.810436487197876 | 148.99414587020874 | 80.7451171875 | [0.01562723 0.02534441 0.03339449] | [0.00644404 0.00846017 0.00992109] | [0.00081864 0.0006742  0.00060265] | [0.01629897 0.0267906  0.03578975] |
+-------+--------------------+--------------------+---------------+------------------------------------+------------------------------------+------------------------------------+------------------------------------+
epoch: 32 s: 0 batch_loss 0.2192753702402115 BPR_loss 0.18875166773796082 reg_loss 0.030523698776960373
epoch: 32 s: 256000 batch_loss 0.2258327454328537 BPR_loss 0.19497287273406982 reg_loss 0.030859872698783875
epoch: 32 s: 512000 batch_loss 0.22203662991523743 BPR_loss 0.19114193320274353 reg_loss 0.03089469112455845
+-------+-------------------+--------------------+-------------------+------------------------------------+------------------------------------+------------------------------------+------------------------------------+
| Epoch |  training time(s) |   tesing time(s)   |        Loss       |               recall               |                ndcg                |             precision              |             hit_ratio              |
+-------+-------------------+--------------------+-------------------+------------------------------------+------------------------------------+------------------------------------+------------------------------------+
|   32  | 42.15546536445618 | 166.87607169151306 | 79.48645782470703 | [0.07117549 0.09993062 0.12010564] | [0.03343673 0.03959136 0.0433432 ] | [0.00415724 0.00296557 0.00239714] | [0.08120071 0.1146517  0.13773372] |
|   32  | 42.15546536445618 | 148.9757068157196  | 79.48645782470703 | [0.01559275 0.0253124  0.03338895] | [0.00640768 0.00842823 0.00989316] | [0.00081716 0.00067383 0.0006029 ] | [0.01626941 0.02677582 0.03581931] |
+-------+-------------------+--------------------+-------------------+------------------------------------+------------------------------------+------------------------------------+------------------------------------+
epoch: 33 s: 0 batch_loss 0.22009959816932678 BPR_loss 0.18891935050487518 reg_loss 0.031180255115032196
epoch: 33 s: 256000 batch_loss 0.2200462967157364 BPR_loss 0.18885807693004608 reg_loss 0.031188221648335457
epoch: 33 s: 512000 batch_loss 0.21542122960090637 BPR_loss 0.18423247337341309 reg_loss 0.031188752502202988
+-------+-------------------+--------------------+-------------------+------------------------------------+------------------------------------+------------------------------------+------------------------------------+
| Epoch |  training time(s) |   tesing time(s)   |        Loss       |               recall               |                ndcg                |             precision              |             hit_ratio              |
+-------+-------------------+--------------------+-------------------+------------------------------------+------------------------------------+------------------------------------+------------------------------------+
|   33  | 42.03589487075806 | 156.39768934249878 | 78.31547546386719 | [0.07099368 0.0996024  0.11960504] | [0.03335666 0.03946957 0.0431972 ] | [0.00414966 0.00295282 0.0023884 ] | [0.08106282 0.11415531 0.13722354] |
|   33  | 42.03589487075806 | 149.00115299224854 | 78.31547546386719 | [0.01573806 0.02535427 0.03334203] | [0.00650159 0.00849966 0.0099479 ] | [0.00082455 0.00067568 0.00060265] | [0.01641718 0.0268497  0.03577498] |
+-------+-------------------+--------------------+-------------------+------------------------------------+------------------------------------+------------------------------------+------------------------------------+
epoch: 34 s: 0 batch_loss 0.21748802065849304 BPR_loss 0.18579226732254028 reg_loss 0.03169574588537216
epoch: 34 s: 256000 batch_loss 0.22098326683044434 BPR_loss 0.18935348093509674 reg_loss 0.03162979334592819
epoch: 34 s: 512000 batch_loss 0.21408948302268982 BPR_loss 0.18244320154190063 reg_loss 0.03164628520607948
+-------+--------------------+--------------------+-------------------+------------------------------------+------------------------------------+------------------------------------+------------------------------------+
| Epoch |  training time(s)  |   tesing time(s)   |        Loss       |               recall               |                ndcg                |             precision              |             hit_ratio              |
+-------+--------------------+--------------------+-------------------+------------------------------------+------------------------------------+------------------------------------+------------------------------------+
|   34  | 41.929970502853394 | 164.30335974693298 | 77.35682678222656 | [0.07073495 0.09926144 0.11915124] | [0.03327884 0.03937196 0.04307613] | [0.00413449 0.00294247 0.00237783] | [0.08077326 0.11376924 0.13661684] |
|   34  | 41.929970502853394 | 148.36401534080505 | 77.35682678222656 | [0.01582918 0.02522866 0.03312222] | [0.00651975 0.0084766  0.00991414] | [0.00082973 0.00067235 0.0005997 ] | [0.01652062 0.02671671 0.0355681 ] |
+-------+--------------------+--------------------+-------------------+------------------------------------+------------------------------------+------------------------------------+------------------------------------+
epoch: 35 s: 0 batch_loss 0.21793153882026672 BPR_loss 0.1860055923461914 reg_loss 0.03192593902349472
epoch: 35 s: 256000 batch_loss 0.22340255975723267 BPR_loss 0.191361665725708 reg_loss 0.03204088658094406
epoch: 35 s: 512000 batch_loss 0.22071552276611328 BPR_loss 0.18862326443195343 reg_loss 0.03209226578474045
+-------+--------------------+--------------------+-------------------+------------------------------------+------------------------------------+------------------------------------+------------------------------------+
| Epoch |  training time(s)  |   tesing time(s)   |        Loss       |               recall               |                ndcg                |             precision              |             hit_ratio              |
+-------+--------------------+--------------------+-------------------+------------------------------------+------------------------------------+------------------------------------+------------------------------------+
|   35  | 42.540565967559814 | 171.0313470363617  | 76.32359313964844 | [0.07076036 0.09909161 0.11895315] | [0.03324255 0.03929507 0.04299248] | [0.00413449 0.00293868 0.00237278] | [0.08075947 0.11353483 0.13641002] |
|   35  | 42.540565967559814 | 146.87163639068604 | 76.32359313964844 | [0.01579224 0.0252927  0.03327715] | [0.00651653 0.00848998 0.00994101] | [0.00082825 0.00067383 0.00060241] | [0.01649107 0.02677582 0.03573065] |
+-------+--------------------+--------------------+-------------------+------------------------------------+------------------------------------+------------------------------------+------------------------------------+
epoch: 36 s: 0 batch_loss 0.21365037560462952 BPR_loss 0.1814412772655487 reg_loss 0.03220910578966141
epoch: 36 s: 256000 batch_loss 0.2039642482995987 BPR_loss 0.1715361773967743 reg_loss 0.0324280746281147
epoch: 36 s: 512000 batch_loss 0.21097739040851593 BPR_loss 0.17855149507522583 reg_loss 0.0324258916079998
+-------+-------------------+--------------------+-------------------+------------------------------------+------------------------------------+------------------------------------+------------------------------------+
| Epoch |  training time(s) |   tesing time(s)   |        Loss       |               recall               |                ndcg                |             precision              |             hit_ratio              |
+-------+-------------------+--------------------+-------------------+------------------------------------+------------------------------------+------------------------------------+------------------------------------+
|   36  | 41.82366704940796 | 169.22058415412903 | 75.35299682617188 | [0.0704925  0.09876712 0.11886981] | [0.03313737 0.03918552 0.04292606] | [0.00411519 0.00293041 0.00237347] | [0.08031824 0.11328664 0.13635486] |
|   36  | 41.82366704940796 | 149.46316266059875 | 75.35299682617188 | [0.01573806 0.02535131 0.03333244] | [0.00646832 0.0084672  0.0099162 ] | [0.00082677 0.00067605 0.00060413] | [0.01646151 0.0268497  0.03581931] |
+-------+-------------------+--------------------+-------------------+------------------------------------+------------------------------------+------------------------------------+------------------------------------+
epoch: 37 s: 0 batch_loss 0.21079804003238678 BPR_loss 0.17811772227287292 reg_loss 0.032680314034223557
epoch: 37 s: 256000 batch_loss 0.2045038938522339 BPR_loss 0.1717917025089264 reg_loss 0.032712195068597794
epoch: 37 s: 512000 batch_loss 0.20424224436283112 BPR_loss 0.17138326168060303 reg_loss 0.03285897895693779
+-------+--------------------+--------------------+-------------------+------------------------------------+------------------------------------+------------------------------------+------------------------------------+
| Epoch |  training time(s)  |   tesing time(s)   |        Loss       |               recall               |                ndcg                |             precision              |             hit_ratio              |
+-------+--------------------+--------------------+-------------------+------------------------------------+------------------------------------+------------------------------------+------------------------------------+
|   37  | 42.606064558029175 | 169.44453358650208 | 74.54580688476562 | [0.07025174 0.09852524 0.1180821 ] | [0.03298555 0.03902918 0.04266491] | [0.00410623 0.00292489 0.00235623] | [0.08020793 0.11301087 0.13536209] |
|   37  | 42.606064558029175 | 147.39704942703247 | 74.54580688476562 | [0.01568634 0.02518175 0.03324909] | [0.0065064  0.00848077 0.00994983] | [0.00082455 0.00067124 0.00060364] | [0.01641718 0.02667238 0.03577498] |
+-------+--------------------+--------------------+-------------------+------------------------------------+------------------------------------+------------------------------------+------------------------------------+
epoch: 38 s: 0 batch_loss 0.20032162964344025 BPR_loss 0.16741600632667542 reg_loss 0.03290562704205513
epoch: 38 s: 256000 batch_loss 0.20260247588157654 BPR_loss 0.16935214400291443 reg_loss 0.03325033560395241
epoch: 38 s: 512000 batch_loss 0.20527105033397675 BPR_loss 0.17224779725074768 reg_loss 0.03302325680851936
+-------+------------------+--------------------+-------------------+------------------------------------+------------------------------------+------------------------------------+------------------------------------+
| Epoch | training time(s) |   tesing time(s)   |        Loss       |               recall               |                ndcg                |             precision              |             hit_ratio              |
+-------+------------------+--------------------+-------------------+------------------------------------+------------------------------------+------------------------------------+------------------------------------+
|   38  | 42.0553719997406 | 173.17471194267273 | 73.73040008544922 | [0.06991585 0.09798565 0.11746446] | [0.0329562  0.03896883 0.04259047] | [0.00408761 0.00291007 0.00234428] | [0.07978049 0.11243175 0.13472781] |
|   38  | 42.0553719997406 | 144.46971702575684 | 73.73040008544922 | [0.01573067 0.02523986 0.03315684] | [0.00650447 0.00848143 0.00992262] | [0.00082751 0.00067383 0.00060241] | [0.01647629 0.02677582 0.03568632] |
+-------+------------------+--------------------+-------------------+------------------------------------+------------------------------------+------------------------------------+------------------------------------+
epoch: 39 s: 0 batch_loss 0.19720526039600372 BPR_loss 0.16391631960868835 reg_loss 0.03328894078731537
epoch: 39 s: 256000 batch_loss 0.2164900302886963 BPR_loss 0.18300160765647888 reg_loss 0.033488426357507706
epoch: 39 s: 512000 batch_loss 0.20855867862701416 BPR_loss 0.1751251369714737 reg_loss 0.03343354910612106
+-------+-------------------+--------------------+------------------+------------------------------------+------------------------------------+------------------------------------+------------------------------------+
| Epoch |  training time(s) |   tesing time(s)   |       Loss       |               recall               |                ndcg                |             precision              |             hit_ratio              |
+-------+-------------------+--------------------+------------------+------------------------------------+------------------------------------+------------------------------------+------------------------------------+
|   39  | 42.99383187294006 | 167.6911220550537  | 72.7950668334961 | [0.06968114 0.09769165 0.11701272] | [0.03284066 0.03884668 0.04244025] | [0.00407451 0.0029018  0.00233532] | [0.0795185  0.11208703 0.13419006] |
|   39  | 42.99383187294006 | 144.03387117385864 | 72.7950668334961 | [0.01582672 0.02526511 0.03324457] | [0.00652993 0.00849203 0.00994331] | [0.0008312  0.0006742  0.00060364] | [0.01655018 0.0267906  0.03577498] |
+-------+-------------------+--------------------+------------------+------------------------------------+------------------------------------+------------------------------------+------------------------------------+
epoch: 40 s: 0 batch_loss 0.19946622848510742 BPR_loss 0.16598379611968994 reg_loss 0.03348243981599808
epoch: 40 s: 256000 batch_loss 0.2048901915550232 BPR_loss 0.17140647768974304 reg_loss 0.03348372131586075
epoch: 40 s: 512000 batch_loss 0.20056618750095367 BPR_loss 0.1668505072593689 reg_loss 0.03371567651629448
+-------+-------------------+--------------------+-------------------+------------------------------------+------------------------------------+------------------------------------+------------------------------------+
| Epoch |  training time(s) |   tesing time(s)   |        Loss       |               recall               |                ndcg                |             precision              |             hit_ratio              |
+-------+-------------------+--------------------+-------------------+------------------------------------+------------------------------------+------------------------------------+------------------------------------+
|   40  | 42.67375421524048 | 160.98020839691162 | 72.14664459228516 | [0.06943601 0.09742368 0.1168642 ] | [0.03265029 0.03864541 0.04226598] | [0.00406004 0.00288904 0.00233394] | [0.07924273 0.11161822 0.13407975] |
|   40  | 42.67375421524048 | 143.37224078178406 | 72.14664459228516 | [0.01572328 0.02513051 0.03302365] | [0.0065094  0.00846983 0.00990921] | [0.00082455 0.00067087 0.00060068] | [0.01641718 0.0266576  0.0355681 ] |
+-------+-------------------+--------------------+-------------------+------------------------------------+------------------------------------+------------------------------------+------------------------------------+
epoch: 41 s: 0 batch_loss 0.20067545771598816 BPR_loss 0.16694462299346924 reg_loss 0.03373083472251892
epoch: 41 s: 256000 batch_loss 0.19852536916732788 BPR_loss 0.16459989547729492 reg_loss 0.03392547741532326
epoch: 41 s: 512000 batch_loss 0.19657614827156067 BPR_loss 0.1623886674642563 reg_loss 0.034187477082014084
+-------+-------------------+--------------------+-------------------+------------------------------------+------------------------------------+------------------------------------+------------------------------------+
| Epoch |  training time(s) |   tesing time(s)   |        Loss       |               recall               |                ndcg                |             precision              |             hit_ratio              |
+-------+-------------------+--------------------+-------------------+------------------------------------+------------------------------------+------------------------------------+------------------------------------+
|   41  | 43.01341795921326 | 167.94600415229797 | 71.38328552246094 | [0.06973837 0.09722881 0.11661302] | [0.0328569  0.03874614 0.04235793] | [0.00408141 0.00288766 0.00233164] | [0.07972533 0.11148034 0.13383156] |
|   41  | 43.01341795921326 | 140.97482299804688 | 71.38328552246094 | [0.0158218  0.02512239 0.03296479] | [0.00652659 0.00846409 0.00989211] | [0.0008312  0.00067198 0.00059945] | [0.01655018 0.02670193 0.03549421] |
+-------+-------------------+--------------------+-------------------+------------------------------------+------------------------------------+------------------------------------+------------------------------------+
epoch: 42 s: 0 batch_loss 0.19127337634563446 BPR_loss 0.15728192031383514 reg_loss 0.03399145230650902
epoch: 42 s: 256000 batch_loss 0.19898433983325958 BPR_loss 0.1651257425546646 reg_loss 0.03385860100388527
epoch: 42 s: 512000 batch_loss 0.19948738813400269 BPR_loss 0.16495437920093536 reg_loss 0.03453300520777702
+-------+--------------------+--------------------+-------------------+------------------------------------+------------------------------------+------------------------------------+------------------------------------+
| Epoch |  training time(s)  |   tesing time(s)   |        Loss       |               recall               |                ndcg                |             precision              |             hit_ratio              |
+-------+--------------------+--------------------+-------------------+------------------------------------+------------------------------------+------------------------------------+------------------------------------+
|   42  | 42.457322120666504 | 161.05231714248657 | 70.77356719970703 | [0.06961988 0.09688035 0.11619908] | [0.03268886 0.03852814 0.04212237] | [0.00407244 0.00288043 0.00232268] | [0.07947714 0.11124593 0.13328002] |
|   42  | 42.457322120666504 | 144.0038685798645  | 70.77356719970703 | [0.01585135 0.0250953  0.03300087] | [0.00653228 0.00845527 0.00989395] | [0.00083342 0.00067087 0.00060019] | [0.01659451 0.0266576  0.03552377] |
+-------+--------------------+--------------------+-------------------+------------------------------------+------------------------------------+------------------------------------+------------------------------------+
epoch: 43 s: 0 batch_loss 0.19092094898223877 BPR_loss 0.15646541118621826 reg_loss 0.034455545246601105
epoch: 43 s: 256000 batch_loss 0.2040800154209137 BPR_loss 0.1696024239063263 reg_loss 0.034477584064006805
epoch: 43 s: 512000 batch_loss 0.20402367413043976 BPR_loss 0.16923587024211884 reg_loss 0.034787800163030624
+-------+------------------+--------------------+-------------------+------------------------------------+------------------------------------+------------------------------------+------------------------------------+
| Epoch | training time(s) |   tesing time(s)   |        Loss       |               recall               |                ndcg                |             precision              |             hit_ratio              |
+-------+------------------+--------------------+-------------------+------------------------------------+------------------------------------+------------------------------------+------------------------------------+
|   43  | 42.1910605430603 | 159.09098863601685 | 70.13680267333984 | [0.06901962 0.09657072 0.1156541 ] | [0.03246061 0.03835636 0.04191448] | [0.00404142 0.00287008 0.00231372] | [0.0789256  0.11081849 0.13278363] |
|   43  | 42.1910605430603 | 136.73151063919067 | 70.13680267333984 | [0.01573806 0.02496354 0.03290482] | [0.00650249 0.00842549 0.00987116] | [0.00082751 0.00066718 0.00059822] | [0.01647629 0.02652461 0.03543511] |
+-------+------------------+--------------------+-------------------+------------------------------------+------------------------------------+------------------------------------+------------------------------------+
epoch: 44 s: 0 batch_loss 0.19365334510803223 BPR_loss 0.15911337733268738 reg_loss 0.03453996777534485
epoch: 44 s: 256000 batch_loss 0.199306458234787 BPR_loss 0.1646248996257782 reg_loss 0.034681566059589386
epoch: 44 s: 512000 batch_loss 0.18963465094566345 BPR_loss 0.15473370254039764 reg_loss 0.034900955855846405
+-------+-------------------+--------------------+-------------------+------------------------------------+------------------------------------+------------------------------------+------------------------------------+
| Epoch |  training time(s) |   tesing time(s)   |        Loss       |               recall               |                ndcg                |             precision              |             hit_ratio              |
+-------+-------------------+--------------------+-------------------+------------------------------------+------------------------------------+------------------------------------+------------------------------------+
|   44  | 43.02008819580078 |  163.790589094162  | 69.54721069335938 | [0.06894769 0.09664246 0.11521681] | [0.03242352 0.03833677 0.0417976 ] | [0.00404004 0.00287215 0.0023059 ] | [0.07889802 0.11090122 0.13228724] |
|   44  | 43.02008819580078 | 142.00706267356873 | 69.54721069335938 | [0.01578978 0.02488989 0.03293277] | [0.00653111 0.00842561 0.00989207] | [0.0008312  0.00066533 0.00059945] | [0.01655018 0.02645073 0.03546466] |
+-------+-------------------+--------------------+-------------------+------------------------------------+------------------------------------+------------------------------------+------------------------------------+
epoch: 45 s: 0 batch_loss 0.18544511497020721 BPR_loss 0.15068510174751282 reg_loss 0.0347600132226944
epoch: 45 s: 256000 batch_loss 0.19462478160858154 BPR_loss 0.15960581600666046 reg_loss 0.03501896560192108
epoch: 45 s: 512000 batch_loss 0.19326597452163696 BPR_loss 0.15848878026008606 reg_loss 0.0347771942615509
+-------+-------------------+--------------------+-------------------+------------------------------------+------------------------------------+------------------------------------+------------------------------------+
| Epoch |  training time(s) |   tesing time(s)   |        Loss       |               recall               |                ndcg                |             precision              |             hit_ratio              |
+-------+-------------------+--------------------+-------------------+------------------------------------+------------------------------------+------------------------------------+------------------------------------+
|   45  | 42.89825487136841 | 164.73782777786255 | 68.96343994140625 | [0.06856688 0.09610666 0.11491122] | [0.03221964 0.03811764 0.04161821] | [0.00400971 0.00285664 0.00229855] | [0.07829132 0.1103221  0.13191495] |
|   45  | 42.89825487136841 | 139.02549934387207 | 68.96343994140625 | [0.01573067 0.02490762 0.03294878] | [0.00650988 0.0084174  0.00988173] | [0.00082825 0.00066644 0.00060019] | [0.01649107 0.02649506 0.03550899] |
+-------+-------------------+--------------------+-------------------+------------------------------------+------------------------------------+------------------------------------+------------------------------------+
epoch: 46 s: 0 batch_loss 0.19070690870285034 BPR_loss 0.15570831298828125 reg_loss 0.034998588263988495
epoch: 46 s: 256000 batch_loss 0.18899428844451904 BPR_loss 0.1537100076675415 reg_loss 0.03528428077697754
epoch: 46 s: 512000 batch_loss 0.18811054527759552 BPR_loss 0.1528002917766571 reg_loss 0.03531024977564812
+-------+--------------------+--------------------+-------------------+------------------------------------+------------------------------------+------------------------------------+------------------------------------+
| Epoch |  training time(s)  |   tesing time(s)   |        Loss       |               recall               |                ndcg                |             precision              |             hit_ratio              |
+-------+--------------------+--------------------+-------------------+------------------------------------+------------------------------------+------------------------------------+------------------------------------+
|   46  | 43.437796115875244 | 169.42900896072388 | 68.41214752197266 | [0.06854793 0.09590647 0.1143226 ] | [0.03214323 0.03799855 0.0414308 ] | [0.00401315 0.00285113 0.00228752] | [0.07834648 0.1100877  0.13130826] |
|   46  | 43.437796115875244 | 138.20149731636047 | 68.41214752197266 | [0.01564016 0.02489704 0.03275145] | [0.00650118 0.0084227  0.00985341] | [0.00082308 0.00066533 0.00059551] | [0.01637285 0.0264655  0.03527256] |
+-------+--------------------+--------------------+-------------------+------------------------------------+------------------------------------+------------------------------------+------------------------------------+
epoch: 47 s: 0 batch_loss 0.19231830537319183 BPR_loss 0.15706339478492737 reg_loss 0.03525490686297417
epoch: 47 s: 256000 batch_loss 0.192478209733963 BPR_loss 0.15683671832084656 reg_loss 0.035641495138406754
epoch: 47 s: 512000 batch_loss 0.1942213773727417 BPR_loss 0.1584768146276474 reg_loss 0.035744570195674896
+-------+--------------------+--------------------+-------------------+------------------------------------+------------------------------------+------------------------------------+------------------------------------+
| Epoch |  training time(s)  |   tesing time(s)   |        Loss       |               recall               |                ndcg                |             precision              |             hit_ratio              |
+-------+--------------------+--------------------+-------------------+------------------------------------+------------------------------------+------------------------------------+------------------------------------+
|   47  | 43.945361852645874 | 162.33201932907104 | 67.95636749267578 | [0.06825899 0.0954694  0.11380483] | [0.03204491 0.03786307 0.0412764 ] | [0.00400074 0.00283734 0.00227557] | [0.07805692 0.10954994 0.13057746] |
|   47  | 43.945361852645874 | 137.1173026561737  | 67.95636749267578 | [0.01568449 0.02480431 0.03278547] | [0.00648793 0.00838347 0.00983894] | [0.00082455 0.00066201 0.0005965 ] | [0.01640241 0.02631773 0.03533167] |
+-------+--------------------+--------------------+-------------------+------------------------------------+------------------------------------+------------------------------------+------------------------------------+
epoch: 48 s: 0 batch_loss 0.18562527000904083 BPR_loss 0.14991740882396698 reg_loss 0.035707857459783554
epoch: 48 s: 256000 batch_loss 0.1847962737083435 BPR_loss 0.14904117584228516 reg_loss 0.03575510531663895
epoch: 48 s: 512000 batch_loss 0.19501052796840668 BPR_loss 0.15913069248199463 reg_loss 0.03587983921170235
+-------+--------------------+-------------------+-------------------+------------------------------------+------------------------------------+------------------------------------+------------------------------------+
| Epoch |  training time(s)  |   tesing time(s)  |        Loss       |               recall               |                ndcg                |             precision              |             hit_ratio              |
+-------+--------------------+-------------------+-------------------+------------------------------------+------------------------------------+------------------------------------+------------------------------------+
|   48  | 43.323344469070435 | 163.4781687259674 | 67.39280700683594 | [0.0681057  0.09502586 0.1133185 ] | [0.0320197  0.03777288 0.04118723] | [0.00399178 0.00282424 0.00226821] | [0.07793282 0.10903977 0.13008108] |
|   48  | 43.323344469070435 | 140.7784399986267 | 67.39280700683594 | [0.01563524 0.0246947  0.03267473] | [0.00645628 0.00833991 0.00979368] | [0.00082086 0.00066053 0.00059428] | [0.01632852 0.02625863 0.03519868] |
+-------+--------------------+-------------------+-------------------+------------------------------------+------------------------------------+------------------------------------+------------------------------------+
epoch: 49 s: 0 batch_loss 0.1787651926279068 BPR_loss 0.1427079737186432 reg_loss 0.03605721518397331
epoch: 49 s: 256000 batch_loss 0.18548421561717987 BPR_loss 0.1495921015739441 reg_loss 0.03589211776852608
epoch: 49 s: 512000 batch_loss 0.18836048245429993 BPR_loss 0.1525145322084427 reg_loss 0.03584594279527664
+-------+-------------------+--------------------+-------------------+------------------------------------+------------------------------------+------------------------------------+------------------------------------+
| Epoch |  training time(s) |   tesing time(s)   |        Loss       |               recall               |                ndcg                |             precision              |             hit_ratio              |
+-------+-------------------+--------------------+-------------------+------------------------------------+------------------------------------+------------------------------------+------------------------------------+
|   49  | 41.23836708068848 | 128.8843994140625  | 66.89703369140625 | [0.06805872 0.09483704 0.11315028] | [0.03201513 0.03773071 0.04115013] | [0.00399109 0.00281734 0.00226431] | [0.07787767 0.10869505 0.12981909] |
|   49  | 41.23836708068848 | 106.41958975791931 | 66.89703369140625 | [0.01551209 0.02474742 0.03254924] | [0.00646694 0.00838361 0.00980812] | [0.00081569 0.00066201 0.00059305] | [0.01622508 0.02631773 0.03509524] |
+-------+-------------------+--------------------+-------------------+------------------------------------+------------------------------------+------------------------------------+------------------------------------+
epoch: 50 s: 0 batch_loss 0.18684148788452148 BPR_loss 0.15059109032154083 reg_loss 0.03625039756298065
epoch: 50 s: 256000 batch_loss 0.18473923206329346 BPR_loss 0.14841404557228088 reg_loss 0.03632519021630287
epoch: 50 s: 512000 batch_loss 0.1854424774646759 BPR_loss 0.14928936958312988 reg_loss 0.03615311533212662
+-------+--------------------+--------------------+-------------------+------------------------------------+------------------------------------+------------------------------------+------------------------------------+
| Epoch |  training time(s)  |   tesing time(s)   |        Loss       |               recall               |                ndcg                |             precision              |             hit_ratio              |
+-------+--------------------+--------------------+-------------------+------------------------------------+------------------------------------+------------------------------------+------------------------------------+
|   50  | 40.900749921798706 | 110.22437357902527 | 66.55496978759766 | [0.06776181 0.09493749 0.11264648] | [0.03191266 0.03771379 0.04101443] | [0.00396903 0.00282182 0.00225282] | [0.07743643 0.1088743  0.12917103] |
|   50  | 40.900749921798706 | 107.77286148071289 | 66.55496978759766 | [0.0155435  0.02452082 0.03246161] | [0.00642715 0.00829684 0.00974594] | [0.0008179  0.00065757 0.00059132] | [0.01628419 0.02614041 0.0349918 ] |
+-------+--------------------+--------------------+-------------------+------------------------------------+------------------------------------+------------------------------------+------------------------------------+
epoch: 51 s: 0 batch_loss 0.17747467756271362 BPR_loss 0.14103780686855316 reg_loss 0.03643686696887016
epoch: 51 s: 256000 batch_loss 0.17931918799877167 BPR_loss 0.1431644856929779 reg_loss 0.03615470230579376
epoch: 51 s: 512000 batch_loss 0.1867085099220276 BPR_loss 0.15030723810195923 reg_loss 0.03640127554535866
+-------+-------------------+--------------------+-------------------+------------------------------------+------------------------------------+------------------------------------+------------------------------------+
| Epoch |  training time(s) |   tesing time(s)   |        Loss       |               recall               |                ndcg                |             precision              |             hit_ratio              |
+-------+-------------------+--------------------+-------------------+------------------------------------+------------------------------------+------------------------------------+------------------------------------+
|   51  | 40.99199295043945 | 109.72221851348877 | 66.14519500732422 | [0.06737218 0.09467987 0.11266796] | [0.03180071 0.03763651 0.04099464] | [0.0039518  0.00281527 0.00225695] | [0.07707793 0.10861232 0.12930892] |
|   51  | 40.99199295043945 | 104.88357734680176 | 66.14519500732422 | [0.01548993 0.02446259 0.03245757] | [0.00642584 0.00829635 0.00975463] | [0.00081421 0.00065573 0.00059132] | [0.01621031 0.02605175 0.03497702] |
+-------+-------------------+--------------------+-------------------+------------------------------------+------------------------------------+------------------------------------+------------------------------------+
epoch: 52 s: 0 batch_loss 0.17886245250701904 BPR_loss 0.1423553228378296 reg_loss 0.036507122218608856
epoch: 52 s: 256000 batch_loss 0.18450510501861572 BPR_loss 0.1481758952140808 reg_loss 0.03632920980453491
epoch: 52 s: 512000 batch_loss 0.17980077862739563 BPR_loss 0.14289158582687378 reg_loss 0.03690918907523155
+-------+-------------------+--------------------+------------------+------------------------------------+------------------------------------+------------------------------------+------------------------------------+
| Epoch |  training time(s) |   tesing time(s)   |       Loss       |               recall               |                ndcg                |             precision              |             hit_ratio              |
+-------+-------------------+--------------------+------------------+------------------------------------+------------------------------------+------------------------------------+------------------------------------+
|   52  | 40.87904405593872 | 108.51204657554626 | 65.8011474609375 | [0.06719195 0.09446033 0.11226334] | [0.03170459 0.03753272 0.04085761] | [0.00394214 0.00280976 0.00225006] | [0.07691247 0.1083917  0.12886769] |
|   52  | 40.87904405593872 | 102.51280450820923 | 65.8011474609375 | [0.01554411 0.02450791 0.03232925] | [0.00644017 0.00830748 0.00973675] | [0.0008179  0.00065794 0.00059009] | [0.01628419 0.02612563 0.03491791] |
+-------+-------------------+--------------------+------------------+------------------------------------+------------------------------------+------------------------------------+------------------------------------+
Early stopping is trigger at step: 10 log:0.015544111634871625
early stopping at 52, recall@20:0.0159
